[2024-10-29 19:42:26] [info] Administrador con ID 1 ha iniciado sesión exitosamente
[2024-10-29 19:42:26] [info] Iniciando actualización de estados de eventos. Fecha actual: 2024-10-29 19:42:26
[2024-10-29 19:42:26] [info] Eventos actualizados de 'en espera' a 'activos': 0
[2024-10-29 19:42:26] [info] Eventos actualizados de 'activos' a 'finalizados': 0
[2024-10-29 19:42:26] [info] Resumen de actualización:
[2024-10-29 19:42:26] [info] Total de eventos actualizados: 0
[2024-10-29 19:42:26] [info] Evento ID: 1, Nombre: Microsoft, Inicio: 2024-10-09 00:00:00, Fin: 2024-10-09 23:32:00, Estado: 3
[2024-10-29 19:42:26] [info] Evento ID: 2, Nombre: Perdiendo la Cabeza, Inicio: 2024-10-09 13:11:00, Fin: 2024-10-09 14:08:00, Estado: 3
[2024-10-29 19:42:26] [info] Evento ID: 3, Nombre: Col. Don Bosco, Inicio: 2024-10-09 13:12:00, Fin: 2024-10-09 13:15:00, Estado: 3
[2024-10-29 19:42:26] [info] Evento ID: 4, Nombre: El Diario, Inicio: 2024-10-10 10:01:00, Fin: 2024-10-24 20:00:00, Estado: 3
[2024-10-29 19:42:26] [info] Evento ID: 5, Nombre: judith, Inicio: 2024-10-24 18:52:00, Fin: 2024-10-24 19:00:00, Estado: 3
[2024-10-29 19:42:26] [info] Evento ID: 6, Nombre: New, Inicio: 2024-10-24 22:50:00, Fin: 2024-10-31 22:47:00, Estado: 2
[2024-10-29 20:21:11] [info] Iniciando actualización de estados de eventos. Fecha actual: 2024-10-29 20:21:11
[2024-10-29 20:21:11] [info] Eventos actualizados de 'en espera' a 'activos': 0
[2024-10-29 20:21:11] [info] Eventos actualizados de 'activos' a 'finalizados': 0
[2024-10-29 20:21:11] [info] Resumen de actualización:
[2024-10-29 20:21:11] [info] Total de eventos actualizados: 0
[2024-10-29 20:21:11] [info] Evento ID: 1, Nombre: Microsoft, Inicio: 2024-10-09 00:00:00, Fin: 2024-10-09 23:32:00, Estado: 3
[2024-10-29 20:21:11] [info] Evento ID: 2, Nombre: Perdiendo la Cabeza, Inicio: 2024-10-09 13:11:00, Fin: 2024-10-09 14:08:00, Estado: 3
[2024-10-29 20:21:11] [info] Evento ID: 3, Nombre: Col. Don Bosco, Inicio: 2024-10-09 13:12:00, Fin: 2024-10-09 13:15:00, Estado: 3
[2024-10-29 20:21:11] [info] Evento ID: 4, Nombre: El Diario, Inicio: 2024-10-10 10:01:00, Fin: 2024-10-24 20:00:00, Estado: 3
[2024-10-29 20:21:11] [info] Evento ID: 5, Nombre: judith, Inicio: 2024-10-24 18:52:00, Fin: 2024-10-24 19:00:00, Estado: 3
[2024-10-29 20:21:11] [info] Evento ID: 6, Nombre: New, Inicio: 2024-10-24 22:50:00, Fin: 2024-10-31 22:47:00, Estado: 2
[2024-10-29 20:21:17] [info] Iniciando actualización de estados de eventos. Fecha actual: 2024-10-29 20:21:17
[2024-10-29 20:21:17] [info] Eventos actualizados de 'en espera' a 'activos': 0
[2024-10-29 20:21:17] [info] Eventos actualizados de 'activos' a 'finalizados': 0
[2024-10-29 20:21:17] [info] Resumen de actualización:
[2024-10-29 20:21:17] [info] Total de eventos actualizados: 0
[2024-10-29 20:21:17] [info] Evento ID: 1, Nombre: Microsoft, Inicio: 2024-10-09 00:00:00, Fin: 2024-10-09 23:32:00, Estado: 3
[2024-10-29 20:21:17] [info] Evento ID: 2, Nombre: Perdiendo la Cabeza, Inicio: 2024-10-09 13:11:00, Fin: 2024-10-09 14:08:00, Estado: 3
[2024-10-29 20:21:17] [info] Evento ID: 3, Nombre: Col. Don Bosco, Inicio: 2024-10-09 13:12:00, Fin: 2024-10-09 13:15:00, Estado: 3
[2024-10-29 20:21:17] [info] Evento ID: 4, Nombre: El Diario, Inicio: 2024-10-10 10:01:00, Fin: 2024-10-24 20:00:00, Estado: 3
[2024-10-29 20:21:17] [info] Evento ID: 5, Nombre: judith, Inicio: 2024-10-24 18:52:00, Fin: 2024-10-24 19:00:00, Estado: 3
[2024-10-29 20:21:17] [info] Evento ID: 6, Nombre: New, Inicio: 2024-10-24 22:50:00, Fin: 2024-10-31 22:47:00, Estado: 2
[2024-10-29 20:21:49] [info] Administrador con ID 1 ha iniciado sesión exitosamente
[2024-10-29 20:21:49] [info] Iniciando actualización de estados de eventos. Fecha actual: 2024-10-29 20:21:49
[2024-10-29 20:21:49] [info] Eventos actualizados de 'en espera' a 'activos': 0
[2024-10-29 20:21:49] [info] Eventos actualizados de 'activos' a 'finalizados': 0
[2024-10-29 20:21:49] [info] Resumen de actualización:
[2024-10-29 20:21:49] [info] Total de eventos actualizados: 0
[2024-10-29 20:21:49] [info] Evento ID: 1, Nombre: Microsoft, Inicio: 2024-10-09 00:00:00, Fin: 2024-10-09 23:32:00, Estado: 3
[2024-10-29 20:21:49] [info] Evento ID: 2, Nombre: Perdiendo la Cabeza, Inicio: 2024-10-09 13:11:00, Fin: 2024-10-09 14:08:00, Estado: 3
[2024-10-29 20:21:49] [info] Evento ID: 3, Nombre: Col. Don Bosco, Inicio: 2024-10-09 13:12:00, Fin: 2024-10-09 13:15:00, Estado: 3
[2024-10-29 20:21:49] [info] Evento ID: 4, Nombre: El Diario, Inicio: 2024-10-10 10:01:00, Fin: 2024-10-24 20:00:00, Estado: 3
[2024-10-29 20:21:49] [info] Evento ID: 5, Nombre: judith, Inicio: 2024-10-24 18:52:00, Fin: 2024-10-24 19:00:00, Estado: 3
[2024-10-29 20:21:49] [info] Evento ID: 6, Nombre: New, Inicio: 2024-10-24 22:50:00, Fin: 2024-10-31 22:47:00, Estado: 2
[2024-10-29 20:22:10] [info] Iniciando actualización de estados de eventos. Fecha actual: 2024-10-29 20:22:10
[2024-10-29 20:22:10] [info] Eventos actualizados de 'en espera' a 'activos': 0
[2024-10-29 20:22:10] [info] Eventos actualizados de 'activos' a 'finalizados': 0
[2024-10-29 20:22:10] [info] Resumen de actualización:
[2024-10-29 20:22:10] [info] Total de eventos actualizados: 0
[2024-10-29 20:22:10] [info] Evento ID: 1, Nombre: Microsoft, Inicio: 2024-10-09 00:00:00, Fin: 2024-10-09 23:32:00, Estado: 3
[2024-10-29 20:22:10] [info] Evento ID: 2, Nombre: Perdiendo la Cabeza, Inicio: 2024-10-09 13:11:00, Fin: 2024-10-09 14:08:00, Estado: 3
[2024-10-29 20:22:10] [info] Evento ID: 3, Nombre: Col. Don Bosco, Inicio: 2024-10-09 13:12:00, Fin: 2024-10-09 13:15:00, Estado: 3
[2024-10-29 20:22:10] [info] Evento ID: 4, Nombre: El Diario, Inicio: 2024-10-10 10:01:00, Fin: 2024-10-24 20:00:00, Estado: 3
[2024-10-29 20:22:10] [info] Evento ID: 5, Nombre: judith, Inicio: 2024-10-24 18:52:00, Fin: 2024-10-24 19:00:00, Estado: 3
[2024-10-29 20:22:10] [info] Evento ID: 6, Nombre: New, Inicio: 2024-10-24 22:50:00, Fin: 2024-10-31 22:47:00, Estado: 2
[2024-10-29 20:32:26] [warning] Intento de inicio de sesión fallido para el usuario con CI: 1234567
[2024-10-29 20:32:32] [info] Administrador con ID 1 ha iniciado sesión exitosamente
[2024-10-29 20:32:32] [info] Iniciando actualización de estados de eventos. Fecha actual: 2024-10-29 20:32:32
[2024-10-29 20:32:32] [info] Eventos actualizados de 'en espera' a 'activos': 0
[2024-10-29 20:32:32] [info] Eventos actualizados de 'activos' a 'finalizados': 0
[2024-10-29 20:32:32] [info] Resumen de actualización:
[2024-10-29 20:32:32] [info] Total de eventos actualizados: 0
[2024-10-29 20:32:32] [info] Evento ID: 1, Nombre: Microsoft, Inicio: 2024-10-09 00:00:00, Fin: 2024-10-09 23:32:00, Estado: 3
[2024-10-29 20:32:32] [info] Evento ID: 2, Nombre: Perdiendo la Cabeza, Inicio: 2024-10-09 13:11:00, Fin: 2024-10-09 14:08:00, Estado: 3
[2024-10-29 20:32:32] [info] Evento ID: 3, Nombre: Col. Don Bosco, Inicio: 2024-10-09 13:12:00, Fin: 2024-10-09 13:15:00, Estado: 3
[2024-10-29 20:32:32] [info] Evento ID: 4, Nombre: El Diario, Inicio: 2024-10-10 10:01:00, Fin: 2024-10-24 20:00:00, Estado: 3
[2024-10-29 20:32:32] [info] Evento ID: 5, Nombre: judith, Inicio: 2024-10-24 18:52:00, Fin: 2024-10-24 19:00:00, Estado: 3
[2024-10-29 20:32:32] [info] Evento ID: 6, Nombre: New, Inicio: 2024-10-24 22:50:00, Fin: 2024-10-31 22:47:00, Estado: 2
