[2024-11-11 16:30:02] [info] Administrador con ID 1 ha iniciado sesión exitosamente
[2024-11-11 16:30:02] [info] Iniciando actualización de estados de eventos. Fecha actual: 2024-11-11 16:30:02
[2024-11-11 16:30:02] [info] Eventos finalizados actualizados: 1
[2024-11-11 16:30:02] [info] Jugadores actualizados a terminado: 0
[2024-11-11 16:30:02] [info] Eventos iniciados: 0
[2024-11-11 16:30:02] [info] Evento ID: 1, Nombre: Microsoft Corp, Jugadores terminados: 0/0
[2024-11-11 16:30:02] [info] Evento ID: 11, Nombre: Todos Santos, Jugadores terminados: 6/6
[2024-11-11 16:30:02] [info] Evento ID: 13, Nombre: Halloween, Jugadores terminados: 6/6
[2024-11-11 16:30:02] [info] Evento ID: 15, Nombre: Instituto ABC, Jugadores terminados: 3/3
[2024-11-11 16:30:02] [info] Evento ID: 16, Nombre: Sistemas UBI, Jugadores terminados: 1/1
[2024-11-11 16:30:33] [info] Iniciando actualización de estados de eventos. Fecha actual: 2024-11-11 16:30:33
[2024-11-11 16:30:33] [info] Eventos finalizados actualizados: 0
[2024-11-11 16:30:33] [info] Jugadores actualizados a terminado: 0
[2024-11-11 16:30:33] [info] Eventos iniciados: 0
[2024-11-11 16:30:33] [info] Evento ID: 1, Nombre: Microsoft Corp, Jugadores terminados: 0/0
[2024-11-11 16:30:33] [info] Evento ID: 11, Nombre: Todos Santos, Jugadores terminados: 6/6
[2024-11-11 16:30:33] [info] Evento ID: 13, Nombre: Halloween, Jugadores terminados: 6/6
[2024-11-11 16:30:33] [info] Evento ID: 15, Nombre: Instituto ABC, Jugadores terminados: 3/3
[2024-11-11 16:30:33] [info] Evento ID: 16, Nombre: Sistemas UBI, Jugadores terminados: 1/1
[2024-11-11 16:31:03] [info] Iniciando actualización de estados de eventos. Fecha actual: 2024-11-11 16:31:03
[2024-11-11 16:31:03] [info] Eventos finalizados actualizados: 0
[2024-11-11 16:31:03] [info] Jugadores actualizados a terminado: 0
[2024-11-11 16:31:03] [info] Eventos iniciados: 0
[2024-11-11 16:31:03] [info] Evento ID: 1, Nombre: Microsoft Corp, Jugadores terminados: 0/0
[2024-11-11 16:31:03] [info] Evento ID: 11, Nombre: Todos Santos, Jugadores terminados: 6/6
[2024-11-11 16:31:03] [info] Evento ID: 13, Nombre: Halloween, Jugadores terminados: 6/6
[2024-11-11 16:31:03] [info] Evento ID: 15, Nombre: Instituto ABC, Jugadores terminados: 3/3
[2024-11-11 16:31:03] [info] Evento ID: 16, Nombre: Sistemas UBI, Jugadores terminados: 1/1
[2024-11-11 16:31:33] [info] Iniciando actualización de estados de eventos. Fecha actual: 2024-11-11 16:31:33
[2024-11-11 16:31:33] [info] Eventos finalizados actualizados: 0
[2024-11-11 16:31:33] [info] Jugadores actualizados a terminado: 0
[2024-11-11 16:31:33] [info] Eventos iniciados: 0
[2024-11-11 16:31:33] [info] Evento ID: 1, Nombre: Microsoft Corp, Jugadores terminados: 0/0
[2024-11-11 16:31:33] [info] Evento ID: 11, Nombre: Todos Santos, Jugadores terminados: 6/6
[2024-11-11 16:31:33] [info] Evento ID: 13, Nombre: Halloween, Jugadores terminados: 6/6
[2024-11-11 16:31:33] [info] Evento ID: 15, Nombre: Instituto ABC, Jugadores terminados: 3/3
[2024-11-11 16:31:33] [info] Evento ID: 16, Nombre: Sistemas UBI, Jugadores terminados: 1/1
[2024-11-11 16:32:03] [info] Iniciando actualización de estados de eventos. Fecha actual: 2024-11-11 16:32:03
[2024-11-11 16:32:03] [info] Eventos finalizados actualizados: 0
[2024-11-11 16:32:03] [info] Jugadores actualizados a terminado: 0
[2024-11-11 16:32:03] [info] Eventos iniciados: 0
[2024-11-11 16:32:03] [info] Evento ID: 1, Nombre: Microsoft Corp, Jugadores terminados: 0/0
[2024-11-11 16:32:03] [info] Evento ID: 11, Nombre: Todos Santos, Jugadores terminados: 6/6
[2024-11-11 16:32:03] [info] Evento ID: 13, Nombre: Halloween, Jugadores terminados: 6/6
[2024-11-11 16:32:03] [info] Evento ID: 15, Nombre: Instituto ABC, Jugadores terminados: 3/3
[2024-11-11 16:32:03] [info] Evento ID: 16, Nombre: Sistemas UBI, Jugadores terminados: 1/1
[2024-11-11 16:32:35] [info] Iniciando actualización de estados de eventos. Fecha actual: 2024-11-11 16:32:35
[2024-11-11 16:32:35] [info] Eventos finalizados actualizados: 0
[2024-11-11 16:32:35] [info] Jugadores actualizados a terminado: 0
[2024-11-11 16:32:35] [info] Eventos iniciados: 0
[2024-11-11 16:32:35] [info] Evento ID: 1, Nombre: Microsoft Corp, Jugadores terminados: 0/0
[2024-11-11 16:32:35] [info] Evento ID: 11, Nombre: Todos Santos, Jugadores terminados: 6/6
[2024-11-11 16:32:35] [info] Evento ID: 13, Nombre: Halloween, Jugadores terminados: 6/6
[2024-11-11 16:32:35] [info] Evento ID: 15, Nombre: Instituto ABC, Jugadores terminados: 3/3
[2024-11-11 16:32:35] [info] Evento ID: 16, Nombre: Sistemas UBI, Jugadores terminados: 1/1
[2024-11-11 16:33:35] [info] Iniciando actualización de estados de eventos. Fecha actual: 2024-11-11 16:33:35
[2024-11-11 16:33:35] [info] Eventos finalizados actualizados: 0
[2024-11-11 16:33:35] [info] Jugadores actualizados a terminado: 0
[2024-11-11 16:33:35] [info] Eventos iniciados: 0
[2024-11-11 16:33:35] [info] Evento ID: 1, Nombre: Microsoft Corp, Jugadores terminados: 0/0
[2024-11-11 16:33:35] [info] Evento ID: 11, Nombre: Todos Santos, Jugadores terminados: 6/6
[2024-11-11 16:33:35] [info] Evento ID: 13, Nombre: Halloween, Jugadores terminados: 6/6
[2024-11-11 16:33:35] [info] Evento ID: 15, Nombre: Instituto ABC, Jugadores terminados: 3/3
[2024-11-11 16:33:35] [info] Evento ID: 16, Nombre: Sistemas UBI, Jugadores terminados: 1/1
[2024-11-11 16:34:35] [info] Iniciando actualización de estados de eventos. Fecha actual: 2024-11-11 16:34:35
[2024-11-11 16:34:35] [info] Eventos finalizados actualizados: 0
[2024-11-11 16:34:35] [info] Jugadores actualizados a terminado: 0
[2024-11-11 16:34:35] [info] Eventos iniciados: 0
[2024-11-11 16:34:35] [info] Evento ID: 1, Nombre: Microsoft Corp, Jugadores terminados: 0/0
[2024-11-11 16:34:35] [info] Evento ID: 11, Nombre: Todos Santos, Jugadores terminados: 6/6
[2024-11-11 16:34:35] [info] Evento ID: 13, Nombre: Halloween, Jugadores terminados: 6/6
[2024-11-11 16:34:35] [info] Evento ID: 15, Nombre: Instituto ABC, Jugadores terminados: 3/3
[2024-11-11 16:34:35] [info] Evento ID: 16, Nombre: Sistemas UBI, Jugadores terminados: 1/1
[2024-11-11 16:35:35] [info] Iniciando actualización de estados de eventos. Fecha actual: 2024-11-11 16:35:35
[2024-11-11 16:35:35] [info] Eventos finalizados actualizados: 0
[2024-11-11 16:35:35] [info] Jugadores actualizados a terminado: 0
[2024-11-11 16:35:35] [info] Eventos iniciados: 0
[2024-11-11 16:35:35] [info] Evento ID: 1, Nombre: Microsoft Corp, Jugadores terminados: 0/0
[2024-11-11 16:35:35] [info] Evento ID: 11, Nombre: Todos Santos, Jugadores terminados: 6/6
[2024-11-11 16:35:35] [info] Evento ID: 13, Nombre: Halloween, Jugadores terminados: 6/6
[2024-11-11 16:35:35] [info] Evento ID: 15, Nombre: Instituto ABC, Jugadores terminados: 3/3
[2024-11-11 16:35:35] [info] Evento ID: 16, Nombre: Sistemas UBI, Jugadores terminados: 1/1
[2024-11-11 16:36:35] [info] Iniciando actualización de estados de eventos. Fecha actual: 2024-11-11 16:36:35
[2024-11-11 16:36:35] [info] Eventos finalizados actualizados: 0
[2024-11-11 16:36:35] [info] Jugadores actualizados a terminado: 0
[2024-11-11 16:36:35] [info] Eventos iniciados: 0
[2024-11-11 16:36:35] [info] Evento ID: 1, Nombre: Microsoft Corp, Jugadores terminados: 0/0
[2024-11-11 16:36:35] [info] Evento ID: 11, Nombre: Todos Santos, Jugadores terminados: 6/6
[2024-11-11 16:36:35] [info] Evento ID: 13, Nombre: Halloween, Jugadores terminados: 6/6
[2024-11-11 16:36:35] [info] Evento ID: 15, Nombre: Instituto ABC, Jugadores terminados: 3/3
[2024-11-11 16:36:35] [info] Evento ID: 16, Nombre: Sistemas UBI, Jugadores terminados: 1/1
[2024-11-11 16:37:35] [info] Iniciando actualización de estados de eventos. Fecha actual: 2024-11-11 16:37:35
[2024-11-11 16:37:35] [info] Eventos finalizados actualizados: 0
[2024-11-11 16:37:35] [info] Jugadores actualizados a terminado: 0
[2024-11-11 16:37:35] [info] Eventos iniciados: 0
[2024-11-11 16:37:35] [info] Evento ID: 1, Nombre: Microsoft Corp, Jugadores terminados: 0/0
[2024-11-11 16:37:35] [info] Evento ID: 11, Nombre: Todos Santos, Jugadores terminados: 6/6
[2024-11-11 16:37:35] [info] Evento ID: 13, Nombre: Halloween, Jugadores terminados: 6/6
[2024-11-11 16:37:35] [info] Evento ID: 15, Nombre: Instituto ABC, Jugadores terminados: 3/3
[2024-11-11 16:37:35] [info] Evento ID: 16, Nombre: Sistemas UBI, Jugadores terminados: 1/1
[2024-11-11 16:38:35] [info] Iniciando actualización de estados de eventos. Fecha actual: 2024-11-11 16:38:35
[2024-11-11 16:38:35] [info] Eventos finalizados actualizados: 0
[2024-11-11 16:38:35] [info] Jugadores actualizados a terminado: 0
[2024-11-11 16:38:35] [info] Eventos iniciados: 0
[2024-11-11 16:38:35] [info] Evento ID: 1, Nombre: Microsoft Corp, Jugadores terminados: 0/0
[2024-11-11 16:38:35] [info] Evento ID: 11, Nombre: Todos Santos, Jugadores terminados: 6/6
[2024-11-11 16:38:35] [info] Evento ID: 13, Nombre: Halloween, Jugadores terminados: 6/6
[2024-11-11 16:38:35] [info] Evento ID: 15, Nombre: Instituto ABC, Jugadores terminados: 3/3
[2024-11-11 16:38:35] [info] Evento ID: 16, Nombre: Sistemas UBI, Jugadores terminados: 1/1
[2024-11-11 16:39:35] [info] Iniciando actualización de estados de eventos. Fecha actual: 2024-11-11 16:39:35
[2024-11-11 16:39:35] [info] Eventos finalizados actualizados: 0
[2024-11-11 16:39:35] [info] Jugadores actualizados a terminado: 0
[2024-11-11 16:39:35] [info] Eventos iniciados: 0
[2024-11-11 16:39:35] [info] Evento ID: 1, Nombre: Microsoft Corp, Jugadores terminados: 0/0
[2024-11-11 16:39:35] [info] Evento ID: 11, Nombre: Todos Santos, Jugadores terminados: 6/6
[2024-11-11 16:39:35] [info] Evento ID: 13, Nombre: Halloween, Jugadores terminados: 6/6
[2024-11-11 16:39:35] [info] Evento ID: 15, Nombre: Instituto ABC, Jugadores terminados: 3/3
[2024-11-11 16:39:35] [info] Evento ID: 16, Nombre: Sistemas UBI, Jugadores terminados: 1/1
[2024-11-11 16:40:35] [info] Iniciando actualización de estados de eventos. Fecha actual: 2024-11-11 16:40:35
[2024-11-11 16:40:35] [info] Eventos finalizados actualizados: 0
[2024-11-11 16:40:35] [info] Jugadores actualizados a terminado: 0
[2024-11-11 16:40:35] [info] Eventos iniciados: 0
[2024-11-11 16:40:35] [info] Evento ID: 1, Nombre: Microsoft Corp, Jugadores terminados: 0/0
[2024-11-11 16:40:35] [info] Evento ID: 11, Nombre: Todos Santos, Jugadores terminados: 6/6
[2024-11-11 16:40:35] [info] Evento ID: 13, Nombre: Halloween, Jugadores terminados: 6/6
[2024-11-11 16:40:35] [info] Evento ID: 15, Nombre: Instituto ABC, Jugadores terminados: 3/3
[2024-11-11 16:40:35] [info] Evento ID: 16, Nombre: Sistemas UBI, Jugadores terminados: 1/1
[2024-11-11 16:41:35] [info] Iniciando actualización de estados de eventos. Fecha actual: 2024-11-11 16:41:35
[2024-11-11 16:41:35] [info] Eventos finalizados actualizados: 0
[2024-11-11 16:41:35] [info] Jugadores actualizados a terminado: 0
[2024-11-11 16:41:35] [info] Eventos iniciados: 0
[2024-11-11 16:41:35] [info] Evento ID: 1, Nombre: Microsoft Corp, Jugadores terminados: 0/0
[2024-11-11 16:41:35] [info] Evento ID: 11, Nombre: Todos Santos, Jugadores terminados: 6/6
[2024-11-11 16:41:35] [info] Evento ID: 13, Nombre: Halloween, Jugadores terminados: 6/6
[2024-11-11 16:41:35] [info] Evento ID: 15, Nombre: Instituto ABC, Jugadores terminados: 3/3
[2024-11-11 16:41:35] [info] Evento ID: 16, Nombre: Sistemas UBI, Jugadores terminados: 1/1
[2024-11-11 16:42:35] [info] Iniciando actualización de estados de eventos. Fecha actual: 2024-11-11 16:42:35
[2024-11-11 16:42:35] [info] Eventos finalizados actualizados: 0
[2024-11-11 16:42:35] [info] Jugadores actualizados a terminado: 0
[2024-11-11 16:42:35] [info] Eventos iniciados: 0
[2024-11-11 16:42:35] [info] Evento ID: 1, Nombre: Microsoft Corp, Jugadores terminados: 0/0
[2024-11-11 16:42:35] [info] Evento ID: 11, Nombre: Todos Santos, Jugadores terminados: 6/6
[2024-11-11 16:42:35] [info] Evento ID: 13, Nombre: Halloween, Jugadores terminados: 6/6
[2024-11-11 16:42:35] [info] Evento ID: 15, Nombre: Instituto ABC, Jugadores terminados: 3/3
[2024-11-11 16:42:35] [info] Evento ID: 16, Nombre: Sistemas UBI, Jugadores terminados: 1/1
[2024-11-11 16:43:35] [info] Iniciando actualización de estados de eventos. Fecha actual: 2024-11-11 16:43:35
[2024-11-11 16:43:35] [info] Eventos finalizados actualizados: 0
[2024-11-11 16:43:35] [info] Jugadores actualizados a terminado: 0
[2024-11-11 16:43:35] [info] Eventos iniciados: 0
[2024-11-11 16:43:35] [info] Evento ID: 1, Nombre: Microsoft Corp, Jugadores terminados: 0/0
[2024-11-11 16:43:35] [info] Evento ID: 11, Nombre: Todos Santos, Jugadores terminados: 6/6
[2024-11-11 16:43:35] [info] Evento ID: 13, Nombre: Halloween, Jugadores terminados: 6/6
[2024-11-11 16:43:35] [info] Evento ID: 15, Nombre: Instituto ABC, Jugadores terminados: 3/3
[2024-11-11 16:43:35] [info] Evento ID: 16, Nombre: Sistemas UBI, Jugadores terminados: 1/1
[2024-11-11 16:44:35] [info] Iniciando actualización de estados de eventos. Fecha actual: 2024-11-11 16:44:35
[2024-11-11 16:44:35] [info] Eventos finalizados actualizados: 0
[2024-11-11 16:44:35] [info] Jugadores actualizados a terminado: 0
[2024-11-11 16:44:35] [info] Eventos iniciados: 0
[2024-11-11 16:44:35] [info] Evento ID: 1, Nombre: Microsoft Corp, Jugadores terminados: 0/0
[2024-11-11 16:44:35] [info] Evento ID: 11, Nombre: Todos Santos, Jugadores terminados: 6/6
[2024-11-11 16:44:35] [info] Evento ID: 13, Nombre: Halloween, Jugadores terminados: 6/6
[2024-11-11 16:44:35] [info] Evento ID: 15, Nombre: Instituto ABC, Jugadores terminados: 3/3
[2024-11-11 16:44:35] [info] Evento ID: 16, Nombre: Sistemas UBI, Jugadores terminados: 1/1
[2024-11-11 16:45:35] [info] Iniciando actualización de estados de eventos. Fecha actual: 2024-11-11 16:45:35
[2024-11-11 16:45:35] [info] Eventos finalizados actualizados: 0
[2024-11-11 16:45:35] [info] Jugadores actualizados a terminado: 0
[2024-11-11 16:45:35] [info] Eventos iniciados: 0
[2024-11-11 16:45:35] [info] Evento ID: 1, Nombre: Microsoft Corp, Jugadores terminados: 0/0
[2024-11-11 16:45:35] [info] Evento ID: 11, Nombre: Todos Santos, Jugadores terminados: 6/6
[2024-11-11 16:45:35] [info] Evento ID: 13, Nombre: Halloween, Jugadores terminados: 6/6
[2024-11-11 16:45:35] [info] Evento ID: 15, Nombre: Instituto ABC, Jugadores terminados: 3/3
[2024-11-11 16:45:35] [info] Evento ID: 16, Nombre: Sistemas UBI, Jugadores terminados: 1/1
[2024-11-11 16:46:35] [info] Iniciando actualización de estados de eventos. Fecha actual: 2024-11-11 16:46:35
[2024-11-11 16:46:35] [info] Eventos finalizados actualizados: 0
[2024-11-11 16:46:35] [info] Jugadores actualizados a terminado: 0
[2024-11-11 16:46:35] [info] Eventos iniciados: 0
[2024-11-11 16:46:35] [info] Evento ID: 1, Nombre: Microsoft Corp, Jugadores terminados: 0/0
[2024-11-11 16:46:35] [info] Evento ID: 11, Nombre: Todos Santos, Jugadores terminados: 6/6
[2024-11-11 16:46:35] [info] Evento ID: 13, Nombre: Halloween, Jugadores terminados: 6/6
[2024-11-11 16:46:35] [info] Evento ID: 15, Nombre: Instituto ABC, Jugadores terminados: 3/3
[2024-11-11 16:46:35] [info] Evento ID: 16, Nombre: Sistemas UBI, Jugadores terminados: 1/1
[2024-11-11 16:47:44] [info] Iniciando actualización de estados de eventos. Fecha actual: 2024-11-11 16:47:44
[2024-11-11 16:47:44] [info] Eventos finalizados actualizados: 0
[2024-11-11 16:47:44] [info] Jugadores actualizados a terminado: 0
[2024-11-11 16:47:44] [info] Eventos iniciados: 0
[2024-11-11 16:47:44] [info] Evento ID: 1, Nombre: Microsoft Corp, Jugadores terminados: 0/0
[2024-11-11 16:47:44] [info] Evento ID: 11, Nombre: Todos Santos, Jugadores terminados: 6/6
[2024-11-11 16:47:44] [info] Evento ID: 13, Nombre: Halloween, Jugadores terminados: 6/6
[2024-11-11 16:47:44] [info] Evento ID: 15, Nombre: Instituto ABC, Jugadores terminados: 3/3
[2024-11-11 16:47:44] [info] Evento ID: 16, Nombre: Sistemas UBI, Jugadores terminados: 1/1
[2024-11-11 16:48:40] [info] Iniciando actualización de estados de eventos. Fecha actual: 2024-11-11 16:48:40
[2024-11-11 16:48:40] [info] Eventos finalizados actualizados: 0
[2024-11-11 16:48:40] [info] Jugadores actualizados a terminado: 0
[2024-11-11 16:48:40] [info] Eventos iniciados: 0
[2024-11-11 16:48:40] [info] Evento ID: 1, Nombre: Microsoft Corp, Jugadores terminados: 0/0
[2024-11-11 16:48:40] [info] Evento ID: 11, Nombre: Todos Santos, Jugadores terminados: 6/6
[2024-11-11 16:48:40] [info] Evento ID: 13, Nombre: Halloween, Jugadores terminados: 6/6
[2024-11-11 16:48:40] [info] Evento ID: 15, Nombre: Instituto ABC, Jugadores terminados: 3/3
[2024-11-11 16:48:40] [info] Evento ID: 16, Nombre: Sistemas UBI, Jugadores terminados: 1/1
[2024-11-11 16:48:42] [info] Iniciando actualización de estados de eventos. Fecha actual: 2024-11-11 16:48:42
[2024-11-11 16:48:42] [info] Eventos finalizados actualizados: 0
[2024-11-11 16:48:42] [info] Jugadores actualizados a terminado: 0
[2024-11-11 16:48:42] [info] Eventos iniciados: 0
[2024-11-11 16:48:42] [info] Evento ID: 1, Nombre: Microsoft Corp, Jugadores terminados: 0/0
[2024-11-11 16:48:42] [info] Evento ID: 11, Nombre: Todos Santos, Jugadores terminados: 6/6
[2024-11-11 16:48:42] [info] Evento ID: 13, Nombre: Halloween, Jugadores terminados: 6/6
[2024-11-11 16:48:42] [info] Evento ID: 15, Nombre: Instituto ABC, Jugadores terminados: 3/3
[2024-11-11 16:48:42] [info] Evento ID: 16, Nombre: Sistemas UBI, Jugadores terminados: 1/1
[2024-11-11 16:49:12] [info] Iniciando actualización de estados de eventos. Fecha actual: 2024-11-11 16:49:12
[2024-11-11 16:49:12] [info] Eventos finalizados actualizados: 0
[2024-11-11 16:49:12] [info] Jugadores actualizados a terminado: 0
[2024-11-11 16:49:12] [info] Eventos iniciados: 0
[2024-11-11 16:49:12] [info] Evento ID: 1, Nombre: Microsoft Corp, Jugadores terminados: 0/0
[2024-11-11 16:49:12] [info] Evento ID: 11, Nombre: Todos Santos, Jugadores terminados: 6/6
[2024-11-11 16:49:12] [info] Evento ID: 13, Nombre: Halloween, Jugadores terminados: 6/6
[2024-11-11 16:49:12] [info] Evento ID: 15, Nombre: Instituto ABC, Jugadores terminados: 3/3
[2024-11-11 16:49:12] [info] Evento ID: 16, Nombre: Sistemas UBI, Jugadores terminados: 1/1
[2024-11-11 16:49:44] [info] Iniciando actualización de estados de eventos. Fecha actual: 2024-11-11 16:49:44
[2024-11-11 16:49:44] [info] Eventos finalizados actualizados: 0
[2024-11-11 16:49:44] [info] Jugadores actualizados a terminado: 0
[2024-11-11 16:49:44] [info] Eventos iniciados: 0
[2024-11-11 16:49:44] [info] Evento ID: 1, Nombre: Microsoft Corp, Jugadores terminados: 0/0
[2024-11-11 16:49:44] [info] Evento ID: 11, Nombre: Todos Santos, Jugadores terminados: 6/6
[2024-11-11 16:49:44] [info] Evento ID: 13, Nombre: Halloween, Jugadores terminados: 6/6
[2024-11-11 16:49:44] [info] Evento ID: 15, Nombre: Instituto ABC, Jugadores terminados: 3/3
[2024-11-11 16:49:44] [info] Evento ID: 16, Nombre: Sistemas UBI, Jugadores terminados: 1/1
[2024-11-11 16:50:44] [info] Iniciando actualización de estados de eventos. Fecha actual: 2024-11-11 16:50:44
[2024-11-11 16:50:44] [info] Eventos finalizados actualizados: 0
[2024-11-11 16:50:44] [info] Jugadores actualizados a terminado: 0
[2024-11-11 16:50:44] [info] Eventos iniciados: 0
[2024-11-11 16:50:44] [info] Evento ID: 1, Nombre: Microsoft Corp, Jugadores terminados: 0/0
[2024-11-11 16:50:44] [info] Evento ID: 11, Nombre: Todos Santos, Jugadores terminados: 6/6
[2024-11-11 16:50:44] [info] Evento ID: 13, Nombre: Halloween, Jugadores terminados: 6/6
[2024-11-11 16:50:44] [info] Evento ID: 15, Nombre: Instituto ABC, Jugadores terminados: 3/3
[2024-11-11 16:50:44] [info] Evento ID: 16, Nombre: Sistemas UBI, Jugadores terminados: 1/1
[2024-11-11 16:51:44] [info] Iniciando actualización de estados de eventos. Fecha actual: 2024-11-11 16:51:44
[2024-11-11 16:51:44] [info] Eventos finalizados actualizados: 0
[2024-11-11 16:51:44] [info] Jugadores actualizados a terminado: 0
[2024-11-11 16:51:44] [info] Eventos iniciados: 0
[2024-11-11 16:51:44] [info] Evento ID: 1, Nombre: Microsoft Corp, Jugadores terminados: 0/0
[2024-11-11 16:51:44] [info] Evento ID: 11, Nombre: Todos Santos, Jugadores terminados: 6/6
[2024-11-11 16:51:44] [info] Evento ID: 13, Nombre: Halloween, Jugadores terminados: 6/6
[2024-11-11 16:51:44] [info] Evento ID: 15, Nombre: Instituto ABC, Jugadores terminados: 3/3
[2024-11-11 16:51:44] [info] Evento ID: 16, Nombre: Sistemas UBI, Jugadores terminados: 1/1
[2024-11-11 16:52:44] [info] Iniciando actualización de estados de eventos. Fecha actual: 2024-11-11 16:52:44
[2024-11-11 16:52:44] [info] Eventos finalizados actualizados: 0
[2024-11-11 16:52:44] [info] Jugadores actualizados a terminado: 0
[2024-11-11 16:52:44] [info] Eventos iniciados: 0
[2024-11-11 16:52:44] [info] Evento ID: 1, Nombre: Microsoft Corp, Jugadores terminados: 0/0
[2024-11-11 16:52:44] [info] Evento ID: 11, Nombre: Todos Santos, Jugadores terminados: 6/6
[2024-11-11 16:52:44] [info] Evento ID: 13, Nombre: Halloween, Jugadores terminados: 6/6
[2024-11-11 16:52:44] [info] Evento ID: 15, Nombre: Instituto ABC, Jugadores terminados: 3/3
[2024-11-11 16:52:44] [info] Evento ID: 16, Nombre: Sistemas UBI, Jugadores terminados: 1/1
[2024-11-11 16:53:44] [info] Iniciando actualización de estados de eventos. Fecha actual: 2024-11-11 16:53:44
[2024-11-11 16:53:44] [info] Eventos finalizados actualizados: 0
[2024-11-11 16:53:44] [info] Jugadores actualizados a terminado: 0
[2024-11-11 16:53:44] [info] Eventos iniciados: 0
[2024-11-11 16:53:44] [info] Evento ID: 1, Nombre: Microsoft Corp, Jugadores terminados: 0/0
[2024-11-11 16:53:44] [info] Evento ID: 11, Nombre: Todos Santos, Jugadores terminados: 6/6
[2024-11-11 16:53:44] [info] Evento ID: 13, Nombre: Halloween, Jugadores terminados: 6/6
[2024-11-11 16:53:44] [info] Evento ID: 15, Nombre: Instituto ABC, Jugadores terminados: 3/3
[2024-11-11 16:53:44] [info] Evento ID: 16, Nombre: Sistemas UBI, Jugadores terminados: 1/1
[2024-11-11 16:54:44] [info] Iniciando actualización de estados de eventos. Fecha actual: 2024-11-11 16:54:44
[2024-11-11 16:54:44] [info] Eventos finalizados actualizados: 0
[2024-11-11 16:54:44] [info] Jugadores actualizados a terminado: 0
[2024-11-11 16:54:44] [info] Eventos iniciados: 0
[2024-11-11 16:54:44] [info] Evento ID: 1, Nombre: Microsoft Corp, Jugadores terminados: 0/0
[2024-11-11 16:54:44] [info] Evento ID: 11, Nombre: Todos Santos, Jugadores terminados: 6/6
[2024-11-11 16:54:44] [info] Evento ID: 13, Nombre: Halloween, Jugadores terminados: 6/6
[2024-11-11 16:54:44] [info] Evento ID: 15, Nombre: Instituto ABC, Jugadores terminados: 3/3
[2024-11-11 16:54:44] [info] Evento ID: 16, Nombre: Sistemas UBI, Jugadores terminados: 1/1
[2024-11-11 16:55:30] [info] Iniciando actualización de estados de eventos. Fecha actual: 2024-11-11 16:55:30
[2024-11-11 16:55:30] [info] Eventos finalizados actualizados: 0
[2024-11-11 16:55:30] [info] Jugadores actualizados a terminado: 0
[2024-11-11 16:55:30] [info] Eventos iniciados: 0
[2024-11-11 16:55:30] [info] Evento ID: 1, Nombre: Microsoft Corp, Jugadores terminados: 0/0
[2024-11-11 16:55:30] [info] Evento ID: 11, Nombre: Todos Santos, Jugadores terminados: 6/6
[2024-11-11 16:55:30] [info] Evento ID: 13, Nombre: Halloween, Jugadores terminados: 6/6
[2024-11-11 16:55:30] [info] Evento ID: 15, Nombre: Instituto ABC, Jugadores terminados: 3/3
[2024-11-11 16:55:30] [info] Evento ID: 16, Nombre: Sistemas UBI, Jugadores terminados: 1/1
[2024-11-11 16:55:42] [info] Iniciando actualización de estados de eventos. Fecha actual: 2024-11-11 16:55:42
[2024-11-11 16:55:42] [info] Eventos finalizados actualizados: 0
[2024-11-11 16:55:42] [info] Jugadores actualizados a terminado: 0
[2024-11-11 16:55:42] [info] Eventos iniciados: 0
[2024-11-11 16:55:42] [info] Evento ID: 1, Nombre: Microsoft Corp, Jugadores terminados: 0/0
[2024-11-11 16:55:42] [info] Evento ID: 11, Nombre: Todos Santos, Jugadores terminados: 6/6
[2024-11-11 16:55:42] [info] Evento ID: 13, Nombre: Halloween, Jugadores terminados: 6/6
[2024-11-11 16:55:42] [info] Evento ID: 15, Nombre: Instituto ABC, Jugadores terminados: 3/3
[2024-11-11 16:55:42] [info] Evento ID: 16, Nombre: Sistemas UBI, Jugadores terminados: 1/1
[2024-11-11 16:56:12] [info] Iniciando actualización de estados de eventos. Fecha actual: 2024-11-11 16:56:12
[2024-11-11 16:56:12] [info] Eventos finalizados actualizados: 0
[2024-11-11 16:56:12] [info] Jugadores actualizados a terminado: 0
[2024-11-11 16:56:12] [info] Eventos iniciados: 0
[2024-11-11 16:56:12] [info] Evento ID: 1, Nombre: Microsoft Corp, Jugadores terminados: 0/0
[2024-11-11 16:56:12] [info] Evento ID: 11, Nombre: Todos Santos, Jugadores terminados: 6/6
[2024-11-11 16:56:12] [info] Evento ID: 13, Nombre: Halloween, Jugadores terminados: 6/6
[2024-11-11 16:56:12] [info] Evento ID: 15, Nombre: Instituto ABC, Jugadores terminados: 3/3
[2024-11-11 16:56:12] [info] Evento ID: 16, Nombre: Sistemas UBI, Jugadores terminados: 1/1
[2024-11-11 16:56:42] [info] Iniciando actualización de estados de eventos. Fecha actual: 2024-11-11 16:56:42
[2024-11-11 16:56:42] [info] Eventos finalizados actualizados: 0
[2024-11-11 16:56:42] [info] Jugadores actualizados a terminado: 0
[2024-11-11 16:56:42] [info] Eventos iniciados: 0
[2024-11-11 16:56:42] [info] Evento ID: 1, Nombre: Microsoft Corp, Jugadores terminados: 0/0
[2024-11-11 16:56:42] [info] Evento ID: 11, Nombre: Todos Santos, Jugadores terminados: 6/6
[2024-11-11 16:56:42] [info] Evento ID: 13, Nombre: Halloween, Jugadores terminados: 6/6
[2024-11-11 16:56:42] [info] Evento ID: 15, Nombre: Instituto ABC, Jugadores terminados: 3/3
[2024-11-11 16:56:42] [info] Evento ID: 16, Nombre: Sistemas UBI, Jugadores terminados: 1/1
[2024-11-11 16:57:12] [info] Iniciando actualización de estados de eventos. Fecha actual: 2024-11-11 16:57:12
[2024-11-11 16:57:12] [info] Eventos finalizados actualizados: 0
[2024-11-11 16:57:12] [info] Jugadores actualizados a terminado: 0
[2024-11-11 16:57:12] [info] Eventos iniciados: 0
[2024-11-11 16:57:12] [info] Evento ID: 1, Nombre: Microsoft Corp, Jugadores terminados: 0/0
[2024-11-11 16:57:12] [info] Evento ID: 11, Nombre: Todos Santos, Jugadores terminados: 6/6
[2024-11-11 16:57:12] [info] Evento ID: 13, Nombre: Halloween, Jugadores terminados: 6/6
[2024-11-11 16:57:12] [info] Evento ID: 15, Nombre: Instituto ABC, Jugadores terminados: 3/3
[2024-11-11 16:57:12] [info] Evento ID: 16, Nombre: Sistemas UBI, Jugadores terminados: 1/1
[2024-11-11 16:57:42] [info] Iniciando actualización de estados de eventos. Fecha actual: 2024-11-11 16:57:42
[2024-11-11 16:57:42] [info] Eventos finalizados actualizados: 0
[2024-11-11 16:57:42] [info] Jugadores actualizados a terminado: 0
[2024-11-11 16:57:42] [info] Eventos iniciados: 0
[2024-11-11 16:57:42] [info] Evento ID: 1, Nombre: Microsoft Corp, Jugadores terminados: 0/0
[2024-11-11 16:57:42] [info] Evento ID: 11, Nombre: Todos Santos, Jugadores terminados: 6/6
[2024-11-11 16:57:42] [info] Evento ID: 13, Nombre: Halloween, Jugadores terminados: 6/6
[2024-11-11 16:57:42] [info] Evento ID: 15, Nombre: Instituto ABC, Jugadores terminados: 3/3
[2024-11-11 16:57:42] [info] Evento ID: 16, Nombre: Sistemas UBI, Jugadores terminados: 1/1
[2024-11-11 16:58:44] [info] Iniciando actualización de estados de eventos. Fecha actual: 2024-11-11 16:58:44
[2024-11-11 16:58:44] [info] Eventos finalizados actualizados: 0
[2024-11-11 16:58:44] [info] Jugadores actualizados a terminado: 0
[2024-11-11 16:58:44] [info] Eventos iniciados: 0
[2024-11-11 16:58:44] [info] Evento ID: 1, Nombre: Microsoft Corp, Jugadores terminados: 0/0
[2024-11-11 16:58:44] [info] Evento ID: 11, Nombre: Todos Santos, Jugadores terminados: 6/6
[2024-11-11 16:58:44] [info] Evento ID: 13, Nombre: Halloween, Jugadores terminados: 6/6
[2024-11-11 16:58:44] [info] Evento ID: 15, Nombre: Instituto ABC, Jugadores terminados: 3/3
[2024-11-11 16:58:44] [info] Evento ID: 16, Nombre: Sistemas UBI, Jugadores terminados: 1/1
[2024-11-11 16:59:30] [info] Iniciando actualización de estados de eventos. Fecha actual: 2024-11-11 16:59:30
[2024-11-11 16:59:30] [info] Eventos finalizados actualizados: 0
[2024-11-11 16:59:30] [info] Jugadores actualizados a terminado: 0
[2024-11-11 16:59:30] [info] Eventos iniciados: 0
[2024-11-11 16:59:30] [info] Evento ID: 1, Nombre: Microsoft Corp, Jugadores terminados: 0/0
[2024-11-11 16:59:30] [info] Evento ID: 11, Nombre: Todos Santos, Jugadores terminados: 6/6
[2024-11-11 16:59:30] [info] Evento ID: 13, Nombre: Halloween, Jugadores terminados: 6/6
[2024-11-11 16:59:30] [info] Evento ID: 15, Nombre: Instituto ABC, Jugadores terminados: 3/3
[2024-11-11 16:59:30] [info] Evento ID: 16, Nombre: Sistemas UBI, Jugadores terminados: 1/1
