[2024-11-06 10:43:01] [warning] Intento de inicio de sesión fallido para el usuario con CI: 7777777
[2024-11-06 10:47:23] [warning] Intento de inicio de sesión fallido para el usuario con CI: 7777777
[2024-11-06 10:47:34] [info] Administrador con ID 4 ha iniciado sesión exitosamente
[2024-11-06 10:47:34] [info] Iniciando actualización de estados de eventos. Fecha actual: 2024-11-06 10:47:34
[2024-11-06 10:47:34] [info] Eventos finalizados actualizados: 1
[2024-11-06 10:47:34] [info] Jugadores actualizados a terminado: 0
[2024-11-06 10:47:34] [info] Eventos iniciados: 0
[2024-11-06 10:47:34] [info] Evento ID: 1, Nombre: Microsoft, Jugadores terminados: 8/8
[2024-11-06 10:47:34] [info] Evento ID: 11, Nombre: Todos Santos, Jugadores terminados: 0/0
[2024-11-06 10:47:36] [info] Iniciando actualización de estados de eventos. Fecha actual: 2024-11-06 10:47:36
[2024-11-06 10:47:36] [info] Eventos finalizados actualizados: 0
[2024-11-06 10:47:36] [info] Jugadores actualizados a terminado: 0
[2024-11-06 10:47:36] [info] Eventos iniciados: 0
[2024-11-06 10:47:36] [info] Evento ID: 1, Nombre: Microsoft, Jugadores terminados: 8/8
[2024-11-06 10:47:36] [info] Evento ID: 11, Nombre: Todos Santos, Jugadores terminados: 0/0
[2024-11-06 10:47:43] [info] Iniciando actualización de estados de eventos. Fecha actual: 2024-11-06 10:47:43
[2024-11-06 10:47:43] [info] Eventos finalizados actualizados: 0
[2024-11-06 10:47:43] [info] Jugadores actualizados a terminado: 0
[2024-11-06 10:47:43] [info] Eventos iniciados: 0
[2024-11-06 10:47:43] [info] Evento ID: 1, Nombre: Microsoft, Jugadores terminados: 8/8
[2024-11-06 10:47:43] [info] Evento ID: 11, Nombre: Todos Santos, Jugadores terminados: 0/0
[2024-11-06 10:47:49] [info] Iniciando actualización de estados de eventos. Fecha actual: 2024-11-06 10:47:49
[2024-11-06 10:47:49] [info] Eventos finalizados actualizados: 0
[2024-11-06 10:47:49] [info] Jugadores actualizados a terminado: 0
[2024-11-06 10:47:49] [info] Eventos iniciados: 0
[2024-11-06 10:47:49] [info] Evento ID: 1, Nombre: Microsoft, Jugadores terminados: 8/8
[2024-11-06 10:47:49] [info] Evento ID: 11, Nombre: Todos Santos, Jugadores terminados: 0/0
[2024-11-06 10:48:09] [info] Iniciando actualización de estados de eventos. Fecha actual: 2024-11-06 10:48:09
[2024-11-06 10:48:09] [info] Eventos finalizados actualizados: 0
[2024-11-06 10:48:09] [info] Jugadores actualizados a terminado: 0
[2024-11-06 10:48:09] [info] Eventos iniciados: 0
[2024-11-06 10:48:09] [info] Evento ID: 1, Nombre: Microsoft, Jugadores terminados: 8/8
[2024-11-06 10:48:09] [info] Evento ID: 11, Nombre: Todos Santos, Jugadores terminados: 0/0
[2024-11-06 10:48:14] [info] Iniciando actualización de estados de eventos. Fecha actual: 2024-11-06 10:48:14
[2024-11-06 10:48:14] [info] Eventos finalizados actualizados: 0
[2024-11-06 10:48:14] [info] Jugadores actualizados a terminado: 0
[2024-11-06 10:48:14] [info] Eventos iniciados: 0
[2024-11-06 10:48:14] [info] Evento ID: 1, Nombre: Microsoft, Jugadores terminados: 8/8
[2024-11-06 10:48:14] [info] Evento ID: 11, Nombre: Todos Santos, Jugadores terminados: 0/0
[2024-11-06 10:48:15] [info] Iniciando actualización de estados de eventos. Fecha actual: 2024-11-06 10:48:15
[2024-11-06 10:48:15] [info] Eventos finalizados actualizados: 0
[2024-11-06 10:48:15] [info] Jugadores actualizados a terminado: 0
[2024-11-06 10:48:15] [info] Eventos iniciados: 0
[2024-11-06 10:48:15] [info] Evento ID: 1, Nombre: Microsoft, Jugadores terminados: 8/8
[2024-11-06 10:48:15] [info] Evento ID: 11, Nombre: Todos Santos, Jugadores terminados: 0/0
[2024-11-06 10:48:45] [info] Iniciando actualización de estados de eventos. Fecha actual: 2024-11-06 10:48:45
[2024-11-06 10:48:45] [info] Eventos finalizados actualizados: 0
[2024-11-06 10:48:45] [info] Jugadores actualizados a terminado: 0
[2024-11-06 10:48:45] [info] Eventos iniciados: 0
[2024-11-06 10:48:45] [info] Evento ID: 1, Nombre: Microsoft, Jugadores terminados: 8/8
[2024-11-06 10:48:45] [info] Evento ID: 11, Nombre: Todos Santos, Jugadores terminados: 0/0
[2024-11-06 10:49:15] [info] Iniciando actualización de estados de eventos. Fecha actual: 2024-11-06 10:49:15
[2024-11-06 10:49:15] [info] Eventos finalizados actualizados: 0
[2024-11-06 10:49:15] [info] Jugadores actualizados a terminado: 0
[2024-11-06 10:49:15] [info] Eventos iniciados: 0
[2024-11-06 10:49:15] [info] Evento ID: 1, Nombre: Microsoft, Jugadores terminados: 8/8
[2024-11-06 10:49:15] [info] Evento ID: 11, Nombre: Todos Santos, Jugadores terminados: 0/0
[2024-11-06 10:49:45] [info] Iniciando actualización de estados de eventos. Fecha actual: 2024-11-06 10:49:45
[2024-11-06 10:49:45] [info] Eventos finalizados actualizados: 0
[2024-11-06 10:49:45] [info] Jugadores actualizados a terminado: 0
[2024-11-06 10:49:45] [info] Eventos iniciados: 0
[2024-11-06 10:49:45] [info] Evento ID: 1, Nombre: Microsoft, Jugadores terminados: 8/8
[2024-11-06 10:49:45] [info] Evento ID: 11, Nombre: Todos Santos, Jugadores terminados: 0/0
[2024-11-06 10:50:12] [info] Iniciando actualización de estados de eventos. Fecha actual: 2024-11-06 10:50:12
[2024-11-06 10:50:12] [info] Eventos finalizados actualizados: 0
[2024-11-06 10:50:12] [info] Jugadores actualizados a terminado: 0
[2024-11-06 10:50:12] [info] Eventos iniciados: 0
[2024-11-06 10:50:12] [info] Evento ID: 1, Nombre: Microsoft, Jugadores terminados: 8/8
[2024-11-06 10:50:42] [info] Iniciando actualización de estados de eventos. Fecha actual: 2024-11-06 10:50:42
[2024-11-06 10:50:42] [info] Eventos finalizados actualizados: 0
[2024-11-06 10:50:42] [info] Jugadores actualizados a terminado: 0
[2024-11-06 10:50:42] [info] Eventos iniciados: 0
[2024-11-06 10:50:42] [info] Evento ID: 1, Nombre: Microsoft, Jugadores terminados: 8/8
[2024-11-06 10:51:14] [info] Iniciando actualización de estados de eventos. Fecha actual: 2024-11-06 10:51:14
[2024-11-06 10:51:14] [info] Eventos finalizados actualizados: 0
[2024-11-06 10:51:14] [info] Jugadores actualizados a terminado: 0
[2024-11-06 10:51:14] [info] Eventos iniciados: 0
[2024-11-06 10:51:14] [info] Evento ID: 1, Nombre: Microsoft, Jugadores terminados: 8/8
[2024-11-06 10:51:44] [info] Iniciando actualización de estados de eventos. Fecha actual: 2024-11-06 10:51:44
[2024-11-06 10:51:44] [info] Eventos finalizados actualizados: 0
[2024-11-06 10:51:44] [info] Jugadores actualizados a terminado: 0
[2024-11-06 10:51:44] [info] Eventos iniciados: 0
[2024-11-06 10:51:44] [info] Evento ID: 1, Nombre: Microsoft, Jugadores terminados: 8/8
[2024-11-06 10:52:14] [info] Iniciando actualización de estados de eventos. Fecha actual: 2024-11-06 10:52:14
[2024-11-06 10:52:14] [info] Eventos finalizados actualizados: 0
[2024-11-06 10:52:14] [info] Jugadores actualizados a terminado: 0
[2024-11-06 10:52:14] [info] Eventos iniciados: 0
[2024-11-06 10:52:14] [info] Evento ID: 1, Nombre: Microsoft, Jugadores terminados: 8/8
[2024-11-06 10:52:44] [info] Iniciando actualización de estados de eventos. Fecha actual: 2024-11-06 10:52:44
[2024-11-06 10:52:44] [info] Eventos finalizados actualizados: 0
[2024-11-06 10:52:44] [info] Jugadores actualizados a terminado: 0
[2024-11-06 10:52:44] [info] Eventos iniciados: 0
[2024-11-06 10:52:44] [info] Evento ID: 1, Nombre: Microsoft, Jugadores terminados: 8/8
[2024-11-06 10:53:14] [info] Iniciando actualización de estados de eventos. Fecha actual: 2024-11-06 10:53:14
[2024-11-06 10:53:14] [info] Eventos finalizados actualizados: 0
[2024-11-06 10:53:14] [info] Jugadores actualizados a terminado: 0
[2024-11-06 10:53:14] [info] Eventos iniciados: 0
[2024-11-06 10:53:14] [info] Evento ID: 1, Nombre: Microsoft, Jugadores terminados: 8/8
[2024-11-06 10:53:44] [info] Iniciando actualización de estados de eventos. Fecha actual: 2024-11-06 10:53:44
[2024-11-06 10:53:44] [info] Eventos finalizados actualizados: 0
[2024-11-06 10:53:44] [info] Jugadores actualizados a terminado: 0
[2024-11-06 10:53:44] [info] Eventos iniciados: 0
[2024-11-06 10:53:44] [info] Evento ID: 1, Nombre: Microsoft, Jugadores terminados: 8/8
[2024-11-06 10:54:14] [info] Iniciando actualización de estados de eventos. Fecha actual: 2024-11-06 10:54:14
[2024-11-06 10:54:14] [info] Eventos finalizados actualizados: 0
[2024-11-06 10:54:14] [info] Jugadores actualizados a terminado: 0
[2024-11-06 10:54:14] [info] Eventos iniciados: 0
[2024-11-06 10:54:14] [info] Evento ID: 1, Nombre: Microsoft, Jugadores terminados: 8/8
[2024-11-06 10:54:44] [info] Iniciando actualización de estados de eventos. Fecha actual: 2024-11-06 10:54:44
[2024-11-06 10:54:44] [info] Eventos finalizados actualizados: 0
[2024-11-06 10:54:44] [info] Jugadores actualizados a terminado: 0
[2024-11-06 10:54:44] [info] Eventos iniciados: 0
[2024-11-06 10:54:44] [info] Evento ID: 1, Nombre: Microsoft, Jugadores terminados: 8/8
[2024-11-06 10:55:14] [info] Iniciando actualización de estados de eventos. Fecha actual: 2024-11-06 10:55:14
[2024-11-06 10:55:14] [info] Eventos finalizados actualizados: 0
[2024-11-06 10:55:14] [info] Jugadores actualizados a terminado: 0
[2024-11-06 10:55:14] [info] Eventos iniciados: 0
[2024-11-06 10:55:14] [info] Evento ID: 1, Nombre: Microsoft, Jugadores terminados: 8/8
[2024-11-06 10:55:44] [info] Iniciando actualización de estados de eventos. Fecha actual: 2024-11-06 10:55:44
[2024-11-06 10:55:44] [info] Eventos finalizados actualizados: 0
[2024-11-06 10:55:44] [info] Jugadores actualizados a terminado: 0
[2024-11-06 10:55:44] [info] Eventos iniciados: 0
[2024-11-06 10:55:44] [info] Evento ID: 1, Nombre: Microsoft, Jugadores terminados: 8/8
[2024-11-06 10:56:14] [info] Iniciando actualización de estados de eventos. Fecha actual: 2024-11-06 10:56:14
[2024-11-06 10:56:14] [info] Eventos finalizados actualizados: 0
[2024-11-06 10:56:14] [info] Jugadores actualizados a terminado: 0
[2024-11-06 10:56:14] [info] Eventos iniciados: 0
[2024-11-06 10:56:14] [info] Evento ID: 1, Nombre: Microsoft, Jugadores terminados: 8/8
[2024-11-06 10:56:44] [info] Iniciando actualización de estados de eventos. Fecha actual: 2024-11-06 10:56:44
[2024-11-06 10:56:44] [info] Eventos finalizados actualizados: 0
[2024-11-06 10:56:44] [info] Jugadores actualizados a terminado: 0
[2024-11-06 10:56:44] [info] Eventos iniciados: 0
[2024-11-06 10:56:44] [info] Evento ID: 1, Nombre: Microsoft, Jugadores terminados: 8/8
[2024-11-06 10:57:14] [info] Iniciando actualización de estados de eventos. Fecha actual: 2024-11-06 10:57:14
[2024-11-06 10:57:14] [info] Eventos finalizados actualizados: 0
[2024-11-06 10:57:14] [info] Jugadores actualizados a terminado: 0
[2024-11-06 10:57:14] [info] Eventos iniciados: 0
[2024-11-06 10:57:14] [info] Evento ID: 1, Nombre: Microsoft, Jugadores terminados: 8/8
[2024-11-06 10:57:44] [info] Iniciando actualización de estados de eventos. Fecha actual: 2024-11-06 10:57:44
[2024-11-06 10:57:44] [info] Eventos finalizados actualizados: 0
[2024-11-06 10:57:44] [info] Jugadores actualizados a terminado: 0
[2024-11-06 10:57:44] [info] Eventos iniciados: 0
[2024-11-06 10:57:44] [info] Evento ID: 1, Nombre: Microsoft, Jugadores terminados: 8/8
[2024-11-06 10:58:14] [info] Iniciando actualización de estados de eventos. Fecha actual: 2024-11-06 10:58:14
[2024-11-06 10:58:14] [info] Eventos finalizados actualizados: 0
[2024-11-06 10:58:14] [info] Jugadores actualizados a terminado: 0
[2024-11-06 10:58:14] [info] Eventos iniciados: 0
[2024-11-06 10:58:14] [info] Evento ID: 1, Nombre: Microsoft, Jugadores terminados: 8/8
[2024-11-06 10:58:44] [info] Iniciando actualización de estados de eventos. Fecha actual: 2024-11-06 10:58:44
[2024-11-06 10:58:44] [info] Eventos finalizados actualizados: 0
[2024-11-06 10:58:44] [info] Jugadores actualizados a terminado: 0
[2024-11-06 10:58:44] [info] Eventos iniciados: 0
[2024-11-06 10:58:44] [info] Evento ID: 1, Nombre: Microsoft, Jugadores terminados: 8/8
[2024-11-06 10:59:14] [info] Iniciando actualización de estados de eventos. Fecha actual: 2024-11-06 10:59:14
[2024-11-06 10:59:14] [info] Eventos finalizados actualizados: 0
[2024-11-06 10:59:14] [info] Jugadores actualizados a terminado: 0
[2024-11-06 10:59:14] [info] Eventos iniciados: 0
[2024-11-06 10:59:14] [info] Evento ID: 1, Nombre: Microsoft, Jugadores terminados: 8/8
[2024-11-06 10:59:44] [info] Iniciando actualización de estados de eventos. Fecha actual: 2024-11-06 10:59:44
[2024-11-06 10:59:44] [info] Eventos finalizados actualizados: 0
[2024-11-06 10:59:44] [info] Jugadores actualizados a terminado: 0
[2024-11-06 10:59:44] [info] Eventos iniciados: 0
[2024-11-06 10:59:44] [info] Evento ID: 1, Nombre: Microsoft, Jugadores terminados: 8/8
[2024-11-06 11:00:14] [info] Iniciando actualización de estados de eventos. Fecha actual: 2024-11-06 11:00:14
[2024-11-06 11:00:14] [info] Eventos finalizados actualizados: 0
[2024-11-06 11:00:14] [info] Jugadores actualizados a terminado: 0
[2024-11-06 11:00:14] [info] Eventos iniciados: 0
[2024-11-06 11:00:14] [info] Evento ID: 1, Nombre: Microsoft, Jugadores terminados: 8/8
[2024-11-06 11:00:44] [info] Iniciando actualización de estados de eventos. Fecha actual: 2024-11-06 11:00:44
[2024-11-06 11:00:44] [info] Eventos finalizados actualizados: 0
[2024-11-06 11:00:44] [info] Jugadores actualizados a terminado: 0
[2024-11-06 11:00:44] [info] Eventos iniciados: 0
[2024-11-06 11:00:44] [info] Evento ID: 1, Nombre: Microsoft, Jugadores terminados: 8/8
[2024-11-06 11:01:14] [info] Iniciando actualización de estados de eventos. Fecha actual: 2024-11-06 11:01:14
[2024-11-06 11:01:14] [info] Eventos finalizados actualizados: 0
[2024-11-06 11:01:14] [info] Jugadores actualizados a terminado: 0
[2024-11-06 11:01:14] [info] Eventos iniciados: 0
[2024-11-06 11:01:14] [info] Evento ID: 1, Nombre: Microsoft, Jugadores terminados: 8/8
[2024-11-06 11:01:44] [info] Iniciando actualización de estados de eventos. Fecha actual: 2024-11-06 11:01:44
[2024-11-06 11:01:44] [info] Eventos finalizados actualizados: 0
[2024-11-06 11:01:44] [info] Jugadores actualizados a terminado: 0
[2024-11-06 11:01:44] [info] Eventos iniciados: 0
[2024-11-06 11:01:44] [info] Evento ID: 1, Nombre: Microsoft, Jugadores terminados: 8/8
[2024-11-06 11:02:14] [info] Iniciando actualización de estados de eventos. Fecha actual: 2024-11-06 11:02:14
[2024-11-06 11:02:14] [info] Eventos finalizados actualizados: 0
[2024-11-06 11:02:14] [info] Jugadores actualizados a terminado: 0
[2024-11-06 11:02:14] [info] Eventos iniciados: 0
[2024-11-06 11:02:14] [info] Evento ID: 1, Nombre: Microsoft, Jugadores terminados: 8/8
[2024-11-06 11:02:45] [info] Iniciando actualización de estados de eventos. Fecha actual: 2024-11-06 11:02:45
[2024-11-06 11:02:45] [info] Eventos finalizados actualizados: 0
[2024-11-06 11:02:45] [info] Jugadores actualizados a terminado: 0
[2024-11-06 11:02:45] [info] Eventos iniciados: 0
[2024-11-06 11:02:45] [info] Evento ID: 1, Nombre: Microsoft, Jugadores terminados: 8/8
[2024-11-06 11:03:14] [info] Iniciando actualización de estados de eventos. Fecha actual: 2024-11-06 11:03:14
[2024-11-06 11:03:15] [info] Eventos finalizados actualizados: 0
[2024-11-06 11:03:15] [info] Jugadores actualizados a terminado: 0
[2024-11-06 11:03:15] [info] Eventos iniciados: 0
[2024-11-06 11:03:15] [info] Evento ID: 1, Nombre: Microsoft, Jugadores terminados: 8/8
[2024-11-06 11:03:45] [info] Iniciando actualización de estados de eventos. Fecha actual: 2024-11-06 11:03:45
[2024-11-06 11:03:45] [info] Eventos finalizados actualizados: 0
[2024-11-06 11:03:45] [info] Jugadores actualizados a terminado: 0
[2024-11-06 11:03:45] [info] Eventos iniciados: 0
[2024-11-06 11:03:45] [info] Evento ID: 1, Nombre: Microsoft, Jugadores terminados: 8/8
[2024-11-06 11:04:15] [info] Iniciando actualización de estados de eventos. Fecha actual: 2024-11-06 11:04:15
[2024-11-06 11:04:15] [info] Eventos finalizados actualizados: 0
[2024-11-06 11:04:15] [info] Jugadores actualizados a terminado: 0
[2024-11-06 11:04:15] [info] Eventos iniciados: 0
[2024-11-06 11:04:15] [info] Evento ID: 1, Nombre: Microsoft, Jugadores terminados: 8/8
[2024-11-06 11:04:45] [info] Iniciando actualización de estados de eventos. Fecha actual: 2024-11-06 11:04:45
[2024-11-06 11:04:45] [info] Eventos finalizados actualizados: 0
[2024-11-06 11:04:45] [info] Jugadores actualizados a terminado: 0
[2024-11-06 11:04:45] [info] Eventos iniciados: 0
[2024-11-06 11:04:45] [info] Evento ID: 1, Nombre: Microsoft, Jugadores terminados: 8/8
[2024-11-06 11:05:15] [info] Iniciando actualización de estados de eventos. Fecha actual: 2024-11-06 11:05:15
[2024-11-06 11:05:15] [info] Eventos finalizados actualizados: 0
[2024-11-06 11:05:15] [info] Jugadores actualizados a terminado: 0
[2024-11-06 11:05:15] [info] Eventos iniciados: 0
[2024-11-06 11:05:15] [info] Evento ID: 1, Nombre: Microsoft, Jugadores terminados: 8/8
[2024-11-06 11:05:45] [info] Iniciando actualización de estados de eventos. Fecha actual: 2024-11-06 11:05:45
[2024-11-06 11:05:45] [info] Eventos finalizados actualizados: 0
[2024-11-06 11:05:45] [info] Jugadores actualizados a terminado: 0
[2024-11-06 11:05:45] [info] Eventos iniciados: 0
[2024-11-06 11:05:45] [info] Evento ID: 1, Nombre: Microsoft, Jugadores terminados: 8/8
[2024-11-06 11:06:15] [info] Iniciando actualización de estados de eventos. Fecha actual: 2024-11-06 11:06:15
[2024-11-06 11:06:15] [info] Eventos finalizados actualizados: 0
[2024-11-06 11:06:15] [info] Jugadores actualizados a terminado: 0
[2024-11-06 11:06:15] [info] Eventos iniciados: 0
[2024-11-06 11:06:15] [info] Evento ID: 1, Nombre: Microsoft, Jugadores terminados: 8/8
[2024-11-06 11:06:45] [info] Iniciando actualización de estados de eventos. Fecha actual: 2024-11-06 11:06:45
[2024-11-06 11:06:45] [info] Eventos finalizados actualizados: 0
[2024-11-06 11:06:45] [info] Jugadores actualizados a terminado: 0
[2024-11-06 11:06:45] [info] Eventos iniciados: 0
[2024-11-06 11:06:45] [info] Evento ID: 1, Nombre: Microsoft, Jugadores terminados: 8/8
[2024-11-06 11:07:15] [info] Iniciando actualización de estados de eventos. Fecha actual: 2024-11-06 11:07:15
[2024-11-06 11:07:15] [info] Eventos finalizados actualizados: 0
[2024-11-06 11:07:15] [info] Jugadores actualizados a terminado: 0
[2024-11-06 11:07:15] [info] Eventos iniciados: 0
[2024-11-06 11:07:15] [info] Evento ID: 1, Nombre: Microsoft, Jugadores terminados: 8/8
[2024-11-06 11:07:58] [info] Administrador con ID 4 ha iniciado sesión exitosamente
[2024-11-06 11:07:58] [info] Iniciando actualización de estados de eventos. Fecha actual: 2024-11-06 11:07:58
[2024-11-06 11:07:58] [info] Eventos finalizados actualizados: 0
[2024-11-06 11:07:58] [info] Jugadores actualizados a terminado: 0
[2024-11-06 11:07:58] [info] Eventos iniciados: 0
[2024-11-06 11:07:58] [info] Evento ID: 1, Nombre: Microsoft, Jugadores terminados: 8/8
[2024-11-06 11:08:40] [info] Iniciando actualización de estados de eventos. Fecha actual: 2024-11-06 11:08:40
[2024-11-06 11:08:40] [info] Eventos finalizados actualizados: 0
[2024-11-06 11:08:40] [info] Jugadores actualizados a terminado: 0
[2024-11-06 11:08:40] [info] Eventos iniciados: 0
[2024-11-06 11:08:40] [info] Evento ID: 1, Nombre: Microsoft, Jugadores terminados: 8/8
[2024-11-06 11:08:41] [info] Iniciando actualización de estados de eventos. Fecha actual: 2024-11-06 11:08:41
[2024-11-06 11:08:42] [info] Eventos finalizados actualizados: 0
[2024-11-06 11:08:42] [info] Jugadores actualizados a terminado: 0
[2024-11-06 11:08:42] [info] Eventos iniciados: 0
[2024-11-06 11:08:42] [info] Evento ID: 1, Nombre: Microsoft, Jugadores terminados: 8/8
[2024-11-06 11:09:13] [info] Iniciando actualización de estados de eventos. Fecha actual: 2024-11-06 11:09:13
[2024-11-06 11:09:13] [info] Eventos finalizados actualizados: 0
[2024-11-06 11:09:13] [info] Jugadores actualizados a terminado: 0
[2024-11-06 11:09:13] [info] Eventos iniciados: 0
[2024-11-06 11:09:13] [info] Evento ID: 1, Nombre: Microsoft, Jugadores terminados: 8/8
[2024-11-06 11:09:43] [info] Iniciando actualización de estados de eventos. Fecha actual: 2024-11-06 11:09:43
[2024-11-06 11:09:43] [info] Eventos finalizados actualizados: 0
[2024-11-06 11:09:43] [info] Jugadores actualizados a terminado: 0
[2024-11-06 11:09:43] [info] Eventos iniciados: 0
[2024-11-06 11:09:43] [info] Evento ID: 1, Nombre: Microsoft, Jugadores terminados: 8/8
[2024-11-06 11:10:15] [info] Iniciando actualización de estados de eventos. Fecha actual: 2024-11-06 11:10:15
[2024-11-06 11:10:15] [info] Eventos finalizados actualizados: 0
[2024-11-06 11:10:15] [info] Jugadores actualizados a terminado: 0
[2024-11-06 11:10:15] [info] Eventos iniciados: 0
[2024-11-06 11:10:15] [info] Evento ID: 1, Nombre: Microsoft, Jugadores terminados: 8/8
[2024-11-06 11:10:46] [info] Iniciando actualización de estados de eventos. Fecha actual: 2024-11-06 11:10:46
[2024-11-06 11:10:46] [info] Eventos finalizados actualizados: 0
[2024-11-06 11:10:46] [info] Jugadores actualizados a terminado: 0
[2024-11-06 11:10:46] [info] Eventos iniciados: 0
[2024-11-06 11:10:46] [info] Evento ID: 1, Nombre: Microsoft, Jugadores terminados: 8/8
[2024-11-06 11:11:16] [info] Iniciando actualización de estados de eventos. Fecha actual: 2024-11-06 11:11:16
[2024-11-06 11:11:16] [info] Eventos finalizados actualizados: 0
[2024-11-06 11:11:16] [info] Jugadores actualizados a terminado: 0
[2024-11-06 11:11:16] [info] Eventos iniciados: 0
[2024-11-06 11:11:16] [info] Evento ID: 1, Nombre: Microsoft, Jugadores terminados: 8/8
[2024-11-06 11:11:46] [info] Iniciando actualización de estados de eventos. Fecha actual: 2024-11-06 11:11:46
[2024-11-06 11:11:46] [info] Eventos finalizados actualizados: 0
[2024-11-06 11:11:46] [info] Jugadores actualizados a terminado: 0
[2024-11-06 11:11:46] [info] Eventos iniciados: 0
[2024-11-06 11:11:46] [info] Evento ID: 1, Nombre: Microsoft, Jugadores terminados: 8/8
[2024-11-06 11:12:16] [info] Iniciando actualización de estados de eventos. Fecha actual: 2024-11-06 11:12:16
[2024-11-06 11:12:16] [info] Eventos finalizados actualizados: 0
[2024-11-06 11:12:16] [info] Jugadores actualizados a terminado: 0
[2024-11-06 11:12:16] [info] Eventos iniciados: 0
[2024-11-06 11:12:16] [info] Evento ID: 1, Nombre: Microsoft, Jugadores terminados: 8/8
[2024-11-06 11:12:46] [info] Iniciando actualización de estados de eventos. Fecha actual: 2024-11-06 11:12:46
[2024-11-06 11:12:46] [info] Eventos finalizados actualizados: 0
[2024-11-06 11:12:46] [info] Jugadores actualizados a terminado: 0
[2024-11-06 11:12:46] [info] Eventos iniciados: 0
[2024-11-06 11:12:46] [info] Evento ID: 1, Nombre: Microsoft, Jugadores terminados: 8/8
[2024-11-06 11:13:16] [info] Iniciando actualización de estados de eventos. Fecha actual: 2024-11-06 11:13:16
[2024-11-06 11:13:16] [info] Eventos finalizados actualizados: 0
[2024-11-06 11:13:16] [info] Jugadores actualizados a terminado: 0
[2024-11-06 11:13:16] [info] Eventos iniciados: 0
[2024-11-06 11:13:16] [info] Evento ID: 1, Nombre: Microsoft, Jugadores terminados: 8/8
[2024-11-06 11:13:46] [info] Iniciando actualización de estados de eventos. Fecha actual: 2024-11-06 11:13:46
[2024-11-06 11:13:46] [info] Eventos finalizados actualizados: 0
[2024-11-06 11:13:46] [info] Jugadores actualizados a terminado: 0
[2024-11-06 11:13:46] [info] Eventos iniciados: 0
[2024-11-06 11:13:46] [info] Evento ID: 1, Nombre: Microsoft, Jugadores terminados: 8/8
[2024-11-06 11:14:16] [info] Iniciando actualización de estados de eventos. Fecha actual: 2024-11-06 11:14:16
[2024-11-06 11:14:16] [info] Eventos finalizados actualizados: 0
[2024-11-06 11:14:16] [info] Jugadores actualizados a terminado: 0
[2024-11-06 11:14:16] [info] Eventos iniciados: 0
[2024-11-06 11:14:16] [info] Evento ID: 1, Nombre: Microsoft, Jugadores terminados: 8/8
[2024-11-06 11:14:46] [info] Iniciando actualización de estados de eventos. Fecha actual: 2024-11-06 11:14:46
[2024-11-06 11:14:46] [info] Eventos finalizados actualizados: 0
[2024-11-06 11:14:46] [info] Jugadores actualizados a terminado: 0
[2024-11-06 11:14:46] [info] Eventos iniciados: 0
[2024-11-06 11:14:46] [info] Evento ID: 1, Nombre: Microsoft, Jugadores terminados: 8/8
[2024-11-06 11:15:16] [info] Iniciando actualización de estados de eventos. Fecha actual: 2024-11-06 11:15:16
[2024-11-06 11:15:16] [info] Eventos finalizados actualizados: 0
[2024-11-06 11:15:16] [info] Jugadores actualizados a terminado: 0
[2024-11-06 11:15:16] [info] Eventos iniciados: 0
[2024-11-06 11:15:16] [info] Evento ID: 1, Nombre: Microsoft, Jugadores terminados: 8/8
[2024-11-06 11:15:46] [info] Iniciando actualización de estados de eventos. Fecha actual: 2024-11-06 11:15:46
[2024-11-06 11:15:46] [info] Eventos finalizados actualizados: 0
[2024-11-06 11:15:46] [info] Jugadores actualizados a terminado: 0
[2024-11-06 11:15:46] [info] Eventos iniciados: 0
[2024-11-06 11:15:46] [info] Evento ID: 1, Nombre: Microsoft, Jugadores terminados: 8/8
[2024-11-06 11:16:16] [info] Iniciando actualización de estados de eventos. Fecha actual: 2024-11-06 11:16:16
[2024-11-06 11:16:16] [info] Eventos finalizados actualizados: 0
[2024-11-06 11:16:16] [info] Jugadores actualizados a terminado: 0
[2024-11-06 11:16:16] [info] Eventos iniciados: 0
[2024-11-06 11:16:16] [info] Evento ID: 1, Nombre: Microsoft, Jugadores terminados: 8/8
[2024-11-06 11:16:46] [info] Iniciando actualización de estados de eventos. Fecha actual: 2024-11-06 11:16:46
[2024-11-06 11:16:46] [info] Eventos finalizados actualizados: 0
[2024-11-06 11:16:46] [info] Jugadores actualizados a terminado: 0
[2024-11-06 11:16:46] [info] Eventos iniciados: 0
[2024-11-06 11:16:46] [info] Evento ID: 1, Nombre: Microsoft, Jugadores terminados: 8/8
[2024-11-06 11:17:16] [info] Iniciando actualización de estados de eventos. Fecha actual: 2024-11-06 11:17:16
[2024-11-06 11:17:16] [info] Eventos finalizados actualizados: 0
[2024-11-06 11:17:16] [info] Jugadores actualizados a terminado: 0
[2024-11-06 11:17:16] [info] Eventos iniciados: 0
[2024-11-06 11:17:16] [info] Evento ID: 1, Nombre: Microsoft, Jugadores terminados: 8/8
[2024-11-06 11:17:46] [info] Iniciando actualización de estados de eventos. Fecha actual: 2024-11-06 11:17:46
[2024-11-06 11:17:46] [info] Eventos finalizados actualizados: 0
[2024-11-06 11:17:46] [info] Jugadores actualizados a terminado: 0
[2024-11-06 11:17:46] [info] Eventos iniciados: 0
[2024-11-06 11:17:46] [info] Evento ID: 1, Nombre: Microsoft, Jugadores terminados: 8/8
[2024-11-06 11:18:16] [info] Iniciando actualización de estados de eventos. Fecha actual: 2024-11-06 11:18:16
[2024-11-06 11:18:16] [info] Eventos finalizados actualizados: 0
[2024-11-06 11:18:16] [info] Jugadores actualizados a terminado: 0
[2024-11-06 11:18:16] [info] Eventos iniciados: 0
[2024-11-06 11:18:16] [info] Evento ID: 1, Nombre: Microsoft, Jugadores terminados: 8/8
[2024-11-06 11:18:46] [info] Iniciando actualización de estados de eventos. Fecha actual: 2024-11-06 11:18:46
[2024-11-06 11:18:46] [info] Eventos finalizados actualizados: 0
[2024-11-06 11:18:46] [info] Jugadores actualizados a terminado: 0
[2024-11-06 11:18:46] [info] Eventos iniciados: 0
[2024-11-06 11:18:46] [info] Evento ID: 1, Nombre: Microsoft, Jugadores terminados: 8/8
[2024-11-06 11:19:16] [info] Iniciando actualización de estados de eventos. Fecha actual: 2024-11-06 11:19:16
[2024-11-06 11:19:16] [info] Eventos finalizados actualizados: 0
[2024-11-06 11:19:16] [info] Jugadores actualizados a terminado: 0
[2024-11-06 11:19:16] [info] Eventos iniciados: 0
[2024-11-06 11:19:16] [info] Evento ID: 1, Nombre: Microsoft, Jugadores terminados: 8/8
[2024-11-06 11:19:46] [info] Iniciando actualización de estados de eventos. Fecha actual: 2024-11-06 11:19:46
[2024-11-06 11:19:46] [info] Eventos finalizados actualizados: 0
[2024-11-06 11:19:46] [info] Jugadores actualizados a terminado: 0
[2024-11-06 11:19:46] [info] Eventos iniciados: 0
[2024-11-06 11:19:46] [info] Evento ID: 1, Nombre: Microsoft, Jugadores terminados: 8/8
[2024-11-06 11:20:16] [info] Iniciando actualización de estados de eventos. Fecha actual: 2024-11-06 11:20:16
[2024-11-06 11:20:16] [info] Eventos finalizados actualizados: 0
[2024-11-06 11:20:16] [info] Jugadores actualizados a terminado: 0
[2024-11-06 11:20:16] [info] Eventos iniciados: 0
[2024-11-06 11:20:16] [info] Evento ID: 1, Nombre: Microsoft, Jugadores terminados: 8/8
[2024-11-06 11:20:46] [info] Iniciando actualización de estados de eventos. Fecha actual: 2024-11-06 11:20:46
[2024-11-06 11:20:46] [info] Eventos finalizados actualizados: 0
[2024-11-06 11:20:46] [info] Jugadores actualizados a terminado: 0
[2024-11-06 11:20:46] [info] Eventos iniciados: 0
[2024-11-06 11:20:46] [info] Evento ID: 1, Nombre: Microsoft, Jugadores terminados: 8/8
[2024-11-06 11:21:16] [info] Iniciando actualización de estados de eventos. Fecha actual: 2024-11-06 11:21:16
[2024-11-06 11:21:16] [info] Eventos finalizados actualizados: 0
[2024-11-06 11:21:16] [info] Jugadores actualizados a terminado: 0
[2024-11-06 11:21:16] [info] Eventos iniciados: 0
[2024-11-06 11:21:16] [info] Evento ID: 1, Nombre: Microsoft, Jugadores terminados: 8/8
[2024-11-06 11:21:46] [info] Iniciando actualización de estados de eventos. Fecha actual: 2024-11-06 11:21:46
[2024-11-06 11:21:46] [info] Eventos finalizados actualizados: 0
[2024-11-06 11:21:47] [info] Jugadores actualizados a terminado: 0
[2024-11-06 11:21:47] [info] Eventos iniciados: 0
[2024-11-06 11:21:47] [info] Evento ID: 1, Nombre: Microsoft, Jugadores terminados: 8/8
[2024-11-06 11:22:16] [info] Iniciando actualización de estados de eventos. Fecha actual: 2024-11-06 11:22:16
[2024-11-06 11:22:16] [info] Eventos finalizados actualizados: 0
[2024-11-06 11:22:16] [info] Jugadores actualizados a terminado: 0
[2024-11-06 11:22:16] [info] Eventos iniciados: 0
[2024-11-06 11:22:16] [info] Evento ID: 1, Nombre: Microsoft, Jugadores terminados: 8/8
[2024-11-06 11:22:40] [info] Iniciando actualización de estados de eventos. Fecha actual: 2024-11-06 11:22:40
[2024-11-06 11:22:40] [info] Eventos finalizados actualizados: 0
[2024-11-06 11:22:40] [info] Jugadores actualizados a terminado: 0
[2024-11-06 11:22:40] [info] Eventos iniciados: 0
[2024-11-06 11:22:40] [info] Evento ID: 1, Nombre: Microsoft, Jugadores terminados: 8/8
[2024-11-06 11:22:43] [info] Iniciando actualización de estados de eventos. Fecha actual: 2024-11-06 11:22:43
[2024-11-06 11:22:43] [info] Eventos finalizados actualizados: 0
[2024-11-06 11:22:43] [info] Jugadores actualizados a terminado: 0
[2024-11-06 11:22:43] [info] Eventos iniciados: 0
[2024-11-06 11:22:43] [info] Evento ID: 1, Nombre: Microsoft, Jugadores terminados: 8/8
[2024-11-06 11:22:47] [info] Iniciando actualización de estados de eventos. Fecha actual: 2024-11-06 11:22:47
[2024-11-06 11:22:47] [info] Eventos finalizados actualizados: 0
[2024-11-06 11:22:47] [info] Jugadores actualizados a terminado: 0
[2024-11-06 11:22:47] [info] Eventos iniciados: 0
[2024-11-06 11:22:47] [info] Evento ID: 1, Nombre: Microsoft, Jugadores terminados: 8/8
[2024-11-06 11:23:19] [info] Iniciando actualización de estados de eventos. Fecha actual: 2024-11-06 11:23:19
[2024-11-06 11:23:19] [info] Eventos finalizados actualizados: 0
[2024-11-06 11:23:19] [info] Jugadores actualizados a terminado: 0
[2024-11-06 11:23:19] [info] Eventos iniciados: 0
[2024-11-06 11:23:19] [info] Evento ID: 1, Nombre: Microsoft, Jugadores terminados: 8/8
[2024-11-06 11:23:49] [info] Iniciando actualización de estados de eventos. Fecha actual: 2024-11-06 11:23:49
[2024-11-06 11:23:49] [info] Eventos finalizados actualizados: 0
[2024-11-06 11:23:49] [info] Jugadores actualizados a terminado: 0
[2024-11-06 11:23:49] [info] Eventos iniciados: 0
[2024-11-06 11:23:49] [info] Evento ID: 1, Nombre: Microsoft, Jugadores terminados: 8/8
[2024-11-06 11:24:19] [info] Iniciando actualización de estados de eventos. Fecha actual: 2024-11-06 11:24:19
[2024-11-06 11:24:19] [info] Eventos finalizados actualizados: 0
[2024-11-06 11:24:19] [info] Jugadores actualizados a terminado: 0
[2024-11-06 11:24:19] [info] Eventos iniciados: 0
[2024-11-06 11:24:19] [info] Evento ID: 1, Nombre: Microsoft, Jugadores terminados: 8/8
[2024-11-06 11:24:49] [info] Iniciando actualización de estados de eventos. Fecha actual: 2024-11-06 11:24:49
[2024-11-06 11:24:49] [info] Eventos finalizados actualizados: 0
[2024-11-06 11:24:49] [info] Jugadores actualizados a terminado: 0
[2024-11-06 11:24:49] [info] Eventos iniciados: 0
[2024-11-06 11:24:49] [info] Evento ID: 1, Nombre: Microsoft, Jugadores terminados: 8/8
[2024-11-06 11:25:20] [info] Iniciando actualización de estados de eventos. Fecha actual: 2024-11-06 11:25:20
[2024-11-06 11:25:20] [info] Eventos finalizados actualizados: 0
[2024-11-06 11:25:20] [info] Jugadores actualizados a terminado: 0
[2024-11-06 11:25:20] [info] Eventos iniciados: 0
[2024-11-06 11:25:20] [info] Evento ID: 1, Nombre: Microsoft, Jugadores terminados: 8/8
[2024-11-06 11:25:50] [info] Iniciando actualización de estados de eventos. Fecha actual: 2024-11-06 11:25:50
[2024-11-06 11:25:50] [info] Eventos finalizados actualizados: 0
[2024-11-06 11:25:50] [info] Jugadores actualizados a terminado: 0
[2024-11-06 11:25:50] [info] Eventos iniciados: 0
[2024-11-06 11:25:50] [info] Evento ID: 1, Nombre: Microsoft, Jugadores terminados: 8/8
[2024-11-06 11:26:20] [info] Iniciando actualización de estados de eventos. Fecha actual: 2024-11-06 11:26:20
[2024-11-06 11:26:20] [info] Eventos finalizados actualizados: 0
[2024-11-06 11:26:20] [info] Jugadores actualizados a terminado: 0
[2024-11-06 11:26:20] [info] Eventos iniciados: 0
[2024-11-06 11:26:20] [info] Evento ID: 1, Nombre: Microsoft, Jugadores terminados: 8/8
[2024-11-06 11:26:50] [info] Iniciando actualización de estados de eventos. Fecha actual: 2024-11-06 11:26:50
[2024-11-06 11:26:50] [info] Eventos finalizados actualizados: 0
[2024-11-06 11:26:50] [info] Jugadores actualizados a terminado: 0
[2024-11-06 11:26:50] [info] Eventos iniciados: 0
[2024-11-06 11:26:50] [info] Evento ID: 1, Nombre: Microsoft, Jugadores terminados: 8/8
[2024-11-06 11:26:53] [info] Iniciando actualización de estados de eventos. Fecha actual: 2024-11-06 11:26:53
[2024-11-06 11:26:53] [info] Eventos finalizados actualizados: 0
[2024-11-06 11:26:53] [info] Jugadores actualizados a terminado: 0
[2024-11-06 11:26:53] [info] Eventos iniciados: 0
[2024-11-06 11:26:53] [info] Evento ID: 1, Nombre: Microsoft, Jugadores terminados: 8/8
[2024-11-06 11:26:55] [info] Iniciando actualización de estados de eventos. Fecha actual: 2024-11-06 11:26:55
[2024-11-06 11:26:55] [info] Eventos finalizados actualizados: 0
[2024-11-06 11:26:55] [info] Jugadores actualizados a terminado: 0
[2024-11-06 11:26:55] [info] Eventos iniciados: 0
[2024-11-06 11:26:55] [info] Evento ID: 1, Nombre: Microsoft, Jugadores terminados: 8/8
[2024-11-06 11:26:56] [info] Iniciando actualización de estados de eventos. Fecha actual: 2024-11-06 11:26:56
[2024-11-06 11:26:56] [info] Eventos finalizados actualizados: 0
[2024-11-06 11:26:56] [info] Jugadores actualizados a terminado: 0
[2024-11-06 11:26:56] [info] Eventos iniciados: 0
[2024-11-06 11:26:56] [info] Evento ID: 1, Nombre: Microsoft, Jugadores terminados: 8/8
[2024-11-06 11:27:19] [info] Iniciando actualización de estados de eventos. Fecha actual: 2024-11-06 11:27:19
[2024-11-06 11:27:19] [info] Eventos finalizados actualizados: 0
[2024-11-06 11:27:19] [info] Jugadores actualizados a terminado: 0
[2024-11-06 11:27:19] [info] Eventos iniciados: 0
[2024-11-06 11:27:19] [info] Evento ID: 1, Nombre: Microsoft, Jugadores terminados: 8/8
[2024-11-06 11:27:21] [info] Iniciando actualización de estados de eventos. Fecha actual: 2024-11-06 11:27:21
[2024-11-06 11:27:21] [info] Eventos finalizados actualizados: 0
[2024-11-06 11:27:21] [info] Jugadores actualizados a terminado: 0
[2024-11-06 11:27:21] [info] Eventos iniciados: 0
[2024-11-06 11:27:21] [info] Evento ID: 1, Nombre: Microsoft, Jugadores terminados: 8/8
[2024-11-06 11:27:22] [info] Iniciando actualización de estados de eventos. Fecha actual: 2024-11-06 11:27:22
[2024-11-06 11:27:22] [info] Eventos finalizados actualizados: 0
[2024-11-06 11:27:22] [info] Jugadores actualizados a terminado: 0
[2024-11-06 11:27:22] [info] Eventos iniciados: 0
[2024-11-06 11:27:22] [info] Evento ID: 1, Nombre: Microsoft, Jugadores terminados: 8/8
[2024-11-06 11:27:52] [info] Iniciando actualización de estados de eventos. Fecha actual: 2024-11-06 11:27:52
[2024-11-06 11:27:52] [info] Eventos finalizados actualizados: 0
[2024-11-06 11:27:52] [info] Jugadores actualizados a terminado: 0
[2024-11-06 11:27:52] [info] Eventos iniciados: 0
[2024-11-06 11:27:52] [info] Evento ID: 1, Nombre: Microsoft, Jugadores terminados: 8/8
[2024-11-06 11:28:22] [info] Iniciando actualización de estados de eventos. Fecha actual: 2024-11-06 11:28:22
[2024-11-06 11:28:22] [info] Eventos finalizados actualizados: 0
[2024-11-06 11:28:22] [info] Jugadores actualizados a terminado: 0
[2024-11-06 11:28:22] [info] Eventos iniciados: 0
[2024-11-06 11:28:22] [info] Evento ID: 1, Nombre: Microsoft, Jugadores terminados: 8/8
[2024-11-06 11:28:53] [info] Iniciando actualización de estados de eventos. Fecha actual: 2024-11-06 11:28:53
[2024-11-06 11:28:53] [info] Eventos finalizados actualizados: 0
[2024-11-06 11:28:53] [info] Jugadores actualizados a terminado: 0
[2024-11-06 11:28:53] [info] Eventos iniciados: 0
[2024-11-06 11:28:53] [info] Evento ID: 1, Nombre: Microsoft, Jugadores terminados: 8/8
[2024-11-06 11:29:23] [info] Iniciando actualización de estados de eventos. Fecha actual: 2024-11-06 11:29:23
[2024-11-06 11:29:23] [info] Eventos finalizados actualizados: 0
[2024-11-06 11:29:23] [info] Jugadores actualizados a terminado: 0
[2024-11-06 11:29:23] [info] Eventos iniciados: 0
[2024-11-06 11:29:23] [info] Evento ID: 1, Nombre: Microsoft, Jugadores terminados: 8/8
[2024-11-06 11:29:53] [info] Iniciando actualización de estados de eventos. Fecha actual: 2024-11-06 11:29:53
[2024-11-06 11:29:53] [info] Eventos finalizados actualizados: 0
[2024-11-06 11:29:53] [info] Jugadores actualizados a terminado: 0
[2024-11-06 11:29:53] [info] Eventos iniciados: 0
[2024-11-06 11:29:53] [info] Evento ID: 1, Nombre: Microsoft, Jugadores terminados: 8/8
[2024-11-06 11:30:23] [info] Iniciando actualización de estados de eventos. Fecha actual: 2024-11-06 11:30:23
[2024-11-06 11:30:23] [info] Eventos finalizados actualizados: 0
[2024-11-06 11:30:23] [info] Jugadores actualizados a terminado: 0
[2024-11-06 11:30:23] [info] Eventos iniciados: 0
[2024-11-06 11:30:23] [info] Evento ID: 1, Nombre: Microsoft, Jugadores terminados: 8/8
[2024-11-06 11:30:53] [info] Iniciando actualización de estados de eventos. Fecha actual: 2024-11-06 11:30:53
[2024-11-06 11:30:53] [info] Eventos finalizados actualizados: 0
[2024-11-06 11:30:53] [info] Jugadores actualizados a terminado: 0
[2024-11-06 11:30:53] [info] Eventos iniciados: 0
[2024-11-06 11:30:53] [info] Evento ID: 1, Nombre: Microsoft, Jugadores terminados: 8/8
[2024-11-06 11:31:23] [info] Iniciando actualización de estados de eventos. Fecha actual: 2024-11-06 11:31:23
[2024-11-06 11:31:23] [info] Eventos finalizados actualizados: 0
[2024-11-06 11:31:23] [info] Jugadores actualizados a terminado: 0
[2024-11-06 11:31:23] [info] Eventos iniciados: 0
[2024-11-06 11:31:23] [info] Evento ID: 1, Nombre: Microsoft, Jugadores terminados: 8/8
[2024-11-06 11:31:53] [info] Iniciando actualización de estados de eventos. Fecha actual: 2024-11-06 11:31:53
[2024-11-06 11:31:53] [info] Eventos finalizados actualizados: 0
[2024-11-06 11:31:53] [info] Jugadores actualizados a terminado: 0
[2024-11-06 11:31:53] [info] Eventos iniciados: 0
[2024-11-06 11:31:53] [info] Evento ID: 1, Nombre: Microsoft, Jugadores terminados: 8/8
[2024-11-06 11:32:24] [info] Iniciando actualización de estados de eventos. Fecha actual: 2024-11-06 11:32:24
[2024-11-06 11:32:24] [info] Eventos finalizados actualizados: 0
[2024-11-06 11:32:24] [info] Jugadores actualizados a terminado: 0
[2024-11-06 11:32:24] [info] Eventos iniciados: 0
[2024-11-06 11:32:24] [info] Evento ID: 1, Nombre: Microsoft, Jugadores terminados: 8/8
[2024-11-06 11:32:54] [info] Iniciando actualización de estados de eventos. Fecha actual: 2024-11-06 11:32:54
[2024-11-06 11:32:54] [info] Eventos finalizados actualizados: 0
[2024-11-06 11:32:54] [info] Jugadores actualizados a terminado: 0
[2024-11-06 11:32:54] [info] Eventos iniciados: 0
[2024-11-06 11:32:54] [info] Evento ID: 1, Nombre: Microsoft, Jugadores terminados: 8/8
[2024-11-06 11:33:24] [info] Iniciando actualización de estados de eventos. Fecha actual: 2024-11-06 11:33:24
[2024-11-06 11:33:24] [info] Eventos finalizados actualizados: 0
[2024-11-06 11:33:24] [info] Jugadores actualizados a terminado: 0
[2024-11-06 11:33:24] [info] Eventos iniciados: 0
[2024-11-06 11:33:24] [info] Evento ID: 1, Nombre: Microsoft, Jugadores terminados: 8/8
[2024-11-06 11:33:54] [info] Iniciando actualización de estados de eventos. Fecha actual: 2024-11-06 11:33:54
[2024-11-06 11:33:54] [info] Eventos finalizados actualizados: 0
[2024-11-06 11:33:54] [info] Jugadores actualizados a terminado: 0
[2024-11-06 11:33:54] [info] Eventos iniciados: 0
[2024-11-06 11:33:54] [info] Evento ID: 1, Nombre: Microsoft, Jugadores terminados: 8/8
[2024-11-06 11:34:24] [info] Iniciando actualización de estados de eventos. Fecha actual: 2024-11-06 11:34:24
[2024-11-06 11:34:24] [info] Eventos finalizados actualizados: 0
[2024-11-06 11:34:24] [info] Jugadores actualizados a terminado: 0
[2024-11-06 11:34:24] [info] Eventos iniciados: 0
[2024-11-06 11:34:24] [info] Evento ID: 1, Nombre: Microsoft, Jugadores terminados: 8/8
[2024-11-06 11:34:54] [info] Iniciando actualización de estados de eventos. Fecha actual: 2024-11-06 11:34:54
[2024-11-06 11:34:54] [info] Eventos finalizados actualizados: 0
[2024-11-06 11:34:54] [info] Jugadores actualizados a terminado: 0
[2024-11-06 11:34:54] [info] Eventos iniciados: 0
[2024-11-06 11:34:54] [info] Evento ID: 1, Nombre: Microsoft, Jugadores terminados: 8/8
[2024-11-06 11:35:24] [info] Iniciando actualización de estados de eventos. Fecha actual: 2024-11-06 11:35:24
[2024-11-06 11:35:24] [info] Eventos finalizados actualizados: 0
[2024-11-06 11:35:24] [info] Jugadores actualizados a terminado: 0
[2024-11-06 11:35:24] [info] Eventos iniciados: 0
[2024-11-06 11:35:24] [info] Evento ID: 1, Nombre: Microsoft, Jugadores terminados: 8/8
[2024-11-06 11:35:54] [info] Iniciando actualización de estados de eventos. Fecha actual: 2024-11-06 11:35:54
[2024-11-06 11:35:54] [info] Eventos finalizados actualizados: 0
[2024-11-06 11:35:54] [info] Jugadores actualizados a terminado: 0
[2024-11-06 11:35:54] [info] Eventos iniciados: 0
[2024-11-06 11:35:54] [info] Evento ID: 1, Nombre: Microsoft, Jugadores terminados: 8/8
[2024-11-06 11:36:25] [info] Iniciando actualización de estados de eventos. Fecha actual: 2024-11-06 11:36:25
[2024-11-06 11:36:25] [info] Eventos finalizados actualizados: 0
[2024-11-06 11:36:25] [info] Jugadores actualizados a terminado: 0
[2024-11-06 11:36:25] [info] Eventos iniciados: 0
[2024-11-06 11:36:25] [info] Evento ID: 1, Nombre: Microsoft, Jugadores terminados: 8/8
[2024-11-06 11:36:55] [info] Iniciando actualización de estados de eventos. Fecha actual: 2024-11-06 11:36:55
[2024-11-06 11:36:55] [info] Eventos finalizados actualizados: 0
[2024-11-06 11:36:55] [info] Jugadores actualizados a terminado: 0
[2024-11-06 11:36:55] [info] Eventos iniciados: 0
[2024-11-06 11:36:55] [info] Evento ID: 1, Nombre: Microsoft, Jugadores terminados: 8/8
[2024-11-06 11:37:25] [info] Iniciando actualización de estados de eventos. Fecha actual: 2024-11-06 11:37:25
[2024-11-06 11:37:25] [info] Eventos finalizados actualizados: 0
[2024-11-06 11:37:25] [info] Jugadores actualizados a terminado: 0
[2024-11-06 11:37:25] [info] Eventos iniciados: 0
[2024-11-06 11:37:25] [info] Evento ID: 1, Nombre: Microsoft, Jugadores terminados: 8/8
[2024-11-06 11:37:55] [info] Iniciando actualización de estados de eventos. Fecha actual: 2024-11-06 11:37:55
[2024-11-06 11:37:55] [info] Eventos finalizados actualizados: 0
[2024-11-06 11:37:55] [info] Jugadores actualizados a terminado: 0
[2024-11-06 11:37:55] [info] Eventos iniciados: 0
[2024-11-06 11:37:55] [info] Evento ID: 1, Nombre: Microsoft, Jugadores terminados: 8/8
[2024-11-06 11:38:25] [info] Iniciando actualización de estados de eventos. Fecha actual: 2024-11-06 11:38:25
[2024-11-06 11:38:25] [info] Eventos finalizados actualizados: 0
[2024-11-06 11:38:25] [info] Jugadores actualizados a terminado: 0
[2024-11-06 11:38:25] [info] Eventos iniciados: 0
[2024-11-06 11:38:25] [info] Evento ID: 1, Nombre: Microsoft, Jugadores terminados: 8/8
[2024-11-06 11:38:55] [info] Iniciando actualización de estados de eventos. Fecha actual: 2024-11-06 11:38:55
[2024-11-06 11:38:55] [info] Eventos finalizados actualizados: 0
[2024-11-06 11:38:55] [info] Jugadores actualizados a terminado: 0
[2024-11-06 11:38:55] [info] Eventos iniciados: 0
[2024-11-06 11:38:55] [info] Evento ID: 1, Nombre: Microsoft, Jugadores terminados: 8/8
[2024-11-06 11:39:25] [info] Iniciando actualización de estados de eventos. Fecha actual: 2024-11-06 11:39:25
[2024-11-06 11:39:25] [info] Eventos finalizados actualizados: 0
[2024-11-06 11:39:25] [info] Jugadores actualizados a terminado: 0
[2024-11-06 11:39:25] [info] Eventos iniciados: 0
[2024-11-06 11:39:25] [info] Evento ID: 1, Nombre: Microsoft, Jugadores terminados: 8/8
[2024-11-06 11:39:55] [info] Iniciando actualización de estados de eventos. Fecha actual: 2024-11-06 11:39:55
[2024-11-06 11:39:55] [info] Eventos finalizados actualizados: 0
[2024-11-06 11:39:55] [info] Jugadores actualizados a terminado: 0
[2024-11-06 11:39:55] [info] Eventos iniciados: 0
[2024-11-06 11:39:55] [info] Evento ID: 1, Nombre: Microsoft, Jugadores terminados: 8/8
[2024-11-06 11:40:26] [info] Iniciando actualización de estados de eventos. Fecha actual: 2024-11-06 11:40:26
[2024-11-06 11:40:26] [info] Eventos finalizados actualizados: 0
[2024-11-06 11:40:26] [info] Jugadores actualizados a terminado: 0
[2024-11-06 11:40:26] [info] Eventos iniciados: 0
[2024-11-06 11:40:26] [info] Evento ID: 1, Nombre: Microsoft, Jugadores terminados: 8/8
[2024-11-06 11:40:56] [info] Iniciando actualización de estados de eventos. Fecha actual: 2024-11-06 11:40:56
[2024-11-06 11:40:56] [info] Eventos finalizados actualizados: 0
[2024-11-06 11:40:56] [info] Jugadores actualizados a terminado: 0
[2024-11-06 11:40:56] [info] Eventos iniciados: 0
[2024-11-06 11:40:56] [info] Evento ID: 1, Nombre: Microsoft, Jugadores terminados: 8/8
[2024-11-06 11:41:26] [info] Iniciando actualización de estados de eventos. Fecha actual: 2024-11-06 11:41:26
[2024-11-06 11:41:26] [info] Eventos finalizados actualizados: 0
[2024-11-06 11:41:26] [info] Jugadores actualizados a terminado: 0
[2024-11-06 11:41:26] [info] Eventos iniciados: 0
[2024-11-06 11:41:26] [info] Evento ID: 1, Nombre: Microsoft, Jugadores terminados: 8/8
[2024-11-06 11:41:56] [info] Iniciando actualización de estados de eventos. Fecha actual: 2024-11-06 11:41:56
[2024-11-06 11:41:56] [info] Eventos finalizados actualizados: 0
[2024-11-06 11:41:56] [info] Jugadores actualizados a terminado: 0
[2024-11-06 11:41:56] [info] Eventos iniciados: 0
[2024-11-06 11:41:56] [info] Evento ID: 1, Nombre: Microsoft, Jugadores terminados: 8/8
[2024-11-06 11:42:26] [info] Iniciando actualización de estados de eventos. Fecha actual: 2024-11-06 11:42:26
[2024-11-06 11:42:26] [info] Eventos finalizados actualizados: 0
[2024-11-06 11:42:26] [info] Jugadores actualizados a terminado: 0
[2024-11-06 11:42:26] [info] Eventos iniciados: 0
[2024-11-06 11:42:26] [info] Evento ID: 1, Nombre: Microsoft, Jugadores terminados: 8/8
[2024-11-06 11:42:56] [info] Iniciando actualización de estados de eventos. Fecha actual: 2024-11-06 11:42:56
[2024-11-06 11:42:56] [info] Eventos finalizados actualizados: 0
[2024-11-06 11:42:56] [info] Jugadores actualizados a terminado: 0
[2024-11-06 11:42:56] [info] Eventos iniciados: 0
[2024-11-06 11:42:56] [info] Evento ID: 1, Nombre: Microsoft, Jugadores terminados: 8/8
[2024-11-06 11:43:27] [info] Iniciando actualización de estados de eventos. Fecha actual: 2024-11-06 11:43:27
[2024-11-06 11:43:27] [info] Eventos finalizados actualizados: 0
[2024-11-06 11:43:27] [info] Jugadores actualizados a terminado: 0
[2024-11-06 11:43:27] [info] Eventos iniciados: 0
[2024-11-06 11:43:27] [info] Evento ID: 1, Nombre: Microsoft, Jugadores terminados: 8/8
[2024-11-06 11:44:01] [info] Iniciando actualización de estados de eventos. Fecha actual: 2024-11-06 11:44:01
[2024-11-06 11:44:01] [info] Eventos finalizados actualizados: 0
[2024-11-06 11:44:01] [info] Jugadores actualizados a terminado: 0
[2024-11-06 11:44:01] [info] Eventos iniciados: 0
[2024-11-06 11:44:01] [info] Evento ID: 1, Nombre: Microsoft, Jugadores terminados: 8/8
[2024-11-06 11:44:31] [info] Iniciando actualización de estados de eventos. Fecha actual: 2024-11-06 11:44:31
[2024-11-06 11:44:31] [info] Eventos finalizados actualizados: 0
[2024-11-06 11:44:31] [info] Jugadores actualizados a terminado: 0
[2024-11-06 11:44:31] [info] Eventos iniciados: 0
[2024-11-06 11:44:31] [info] Evento ID: 1, Nombre: Microsoft, Jugadores terminados: 8/8
[2024-11-06 11:44:48] [info] Iniciando actualización de estados de eventos. Fecha actual: 2024-11-06 11:44:48
[2024-11-06 11:44:48] [info] Eventos finalizados actualizados: 0
[2024-11-06 11:44:48] [info] Jugadores actualizados a terminado: 0
[2024-11-06 11:44:48] [info] Eventos iniciados: 0
[2024-11-06 11:44:48] [info] Evento ID: 1, Nombre: Microsoft, Jugadores terminados: 8/8
[2024-11-06 11:44:50] [info] Iniciando actualización de estados de eventos. Fecha actual: 2024-11-06 11:44:50
[2024-11-06 11:44:50] [info] Eventos finalizados actualizados: 0
[2024-11-06 11:44:50] [info] Jugadores actualizados a terminado: 0
[2024-11-06 11:44:50] [info] Eventos iniciados: 0
[2024-11-06 11:44:50] [info] Evento ID: 1, Nombre: Microsoft, Jugadores terminados: 8/8
[2024-11-06 11:44:51] [info] Iniciando actualización de estados de eventos. Fecha actual: 2024-11-06 11:44:51
[2024-11-06 11:44:51] [info] Eventos finalizados actualizados: 0
[2024-11-06 11:44:51] [info] Jugadores actualizados a terminado: 0
[2024-11-06 11:44:51] [info] Eventos iniciados: 0
[2024-11-06 11:44:51] [info] Evento ID: 1, Nombre: Microsoft, Jugadores terminados: 8/8
[2024-11-06 11:45:24] [info] Iniciando actualización de estados de eventos. Fecha actual: 2024-11-06 11:45:24
[2024-11-06 11:45:24] [info] Eventos finalizados actualizados: 0
[2024-11-06 11:45:24] [info] Jugadores actualizados a terminado: 0
[2024-11-06 11:45:24] [info] Eventos iniciados: 0
[2024-11-06 11:45:24] [info] Evento ID: 1, Nombre: Microsoft, Jugadores terminados: 8/8
[2024-11-06 11:45:55] [info] Iniciando actualización de estados de eventos. Fecha actual: 2024-11-06 11:45:55
[2024-11-06 11:45:55] [info] Eventos finalizados actualizados: 0
[2024-11-06 11:45:55] [info] Jugadores actualizados a terminado: 0
[2024-11-06 11:45:55] [info] Eventos iniciados: 0
[2024-11-06 11:45:55] [info] Evento ID: 1, Nombre: Microsoft, Jugadores terminados: 8/8
[2024-11-06 11:45:56] [info] Iniciando actualización de estados de eventos. Fecha actual: 2024-11-06 11:45:56
[2024-11-06 11:45:56] [info] Eventos finalizados actualizados: 0
[2024-11-06 11:45:56] [info] Jugadores actualizados a terminado: 0
[2024-11-06 11:45:56] [info] Eventos iniciados: 0
[2024-11-06 11:45:56] [info] Evento ID: 1, Nombre: Microsoft, Jugadores terminados: 8/8
[2024-11-06 11:45:57] [info] Iniciando actualización de estados de eventos. Fecha actual: 2024-11-06 11:45:57
[2024-11-06 11:45:57] [info] Eventos finalizados actualizados: 0
[2024-11-06 11:45:57] [info] Jugadores actualizados a terminado: 0
[2024-11-06 11:45:57] [info] Eventos iniciados: 0
[2024-11-06 11:45:57] [info] Evento ID: 1, Nombre: Microsoft, Jugadores terminados: 8/8
[2024-11-06 11:46:28] [info] Iniciando actualización de estados de eventos. Fecha actual: 2024-11-06 11:46:28
[2024-11-06 11:46:28] [info] Eventos finalizados actualizados: 0
[2024-11-06 11:46:28] [info] Jugadores actualizados a terminado: 0
[2024-11-06 11:46:28] [info] Eventos iniciados: 0
[2024-11-06 11:46:28] [info] Evento ID: 1, Nombre: Microsoft, Jugadores terminados: 8/8
[2024-11-06 11:46:37] [info] Iniciando actualización de estados de eventos. Fecha actual: 2024-11-06 11:46:37
[2024-11-06 11:46:37] [info] Eventos finalizados actualizados: 0
[2024-11-06 11:46:37] [info] Jugadores actualizados a terminado: 0
[2024-11-06 11:46:37] [info] Eventos iniciados: 0
[2024-11-06 11:46:37] [info] Evento ID: 1, Nombre: Microsoft, Jugadores terminados: 8/8
[2024-11-06 11:46:39] [info] Iniciando actualización de estados de eventos. Fecha actual: 2024-11-06 11:46:39
[2024-11-06 11:46:39] [info] Eventos finalizados actualizados: 0
[2024-11-06 11:46:39] [info] Jugadores actualizados a terminado: 0
[2024-11-06 11:46:39] [info] Eventos iniciados: 0
[2024-11-06 11:46:39] [info] Evento ID: 1, Nombre: Microsoft, Jugadores terminados: 8/8
[2024-11-06 11:47:09] [info] Iniciando actualización de estados de eventos. Fecha actual: 2024-11-06 11:47:09
[2024-11-06 11:47:09] [info] Eventos finalizados actualizados: 0
[2024-11-06 11:47:09] [info] Jugadores actualizados a terminado: 0
[2024-11-06 11:47:09] [info] Eventos iniciados: 0
[2024-11-06 11:47:09] [info] Evento ID: 1, Nombre: Microsoft, Jugadores terminados: 8/8
[2024-11-06 11:47:39] [info] Iniciando actualización de estados de eventos. Fecha actual: 2024-11-06 11:47:39
[2024-11-06 11:47:39] [info] Eventos finalizados actualizados: 0
[2024-11-06 11:47:39] [info] Jugadores actualizados a terminado: 0
[2024-11-06 11:47:39] [info] Eventos iniciados: 0
[2024-11-06 11:47:39] [info] Evento ID: 1, Nombre: Microsoft, Jugadores terminados: 8/8
[2024-11-06 11:48:09] [info] Iniciando actualización de estados de eventos. Fecha actual: 2024-11-06 11:48:09
[2024-11-06 11:48:09] [info] Eventos finalizados actualizados: 0
[2024-11-06 11:48:09] [info] Jugadores actualizados a terminado: 0
[2024-11-06 11:48:09] [info] Eventos iniciados: 0
[2024-11-06 11:48:09] [info] Evento ID: 1, Nombre: Microsoft, Jugadores terminados: 8/8
[2024-11-06 11:48:39] [info] Iniciando actualización de estados de eventos. Fecha actual: 2024-11-06 11:48:39
[2024-11-06 11:48:39] [info] Eventos finalizados actualizados: 0
[2024-11-06 11:48:39] [info] Jugadores actualizados a terminado: 0
[2024-11-06 11:48:39] [info] Eventos iniciados: 0
[2024-11-06 11:48:39] [info] Evento ID: 1, Nombre: Microsoft, Jugadores terminados: 8/8
[2024-11-06 11:49:12] [info] Iniciando actualización de estados de eventos. Fecha actual: 2024-11-06 11:49:12
[2024-11-06 11:49:12] [info] Eventos finalizados actualizados: 0
[2024-11-06 11:49:12] [info] Jugadores actualizados a terminado: 0
[2024-11-06 11:49:12] [info] Eventos iniciados: 0
[2024-11-06 11:49:12] [info] Evento ID: 1, Nombre: Microsoft, Jugadores terminados: 8/8
[2024-11-06 11:49:42] [info] Iniciando actualización de estados de eventos. Fecha actual: 2024-11-06 11:49:42
[2024-11-06 11:49:42] [info] Eventos finalizados actualizados: 0
[2024-11-06 11:49:42] [info] Jugadores actualizados a terminado: 0
[2024-11-06 11:49:42] [info] Eventos iniciados: 0
[2024-11-06 11:49:42] [info] Evento ID: 1, Nombre: Microsoft, Jugadores terminados: 8/8
[2024-11-06 11:50:12] [info] Iniciando actualización de estados de eventos. Fecha actual: 2024-11-06 11:50:12
[2024-11-06 11:50:12] [info] Eventos finalizados actualizados: 0
[2024-11-06 11:50:12] [info] Jugadores actualizados a terminado: 0
[2024-11-06 11:50:12] [info] Eventos iniciados: 0
[2024-11-06 11:50:12] [info] Evento ID: 1, Nombre: Microsoft, Jugadores terminados: 8/8
[2024-11-06 11:50:43] [info] Iniciando actualización de estados de eventos. Fecha actual: 2024-11-06 11:50:43
[2024-11-06 11:50:43] [info] Eventos finalizados actualizados: 0
[2024-11-06 11:50:43] [info] Jugadores actualizados a terminado: 0
[2024-11-06 11:50:43] [info] Eventos iniciados: 0
[2024-11-06 11:50:43] [info] Evento ID: 1, Nombre: Microsoft, Jugadores terminados: 8/8
[2024-11-06 11:51:13] [info] Iniciando actualización de estados de eventos. Fecha actual: 2024-11-06 11:51:13
[2024-11-06 11:51:13] [info] Eventos finalizados actualizados: 0
[2024-11-06 11:51:13] [info] Jugadores actualizados a terminado: 0
[2024-11-06 11:51:13] [info] Eventos iniciados: 0
[2024-11-06 11:51:13] [info] Evento ID: 1, Nombre: Microsoft, Jugadores terminados: 8/8
[2024-11-06 11:51:46] [info] Iniciando actualización de estados de eventos. Fecha actual: 2024-11-06 11:51:46
[2024-11-06 11:51:46] [info] Eventos finalizados actualizados: 0
[2024-11-06 11:51:46] [info] Jugadores actualizados a terminado: 0
[2024-11-06 11:51:46] [info] Eventos iniciados: 0
[2024-11-06 11:51:46] [info] Evento ID: 1, Nombre: Microsoft, Jugadores terminados: 8/8
[2024-11-06 11:52:16] [info] Iniciando actualización de estados de eventos. Fecha actual: 2024-11-06 11:52:16
[2024-11-06 11:52:16] [info] Eventos finalizados actualizados: 0
[2024-11-06 11:52:16] [info] Jugadores actualizados a terminado: 0
[2024-11-06 11:52:16] [info] Eventos iniciados: 0
[2024-11-06 11:52:16] [info] Evento ID: 1, Nombre: Microsoft, Jugadores terminados: 8/8
[2024-11-06 11:52:46] [info] Iniciando actualización de estados de eventos. Fecha actual: 2024-11-06 11:52:46
[2024-11-06 11:52:46] [info] Eventos finalizados actualizados: 0
[2024-11-06 11:52:46] [info] Jugadores actualizados a terminado: 0
[2024-11-06 11:52:46] [info] Eventos iniciados: 0
[2024-11-06 11:52:46] [info] Evento ID: 1, Nombre: Microsoft, Jugadores terminados: 8/8
[2024-11-06 11:53:16] [info] Iniciando actualización de estados de eventos. Fecha actual: 2024-11-06 11:53:16
[2024-11-06 11:53:16] [info] Eventos finalizados actualizados: 0
[2024-11-06 11:53:16] [info] Jugadores actualizados a terminado: 0
[2024-11-06 11:53:16] [info] Eventos iniciados: 0
[2024-11-06 11:53:16] [info] Evento ID: 1, Nombre: Microsoft, Jugadores terminados: 8/8
[2024-11-06 11:53:47] [info] Iniciando actualización de estados de eventos. Fecha actual: 2024-11-06 11:53:47
[2024-11-06 11:53:47] [info] Eventos finalizados actualizados: 0
[2024-11-06 11:53:47] [info] Jugadores actualizados a terminado: 0
[2024-11-06 11:53:47] [info] Eventos iniciados: 0
[2024-11-06 11:53:47] [info] Evento ID: 1, Nombre: Microsoft, Jugadores terminados: 8/8
[2024-11-06 11:54:17] [info] Iniciando actualización de estados de eventos. Fecha actual: 2024-11-06 11:54:17
[2024-11-06 11:54:17] [info] Eventos finalizados actualizados: 0
[2024-11-06 11:54:17] [info] Jugadores actualizados a terminado: 0
[2024-11-06 11:54:17] [info] Eventos iniciados: 0
[2024-11-06 11:54:17] [info] Evento ID: 1, Nombre: Microsoft, Jugadores terminados: 8/8
[2024-11-06 11:54:48] [info] Iniciando actualización de estados de eventos. Fecha actual: 2024-11-06 11:54:48
[2024-11-06 11:54:48] [info] Eventos finalizados actualizados: 0
[2024-11-06 11:54:48] [info] Jugadores actualizados a terminado: 0
[2024-11-06 11:54:48] [info] Eventos iniciados: 0
[2024-11-06 11:54:48] [info] Evento ID: 1, Nombre: Microsoft, Jugadores terminados: 8/8
[2024-11-06 11:55:18] [info] Iniciando actualización de estados de eventos. Fecha actual: 2024-11-06 11:55:18
[2024-11-06 11:55:18] [info] Eventos finalizados actualizados: 0
[2024-11-06 11:55:18] [info] Jugadores actualizados a terminado: 0
[2024-11-06 11:55:18] [info] Eventos iniciados: 0
[2024-11-06 11:55:18] [info] Evento ID: 1, Nombre: Microsoft, Jugadores terminados: 8/8
[2024-11-06 11:55:48] [info] Iniciando actualización de estados de eventos. Fecha actual: 2024-11-06 11:55:48
[2024-11-06 11:55:48] [info] Eventos finalizados actualizados: 0
[2024-11-06 11:55:48] [info] Jugadores actualizados a terminado: 0
[2024-11-06 11:55:48] [info] Eventos iniciados: 0
[2024-11-06 11:55:48] [info] Evento ID: 1, Nombre: Microsoft, Jugadores terminados: 8/8
[2024-11-06 11:56:18] [info] Iniciando actualización de estados de eventos. Fecha actual: 2024-11-06 11:56:18
[2024-11-06 11:56:18] [info] Eventos finalizados actualizados: 0
[2024-11-06 11:56:18] [info] Jugadores actualizados a terminado: 0
[2024-11-06 11:56:18] [info] Eventos iniciados: 0
[2024-11-06 11:56:18] [info] Evento ID: 1, Nombre: Microsoft, Jugadores terminados: 8/8
[2024-11-06 11:56:49] [info] Iniciando actualización de estados de eventos. Fecha actual: 2024-11-06 11:56:49
[2024-11-06 11:56:49] [info] Eventos finalizados actualizados: 0
[2024-11-06 11:56:49] [info] Jugadores actualizados a terminado: 0
[2024-11-06 11:56:49] [info] Eventos iniciados: 0
[2024-11-06 11:56:49] [info] Evento ID: 1, Nombre: Microsoft, Jugadores terminados: 8/8
[2024-11-06 11:57:21] [info] Iniciando actualización de estados de eventos. Fecha actual: 2024-11-06 11:57:21
[2024-11-06 11:57:21] [info] Eventos finalizados actualizados: 0
[2024-11-06 11:57:21] [info] Jugadores actualizados a terminado: 0
[2024-11-06 11:57:21] [info] Eventos iniciados: 0
[2024-11-06 11:57:21] [info] Evento ID: 1, Nombre: Microsoft, Jugadores terminados: 8/8
[2024-11-06 11:57:51] [info] Iniciando actualización de estados de eventos. Fecha actual: 2024-11-06 11:57:51
[2024-11-06 11:57:51] [info] Eventos finalizados actualizados: 0
[2024-11-06 11:57:51] [info] Jugadores actualizados a terminado: 0
[2024-11-06 11:57:51] [info] Eventos iniciados: 0
[2024-11-06 11:57:51] [info] Evento ID: 1, Nombre: Microsoft, Jugadores terminados: 8/8
[2024-11-06 11:58:21] [info] Iniciando actualización de estados de eventos. Fecha actual: 2024-11-06 11:58:21
[2024-11-06 11:58:21] [info] Eventos finalizados actualizados: 0
[2024-11-06 11:58:21] [info] Jugadores actualizados a terminado: 0
[2024-11-06 11:58:21] [info] Eventos iniciados: 0
[2024-11-06 11:58:21] [info] Evento ID: 1, Nombre: Microsoft, Jugadores terminados: 8/8
[2024-11-06 11:58:51] [info] Iniciando actualización de estados de eventos. Fecha actual: 2024-11-06 11:58:51
[2024-11-06 11:58:51] [info] Eventos finalizados actualizados: 0
[2024-11-06 11:58:51] [info] Jugadores actualizados a terminado: 0
[2024-11-06 11:58:51] [info] Eventos iniciados: 0
[2024-11-06 11:58:51] [info] Evento ID: 1, Nombre: Microsoft, Jugadores terminados: 8/8
[2024-11-06 11:59:21] [info] Iniciando actualización de estados de eventos. Fecha actual: 2024-11-06 11:59:21
[2024-11-06 11:59:21] [info] Eventos finalizados actualizados: 0
[2024-11-06 11:59:21] [info] Jugadores actualizados a terminado: 0
[2024-11-06 11:59:21] [info] Eventos iniciados: 0
[2024-11-06 11:59:21] [info] Evento ID: 1, Nombre: Microsoft, Jugadores terminados: 8/8
[2024-11-06 11:59:52] [info] Iniciando actualización de estados de eventos. Fecha actual: 2024-11-06 11:59:52
[2024-11-06 11:59:52] [info] Eventos finalizados actualizados: 0
[2024-11-06 11:59:52] [info] Jugadores actualizados a terminado: 0
[2024-11-06 11:59:52] [info] Eventos iniciados: 0
[2024-11-06 11:59:52] [info] Evento ID: 1, Nombre: Microsoft, Jugadores terminados: 8/8
[2024-11-06 12:00:22] [info] Iniciando actualización de estados de eventos. Fecha actual: 2024-11-06 12:00:22
[2024-11-06 12:00:22] [info] Eventos finalizados actualizados: 0
[2024-11-06 12:00:22] [info] Jugadores actualizados a terminado: 0
[2024-11-06 12:00:22] [info] Eventos iniciados: 0
[2024-11-06 12:00:22] [info] Evento ID: 1, Nombre: Microsoft, Jugadores terminados: 8/8
[2024-11-06 12:00:52] [info] Iniciando actualización de estados de eventos. Fecha actual: 2024-11-06 12:00:52
[2024-11-06 12:00:52] [info] Eventos finalizados actualizados: 0
[2024-11-06 12:00:52] [info] Jugadores actualizados a terminado: 0
[2024-11-06 12:00:52] [info] Eventos iniciados: 0
[2024-11-06 12:00:52] [info] Evento ID: 1, Nombre: Microsoft, Jugadores terminados: 8/8
[2024-11-06 12:01:22] [info] Iniciando actualización de estados de eventos. Fecha actual: 2024-11-06 12:01:22
[2024-11-06 12:01:22] [info] Eventos finalizados actualizados: 0
[2024-11-06 12:01:22] [info] Jugadores actualizados a terminado: 0
[2024-11-06 12:01:22] [info] Eventos iniciados: 0
[2024-11-06 12:01:22] [info] Evento ID: 1, Nombre: Microsoft, Jugadores terminados: 8/8
[2024-11-06 12:01:52] [info] Iniciando actualización de estados de eventos. Fecha actual: 2024-11-06 12:01:52
[2024-11-06 12:01:52] [info] Eventos finalizados actualizados: 0
[2024-11-06 12:01:52] [info] Jugadores actualizados a terminado: 0
[2024-11-06 12:01:52] [info] Eventos iniciados: 0
[2024-11-06 12:01:52] [info] Evento ID: 1, Nombre: Microsoft, Jugadores terminados: 8/8
[2024-11-06 12:02:23] [info] Iniciando actualización de estados de eventos. Fecha actual: 2024-11-06 12:02:23
[2024-11-06 12:02:23] [info] Eventos finalizados actualizados: 0
[2024-11-06 12:02:23] [info] Jugadores actualizados a terminado: 0
[2024-11-06 12:02:23] [info] Eventos iniciados: 0
[2024-11-06 12:02:23] [info] Evento ID: 1, Nombre: Microsoft, Jugadores terminados: 8/8
[2024-11-06 12:02:53] [info] Iniciando actualización de estados de eventos. Fecha actual: 2024-11-06 12:02:53
[2024-11-06 12:02:53] [info] Eventos finalizados actualizados: 0
[2024-11-06 12:02:53] [info] Jugadores actualizados a terminado: 0
[2024-11-06 12:02:53] [info] Eventos iniciados: 0
[2024-11-06 12:02:53] [info] Evento ID: 1, Nombre: Microsoft, Jugadores terminados: 8/8
[2024-11-06 12:03:23] [info] Iniciando actualización de estados de eventos. Fecha actual: 2024-11-06 12:03:23
[2024-11-06 12:03:23] [info] Eventos finalizados actualizados: 0
[2024-11-06 12:03:23] [info] Jugadores actualizados a terminado: 0
[2024-11-06 12:03:23] [info] Eventos iniciados: 0
[2024-11-06 12:03:23] [info] Evento ID: 1, Nombre: Microsoft, Jugadores terminados: 8/8
[2024-11-06 12:03:53] [info] Iniciando actualización de estados de eventos. Fecha actual: 2024-11-06 12:03:53
[2024-11-06 12:03:53] [info] Eventos finalizados actualizados: 0
[2024-11-06 12:03:53] [info] Jugadores actualizados a terminado: 0
[2024-11-06 12:03:53] [info] Eventos iniciados: 0
[2024-11-06 12:03:53] [info] Evento ID: 1, Nombre: Microsoft, Jugadores terminados: 8/8
[2024-11-06 12:04:25] [info] Iniciando actualización de estados de eventos. Fecha actual: 2024-11-06 12:04:25
[2024-11-06 12:04:25] [info] Eventos finalizados actualizados: 0
[2024-11-06 12:04:25] [info] Jugadores actualizados a terminado: 0
[2024-11-06 12:04:25] [info] Eventos iniciados: 0
[2024-11-06 12:04:25] [info] Evento ID: 1, Nombre: Microsoft, Jugadores terminados: 8/8
[2024-11-06 12:04:57] [info] Iniciando actualización de estados de eventos. Fecha actual: 2024-11-06 12:04:57
[2024-11-06 12:04:57] [info] Eventos finalizados actualizados: 0
[2024-11-06 12:04:57] [info] Jugadores actualizados a terminado: 0
[2024-11-06 12:04:57] [info] Eventos iniciados: 0
[2024-11-06 12:04:57] [info] Evento ID: 1, Nombre: Microsoft, Jugadores terminados: 8/8
[2024-11-06 12:05:28] [info] Iniciando actualización de estados de eventos. Fecha actual: 2024-11-06 12:05:28
[2024-11-06 12:05:28] [info] Eventos finalizados actualizados: 0
[2024-11-06 12:05:28] [info] Jugadores actualizados a terminado: 0
[2024-11-06 12:05:28] [info] Eventos iniciados: 0
[2024-11-06 12:05:28] [info] Evento ID: 1, Nombre: Microsoft, Jugadores terminados: 8/8
[2024-11-06 12:05:58] [info] Iniciando actualización de estados de eventos. Fecha actual: 2024-11-06 12:05:58
[2024-11-06 12:05:58] [info] Eventos finalizados actualizados: 0
[2024-11-06 12:05:58] [info] Jugadores actualizados a terminado: 0
[2024-11-06 12:05:58] [info] Eventos iniciados: 0
[2024-11-06 12:05:58] [info] Evento ID: 1, Nombre: Microsoft, Jugadores terminados: 8/8
[2024-11-06 12:06:28] [info] Iniciando actualización de estados de eventos. Fecha actual: 2024-11-06 12:06:28
[2024-11-06 12:06:28] [info] Eventos finalizados actualizados: 0
[2024-11-06 12:06:28] [info] Jugadores actualizados a terminado: 0
[2024-11-06 12:06:28] [info] Eventos iniciados: 0
[2024-11-06 12:06:28] [info] Evento ID: 1, Nombre: Microsoft, Jugadores terminados: 8/8
[2024-11-06 12:06:58] [info] Iniciando actualización de estados de eventos. Fecha actual: 2024-11-06 12:06:58
[2024-11-06 12:06:58] [info] Eventos finalizados actualizados: 0
[2024-11-06 12:06:58] [info] Jugadores actualizados a terminado: 0
[2024-11-06 12:06:58] [info] Eventos iniciados: 0
[2024-11-06 12:06:58] [info] Evento ID: 1, Nombre: Microsoft, Jugadores terminados: 8/8
[2024-11-06 12:07:28] [info] Iniciando actualización de estados de eventos. Fecha actual: 2024-11-06 12:07:28
[2024-11-06 12:07:28] [info] Eventos finalizados actualizados: 0
[2024-11-06 12:07:28] [info] Jugadores actualizados a terminado: 0
[2024-11-06 12:07:28] [info] Eventos iniciados: 0
[2024-11-06 12:07:28] [info] Evento ID: 1, Nombre: Microsoft, Jugadores terminados: 8/8
[2024-11-06 12:07:58] [info] Iniciando actualización de estados de eventos. Fecha actual: 2024-11-06 12:07:58
[2024-11-06 12:07:58] [info] Eventos finalizados actualizados: 0
[2024-11-06 12:07:58] [info] Jugadores actualizados a terminado: 0
[2024-11-06 12:07:58] [info] Eventos iniciados: 0
[2024-11-06 12:07:58] [info] Evento ID: 1, Nombre: Microsoft, Jugadores terminados: 8/8
[2024-11-06 12:08:29] [info] Iniciando actualización de estados de eventos. Fecha actual: 2024-11-06 12:08:29
[2024-11-06 12:08:29] [info] Eventos finalizados actualizados: 0
[2024-11-06 12:08:29] [info] Jugadores actualizados a terminado: 0
[2024-11-06 12:08:29] [info] Eventos iniciados: 0
[2024-11-06 12:08:29] [info] Evento ID: 1, Nombre: Microsoft, Jugadores terminados: 8/8
[2024-11-06 12:08:59] [info] Iniciando actualización de estados de eventos. Fecha actual: 2024-11-06 12:08:59
[2024-11-06 12:08:59] [info] Eventos finalizados actualizados: 0
[2024-11-06 12:08:59] [info] Jugadores actualizados a terminado: 0
[2024-11-06 12:08:59] [info] Eventos iniciados: 0
[2024-11-06 12:08:59] [info] Evento ID: 1, Nombre: Microsoft, Jugadores terminados: 8/8
[2024-11-06 12:09:29] [info] Iniciando actualización de estados de eventos. Fecha actual: 2024-11-06 12:09:29
[2024-11-06 12:09:29] [info] Eventos finalizados actualizados: 0
[2024-11-06 12:09:29] [info] Jugadores actualizados a terminado: 0
[2024-11-06 12:09:29] [info] Eventos iniciados: 0
[2024-11-06 12:09:29] [info] Evento ID: 1, Nombre: Microsoft, Jugadores terminados: 8/8
[2024-11-06 12:09:59] [info] Iniciando actualización de estados de eventos. Fecha actual: 2024-11-06 12:09:59
[2024-11-06 12:09:59] [info] Eventos finalizados actualizados: 0
[2024-11-06 12:09:59] [info] Jugadores actualizados a terminado: 0
[2024-11-06 12:09:59] [info] Eventos iniciados: 0
[2024-11-06 12:09:59] [info] Evento ID: 1, Nombre: Microsoft, Jugadores terminados: 8/8
[2024-11-06 12:10:29] [info] Iniciando actualización de estados de eventos. Fecha actual: 2024-11-06 12:10:29
[2024-11-06 12:10:29] [info] Eventos finalizados actualizados: 0
[2024-11-06 12:10:29] [info] Jugadores actualizados a terminado: 0
[2024-11-06 12:10:29] [info] Eventos iniciados: 0
[2024-11-06 12:10:29] [info] Evento ID: 1, Nombre: Microsoft, Jugadores terminados: 8/8
[2024-11-06 12:10:59] [info] Iniciando actualización de estados de eventos. Fecha actual: 2024-11-06 12:10:59
[2024-11-06 12:10:59] [info] Eventos finalizados actualizados: 0
[2024-11-06 12:10:59] [info] Jugadores actualizados a terminado: 0
[2024-11-06 12:10:59] [info] Eventos iniciados: 0
[2024-11-06 12:10:59] [info] Evento ID: 1, Nombre: Microsoft, Jugadores terminados: 8/8
[2024-11-06 12:11:29] [info] Iniciando actualización de estados de eventos. Fecha actual: 2024-11-06 12:11:29
[2024-11-06 12:11:29] [info] Eventos finalizados actualizados: 0
[2024-11-06 12:11:29] [info] Jugadores actualizados a terminado: 0
[2024-11-06 12:11:29] [info] Eventos iniciados: 0
[2024-11-06 12:11:29] [info] Evento ID: 1, Nombre: Microsoft, Jugadores terminados: 8/8
[2024-11-06 12:12:00] [info] Iniciando actualización de estados de eventos. Fecha actual: 2024-11-06 12:12:00
[2024-11-06 12:12:00] [info] Eventos finalizados actualizados: 0
[2024-11-06 12:12:00] [info] Jugadores actualizados a terminado: 0
[2024-11-06 12:12:00] [info] Eventos iniciados: 0
[2024-11-06 12:12:00] [info] Evento ID: 1, Nombre: Microsoft, Jugadores terminados: 8/8
