[2024-10-03 10:04:07] [info] Usuario con ID 1 ha iniciado sesión exitosamente
[2024-10-03 10:04:07] [info] Iniciando actualización de estados de eventos. Fecha actual: 2024-10-03 10:04:07
[2024-10-03 10:04:07] [info] Eventos actualizados de 'en espera' a 'activos': 0
[2024-10-03 10:04:07] [info] Eventos actualizados de 'activos' a 'finalizados': 0
[2024-10-03 10:04:07] [info] Resumen de actualización:
[2024-10-03 10:04:07] [info] Total de eventos actualizados: 0
[2024-10-03 10:04:07] [info] Evento ID: 3, Nombre: Empresa Surface, Inicio: 2024-09-12 11:02:00, Fin: 2024-09-13 11:02:00, Estado: 3
[2024-10-03 10:04:07] [info] Evento ID: 1, Nombre: Microsoft, Inicio: 2024-10-01 09:56:00, Fin: 2024-10-01 13:28:00, Estado: 3
[2024-10-03 10:04:07] [info] Evento ID: 2, Nombre: Mejores amigos, Inicio: 2024-10-01 12:26:00, Fin: 2024-10-01 12:29:59, Estado: 3
[2024-10-03 10:04:07] [info] Evento ID: 34, Nombre: Empresa Deley, Inicio: 2024-10-01 12:29:00, Fin: 2024-10-04 13:02:00, Estado: 2
[2024-10-03 10:04:13] [info] Iniciando actualización de estados de eventos. Fecha actual: 2024-10-03 10:04:13
[2024-10-03 10:04:13] [info] Eventos actualizados de 'en espera' a 'activos': 0
[2024-10-03 10:04:13] [info] Eventos actualizados de 'activos' a 'finalizados': 0
[2024-10-03 10:04:13] [info] Resumen de actualización:
[2024-10-03 10:04:13] [info] Total de eventos actualizados: 0
[2024-10-03 10:04:13] [info] Evento ID: 3, Nombre: Empresa Surface, Inicio: 2024-09-12 11:02:00, Fin: 2024-09-13 11:02:00, Estado: 3
[2024-10-03 10:04:13] [info] Evento ID: 1, Nombre: Microsoft, Inicio: 2024-10-01 09:56:00, Fin: 2024-10-01 13:28:00, Estado: 3
[2024-10-03 10:04:13] [info] Evento ID: 2, Nombre: Mejores amigos, Inicio: 2024-10-01 12:26:00, Fin: 2024-10-01 12:29:59, Estado: 3
[2024-10-03 10:04:13] [info] Evento ID: 34, Nombre: Empresa Deley, Inicio: 2024-10-01 12:29:00, Fin: 2024-10-04 13:02:00, Estado: 2
[2024-10-03 10:04:55] [info] Usuario con ID 1 ha iniciado sesión exitosamente
[2024-10-03 10:04:55] [info] Iniciando actualización de estados de eventos. Fecha actual: 2024-10-03 10:04:55
[2024-10-03 10:04:55] [info] Eventos actualizados de 'en espera' a 'activos': 0
[2024-10-03 10:04:55] [info] Eventos actualizados de 'activos' a 'finalizados': 0
[2024-10-03 10:04:55] [info] Resumen de actualización:
[2024-10-03 10:04:55] [info] Total de eventos actualizados: 0
[2024-10-03 10:04:55] [info] Evento ID: 3, Nombre: Empresa Surface, Inicio: 2024-09-12 11:02:00, Fin: 2024-09-13 11:02:00, Estado: 3
[2024-10-03 10:04:55] [info] Evento ID: 1, Nombre: Microsoft, Inicio: 2024-10-01 09:56:00, Fin: 2024-10-01 13:28:00, Estado: 3
[2024-10-03 10:04:55] [info] Evento ID: 2, Nombre: Mejores amigos, Inicio: 2024-10-01 12:26:00, Fin: 2024-10-01 12:29:59, Estado: 3
[2024-10-03 10:04:55] [info] Evento ID: 34, Nombre: Empresa Deley, Inicio: 2024-10-01 12:29:00, Fin: 2024-10-04 13:02:00, Estado: 2
[2024-10-03 10:51:09] [info] Iniciando actualización de estados de eventos. Fecha actual: 2024-10-03 10:51:09
[2024-10-03 10:51:09] [info] Eventos actualizados de 'en espera' a 'activos': 0
[2024-10-03 10:51:09] [info] Eventos actualizados de 'activos' a 'finalizados': 0
[2024-10-03 10:51:09] [info] Resumen de actualización:
[2024-10-03 10:51:09] [info] Total de eventos actualizados: 0
[2024-10-03 10:51:09] [info] Evento ID: 3, Nombre: Empresa Surface, Inicio: 2024-09-12 11:02:00, Fin: 2024-09-13 11:02:00, Estado: 3
[2024-10-03 10:51:09] [info] Evento ID: 1, Nombre: Microsoft, Inicio: 2024-10-01 09:56:00, Fin: 2024-10-01 13:28:00, Estado: 3
[2024-10-03 10:51:09] [info] Evento ID: 2, Nombre: Mejores amigos, Inicio: 2024-10-01 12:26:00, Fin: 2024-10-01 12:29:59, Estado: 3
[2024-10-03 10:51:09] [info] Evento ID: 34, Nombre: Empresa Deley, Inicio: 2024-10-01 12:29:00, Fin: 2024-10-04 13:02:00, Estado: 2
[2024-10-03 11:15:35] [info] Iniciando actualización de estados de eventos. Fecha actual: 2024-10-03 11:15:35
[2024-10-03 11:15:35] [info] Eventos actualizados de 'en espera' a 'activos': 0
[2024-10-03 11:15:35] [info] Eventos actualizados de 'activos' a 'finalizados': 0
[2024-10-03 11:15:35] [info] Resumen de actualización:
[2024-10-03 11:15:35] [info] Total de eventos actualizados: 0
[2024-10-03 11:15:35] [info] Evento ID: 3, Nombre: Empresa Surface, Inicio: 2024-09-12 11:02:00, Fin: 2024-09-13 11:02:00, Estado: 3
[2024-10-03 11:15:35] [info] Evento ID: 1, Nombre: Microsoft, Inicio: 2024-10-01 09:56:00, Fin: 2024-10-01 13:28:00, Estado: 3
[2024-10-03 11:15:35] [info] Evento ID: 2, Nombre: Mejores amigos, Inicio: 2024-10-01 12:26:00, Fin: 2024-10-01 12:29:59, Estado: 3
[2024-10-03 11:15:35] [info] Evento ID: 34, Nombre: Empresa Deley, Inicio: 2024-10-01 12:29:00, Fin: 2024-10-04 13:02:00, Estado: 2
[2024-10-03 12:56:35] [info] Iniciando actualización de estados de eventos. Fecha actual: 2024-10-03 12:56:35
[2024-10-03 12:56:35] [info] Eventos actualizados de 'en espera' a 'activos': 0
[2024-10-03 12:56:35] [info] Eventos actualizados de 'activos' a 'finalizados': 0
[2024-10-03 12:56:35] [info] Resumen de actualización:
[2024-10-03 12:56:35] [info] Total de eventos actualizados: 0
[2024-10-03 12:56:35] [info] Evento ID: 3, Nombre: Empresa Surface, Inicio: 2024-09-12 11:02:00, Fin: 2024-09-13 11:02:00, Estado: 3
[2024-10-03 12:56:35] [info] Evento ID: 1, Nombre: Microsoft, Inicio: 2024-10-01 09:56:00, Fin: 2024-10-01 13:28:00, Estado: 3
[2024-10-03 12:56:35] [info] Evento ID: 2, Nombre: Mejores amigos, Inicio: 2024-10-01 12:26:00, Fin: 2024-10-01 12:29:59, Estado: 3
[2024-10-03 12:56:35] [info] Evento ID: 34, Nombre: Empresa Deley, Inicio: 2024-10-01 12:29:00, Fin: 2024-10-04 13:02:00, Estado: 2
[2024-10-03 12:56:38] [info] Iniciando actualización de estados de eventos. Fecha actual: 2024-10-03 12:56:38
[2024-10-03 12:56:38] [info] Eventos actualizados de 'en espera' a 'activos': 0
[2024-10-03 12:56:38] [info] Eventos actualizados de 'activos' a 'finalizados': 0
[2024-10-03 12:56:38] [info] Resumen de actualización:
[2024-10-03 12:56:38] [info] Total de eventos actualizados: 0
[2024-10-03 12:56:38] [info] Evento ID: 3, Nombre: Empresa Surface, Inicio: 2024-09-12 11:02:00, Fin: 2024-09-13 11:02:00, Estado: 3
[2024-10-03 12:56:38] [info] Evento ID: 1, Nombre: Microsoft, Inicio: 2024-10-01 09:56:00, Fin: 2024-10-01 13:28:00, Estado: 3
[2024-10-03 12:56:38] [info] Evento ID: 2, Nombre: Mejores amigos, Inicio: 2024-10-01 12:26:00, Fin: 2024-10-01 12:29:59, Estado: 3
[2024-10-03 12:56:38] [info] Evento ID: 34, Nombre: Empresa Deley, Inicio: 2024-10-01 12:29:00, Fin: 2024-10-04 13:02:00, Estado: 2
[2024-10-03 12:56:52] [info] Iniciando actualización de estados de eventos. Fecha actual: 2024-10-03 12:56:52
[2024-10-03 12:56:52] [info] Eventos actualizados de 'en espera' a 'activos': 0
[2024-10-03 12:56:52] [info] Eventos actualizados de 'activos' a 'finalizados': 0
[2024-10-03 12:56:52] [info] Resumen de actualización:
[2024-10-03 12:56:52] [info] Total de eventos actualizados: 0
[2024-10-03 12:56:52] [info] Evento ID: 3, Nombre: Empresa Surface, Inicio: 2024-09-12 11:02:00, Fin: 2024-09-13 11:02:00, Estado: 3
[2024-10-03 12:56:52] [info] Evento ID: 1, Nombre: Microsoft, Inicio: 2024-10-01 09:56:00, Fin: 2024-10-01 13:28:00, Estado: 3
[2024-10-03 12:56:52] [info] Evento ID: 2, Nombre: Mejores amigos, Inicio: 2024-10-01 12:26:00, Fin: 2024-10-01 12:29:59, Estado: 3
[2024-10-03 12:56:52] [info] Evento ID: 34, Nombre: Empresa Deley, Inicio: 2024-10-01 12:29:00, Fin: 2024-10-04 13:02:00, Estado: 2
[2024-10-03 12:56:54] [info] Iniciando actualización de estados de eventos. Fecha actual: 2024-10-03 12:56:54
[2024-10-03 12:56:54] [info] Eventos actualizados de 'en espera' a 'activos': 0
[2024-10-03 12:56:54] [info] Eventos actualizados de 'activos' a 'finalizados': 0
[2024-10-03 12:56:54] [info] Resumen de actualización:
[2024-10-03 12:56:54] [info] Total de eventos actualizados: 0
[2024-10-03 12:56:54] [info] Evento ID: 3, Nombre: Empresa Surface, Inicio: 2024-09-12 11:02:00, Fin: 2024-09-13 11:02:00, Estado: 3
[2024-10-03 12:56:54] [info] Evento ID: 1, Nombre: Microsoft, Inicio: 2024-10-01 09:56:00, Fin: 2024-10-01 13:28:00, Estado: 3
[2024-10-03 12:56:54] [info] Evento ID: 2, Nombre: Mejores amigos, Inicio: 2024-10-01 12:26:00, Fin: 2024-10-24 12:29:59, Estado: 3
[2024-10-03 12:56:54] [info] Evento ID: 34, Nombre: Empresa Deley, Inicio: 2024-10-01 12:29:00, Fin: 2024-10-04 13:02:00, Estado: 2
[2024-10-03 12:56:57] [info] Iniciando actualización de estados de eventos. Fecha actual: 2024-10-03 12:56:57
[2024-10-03 12:56:57] [info] Eventos actualizados de 'en espera' a 'activos': 0
[2024-10-03 12:56:57] [info] Eventos actualizados de 'activos' a 'finalizados': 0
[2024-10-03 12:56:57] [info] Resumen de actualización:
[2024-10-03 12:56:57] [info] Total de eventos actualizados: 0
[2024-10-03 12:56:57] [info] Evento ID: 3, Nombre: Empresa Surface, Inicio: 2024-09-12 11:02:00, Fin: 2024-09-13 11:02:00, Estado: 3
[2024-10-03 12:56:57] [info] Evento ID: 1, Nombre: Microsoft, Inicio: 2024-10-01 09:56:00, Fin: 2024-10-01 13:28:00, Estado: 3
[2024-10-03 12:56:57] [info] Evento ID: 2, Nombre: Mejores amigos, Inicio: 2024-10-01 12:26:00, Fin: 2024-10-24 12:29:59, Estado: 3
[2024-10-03 12:56:57] [info] Evento ID: 34, Nombre: Empresa Deley, Inicio: 2024-10-01 12:29:00, Fin: 2024-10-04 13:02:00, Estado: 2
[2024-10-03 12:57:03] [info] Iniciando actualización de estados de eventos. Fecha actual: 2024-10-03 12:57:03
[2024-10-03 12:57:03] [info] Eventos actualizados de 'en espera' a 'activos': 0
[2024-10-03 12:57:03] [info] Eventos actualizados de 'activos' a 'finalizados': 0
[2024-10-03 12:57:03] [info] Resumen de actualización:
[2024-10-03 12:57:03] [info] Total de eventos actualizados: 0
[2024-10-03 12:57:03] [info] Evento ID: 3, Nombre: Empresa Surface, Inicio: 2024-09-12 11:02:00, Fin: 2024-09-13 11:02:00, Estado: 3
[2024-10-03 12:57:03] [info] Evento ID: 1, Nombre: Microsoft, Inicio: 2024-10-01 09:56:00, Fin: 2024-10-01 13:28:00, Estado: 3
[2024-10-03 12:57:03] [info] Evento ID: 2, Nombre: Mejores amigos, Inicio: 2024-10-01 12:26:00, Fin: 2024-10-24 12:29:59, Estado: 3
[2024-10-03 12:57:03] [info] Evento ID: 34, Nombre: Empresa Deley, Inicio: 2024-10-01 12:29:00, Fin: 2024-10-04 13:02:00, Estado: 2
[2024-10-03 12:57:05] [info] Iniciando actualización de estados de eventos. Fecha actual: 2024-10-03 12:57:05
[2024-10-03 12:57:05] [info] Eventos actualizados de 'en espera' a 'activos': 0
[2024-10-03 12:57:05] [info] Eventos actualizados de 'activos' a 'finalizados': 0
[2024-10-03 12:57:05] [info] Resumen de actualización:
[2024-10-03 12:57:05] [info] Total de eventos actualizados: 0
[2024-10-03 12:57:05] [info] Evento ID: 3, Nombre: Empresa Surface, Inicio: 2024-09-12 11:02:00, Fin: 2024-09-13 11:02:00, Estado: 3
[2024-10-03 12:57:05] [info] Evento ID: 1, Nombre: Microsoft, Inicio: 2024-10-01 09:56:00, Fin: 2024-11-02 13:28:00, Estado: 3
[2024-10-03 12:57:05] [info] Evento ID: 2, Nombre: Mejores amigos, Inicio: 2024-10-01 12:26:00, Fin: 2024-10-24 12:29:59, Estado: 3
[2024-10-03 12:57:05] [info] Evento ID: 34, Nombre: Empresa Deley, Inicio: 2024-10-01 12:29:00, Fin: 2024-10-04 13:02:00, Estado: 2
[2024-10-03 12:57:07] [info] Iniciando actualización de estados de eventos. Fecha actual: 2024-10-03 12:57:07
[2024-10-03 12:57:07] [info] Eventos actualizados de 'en espera' a 'activos': 0
[2024-10-03 12:57:07] [info] Eventos actualizados de 'activos' a 'finalizados': 0
[2024-10-03 12:57:07] [info] Resumen de actualización:
[2024-10-03 12:57:07] [info] Total de eventos actualizados: 0
[2024-10-03 12:57:07] [info] Evento ID: 3, Nombre: Empresa Surface, Inicio: 2024-09-12 11:02:00, Fin: 2024-09-13 11:02:00, Estado: 3
[2024-10-03 12:57:07] [info] Evento ID: 1, Nombre: Microsoft, Inicio: 2024-10-01 09:56:00, Fin: 2024-11-02 13:28:00, Estado: 3
[2024-10-03 12:57:07] [info] Evento ID: 2, Nombre: Mejores amigos, Inicio: 2024-10-01 12:26:00, Fin: 2024-10-24 12:29:59, Estado: 3
[2024-10-03 12:57:07] [info] Evento ID: 34, Nombre: Empresa Deley, Inicio: 2024-10-01 12:29:00, Fin: 2024-10-04 13:02:00, Estado: 2
[2024-10-03 12:57:23] [info] Iniciando actualización de estados de eventos. Fecha actual: 2024-10-03 12:57:23
[2024-10-03 12:57:23] [info] Eventos actualizados de 'en espera' a 'activos': 0
[2024-10-03 12:57:23] [info] Eventos actualizados de 'activos' a 'finalizados': 0
[2024-10-03 12:57:23] [info] Resumen de actualización:
[2024-10-03 12:57:23] [info] Total de eventos actualizados: 0
[2024-10-03 12:57:23] [info] Evento ID: 3, Nombre: Empresa Surface, Inicio: 2024-09-12 11:02:00, Fin: 2024-09-13 11:02:00, Estado: 3
[2024-10-03 12:57:23] [info] Evento ID: 1, Nombre: Microsoft, Inicio: 2024-10-01 09:56:00, Fin: 2024-11-02 13:28:00, Estado: 3
[2024-10-03 12:57:23] [info] Evento ID: 2, Nombre: Mejores amigos, Inicio: 2024-10-01 12:26:00, Fin: 2024-10-24 12:29:59, Estado: 3
[2024-10-03 12:57:23] [info] Evento ID: 34, Nombre: Empresa Deley, Inicio: 2024-10-01 12:29:00, Fin: 2024-10-04 13:02:00, Estado: 2
[2024-10-03 12:57:25] [info] Iniciando actualización de estados de eventos. Fecha actual: 2024-10-03 12:57:25
[2024-10-03 12:57:25] [info] Eventos actualizados de 'en espera' a 'activos': 0
[2024-10-03 12:57:25] [info] Eventos actualizados de 'activos' a 'finalizados': 0
[2024-10-03 12:57:25] [info] Resumen de actualización:
[2024-10-03 12:57:25] [info] Total de eventos actualizados: 0
[2024-10-03 12:57:25] [info] Evento ID: 3, Nombre: Empresa Surface, Inicio: 2024-09-27 11:02:00, Fin: 2024-10-18 11:02:00, Estado: 3
[2024-10-03 12:57:25] [info] Evento ID: 1, Nombre: Microsoft, Inicio: 2024-10-01 09:56:00, Fin: 2024-11-02 13:28:00, Estado: 3
[2024-10-03 12:57:25] [info] Evento ID: 2, Nombre: Mejores amigos, Inicio: 2024-10-01 12:26:00, Fin: 2024-10-24 12:29:59, Estado: 3
[2024-10-03 12:57:25] [info] Evento ID: 34, Nombre: Empresa Deley, Inicio: 2024-10-01 12:29:00, Fin: 2024-10-04 13:02:00, Estado: 2
[2024-10-03 12:58:25] [info] Iniciando actualización de estados de eventos. Fecha actual: 2024-10-03 12:58:25
[2024-10-03 12:58:25] [info] Eventos actualizados de 'en espera' a 'activos': 0
[2024-10-03 12:58:25] [info] Eventos actualizados de 'activos' a 'finalizados': 0
[2024-10-03 12:58:25] [info] Resumen de actualización:
[2024-10-03 12:58:25] [info] Total de eventos actualizados: 0
[2024-10-03 12:58:25] [info] Evento ID: 3, Nombre: Empresa Surface, Inicio: 2024-09-27 11:02:00, Fin: 2024-10-18 11:02:00, Estado: 3
[2024-10-03 12:58:25] [info] Evento ID: 1, Nombre: Microsoft, Inicio: 2024-10-01 09:56:00, Fin: 2024-11-02 13:28:00, Estado: 3
[2024-10-03 12:58:25] [info] Evento ID: 2, Nombre: Mejores amigos, Inicio: 2024-10-01 12:26:00, Fin: 2024-10-24 12:29:59, Estado: 3
[2024-10-03 12:58:25] [info] Evento ID: 34, Nombre: Empresa Deley, Inicio: 2024-10-01 12:29:00, Fin: 2024-10-04 13:02:00, Estado: 2
[2024-10-03 12:59:25] [info] Iniciando actualización de estados de eventos. Fecha actual: 2024-10-03 12:59:25
[2024-10-03 12:59:25] [info] Eventos actualizados de 'en espera' a 'activos': 0
[2024-10-03 12:59:25] [info] Eventos actualizados de 'activos' a 'finalizados': 0
[2024-10-03 12:59:25] [info] Resumen de actualización:
[2024-10-03 12:59:25] [info] Total de eventos actualizados: 0
[2024-10-03 12:59:25] [info] Evento ID: 3, Nombre: Empresa Surface, Inicio: 2024-09-27 11:02:00, Fin: 2024-10-18 11:02:00, Estado: 3
[2024-10-03 12:59:25] [info] Evento ID: 1, Nombre: Microsoft, Inicio: 2024-10-01 09:56:00, Fin: 2024-11-02 13:28:00, Estado: 3
[2024-10-03 12:59:25] [info] Evento ID: 2, Nombre: Mejores amigos, Inicio: 2024-10-01 12:26:00, Fin: 2024-10-24 12:29:59, Estado: 3
[2024-10-03 12:59:25] [info] Evento ID: 34, Nombre: Empresa Deley, Inicio: 2024-10-01 12:29:00, Fin: 2024-10-04 13:02:00, Estado: 2
[2024-10-03 13:00:25] [info] Iniciando actualización de estados de eventos. Fecha actual: 2024-10-03 13:00:25
[2024-10-03 13:00:25] [info] Eventos actualizados de 'en espera' a 'activos': 0
[2024-10-03 13:00:25] [info] Eventos actualizados de 'activos' a 'finalizados': 0
[2024-10-03 13:00:25] [info] Resumen de actualización:
[2024-10-03 13:00:25] [info] Total de eventos actualizados: 0
[2024-10-03 13:00:25] [info] Evento ID: 3, Nombre: Empresa Surface, Inicio: 2024-09-27 11:02:00, Fin: 2024-10-18 11:02:00, Estado: 3
[2024-10-03 13:00:25] [info] Evento ID: 1, Nombre: Microsoft, Inicio: 2024-10-01 09:56:00, Fin: 2024-11-02 13:28:00, Estado: 3
[2024-10-03 13:00:25] [info] Evento ID: 2, Nombre: Mejores amigos, Inicio: 2024-10-01 12:26:00, Fin: 2024-10-24 12:29:59, Estado: 3
[2024-10-03 13:00:25] [info] Evento ID: 34, Nombre: Empresa Deley, Inicio: 2024-10-01 12:29:00, Fin: 2024-10-04 13:02:00, Estado: 2
[2024-10-03 13:01:25] [info] Iniciando actualización de estados de eventos. Fecha actual: 2024-10-03 13:01:25
[2024-10-03 13:01:25] [info] Eventos actualizados de 'en espera' a 'activos': 0
[2024-10-03 13:01:25] [info] Eventos actualizados de 'activos' a 'finalizados': 0
[2024-10-03 13:01:25] [info] Resumen de actualización:
[2024-10-03 13:01:25] [info] Total de eventos actualizados: 0
[2024-10-03 13:01:25] [info] Evento ID: 3, Nombre: Empresa Surface, Inicio: 2024-09-27 11:02:00, Fin: 2024-10-18 11:02:00, Estado: 3
[2024-10-03 13:01:25] [info] Evento ID: 1, Nombre: Microsoft, Inicio: 2024-10-01 09:56:00, Fin: 2024-11-02 13:28:00, Estado: 3
[2024-10-03 13:01:25] [info] Evento ID: 2, Nombre: Mejores amigos, Inicio: 2024-10-01 12:26:00, Fin: 2024-10-24 12:29:59, Estado: 3
[2024-10-03 13:01:25] [info] Evento ID: 34, Nombre: Empresa Deley, Inicio: 2024-10-01 12:29:00, Fin: 2024-10-04 13:02:00, Estado: 2
[2024-10-03 13:02:25] [info] Iniciando actualización de estados de eventos. Fecha actual: 2024-10-03 13:02:25
[2024-10-03 13:02:25] [info] Eventos actualizados de 'en espera' a 'activos': 1
[2024-10-03 13:02:25] [info] Eventos actualizados de 'activos' a 'finalizados': 0
[2024-10-03 13:02:25] [info] Resumen de actualización:
[2024-10-03 13:02:25] [info] Total de eventos actualizados: 1
[2024-10-03 13:02:25] [info] Evento ID: 3, Nombre: Empresa Surface, Inicio: 2024-09-27 11:02:00, Fin: 2024-10-18 11:02:00, Estado: 3
[2024-10-03 13:02:25] [info] Evento ID: 1, Nombre: Microsoft, Inicio: 2024-10-01 09:56:00, Fin: 2024-11-02 13:28:00, Estado: 2
[2024-10-03 13:02:25] [info] Evento ID: 2, Nombre: Mejores amigos, Inicio: 2024-10-01 12:26:00, Fin: 2024-10-24 12:29:59, Estado: 2
[2024-10-03 13:02:25] [info] Evento ID: 34, Nombre: Empresa Deley, Inicio: 2024-10-01 12:29:00, Fin: 2024-10-04 13:02:00, Estado: 2
[2024-10-03 13:02:29] [info] Iniciando actualización de estados de eventos. Fecha actual: 2024-10-03 13:02:29
[2024-10-03 13:02:29] [info] Eventos actualizados de 'en espera' a 'activos': 1
[2024-10-03 13:02:29] [info] Eventos actualizados de 'activos' a 'finalizados': 0
[2024-10-03 13:02:29] [info] Resumen de actualización:
[2024-10-03 13:02:29] [info] Total de eventos actualizados: 1
[2024-10-03 13:02:29] [info] Evento ID: 3, Nombre: Empresa Surface, Inicio: 2024-09-27 11:02:00, Fin: 2024-10-18 11:02:00, Estado: 2
[2024-10-03 13:02:29] [info] Evento ID: 1, Nombre: Microsoft, Inicio: 2024-10-01 09:56:00, Fin: 2024-11-02 13:28:00, Estado: 2
[2024-10-03 13:02:29] [info] Evento ID: 2, Nombre: Mejores amigos, Inicio: 2024-10-01 12:26:00, Fin: 2024-10-24 12:29:59, Estado: 2
[2024-10-03 13:02:29] [info] Evento ID: 34, Nombre: Empresa Deley, Inicio: 2024-10-01 12:29:00, Fin: 2024-10-04 13:02:00, Estado: 2
[2024-10-03 13:02:36] [info] Iniciando actualización de estados de eventos. Fecha actual: 2024-10-03 13:02:36
[2024-10-03 13:02:36] [info] Eventos actualizados de 'en espera' a 'activos': 0
[2024-10-03 13:02:36] [info] Eventos actualizados de 'activos' a 'finalizados': 0
[2024-10-03 13:02:36] [info] Resumen de actualización:
[2024-10-03 13:02:36] [info] Total de eventos actualizados: 0
[2024-10-03 13:02:36] [info] Evento ID: 3, Nombre: Empresa Surface, Inicio: 2024-09-27 11:02:00, Fin: 2024-10-18 11:02:00, Estado: 2
[2024-10-03 13:02:36] [info] Evento ID: 1, Nombre: Microsoft, Inicio: 2024-10-01 09:56:00, Fin: 2024-11-02 13:28:00, Estado: 2
[2024-10-03 13:02:36] [info] Evento ID: 2, Nombre: Mejores amigos, Inicio: 2024-10-01 12:26:00, Fin: 2024-10-24 12:29:59, Estado: 2
[2024-10-03 13:02:36] [info] Evento ID: 34, Nombre: Empresa Deley, Inicio: 2024-10-01 12:29:00, Fin: 2024-10-04 13:02:00, Estado: 2
[2024-10-03 13:02:38] [info] Iniciando actualización de estados de eventos. Fecha actual: 2024-10-03 13:02:38
[2024-10-03 13:02:38] [info] Eventos actualizados de 'en espera' a 'activos': 0
[2024-10-03 13:02:38] [info] Eventos actualizados de 'activos' a 'finalizados': 0
[2024-10-03 13:02:38] [info] Resumen de actualización:
[2024-10-03 13:02:38] [info] Total de eventos actualizados: 0
[2024-10-03 13:02:38] [info] Evento ID: 3, Nombre: Empresa Surface, Inicio: 2024-09-27 11:02:00, Fin: 2024-10-18 11:02:00, Estado: 2
[2024-10-03 13:02:38] [info] Evento ID: 1, Nombre: Microsoft, Inicio: 2024-10-01 09:56:00, Fin: 2024-11-02 13:28:00, Estado: 2
[2024-10-03 13:02:38] [info] Evento ID: 2, Nombre: Mejores amigos, Inicio: 2024-10-01 12:26:00, Fin: 2024-10-24 12:29:59, Estado: 2
[2024-10-03 13:02:38] [info] Evento ID: 34, Nombre: Empresa Deley, Inicio: 2024-10-01 12:29:00, Fin: 2024-10-04 13:02:00, Estado: 2
[2024-10-03 13:02:59] [info] Iniciando actualización de estados de eventos. Fecha actual: 2024-10-03 13:02:59
[2024-10-03 13:02:59] [info] Eventos actualizados de 'en espera' a 'activos': 0
[2024-10-03 13:02:59] [info] Eventos actualizados de 'activos' a 'finalizados': 0
[2024-10-03 13:02:59] [info] Resumen de actualización:
[2024-10-03 13:02:59] [info] Total de eventos actualizados: 0
[2024-10-03 13:02:59] [info] Evento ID: 3, Nombre: Empresa Surface, Inicio: 2024-09-27 11:02:00, Fin: 2024-10-18 11:02:00, Estado: 2
[2024-10-03 13:02:59] [info] Evento ID: 1, Nombre: Microsoft, Inicio: 2024-10-01 09:56:00, Fin: 2024-11-02 13:28:00, Estado: 2
[2024-10-03 13:02:59] [info] Evento ID: 2, Nombre: Mejores amigos, Inicio: 2024-10-01 12:26:00, Fin: 2024-10-24 12:29:59, Estado: 2
[2024-10-03 13:02:59] [info] Evento ID: 34, Nombre: Empresa Deley, Inicio: 2024-10-01 12:29:00, Fin: 2024-10-04 13:02:00, Estado: 2
[2024-10-03 13:06:21] [info] Iniciando actualización de estados de eventos. Fecha actual: 2024-10-03 13:06:21
[2024-10-03 13:06:21] [info] Eventos actualizados de 'en espera' a 'activos': 0
[2024-10-03 13:06:21] [info] Eventos actualizados de 'activos' a 'finalizados': 0
[2024-10-03 13:06:21] [info] Resumen de actualización:
[2024-10-03 13:06:21] [info] Total de eventos actualizados: 0
[2024-10-03 13:06:21] [info] Evento ID: 3, Nombre: Empresa Surface, Inicio: 2024-09-27 11:02:00, Fin: 2024-10-18 11:02:00, Estado: 2
[2024-10-03 13:06:21] [info] Evento ID: 1, Nombre: Microsoft, Inicio: 2024-10-01 09:56:00, Fin: 2024-11-02 13:28:00, Estado: 2
[2024-10-03 13:06:21] [info] Evento ID: 2, Nombre: Mejores amigos, Inicio: 2024-10-01 12:26:00, Fin: 2024-10-24 12:29:59, Estado: 2
[2024-10-03 13:06:21] [info] Evento ID: 34, Nombre: Empresa Deley, Inicio: 2024-10-01 12:29:00, Fin: 2024-10-04 13:02:00, Estado: 2
[2024-10-03 13:07:22] [info] Iniciando actualización de estados de eventos. Fecha actual: 2024-10-03 13:07:22
[2024-10-03 13:07:22] [info] Eventos actualizados de 'en espera' a 'activos': 0
[2024-10-03 13:07:22] [info] Eventos actualizados de 'activos' a 'finalizados': 0
[2024-10-03 13:07:22] [info] Resumen de actualización:
[2024-10-03 13:07:22] [info] Total de eventos actualizados: 0
[2024-10-03 13:07:22] [info] Evento ID: 3, Nombre: Empresa Surface, Inicio: 2024-09-27 11:02:00, Fin: 2024-10-18 11:02:00, Estado: 2
[2024-10-03 13:07:22] [info] Evento ID: 1, Nombre: Microsoft, Inicio: 2024-10-01 09:56:00, Fin: 2024-11-02 13:28:00, Estado: 2
[2024-10-03 13:07:22] [info] Evento ID: 2, Nombre: Mejores amigos, Inicio: 2024-10-01 12:26:00, Fin: 2024-10-24 12:29:59, Estado: 2
[2024-10-03 13:07:22] [info] Evento ID: 34, Nombre: Empresa Deley, Inicio: 2024-10-01 12:29:00, Fin: 2024-10-04 13:02:00, Estado: 2
[2024-10-03 13:08:22] [info] Iniciando actualización de estados de eventos. Fecha actual: 2024-10-03 13:08:22
[2024-10-03 13:08:22] [info] Eventos actualizados de 'en espera' a 'activos': 0
[2024-10-03 13:08:22] [info] Eventos actualizados de 'activos' a 'finalizados': 0
[2024-10-03 13:08:22] [info] Resumen de actualización:
[2024-10-03 13:08:22] [info] Total de eventos actualizados: 0
[2024-10-03 13:08:22] [info] Evento ID: 3, Nombre: Empresa Surface, Inicio: 2024-09-27 11:02:00, Fin: 2024-10-18 11:02:00, Estado: 2
[2024-10-03 13:08:22] [info] Evento ID: 1, Nombre: Microsoft, Inicio: 2024-10-01 09:56:00, Fin: 2024-11-02 13:28:00, Estado: 2
[2024-10-03 13:08:22] [info] Evento ID: 2, Nombre: Mejores amigos, Inicio: 2024-10-01 12:26:00, Fin: 2024-10-24 12:29:59, Estado: 2
[2024-10-03 13:08:22] [info] Evento ID: 34, Nombre: Empresa Deley, Inicio: 2024-10-01 12:29:00, Fin: 2024-10-04 13:02:00, Estado: 2
[2024-10-03 13:09:22] [info] Iniciando actualización de estados de eventos. Fecha actual: 2024-10-03 13:09:22
[2024-10-03 13:09:22] [info] Eventos actualizados de 'en espera' a 'activos': 0
[2024-10-03 13:09:22] [info] Eventos actualizados de 'activos' a 'finalizados': 0
[2024-10-03 13:09:22] [info] Resumen de actualización:
[2024-10-03 13:09:22] [info] Total de eventos actualizados: 0
[2024-10-03 13:09:22] [info] Evento ID: 3, Nombre: Empresa Surface, Inicio: 2024-09-27 11:02:00, Fin: 2024-10-18 11:02:00, Estado: 2
[2024-10-03 13:09:22] [info] Evento ID: 1, Nombre: Microsoft, Inicio: 2024-10-01 09:56:00, Fin: 2024-11-02 13:28:00, Estado: 2
[2024-10-03 13:09:22] [info] Evento ID: 2, Nombre: Mejores amigos, Inicio: 2024-10-01 12:26:00, Fin: 2024-10-24 12:29:59, Estado: 2
[2024-10-03 13:09:22] [info] Evento ID: 34, Nombre: Empresa Deley, Inicio: 2024-10-01 12:29:00, Fin: 2024-10-04 13:02:00, Estado: 2
[2024-10-03 13:10:22] [info] Iniciando actualización de estados de eventos. Fecha actual: 2024-10-03 13:10:22
[2024-10-03 13:10:22] [info] Eventos actualizados de 'en espera' a 'activos': 0
[2024-10-03 13:10:22] [info] Eventos actualizados de 'activos' a 'finalizados': 0
[2024-10-03 13:10:22] [info] Resumen de actualización:
[2024-10-03 13:10:22] [info] Total de eventos actualizados: 0
[2024-10-03 13:10:22] [info] Evento ID: 3, Nombre: Empresa Surface, Inicio: 2024-09-27 11:02:00, Fin: 2024-10-18 11:02:00, Estado: 2
[2024-10-03 13:10:22] [info] Evento ID: 1, Nombre: Microsoft, Inicio: 2024-10-01 09:56:00, Fin: 2024-11-02 13:28:00, Estado: 2
[2024-10-03 13:10:22] [info] Evento ID: 2, Nombre: Mejores amigos, Inicio: 2024-10-01 12:26:00, Fin: 2024-10-24 12:29:59, Estado: 2
[2024-10-03 13:10:22] [info] Evento ID: 34, Nombre: Empresa Deley, Inicio: 2024-10-01 12:29:00, Fin: 2024-10-04 13:02:00, Estado: 2
[2024-10-03 13:11:22] [info] Iniciando actualización de estados de eventos. Fecha actual: 2024-10-03 13:11:22
[2024-10-03 13:11:22] [info] Eventos actualizados de 'en espera' a 'activos': 0
[2024-10-03 13:11:22] [info] Eventos actualizados de 'activos' a 'finalizados': 0
[2024-10-03 13:11:22] [info] Resumen de actualización:
[2024-10-03 13:11:22] [info] Total de eventos actualizados: 0
[2024-10-03 13:11:22] [info] Evento ID: 3, Nombre: Empresa Surface, Inicio: 2024-09-27 11:02:00, Fin: 2024-10-18 11:02:00, Estado: 2
[2024-10-03 13:11:22] [info] Evento ID: 1, Nombre: Microsoft, Inicio: 2024-10-01 09:56:00, Fin: 2024-11-02 13:28:00, Estado: 2
[2024-10-03 13:11:22] [info] Evento ID: 2, Nombre: Mejores amigos, Inicio: 2024-10-01 12:26:00, Fin: 2024-10-24 12:29:59, Estado: 2
[2024-10-03 13:11:22] [info] Evento ID: 34, Nombre: Empresa Deley, Inicio: 2024-10-01 12:29:00, Fin: 2024-10-04 13:02:00, Estado: 2
[2024-10-03 13:12:13] [info] Iniciando actualización de estados de eventos. Fecha actual: 2024-10-03 13:12:13
[2024-10-03 13:12:13] [info] Eventos actualizados de 'en espera' a 'activos': 0
[2024-10-03 13:12:13] [info] Eventos actualizados de 'activos' a 'finalizados': 0
[2024-10-03 13:12:13] [info] Resumen de actualización:
[2024-10-03 13:12:13] [info] Total de eventos actualizados: 0
[2024-10-03 13:12:13] [info] Evento ID: 3, Nombre: Empresa Surface, Inicio: 2024-09-27 11:02:00, Fin: 2024-10-18 11:02:00, Estado: 2
[2024-10-03 13:12:13] [info] Evento ID: 1, Nombre: Microsoft, Inicio: 2024-10-01 09:56:00, Fin: 2024-11-02 13:28:00, Estado: 2
[2024-10-03 13:12:13] [info] Evento ID: 2, Nombre: Mejores amigos, Inicio: 2024-10-01 12:26:00, Fin: 2024-10-24 12:29:59, Estado: 2
[2024-10-03 13:12:13] [info] Evento ID: 34, Nombre: Empresa Deley, Inicio: 2024-10-01 12:29:00, Fin: 2024-10-04 13:02:00, Estado: 2
[2024-10-03 13:13:10] [warning] Intento de inicio de sesión fallido para un CI no existente: awd
[2024-10-03 13:20:36] [info] Iniciando actualización de estados de eventos. Fecha actual: 2024-10-03 13:20:36
[2024-10-03 13:20:36] [info] Eventos actualizados de 'en espera' a 'activos': 0
[2024-10-03 13:20:36] [info] Eventos actualizados de 'activos' a 'finalizados': 0
[2024-10-03 13:20:36] [info] Resumen de actualización:
[2024-10-03 13:20:36] [info] Total de eventos actualizados: 0
[2024-10-03 13:20:36] [info] Evento ID: 3, Nombre: Empresa Surface, Inicio: 2024-09-27 11:02:00, Fin: 2024-10-18 11:02:00, Estado: 2
[2024-10-03 13:20:36] [info] Evento ID: 1, Nombre: Microsoft, Inicio: 2024-10-01 09:56:00, Fin: 2024-11-02 13:28:00, Estado: 2
[2024-10-03 13:20:36] [info] Evento ID: 2, Nombre: Mejores amigos, Inicio: 2024-10-01 12:26:00, Fin: 2024-10-24 12:29:59, Estado: 2
[2024-10-03 13:20:36] [info] Evento ID: 34, Nombre: Empresa Deley, Inicio: 2024-10-01 12:29:00, Fin: 2024-10-04 13:02:00, Estado: 2
[2024-10-03 13:20:39] [info] Iniciando actualización de estados de eventos. Fecha actual: 2024-10-03 13:20:39
[2024-10-03 13:20:39] [info] Eventos actualizados de 'en espera' a 'activos': 0
[2024-10-03 13:20:39] [info] Eventos actualizados de 'activos' a 'finalizados': 0
[2024-10-03 13:20:39] [info] Resumen de actualización:
[2024-10-03 13:20:39] [info] Total de eventos actualizados: 0
[2024-10-03 13:20:39] [info] Evento ID: 3, Nombre: Empresa Surface, Inicio: 2024-09-27 11:02:00, Fin: 2024-10-18 11:02:00, Estado: 2
[2024-10-03 13:20:39] [info] Evento ID: 1, Nombre: Microsoft, Inicio: 2024-10-01 09:56:00, Fin: 2024-11-02 13:28:00, Estado: 2
[2024-10-03 13:20:39] [info] Evento ID: 2, Nombre: Mejores amigos, Inicio: 2024-10-01 12:26:00, Fin: 2024-10-24 12:29:59, Estado: 2
[2024-10-03 13:20:39] [info] Evento ID: 34, Nombre: Empresa Deley, Inicio: 2024-10-01 12:29:00, Fin: 2024-10-04 13:02:00, Estado: 2
[2024-10-03 13:21:40] [info] Iniciando actualización de estados de eventos. Fecha actual: 2024-10-03 13:21:40
[2024-10-03 13:21:40] [info] Eventos actualizados de 'en espera' a 'activos': 0
[2024-10-03 13:21:40] [info] Eventos actualizados de 'activos' a 'finalizados': 0
[2024-10-03 13:21:40] [info] Resumen de actualización:
[2024-10-03 13:21:40] [info] Total de eventos actualizados: 0
[2024-10-03 13:21:40] [info] Evento ID: 3, Nombre: Empresa Surface, Inicio: 2024-09-27 11:02:00, Fin: 2024-10-18 11:02:00, Estado: 2
[2024-10-03 13:21:40] [info] Evento ID: 1, Nombre: Microsoft, Inicio: 2024-10-01 09:56:00, Fin: 2024-11-02 13:28:00, Estado: 2
[2024-10-03 13:21:40] [info] Evento ID: 2, Nombre: Mejores amigos, Inicio: 2024-10-01 12:26:00, Fin: 2024-10-24 12:29:59, Estado: 2
[2024-10-03 13:21:40] [info] Evento ID: 34, Nombre: Empresa Deley, Inicio: 2024-10-01 12:29:00, Fin: 2024-10-04 13:02:00, Estado: 2
