[2025-01-17 16:48:01] [info] Administrador con ID 1 ha iniciado sesión exitosamente
[2025-01-17 16:48:01] [info] Iniciando actualización de estados de eventos. Fecha actual: 2025-01-17 16:48:01
[2025-01-17 16:48:01] [info] Eventos retrocedidos a Pendiente: 0
[2025-01-17 16:48:01] [info] Eventos retrocedidos desde Finalizado: 0
[2025-01-17 16:48:01] [info] Eventos finalizados actualizados: 0
[2025-01-17 16:48:01] [info] Jugadores actualizados a terminado: 0
[2025-01-17 16:48:01] [info] Eventos iniciados: 0
[2025-01-17 16:48:01] [info] Evento ID: 11, Nombre: Todos Santos, Jugadores terminados: 10/10
[2025-01-17 16:48:01] [info] Evento ID: 13, Nombre: Halloween, Jugadores terminados: 7/7
[2025-01-17 16:48:01] [info] Evento ID: 15, Nombre: Instituto ABC, Jugadores terminados: 3/3
[2025-01-17 16:48:01] [info] Evento ID: 16, Nombre: Sistemas UBI, Jugadores terminados: 18/18
[2025-01-17 16:48:01] [info] Evento ID: 24, Nombre: Microsoft, Jugadores terminados: 30/30
[2025-01-17 16:48:01] [info] Evento ID: 40, Nombre: New Year, Jugadores terminados: 5/5
[2025-01-17 16:48:04] [info] Iniciando actualización de estados de eventos. Fecha actual: 2025-01-17 16:48:04
[2025-01-17 16:48:04] [info] Eventos retrocedidos a Pendiente: 0
[2025-01-17 16:48:04] [info] Eventos retrocedidos desde Finalizado: 0
[2025-01-17 16:48:04] [info] Eventos finalizados actualizados: 0
[2025-01-17 16:48:04] [info] Jugadores actualizados a terminado: 0
[2025-01-17 16:48:04] [info] Eventos iniciados: 0
[2025-01-17 16:48:04] [info] Evento ID: 11, Nombre: Todos Santos, Jugadores terminados: 10/10
[2025-01-17 16:48:04] [info] Evento ID: 13, Nombre: Halloween, Jugadores terminados: 7/7
[2025-01-17 16:48:04] [info] Evento ID: 15, Nombre: Instituto ABC, Jugadores terminados: 3/3
[2025-01-17 16:48:04] [info] Evento ID: 16, Nombre: Sistemas UBI, Jugadores terminados: 18/18
[2025-01-17 16:48:04] [info] Evento ID: 24, Nombre: Microsoft, Jugadores terminados: 30/30
[2025-01-17 16:48:04] [info] Evento ID: 40, Nombre: New Year, Jugadores terminados: 5/5
[2025-01-17 16:48:10] [info] Iniciando actualización de estados de eventos. Fecha actual: 2025-01-17 16:48:10
[2025-01-17 16:48:10] [info] Eventos retrocedidos a Pendiente: 0
[2025-01-17 16:48:10] [info] Eventos retrocedidos desde Finalizado: 0
[2025-01-17 16:48:10] [info] Eventos finalizados actualizados: 0
[2025-01-17 16:48:10] [info] Jugadores actualizados a terminado: 0
[2025-01-17 16:48:10] [info] Eventos iniciados: 0
[2025-01-17 16:48:10] [info] Evento ID: 11, Nombre: Todos Santos, Jugadores terminados: 10/10
[2025-01-17 16:48:10] [info] Evento ID: 13, Nombre: Halloween, Jugadores terminados: 7/7
[2025-01-17 16:48:10] [info] Evento ID: 15, Nombre: Instituto ABC, Jugadores terminados: 3/3
[2025-01-17 16:48:10] [info] Evento ID: 16, Nombre: Sistemas UBI, Jugadores terminados: 18/18
[2025-01-17 16:48:10] [info] Evento ID: 24, Nombre: Microsoft, Jugadores terminados: 30/30
[2025-01-17 16:48:10] [info] Evento ID: 40, Nombre: New Year, Jugadores terminados: 5/5
