[2024-10-30 14:51:29] [info] Administrador con ID 1 ha iniciado sesión exitosamente
[2024-10-30 14:51:30] [info] Iniciando actualización de estados de eventos. Fecha actual: 2024-10-30 14:51:30
[2024-10-30 14:51:30] [info] Eventos actualizados de 'en espera' a 'activos': 0
[2024-10-30 14:51:30] [info] Eventos actualizados de 'activos' a 'finalizados': 0
[2024-10-30 14:51:30] [info] Resumen de actualización:
[2024-10-30 14:51:30] [info] Total de eventos actualizados: 0
[2024-10-30 14:51:30] [info] Evento ID: 1, Nombre: Microsoft, Inicio: 2024-10-09 00:00:00, Fin: 2024-10-09 23:32:00, Estado: 3
[2024-10-30 14:51:30] [info] Evento ID: 2, Nombre: Perdiendo la Cabeza, Inicio: 2024-10-09 13:11:00, Fin: 2024-10-09 14:08:00, Estado: 3
[2024-10-30 14:51:30] [info] Evento ID: 3, Nombre: Col. Don Bosco, Inicio: 2024-10-09 13:12:00, Fin: 2024-10-09 13:15:00, Estado: 3
[2024-10-30 14:51:30] [info] Evento ID: 4, Nombre: El Diario, Inicio: 2024-10-10 10:01:00, Fin: 2024-10-24 20:00:00, Estado: 3
[2024-10-30 14:51:30] [info] Evento ID: 5, Nombre: judith, Inicio: 2024-10-24 18:52:00, Fin: 2024-10-24 19:00:00, Estado: 3
[2024-10-30 14:51:30] [info] Evento ID: 6, Nombre: New, Inicio: 2024-10-24 22:50:00, Fin: 2024-10-31 22:47:00, Estado: 2
[2024-10-30 14:51:35] [info] Iniciando actualización de estados de eventos. Fecha actual: 2024-10-30 14:51:35
[2024-10-30 14:51:35] [info] Eventos actualizados de 'en espera' a 'activos': 0
[2024-10-30 14:51:35] [info] Eventos actualizados de 'activos' a 'finalizados': 0
[2024-10-30 14:51:35] [info] Resumen de actualización:
[2024-10-30 14:51:35] [info] Total de eventos actualizados: 0
[2024-10-30 14:51:35] [info] Evento ID: 1, Nombre: Microsoft, Inicio: 2024-10-09 00:00:00, Fin: 2024-10-09 23:32:00, Estado: 3
[2024-10-30 14:51:35] [info] Evento ID: 2, Nombre: Perdiendo la Cabeza, Inicio: 2024-10-09 13:11:00, Fin: 2024-10-09 14:08:00, Estado: 3
[2024-10-30 14:51:35] [info] Evento ID: 3, Nombre: Col. Don Bosco, Inicio: 2024-10-09 13:12:00, Fin: 2024-10-09 13:15:00, Estado: 3
[2024-10-30 14:51:35] [info] Evento ID: 4, Nombre: El Diario, Inicio: 2024-10-10 10:01:00, Fin: 2024-10-24 20:00:00, Estado: 3
[2024-10-30 14:51:35] [info] Evento ID: 5, Nombre: judith, Inicio: 2024-10-24 18:52:00, Fin: 2024-10-24 19:00:00, Estado: 3
[2024-10-30 14:51:35] [info] Evento ID: 6, Nombre: New, Inicio: 2024-10-24 22:50:00, Fin: 2024-10-31 22:47:00, Estado: 2
[2024-10-30 14:54:24] [info] Iniciando actualización de estados de eventos. Fecha actual: 2024-10-30 14:54:24
[2024-10-30 14:54:24] [info] Eventos actualizados de 'en espera' a 'activos': 0
[2024-10-30 14:54:24] [info] Eventos actualizados de 'activos' a 'finalizados': 0
[2024-10-30 14:54:24] [info] Resumen de actualización:
[2024-10-30 14:54:24] [info] Total de eventos actualizados: 0
[2024-10-30 14:54:24] [info] Evento ID: 1, Nombre: Microsoft, Inicio: 2024-10-09 00:00:00, Fin: 2024-10-09 23:32:00, Estado: 3
[2024-10-30 14:54:24] [info] Evento ID: 2, Nombre: Perdiendo la Cabeza, Inicio: 2024-10-09 13:11:00, Fin: 2024-10-09 14:08:00, Estado: 3
[2024-10-30 14:54:24] [info] Evento ID: 3, Nombre: Col. Don Bosco, Inicio: 2024-10-09 13:12:00, Fin: 2024-10-09 13:15:00, Estado: 3
[2024-10-30 14:54:24] [info] Evento ID: 4, Nombre: El Diario, Inicio: 2024-10-10 10:01:00, Fin: 2024-10-24 20:00:00, Estado: 3
[2024-10-30 14:54:24] [info] Evento ID: 5, Nombre: judith, Inicio: 2024-10-24 18:52:00, Fin: 2024-10-24 19:00:00, Estado: 3
[2024-10-30 14:54:24] [info] Evento ID: 6, Nombre: New, Inicio: 2024-10-24 22:50:00, Fin: 2024-10-31 22:47:00, Estado: 2
[2024-10-30 14:55:48] [info] Administrador con ID 2 ha iniciado sesión exitosamente
[2024-10-30 14:55:48] [info] Iniciando actualización de estados de eventos. Fecha actual: 2024-10-30 14:55:48
[2024-10-30 14:55:48] [info] Eventos actualizados de 'en espera' a 'activos': 0
[2024-10-30 14:55:48] [info] Eventos actualizados de 'activos' a 'finalizados': 0
[2024-10-30 14:55:48] [info] Resumen de actualización:
[2024-10-30 14:55:48] [info] Total de eventos actualizados: 0
[2024-10-30 14:55:48] [info] Evento ID: 1, Nombre: Microsoft, Inicio: 2024-10-09 00:00:00, Fin: 2024-10-09 23:32:00, Estado: 3
[2024-10-30 14:55:48] [info] Evento ID: 2, Nombre: Perdiendo la Cabeza, Inicio: 2024-10-09 13:11:00, Fin: 2024-10-09 14:08:00, Estado: 3
[2024-10-30 14:55:48] [info] Evento ID: 3, Nombre: Col. Don Bosco, Inicio: 2024-10-09 13:12:00, Fin: 2024-10-09 13:15:00, Estado: 3
[2024-10-30 14:55:48] [info] Evento ID: 4, Nombre: El Diario, Inicio: 2024-10-10 10:01:00, Fin: 2024-10-24 20:00:00, Estado: 3
[2024-10-30 14:55:48] [info] Evento ID: 5, Nombre: judith, Inicio: 2024-10-24 18:52:00, Fin: 2024-10-24 19:00:00, Estado: 3
[2024-10-30 14:55:48] [info] Evento ID: 6, Nombre: New, Inicio: 2024-10-24 22:50:00, Fin: 2024-10-31 22:47:00, Estado: 2
[2024-10-30 14:56:40] [info] Administrador con ID 1 ha iniciado sesión exitosamente
[2024-10-30 14:56:40] [info] Iniciando actualización de estados de eventos. Fecha actual: 2024-10-30 14:56:40
[2024-10-30 14:56:40] [info] Eventos actualizados de 'en espera' a 'activos': 0
[2024-10-30 14:56:40] [info] Eventos actualizados de 'activos' a 'finalizados': 0
[2024-10-30 14:56:40] [info] Resumen de actualización:
[2024-10-30 14:56:40] [info] Total de eventos actualizados: 0
[2024-10-30 14:56:40] [info] Evento ID: 1, Nombre: Microsoft, Inicio: 2024-10-09 00:00:00, Fin: 2024-10-09 23:32:00, Estado: 3
[2024-10-30 14:56:40] [info] Evento ID: 2, Nombre: Perdiendo la Cabeza, Inicio: 2024-10-09 13:11:00, Fin: 2024-10-09 14:08:00, Estado: 3
[2024-10-30 14:56:40] [info] Evento ID: 3, Nombre: Col. Don Bosco, Inicio: 2024-10-09 13:12:00, Fin: 2024-10-09 13:15:00, Estado: 3
[2024-10-30 14:56:40] [info] Evento ID: 4, Nombre: El Diario, Inicio: 2024-10-10 10:01:00, Fin: 2024-10-24 20:00:00, Estado: 3
[2024-10-30 14:56:40] [info] Evento ID: 5, Nombre: judith, Inicio: 2024-10-24 18:52:00, Fin: 2024-10-24 19:00:00, Estado: 3
[2024-10-30 14:56:40] [info] Evento ID: 6, Nombre: New, Inicio: 2024-10-24 22:50:00, Fin: 2024-10-31 22:47:00, Estado: 2
[2024-10-30 14:58:37] [info] Iniciando actualización de estados de eventos. Fecha actual: 2024-10-30 14:58:37
[2024-10-30 14:58:37] [info] Eventos actualizados de 'en espera' a 'activos': 0
[2024-10-30 14:58:37] [info] Eventos actualizados de 'activos' a 'finalizados': 0
[2024-10-30 14:58:37] [info] Resumen de actualización:
[2024-10-30 14:58:37] [info] Total de eventos actualizados: 0
[2024-10-30 14:58:37] [info] Evento ID: 1, Nombre: Microsoft, Inicio: 2024-10-09 00:00:00, Fin: 2024-10-09 23:32:00, Estado: 3
[2024-10-30 14:58:37] [info] Evento ID: 2, Nombre: Perdiendo la Cabeza, Inicio: 2024-10-09 13:11:00, Fin: 2024-10-09 14:08:00, Estado: 3
[2024-10-30 14:58:37] [info] Evento ID: 3, Nombre: Col. Don Bosco, Inicio: 2024-10-09 13:12:00, Fin: 2024-10-09 13:15:00, Estado: 3
[2024-10-30 14:58:37] [info] Evento ID: 4, Nombre: El Diario, Inicio: 2024-10-10 10:01:00, Fin: 2024-10-24 20:00:00, Estado: 3
[2024-10-30 14:58:37] [info] Evento ID: 5, Nombre: judith, Inicio: 2024-10-24 18:52:00, Fin: 2024-10-24 19:00:00, Estado: 3
[2024-10-30 14:58:37] [info] Evento ID: 6, Nombre: New, Inicio: 2024-10-24 22:50:00, Fin: 2024-10-31 22:47:00, Estado: 2
[2024-10-30 14:58:52] [warning] Intento de inicio de sesión fallido para el usuario con CI: 7654321
[2024-10-30 14:59:01] [info] Administrador con ID 2 ha iniciado sesión exitosamente
[2024-10-30 14:59:01] [info] Iniciando actualización de estados de eventos. Fecha actual: 2024-10-30 14:59:01
[2024-10-30 14:59:01] [info] Eventos actualizados de 'en espera' a 'activos': 0
[2024-10-30 14:59:01] [info] Eventos actualizados de 'activos' a 'finalizados': 0
[2024-10-30 14:59:01] [info] Resumen de actualización:
[2024-10-30 14:59:01] [info] Total de eventos actualizados: 0
[2024-10-30 14:59:01] [info] Evento ID: 1, Nombre: Microsoft, Inicio: 2024-10-09 00:00:00, Fin: 2024-10-09 23:32:00, Estado: 3
[2024-10-30 14:59:01] [info] Evento ID: 2, Nombre: Perdiendo la Cabeza, Inicio: 2024-10-09 13:11:00, Fin: 2024-10-09 14:08:00, Estado: 3
[2024-10-30 14:59:01] [info] Evento ID: 3, Nombre: Col. Don Bosco, Inicio: 2024-10-09 13:12:00, Fin: 2024-10-09 13:15:00, Estado: 3
[2024-10-30 14:59:01] [info] Evento ID: 4, Nombre: El Diario, Inicio: 2024-10-10 10:01:00, Fin: 2024-10-24 20:00:00, Estado: 3
[2024-10-30 14:59:01] [info] Evento ID: 5, Nombre: judith, Inicio: 2024-10-24 18:52:00, Fin: 2024-10-24 19:00:00, Estado: 3
[2024-10-30 14:59:01] [info] Evento ID: 6, Nombre: New, Inicio: 2024-10-24 22:50:00, Fin: 2024-10-31 22:47:00, Estado: 2
[2024-10-30 15:50:32] [info] Iniciando actualización de estados de eventos. Fecha actual: 2024-10-30 15:50:32
[2024-10-30 15:50:32] [info] Eventos actualizados de 'en espera' a 'activos': 0
[2024-10-30 15:50:32] [info] Eventos actualizados de 'activos' a 'finalizados': 0
[2024-10-30 15:50:32] [info] Resumen de actualización:
[2024-10-30 15:50:32] [info] Total de eventos actualizados: 0
[2024-10-30 15:50:32] [info] Evento ID: 1, Nombre: Microsoft, Inicio: 2024-10-09 00:00:00, Fin: 2024-10-09 23:32:00, Estado: 3
[2024-10-30 15:50:32] [info] Evento ID: 2, Nombre: Perdiendo la Cabeza, Inicio: 2024-10-09 13:11:00, Fin: 2024-10-09 14:08:00, Estado: 3
[2024-10-30 15:50:32] [info] Evento ID: 3, Nombre: Col. Don Bosco, Inicio: 2024-10-09 13:12:00, Fin: 2024-10-09 13:15:00, Estado: 3
[2024-10-30 15:50:32] [info] Evento ID: 4, Nombre: El Diario, Inicio: 2024-10-10 10:01:00, Fin: 2024-10-24 20:00:00, Estado: 3
[2024-10-30 15:50:32] [info] Evento ID: 5, Nombre: judith, Inicio: 2024-10-24 18:52:00, Fin: 2024-10-24 19:00:00, Estado: 3
[2024-10-30 15:50:32] [info] Evento ID: 6, Nombre: New, Inicio: 2024-10-24 22:50:00, Fin: 2024-10-31 22:47:00, Estado: 2
[2024-10-30 15:50:58] [info] Iniciando actualización de estados de eventos. Fecha actual: 2024-10-30 15:50:58
[2024-10-30 15:50:58] [info] Eventos actualizados de 'en espera' a 'activos': 0
[2024-10-30 15:50:58] [info] Eventos actualizados de 'activos' a 'finalizados': 0
[2024-10-30 15:50:58] [info] Resumen de actualización:
[2024-10-30 15:50:58] [info] Total de eventos actualizados: 0
[2024-10-30 15:50:58] [info] Evento ID: 1, Nombre: Microsoft, Inicio: 2024-10-09 00:00:00, Fin: 2024-10-09 23:32:00, Estado: 3
[2024-10-30 15:50:58] [info] Evento ID: 2, Nombre: Perdiendo la Cabeza, Inicio: 2024-10-09 13:11:00, Fin: 2024-10-09 14:08:00, Estado: 3
[2024-10-30 15:50:58] [info] Evento ID: 3, Nombre: Col. Don Bosco, Inicio: 2024-10-09 13:12:00, Fin: 2024-10-09 13:15:00, Estado: 3
[2024-10-30 15:50:58] [info] Evento ID: 4, Nombre: El Diario, Inicio: 2024-10-10 10:01:00, Fin: 2024-10-24 20:00:00, Estado: 3
[2024-10-30 15:50:58] [info] Evento ID: 5, Nombre: judith, Inicio: 2024-10-24 18:52:00, Fin: 2024-10-24 19:00:00, Estado: 3
[2024-10-30 15:50:58] [info] Evento ID: 6, Nombre: New, Inicio: 2024-10-24 22:50:00, Fin: 2024-10-31 22:47:00, Estado: 2
[2024-10-30 15:54:32] [info] Administrador con ID 1 ha iniciado sesión exitosamente
[2024-10-30 15:54:32] [info] Iniciando actualización de estados de eventos. Fecha actual: 2024-10-30 15:54:32
[2024-10-30 15:54:32] [info] Eventos actualizados de 'en espera' a 'activos': 0
[2024-10-30 15:54:32] [info] Eventos actualizados de 'activos' a 'finalizados': 0
[2024-10-30 15:54:32] [info] Resumen de actualización:
[2024-10-30 15:54:32] [info] Total de eventos actualizados: 0
[2024-10-30 15:54:32] [info] Evento ID: 1, Nombre: Microsoft, Inicio: 2024-10-09 00:00:00, Fin: 2024-10-09 23:32:00, Estado: 3
[2024-10-30 15:54:32] [info] Evento ID: 2, Nombre: Perdiendo la Cabeza, Inicio: 2024-10-09 13:11:00, Fin: 2024-10-09 14:08:00, Estado: 3
[2024-10-30 15:54:32] [info] Evento ID: 3, Nombre: Col. Don Bosco, Inicio: 2024-10-09 13:12:00, Fin: 2024-10-09 13:15:00, Estado: 3
[2024-10-30 15:54:32] [info] Evento ID: 4, Nombre: El Diario, Inicio: 2024-10-10 10:01:00, Fin: 2024-10-24 20:00:00, Estado: 3
[2024-10-30 15:54:32] [info] Evento ID: 5, Nombre: judith, Inicio: 2024-10-24 18:52:00, Fin: 2024-10-24 19:00:00, Estado: 3
[2024-10-30 15:54:32] [info] Evento ID: 6, Nombre: New, Inicio: 2024-10-24 22:50:00, Fin: 2024-10-31 22:47:00, Estado: 2
[2024-10-30 16:13:38] [info] Iniciando actualización de estados de eventos. Fecha actual: 2024-10-30 16:13:38
[2024-10-30 16:13:38] [info] Eventos actualizados de 'en espera' a 'activos': 0
[2024-10-30 16:13:38] [info] Eventos actualizados de 'activos' a 'finalizados': 0
[2024-10-30 16:13:38] [info] Resumen de actualización:
[2024-10-30 16:13:38] [info] Total de eventos actualizados: 0
[2024-10-30 16:13:38] [info] Evento ID: 1, Nombre: Microsoft, Inicio: 2024-10-09 00:00:00, Fin: 2024-10-09 23:32:00, Estado: 3
[2024-10-30 16:13:38] [info] Evento ID: 2, Nombre: Perdiendo la Cabeza, Inicio: 2024-10-09 13:11:00, Fin: 2024-10-09 14:08:00, Estado: 3
[2024-10-30 16:13:38] [info] Evento ID: 3, Nombre: Col. Don Bosco, Inicio: 2024-10-09 13:12:00, Fin: 2024-10-09 13:15:00, Estado: 3
[2024-10-30 16:13:38] [info] Evento ID: 4, Nombre: El Diario, Inicio: 2024-10-10 10:01:00, Fin: 2024-10-24 20:00:00, Estado: 3
[2024-10-30 16:13:38] [info] Evento ID: 5, Nombre: judith, Inicio: 2024-10-24 18:52:00, Fin: 2024-10-24 19:00:00, Estado: 3
[2024-10-30 16:13:38] [info] Evento ID: 6, Nombre: New, Inicio: 2024-10-24 22:50:00, Fin: 2024-10-31 22:47:00, Estado: 2
[2024-10-30 16:31:09] [info] Administrador con ID 1 ha iniciado sesión exitosamente
[2024-10-30 16:31:09] [info] Iniciando actualización de estados de eventos. Fecha actual: 2024-10-30 16:31:09
[2024-10-30 16:31:09] [info] Eventos actualizados de 'en espera' a 'activos': 0
[2024-10-30 16:31:09] [info] Eventos actualizados de 'activos' a 'finalizados': 0
[2024-10-30 16:31:09] [info] Resumen de actualización:
[2024-10-30 16:31:09] [info] Total de eventos actualizados: 0
[2024-10-30 16:31:09] [info] Evento ID: 1, Nombre: Microsoft, Inicio: 2024-10-09 00:00:00, Fin: 2024-10-09 23:32:00, Estado: 3
[2024-10-30 16:31:09] [info] Evento ID: 2, Nombre: Perdiendo la Cabeza, Inicio: 2024-10-09 13:11:00, Fin: 2024-10-09 14:08:00, Estado: 3
[2024-10-30 16:31:09] [info] Evento ID: 3, Nombre: Col. Don Bosco, Inicio: 2024-10-09 13:12:00, Fin: 2024-10-09 13:15:00, Estado: 3
[2024-10-30 16:31:09] [info] Evento ID: 4, Nombre: El Diario, Inicio: 2024-10-10 10:01:00, Fin: 2024-10-24 20:00:00, Estado: 3
[2024-10-30 16:31:09] [info] Evento ID: 5, Nombre: judith, Inicio: 2024-10-24 18:52:00, Fin: 2024-10-24 19:00:00, Estado: 3
[2024-10-30 16:31:09] [info] Evento ID: 6, Nombre: New, Inicio: 2024-10-24 22:50:00, Fin: 2024-10-31 22:47:00, Estado: 2
[2024-10-30 16:35:20] [info] Administrador con ID 1 ha iniciado sesión exitosamente
[2024-10-30 16:35:20] [info] Iniciando actualización de estados de eventos. Fecha actual: 2024-10-30 16:35:20
[2024-10-30 16:35:20] [info] Eventos actualizados de 'en espera' a 'activos': 0
[2024-10-30 16:35:20] [info] Eventos actualizados de 'activos' a 'finalizados': 0
[2024-10-30 16:35:20] [info] Resumen de actualización:
[2024-10-30 16:35:20] [info] Total de eventos actualizados: 0
[2024-10-30 16:35:20] [info] Evento ID: 1, Nombre: Microsoft, Inicio: 2024-10-09 00:00:00, Fin: 2024-10-09 23:32:00, Estado: 3
[2024-10-30 16:35:20] [info] Evento ID: 2, Nombre: Perdiendo la Cabeza, Inicio: 2024-10-09 13:11:00, Fin: 2024-10-09 14:08:00, Estado: 3
[2024-10-30 16:35:20] [info] Evento ID: 3, Nombre: Col. Don Bosco, Inicio: 2024-10-09 13:12:00, Fin: 2024-10-09 13:15:00, Estado: 3
[2024-10-30 16:35:20] [info] Evento ID: 4, Nombre: El Diario, Inicio: 2024-10-10 10:01:00, Fin: 2024-10-24 20:00:00, Estado: 3
[2024-10-30 16:35:20] [info] Evento ID: 5, Nombre: judith, Inicio: 2024-10-24 18:52:00, Fin: 2024-10-24 19:00:00, Estado: 3
[2024-10-30 16:35:20] [info] Evento ID: 6, Nombre: New, Inicio: 2024-10-24 22:50:00, Fin: 2024-10-31 22:47:00, Estado: 2
[2024-10-30 16:37:02] [info] Administrador con ID 1 ha iniciado sesión exitosamente
[2024-10-30 16:37:02] [info] Iniciando actualización de estados de eventos. Fecha actual: 2024-10-30 16:37:02
[2024-10-30 16:37:02] [info] Eventos actualizados de 'en espera' a 'activos': 0
[2024-10-30 16:37:02] [info] Eventos actualizados de 'activos' a 'finalizados': 0
[2024-10-30 16:37:02] [info] Resumen de actualización:
[2024-10-30 16:37:02] [info] Total de eventos actualizados: 0
[2024-10-30 16:37:02] [info] Evento ID: 1, Nombre: Microsoft, Inicio: 2024-10-09 00:00:00, Fin: 2024-10-09 23:32:00, Estado: 3
[2024-10-30 16:37:02] [info] Evento ID: 2, Nombre: Perdiendo la Cabeza, Inicio: 2024-10-09 13:11:00, Fin: 2024-10-09 14:08:00, Estado: 3
[2024-10-30 16:37:02] [info] Evento ID: 3, Nombre: Col. Don Bosco, Inicio: 2024-10-09 13:12:00, Fin: 2024-10-09 13:15:00, Estado: 3
[2024-10-30 16:37:02] [info] Evento ID: 4, Nombre: El Diario, Inicio: 2024-10-10 10:01:00, Fin: 2024-10-24 20:00:00, Estado: 3
[2024-10-30 16:37:02] [info] Evento ID: 5, Nombre: judith, Inicio: 2024-10-24 18:52:00, Fin: 2024-10-24 19:00:00, Estado: 3
[2024-10-30 16:37:02] [info] Evento ID: 6, Nombre: New, Inicio: 2024-10-24 22:50:00, Fin: 2024-10-31 22:47:00, Estado: 2
[2024-10-30 17:17:23] [info] Iniciando actualización de estados de eventos. Fecha actual: 2024-10-30 17:17:23
[2024-10-30 17:17:23] [info] Eventos actualizados de 'en espera' a 'activos': 0
[2024-10-30 17:17:23] [info] Eventos actualizados de 'activos' a 'finalizados': 0
[2024-10-30 17:17:23] [info] Resumen de actualización:
[2024-10-30 17:17:23] [info] Total de eventos actualizados: 0
[2024-10-30 17:17:23] [info] Evento ID: 1, Nombre: Microsoft, Inicio: 2024-10-09 00:00:00, Fin: 2024-10-09 23:32:00, Estado: 3
[2024-10-30 17:17:23] [info] Evento ID: 2, Nombre: Perdiendo la Cabeza, Inicio: 2024-10-09 13:11:00, Fin: 2024-10-09 14:08:00, Estado: 3
[2024-10-30 17:17:23] [info] Evento ID: 3, Nombre: Col. Don Bosco, Inicio: 2024-10-09 13:12:00, Fin: 2024-10-09 13:15:00, Estado: 3
[2024-10-30 17:17:23] [info] Evento ID: 4, Nombre: El Diario, Inicio: 2024-10-10 10:01:00, Fin: 2024-10-24 20:00:00, Estado: 3
[2024-10-30 17:17:23] [info] Evento ID: 5, Nombre: judith, Inicio: 2024-10-24 18:52:00, Fin: 2024-10-24 19:00:00, Estado: 3
[2024-10-30 17:17:23] [info] Evento ID: 6, Nombre: New, Inicio: 2024-10-24 22:50:00, Fin: 2024-10-31 22:47:00, Estado: 2
[2024-10-30 17:43:55] [info] Iniciando actualización de estados de eventos. Fecha actual: 2024-10-30 17:43:55
[2024-10-30 17:43:55] [info] Eventos actualizados de 'en espera' a 'activos': 0
[2024-10-30 17:43:55] [info] Eventos actualizados de 'activos' a 'finalizados': 0
[2024-10-30 17:43:55] [info] Resumen de actualización:
[2024-10-30 17:43:55] [info] Total de eventos actualizados: 0
[2024-10-30 17:43:55] [info] Evento ID: 1, Nombre: Microsoft, Inicio: 2024-10-09 00:00:00, Fin: 2024-10-09 23:32:00, Estado: 3
[2024-10-30 17:43:55] [info] Evento ID: 2, Nombre: Perdiendo la Cabeza, Inicio: 2024-10-09 13:11:00, Fin: 2024-10-09 14:08:00, Estado: 3
[2024-10-30 17:43:55] [info] Evento ID: 3, Nombre: Col. Don Bosco, Inicio: 2024-10-09 13:12:00, Fin: 2024-10-09 13:15:00, Estado: 3
[2024-10-30 17:43:55] [info] Evento ID: 4, Nombre: El Diario, Inicio: 2024-10-10 10:01:00, Fin: 2024-10-24 20:00:00, Estado: 3
[2024-10-30 17:43:55] [info] Evento ID: 5, Nombre: judith, Inicio: 2024-10-24 18:52:00, Fin: 2024-10-24 19:00:00, Estado: 3
[2024-10-30 17:43:55] [info] Evento ID: 6, Nombre: New, Inicio: 2024-10-24 22:50:00, Fin: 2024-10-31 22:47:00, Estado: 2
[2024-10-30 19:11:27] [info] Administrador con ID 1 ha iniciado sesión exitosamente
[2024-10-30 19:11:27] [info] Iniciando actualización de estados de eventos. Fecha actual: 2024-10-30 19:11:27
[2024-10-30 19:11:27] [info] Eventos actualizados de 'en espera' a 'activos': 0
[2024-10-30 19:11:27] [info] Eventos actualizados de 'activos' a 'finalizados': 0
[2024-10-30 19:11:27] [info] Resumen de actualización:
[2024-10-30 19:11:27] [info] Total de eventos actualizados: 0
[2024-10-30 19:11:27] [info] Evento ID: 1, Nombre: Microsoft, Inicio: 2024-10-09 00:00:00, Fin: 2024-10-09 23:32:00, Estado: 3
[2024-10-30 19:11:27] [info] Evento ID: 2, Nombre: Perdiendo la Cabeza, Inicio: 2024-10-09 13:11:00, Fin: 2024-10-09 14:08:00, Estado: 3
[2024-10-30 19:11:27] [info] Evento ID: 3, Nombre: Col. Don Bosco, Inicio: 2024-10-09 13:12:00, Fin: 2024-10-09 13:15:00, Estado: 3
[2024-10-30 19:11:27] [info] Evento ID: 4, Nombre: El Diario, Inicio: 2024-10-10 10:01:00, Fin: 2024-10-24 20:00:00, Estado: 3
[2024-10-30 19:11:27] [info] Evento ID: 5, Nombre: judith, Inicio: 2024-10-24 18:52:00, Fin: 2024-10-24 19:00:00, Estado: 3
[2024-10-30 19:11:27] [info] Evento ID: 6, Nombre: New, Inicio: 2024-10-24 22:50:00, Fin: 2024-10-31 22:47:00, Estado: 2
[2024-10-30 19:12:26] [info] Administrador con ID 1 ha iniciado sesión exitosamente
[2024-10-30 19:12:26] [info] Iniciando actualización de estados de eventos. Fecha actual: 2024-10-30 19:12:26
[2024-10-30 19:12:26] [info] Eventos actualizados de 'en espera' a 'activos': 0
[2024-10-30 19:12:26] [info] Eventos actualizados de 'activos' a 'finalizados': 0
[2024-10-30 19:12:26] [info] Resumen de actualización:
[2024-10-30 19:12:26] [info] Total de eventos actualizados: 0
[2024-10-30 19:12:26] [info] Evento ID: 1, Nombre: Microsoft, Inicio: 2024-10-09 00:00:00, Fin: 2024-10-09 23:32:00, Estado: 3
[2024-10-30 19:12:26] [info] Evento ID: 2, Nombre: Perdiendo la Cabeza, Inicio: 2024-10-09 13:11:00, Fin: 2024-10-09 14:08:00, Estado: 3
[2024-10-30 19:12:26] [info] Evento ID: 3, Nombre: Col. Don Bosco, Inicio: 2024-10-09 13:12:00, Fin: 2024-10-09 13:15:00, Estado: 3
[2024-10-30 19:12:26] [info] Evento ID: 4, Nombre: El Diario, Inicio: 2024-10-10 10:01:00, Fin: 2024-10-24 20:00:00, Estado: 3
[2024-10-30 19:12:26] [info] Evento ID: 5, Nombre: judith, Inicio: 2024-10-24 18:52:00, Fin: 2024-10-24 19:00:00, Estado: 3
[2024-10-30 19:12:26] [info] Evento ID: 6, Nombre: New, Inicio: 2024-10-24 22:50:00, Fin: 2024-10-31 22:47:00, Estado: 2
[2024-10-30 20:25:38] [info] Administrador con ID 1 ha iniciado sesión exitosamente
[2024-10-30 20:25:38] [info] Iniciando actualización de estados de eventos. Fecha actual: 2024-10-30 20:25:38
[2024-10-30 20:25:38] [info] Eventos actualizados de 'en espera' a 'activos': 0
[2024-10-30 20:25:38] [info] Eventos actualizados de 'activos' a 'finalizados': 0
[2024-10-30 20:25:38] [info] Resumen de actualización:
[2024-10-30 20:25:38] [info] Total de eventos actualizados: 0
[2024-10-30 20:25:38] [info] Evento ID: 1, Nombre: Microsoft, Inicio: 2024-10-09 00:00:00, Fin: 2024-10-09 23:32:00, Estado: 3
[2024-10-30 20:25:38] [info] Evento ID: 2, Nombre: Perdiendo la Cabeza, Inicio: 2024-10-09 13:11:00, Fin: 2024-10-09 14:08:00, Estado: 3
[2024-10-30 20:25:38] [info] Evento ID: 3, Nombre: Col. Don Bosco, Inicio: 2024-10-09 13:12:00, Fin: 2024-10-09 13:15:00, Estado: 3
[2024-10-30 20:25:38] [info] Evento ID: 4, Nombre: El Diario, Inicio: 2024-10-10 10:01:00, Fin: 2024-10-24 20:00:00, Estado: 3
[2024-10-30 20:25:38] [info] Evento ID: 5, Nombre: Other, Inicio: 2024-10-25 20:45:00, Fin: 2024-10-31 20:44:00, Estado: 2
[2024-10-30 20:25:40] [info] Iniciando actualización de estados de eventos. Fecha actual: 2024-10-30 20:25:40
[2024-10-30 20:25:40] [info] Eventos actualizados de 'en espera' a 'activos': 0
[2024-10-30 20:25:40] [info] Eventos actualizados de 'activos' a 'finalizados': 0
[2024-10-30 20:25:40] [info] Resumen de actualización:
[2024-10-30 20:25:40] [info] Total de eventos actualizados: 0
[2024-10-30 20:25:40] [info] Evento ID: 1, Nombre: Microsoft, Inicio: 2024-10-09 00:00:00, Fin: 2024-10-09 23:32:00, Estado: 3
[2024-10-30 20:25:40] [info] Evento ID: 2, Nombre: Perdiendo la Cabeza, Inicio: 2024-10-09 13:11:00, Fin: 2024-10-09 14:08:00, Estado: 3
[2024-10-30 20:25:40] [info] Evento ID: 3, Nombre: Col. Don Bosco, Inicio: 2024-10-09 13:12:00, Fin: 2024-10-09 13:15:00, Estado: 3
[2024-10-30 20:25:40] [info] Evento ID: 4, Nombre: El Diario, Inicio: 2024-10-10 10:01:00, Fin: 2024-10-24 20:00:00, Estado: 3
[2024-10-30 20:25:40] [info] Evento ID: 5, Nombre: Other, Inicio: 2024-10-25 20:45:00, Fin: 2024-10-31 20:44:00, Estado: 2
[2024-10-30 20:26:40] [info] Iniciando actualización de estados de eventos. Fecha actual: 2024-10-30 20:26:40
[2024-10-30 20:26:40] [info] Eventos actualizados de 'en espera' a 'activos': 0
[2024-10-30 20:26:40] [info] Eventos actualizados de 'activos' a 'finalizados': 0
[2024-10-30 20:26:40] [info] Resumen de actualización:
[2024-10-30 20:26:40] [info] Total de eventos actualizados: 0
[2024-10-30 20:26:40] [info] Evento ID: 1, Nombre: Microsoft, Inicio: 2024-10-09 00:00:00, Fin: 2024-10-09 23:32:00, Estado: 3
[2024-10-30 20:26:40] [info] Evento ID: 2, Nombre: Perdiendo la Cabeza, Inicio: 2024-10-09 13:11:00, Fin: 2024-10-09 14:08:00, Estado: 3
[2024-10-30 20:26:40] [info] Evento ID: 3, Nombre: Col. Don Bosco, Inicio: 2024-10-09 13:12:00, Fin: 2024-10-09 13:15:00, Estado: 3
[2024-10-30 20:26:40] [info] Evento ID: 4, Nombre: El Diario, Inicio: 2024-10-10 10:01:00, Fin: 2024-10-24 20:00:00, Estado: 3
[2024-10-30 20:26:40] [info] Evento ID: 5, Nombre: Other, Inicio: 2024-10-25 20:45:00, Fin: 2024-10-31 20:44:00, Estado: 2
[2024-10-30 20:27:40] [info] Iniciando actualización de estados de eventos. Fecha actual: 2024-10-30 20:27:40
[2024-10-30 20:27:40] [info] Eventos actualizados de 'en espera' a 'activos': 0
[2024-10-30 20:27:40] [info] Eventos actualizados de 'activos' a 'finalizados': 0
[2024-10-30 20:27:40] [info] Resumen de actualización:
[2024-10-30 20:27:40] [info] Total de eventos actualizados: 0
[2024-10-30 20:27:40] [info] Evento ID: 1, Nombre: Microsoft, Inicio: 2024-10-09 00:00:00, Fin: 2024-10-09 23:32:00, Estado: 3
[2024-10-30 20:27:40] [info] Evento ID: 2, Nombre: Perdiendo la Cabeza, Inicio: 2024-10-09 13:11:00, Fin: 2024-10-09 14:08:00, Estado: 3
[2024-10-30 20:27:40] [info] Evento ID: 3, Nombre: Col. Don Bosco, Inicio: 2024-10-09 13:12:00, Fin: 2024-10-09 13:15:00, Estado: 3
[2024-10-30 20:27:40] [info] Evento ID: 4, Nombre: El Diario, Inicio: 2024-10-10 10:01:00, Fin: 2024-10-24 20:00:00, Estado: 3
[2024-10-30 20:27:40] [info] Evento ID: 5, Nombre: Other, Inicio: 2024-10-25 20:45:00, Fin: 2024-10-31 20:44:00, Estado: 2
[2024-10-30 20:27:53] [info] Administrador con ID 1 ha iniciado sesión exitosamente
[2024-10-30 20:27:53] [info] Iniciando actualización de estados de eventos. Fecha actual: 2024-10-30 20:27:53
[2024-10-30 20:27:53] [info] Eventos actualizados de 'en espera' a 'activos': 0
[2024-10-30 20:27:53] [info] Eventos actualizados de 'activos' a 'finalizados': 0
[2024-10-30 20:27:53] [info] Resumen de actualización:
[2024-10-30 20:27:53] [info] Total de eventos actualizados: 0
[2024-10-30 20:27:53] [info] Evento ID: 1, Nombre: Microsoft, Inicio: 2024-10-09 00:00:00, Fin: 2024-10-09 23:32:00, Estado: 3
[2024-10-30 20:27:53] [info] Evento ID: 2, Nombre: Perdiendo la Cabeza, Inicio: 2024-10-09 13:11:00, Fin: 2024-10-09 14:08:00, Estado: 3
[2024-10-30 20:27:53] [info] Evento ID: 3, Nombre: Col. Don Bosco, Inicio: 2024-10-09 13:12:00, Fin: 2024-10-09 13:15:00, Estado: 3
[2024-10-30 20:27:53] [info] Evento ID: 4, Nombre: El Diario, Inicio: 2024-10-10 10:01:00, Fin: 2024-10-24 20:00:00, Estado: 3
[2024-10-30 20:27:53] [info] Evento ID: 5, Nombre: Other, Inicio: 2024-10-25 20:45:00, Fin: 2024-10-31 20:44:00, Estado: 2
