[2025-01-21 12:43:47] [info] Administrador con ID 1 ha iniciado sesión exitosamente
[2025-01-21 12:43:47] [info] Iniciando actualización de estados de eventos. Fecha actual: 2025-01-21 12:43:47
[2025-01-21 12:43:47] [info] Eventos retrocedidos a Pendiente: 0
[2025-01-21 12:43:47] [info] Eventos retrocedidos desde Finalizado: 0
[2025-01-21 12:43:47] [info] Eventos finalizados actualizados: 0
[2025-01-21 12:43:47] [info] Jugadores actualizados a terminado: 0
[2025-01-21 12:43:47] [info] Eventos iniciados: 0
[2025-01-21 12:43:47] [info] Evento ID: 11, Nombre: Todos Santos, Jugadores terminados: 10/10
[2025-01-21 12:43:47] [info] Evento ID: 13, Nombre: Halloween, Jugadores terminados: 7/7
[2025-01-21 12:43:47] [info] Evento ID: 15, Nombre: Instituto ABC, Jugadores terminados: 3/3
[2025-01-21 12:43:47] [info] Evento ID: 16, Nombre: Sistemas UBI, Jugadores terminados: 18/18
[2025-01-21 12:43:47] [info] Evento ID: 24, Nombre: Microsoft, Jugadores terminados: 30/30
[2025-01-21 12:43:47] [info] Evento ID: 40, Nombre: New Year, Jugadores terminados: 5/5
[2025-01-21 12:43:53] [info] Iniciando actualización de estados de eventos. Fecha actual: 2025-01-21 12:43:53
[2025-01-21 12:43:53] [info] Eventos retrocedidos a Pendiente: 0
[2025-01-21 12:43:53] [info] Eventos retrocedidos desde Finalizado: 0
[2025-01-21 12:43:53] [info] Eventos finalizados actualizados: 0
[2025-01-21 12:43:53] [info] Jugadores actualizados a terminado: 0
[2025-01-21 12:43:53] [info] Eventos iniciados: 0
[2025-01-21 12:43:53] [info] Evento ID: 11, Nombre: Todos Santos, Jugadores terminados: 10/10
[2025-01-21 12:43:53] [info] Evento ID: 13, Nombre: Halloween, Jugadores terminados: 7/7
[2025-01-21 12:43:53] [info] Evento ID: 15, Nombre: Instituto ABC, Jugadores terminados: 3/3
[2025-01-21 12:43:53] [info] Evento ID: 16, Nombre: Sistemas UBI, Jugadores terminados: 18/18
[2025-01-21 12:43:53] [info] Evento ID: 24, Nombre: Microsoft, Jugadores terminados: 30/30
[2025-01-21 12:43:53] [info] Evento ID: 40, Nombre: New Year, Jugadores terminados: 5/5
[2025-01-21 12:43:54] [info] Iniciando actualización de estados de eventos. Fecha actual: 2025-01-21 12:43:54
[2025-01-21 12:43:54] [info] Eventos retrocedidos a Pendiente: 0
[2025-01-21 12:43:54] [info] Eventos retrocedidos desde Finalizado: 0
[2025-01-21 12:43:54] [info] Eventos finalizados actualizados: 0
[2025-01-21 12:43:54] [info] Jugadores actualizados a terminado: 0
[2025-01-21 12:43:54] [info] Eventos iniciados: 0
[2025-01-21 12:43:54] [info] Evento ID: 11, Nombre: Todos Santos, Jugadores terminados: 10/10
[2025-01-21 12:43:54] [info] Evento ID: 13, Nombre: Halloween, Jugadores terminados: 7/7
[2025-01-21 12:43:54] [info] Evento ID: 15, Nombre: Instituto ABC, Jugadores terminados: 3/3
[2025-01-21 12:43:54] [info] Evento ID: 16, Nombre: Sistemas UBI, Jugadores terminados: 18/18
[2025-01-21 12:43:54] [info] Evento ID: 24, Nombre: Microsoft, Jugadores terminados: 30/30
[2025-01-21 12:43:54] [info] Evento ID: 40, Nombre: New Year, Jugadores terminados: 5/5
[2025-01-21 12:44:01] [info] Iniciando actualización de estados de eventos. Fecha actual: 2025-01-21 12:44:01
[2025-01-21 12:44:01] [info] Eventos retrocedidos a Pendiente: 0
[2025-01-21 12:44:01] [info] Eventos retrocedidos desde Finalizado: 0
[2025-01-21 12:44:01] [info] Eventos finalizados actualizados: 0
[2025-01-21 12:44:01] [info] Jugadores actualizados a terminado: 0
[2025-01-21 12:44:01] [info] Eventos iniciados: 0
[2025-01-21 12:44:01] [info] Evento ID: 11, Nombre: Todos Santos, Jugadores terminados: 10/10
[2025-01-21 12:44:01] [info] Evento ID: 13, Nombre: Halloween, Jugadores terminados: 7/7
[2025-01-21 12:44:01] [info] Evento ID: 15, Nombre: Instituto ABC, Jugadores terminados: 3/3
[2025-01-21 12:44:01] [info] Evento ID: 16, Nombre: Sistemas UBI, Jugadores terminados: 18/18
[2025-01-21 12:44:01] [info] Evento ID: 24, Nombre: Microsoft, Jugadores terminados: 30/30
[2025-01-21 12:44:01] [info] Evento ID: 40, Nombre: New Year, Jugadores terminados: 5/5
[2025-01-21 12:44:24] [info] Iniciando actualización de estados de eventos. Fecha actual: 2025-01-21 12:44:24
[2025-01-21 12:44:24] [info] Eventos retrocedidos a Pendiente: 0
[2025-01-21 12:44:24] [info] Eventos retrocedidos desde Finalizado: 0
[2025-01-21 12:44:24] [info] Eventos finalizados actualizados: 0
[2025-01-21 12:44:24] [info] Jugadores actualizados a terminado: 0
[2025-01-21 12:44:24] [info] Eventos iniciados: 0
[2025-01-21 12:44:24] [info] Evento ID: 11, Nombre: Todos Santos, Jugadores terminados: 10/10
[2025-01-21 12:44:24] [info] Evento ID: 13, Nombre: Halloween, Jugadores terminados: 7/7
[2025-01-21 12:44:24] [info] Evento ID: 15, Nombre: Instituto ABC, Jugadores terminados: 3/3
[2025-01-21 12:44:24] [info] Evento ID: 16, Nombre: Sistemas UBI, Jugadores terminados: 18/18
[2025-01-21 12:44:24] [info] Evento ID: 24, Nombre: Microsoft, Jugadores terminados: 30/30
[2025-01-21 12:44:24] [info] Evento ID: 40, Nombre: New Year, Jugadores terminados: 5/5
[2025-01-21 12:44:55] [info] Iniciando actualización de estados de eventos. Fecha actual: 2025-01-21 12:44:55
[2025-01-21 12:44:55] [info] Eventos retrocedidos a Pendiente: 0
[2025-01-21 12:44:55] [info] Eventos retrocedidos desde Finalizado: 0
[2025-01-21 12:44:55] [info] Eventos finalizados actualizados: 0
[2025-01-21 12:44:55] [info] Jugadores actualizados a terminado: 0
[2025-01-21 12:44:55] [info] Eventos iniciados: 0
[2025-01-21 12:44:55] [info] Evento ID: 11, Nombre: Todos Santos, Jugadores terminados: 10/10
[2025-01-21 12:44:55] [info] Evento ID: 13, Nombre: Halloween, Jugadores terminados: 7/7
[2025-01-21 12:44:55] [info] Evento ID: 15, Nombre: Instituto ABC, Jugadores terminados: 3/3
[2025-01-21 12:44:55] [info] Evento ID: 16, Nombre: Sistemas UBI, Jugadores terminados: 18/18
[2025-01-21 12:44:55] [info] Evento ID: 24, Nombre: Microsoft, Jugadores terminados: 30/30
[2025-01-21 12:44:55] [info] Evento ID: 40, Nombre: New Year, Jugadores terminados: 5/5
[2025-01-21 12:45:25] [info] Iniciando actualización de estados de eventos. Fecha actual: 2025-01-21 12:45:25
[2025-01-21 12:45:25] [info] Eventos retrocedidos a Pendiente: 0
[2025-01-21 12:45:25] [info] Eventos retrocedidos desde Finalizado: 0
[2025-01-21 12:45:25] [info] Eventos finalizados actualizados: 0
[2025-01-21 12:45:25] [info] Jugadores actualizados a terminado: 0
[2025-01-21 12:45:25] [info] Eventos iniciados: 0
[2025-01-21 12:45:25] [info] Evento ID: 11, Nombre: Todos Santos, Jugadores terminados: 10/10
[2025-01-21 12:45:25] [info] Evento ID: 13, Nombre: Halloween, Jugadores terminados: 7/7
[2025-01-21 12:45:25] [info] Evento ID: 15, Nombre: Instituto ABC, Jugadores terminados: 3/3
[2025-01-21 12:45:25] [info] Evento ID: 16, Nombre: Sistemas UBI, Jugadores terminados: 18/18
[2025-01-21 12:45:25] [info] Evento ID: 24, Nombre: Microsoft, Jugadores terminados: 30/30
[2025-01-21 12:45:25] [info] Evento ID: 40, Nombre: New Year, Jugadores terminados: 5/5
[2025-01-21 12:45:34] [info] Iniciando actualización de estados de eventos. Fecha actual: 2025-01-21 12:45:34
[2025-01-21 12:45:34] [info] Eventos retrocedidos a Pendiente: 0
[2025-01-21 12:45:34] [info] Eventos retrocedidos desde Finalizado: 0
[2025-01-21 12:45:34] [info] Eventos finalizados actualizados: 0
[2025-01-21 12:45:34] [info] Jugadores actualizados a terminado: 0
[2025-01-21 12:45:34] [info] Eventos iniciados: 0
[2025-01-21 12:45:34] [info] Evento ID: 11, Nombre: Todos Santos, Jugadores terminados: 10/10
[2025-01-21 12:45:34] [info] Evento ID: 13, Nombre: Halloween, Jugadores terminados: 7/7
[2025-01-21 12:45:34] [info] Evento ID: 15, Nombre: Instituto ABC, Jugadores terminados: 3/3
[2025-01-21 12:45:34] [info] Evento ID: 16, Nombre: Sistemas UBI, Jugadores terminados: 18/18
[2025-01-21 12:45:34] [info] Evento ID: 24, Nombre: Microsoft, Jugadores terminados: 30/30
[2025-01-21 12:45:34] [info] Evento ID: 40, Nombre: New Year, Jugadores terminados: 5/5
[2025-01-21 12:45:36] [info] Iniciando actualización de estados de eventos. Fecha actual: 2025-01-21 12:45:36
[2025-01-21 12:45:36] [info] Eventos retrocedidos a Pendiente: 0
[2025-01-21 12:45:36] [info] Eventos retrocedidos desde Finalizado: 1
[2025-01-21 12:45:36] [info] Eventos finalizados actualizados: 0
[2025-01-21 12:45:36] [info] Jugadores actualizados a terminado: 0
[2025-01-21 12:45:36] [info] Eventos iniciados: 0
[2025-01-21 12:45:36] [info] Evento ID: 11, Nombre: Todos Santos, Jugadores terminados: 10/10
[2025-01-21 12:45:36] [info] Evento ID: 13, Nombre: Halloween, Jugadores terminados: 7/7
[2025-01-21 12:45:36] [info] Evento ID: 15, Nombre: Instituto ABC, Jugadores terminados: 3/3
[2025-01-21 12:45:36] [info] Evento ID: 16, Nombre: Sistemas UBI, Jugadores terminados: 18/18
[2025-01-21 12:45:36] [info] Evento ID: 40, Nombre: New Year, Jugadores terminados: 5/5
[2025-01-21 12:46:06] [info] Iniciando actualización de estados de eventos. Fecha actual: 2025-01-21 12:46:06
[2025-01-21 12:46:06] [info] Eventos retrocedidos a Pendiente: 0
[2025-01-21 12:46:06] [info] Eventos retrocedidos desde Finalizado: 0
[2025-01-21 12:46:06] [info] Eventos finalizados actualizados: 0
[2025-01-21 12:46:06] [info] Jugadores actualizados a terminado: 0
[2025-01-21 12:46:06] [info] Eventos iniciados: 1
[2025-01-21 12:46:06] [info] Evento ID: 11, Nombre: Todos Santos, Jugadores terminados: 10/10
[2025-01-21 12:46:06] [info] Evento ID: 13, Nombre: Halloween, Jugadores terminados: 7/7
[2025-01-21 12:46:06] [info] Evento ID: 15, Nombre: Instituto ABC, Jugadores terminados: 3/3
[2025-01-21 12:46:06] [info] Evento ID: 16, Nombre: Sistemas UBI, Jugadores terminados: 18/18
[2025-01-21 12:46:06] [info] Evento ID: 40, Nombre: New Year, Jugadores terminados: 5/5
[2025-01-21 12:46:36] [info] Iniciando actualización de estados de eventos. Fecha actual: 2025-01-21 12:46:36
[2025-01-21 12:46:36] [info] Eventos retrocedidos a Pendiente: 0
[2025-01-21 12:46:36] [info] Eventos retrocedidos desde Finalizado: 0
[2025-01-21 12:46:36] [info] Eventos finalizados actualizados: 0
[2025-01-21 12:46:36] [info] Jugadores actualizados a terminado: 0
[2025-01-21 12:46:36] [info] Eventos iniciados: 0
[2025-01-21 12:46:36] [info] Evento ID: 11, Nombre: Todos Santos, Jugadores terminados: 10/10
[2025-01-21 12:46:36] [info] Evento ID: 13, Nombre: Halloween, Jugadores terminados: 7/7
[2025-01-21 12:46:36] [info] Evento ID: 15, Nombre: Instituto ABC, Jugadores terminados: 3/3
[2025-01-21 12:46:36] [info] Evento ID: 16, Nombre: Sistemas UBI, Jugadores terminados: 18/18
[2025-01-21 12:46:36] [info] Evento ID: 40, Nombre: New Year, Jugadores terminados: 5/5
[2025-01-21 12:47:06] [info] Iniciando actualización de estados de eventos. Fecha actual: 2025-01-21 12:47:06
[2025-01-21 12:47:06] [info] Eventos retrocedidos a Pendiente: 0
[2025-01-21 12:47:06] [info] Eventos retrocedidos desde Finalizado: 0
[2025-01-21 12:47:06] [info] Eventos finalizados actualizados: 0
[2025-01-21 12:47:06] [info] Jugadores actualizados a terminado: 0
[2025-01-21 12:47:06] [info] Eventos iniciados: 0
[2025-01-21 12:47:06] [info] Evento ID: 11, Nombre: Todos Santos, Jugadores terminados: 10/10
[2025-01-21 12:47:06] [info] Evento ID: 13, Nombre: Halloween, Jugadores terminados: 7/7
[2025-01-21 12:47:06] [info] Evento ID: 15, Nombre: Instituto ABC, Jugadores terminados: 3/3
[2025-01-21 12:47:06] [info] Evento ID: 16, Nombre: Sistemas UBI, Jugadores terminados: 18/18
[2025-01-21 12:47:06] [info] Evento ID: 40, Nombre: New Year, Jugadores terminados: 5/5
[2025-01-21 12:47:25] [info] Iniciando actualización de estados de eventos. Fecha actual: 2025-01-21 12:47:25
[2025-01-21 12:47:25] [info] Eventos retrocedidos a Pendiente: 0
[2025-01-21 12:47:25] [info] Eventos retrocedidos desde Finalizado: 0
[2025-01-21 12:47:25] [info] Eventos finalizados actualizados: 0
[2025-01-21 12:47:25] [info] Jugadores actualizados a terminado: 0
[2025-01-21 12:47:25] [info] Eventos iniciados: 0
[2025-01-21 12:47:25] [info] Evento ID: 11, Nombre: Todos Santos, Jugadores terminados: 10/10
[2025-01-21 12:47:25] [info] Evento ID: 13, Nombre: Halloween, Jugadores terminados: 7/7
[2025-01-21 12:47:25] [info] Evento ID: 15, Nombre: Instituto ABC, Jugadores terminados: 3/3
[2025-01-21 12:47:25] [info] Evento ID: 16, Nombre: Sistemas UBI, Jugadores terminados: 18/18
[2025-01-21 12:47:25] [info] Evento ID: 40, Nombre: New Year, Jugadores terminados: 5/5
[2025-01-21 12:47:36] [info] Iniciando actualización de estados de eventos. Fecha actual: 2025-01-21 12:47:36
[2025-01-21 12:47:36] [info] Eventos retrocedidos a Pendiente: 0
[2025-01-21 12:47:36] [info] Eventos retrocedidos desde Finalizado: 0
[2025-01-21 12:47:36] [info] Eventos finalizados actualizados: 0
[2025-01-21 12:47:36] [info] Jugadores actualizados a terminado: 0
[2025-01-21 12:47:36] [info] Eventos iniciados: 0
[2025-01-21 12:47:36] [info] Evento ID: 11, Nombre: Todos Santos, Jugadores terminados: 10/10
[2025-01-21 12:47:36] [info] Evento ID: 13, Nombre: Halloween, Jugadores terminados: 7/7
[2025-01-21 12:47:36] [info] Evento ID: 15, Nombre: Instituto ABC, Jugadores terminados: 3/3
[2025-01-21 12:47:36] [info] Evento ID: 16, Nombre: Sistemas UBI, Jugadores terminados: 18/18
[2025-01-21 12:47:36] [info] Evento ID: 40, Nombre: New Year, Jugadores terminados: 5/5
[2025-01-21 12:47:37] [info] Iniciando actualización de estados de eventos. Fecha actual: 2025-01-21 12:47:37
[2025-01-21 12:47:37] [info] Eventos retrocedidos a Pendiente: 0
[2025-01-21 12:47:37] [info] Eventos retrocedidos desde Finalizado: 0
[2025-01-21 12:47:37] [info] Eventos finalizados actualizados: 0
[2025-01-21 12:47:37] [info] Jugadores actualizados a terminado: 0
[2025-01-21 12:47:37] [info] Eventos iniciados: 0
[2025-01-21 12:47:37] [info] Evento ID: 11, Nombre: Todos Santos, Jugadores terminados: 10/10
[2025-01-21 12:47:37] [info] Evento ID: 13, Nombre: Halloween, Jugadores terminados: 7/7
[2025-01-21 12:47:37] [info] Evento ID: 15, Nombre: Instituto ABC, Jugadores terminados: 3/3
[2025-01-21 12:47:37] [info] Evento ID: 16, Nombre: Sistemas UBI, Jugadores terminados: 18/18
[2025-01-21 12:47:37] [info] Evento ID: 40, Nombre: New Year, Jugadores terminados: 5/5
[2025-01-21 12:47:43] [info] Iniciando actualización de estados de eventos. Fecha actual: 2025-01-21 12:47:43
[2025-01-21 12:47:43] [info] Eventos retrocedidos a Pendiente: 0
[2025-01-21 12:47:43] [info] Eventos retrocedidos desde Finalizado: 0
[2025-01-21 12:47:43] [info] Eventos finalizados actualizados: 0
[2025-01-21 12:47:43] [info] Jugadores actualizados a terminado: 0
[2025-01-21 12:47:43] [info] Eventos iniciados: 0
[2025-01-21 12:47:43] [info] Evento ID: 11, Nombre: Todos Santos, Jugadores terminados: 10/10
[2025-01-21 12:47:43] [info] Evento ID: 13, Nombre: Halloween, Jugadores terminados: 7/7
[2025-01-21 12:47:43] [info] Evento ID: 15, Nombre: Instituto ABC, Jugadores terminados: 3/3
[2025-01-21 12:47:43] [info] Evento ID: 16, Nombre: Sistemas UBI, Jugadores terminados: 18/18
[2025-01-21 12:47:43] [info] Evento ID: 40, Nombre: New Year, Jugadores terminados: 5/5
[2025-01-21 12:47:44] [info] Iniciando actualización de estados de eventos. Fecha actual: 2025-01-21 12:47:44
[2025-01-21 12:47:44] [info] Eventos retrocedidos a Pendiente: 1
[2025-01-21 12:47:44] [info] Eventos retrocedidos desde Finalizado: 0
[2025-01-21 12:47:44] [info] Eventos finalizados actualizados: 0
[2025-01-21 12:47:44] [info] Jugadores actualizados a terminado: 0
[2025-01-21 12:47:44] [info] Eventos iniciados: 0
[2025-01-21 12:47:44] [info] Evento ID: 11, Nombre: Todos Santos, Jugadores terminados: 10/10
[2025-01-21 12:47:44] [info] Evento ID: 13, Nombre: Halloween, Jugadores terminados: 7/7
[2025-01-21 12:47:44] [info] Evento ID: 15, Nombre: Instituto ABC, Jugadores terminados: 3/3
[2025-01-21 12:47:44] [info] Evento ID: 16, Nombre: Sistemas UBI, Jugadores terminados: 18/18
[2025-01-21 12:47:44] [info] Evento ID: 40, Nombre: New Year, Jugadores terminados: 5/5
[2025-01-21 12:48:14] [info] Iniciando actualización de estados de eventos. Fecha actual: 2025-01-21 12:48:14
[2025-01-21 12:48:14] [info] Eventos retrocedidos a Pendiente: 0
[2025-01-21 12:48:14] [info] Eventos retrocedidos desde Finalizado: 0
[2025-01-21 12:48:14] [info] Eventos finalizados actualizados: 0
[2025-01-21 12:48:14] [info] Jugadores actualizados a terminado: 0
[2025-01-21 12:48:14] [info] Eventos iniciados: 1
[2025-01-21 12:48:14] [info] Evento ID: 11, Nombre: Todos Santos, Jugadores terminados: 10/10
[2025-01-21 12:48:14] [info] Evento ID: 13, Nombre: Halloween, Jugadores terminados: 7/7
[2025-01-21 12:48:14] [info] Evento ID: 15, Nombre: Instituto ABC, Jugadores terminados: 3/3
[2025-01-21 12:48:14] [info] Evento ID: 16, Nombre: Sistemas UBI, Jugadores terminados: 18/18
[2025-01-21 12:48:14] [info] Evento ID: 40, Nombre: New Year, Jugadores terminados: 5/5
[2025-01-21 12:48:44] [info] Iniciando actualización de estados de eventos. Fecha actual: 2025-01-21 12:48:44
[2025-01-21 12:48:44] [info] Eventos retrocedidos a Pendiente: 0
[2025-01-21 12:48:44] [info] Eventos retrocedidos desde Finalizado: 0
[2025-01-21 12:48:44] [info] Eventos finalizados actualizados: 0
[2025-01-21 12:48:44] [info] Jugadores actualizados a terminado: 0
[2025-01-21 12:48:44] [info] Eventos iniciados: 0
[2025-01-21 12:48:44] [info] Evento ID: 11, Nombre: Todos Santos, Jugadores terminados: 10/10
[2025-01-21 12:48:44] [info] Evento ID: 13, Nombre: Halloween, Jugadores terminados: 7/7
[2025-01-21 12:48:44] [info] Evento ID: 15, Nombre: Instituto ABC, Jugadores terminados: 3/3
[2025-01-21 12:48:44] [info] Evento ID: 16, Nombre: Sistemas UBI, Jugadores terminados: 18/18
[2025-01-21 12:48:44] [info] Evento ID: 40, Nombre: New Year, Jugadores terminados: 5/5
[2025-01-21 12:49:14] [info] Iniciando actualización de estados de eventos. Fecha actual: 2025-01-21 12:49:14
[2025-01-21 12:49:14] [info] Eventos retrocedidos a Pendiente: 0
[2025-01-21 12:49:14] [info] Eventos retrocedidos desde Finalizado: 0
[2025-01-21 12:49:14] [info] Eventos finalizados actualizados: 0
[2025-01-21 12:49:14] [info] Jugadores actualizados a terminado: 0
[2025-01-21 12:49:14] [info] Eventos iniciados: 0
[2025-01-21 12:49:14] [info] Evento ID: 11, Nombre: Todos Santos, Jugadores terminados: 10/10
[2025-01-21 12:49:14] [info] Evento ID: 13, Nombre: Halloween, Jugadores terminados: 7/7
[2025-01-21 12:49:14] [info] Evento ID: 15, Nombre: Instituto ABC, Jugadores terminados: 3/3
[2025-01-21 12:49:14] [info] Evento ID: 16, Nombre: Sistemas UBI, Jugadores terminados: 18/18
[2025-01-21 12:49:14] [info] Evento ID: 40, Nombre: New Year, Jugadores terminados: 5/5
[2025-01-21 12:49:44] [info] Iniciando actualización de estados de eventos. Fecha actual: 2025-01-21 12:49:44
[2025-01-21 12:49:44] [info] Eventos retrocedidos a Pendiente: 0
[2025-01-21 12:49:44] [info] Eventos retrocedidos desde Finalizado: 0
[2025-01-21 12:49:44] [info] Eventos finalizados actualizados: 0
[2025-01-21 12:49:44] [info] Jugadores actualizados a terminado: 0
[2025-01-21 12:49:44] [info] Eventos iniciados: 0
[2025-01-21 12:49:44] [info] Evento ID: 11, Nombre: Todos Santos, Jugadores terminados: 10/10
[2025-01-21 12:49:44] [info] Evento ID: 13, Nombre: Halloween, Jugadores terminados: 7/7
[2025-01-21 12:49:44] [info] Evento ID: 15, Nombre: Instituto ABC, Jugadores terminados: 3/3
[2025-01-21 12:49:44] [info] Evento ID: 16, Nombre: Sistemas UBI, Jugadores terminados: 18/18
[2025-01-21 12:49:44] [info] Evento ID: 40, Nombre: New Year, Jugadores terminados: 5/5
[2025-01-21 12:50:14] [info] Iniciando actualización de estados de eventos. Fecha actual: 2025-01-21 12:50:14
[2025-01-21 12:50:14] [info] Eventos retrocedidos a Pendiente: 0
[2025-01-21 12:50:14] [info] Eventos retrocedidos desde Finalizado: 0
[2025-01-21 12:50:14] [info] Eventos finalizados actualizados: 0
[2025-01-21 12:50:14] [info] Jugadores actualizados a terminado: 0
[2025-01-21 12:50:14] [info] Eventos iniciados: 0
[2025-01-21 12:50:14] [info] Evento ID: 11, Nombre: Todos Santos, Jugadores terminados: 10/10
[2025-01-21 12:50:14] [info] Evento ID: 13, Nombre: Halloween, Jugadores terminados: 7/7
[2025-01-21 12:50:14] [info] Evento ID: 15, Nombre: Instituto ABC, Jugadores terminados: 3/3
[2025-01-21 12:50:14] [info] Evento ID: 16, Nombre: Sistemas UBI, Jugadores terminados: 18/18
[2025-01-21 12:50:14] [info] Evento ID: 40, Nombre: New Year, Jugadores terminados: 5/5
[2025-01-21 12:50:44] [info] Iniciando actualización de estados de eventos. Fecha actual: 2025-01-21 12:50:44
[2025-01-21 12:50:44] [info] Eventos retrocedidos a Pendiente: 0
[2025-01-21 12:50:44] [info] Eventos retrocedidos desde Finalizado: 0
[2025-01-21 12:50:44] [info] Eventos finalizados actualizados: 0
[2025-01-21 12:50:44] [info] Jugadores actualizados a terminado: 0
[2025-01-21 12:50:44] [info] Eventos iniciados: 0
[2025-01-21 12:50:44] [info] Evento ID: 11, Nombre: Todos Santos, Jugadores terminados: 10/10
[2025-01-21 12:50:44] [info] Evento ID: 13, Nombre: Halloween, Jugadores terminados: 7/7
[2025-01-21 12:50:44] [info] Evento ID: 15, Nombre: Instituto ABC, Jugadores terminados: 3/3
[2025-01-21 12:50:44] [info] Evento ID: 16, Nombre: Sistemas UBI, Jugadores terminados: 18/18
[2025-01-21 12:50:44] [info] Evento ID: 40, Nombre: New Year, Jugadores terminados: 5/5
[2025-01-21 12:51:14] [info] Iniciando actualización de estados de eventos. Fecha actual: 2025-01-21 12:51:14
[2025-01-21 12:51:14] [info] Eventos retrocedidos a Pendiente: 0
[2025-01-21 12:51:14] [info] Eventos retrocedidos desde Finalizado: 0
[2025-01-21 12:51:14] [info] Eventos finalizados actualizados: 0
[2025-01-21 12:51:14] [info] Jugadores actualizados a terminado: 0
[2025-01-21 12:51:14] [info] Eventos iniciados: 0
[2025-01-21 12:51:14] [info] Evento ID: 11, Nombre: Todos Santos, Jugadores terminados: 10/10
[2025-01-21 12:51:14] [info] Evento ID: 13, Nombre: Halloween, Jugadores terminados: 7/7
[2025-01-21 12:51:14] [info] Evento ID: 15, Nombre: Instituto ABC, Jugadores terminados: 3/3
[2025-01-21 12:51:14] [info] Evento ID: 16, Nombre: Sistemas UBI, Jugadores terminados: 18/18
[2025-01-21 12:51:14] [info] Evento ID: 40, Nombre: New Year, Jugadores terminados: 5/5
