[2024-11-28 16:53:17] [info] Administrador con ID 1 ha iniciado sesión exitosamente
[2024-11-28 16:53:17] [info] Iniciando actualización de estados de eventos. Fecha actual: 2024-11-28 16:53:17
[2024-11-28 16:53:17] [info] Eventos retrocedidos a Pendiente: 0
[2024-11-28 16:53:17] [info] Eventos retrocedidos desde Finalizado: 0
[2024-11-28 16:53:17] [info] Eventos finalizados actualizados: 0
[2024-11-28 16:53:17] [info] Jugadores actualizados a terminado: 0
[2024-11-28 16:53:17] [info] Eventos iniciados: 1
[2024-11-28 16:53:17] [info] Evento ID: 11, Nombre: Todos Santos, Jugadores terminados: 10/10
[2024-11-28 16:53:17] [info] Evento ID: 13, Nombre: Halloween, Jugadores terminados: 7/7
[2024-11-28 16:53:17] [info] Evento ID: 15, Nombre: Instituto ABC, Jugadores terminados: 3/3
[2024-11-28 16:53:17] [info] Evento ID: 16, Nombre: Sistemas UBI, Jugadores terminados: 6/6
[2024-11-28 16:57:50] [info] Iniciando actualización de estados de eventos. Fecha actual: 2024-11-28 16:57:50
[2024-11-28 16:57:50] [info] Eventos retrocedidos a Pendiente: 0
[2024-11-28 16:57:50] [info] Eventos retrocedidos desde Finalizado: 0
[2024-11-28 16:57:50] [info] Eventos finalizados actualizados: 1
[2024-11-28 16:57:50] [info] Jugadores actualizados a terminado: 0
[2024-11-28 16:57:50] [info] Eventos iniciados: 0
[2024-11-28 16:57:50] [info] Evento ID: 11, Nombre: Todos Santos, Jugadores terminados: 10/10
[2024-11-28 16:57:50] [info] Evento ID: 13, Nombre: Halloween, Jugadores terminados: 7/7
[2024-11-28 16:57:50] [info] Evento ID: 15, Nombre: Instituto ABC, Jugadores terminados: 3/3
[2024-11-28 16:57:50] [info] Evento ID: 16, Nombre: Sistemas UBI, Jugadores terminados: 6/6
[2024-11-28 16:57:50] [info] Evento ID: 27, Nombre: Juan, Jugadores terminados: 0/0
[2024-11-28 16:58:56] [info] Iniciando actualización de estados de eventos. Fecha actual: 2024-11-28 16:58:56
[2024-11-28 16:58:56] [info] Eventos retrocedidos a Pendiente: 0
[2024-11-28 16:58:56] [info] Eventos retrocedidos desde Finalizado: 0
[2024-11-28 16:58:56] [info] Eventos finalizados actualizados: 0
[2024-11-28 16:58:56] [info] Jugadores actualizados a terminado: 0
[2024-11-28 16:58:56] [info] Eventos iniciados: 0
[2024-11-28 16:58:56] [info] Evento ID: 11, Nombre: Todos Santos, Jugadores terminados: 10/10
[2024-11-28 16:58:56] [info] Evento ID: 13, Nombre: Halloween, Jugadores terminados: 7/7
[2024-11-28 16:58:56] [info] Evento ID: 15, Nombre: Instituto ABC, Jugadores terminados: 3/3
[2024-11-28 16:58:56] [info] Evento ID: 16, Nombre: Sistemas UBI, Jugadores terminados: 6/6
[2024-11-28 16:58:56] [info] Evento ID: 27, Nombre: Juan, Jugadores terminados: 0/0
[2024-11-28 16:59:50] [info] Iniciando actualización de estados de eventos. Fecha actual: 2024-11-28 16:59:50
[2024-11-28 16:59:50] [info] Eventos retrocedidos a Pendiente: 0
[2024-11-28 16:59:50] [info] Eventos retrocedidos desde Finalizado: 0
[2024-11-28 16:59:50] [info] Eventos finalizados actualizados: 0
[2024-11-28 16:59:50] [info] Jugadores actualizados a terminado: 0
[2024-11-28 16:59:50] [info] Eventos iniciados: 0
[2024-11-28 16:59:50] [info] Evento ID: 11, Nombre: Todos Santos, Jugadores terminados: 10/10
[2024-11-28 16:59:50] [info] Evento ID: 13, Nombre: Halloween, Jugadores terminados: 7/7
[2024-11-28 16:59:50] [info] Evento ID: 15, Nombre: Instituto ABC, Jugadores terminados: 3/3
[2024-11-28 16:59:50] [info] Evento ID: 16, Nombre: Sistemas UBI, Jugadores terminados: 6/6
[2024-11-28 16:59:50] [info] Evento ID: 27, Nombre: Juan, Jugadores terminados: 0/0
[2024-11-28 16:59:51] [info] Iniciando actualización de estados de eventos. Fecha actual: 2024-11-28 16:59:51
[2024-11-28 16:59:51] [info] Eventos retrocedidos a Pendiente: 0
[2024-11-28 16:59:51] [info] Eventos retrocedidos desde Finalizado: 0
[2024-11-28 16:59:51] [info] Eventos finalizados actualizados: 0
[2024-11-28 16:59:51] [info] Jugadores actualizados a terminado: 0
[2024-11-28 16:59:51] [info] Eventos iniciados: 0
[2024-11-28 16:59:51] [info] Evento ID: 11, Nombre: Todos Santos, Jugadores terminados: 10/10
[2024-11-28 16:59:51] [info] Evento ID: 13, Nombre: Halloween, Jugadores terminados: 7/7
[2024-11-28 16:59:51] [info] Evento ID: 15, Nombre: Instituto ABC, Jugadores terminados: 3/3
[2024-11-28 16:59:51] [info] Evento ID: 16, Nombre: Sistemas UBI, Jugadores terminados: 6/6
[2024-11-28 16:59:51] [info] Evento ID: 27, Nombre: Juan, Jugadores terminados: 0/0
[2024-11-28 17:00:04] [info] Iniciando actualización de estados de eventos. Fecha actual: 2024-11-28 17:00:04
[2024-11-28 17:00:04] [info] Eventos retrocedidos a Pendiente: 0
[2024-11-28 17:00:04] [info] Eventos retrocedidos desde Finalizado: 0
[2024-11-28 17:00:04] [info] Eventos finalizados actualizados: 0
[2024-11-28 17:00:04] [info] Jugadores actualizados a terminado: 0
[2024-11-28 17:00:04] [info] Eventos iniciados: 0
[2024-11-28 17:00:04] [info] Evento ID: 11, Nombre: Todos Santos, Jugadores terminados: 10/10
[2024-11-28 17:00:04] [info] Evento ID: 13, Nombre: Halloween, Jugadores terminados: 7/7
[2024-11-28 17:00:04] [info] Evento ID: 15, Nombre: Instituto ABC, Jugadores terminados: 3/3
[2024-11-28 17:00:04] [info] Evento ID: 16, Nombre: Sistemas UBI, Jugadores terminados: 6/6
[2024-11-28 17:00:04] [info] Evento ID: 27, Nombre: Juan, Jugadores terminados: 0/0
[2024-11-28 17:00:24] [info] Iniciando actualización de estados de eventos. Fecha actual: 2024-11-28 17:00:24
[2024-11-28 17:00:24] [info] Eventos retrocedidos a Pendiente: 0
[2024-11-28 17:00:24] [info] Eventos retrocedidos desde Finalizado: 0
[2024-11-28 17:00:24] [info] Eventos finalizados actualizados: 0
[2024-11-28 17:00:24] [info] Jugadores actualizados a terminado: 0
[2024-11-28 17:00:24] [info] Eventos iniciados: 0
[2024-11-28 17:00:24] [info] Evento ID: 11, Nombre: Todos Santos, Jugadores terminados: 10/10
[2024-11-28 17:00:24] [info] Evento ID: 13, Nombre: Halloween, Jugadores terminados: 7/7
[2024-11-28 17:00:24] [info] Evento ID: 15, Nombre: Instituto ABC, Jugadores terminados: 3/3
[2024-11-28 17:00:24] [info] Evento ID: 16, Nombre: Sistemas UBI, Jugadores terminados: 6/6
[2024-11-28 17:00:24] [info] Evento ID: 27, Nombre: Juan, Jugadores terminados: 0/0
[2024-11-28 17:00:25] [info] Iniciando actualización de estados de eventos. Fecha actual: 2024-11-28 17:00:25
[2024-11-28 17:00:25] [info] Eventos retrocedidos a Pendiente: 0
[2024-11-28 17:00:25] [info] Eventos retrocedidos desde Finalizado: 0
[2024-11-28 17:00:25] [info] Eventos finalizados actualizados: 0
[2024-11-28 17:00:25] [info] Jugadores actualizados a terminado: 0
[2024-11-28 17:00:25] [info] Eventos iniciados: 0
[2024-11-28 17:00:25] [info] Evento ID: 11, Nombre: Todos Santos, Jugadores terminados: 10/10
[2024-11-28 17:00:25] [info] Evento ID: 13, Nombre: Halloween, Jugadores terminados: 7/7
[2024-11-28 17:00:25] [info] Evento ID: 15, Nombre: Instituto ABC, Jugadores terminados: 3/3
[2024-11-28 17:00:25] [info] Evento ID: 16, Nombre: Sistemas UBI, Jugadores terminados: 6/6
[2024-11-28 17:00:25] [info] Evento ID: 27, Nombre: Juan, Jugadores terminados: 0/0
[2024-11-28 17:00:50] [info] Iniciando actualización de estados de eventos. Fecha actual: 2024-11-28 17:00:50
[2024-11-28 17:00:50] [info] Eventos retrocedidos a Pendiente: 0
[2024-11-28 17:00:50] [info] Eventos retrocedidos desde Finalizado: 0
[2024-11-28 17:00:50] [info] Eventos finalizados actualizados: 0
[2024-11-28 17:00:50] [info] Jugadores actualizados a terminado: 0
[2024-11-28 17:00:50] [info] Eventos iniciados: 0
[2024-11-28 17:00:50] [info] Evento ID: 11, Nombre: Todos Santos, Jugadores terminados: 10/10
[2024-11-28 17:00:50] [info] Evento ID: 13, Nombre: Halloween, Jugadores terminados: 7/7
[2024-11-28 17:00:50] [info] Evento ID: 15, Nombre: Instituto ABC, Jugadores terminados: 3/3
[2024-11-28 17:00:50] [info] Evento ID: 16, Nombre: Sistemas UBI, Jugadores terminados: 6/6
[2024-11-28 17:00:50] [info] Evento ID: 27, Nombre: Juan, Jugadores terminados: 0/0
[2024-11-28 17:01:19] [info] Iniciando actualización de estados de eventos. Fecha actual: 2024-11-28 17:01:19
[2024-11-28 17:01:19] [info] Eventos retrocedidos a Pendiente: 0
[2024-11-28 17:01:19] [info] Eventos retrocedidos desde Finalizado: 0
[2024-11-28 17:01:19] [info] Eventos finalizados actualizados: 0
[2024-11-28 17:01:19] [info] Jugadores actualizados a terminado: 0
[2024-11-28 17:01:19] [info] Eventos iniciados: 0
[2024-11-28 17:01:19] [info] Evento ID: 11, Nombre: Todos Santos, Jugadores terminados: 10/10
[2024-11-28 17:01:19] [info] Evento ID: 13, Nombre: Halloween, Jugadores terminados: 7/7
[2024-11-28 17:01:19] [info] Evento ID: 15, Nombre: Instituto ABC, Jugadores terminados: 3/3
[2024-11-28 17:01:19] [info] Evento ID: 16, Nombre: Sistemas UBI, Jugadores terminados: 6/6
[2024-11-28 17:01:19] [info] Evento ID: 27, Nombre: Juan, Jugadores terminados: 0/0
[2024-11-28 17:07:35] [info] Iniciando actualización de estados de eventos. Fecha actual: 2024-11-28 17:07:35
[2024-11-28 17:07:35] [info] Eventos retrocedidos a Pendiente: 0
[2024-11-28 17:07:35] [info] Eventos retrocedidos desde Finalizado: 0
[2024-11-28 17:07:35] [info] Eventos finalizados actualizados: 0
[2024-11-28 17:07:35] [info] Jugadores actualizados a terminado: 0
[2024-11-28 17:07:35] [info] Eventos iniciados: 0
[2024-11-28 17:07:35] [info] Evento ID: 11, Nombre: Todos Santos, Jugadores terminados: 10/10
[2024-11-28 17:07:35] [info] Evento ID: 13, Nombre: Halloween, Jugadores terminados: 7/7
[2024-11-28 17:07:35] [info] Evento ID: 15, Nombre: Instituto ABC, Jugadores terminados: 3/3
[2024-11-28 17:07:35] [info] Evento ID: 16, Nombre: Sistemas UBI, Jugadores terminados: 6/6
[2024-11-28 17:07:35] [info] Evento ID: 27, Nombre: Juan, Jugadores terminados: 0/0
[2024-11-28 17:08:05] [info] Iniciando actualización de estados de eventos. Fecha actual: 2024-11-28 17:08:05
[2024-11-28 17:08:05] [info] Eventos retrocedidos a Pendiente: 0
[2024-11-28 17:08:05] [info] Eventos retrocedidos desde Finalizado: 0
[2024-11-28 17:08:05] [info] Eventos finalizados actualizados: 0
[2024-11-28 17:08:05] [info] Jugadores actualizados a terminado: 0
[2024-11-28 17:08:05] [info] Eventos iniciados: 0
[2024-11-28 17:08:05] [info] Evento ID: 11, Nombre: Todos Santos, Jugadores terminados: 10/10
[2024-11-28 17:08:05] [info] Evento ID: 13, Nombre: Halloween, Jugadores terminados: 7/7
[2024-11-28 17:08:05] [info] Evento ID: 15, Nombre: Instituto ABC, Jugadores terminados: 3/3
[2024-11-28 17:08:05] [info] Evento ID: 16, Nombre: Sistemas UBI, Jugadores terminados: 6/6
[2024-11-28 17:08:05] [info] Evento ID: 27, Nombre: Juan, Jugadores terminados: 0/0
[2024-11-28 17:08:14] [info] Iniciando actualización de estados de eventos. Fecha actual: 2024-11-28 17:08:14
[2024-11-28 17:08:14] [info] Eventos retrocedidos a Pendiente: 0
[2024-11-28 17:08:14] [info] Eventos retrocedidos desde Finalizado: 0
[2024-11-28 17:08:14] [info] Eventos finalizados actualizados: 0
[2024-11-28 17:08:14] [info] Jugadores actualizados a terminado: 0
[2024-11-28 17:08:14] [info] Eventos iniciados: 0
[2024-11-28 17:08:14] [info] Evento ID: 11, Nombre: Todos Santos, Jugadores terminados: 10/10
[2024-11-28 17:08:14] [info] Evento ID: 13, Nombre: Halloween, Jugadores terminados: 7/7
[2024-11-28 17:08:14] [info] Evento ID: 15, Nombre: Instituto ABC, Jugadores terminados: 3/3
[2024-11-28 17:08:14] [info] Evento ID: 16, Nombre: Sistemas UBI, Jugadores terminados: 6/6
[2024-11-28 17:08:14] [info] Evento ID: 27, Nombre: Juan, Jugadores terminados: 0/0
[2024-11-28 17:08:16] [info] Iniciando actualización de estados de eventos. Fecha actual: 2024-11-28 17:08:16
[2024-11-28 17:08:16] [info] Eventos retrocedidos a Pendiente: 0
[2024-11-28 17:08:16] [info] Eventos retrocedidos desde Finalizado: 0
[2024-11-28 17:08:16] [info] Eventos finalizados actualizados: 0
[2024-11-28 17:08:16] [info] Jugadores actualizados a terminado: 0
[2024-11-28 17:08:16] [info] Eventos iniciados: 0
[2024-11-28 17:08:16] [info] Evento ID: 11, Nombre: Todos Santos, Jugadores terminados: 10/10
[2024-11-28 17:08:16] [info] Evento ID: 13, Nombre: Halloween, Jugadores terminados: 7/7
[2024-11-28 17:08:16] [info] Evento ID: 15, Nombre: Instituto ABC, Jugadores terminados: 3/3
[2024-11-28 17:08:16] [info] Evento ID: 16, Nombre: Sistemas UBI, Jugadores terminados: 6/6
[2024-11-28 17:08:16] [info] Evento ID: 27, Nombre: Juan, Jugadores terminados: 0/0
[2024-11-28 17:08:46] [info] Iniciando actualización de estados de eventos. Fecha actual: 2024-11-28 17:08:46
[2024-11-28 17:08:46] [info] Eventos retrocedidos a Pendiente: 0
[2024-11-28 17:08:46] [info] Eventos retrocedidos desde Finalizado: 0
[2024-11-28 17:08:46] [info] Eventos finalizados actualizados: 0
[2024-11-28 17:08:46] [info] Jugadores actualizados a terminado: 0
[2024-11-28 17:08:46] [info] Eventos iniciados: 0
[2024-11-28 17:08:46] [info] Evento ID: 11, Nombre: Todos Santos, Jugadores terminados: 10/10
[2024-11-28 17:08:46] [info] Evento ID: 13, Nombre: Halloween, Jugadores terminados: 7/7
[2024-11-28 17:08:46] [info] Evento ID: 15, Nombre: Instituto ABC, Jugadores terminados: 3/3
[2024-11-28 17:08:46] [info] Evento ID: 16, Nombre: Sistemas UBI, Jugadores terminados: 6/6
[2024-11-28 17:08:46] [info] Evento ID: 27, Nombre: Juan, Jugadores terminados: 0/0
[2024-11-28 17:09:14] [info] Iniciando actualización de estados de eventos. Fecha actual: 2024-11-28 17:09:14
[2024-11-28 17:09:14] [info] Eventos retrocedidos a Pendiente: 0
[2024-11-28 17:09:14] [info] Eventos retrocedidos desde Finalizado: 0
[2024-11-28 17:09:14] [info] Eventos finalizados actualizados: 0
[2024-11-28 17:09:14] [info] Jugadores actualizados a terminado: 0
[2024-11-28 17:09:14] [info] Eventos iniciados: 0
[2024-11-28 17:09:14] [info] Evento ID: 11, Nombre: Todos Santos, Jugadores terminados: 10/10
[2024-11-28 17:09:14] [info] Evento ID: 13, Nombre: Halloween, Jugadores terminados: 7/7
[2024-11-28 17:09:14] [info] Evento ID: 15, Nombre: Instituto ABC, Jugadores terminados: 3/3
[2024-11-28 17:09:14] [info] Evento ID: 16, Nombre: Sistemas UBI, Jugadores terminados: 6/6
[2024-11-28 17:09:14] [info] Evento ID: 27, Nombre: Juan, Jugadores terminados: 0/0
[2024-11-28 17:09:21] [info] Iniciando actualización de estados de eventos. Fecha actual: 2024-11-28 17:09:21
[2024-11-28 17:09:21] [info] Eventos retrocedidos a Pendiente: 0
[2024-11-28 17:09:21] [info] Eventos retrocedidos desde Finalizado: 0
[2024-11-28 17:09:21] [info] Eventos finalizados actualizados: 0
[2024-11-28 17:09:21] [info] Jugadores actualizados a terminado: 0
[2024-11-28 17:09:21] [info] Eventos iniciados: 0
[2024-11-28 17:09:21] [info] Evento ID: 11, Nombre: Todos Santos, Jugadores terminados: 10/10
[2024-11-28 17:09:21] [info] Evento ID: 13, Nombre: Halloween, Jugadores terminados: 7/7
[2024-11-28 17:09:21] [info] Evento ID: 15, Nombre: Instituto ABC, Jugadores terminados: 3/3
[2024-11-28 17:09:21] [info] Evento ID: 16, Nombre: Sistemas UBI, Jugadores terminados: 6/6
[2024-11-28 17:09:21] [info] Evento ID: 27, Nombre: Juan, Jugadores terminados: 0/0
[2024-11-28 17:09:22] [info] Iniciando actualización de estados de eventos. Fecha actual: 2024-11-28 17:09:22
[2024-11-28 17:09:22] [info] Eventos retrocedidos a Pendiente: 0
[2024-11-28 17:09:22] [info] Eventos retrocedidos desde Finalizado: 0
[2024-11-28 17:09:22] [info] Eventos finalizados actualizados: 0
[2024-11-28 17:09:22] [info] Jugadores actualizados a terminado: 0
[2024-11-28 17:09:22] [info] Eventos iniciados: 0
[2024-11-28 17:09:22] [info] Evento ID: 11, Nombre: Todos Santos, Jugadores terminados: 10/10
[2024-11-28 17:09:22] [info] Evento ID: 13, Nombre: Halloween, Jugadores terminados: 7/7
[2024-11-28 17:09:22] [info] Evento ID: 15, Nombre: Instituto ABC, Jugadores terminados: 3/3
[2024-11-28 17:09:22] [info] Evento ID: 16, Nombre: Sistemas UBI, Jugadores terminados: 6/6
[2024-11-28 17:09:22] [info] Evento ID: 27, Nombre: Juan, Jugadores terminados: 0/0
[2024-11-28 17:09:52] [info] Iniciando actualización de estados de eventos. Fecha actual: 2024-11-28 17:09:52
[2024-11-28 17:09:52] [info] Eventos retrocedidos a Pendiente: 0
[2024-11-28 17:09:52] [info] Eventos retrocedidos desde Finalizado: 0
[2024-11-28 17:09:52] [info] Eventos finalizados actualizados: 0
[2024-11-28 17:09:52] [info] Jugadores actualizados a terminado: 0
[2024-11-28 17:09:52] [info] Eventos iniciados: 0
[2024-11-28 17:09:52] [info] Evento ID: 11, Nombre: Todos Santos, Jugadores terminados: 10/10
[2024-11-28 17:09:52] [info] Evento ID: 13, Nombre: Halloween, Jugadores terminados: 7/7
[2024-11-28 17:09:52] [info] Evento ID: 15, Nombre: Instituto ABC, Jugadores terminados: 3/3
[2024-11-28 17:09:52] [info] Evento ID: 16, Nombre: Sistemas UBI, Jugadores terminados: 6/6
[2024-11-28 17:09:52] [info] Evento ID: 27, Nombre: Juan, Jugadores terminados: 0/0
[2024-11-28 17:10:23] [info] Iniciando actualización de estados de eventos. Fecha actual: 2024-11-28 17:10:23
[2024-11-28 17:10:23] [info] Eventos retrocedidos a Pendiente: 0
[2024-11-28 17:10:23] [info] Eventos retrocedidos desde Finalizado: 0
[2024-11-28 17:10:23] [info] Eventos finalizados actualizados: 0
[2024-11-28 17:10:23] [info] Jugadores actualizados a terminado: 0
[2024-11-28 17:10:23] [info] Eventos iniciados: 0
[2024-11-28 17:10:23] [info] Evento ID: 11, Nombre: Todos Santos, Jugadores terminados: 10/10
[2024-11-28 17:10:23] [info] Evento ID: 13, Nombre: Halloween, Jugadores terminados: 7/7
[2024-11-28 17:10:23] [info] Evento ID: 15, Nombre: Instituto ABC, Jugadores terminados: 3/3
[2024-11-28 17:10:23] [info] Evento ID: 16, Nombre: Sistemas UBI, Jugadores terminados: 6/6
[2024-11-28 17:10:23] [info] Evento ID: 27, Nombre: Juan, Jugadores terminados: 0/0
[2024-11-28 17:10:54] [info] Iniciando actualización de estados de eventos. Fecha actual: 2024-11-28 17:10:54
[2024-11-28 17:10:54] [info] Eventos retrocedidos a Pendiente: 0
[2024-11-28 17:10:54] [info] Eventos retrocedidos desde Finalizado: 0
[2024-11-28 17:10:54] [info] Eventos finalizados actualizados: 0
[2024-11-28 17:10:54] [info] Jugadores actualizados a terminado: 0
[2024-11-28 17:10:54] [info] Eventos iniciados: 0
[2024-11-28 17:10:54] [info] Evento ID: 11, Nombre: Todos Santos, Jugadores terminados: 10/10
[2024-11-28 17:10:54] [info] Evento ID: 13, Nombre: Halloween, Jugadores terminados: 7/7
[2024-11-28 17:10:54] [info] Evento ID: 15, Nombre: Instituto ABC, Jugadores terminados: 3/3
[2024-11-28 17:10:54] [info] Evento ID: 16, Nombre: Sistemas UBI, Jugadores terminados: 6/6
[2024-11-28 17:10:54] [info] Evento ID: 27, Nombre: Juan, Jugadores terminados: 0/0
[2024-11-28 17:11:25] [info] Iniciando actualización de estados de eventos. Fecha actual: 2024-11-28 17:11:25
[2024-11-28 17:11:25] [info] Eventos retrocedidos a Pendiente: 0
[2024-11-28 17:11:25] [info] Eventos retrocedidos desde Finalizado: 0
[2024-11-28 17:11:25] [info] Eventos finalizados actualizados: 0
[2024-11-28 17:11:25] [info] Jugadores actualizados a terminado: 0
[2024-11-28 17:11:25] [info] Eventos iniciados: 0
[2024-11-28 17:11:25] [info] Evento ID: 11, Nombre: Todos Santos, Jugadores terminados: 10/10
[2024-11-28 17:11:25] [info] Evento ID: 13, Nombre: Halloween, Jugadores terminados: 7/7
[2024-11-28 17:11:25] [info] Evento ID: 15, Nombre: Instituto ABC, Jugadores terminados: 3/3
[2024-11-28 17:11:25] [info] Evento ID: 16, Nombre: Sistemas UBI, Jugadores terminados: 6/6
[2024-11-28 17:11:25] [info] Evento ID: 27, Nombre: Juan, Jugadores terminados: 0/0
[2024-11-28 17:11:56] [info] Iniciando actualización de estados de eventos. Fecha actual: 2024-11-28 17:11:56
[2024-11-28 17:11:56] [info] Eventos retrocedidos a Pendiente: 0
[2024-11-28 17:11:56] [info] Eventos retrocedidos desde Finalizado: 0
[2024-11-28 17:11:56] [info] Eventos finalizados actualizados: 0
[2024-11-28 17:11:56] [info] Jugadores actualizados a terminado: 0
[2024-11-28 17:11:56] [info] Eventos iniciados: 0
[2024-11-28 17:11:56] [info] Evento ID: 11, Nombre: Todos Santos, Jugadores terminados: 10/10
[2024-11-28 17:11:56] [info] Evento ID: 13, Nombre: Halloween, Jugadores terminados: 7/7
[2024-11-28 17:11:56] [info] Evento ID: 15, Nombre: Instituto ABC, Jugadores terminados: 3/3
[2024-11-28 17:11:56] [info] Evento ID: 16, Nombre: Sistemas UBI, Jugadores terminados: 6/6
[2024-11-28 17:11:56] [info] Evento ID: 27, Nombre: Juan, Jugadores terminados: 0/0
[2024-11-28 17:12:26] [info] Iniciando actualización de estados de eventos. Fecha actual: 2024-11-28 17:12:26
[2024-11-28 17:12:26] [info] Eventos retrocedidos a Pendiente: 0
[2024-11-28 17:12:26] [info] Eventos retrocedidos desde Finalizado: 0
[2024-11-28 17:12:26] [info] Eventos finalizados actualizados: 0
[2024-11-28 17:12:26] [info] Jugadores actualizados a terminado: 0
[2024-11-28 17:12:26] [info] Eventos iniciados: 0
[2024-11-28 17:12:26] [info] Evento ID: 11, Nombre: Todos Santos, Jugadores terminados: 10/10
[2024-11-28 17:12:26] [info] Evento ID: 13, Nombre: Halloween, Jugadores terminados: 7/7
[2024-11-28 17:12:26] [info] Evento ID: 15, Nombre: Instituto ABC, Jugadores terminados: 3/3
[2024-11-28 17:12:26] [info] Evento ID: 16, Nombre: Sistemas UBI, Jugadores terminados: 6/6
[2024-11-28 17:12:26] [info] Evento ID: 27, Nombre: Juan, Jugadores terminados: 0/0
[2024-11-28 17:12:49] [info] Iniciando actualización de estados de eventos. Fecha actual: 2024-11-28 17:12:49
[2024-11-28 17:12:49] [info] Eventos retrocedidos a Pendiente: 0
[2024-11-28 17:12:49] [info] Eventos retrocedidos desde Finalizado: 0
[2024-11-28 17:12:49] [info] Eventos finalizados actualizados: 0
[2024-11-28 17:12:49] [info] Jugadores actualizados a terminado: 0
[2024-11-28 17:12:49] [info] Eventos iniciados: 0
[2024-11-28 17:12:49] [info] Evento ID: 11, Nombre: Todos Santos, Jugadores terminados: 10/10
[2024-11-28 17:12:49] [info] Evento ID: 13, Nombre: Halloween, Jugadores terminados: 7/7
[2024-11-28 17:12:49] [info] Evento ID: 15, Nombre: Instituto ABC, Jugadores terminados: 3/3
[2024-11-28 17:12:49] [info] Evento ID: 16, Nombre: Sistemas UBI, Jugadores terminados: 6/6
[2024-11-28 17:12:49] [info] Evento ID: 27, Nombre: Juan, Jugadores terminados: 0/0
[2024-11-28 17:12:51] [info] Iniciando actualización de estados de eventos. Fecha actual: 2024-11-28 17:12:51
[2024-11-28 17:12:51] [info] Eventos retrocedidos a Pendiente: 0
[2024-11-28 17:12:51] [info] Eventos retrocedidos desde Finalizado: 0
[2024-11-28 17:12:51] [info] Eventos finalizados actualizados: 0
[2024-11-28 17:12:51] [info] Jugadores actualizados a terminado: 0
[2024-11-28 17:12:51] [info] Eventos iniciados: 0
[2024-11-28 17:12:51] [info] Evento ID: 11, Nombre: Todos Santos, Jugadores terminados: 10/10
[2024-11-28 17:12:51] [info] Evento ID: 13, Nombre: Halloween, Jugadores terminados: 7/7
[2024-11-28 17:12:51] [info] Evento ID: 15, Nombre: Instituto ABC, Jugadores terminados: 3/3
[2024-11-28 17:12:51] [info] Evento ID: 16, Nombre: Sistemas UBI, Jugadores terminados: 6/6
[2024-11-28 17:12:51] [info] Evento ID: 27, Nombre: Juan, Jugadores terminados: 0/0
[2024-11-28 17:13:21] [info] Iniciando actualización de estados de eventos. Fecha actual: 2024-11-28 17:13:21
[2024-11-28 17:13:21] [info] Eventos retrocedidos a Pendiente: 0
[2024-11-28 17:13:21] [info] Eventos retrocedidos desde Finalizado: 0
[2024-11-28 17:13:21] [info] Eventos finalizados actualizados: 0
[2024-11-28 17:13:21] [info] Jugadores actualizados a terminado: 0
[2024-11-28 17:13:21] [info] Eventos iniciados: 0
[2024-11-28 17:13:21] [info] Evento ID: 11, Nombre: Todos Santos, Jugadores terminados: 10/10
[2024-11-28 17:13:21] [info] Evento ID: 13, Nombre: Halloween, Jugadores terminados: 7/7
[2024-11-28 17:13:21] [info] Evento ID: 15, Nombre: Instituto ABC, Jugadores terminados: 3/3
[2024-11-28 17:13:21] [info] Evento ID: 16, Nombre: Sistemas UBI, Jugadores terminados: 6/6
[2024-11-28 17:13:21] [info] Evento ID: 27, Nombre: Juan, Jugadores terminados: 0/0
[2024-11-28 17:13:45] [info] Iniciando actualización de estados de eventos. Fecha actual: 2024-11-28 17:13:45
[2024-11-28 17:13:45] [info] Eventos retrocedidos a Pendiente: 0
[2024-11-28 17:13:45] [info] Eventos retrocedidos desde Finalizado: 0
[2024-11-28 17:13:45] [info] Eventos finalizados actualizados: 0
[2024-11-28 17:13:45] [info] Jugadores actualizados a terminado: 0
[2024-11-28 17:13:45] [info] Eventos iniciados: 0
[2024-11-28 17:13:45] [info] Evento ID: 11, Nombre: Todos Santos, Jugadores terminados: 10/10
[2024-11-28 17:13:45] [info] Evento ID: 13, Nombre: Halloween, Jugadores terminados: 7/7
[2024-11-28 17:13:45] [info] Evento ID: 15, Nombre: Instituto ABC, Jugadores terminados: 3/3
[2024-11-28 17:13:45] [info] Evento ID: 16, Nombre: Sistemas UBI, Jugadores terminados: 6/6
[2024-11-28 17:13:45] [info] Evento ID: 27, Nombre: Juan, Jugadores terminados: 0/0
[2024-11-28 17:14:15] [info] Iniciando actualización de estados de eventos. Fecha actual: 2024-11-28 17:14:15
[2024-11-28 17:14:15] [info] Eventos retrocedidos a Pendiente: 0
[2024-11-28 17:14:15] [info] Eventos retrocedidos desde Finalizado: 0
[2024-11-28 17:14:15] [info] Eventos finalizados actualizados: 0
[2024-11-28 17:14:15] [info] Jugadores actualizados a terminado: 0
[2024-11-28 17:14:15] [info] Eventos iniciados: 0
[2024-11-28 17:14:15] [info] Evento ID: 11, Nombre: Todos Santos, Jugadores terminados: 10/10
[2024-11-28 17:14:15] [info] Evento ID: 13, Nombre: Halloween, Jugadores terminados: 7/7
[2024-11-28 17:14:15] [info] Evento ID: 15, Nombre: Instituto ABC, Jugadores terminados: 3/3
[2024-11-28 17:14:15] [info] Evento ID: 16, Nombre: Sistemas UBI, Jugadores terminados: 6/6
[2024-11-28 17:14:15] [info] Evento ID: 27, Nombre: Juan, Jugadores terminados: 0/0
[2024-11-28 17:14:23] [info] Iniciando actualización de estados de eventos. Fecha actual: 2024-11-28 17:14:23
[2024-11-28 17:14:23] [info] Eventos retrocedidos a Pendiente: 0
[2024-11-28 17:14:23] [info] Eventos retrocedidos desde Finalizado: 0
[2024-11-28 17:14:23] [info] Eventos finalizados actualizados: 0
[2024-11-28 17:14:23] [info] Jugadores actualizados a terminado: 0
[2024-11-28 17:14:23] [info] Eventos iniciados: 0
[2024-11-28 17:14:23] [info] Evento ID: 11, Nombre: Todos Santos, Jugadores terminados: 10/10
[2024-11-28 17:14:23] [info] Evento ID: 13, Nombre: Halloween, Jugadores terminados: 7/7
[2024-11-28 17:14:23] [info] Evento ID: 15, Nombre: Instituto ABC, Jugadores terminados: 3/3
[2024-11-28 17:14:23] [info] Evento ID: 16, Nombre: Sistemas UBI, Jugadores terminados: 6/6
[2024-11-28 17:14:23] [info] Evento ID: 27, Nombre: Juan, Jugadores terminados: 0/0
[2024-11-28 17:14:46] [info] Iniciando actualización de estados de eventos. Fecha actual: 2024-11-28 17:14:46
[2024-11-28 17:14:46] [info] Eventos retrocedidos a Pendiente: 0
[2024-11-28 17:14:46] [info] Eventos retrocedidos desde Finalizado: 0
[2024-11-28 17:14:46] [info] Eventos finalizados actualizados: 0
[2024-11-28 17:14:46] [info] Jugadores actualizados a terminado: 0
[2024-11-28 17:14:46] [info] Eventos iniciados: 0
[2024-11-28 17:14:46] [info] Evento ID: 11, Nombre: Todos Santos, Jugadores terminados: 10/10
[2024-11-28 17:14:46] [info] Evento ID: 13, Nombre: Halloween, Jugadores terminados: 7/7
[2024-11-28 17:14:46] [info] Evento ID: 15, Nombre: Instituto ABC, Jugadores terminados: 3/3
[2024-11-28 17:14:46] [info] Evento ID: 16, Nombre: Sistemas UBI, Jugadores terminados: 6/6
[2024-11-28 17:14:46] [info] Evento ID: 27, Nombre: Juan, Jugadores terminados: 0/0
[2024-11-28 17:15:15] [info] Iniciando actualización de estados de eventos. Fecha actual: 2024-11-28 17:15:15
[2024-11-28 17:15:15] [info] Eventos retrocedidos a Pendiente: 0
[2024-11-28 17:15:15] [info] Eventos retrocedidos desde Finalizado: 0
[2024-11-28 17:15:15] [info] Eventos finalizados actualizados: 0
[2024-11-28 17:15:15] [info] Jugadores actualizados a terminado: 0
[2024-11-28 17:15:15] [info] Eventos iniciados: 0
[2024-11-28 17:15:15] [info] Evento ID: 11, Nombre: Todos Santos, Jugadores terminados: 10/10
[2024-11-28 17:15:15] [info] Evento ID: 13, Nombre: Halloween, Jugadores terminados: 7/7
[2024-11-28 17:15:15] [info] Evento ID: 15, Nombre: Instituto ABC, Jugadores terminados: 3/3
[2024-11-28 17:15:15] [info] Evento ID: 16, Nombre: Sistemas UBI, Jugadores terminados: 6/6
[2024-11-28 17:15:15] [info] Evento ID: 27, Nombre: Juan, Jugadores terminados: 0/0
[2024-11-28 17:15:45] [info] Iniciando actualización de estados de eventos. Fecha actual: 2024-11-28 17:15:45
[2024-11-28 17:15:45] [info] Eventos retrocedidos a Pendiente: 0
[2024-11-28 17:15:45] [info] Eventos retrocedidos desde Finalizado: 0
[2024-11-28 17:15:45] [info] Eventos finalizados actualizados: 0
[2024-11-28 17:15:45] [info] Jugadores actualizados a terminado: 0
[2024-11-28 17:15:45] [info] Eventos iniciados: 0
[2024-11-28 17:15:45] [info] Evento ID: 11, Nombre: Todos Santos, Jugadores terminados: 10/10
[2024-11-28 17:15:45] [info] Evento ID: 13, Nombre: Halloween, Jugadores terminados: 7/7
[2024-11-28 17:15:45] [info] Evento ID: 15, Nombre: Instituto ABC, Jugadores terminados: 3/3
[2024-11-28 17:15:45] [info] Evento ID: 16, Nombre: Sistemas UBI, Jugadores terminados: 6/6
[2024-11-28 17:15:45] [info] Evento ID: 27, Nombre: Juan, Jugadores terminados: 0/0
[2024-11-28 17:16:15] [info] Iniciando actualización de estados de eventos. Fecha actual: 2024-11-28 17:16:15
[2024-11-28 17:16:15] [info] Eventos retrocedidos a Pendiente: 0
[2024-11-28 17:16:15] [info] Eventos retrocedidos desde Finalizado: 0
[2024-11-28 17:16:15] [info] Eventos finalizados actualizados: 0
[2024-11-28 17:16:15] [info] Jugadores actualizados a terminado: 0
[2024-11-28 17:16:15] [info] Eventos iniciados: 0
[2024-11-28 17:16:15] [info] Evento ID: 11, Nombre: Todos Santos, Jugadores terminados: 10/10
[2024-11-28 17:16:15] [info] Evento ID: 13, Nombre: Halloween, Jugadores terminados: 7/7
[2024-11-28 17:16:15] [info] Evento ID: 15, Nombre: Instituto ABC, Jugadores terminados: 3/3
[2024-11-28 17:16:15] [info] Evento ID: 16, Nombre: Sistemas UBI, Jugadores terminados: 6/6
[2024-11-28 17:16:15] [info] Evento ID: 27, Nombre: Juan, Jugadores terminados: 0/0
[2024-11-28 17:17:17] [info] Iniciando actualización de estados de eventos. Fecha actual: 2024-11-28 17:17:17
[2024-11-28 17:17:17] [info] Eventos retrocedidos a Pendiente: 0
[2024-11-28 17:17:17] [info] Eventos retrocedidos desde Finalizado: 0
[2024-11-28 17:17:17] [info] Eventos finalizados actualizados: 0
[2024-11-28 17:17:17] [info] Jugadores actualizados a terminado: 0
[2024-11-28 17:17:17] [info] Eventos iniciados: 0
[2024-11-28 17:17:17] [info] Evento ID: 11, Nombre: Todos Santos, Jugadores terminados: 10/10
[2024-11-28 17:17:17] [info] Evento ID: 13, Nombre: Halloween, Jugadores terminados: 7/7
[2024-11-28 17:17:17] [info] Evento ID: 15, Nombre: Instituto ABC, Jugadores terminados: 3/3
[2024-11-28 17:17:17] [info] Evento ID: 16, Nombre: Sistemas UBI, Jugadores terminados: 6/6
[2024-11-28 17:17:17] [info] Evento ID: 27, Nombre: Juan, Jugadores terminados: 0/0
[2024-11-28 17:18:17] [info] Iniciando actualización de estados de eventos. Fecha actual: 2024-11-28 17:18:17
[2024-11-28 17:18:17] [info] Eventos retrocedidos a Pendiente: 0
[2024-11-28 17:18:17] [info] Eventos retrocedidos desde Finalizado: 0
[2024-11-28 17:18:17] [info] Eventos finalizados actualizados: 0
[2024-11-28 17:18:17] [info] Jugadores actualizados a terminado: 0
[2024-11-28 17:18:17] [info] Eventos iniciados: 0
[2024-11-28 17:18:17] [info] Evento ID: 11, Nombre: Todos Santos, Jugadores terminados: 10/10
[2024-11-28 17:18:17] [info] Evento ID: 13, Nombre: Halloween, Jugadores terminados: 7/7
[2024-11-28 17:18:17] [info] Evento ID: 15, Nombre: Instituto ABC, Jugadores terminados: 3/3
[2024-11-28 17:18:17] [info] Evento ID: 16, Nombre: Sistemas UBI, Jugadores terminados: 6/6
[2024-11-28 17:18:17] [info] Evento ID: 27, Nombre: Juan, Jugadores terminados: 0/0
[2024-11-28 17:19:18] [info] Iniciando actualización de estados de eventos. Fecha actual: 2024-11-28 17:19:18
[2024-11-28 17:19:18] [info] Eventos retrocedidos a Pendiente: 0
[2024-11-28 17:19:18] [info] Eventos retrocedidos desde Finalizado: 0
[2024-11-28 17:19:18] [info] Eventos finalizados actualizados: 0
[2024-11-28 17:19:18] [info] Jugadores actualizados a terminado: 0
[2024-11-28 17:19:18] [info] Eventos iniciados: 0
[2024-11-28 17:19:18] [info] Evento ID: 11, Nombre: Todos Santos, Jugadores terminados: 10/10
[2024-11-28 17:19:18] [info] Evento ID: 13, Nombre: Halloween, Jugadores terminados: 7/7
[2024-11-28 17:19:18] [info] Evento ID: 15, Nombre: Instituto ABC, Jugadores terminados: 3/3
[2024-11-28 17:19:18] [info] Evento ID: 16, Nombre: Sistemas UBI, Jugadores terminados: 6/6
[2024-11-28 17:19:18] [info] Evento ID: 27, Nombre: Juan, Jugadores terminados: 0/0
[2024-11-28 17:20:19] [info] Iniciando actualización de estados de eventos. Fecha actual: 2024-11-28 17:20:19
[2024-11-28 17:20:19] [info] Eventos retrocedidos a Pendiente: 0
[2024-11-28 17:20:19] [info] Eventos retrocedidos desde Finalizado: 0
[2024-11-28 17:20:19] [info] Eventos finalizados actualizados: 0
[2024-11-28 17:20:19] [info] Jugadores actualizados a terminado: 0
[2024-11-28 17:20:19] [info] Eventos iniciados: 0
[2024-11-28 17:20:19] [info] Evento ID: 11, Nombre: Todos Santos, Jugadores terminados: 10/10
[2024-11-28 17:20:19] [info] Evento ID: 13, Nombre: Halloween, Jugadores terminados: 7/7
[2024-11-28 17:20:19] [info] Evento ID: 15, Nombre: Instituto ABC, Jugadores terminados: 3/3
[2024-11-28 17:20:19] [info] Evento ID: 16, Nombre: Sistemas UBI, Jugadores terminados: 6/6
[2024-11-28 17:20:19] [info] Evento ID: 27, Nombre: Juan, Jugadores terminados: 0/0
[2024-11-28 17:21:20] [info] Iniciando actualización de estados de eventos. Fecha actual: 2024-11-28 17:21:20
[2024-11-28 17:21:20] [info] Eventos retrocedidos a Pendiente: 0
[2024-11-28 17:21:20] [info] Eventos retrocedidos desde Finalizado: 0
[2024-11-28 17:21:20] [info] Eventos finalizados actualizados: 0
[2024-11-28 17:21:20] [info] Jugadores actualizados a terminado: 0
[2024-11-28 17:21:20] [info] Eventos iniciados: 0
[2024-11-28 17:21:20] [info] Evento ID: 11, Nombre: Todos Santos, Jugadores terminados: 10/10
[2024-11-28 17:21:20] [info] Evento ID: 13, Nombre: Halloween, Jugadores terminados: 7/7
[2024-11-28 17:21:20] [info] Evento ID: 15, Nombre: Instituto ABC, Jugadores terminados: 3/3
[2024-11-28 17:21:20] [info] Evento ID: 16, Nombre: Sistemas UBI, Jugadores terminados: 6/6
[2024-11-28 17:21:20] [info] Evento ID: 27, Nombre: Juan, Jugadores terminados: 0/0
[2024-11-28 17:22:21] [info] Iniciando actualización de estados de eventos. Fecha actual: 2024-11-28 17:22:21
[2024-11-28 17:22:21] [info] Eventos retrocedidos a Pendiente: 0
[2024-11-28 17:22:21] [info] Eventos retrocedidos desde Finalizado: 0
[2024-11-28 17:22:21] [info] Eventos finalizados actualizados: 0
[2024-11-28 17:22:21] [info] Jugadores actualizados a terminado: 0
[2024-11-28 17:22:21] [info] Eventos iniciados: 0
[2024-11-28 17:22:21] [info] Evento ID: 11, Nombre: Todos Santos, Jugadores terminados: 10/10
[2024-11-28 17:22:21] [info] Evento ID: 13, Nombre: Halloween, Jugadores terminados: 7/7
[2024-11-28 17:22:21] [info] Evento ID: 15, Nombre: Instituto ABC, Jugadores terminados: 3/3
[2024-11-28 17:22:21] [info] Evento ID: 16, Nombre: Sistemas UBI, Jugadores terminados: 6/6
[2024-11-28 17:22:21] [info] Evento ID: 27, Nombre: Juan, Jugadores terminados: 0/0
[2024-11-28 17:23:22] [info] Iniciando actualización de estados de eventos. Fecha actual: 2024-11-28 17:23:22
[2024-11-28 17:23:22] [info] Eventos retrocedidos a Pendiente: 0
[2024-11-28 17:23:22] [info] Eventos retrocedidos desde Finalizado: 0
[2024-11-28 17:23:22] [info] Eventos finalizados actualizados: 0
[2024-11-28 17:23:22] [info] Jugadores actualizados a terminado: 0
[2024-11-28 17:23:22] [info] Eventos iniciados: 0
[2024-11-28 17:23:22] [info] Evento ID: 11, Nombre: Todos Santos, Jugadores terminados: 10/10
[2024-11-28 17:23:22] [info] Evento ID: 13, Nombre: Halloween, Jugadores terminados: 7/7
[2024-11-28 17:23:22] [info] Evento ID: 15, Nombre: Instituto ABC, Jugadores terminados: 3/3
[2024-11-28 17:23:22] [info] Evento ID: 16, Nombre: Sistemas UBI, Jugadores terminados: 6/6
[2024-11-28 17:23:22] [info] Evento ID: 27, Nombre: Juan, Jugadores terminados: 0/0
[2024-11-28 17:24:23] [info] Iniciando actualización de estados de eventos. Fecha actual: 2024-11-28 17:24:23
[2024-11-28 17:24:23] [info] Eventos retrocedidos a Pendiente: 0
[2024-11-28 17:24:23] [info] Eventos retrocedidos desde Finalizado: 0
[2024-11-28 17:24:23] [info] Eventos finalizados actualizados: 0
[2024-11-28 17:24:23] [info] Jugadores actualizados a terminado: 0
[2024-11-28 17:24:23] [info] Eventos iniciados: 0
[2024-11-28 17:24:23] [info] Evento ID: 11, Nombre: Todos Santos, Jugadores terminados: 10/10
[2024-11-28 17:24:23] [info] Evento ID: 13, Nombre: Halloween, Jugadores terminados: 7/7
[2024-11-28 17:24:23] [info] Evento ID: 15, Nombre: Instituto ABC, Jugadores terminados: 3/3
[2024-11-28 17:24:23] [info] Evento ID: 16, Nombre: Sistemas UBI, Jugadores terminados: 6/6
[2024-11-28 17:24:23] [info] Evento ID: 27, Nombre: Juan, Jugadores terminados: 0/0
[2024-11-28 17:24:46] [info] Iniciando actualización de estados de eventos. Fecha actual: 2024-11-28 17:24:46
[2024-11-28 17:24:46] [info] Eventos retrocedidos a Pendiente: 0
[2024-11-28 17:24:46] [info] Eventos retrocedidos desde Finalizado: 0
[2024-11-28 17:24:46] [info] Eventos finalizados actualizados: 0
[2024-11-28 17:24:46] [info] Jugadores actualizados a terminado: 0
[2024-11-28 17:24:46] [info] Eventos iniciados: 0
[2024-11-28 17:24:46] [info] Evento ID: 11, Nombre: Todos Santos, Jugadores terminados: 10/10
[2024-11-28 17:24:46] [info] Evento ID: 13, Nombre: Halloween, Jugadores terminados: 7/7
[2024-11-28 17:24:46] [info] Evento ID: 15, Nombre: Instituto ABC, Jugadores terminados: 3/3
[2024-11-28 17:24:46] [info] Evento ID: 16, Nombre: Sistemas UBI, Jugadores terminados: 6/6
[2024-11-28 17:24:46] [info] Evento ID: 27, Nombre: Juan, Jugadores terminados: 0/0
[2024-11-28 17:25:15] [info] Iniciando actualización de estados de eventos. Fecha actual: 2024-11-28 17:25:15
[2024-11-28 17:25:15] [info] Eventos retrocedidos a Pendiente: 0
[2024-11-28 17:25:15] [info] Eventos retrocedidos desde Finalizado: 0
[2024-11-28 17:25:15] [info] Eventos finalizados actualizados: 0
[2024-11-28 17:25:15] [info] Jugadores actualizados a terminado: 0
[2024-11-28 17:25:15] [info] Eventos iniciados: 0
[2024-11-28 17:25:15] [info] Evento ID: 11, Nombre: Todos Santos, Jugadores terminados: 10/10
[2024-11-28 17:25:15] [info] Evento ID: 13, Nombre: Halloween, Jugadores terminados: 7/7
[2024-11-28 17:25:15] [info] Evento ID: 15, Nombre: Instituto ABC, Jugadores terminados: 3/3
[2024-11-28 17:25:15] [info] Evento ID: 16, Nombre: Sistemas UBI, Jugadores terminados: 6/6
[2024-11-28 17:25:15] [info] Evento ID: 27, Nombre: Juan, Jugadores terminados: 0/0
[2024-11-28 17:25:45] [info] Iniciando actualización de estados de eventos. Fecha actual: 2024-11-28 17:25:45
[2024-11-28 17:25:45] [info] Eventos retrocedidos a Pendiente: 0
[2024-11-28 17:25:45] [info] Eventos retrocedidos desde Finalizado: 0
[2024-11-28 17:25:45] [info] Eventos finalizados actualizados: 0
[2024-11-28 17:25:45] [info] Jugadores actualizados a terminado: 0
[2024-11-28 17:25:45] [info] Eventos iniciados: 0
[2024-11-28 17:25:45] [info] Evento ID: 11, Nombre: Todos Santos, Jugadores terminados: 10/10
[2024-11-28 17:25:45] [info] Evento ID: 13, Nombre: Halloween, Jugadores terminados: 7/7
[2024-11-28 17:25:45] [info] Evento ID: 15, Nombre: Instituto ABC, Jugadores terminados: 3/3
[2024-11-28 17:25:45] [info] Evento ID: 16, Nombre: Sistemas UBI, Jugadores terminados: 6/6
[2024-11-28 17:25:45] [info] Evento ID: 27, Nombre: Juan, Jugadores terminados: 0/0
[2024-11-28 17:26:34] [info] Iniciando actualización de estados de eventos. Fecha actual: 2024-11-28 17:26:34
[2024-11-28 17:26:34] [info] Eventos retrocedidos a Pendiente: 0
[2024-11-28 17:26:34] [info] Eventos retrocedidos desde Finalizado: 0
[2024-11-28 17:26:34] [info] Eventos finalizados actualizados: 0
[2024-11-28 17:26:34] [info] Jugadores actualizados a terminado: 0
[2024-11-28 17:26:34] [info] Eventos iniciados: 0
[2024-11-28 17:26:34] [info] Evento ID: 11, Nombre: Todos Santos, Jugadores terminados: 10/10
[2024-11-28 17:26:34] [info] Evento ID: 13, Nombre: Halloween, Jugadores terminados: 7/7
[2024-11-28 17:26:34] [info] Evento ID: 15, Nombre: Instituto ABC, Jugadores terminados: 3/3
[2024-11-28 17:26:34] [info] Evento ID: 16, Nombre: Sistemas UBI, Jugadores terminados: 6/6
[2024-11-28 17:26:34] [info] Evento ID: 27, Nombre: Juan, Jugadores terminados: 0/0
[2024-11-28 17:27:01] [info] Iniciando actualización de estados de eventos. Fecha actual: 2024-11-28 17:27:01
[2024-11-28 17:27:01] [info] Eventos retrocedidos a Pendiente: 0
[2024-11-28 17:27:01] [info] Eventos retrocedidos desde Finalizado: 0
[2024-11-28 17:27:01] [info] Eventos finalizados actualizados: 0
[2024-11-28 17:27:01] [info] Jugadores actualizados a terminado: 0
[2024-11-28 17:27:01] [info] Eventos iniciados: 0
[2024-11-28 17:27:01] [info] Evento ID: 11, Nombre: Todos Santos, Jugadores terminados: 10/10
[2024-11-28 17:27:01] [info] Evento ID: 13, Nombre: Halloween, Jugadores terminados: 7/7
[2024-11-28 17:27:01] [info] Evento ID: 15, Nombre: Instituto ABC, Jugadores terminados: 3/3
[2024-11-28 17:27:01] [info] Evento ID: 16, Nombre: Sistemas UBI, Jugadores terminados: 6/6
[2024-11-28 17:27:01] [info] Evento ID: 27, Nombre: Juan, Jugadores terminados: 0/0
[2024-11-28 17:27:02] [info] Iniciando actualización de estados de eventos. Fecha actual: 2024-11-28 17:27:02
[2024-11-28 17:27:02] [info] Eventos retrocedidos a Pendiente: 0
[2024-11-28 17:27:02] [info] Eventos retrocedidos desde Finalizado: 0
[2024-11-28 17:27:02] [info] Eventos finalizados actualizados: 0
[2024-11-28 17:27:02] [info] Jugadores actualizados a terminado: 0
[2024-11-28 17:27:02] [info] Eventos iniciados: 0
[2024-11-28 17:27:02] [info] Evento ID: 11, Nombre: Todos Santos, Jugadores terminados: 10/10
[2024-11-28 17:27:02] [info] Evento ID: 13, Nombre: Halloween, Jugadores terminados: 7/7
[2024-11-28 17:27:02] [info] Evento ID: 15, Nombre: Instituto ABC, Jugadores terminados: 3/3
[2024-11-28 17:27:02] [info] Evento ID: 16, Nombre: Sistemas UBI, Jugadores terminados: 6/6
[2024-11-28 17:27:02] [info] Evento ID: 27, Nombre: Juan, Jugadores terminados: 0/0
[2024-11-28 17:30:04] [info] Iniciando actualización de estados de eventos. Fecha actual: 2024-11-28 17:30:04
[2024-11-28 17:30:04] [info] Eventos retrocedidos a Pendiente: 0
[2024-11-28 17:30:04] [info] Eventos retrocedidos desde Finalizado: 0
[2024-11-28 17:30:04] [info] Eventos finalizados actualizados: 0
[2024-11-28 17:30:04] [info] Jugadores actualizados a terminado: 0
[2024-11-28 17:30:04] [info] Eventos iniciados: 0
[2024-11-28 17:30:04] [info] Evento ID: 11, Nombre: Todos Santos, Jugadores terminados: 10/10
[2024-11-28 17:30:04] [info] Evento ID: 13, Nombre: Halloween, Jugadores terminados: 7/7
[2024-11-28 17:30:04] [info] Evento ID: 15, Nombre: Instituto ABC, Jugadores terminados: 3/3
[2024-11-28 17:30:04] [info] Evento ID: 16, Nombre: Sistemas UBI, Jugadores terminados: 6/6
[2024-11-28 17:30:04] [info] Evento ID: 27, Nombre: Juan, Jugadores terminados: 0/0
[2024-11-28 17:30:11] [info] Iniciando actualización de estados de eventos. Fecha actual: 2024-11-28 17:30:11
[2024-11-28 17:30:11] [info] Eventos retrocedidos a Pendiente: 0
[2024-11-28 17:30:11] [info] Eventos retrocedidos desde Finalizado: 0
[2024-11-28 17:30:11] [info] Eventos finalizados actualizados: 0
[2024-11-28 17:30:11] [info] Jugadores actualizados a terminado: 0
[2024-11-28 17:30:11] [info] Eventos iniciados: 0
[2024-11-28 17:30:11] [info] Evento ID: 11, Nombre: Todos Santos, Jugadores terminados: 10/10
[2024-11-28 17:30:11] [info] Evento ID: 13, Nombre: Halloween, Jugadores terminados: 7/7
[2024-11-28 17:30:11] [info] Evento ID: 15, Nombre: Instituto ABC, Jugadores terminados: 3/3
[2024-11-28 17:30:11] [info] Evento ID: 16, Nombre: Sistemas UBI, Jugadores terminados: 6/6
[2024-11-28 17:30:11] [info] Evento ID: 27, Nombre: Juan, Jugadores terminados: 0/0
[2024-11-28 17:30:13] [info] Iniciando actualización de estados de eventos. Fecha actual: 2024-11-28 17:30:13
[2024-11-28 17:30:13] [info] Eventos retrocedidos a Pendiente: 0
[2024-11-28 17:30:13] [info] Eventos retrocedidos desde Finalizado: 0
[2024-11-28 17:30:13] [info] Eventos finalizados actualizados: 0
[2024-11-28 17:30:13] [info] Jugadores actualizados a terminado: 0
[2024-11-28 17:30:13] [info] Eventos iniciados: 0
[2024-11-28 17:30:13] [info] Evento ID: 11, Nombre: Todos Santos, Jugadores terminados: 10/10
[2024-11-28 17:30:13] [info] Evento ID: 13, Nombre: Halloween, Jugadores terminados: 7/7
[2024-11-28 17:30:13] [info] Evento ID: 15, Nombre: Instituto ABC, Jugadores terminados: 3/3
[2024-11-28 17:30:13] [info] Evento ID: 16, Nombre: Sistemas UBI, Jugadores terminados: 6/6
[2024-11-28 17:30:13] [info] Evento ID: 27, Nombre: Juan, Jugadores terminados: 0/0
[2024-11-28 17:30:14] [info] Iniciando actualización de estados de eventos. Fecha actual: 2024-11-28 17:30:14
[2024-11-28 17:30:14] [info] Eventos retrocedidos a Pendiente: 0
[2024-11-28 17:30:14] [info] Eventos retrocedidos desde Finalizado: 0
[2024-11-28 17:30:14] [info] Eventos finalizados actualizados: 0
[2024-11-28 17:30:14] [info] Jugadores actualizados a terminado: 0
[2024-11-28 17:30:14] [info] Eventos iniciados: 0
[2024-11-28 17:30:14] [info] Evento ID: 11, Nombre: Todos Santos, Jugadores terminados: 10/10
[2024-11-28 17:30:14] [info] Evento ID: 13, Nombre: Halloween, Jugadores terminados: 7/7
[2024-11-28 17:30:14] [info] Evento ID: 15, Nombre: Instituto ABC, Jugadores terminados: 3/3
[2024-11-28 17:30:14] [info] Evento ID: 16, Nombre: Sistemas UBI, Jugadores terminados: 6/6
[2024-11-28 17:30:14] [info] Evento ID: 27, Nombre: Juan, Jugadores terminados: 0/0
[2024-11-28 17:30:40] [info] Iniciando actualización de estados de eventos. Fecha actual: 2024-11-28 17:30:40
[2024-11-28 17:30:40] [info] Eventos retrocedidos a Pendiente: 0
[2024-11-28 17:30:40] [info] Eventos retrocedidos desde Finalizado: 0
[2024-11-28 17:30:40] [info] Eventos finalizados actualizados: 0
[2024-11-28 17:30:40] [info] Jugadores actualizados a terminado: 0
[2024-11-28 17:30:40] [info] Eventos iniciados: 0
[2024-11-28 17:30:40] [info] Evento ID: 11, Nombre: Todos Santos, Jugadores terminados: 10/10
[2024-11-28 17:30:40] [info] Evento ID: 13, Nombre: Halloween, Jugadores terminados: 7/7
[2024-11-28 17:30:40] [info] Evento ID: 15, Nombre: Instituto ABC, Jugadores terminados: 3/3
[2024-11-28 17:30:40] [info] Evento ID: 16, Nombre: Sistemas UBI, Jugadores terminados: 6/6
[2024-11-28 17:30:40] [info] Evento ID: 27, Nombre: Juan, Jugadores terminados: 0/0
[2024-11-28 17:30:43] [info] Iniciando actualización de estados de eventos. Fecha actual: 2024-11-28 17:30:43
[2024-11-28 17:30:43] [info] Eventos retrocedidos a Pendiente: 0
[2024-11-28 17:30:43] [info] Eventos retrocedidos desde Finalizado: 0
[2024-11-28 17:30:43] [info] Eventos finalizados actualizados: 0
[2024-11-28 17:30:43] [info] Jugadores actualizados a terminado: 0
[2024-11-28 17:30:43] [info] Eventos iniciados: 0
[2024-11-28 17:30:43] [info] Evento ID: 11, Nombre: Todos Santos, Jugadores terminados: 10/10
[2024-11-28 17:30:43] [info] Evento ID: 13, Nombre: Halloween, Jugadores terminados: 7/7
[2024-11-28 17:30:43] [info] Evento ID: 15, Nombre: Instituto ABC, Jugadores terminados: 3/3
[2024-11-28 17:30:43] [info] Evento ID: 16, Nombre: Sistemas UBI, Jugadores terminados: 6/6
[2024-11-28 17:30:43] [info] Evento ID: 27, Nombre: Juan, Jugadores terminados: 0/0
[2024-11-28 17:30:45] [info] Iniciando actualización de estados de eventos. Fecha actual: 2024-11-28 17:30:45
[2024-11-28 17:30:45] [info] Eventos retrocedidos a Pendiente: 0
[2024-11-28 17:30:45] [info] Eventos retrocedidos desde Finalizado: 0
[2024-11-28 17:30:45] [info] Eventos finalizados actualizados: 0
[2024-11-28 17:30:45] [info] Jugadores actualizados a terminado: 0
[2024-11-28 17:30:45] [info] Eventos iniciados: 0
[2024-11-28 17:30:45] [info] Evento ID: 11, Nombre: Todos Santos, Jugadores terminados: 10/10
[2024-11-28 17:30:45] [info] Evento ID: 13, Nombre: Halloween, Jugadores terminados: 7/7
[2024-11-28 17:30:45] [info] Evento ID: 15, Nombre: Instituto ABC, Jugadores terminados: 3/3
[2024-11-28 17:30:45] [info] Evento ID: 16, Nombre: Sistemas UBI, Jugadores terminados: 6/6
[2024-11-28 17:30:45] [info] Evento ID: 27, Nombre: Juan, Jugadores terminados: 0/0
[2024-11-28 17:31:16] [info] Iniciando actualización de estados de eventos. Fecha actual: 2024-11-28 17:31:16
[2024-11-28 17:31:16] [info] Eventos retrocedidos a Pendiente: 0
[2024-11-28 17:31:16] [info] Eventos retrocedidos desde Finalizado: 0
[2024-11-28 17:31:16] [info] Eventos finalizados actualizados: 0
[2024-11-28 17:31:16] [info] Jugadores actualizados a terminado: 0
[2024-11-28 17:31:16] [info] Eventos iniciados: 0
[2024-11-28 17:31:16] [info] Evento ID: 11, Nombre: Todos Santos, Jugadores terminados: 10/10
[2024-11-28 17:31:16] [info] Evento ID: 13, Nombre: Halloween, Jugadores terminados: 7/7
[2024-11-28 17:31:16] [info] Evento ID: 15, Nombre: Instituto ABC, Jugadores terminados: 3/3
[2024-11-28 17:31:16] [info] Evento ID: 16, Nombre: Sistemas UBI, Jugadores terminados: 6/6
[2024-11-28 17:31:16] [info] Evento ID: 27, Nombre: Juan, Jugadores terminados: 0/0
[2024-11-28 17:31:47] [info] Iniciando actualización de estados de eventos. Fecha actual: 2024-11-28 17:31:47
[2024-11-28 17:31:47] [info] Eventos retrocedidos a Pendiente: 0
[2024-11-28 17:31:47] [info] Eventos retrocedidos desde Finalizado: 0
[2024-11-28 17:31:47] [info] Eventos finalizados actualizados: 0
[2024-11-28 17:31:47] [info] Jugadores actualizados a terminado: 0
[2024-11-28 17:31:47] [info] Eventos iniciados: 0
[2024-11-28 17:31:47] [info] Evento ID: 11, Nombre: Todos Santos, Jugadores terminados: 10/10
[2024-11-28 17:31:47] [info] Evento ID: 13, Nombre: Halloween, Jugadores terminados: 7/7
[2024-11-28 17:31:47] [info] Evento ID: 15, Nombre: Instituto ABC, Jugadores terminados: 3/3
[2024-11-28 17:31:47] [info] Evento ID: 16, Nombre: Sistemas UBI, Jugadores terminados: 6/6
[2024-11-28 17:31:47] [info] Evento ID: 27, Nombre: Juan, Jugadores terminados: 0/0
[2024-11-28 17:31:53] [info] Iniciando actualización de estados de eventos. Fecha actual: 2024-11-28 17:31:53
[2024-11-28 17:31:53] [info] Eventos retrocedidos a Pendiente: 0
[2024-11-28 17:31:53] [info] Eventos retrocedidos desde Finalizado: 0
[2024-11-28 17:31:53] [info] Eventos finalizados actualizados: 0
[2024-11-28 17:31:53] [info] Jugadores actualizados a terminado: 0
[2024-11-28 17:31:53] [info] Eventos iniciados: 0
[2024-11-28 17:31:53] [info] Evento ID: 11, Nombre: Todos Santos, Jugadores terminados: 10/10
[2024-11-28 17:31:53] [info] Evento ID: 13, Nombre: Halloween, Jugadores terminados: 7/7
[2024-11-28 17:31:53] [info] Evento ID: 15, Nombre: Instituto ABC, Jugadores terminados: 3/3
[2024-11-28 17:31:53] [info] Evento ID: 16, Nombre: Sistemas UBI, Jugadores terminados: 6/6
[2024-11-28 17:31:53] [info] Evento ID: 27, Nombre: Juan, Jugadores terminados: 0/0
[2024-11-28 17:31:59] [info] Iniciando actualización de estados de eventos. Fecha actual: 2024-11-28 17:31:59
[2024-11-28 17:31:59] [info] Eventos retrocedidos a Pendiente: 0
[2024-11-28 17:31:59] [info] Eventos retrocedidos desde Finalizado: 0
[2024-11-28 17:31:59] [info] Eventos finalizados actualizados: 0
[2024-11-28 17:31:59] [info] Jugadores actualizados a terminado: 0
[2024-11-28 17:31:59] [info] Eventos iniciados: 0
[2024-11-28 17:31:59] [info] Evento ID: 11, Nombre: Todos Santos, Jugadores terminados: 10/10
[2024-11-28 17:31:59] [info] Evento ID: 13, Nombre: Halloween, Jugadores terminados: 7/7
[2024-11-28 17:31:59] [info] Evento ID: 15, Nombre: Instituto ABC, Jugadores terminados: 3/3
[2024-11-28 17:31:59] [info] Evento ID: 16, Nombre: Sistemas UBI, Jugadores terminados: 6/6
[2024-11-28 17:31:59] [info] Evento ID: 27, Nombre: Juan, Jugadores terminados: 0/0
[2024-11-28 17:32:01] [info] Iniciando actualización de estados de eventos. Fecha actual: 2024-11-28 17:32:01
[2024-11-28 17:32:01] [info] Eventos retrocedidos a Pendiente: 0
[2024-11-28 17:32:01] [info] Eventos retrocedidos desde Finalizado: 0
[2024-11-28 17:32:01] [info] Eventos finalizados actualizados: 0
[2024-11-28 17:32:01] [info] Jugadores actualizados a terminado: 0
[2024-11-28 17:32:01] [info] Eventos iniciados: 0
[2024-11-28 17:32:01] [info] Evento ID: 11, Nombre: Todos Santos, Jugadores terminados: 10/10
[2024-11-28 17:32:01] [info] Evento ID: 13, Nombre: Halloween, Jugadores terminados: 7/7
[2024-11-28 17:32:01] [info] Evento ID: 15, Nombre: Instituto ABC, Jugadores terminados: 3/3
[2024-11-28 17:32:01] [info] Evento ID: 16, Nombre: Sistemas UBI, Jugadores terminados: 6/6
[2024-11-28 17:32:01] [info] Evento ID: 27, Nombre: Juan, Jugadores terminados: 0/0
[2024-11-28 17:32:14] [info] Iniciando actualización de estados de eventos. Fecha actual: 2024-11-28 17:32:14
[2024-11-28 17:32:14] [info] Eventos retrocedidos a Pendiente: 0
[2024-11-28 17:32:14] [info] Eventos retrocedidos desde Finalizado: 0
[2024-11-28 17:32:14] [info] Eventos finalizados actualizados: 0
[2024-11-28 17:32:14] [info] Jugadores actualizados a terminado: 0
[2024-11-28 17:32:14] [info] Eventos iniciados: 0
[2024-11-28 17:32:14] [info] Evento ID: 11, Nombre: Todos Santos, Jugadores terminados: 10/10
[2024-11-28 17:32:14] [info] Evento ID: 13, Nombre: Halloween, Jugadores terminados: 7/7
[2024-11-28 17:32:14] [info] Evento ID: 15, Nombre: Instituto ABC, Jugadores terminados: 3/3
[2024-11-28 17:32:14] [info] Evento ID: 16, Nombre: Sistemas UBI, Jugadores terminados: 6/6
[2024-11-28 17:32:14] [info] Evento ID: 27, Nombre: Juan, Jugadores terminados: 0/0
[2024-11-28 17:32:15] [info] Iniciando actualización de estados de eventos. Fecha actual: 2024-11-28 17:32:15
[2024-11-28 17:32:15] [info] Eventos retrocedidos a Pendiente: 0
[2024-11-28 17:32:15] [info] Eventos retrocedidos desde Finalizado: 0
[2024-11-28 17:32:15] [info] Eventos finalizados actualizados: 0
[2024-11-28 17:32:15] [info] Jugadores actualizados a terminado: 0
[2024-11-28 17:32:15] [info] Eventos iniciados: 0
[2024-11-28 17:32:15] [info] Evento ID: 11, Nombre: Todos Santos, Jugadores terminados: 10/10
[2024-11-28 17:32:15] [info] Evento ID: 13, Nombre: Halloween, Jugadores terminados: 7/7
[2024-11-28 17:32:15] [info] Evento ID: 15, Nombre: Instituto ABC, Jugadores terminados: 3/3
[2024-11-28 17:32:15] [info] Evento ID: 16, Nombre: Sistemas UBI, Jugadores terminados: 6/6
[2024-11-28 17:32:15] [info] Evento ID: 27, Nombre: Juan, Jugadores terminados: 0/0
[2024-11-28 17:32:19] [info] Iniciando actualización de estados de eventos. Fecha actual: 2024-11-28 17:32:19
[2024-11-28 17:32:19] [info] Eventos retrocedidos a Pendiente: 0
[2024-11-28 17:32:19] [info] Eventos retrocedidos desde Finalizado: 0
[2024-11-28 17:32:19] [info] Eventos finalizados actualizados: 0
[2024-11-28 17:32:19] [info] Jugadores actualizados a terminado: 0
[2024-11-28 17:32:19] [info] Eventos iniciados: 0
[2024-11-28 17:32:19] [info] Evento ID: 11, Nombre: Todos Santos, Jugadores terminados: 10/10
[2024-11-28 17:32:19] [info] Evento ID: 13, Nombre: Halloween, Jugadores terminados: 7/7
[2024-11-28 17:32:19] [info] Evento ID: 15, Nombre: Instituto ABC, Jugadores terminados: 3/3
[2024-11-28 17:32:19] [info] Evento ID: 16, Nombre: Sistemas UBI, Jugadores terminados: 6/6
[2024-11-28 17:32:19] [info] Evento ID: 27, Nombre: Juan, Jugadores terminados: 0/0
