[2024-11-07 10:41:10] [info] Administrador con ID 1 ha iniciado sesión exitosamente
[2024-11-07 10:41:11] [info] Iniciando actualización de estados de eventos. Fecha actual: 2024-11-07 10:41:11
[2024-11-07 10:41:11] [info] Eventos finalizados actualizados: 1
[2024-11-07 10:41:11] [info] Jugadores actualizados a terminado: 0
[2024-11-07 10:41:11] [info] Eventos iniciados: 0
[2024-11-07 10:41:11] [info] Evento ID: 1, Nombre: Microsoft, Jugadores terminados: 0/0
[2024-11-07 10:41:11] [info] Evento ID: 11, Nombre: Todos Santos, Jugadores terminados: 4/4
[2024-11-07 10:41:26] [info] Iniciando actualización de estados de eventos. Fecha actual: 2024-11-07 10:41:26
[2024-11-07 10:41:26] [info] Eventos finalizados actualizados: 0
[2024-11-07 10:41:26] [info] Jugadores actualizados a terminado: 0
[2024-11-07 10:41:26] [info] Eventos iniciados: 0
[2024-11-07 10:41:26] [info] Evento ID: 1, Nombre: Microsoft, Jugadores terminados: 0/0
[2024-11-07 10:41:26] [info] Evento ID: 11, Nombre: Todos Santos, Jugadores terminados: 4/4
[2024-11-07 10:41:29] [info] Iniciando actualización de estados de eventos. Fecha actual: 2024-11-07 10:41:29
[2024-11-07 10:41:29] [info] Eventos finalizados actualizados: 0
[2024-11-07 10:41:29] [info] Jugadores actualizados a terminado: 0
[2024-11-07 10:41:29] [info] Eventos iniciados: 0
[2024-11-07 10:41:29] [info] Evento ID: 1, Nombre: Microsoft, Jugadores terminados: 0/0
[2024-11-07 10:41:29] [info] Evento ID: 11, Nombre: Todos Santos, Jugadores terminados: 4/4
[2024-11-07 10:41:32] [info] Iniciando actualización de estados de eventos. Fecha actual: 2024-11-07 10:41:32
[2024-11-07 10:41:32] [info] Eventos finalizados actualizados: 0
[2024-11-07 10:41:32] [info] Jugadores actualizados a terminado: 0
[2024-11-07 10:41:32] [info] Eventos iniciados: 0
[2024-11-07 10:41:32] [info] Evento ID: 1, Nombre: Microsoft, Jugadores terminados: 0/0
[2024-11-07 10:41:32] [info] Evento ID: 11, Nombre: Todos Santos, Jugadores terminados: 4/4
[2024-11-07 10:41:34] [info] Iniciando actualización de estados de eventos. Fecha actual: 2024-11-07 10:41:34
[2024-11-07 10:41:34] [info] Eventos finalizados actualizados: 0
[2024-11-07 10:41:34] [info] Jugadores actualizados a terminado: 0
[2024-11-07 10:41:34] [info] Eventos iniciados: 0
[2024-11-07 10:41:34] [info] Evento ID: 1, Nombre: Microsoft, Jugadores terminados: 0/0
[2024-11-07 10:41:34] [info] Evento ID: 11, Nombre: Todos Santos, Jugadores terminados: 4/4
[2024-11-07 10:41:39] [info] Iniciando actualización de estados de eventos. Fecha actual: 2024-11-07 10:41:39
[2024-11-07 10:41:39] [info] Eventos finalizados actualizados: 0
[2024-11-07 10:41:39] [info] Jugadores actualizados a terminado: 0
[2024-11-07 10:41:39] [info] Eventos iniciados: 0
[2024-11-07 10:41:39] [info] Evento ID: 1, Nombre: Microsoft, Jugadores terminados: 0/0
[2024-11-07 10:41:39] [info] Evento ID: 11, Nombre: Todos Santos, Jugadores terminados: 4/4
[2024-11-07 10:41:48] [info] Iniciando actualización de estados de eventos. Fecha actual: 2024-11-07 10:41:48
[2024-11-07 10:41:48] [info] Eventos finalizados actualizados: 0
[2024-11-07 10:41:48] [info] Jugadores actualizados a terminado: 0
[2024-11-07 10:41:48] [info] Eventos iniciados: 0
[2024-11-07 10:41:48] [info] Evento ID: 1, Nombre: Microsoft Corp, Jugadores terminados: 0/0
[2024-11-07 10:41:48] [info] Evento ID: 11, Nombre: Todos Santos, Jugadores terminados: 4/4
[2024-11-07 10:41:51] [info] Iniciando actualización de estados de eventos. Fecha actual: 2024-11-07 10:41:51
[2024-11-07 10:41:51] [info] Eventos finalizados actualizados: 0
[2024-11-07 10:41:51] [info] Jugadores actualizados a terminado: 0
[2024-11-07 10:41:51] [info] Eventos iniciados: 0
[2024-11-07 10:41:51] [info] Evento ID: 1, Nombre: Microsoft Corp, Jugadores terminados: 0/0
[2024-11-07 10:41:51] [info] Evento ID: 11, Nombre: Todos Santos, Jugadores terminados: 4/4
[2024-11-07 10:42:06] [info] Iniciando actualización de estados de eventos. Fecha actual: 2024-11-07 10:42:06
[2024-11-07 10:42:06] [info] Eventos finalizados actualizados: 0
[2024-11-07 10:42:06] [info] Jugadores actualizados a terminado: 0
[2024-11-07 10:42:06] [info] Eventos iniciados: 0
[2024-11-07 10:42:06] [info] Evento ID: 1, Nombre: Microsoft Corp, Jugadores terminados: 0/0
[2024-11-07 10:42:06] [info] Evento ID: 11, Nombre: Todos Santos, Jugadores terminados: 4/4
[2024-11-07 10:42:21] [info] Iniciando actualización de estados de eventos. Fecha actual: 2024-11-07 10:42:21
[2024-11-07 10:42:21] [info] Eventos finalizados actualizados: 0
[2024-11-07 10:42:21] [info] Jugadores actualizados a terminado: 0
[2024-11-07 10:42:21] [info] Eventos iniciados: 0
[2024-11-07 10:42:21] [info] Evento ID: 1, Nombre: Microsoft Corp, Jugadores terminados: 0/0
[2024-11-07 10:42:21] [info] Evento ID: 11, Nombre: Todos Santos, Jugadores terminados: 4/4
[2024-11-07 10:43:20] [info] Administrador con ID 1 ha iniciado sesión exitosamente
[2024-11-07 10:43:20] [info] Iniciando actualización de estados de eventos. Fecha actual: 2024-11-07 10:43:20
[2024-11-07 10:43:20] [info] Eventos finalizados actualizados: 0
[2024-11-07 10:43:20] [info] Jugadores actualizados a terminado: 0
[2024-11-07 10:43:20] [info] Eventos iniciados: 0
[2024-11-07 10:43:20] [info] Evento ID: 1, Nombre: Microsoft Corp, Jugadores terminados: 0/0
[2024-11-07 10:43:20] [info] Evento ID: 11, Nombre: Todos Santos, Jugadores terminados: 4/4
[2024-11-07 10:43:27] [info] Iniciando actualización de estados de eventos. Fecha actual: 2024-11-07 10:43:27
[2024-11-07 10:43:27] [info] Eventos finalizados actualizados: 0
[2024-11-07 10:43:27] [info] Jugadores actualizados a terminado: 0
[2024-11-07 10:43:27] [info] Eventos iniciados: 0
[2024-11-07 10:43:27] [info] Evento ID: 1, Nombre: Microsoft Corp, Jugadores terminados: 0/0
[2024-11-07 10:43:27] [info] Evento ID: 11, Nombre: Todos Santos, Jugadores terminados: 4/4
[2024-11-07 10:43:35] [info] Iniciando actualización de estados de eventos. Fecha actual: 2024-11-07 10:43:35
[2024-11-07 10:43:35] [info] Eventos finalizados actualizados: 0
[2024-11-07 10:43:35] [info] Jugadores actualizados a terminado: 0
[2024-11-07 10:43:35] [info] Eventos iniciados: 0
[2024-11-07 10:43:35] [info] Evento ID: 1, Nombre: Microsoft Corp, Jugadores terminados: 0/0
[2024-11-07 10:43:35] [info] Evento ID: 11, Nombre: Todos Santos, Jugadores terminados: 4/4
[2024-11-07 10:43:39] [info] Iniciando actualización de estados de eventos. Fecha actual: 2024-11-07 10:43:39
[2024-11-07 10:43:39] [info] Eventos finalizados actualizados: 0
[2024-11-07 10:43:39] [info] Jugadores actualizados a terminado: 0
[2024-11-07 10:43:39] [info] Eventos iniciados: 0
[2024-11-07 10:43:39] [info] Evento ID: 1, Nombre: Microsoft Corp, Jugadores terminados: 0/0
[2024-11-07 10:43:39] [info] Evento ID: 11, Nombre: Todos Santos, Jugadores terminados: 4/4
[2024-11-07 10:44:07] [info] Iniciando actualización de estados de eventos. Fecha actual: 2024-11-07 10:44:07
[2024-11-07 10:44:07] [info] Eventos finalizados actualizados: 0
[2024-11-07 10:44:07] [info] Jugadores actualizados a terminado: 0
[2024-11-07 10:44:07] [info] Eventos iniciados: 0
[2024-11-07 10:44:07] [info] Evento ID: 1, Nombre: Microsoft Corp, Jugadores terminados: 0/0
[2024-11-07 10:44:37] [info] Iniciando actualización de estados de eventos. Fecha actual: 2024-11-07 10:44:37
[2024-11-07 10:44:37] [info] Eventos finalizados actualizados: 0
[2024-11-07 10:44:37] [info] Jugadores actualizados a terminado: 0
[2024-11-07 10:44:37] [info] Eventos iniciados: 0
[2024-11-07 10:44:37] [info] Evento ID: 1, Nombre: Microsoft Corp, Jugadores terminados: 0/0
[2024-11-07 10:45:07] [info] Iniciando actualización de estados de eventos. Fecha actual: 2024-11-07 10:45:07
[2024-11-07 10:45:07] [info] Eventos finalizados actualizados: 0
[2024-11-07 10:45:07] [info] Jugadores actualizados a terminado: 0
[2024-11-07 10:45:07] [info] Eventos iniciados: 0
[2024-11-07 10:45:07] [info] Evento ID: 1, Nombre: Microsoft Corp, Jugadores terminados: 0/0
[2024-11-07 10:45:10] [info] Iniciando actualización de estados de eventos. Fecha actual: 2024-11-07 10:45:10
[2024-11-07 10:45:10] [info] Eventos finalizados actualizados: 0
[2024-11-07 10:45:10] [info] Jugadores actualizados a terminado: 0
[2024-11-07 10:45:10] [info] Eventos iniciados: 0
[2024-11-07 10:45:10] [info] Evento ID: 1, Nombre: Microsoft Corp, Jugadores terminados: 0/0
[2024-11-07 10:45:40] [info] Iniciando actualización de estados de eventos. Fecha actual: 2024-11-07 10:45:40
[2024-11-07 10:45:40] [info] Eventos finalizados actualizados: 0
[2024-11-07 10:45:40] [info] Jugadores actualizados a terminado: 0
[2024-11-07 10:45:40] [info] Eventos iniciados: 0
[2024-11-07 10:45:40] [info] Evento ID: 1, Nombre: Microsoft Corp, Jugadores terminados: 0/0
[2024-11-07 10:45:46] [info] Iniciando actualización de estados de eventos. Fecha actual: 2024-11-07 10:45:46
[2024-11-07 10:45:46] [info] Eventos finalizados actualizados: 0
[2024-11-07 10:45:46] [info] Jugadores actualizados a terminado: 0
[2024-11-07 10:45:46] [info] Eventos iniciados: 0
[2024-11-07 10:45:46] [info] Evento ID: 1, Nombre: Microsoft Corp, Jugadores terminados: 0/0
[2024-11-07 10:45:58] [info] Iniciando actualización de estados de eventos. Fecha actual: 2024-11-07 10:45:58
[2024-11-07 10:45:58] [info] Eventos finalizados actualizados: 0
[2024-11-07 10:45:58] [info] Jugadores actualizados a terminado: 0
[2024-11-07 10:45:58] [info] Eventos iniciados: 0
[2024-11-07 10:45:58] [info] Evento ID: 1, Nombre: Microsoft Corp, Jugadores terminados: 0/0
[2024-11-07 10:46:28] [info] Iniciando actualización de estados de eventos. Fecha actual: 2024-11-07 10:46:28
[2024-11-07 10:46:28] [info] Eventos finalizados actualizados: 0
[2024-11-07 10:46:28] [info] Jugadores actualizados a terminado: 0
[2024-11-07 10:46:28] [info] Eventos iniciados: 0
[2024-11-07 10:46:28] [info] Evento ID: 1, Nombre: Microsoft Corp, Jugadores terminados: 0/0
[2024-11-07 10:46:59] [info] Iniciando actualización de estados de eventos. Fecha actual: 2024-11-07 10:46:59
[2024-11-07 10:46:59] [info] Eventos finalizados actualizados: 0
[2024-11-07 10:46:59] [info] Jugadores actualizados a terminado: 0
[2024-11-07 10:46:59] [info] Eventos iniciados: 0
[2024-11-07 10:46:59] [info] Evento ID: 1, Nombre: Microsoft Corp, Jugadores terminados: 0/0
[2024-11-07 10:47:30] [info] Iniciando actualización de estados de eventos. Fecha actual: 2024-11-07 10:47:30
[2024-11-07 10:47:30] [info] Eventos finalizados actualizados: 0
[2024-11-07 10:47:30] [info] Jugadores actualizados a terminado: 0
[2024-11-07 10:47:30] [info] Eventos iniciados: 0
[2024-11-07 10:47:30] [info] Evento ID: 1, Nombre: Microsoft Corp, Jugadores terminados: 0/0
[2024-11-07 10:48:01] [info] Iniciando actualización de estados de eventos. Fecha actual: 2024-11-07 10:48:01
[2024-11-07 10:48:01] [info] Eventos finalizados actualizados: 0
[2024-11-07 10:48:01] [info] Jugadores actualizados a terminado: 0
[2024-11-07 10:48:01] [info] Eventos iniciados: 0
[2024-11-07 10:48:01] [info] Evento ID: 1, Nombre: Microsoft Corp, Jugadores terminados: 0/0
[2024-11-07 10:48:32] [info] Iniciando actualización de estados de eventos. Fecha actual: 2024-11-07 10:48:32
[2024-11-07 10:48:32] [info] Eventos finalizados actualizados: 0
[2024-11-07 10:48:32] [info] Jugadores actualizados a terminado: 0
[2024-11-07 10:48:32] [info] Eventos iniciados: 0
[2024-11-07 10:48:32] [info] Evento ID: 1, Nombre: Microsoft Corp, Jugadores terminados: 0/0
[2024-11-07 10:49:03] [info] Iniciando actualización de estados de eventos. Fecha actual: 2024-11-07 10:49:03
[2024-11-07 10:49:03] [info] Eventos finalizados actualizados: 0
[2024-11-07 10:49:03] [info] Jugadores actualizados a terminado: 0
[2024-11-07 10:49:03] [info] Eventos iniciados: 0
[2024-11-07 10:49:03] [info] Evento ID: 1, Nombre: Microsoft Corp, Jugadores terminados: 0/0
[2024-11-07 10:49:34] [info] Iniciando actualización de estados de eventos. Fecha actual: 2024-11-07 10:49:34
[2024-11-07 10:49:34] [info] Eventos finalizados actualizados: 0
[2024-11-07 10:49:34] [info] Jugadores actualizados a terminado: 0
[2024-11-07 10:49:34] [info] Eventos iniciados: 0
[2024-11-07 10:49:34] [info] Evento ID: 1, Nombre: Microsoft Corp, Jugadores terminados: 0/0
[2024-11-07 10:50:05] [info] Iniciando actualización de estados de eventos. Fecha actual: 2024-11-07 10:50:05
[2024-11-07 10:50:05] [info] Eventos finalizados actualizados: 0
[2024-11-07 10:50:05] [info] Jugadores actualizados a terminado: 0
[2024-11-07 10:50:05] [info] Eventos iniciados: 0
[2024-11-07 10:50:05] [info] Evento ID: 1, Nombre: Microsoft Corp, Jugadores terminados: 0/0
[2024-11-07 10:50:36] [info] Iniciando actualización de estados de eventos. Fecha actual: 2024-11-07 10:50:36
[2024-11-07 10:50:36] [info] Eventos finalizados actualizados: 0
[2024-11-07 10:50:36] [info] Jugadores actualizados a terminado: 0
[2024-11-07 10:50:36] [info] Eventos iniciados: 0
[2024-11-07 10:50:36] [info] Evento ID: 1, Nombre: Microsoft Corp, Jugadores terminados: 0/0
[2024-11-07 10:51:07] [info] Iniciando actualización de estados de eventos. Fecha actual: 2024-11-07 10:51:07
[2024-11-07 10:51:07] [info] Eventos finalizados actualizados: 0
[2024-11-07 10:51:07] [info] Jugadores actualizados a terminado: 0
[2024-11-07 10:51:07] [info] Eventos iniciados: 0
[2024-11-07 10:51:07] [info] Evento ID: 1, Nombre: Microsoft Corp, Jugadores terminados: 0/0
[2024-11-07 10:51:38] [info] Iniciando actualización de estados de eventos. Fecha actual: 2024-11-07 10:51:38
[2024-11-07 10:51:38] [info] Eventos finalizados actualizados: 0
[2024-11-07 10:51:38] [info] Jugadores actualizados a terminado: 0
[2024-11-07 10:51:38] [info] Eventos iniciados: 0
[2024-11-07 10:51:38] [info] Evento ID: 1, Nombre: Microsoft Corp, Jugadores terminados: 0/0
[2024-11-07 10:52:09] [info] Iniciando actualización de estados de eventos. Fecha actual: 2024-11-07 10:52:09
[2024-11-07 10:52:09] [info] Eventos finalizados actualizados: 0
[2024-11-07 10:52:09] [info] Jugadores actualizados a terminado: 0
[2024-11-07 10:52:09] [info] Eventos iniciados: 0
[2024-11-07 10:52:09] [info] Evento ID: 1, Nombre: Microsoft Corp, Jugadores terminados: 0/0
[2024-11-07 10:52:40] [info] Iniciando actualización de estados de eventos. Fecha actual: 2024-11-07 10:52:40
[2024-11-07 10:52:40] [info] Eventos finalizados actualizados: 0
[2024-11-07 10:52:40] [info] Jugadores actualizados a terminado: 0
[2024-11-07 10:52:40] [info] Eventos iniciados: 0
[2024-11-07 10:52:40] [info] Evento ID: 1, Nombre: Microsoft Corp, Jugadores terminados: 0/0
[2024-11-07 10:52:54] [info] Iniciando actualización de estados de eventos. Fecha actual: 2024-11-07 10:52:54
[2024-11-07 10:52:54] [info] Eventos finalizados actualizados: 0
[2024-11-07 10:52:54] [info] Jugadores actualizados a terminado: 0
[2024-11-07 10:52:54] [info] Eventos iniciados: 0
[2024-11-07 10:52:54] [info] Evento ID: 1, Nombre: Microsoft Corp, Jugadores terminados: 0/0
[2024-11-07 10:52:56] [info] Iniciando actualización de estados de eventos. Fecha actual: 2024-11-07 10:52:56
[2024-11-07 10:52:56] [info] Eventos finalizados actualizados: 0
[2024-11-07 10:52:56] [info] Jugadores actualizados a terminado: 0
[2024-11-07 10:52:56] [info] Eventos iniciados: 0
[2024-11-07 10:52:56] [info] Evento ID: 1, Nombre: Microsoft Corp, Jugadores terminados: 0/0
[2024-11-07 10:53:26] [info] Iniciando actualización de estados de eventos. Fecha actual: 2024-11-07 10:53:26
[2024-11-07 10:53:26] [info] Eventos finalizados actualizados: 0
[2024-11-07 10:53:26] [info] Jugadores actualizados a terminado: 0
[2024-11-07 10:53:26] [info] Eventos iniciados: 0
[2024-11-07 10:53:26] [info] Evento ID: 1, Nombre: Microsoft Corp, Jugadores terminados: 0/0
[2024-11-07 10:53:57] [info] Iniciando actualización de estados de eventos. Fecha actual: 2024-11-07 10:53:57
[2024-11-07 10:53:57] [info] Eventos finalizados actualizados: 0
[2024-11-07 10:53:57] [info] Jugadores actualizados a terminado: 0
[2024-11-07 10:53:57] [info] Eventos iniciados: 0
[2024-11-07 10:53:57] [info] Evento ID: 1, Nombre: Microsoft Corp, Jugadores terminados: 0/0
[2024-11-07 10:54:07] [info] Iniciando actualización de estados de eventos. Fecha actual: 2024-11-07 10:54:07
[2024-11-07 10:54:07] [info] Eventos finalizados actualizados: 0
[2024-11-07 10:54:07] [info] Jugadores actualizados a terminado: 0
[2024-11-07 10:54:07] [info] Eventos iniciados: 0
[2024-11-07 10:54:07] [info] Evento ID: 1, Nombre: Microsoft Corp, Jugadores terminados: 0/0
[2024-11-07 10:54:10] [info] Iniciando actualización de estados de eventos. Fecha actual: 2024-11-07 10:54:10
[2024-11-07 10:54:10] [info] Eventos finalizados actualizados: 0
[2024-11-07 10:54:10] [info] Jugadores actualizados a terminado: 0
[2024-11-07 10:54:10] [info] Eventos iniciados: 0
[2024-11-07 10:54:10] [info] Evento ID: 1, Nombre: Microsoft Corp, Jugadores terminados: 0/0
[2024-11-07 10:54:11] [info] Iniciando actualización de estados de eventos. Fecha actual: 2024-11-07 10:54:11
[2024-11-07 10:54:11] [info] Eventos finalizados actualizados: 0
[2024-11-07 10:54:11] [info] Jugadores actualizados a terminado: 0
[2024-11-07 10:54:11] [info] Eventos iniciados: 0
[2024-11-07 10:54:11] [info] Evento ID: 1, Nombre: Microsoft Corp, Jugadores terminados: 0/0
[2024-11-07 10:54:38] [info] Iniciando actualización de estados de eventos. Fecha actual: 2024-11-07 10:54:38
[2024-11-07 10:54:38] [info] Eventos finalizados actualizados: 0
[2024-11-07 10:54:38] [info] Jugadores actualizados a terminado: 0
[2024-11-07 10:54:38] [info] Eventos iniciados: 0
[2024-11-07 10:54:38] [info] Evento ID: 1, Nombre: Microsoft Corp, Jugadores terminados: 0/0
[2024-11-07 10:54:41] [info] Iniciando actualización de estados de eventos. Fecha actual: 2024-11-07 10:54:41
[2024-11-07 10:54:41] [info] Eventos finalizados actualizados: 0
[2024-11-07 10:54:41] [info] Jugadores actualizados a terminado: 0
[2024-11-07 10:54:41] [info] Eventos iniciados: 0
[2024-11-07 10:54:41] [info] Evento ID: 1, Nombre: Microsoft Corp, Jugadores terminados: 0/0
[2024-11-07 10:54:42] [info] Iniciando actualización de estados de eventos. Fecha actual: 2024-11-07 10:54:42
[2024-11-07 10:54:42] [info] Eventos finalizados actualizados: 0
[2024-11-07 10:54:42] [info] Jugadores actualizados a terminado: 0
[2024-11-07 10:54:42] [info] Eventos iniciados: 0
[2024-11-07 10:54:42] [info] Evento ID: 1, Nombre: Microsoft Corp, Jugadores terminados: 0/0
[2024-11-07 10:55:12] [info] Iniciando actualización de estados de eventos. Fecha actual: 2024-11-07 10:55:12
[2024-11-07 10:55:12] [info] Eventos finalizados actualizados: 0
[2024-11-07 10:55:12] [info] Jugadores actualizados a terminado: 0
[2024-11-07 10:55:12] [info] Eventos iniciados: 0
[2024-11-07 10:55:12] [info] Evento ID: 1, Nombre: Microsoft Corp, Jugadores terminados: 0/0
[2024-11-07 10:55:43] [info] Iniciando actualización de estados de eventos. Fecha actual: 2024-11-07 10:55:43
[2024-11-07 10:55:43] [info] Eventos finalizados actualizados: 0
[2024-11-07 10:55:43] [info] Jugadores actualizados a terminado: 0
[2024-11-07 10:55:43] [info] Eventos iniciados: 0
[2024-11-07 10:55:43] [info] Evento ID: 1, Nombre: Microsoft Corp, Jugadores terminados: 0/0
[2024-11-07 10:56:14] [info] Iniciando actualización de estados de eventos. Fecha actual: 2024-11-07 10:56:14
[2024-11-07 10:56:14] [info] Eventos finalizados actualizados: 0
[2024-11-07 10:56:14] [info] Jugadores actualizados a terminado: 0
[2024-11-07 10:56:14] [info] Eventos iniciados: 0
[2024-11-07 10:56:14] [info] Evento ID: 1, Nombre: Microsoft Corp, Jugadores terminados: 0/0
[2024-11-07 10:56:44] [info] Iniciando actualización de estados de eventos. Fecha actual: 2024-11-07 10:56:44
[2024-11-07 10:56:44] [info] Eventos finalizados actualizados: 0
[2024-11-07 10:56:44] [info] Jugadores actualizados a terminado: 0
[2024-11-07 10:56:44] [info] Eventos iniciados: 0
[2024-11-07 10:56:44] [info] Evento ID: 1, Nombre: Microsoft Corp, Jugadores terminados: 0/0
[2024-11-07 10:56:49] [info] Iniciando actualización de estados de eventos. Fecha actual: 2024-11-07 10:56:49
[2024-11-07 10:56:49] [info] Eventos finalizados actualizados: 0
[2024-11-07 10:56:49] [info] Jugadores actualizados a terminado: 0
[2024-11-07 10:56:49] [info] Eventos iniciados: 0
[2024-11-07 10:56:49] [info] Evento ID: 1, Nombre: Microsoft Corp, Jugadores terminados: 0/0
[2024-11-07 10:56:51] [info] Iniciando actualización de estados de eventos. Fecha actual: 2024-11-07 10:56:51
[2024-11-07 10:56:51] [info] Eventos finalizados actualizados: 0
[2024-11-07 10:56:51] [info] Jugadores actualizados a terminado: 0
[2024-11-07 10:56:51] [info] Eventos iniciados: 0
[2024-11-07 10:56:51] [info] Evento ID: 1, Nombre: Microsoft Corp, Jugadores terminados: 0/0
[2024-11-07 10:57:21] [info] Iniciando actualización de estados de eventos. Fecha actual: 2024-11-07 10:57:21
[2024-11-07 10:57:21] [info] Eventos finalizados actualizados: 0
[2024-11-07 10:57:21] [info] Jugadores actualizados a terminado: 0
[2024-11-07 10:57:21] [info] Eventos iniciados: 0
[2024-11-07 10:57:21] [info] Evento ID: 1, Nombre: Microsoft Corp, Jugadores terminados: 0/0
[2024-11-07 10:57:52] [info] Iniciando actualización de estados de eventos. Fecha actual: 2024-11-07 10:57:52
[2024-11-07 10:57:52] [info] Eventos finalizados actualizados: 0
[2024-11-07 10:57:52] [info] Jugadores actualizados a terminado: 0
[2024-11-07 10:57:52] [info] Eventos iniciados: 0
[2024-11-07 10:57:52] [info] Evento ID: 1, Nombre: Microsoft Corp, Jugadores terminados: 0/0
[2024-11-07 10:58:23] [info] Iniciando actualización de estados de eventos. Fecha actual: 2024-11-07 10:58:23
[2024-11-07 10:58:23] [info] Eventos finalizados actualizados: 0
[2024-11-07 10:58:23] [info] Jugadores actualizados a terminado: 0
[2024-11-07 10:58:23] [info] Eventos iniciados: 0
[2024-11-07 10:58:23] [info] Evento ID: 1, Nombre: Microsoft Corp, Jugadores terminados: 0/0
[2024-11-07 10:58:54] [info] Iniciando actualización de estados de eventos. Fecha actual: 2024-11-07 10:58:54
[2024-11-07 10:58:54] [info] Eventos finalizados actualizados: 0
[2024-11-07 10:58:54] [info] Jugadores actualizados a terminado: 0
[2024-11-07 10:58:54] [info] Eventos iniciados: 0
[2024-11-07 10:58:54] [info] Evento ID: 1, Nombre: Microsoft Corp, Jugadores terminados: 0/0
[2024-11-07 10:59:18] [info] Iniciando actualización de estados de eventos. Fecha actual: 2024-11-07 10:59:18
[2024-11-07 10:59:18] [info] Eventos finalizados actualizados: 0
[2024-11-07 10:59:18] [info] Jugadores actualizados a terminado: 0
[2024-11-07 10:59:18] [info] Eventos iniciados: 0
[2024-11-07 10:59:18] [info] Evento ID: 1, Nombre: Microsoft Corp, Jugadores terminados: 0/0
[2024-11-07 10:59:41] [info] Iniciando actualización de estados de eventos. Fecha actual: 2024-11-07 10:59:41
[2024-11-07 10:59:41] [info] Eventos finalizados actualizados: 0
[2024-11-07 10:59:41] [info] Jugadores actualizados a terminado: 0
[2024-11-07 10:59:41] [info] Eventos iniciados: 0
[2024-11-07 10:59:41] [info] Evento ID: 1, Nombre: Microsoft Corp, Jugadores terminados: 0/0
[2024-11-07 10:59:42] [info] Iniciando actualización de estados de eventos. Fecha actual: 2024-11-07 10:59:42
[2024-11-07 10:59:42] [info] Eventos finalizados actualizados: 0
[2024-11-07 10:59:42] [info] Jugadores actualizados a terminado: 0
[2024-11-07 10:59:42] [info] Eventos iniciados: 0
[2024-11-07 10:59:42] [info] Evento ID: 1, Nombre: Microsoft Corp, Jugadores terminados: 0/0
[2024-11-07 10:59:49] [info] Iniciando actualización de estados de eventos. Fecha actual: 2024-11-07 10:59:49
[2024-11-07 10:59:49] [info] Eventos finalizados actualizados: 0
[2024-11-07 10:59:49] [info] Jugadores actualizados a terminado: 0
[2024-11-07 10:59:49] [info] Eventos iniciados: 0
[2024-11-07 10:59:49] [info] Evento ID: 1, Nombre: Microsoft Corp, Jugadores terminados: 0/0
[2024-11-07 10:59:58] [info] Iniciando actualización de estados de eventos. Fecha actual: 2024-11-07 10:59:58
[2024-11-07 10:59:58] [info] Eventos finalizados actualizados: 0
[2024-11-07 10:59:58] [info] Jugadores actualizados a terminado: 0
[2024-11-07 10:59:58] [info] Eventos iniciados: 0
[2024-11-07 10:59:58] [info] Evento ID: 1, Nombre: Microsoft Corp, Jugadores terminados: 0/0
[2024-11-07 11:00:00] [info] Iniciando actualización de estados de eventos. Fecha actual: 2024-11-07 11:00:00
[2024-11-07 11:00:00] [info] Eventos finalizados actualizados: 1
[2024-11-07 11:00:00] [info] Jugadores actualizados a terminado: 0
[2024-11-07 11:00:00] [info] Eventos iniciados: 0
[2024-11-07 11:00:00] [info] Evento ID: 1, Nombre: Microsoft Corp, Jugadores terminados: 0/0
[2024-11-07 11:00:00] [info] Evento ID: 11, Nombre: Todos Santos, Jugadores terminados: 6/6
[2024-11-07 11:00:36] [info] Iniciando actualización de estados de eventos. Fecha actual: 2024-11-07 11:00:36
[2024-11-07 11:00:36] [info] Eventos finalizados actualizados: 0
[2024-11-07 11:00:36] [info] Jugadores actualizados a terminado: 0
[2024-11-07 11:00:36] [info] Eventos iniciados: 0
[2024-11-07 11:00:36] [info] Evento ID: 1, Nombre: Microsoft Corp, Jugadores terminados: 0/0
[2024-11-07 11:00:36] [info] Evento ID: 11, Nombre: Todos Santos, Jugadores terminados: 6/6
[2024-11-07 11:00:41] [info] Iniciando actualización de estados de eventos. Fecha actual: 2024-11-07 11:00:41
[2024-11-07 11:00:41] [info] Eventos finalizados actualizados: 0
[2024-11-07 11:00:41] [info] Jugadores actualizados a terminado: 0
[2024-11-07 11:00:41] [info] Eventos iniciados: 0
[2024-11-07 11:00:41] [info] Evento ID: 1, Nombre: Microsoft Corp, Jugadores terminados: 0/0
[2024-11-07 11:00:41] [info] Evento ID: 11, Nombre: Todos Santos, Jugadores terminados: 6/6
[2024-11-07 11:01:11] [info] Iniciando actualización de estados de eventos. Fecha actual: 2024-11-07 11:01:11
[2024-11-07 11:01:11] [info] Eventos finalizados actualizados: 0
[2024-11-07 11:01:11] [info] Jugadores actualizados a terminado: 0
[2024-11-07 11:01:11] [info] Eventos iniciados: 0
[2024-11-07 11:01:11] [info] Evento ID: 1, Nombre: Microsoft Corp, Jugadores terminados: 0/0
[2024-11-07 11:01:11] [info] Evento ID: 11, Nombre: Todos Santos, Jugadores terminados: 6/6
[2024-11-07 23:16:18] [info] Administrador con ID 1 ha iniciado sesión exitosamente
[2024-11-07 23:16:19] [info] Iniciando actualización de estados de eventos. Fecha actual: 2024-11-07 23:16:19
[2024-11-07 23:16:19] [info] Eventos finalizados actualizados: 0
[2024-11-07 23:16:19] [info] Jugadores actualizados a terminado: 0
[2024-11-07 23:16:19] [info] Eventos iniciados: 0
[2024-11-07 23:16:19] [info] Evento ID: 1, Nombre: Microsoft Corp, Jugadores terminados: 0/0
[2024-11-07 23:16:19] [info] Evento ID: 11, Nombre: Todos Santos, Jugadores terminados: 6/6
[2024-11-07 23:16:50] [info] Iniciando actualización de estados de eventos. Fecha actual: 2024-11-07 23:16:50
[2024-11-07 23:16:50] [info] Eventos finalizados actualizados: 0
[2024-11-07 23:16:50] [info] Jugadores actualizados a terminado: 0
[2024-11-07 23:16:50] [info] Eventos iniciados: 0
[2024-11-07 23:16:50] [info] Evento ID: 1, Nombre: Microsoft Corp, Jugadores terminados: 0/0
[2024-11-07 23:16:50] [info] Evento ID: 11, Nombre: Todos Santos, Jugadores terminados: 6/6
[2024-11-07 23:17:20] [info] Iniciando actualización de estados de eventos. Fecha actual: 2024-11-07 23:17:20
[2024-11-07 23:17:20] [info] Eventos finalizados actualizados: 0
[2024-11-07 23:17:20] [info] Jugadores actualizados a terminado: 0
[2024-11-07 23:17:20] [info] Eventos iniciados: 0
[2024-11-07 23:17:20] [info] Evento ID: 1, Nombre: Microsoft Corp, Jugadores terminados: 0/0
[2024-11-07 23:17:20] [info] Evento ID: 11, Nombre: Todos Santos, Jugadores terminados: 6/6
[2024-11-07 23:17:50] [info] Iniciando actualización de estados de eventos. Fecha actual: 2024-11-07 23:17:50
[2024-11-07 23:17:50] [info] Eventos finalizados actualizados: 0
[2024-11-07 23:17:50] [info] Jugadores actualizados a terminado: 0
[2024-11-07 23:17:50] [info] Eventos iniciados: 0
[2024-11-07 23:17:50] [info] Evento ID: 1, Nombre: Microsoft Corp, Jugadores terminados: 0/0
[2024-11-07 23:17:50] [info] Evento ID: 11, Nombre: Todos Santos, Jugadores terminados: 6/6
[2024-11-07 23:17:56] [info] Iniciando actualización de estados de eventos. Fecha actual: 2024-11-07 23:17:56
[2024-11-07 23:17:56] [info] Eventos finalizados actualizados: 0
[2024-11-07 23:17:56] [info] Jugadores actualizados a terminado: 0
[2024-11-07 23:17:56] [info] Eventos iniciados: 0
[2024-11-07 23:17:56] [info] Evento ID: 1, Nombre: Microsoft Corp, Jugadores terminados: 0/0
[2024-11-07 23:17:56] [info] Evento ID: 11, Nombre: Todos Santos, Jugadores terminados: 6/6
[2024-11-07 23:17:58] [info] Iniciando actualización de estados de eventos. Fecha actual: 2024-11-07 23:17:58
[2024-11-07 23:17:58] [info] Eventos finalizados actualizados: 0
[2024-11-07 23:17:58] [info] Jugadores actualizados a terminado: 0
[2024-11-07 23:17:58] [info] Eventos iniciados: 1
[2024-11-07 23:17:58] [info] Evento ID: 1, Nombre: Microsoft Corp, Jugadores terminados: 0/0
[2024-11-07 23:17:58] [info] Evento ID: 11, Nombre: Todos Santos, Jugadores terminados: 6/6
[2024-11-07 23:18:28] [info] Iniciando actualización de estados de eventos. Fecha actual: 2024-11-07 23:18:28
[2024-11-07 23:18:28] [info] Eventos finalizados actualizados: 0
[2024-11-07 23:18:28] [info] Jugadores actualizados a terminado: 0
[2024-11-07 23:18:28] [info] Eventos iniciados: 0
[2024-11-07 23:18:28] [info] Evento ID: 1, Nombre: Microsoft Corp, Jugadores terminados: 0/0
[2024-11-07 23:18:28] [info] Evento ID: 11, Nombre: Todos Santos, Jugadores terminados: 6/6
[2024-11-07 23:18:58] [info] Iniciando actualización de estados de eventos. Fecha actual: 2024-11-07 23:18:58
[2024-11-07 23:18:58] [info] Eventos finalizados actualizados: 0
[2024-11-07 23:18:58] [info] Jugadores actualizados a terminado: 0
[2024-11-07 23:18:58] [info] Eventos iniciados: 0
[2024-11-07 23:18:58] [info] Evento ID: 1, Nombre: Microsoft Corp, Jugadores terminados: 0/0
[2024-11-07 23:18:58] [info] Evento ID: 11, Nombre: Todos Santos, Jugadores terminados: 6/6
[2024-11-07 23:19:28] [info] Iniciando actualización de estados de eventos. Fecha actual: 2024-11-07 23:19:28
[2024-11-07 23:19:28] [info] Eventos finalizados actualizados: 0
[2024-11-07 23:19:28] [info] Jugadores actualizados a terminado: 0
[2024-11-07 23:19:28] [info] Eventos iniciados: 0
[2024-11-07 23:19:28] [info] Evento ID: 1, Nombre: Microsoft Corp, Jugadores terminados: 0/0
[2024-11-07 23:19:28] [info] Evento ID: 11, Nombre: Todos Santos, Jugadores terminados: 6/6
[2024-11-07 23:19:58] [info] Iniciando actualización de estados de eventos. Fecha actual: 2024-11-07 23:19:58
[2024-11-07 23:19:58] [info] Eventos finalizados actualizados: 0
[2024-11-07 23:19:58] [info] Jugadores actualizados a terminado: 0
[2024-11-07 23:19:58] [info] Eventos iniciados: 0
[2024-11-07 23:19:58] [info] Evento ID: 1, Nombre: Microsoft Corp, Jugadores terminados: 0/0
[2024-11-07 23:19:58] [info] Evento ID: 11, Nombre: Todos Santos, Jugadores terminados: 6/6
[2024-11-07 23:20:28] [info] Iniciando actualización de estados de eventos. Fecha actual: 2024-11-07 23:20:28
[2024-11-07 23:20:28] [info] Eventos finalizados actualizados: 0
[2024-11-07 23:20:28] [info] Jugadores actualizados a terminado: 0
[2024-11-07 23:20:28] [info] Eventos iniciados: 0
[2024-11-07 23:20:28] [info] Evento ID: 1, Nombre: Microsoft Corp, Jugadores terminados: 0/0
[2024-11-07 23:20:28] [info] Evento ID: 11, Nombre: Todos Santos, Jugadores terminados: 6/6
[2024-11-07 23:20:55] [info] Iniciando actualización de estados de eventos. Fecha actual: 2024-11-07 23:20:55
[2024-11-07 23:20:55] [info] Eventos finalizados actualizados: 0
[2024-11-07 23:20:55] [info] Jugadores actualizados a terminado: 0
[2024-11-07 23:20:55] [info] Eventos iniciados: 0
[2024-11-07 23:20:55] [info] Evento ID: 1, Nombre: Microsoft Corp, Jugadores terminados: 0/0
[2024-11-07 23:20:55] [info] Evento ID: 11, Nombre: Todos Santos, Jugadores terminados: 6/6
[2024-11-07 23:21:21] [info] Administrador con ID 1 ha iniciado sesión exitosamente
[2024-11-07 23:21:21] [info] Iniciando actualización de estados de eventos. Fecha actual: 2024-11-07 23:21:21
[2024-11-07 23:21:21] [info] Eventos finalizados actualizados: 0
[2024-11-07 23:21:21] [info] Jugadores actualizados a terminado: 0
[2024-11-07 23:21:21] [info] Eventos iniciados: 0
[2024-11-07 23:21:21] [info] Evento ID: 1, Nombre: Microsoft Corp, Jugadores terminados: 0/0
[2024-11-07 23:21:21] [info] Evento ID: 11, Nombre: Todos Santos, Jugadores terminados: 6/6
[2024-11-07 23:21:23] [info] Iniciando actualización de estados de eventos. Fecha actual: 2024-11-07 23:21:23
[2024-11-07 23:21:23] [info] Eventos finalizados actualizados: 0
[2024-11-07 23:21:23] [info] Jugadores actualizados a terminado: 0
[2024-11-07 23:21:23] [info] Eventos iniciados: 0
[2024-11-07 23:21:23] [info] Evento ID: 1, Nombre: Microsoft Corp, Jugadores terminados: 0/0
[2024-11-07 23:21:23] [info] Evento ID: 11, Nombre: Todos Santos, Jugadores terminados: 6/6
[2024-11-07 23:21:24] [info] Iniciando actualización de estados de eventos. Fecha actual: 2024-11-07 23:21:24
[2024-11-07 23:21:24] [info] Eventos finalizados actualizados: 0
[2024-11-07 23:21:24] [info] Jugadores actualizados a terminado: 0
[2024-11-07 23:21:24] [info] Eventos iniciados: 1
[2024-11-07 23:21:24] [info] Evento ID: 1, Nombre: Microsoft Corp, Jugadores terminados: 0/0
[2024-11-07 23:21:24] [info] Evento ID: 11, Nombre: Todos Santos, Jugadores terminados: 6/6
[2024-11-07 23:21:25] [info] Iniciando actualización de estados de eventos. Fecha actual: 2024-11-07 23:21:25
[2024-11-07 23:21:25] [info] Eventos finalizados actualizados: 0
[2024-11-07 23:21:25] [info] Jugadores actualizados a terminado: 0
[2024-11-07 23:21:25] [info] Eventos iniciados: 0
[2024-11-07 23:21:25] [info] Evento ID: 1, Nombre: Microsoft Corp, Jugadores terminados: 0/0
[2024-11-07 23:21:25] [info] Evento ID: 11, Nombre: Todos Santos, Jugadores terminados: 6/6
[2024-11-07 23:21:55] [info] Iniciando actualización de estados de eventos. Fecha actual: 2024-11-07 23:21:55
[2024-11-07 23:21:55] [info] Eventos finalizados actualizados: 0
[2024-11-07 23:21:55] [info] Jugadores actualizados a terminado: 0
[2024-11-07 23:21:55] [info] Eventos iniciados: 0
[2024-11-07 23:21:55] [info] Evento ID: 1, Nombre: Microsoft Corp, Jugadores terminados: 0/0
[2024-11-07 23:21:55] [info] Evento ID: 11, Nombre: Todos Santos, Jugadores terminados: 6/6
[2024-11-07 23:22:26] [info] Iniciando actualización de estados de eventos. Fecha actual: 2024-11-07 23:22:26
[2024-11-07 23:22:26] [info] Eventos finalizados actualizados: 0
[2024-11-07 23:22:26] [info] Jugadores actualizados a terminado: 0
[2024-11-07 23:22:26] [info] Eventos iniciados: 0
[2024-11-07 23:22:26] [info] Evento ID: 1, Nombre: Microsoft Corp, Jugadores terminados: 0/0
[2024-11-07 23:22:26] [info] Evento ID: 11, Nombre: Todos Santos, Jugadores terminados: 6/6
[2024-11-07 23:22:57] [info] Iniciando actualización de estados de eventos. Fecha actual: 2024-11-07 23:22:57
[2024-11-07 23:22:57] [info] Eventos finalizados actualizados: 0
[2024-11-07 23:22:57] [info] Jugadores actualizados a terminado: 0
[2024-11-07 23:22:57] [info] Eventos iniciados: 0
[2024-11-07 23:22:57] [info] Evento ID: 1, Nombre: Microsoft Corp, Jugadores terminados: 0/0
[2024-11-07 23:22:57] [info] Evento ID: 11, Nombre: Todos Santos, Jugadores terminados: 6/6
[2024-11-07 23:23:28] [info] Iniciando actualización de estados de eventos. Fecha actual: 2024-11-07 23:23:28
[2024-11-07 23:23:28] [info] Eventos finalizados actualizados: 0
[2024-11-07 23:23:28] [info] Jugadores actualizados a terminado: 0
[2024-11-07 23:23:28] [info] Eventos iniciados: 0
[2024-11-07 23:23:28] [info] Evento ID: 1, Nombre: Microsoft Corp, Jugadores terminados: 0/0
[2024-11-07 23:23:28] [info] Evento ID: 11, Nombre: Todos Santos, Jugadores terminados: 6/6
[2024-11-07 23:23:58] [info] Iniciando actualización de estados de eventos. Fecha actual: 2024-11-07 23:23:58
[2024-11-07 23:23:58] [info] Eventos finalizados actualizados: 0
[2024-11-07 23:23:58] [info] Jugadores actualizados a terminado: 0
[2024-11-07 23:23:58] [info] Eventos iniciados: 0
[2024-11-07 23:23:58] [info] Evento ID: 1, Nombre: Microsoft Corp, Jugadores terminados: 0/0
[2024-11-07 23:23:58] [info] Evento ID: 11, Nombre: Todos Santos, Jugadores terminados: 6/6
[2024-11-07 23:24:15] [info] Iniciando actualización de estados de eventos. Fecha actual: 2024-11-07 23:24:15
[2024-11-07 23:24:15] [info] Eventos finalizados actualizados: 0
[2024-11-07 23:24:15] [info] Jugadores actualizados a terminado: 0
[2024-11-07 23:24:15] [info] Eventos iniciados: 0
[2024-11-07 23:24:15] [info] Evento ID: 1, Nombre: Microsoft Corp, Jugadores terminados: 0/0
[2024-11-07 23:24:15] [info] Evento ID: 11, Nombre: Todos Santos, Jugadores terminados: 6/6
[2024-11-07 23:24:16] [info] Iniciando actualización de estados de eventos. Fecha actual: 2024-11-07 23:24:16
[2024-11-07 23:24:16] [info] Eventos finalizados actualizados: 0
[2024-11-07 23:24:16] [info] Jugadores actualizados a terminado: 0
[2024-11-07 23:24:16] [info] Eventos iniciados: 0
[2024-11-07 23:24:16] [info] Evento ID: 1, Nombre: Microsoft Corp, Jugadores terminados: 0/0
[2024-11-07 23:24:16] [info] Evento ID: 11, Nombre: Todos Santos, Jugadores terminados: 6/6
[2024-11-07 23:24:17] [info] Iniciando actualización de estados de eventos. Fecha actual: 2024-11-07 23:24:17
[2024-11-07 23:24:17] [info] Eventos finalizados actualizados: 0
[2024-11-07 23:24:17] [info] Jugadores actualizados a terminado: 0
[2024-11-07 23:24:17] [info] Eventos iniciados: 0
[2024-11-07 23:24:17] [info] Evento ID: 1, Nombre: Microsoft Corp, Jugadores terminados: 0/0
[2024-11-07 23:24:17] [info] Evento ID: 11, Nombre: Todos Santos, Jugadores terminados: 6/6
[2024-11-07 23:24:48] [info] Iniciando actualización de estados de eventos. Fecha actual: 2024-11-07 23:24:48
[2024-11-07 23:24:48] [info] Eventos finalizados actualizados: 0
[2024-11-07 23:24:48] [info] Jugadores actualizados a terminado: 0
[2024-11-07 23:24:48] [info] Eventos iniciados: 0
[2024-11-07 23:24:48] [info] Evento ID: 1, Nombre: Microsoft Corp, Jugadores terminados: 0/0
[2024-11-07 23:24:48] [info] Evento ID: 11, Nombre: Todos Santos, Jugadores terminados: 6/6
[2024-11-07 23:24:53] [info] Iniciando actualización de estados de eventos. Fecha actual: 2024-11-07 23:24:53
[2024-11-07 23:24:53] [info] Eventos finalizados actualizados: 0
[2024-11-07 23:24:53] [info] Jugadores actualizados a terminado: 0
[2024-11-07 23:24:53] [info] Eventos iniciados: 0
[2024-11-07 23:24:53] [info] Evento ID: 1, Nombre: Microsoft Corp, Jugadores terminados: 0/0
[2024-11-07 23:24:53] [info] Evento ID: 11, Nombre: Todos Santos, Jugadores terminados: 6/6
[2024-11-07 23:24:55] [info] Iniciando actualización de estados de eventos. Fecha actual: 2024-11-07 23:24:55
[2024-11-07 23:24:55] [info] Eventos finalizados actualizados: 0
[2024-11-07 23:24:55] [info] Jugadores actualizados a terminado: 0
[2024-11-07 23:24:55] [info] Eventos iniciados: 0
[2024-11-07 23:24:55] [info] Evento ID: 1, Nombre: Microsoft Corp, Jugadores terminados: 0/0
[2024-11-07 23:24:55] [info] Evento ID: 11, Nombre: Todos Santos, Jugadores terminados: 6/6
[2024-11-07 23:24:56] [info] Iniciando actualización de estados de eventos. Fecha actual: 2024-11-07 23:24:56
[2024-11-07 23:24:56] [info] Eventos finalizados actualizados: 0
[2024-11-07 23:24:56] [info] Jugadores actualizados a terminado: 0
[2024-11-07 23:24:56] [info] Eventos iniciados: 0
[2024-11-07 23:24:56] [info] Evento ID: 1, Nombre: Microsoft Corp, Jugadores terminados: 0/0
[2024-11-07 23:24:56] [info] Evento ID: 11, Nombre: Todos Santos, Jugadores terminados: 6/6
[2024-11-07 23:25:26] [info] Iniciando actualización de estados de eventos. Fecha actual: 2024-11-07 23:25:26
[2024-11-07 23:25:26] [info] Eventos finalizados actualizados: 0
[2024-11-07 23:25:26] [info] Jugadores actualizados a terminado: 0
[2024-11-07 23:25:26] [info] Eventos iniciados: 0
[2024-11-07 23:25:26] [info] Evento ID: 1, Nombre: Microsoft Corp, Jugadores terminados: 0/0
[2024-11-07 23:25:26] [info] Evento ID: 11, Nombre: Todos Santos, Jugadores terminados: 6/6
[2024-11-07 23:25:56] [info] Iniciando actualización de estados de eventos. Fecha actual: 2024-11-07 23:25:56
[2024-11-07 23:25:56] [info] Eventos finalizados actualizados: 0
[2024-11-07 23:25:56] [info] Jugadores actualizados a terminado: 0
[2024-11-07 23:25:56] [info] Eventos iniciados: 0
[2024-11-07 23:25:56] [info] Evento ID: 1, Nombre: Microsoft Corp, Jugadores terminados: 0/0
[2024-11-07 23:25:56] [info] Evento ID: 11, Nombre: Todos Santos, Jugadores terminados: 6/6
[2024-11-07 23:26:20] [info] Iniciando actualización de estados de eventos. Fecha actual: 2024-11-07 23:26:20
[2024-11-07 23:26:20] [info] Eventos finalizados actualizados: 0
[2024-11-07 23:26:20] [info] Jugadores actualizados a terminado: 0
[2024-11-07 23:26:20] [info] Eventos iniciados: 0
[2024-11-07 23:26:20] [info] Evento ID: 1, Nombre: Microsoft Corp, Jugadores terminados: 0/0
[2024-11-07 23:26:20] [info] Evento ID: 11, Nombre: Todos Santos, Jugadores terminados: 6/6
[2024-11-07 23:26:22] [info] Iniciando actualización de estados de eventos. Fecha actual: 2024-11-07 23:26:22
[2024-11-07 23:26:22] [info] Eventos finalizados actualizados: 0
[2024-11-07 23:26:22] [info] Jugadores actualizados a terminado: 0
[2024-11-07 23:26:22] [info] Eventos iniciados: 0
[2024-11-07 23:26:22] [info] Evento ID: 1, Nombre: Microsoft Corp, Jugadores terminados: 0/0
[2024-11-07 23:26:22] [info] Evento ID: 11, Nombre: Todos Santos, Jugadores terminados: 6/6
[2024-11-07 23:26:23] [info] Iniciando actualización de estados de eventos. Fecha actual: 2024-11-07 23:26:23
[2024-11-07 23:26:23] [info] Eventos finalizados actualizados: 0
[2024-11-07 23:26:23] [info] Jugadores actualizados a terminado: 0
[2024-11-07 23:26:23] [info] Eventos iniciados: 0
[2024-11-07 23:26:23] [info] Evento ID: 1, Nombre: Microsoft Corp, Jugadores terminados: 0/0
[2024-11-07 23:26:23] [info] Evento ID: 11, Nombre: Todos Santos, Jugadores terminados: 6/6
[2024-11-07 23:26:54] [info] Iniciando actualización de estados de eventos. Fecha actual: 2024-11-07 23:26:54
[2024-11-07 23:26:54] [info] Eventos finalizados actualizados: 0
[2024-11-07 23:26:54] [info] Jugadores actualizados a terminado: 0
[2024-11-07 23:26:54] [info] Eventos iniciados: 0
[2024-11-07 23:26:54] [info] Evento ID: 1, Nombre: Microsoft Corp, Jugadores terminados: 0/0
[2024-11-07 23:26:54] [info] Evento ID: 11, Nombre: Todos Santos, Jugadores terminados: 6/6
[2024-11-07 23:27:24] [info] Iniciando actualización de estados de eventos. Fecha actual: 2024-11-07 23:27:24
[2024-11-07 23:27:24] [info] Eventos finalizados actualizados: 0
[2024-11-07 23:27:24] [info] Jugadores actualizados a terminado: 0
[2024-11-07 23:27:24] [info] Eventos iniciados: 0
[2024-11-07 23:27:24] [info] Evento ID: 1, Nombre: Microsoft Corp, Jugadores terminados: 0/0
[2024-11-07 23:27:24] [info] Evento ID: 11, Nombre: Todos Santos, Jugadores terminados: 6/6
[2024-11-07 23:27:54] [info] Iniciando actualización de estados de eventos. Fecha actual: 2024-11-07 23:27:54
[2024-11-07 23:27:54] [info] Eventos finalizados actualizados: 0
[2024-11-07 23:27:54] [info] Jugadores actualizados a terminado: 0
[2024-11-07 23:27:54] [info] Eventos iniciados: 0
[2024-11-07 23:27:54] [info] Evento ID: 1, Nombre: Microsoft Corp, Jugadores terminados: 0/0
[2024-11-07 23:27:54] [info] Evento ID: 11, Nombre: Todos Santos, Jugadores terminados: 6/6
[2024-11-07 23:28:00] [info] Iniciando actualización de estados de eventos. Fecha actual: 2024-11-07 23:28:00
[2024-11-07 23:28:00] [info] Eventos finalizados actualizados: 0
[2024-11-07 23:28:00] [info] Jugadores actualizados a terminado: 0
[2024-11-07 23:28:00] [info] Eventos iniciados: 0
[2024-11-07 23:28:00] [info] Evento ID: 1, Nombre: Microsoft Corp, Jugadores terminados: 0/0
[2024-11-07 23:28:00] [info] Evento ID: 11, Nombre: Todos Santos, Jugadores terminados: 6/6
[2024-11-07 23:28:06] [info] Iniciando actualización de estados de eventos. Fecha actual: 2024-11-07 23:28:06
[2024-11-07 23:28:06] [info] Eventos finalizados actualizados: 0
[2024-11-07 23:28:06] [info] Jugadores actualizados a terminado: 0
[2024-11-07 23:28:06] [info] Eventos iniciados: 0
[2024-11-07 23:28:06] [info] Evento ID: 1, Nombre: Microsoft Corp, Jugadores terminados: 0/0
[2024-11-07 23:28:06] [info] Evento ID: 11, Nombre: Todos Santos, Jugadores terminados: 6/6
[2024-11-07 23:28:08] [info] Iniciando actualización de estados de eventos. Fecha actual: 2024-11-07 23:28:08
[2024-11-07 23:28:08] [info] Eventos finalizados actualizados: 0
[2024-11-07 23:28:08] [info] Jugadores actualizados a terminado: 0
[2024-11-07 23:28:08] [info] Eventos iniciados: 0
[2024-11-07 23:28:08] [info] Evento ID: 1, Nombre: Microsoft Corp, Jugadores terminados: 0/0
[2024-11-07 23:28:08] [info] Evento ID: 11, Nombre: Todos Santos, Jugadores terminados: 6/6
[2024-11-07 23:28:10] [info] Iniciando actualización de estados de eventos. Fecha actual: 2024-11-07 23:28:10
[2024-11-07 23:28:10] [info] Eventos finalizados actualizados: 0
[2024-11-07 23:28:10] [info] Jugadores actualizados a terminado: 0
[2024-11-07 23:28:10] [info] Eventos iniciados: 0
[2024-11-07 23:28:10] [info] Evento ID: 1, Nombre: Microsoft Corp, Jugadores terminados: 0/0
[2024-11-07 23:28:10] [info] Evento ID: 11, Nombre: Todos Santos, Jugadores terminados: 6/6
[2024-11-07 23:30:16] [info] Iniciando actualización de estados de eventos. Fecha actual: 2024-11-07 23:30:16
[2024-11-07 23:30:16] [info] Eventos finalizados actualizados: 0
[2024-11-07 23:30:16] [info] Jugadores actualizados a terminado: 0
[2024-11-07 23:30:16] [info] Eventos iniciados: 0
[2024-11-07 23:30:16] [info] Evento ID: 1, Nombre: Microsoft Corp, Jugadores terminados: 0/0
[2024-11-07 23:30:16] [info] Evento ID: 11, Nombre: Todos Santos, Jugadores terminados: 6/6
[2024-11-07 23:30:46] [info] Iniciando actualización de estados de eventos. Fecha actual: 2024-11-07 23:30:46
[2024-11-07 23:30:46] [info] Eventos finalizados actualizados: 0
[2024-11-07 23:30:46] [info] Jugadores actualizados a terminado: 0
[2024-11-07 23:30:46] [info] Eventos iniciados: 0
[2024-11-07 23:30:46] [info] Evento ID: 1, Nombre: Microsoft Corp, Jugadores terminados: 0/0
[2024-11-07 23:30:46] [info] Evento ID: 11, Nombre: Todos Santos, Jugadores terminados: 6/6
[2024-11-07 23:31:16] [info] Iniciando actualización de estados de eventos. Fecha actual: 2024-11-07 23:31:16
[2024-11-07 23:31:16] [info] Eventos finalizados actualizados: 0
[2024-11-07 23:31:16] [info] Jugadores actualizados a terminado: 0
[2024-11-07 23:31:16] [info] Eventos iniciados: 0
[2024-11-07 23:31:16] [info] Evento ID: 1, Nombre: Microsoft Corp, Jugadores terminados: 0/0
[2024-11-07 23:31:16] [info] Evento ID: 11, Nombre: Todos Santos, Jugadores terminados: 6/6
[2024-11-07 23:31:46] [info] Iniciando actualización de estados de eventos. Fecha actual: 2024-11-07 23:31:46
[2024-11-07 23:31:46] [info] Eventos finalizados actualizados: 0
[2024-11-07 23:31:46] [info] Jugadores actualizados a terminado: 0
[2024-11-07 23:31:46] [info] Eventos iniciados: 0
[2024-11-07 23:31:46] [info] Evento ID: 1, Nombre: Microsoft Corp, Jugadores terminados: 0/0
[2024-11-07 23:31:46] [info] Evento ID: 11, Nombre: Todos Santos, Jugadores terminados: 6/6
