[2024-10-22 11:28:13] [info] Usuario con ID 1 ha iniciado sesión exitosamente
[2024-10-22 11:28:13] [info] Iniciando actualización de estados de eventos. Fecha actual: 2024-10-22 11:28:13
[2024-10-22 11:28:13] [info] Eventos actualizados de 'en espera' a 'activos': 0
[2024-10-22 11:28:13] [info] Eventos actualizados de 'activos' a 'finalizados': 0
[2024-10-22 11:28:13] [info] Resumen de actualización:
[2024-10-22 11:28:13] [info] Total de eventos actualizados: 0
[2024-10-22 11:28:13] [info] Evento ID: 1, Nombre: Microsoft, Inicio: 2024-10-09 00:00:00, Fin: 2024-10-09 23:32:00, Estado: 3
[2024-10-22 11:28:13] [info] Evento ID: 2, Nombre: Perdiendo la Cabeza, Inicio: 2024-10-09 13:11:00, Fin: 2024-10-09 14:08:00, Estado: 3
[2024-10-22 11:28:13] [info] Evento ID: 3, Nombre: Col. Don Bosco, Inicio: 2024-10-09 13:12:00, Fin: 2024-10-09 13:15:00, Estado: 3
[2024-10-22 11:28:13] [info] Evento ID: 4, Nombre: El Diario, Inicio: 2024-10-10 10:01:00, Fin: 2024-10-24 20:00:00, Estado: 2
[2024-10-22 11:28:47] [info] Iniciando actualización de estados de eventos. Fecha actual: 2024-10-22 11:28:47
[2024-10-22 11:28:47] [info] Eventos actualizados de 'en espera' a 'activos': 0
[2024-10-22 11:28:47] [info] Eventos actualizados de 'activos' a 'finalizados': 0
[2024-10-22 11:28:47] [info] Resumen de actualización:
[2024-10-22 11:28:47] [info] Total de eventos actualizados: 0
[2024-10-22 11:28:47] [info] Evento ID: 1, Nombre: Microsoft, Inicio: 2024-10-09 00:00:00, Fin: 2024-10-09 23:32:00, Estado: 3
[2024-10-22 11:28:47] [info] Evento ID: 2, Nombre: Perdiendo la Cabeza, Inicio: 2024-10-09 13:11:00, Fin: 2024-10-09 14:08:00, Estado: 3
[2024-10-22 11:28:47] [info] Evento ID: 3, Nombre: Col. Don Bosco, Inicio: 2024-10-09 13:12:00, Fin: 2024-10-09 13:15:00, Estado: 3
[2024-10-22 11:28:47] [info] Evento ID: 4, Nombre: El Diario, Inicio: 2024-10-10 10:01:00, Fin: 2024-10-24 20:00:00, Estado: 2
[2024-10-22 11:28:50] [info] Iniciando actualización de estados de eventos. Fecha actual: 2024-10-22 11:28:50
[2024-10-22 11:28:50] [info] Eventos actualizados de 'en espera' a 'activos': 0
[2024-10-22 11:28:50] [info] Eventos actualizados de 'activos' a 'finalizados': 0
[2024-10-22 11:28:50] [info] Resumen de actualización:
[2024-10-22 11:28:50] [info] Total de eventos actualizados: 0
[2024-10-22 11:28:50] [info] Evento ID: 1, Nombre: Microsoft, Inicio: 2024-10-09 00:00:00, Fin: 2024-10-09 23:32:00, Estado: 3
[2024-10-22 11:28:50] [info] Evento ID: 2, Nombre: Perdiendo la Cabeza, Inicio: 2024-10-09 13:11:00, Fin: 2024-10-09 14:08:00, Estado: 3
[2024-10-22 11:28:50] [info] Evento ID: 3, Nombre: Col. Don Bosco, Inicio: 2024-10-09 13:12:00, Fin: 2024-10-09 13:15:00, Estado: 3
[2024-10-22 11:28:50] [info] Evento ID: 4, Nombre: El Diario, Inicio: 2024-10-10 10:01:00, Fin: 2024-10-24 20:00:00, Estado: 2
[2024-10-22 11:29:51] [info] Iniciando actualización de estados de eventos. Fecha actual: 2024-10-22 11:29:51
[2024-10-22 11:29:51] [info] Eventos actualizados de 'en espera' a 'activos': 0
[2024-10-22 11:29:51] [info] Eventos actualizados de 'activos' a 'finalizados': 0
[2024-10-22 11:29:51] [info] Resumen de actualización:
[2024-10-22 11:29:51] [info] Total de eventos actualizados: 0
[2024-10-22 11:29:51] [info] Evento ID: 1, Nombre: Microsoft, Inicio: 2024-10-09 00:00:00, Fin: 2024-10-09 23:32:00, Estado: 3
[2024-10-22 11:29:51] [info] Evento ID: 2, Nombre: Perdiendo la Cabeza, Inicio: 2024-10-09 13:11:00, Fin: 2024-10-09 14:08:00, Estado: 3
[2024-10-22 11:29:51] [info] Evento ID: 3, Nombre: Col. Don Bosco, Inicio: 2024-10-09 13:12:00, Fin: 2024-10-09 13:15:00, Estado: 3
[2024-10-22 11:29:51] [info] Evento ID: 4, Nombre: El Diario, Inicio: 2024-10-10 10:01:00, Fin: 2024-10-24 20:00:00, Estado: 2
[2024-10-22 11:30:51] [info] Iniciando actualización de estados de eventos. Fecha actual: 2024-10-22 11:30:51
[2024-10-22 11:30:51] [info] Eventos actualizados de 'en espera' a 'activos': 0
[2024-10-22 11:30:51] [info] Eventos actualizados de 'activos' a 'finalizados': 0
[2024-10-22 11:30:51] [info] Resumen de actualización:
[2024-10-22 11:30:51] [info] Total de eventos actualizados: 0
[2024-10-22 11:30:51] [info] Evento ID: 1, Nombre: Microsoft, Inicio: 2024-10-09 00:00:00, Fin: 2024-10-09 23:32:00, Estado: 3
[2024-10-22 11:30:51] [info] Evento ID: 2, Nombre: Perdiendo la Cabeza, Inicio: 2024-10-09 13:11:00, Fin: 2024-10-09 14:08:00, Estado: 3
[2024-10-22 11:30:51] [info] Evento ID: 3, Nombre: Col. Don Bosco, Inicio: 2024-10-09 13:12:00, Fin: 2024-10-09 13:15:00, Estado: 3
[2024-10-22 11:30:51] [info] Evento ID: 4, Nombre: El Diario, Inicio: 2024-10-10 10:01:00, Fin: 2024-10-24 20:00:00, Estado: 2
[2024-10-22 11:31:18] [info] Iniciando actualización de estados de eventos. Fecha actual: 2024-10-22 11:31:18
[2024-10-22 11:31:18] [info] Eventos actualizados de 'en espera' a 'activos': 0
[2024-10-22 11:31:18] [info] Eventos actualizados de 'activos' a 'finalizados': 0
[2024-10-22 11:31:18] [info] Resumen de actualización:
[2024-10-22 11:31:18] [info] Total de eventos actualizados: 0
[2024-10-22 11:31:18] [info] Evento ID: 1, Nombre: Microsoft, Inicio: 2024-10-09 00:00:00, Fin: 2024-10-09 23:32:00, Estado: 3
[2024-10-22 11:31:18] [info] Evento ID: 2, Nombre: Perdiendo la Cabeza, Inicio: 2024-10-09 13:11:00, Fin: 2024-10-09 14:08:00, Estado: 3
[2024-10-22 11:31:18] [info] Evento ID: 3, Nombre: Col. Don Bosco, Inicio: 2024-10-09 13:12:00, Fin: 2024-10-09 13:15:00, Estado: 3
[2024-10-22 11:31:18] [info] Evento ID: 4, Nombre: El Diario, Inicio: 2024-10-10 10:01:00, Fin: 2024-10-24 20:00:00, Estado: 2
[2024-10-22 11:32:19] [info] Iniciando actualización de estados de eventos. Fecha actual: 2024-10-22 11:32:19
[2024-10-22 11:32:19] [info] Eventos actualizados de 'en espera' a 'activos': 0
[2024-10-22 11:32:19] [info] Eventos actualizados de 'activos' a 'finalizados': 0
[2024-10-22 11:32:19] [info] Resumen de actualización:
[2024-10-22 11:32:19] [info] Total de eventos actualizados: 0
[2024-10-22 11:32:19] [info] Evento ID: 1, Nombre: Microsoft, Inicio: 2024-10-09 00:00:00, Fin: 2024-10-09 23:32:00, Estado: 3
[2024-10-22 11:32:19] [info] Evento ID: 2, Nombre: Perdiendo la Cabeza, Inicio: 2024-10-09 13:11:00, Fin: 2024-10-09 14:08:00, Estado: 3
[2024-10-22 11:32:19] [info] Evento ID: 3, Nombre: Col. Don Bosco, Inicio: 2024-10-09 13:12:00, Fin: 2024-10-09 13:15:00, Estado: 3
[2024-10-22 11:32:19] [info] Evento ID: 4, Nombre: El Diario, Inicio: 2024-10-10 10:01:00, Fin: 2024-10-24 20:00:00, Estado: 2
[2024-10-22 11:33:18] [info] Iniciando actualización de estados de eventos. Fecha actual: 2024-10-22 11:33:18
[2024-10-22 11:33:18] [info] Eventos actualizados de 'en espera' a 'activos': 0
[2024-10-22 11:33:18] [info] Eventos actualizados de 'activos' a 'finalizados': 0
[2024-10-22 11:33:18] [info] Resumen de actualización:
[2024-10-22 11:33:18] [info] Total de eventos actualizados: 0
[2024-10-22 11:33:18] [info] Evento ID: 1, Nombre: Microsoft, Inicio: 2024-10-09 00:00:00, Fin: 2024-10-09 23:32:00, Estado: 3
[2024-10-22 11:33:18] [info] Evento ID: 2, Nombre: Perdiendo la Cabeza, Inicio: 2024-10-09 13:11:00, Fin: 2024-10-09 14:08:00, Estado: 3
[2024-10-22 11:33:18] [info] Evento ID: 3, Nombre: Col. Don Bosco, Inicio: 2024-10-09 13:12:00, Fin: 2024-10-09 13:15:00, Estado: 3
[2024-10-22 11:33:18] [info] Evento ID: 4, Nombre: El Diario, Inicio: 2024-10-10 10:01:00, Fin: 2024-10-24 20:00:00, Estado: 2
[2024-10-22 11:34:19] [info] Iniciando actualización de estados de eventos. Fecha actual: 2024-10-22 11:34:19
[2024-10-22 11:34:19] [info] Eventos actualizados de 'en espera' a 'activos': 0
[2024-10-22 11:34:19] [info] Eventos actualizados de 'activos' a 'finalizados': 0
[2024-10-22 11:34:19] [info] Resumen de actualización:
[2024-10-22 11:34:19] [info] Total de eventos actualizados: 0
[2024-10-22 11:34:19] [info] Evento ID: 1, Nombre: Microsoft, Inicio: 2024-10-09 00:00:00, Fin: 2024-10-09 23:32:00, Estado: 3
[2024-10-22 11:34:19] [info] Evento ID: 2, Nombre: Perdiendo la Cabeza, Inicio: 2024-10-09 13:11:00, Fin: 2024-10-09 14:08:00, Estado: 3
[2024-10-22 11:34:19] [info] Evento ID: 3, Nombre: Col. Don Bosco, Inicio: 2024-10-09 13:12:00, Fin: 2024-10-09 13:15:00, Estado: 3
[2024-10-22 11:34:19] [info] Evento ID: 4, Nombre: El Diario, Inicio: 2024-10-10 10:01:00, Fin: 2024-10-24 20:00:00, Estado: 2
[2024-10-22 11:35:19] [info] Iniciando actualización de estados de eventos. Fecha actual: 2024-10-22 11:35:19
[2024-10-22 11:35:19] [info] Eventos actualizados de 'en espera' a 'activos': 0
[2024-10-22 11:35:19] [info] Eventos actualizados de 'activos' a 'finalizados': 0
[2024-10-22 11:35:19] [info] Resumen de actualización:
[2024-10-22 11:35:19] [info] Total de eventos actualizados: 0
[2024-10-22 11:35:19] [info] Evento ID: 1, Nombre: Microsoft, Inicio: 2024-10-09 00:00:00, Fin: 2024-10-09 23:32:00, Estado: 3
[2024-10-22 11:35:19] [info] Evento ID: 2, Nombre: Perdiendo la Cabeza, Inicio: 2024-10-09 13:11:00, Fin: 2024-10-09 14:08:00, Estado: 3
[2024-10-22 11:35:19] [info] Evento ID: 3, Nombre: Col. Don Bosco, Inicio: 2024-10-09 13:12:00, Fin: 2024-10-09 13:15:00, Estado: 3
[2024-10-22 11:35:19] [info] Evento ID: 4, Nombre: El Diario, Inicio: 2024-10-10 10:01:00, Fin: 2024-10-24 20:00:00, Estado: 2
[2024-10-22 11:36:19] [info] Iniciando actualización de estados de eventos. Fecha actual: 2024-10-22 11:36:19
[2024-10-22 11:36:19] [info] Eventos actualizados de 'en espera' a 'activos': 0
[2024-10-22 11:36:19] [info] Eventos actualizados de 'activos' a 'finalizados': 0
[2024-10-22 11:36:19] [info] Resumen de actualización:
[2024-10-22 11:36:19] [info] Total de eventos actualizados: 0
[2024-10-22 11:36:19] [info] Evento ID: 1, Nombre: Microsoft, Inicio: 2024-10-09 00:00:00, Fin: 2024-10-09 23:32:00, Estado: 3
[2024-10-22 11:36:19] [info] Evento ID: 2, Nombre: Perdiendo la Cabeza, Inicio: 2024-10-09 13:11:00, Fin: 2024-10-09 14:08:00, Estado: 3
[2024-10-22 11:36:19] [info] Evento ID: 3, Nombre: Col. Don Bosco, Inicio: 2024-10-09 13:12:00, Fin: 2024-10-09 13:15:00, Estado: 3
[2024-10-22 11:36:19] [info] Evento ID: 4, Nombre: El Diario, Inicio: 2024-10-10 10:01:00, Fin: 2024-10-24 20:00:00, Estado: 2
[2024-10-22 11:37:20] [info] Iniciando actualización de estados de eventos. Fecha actual: 2024-10-22 11:37:20
[2024-10-22 11:37:20] [info] Eventos actualizados de 'en espera' a 'activos': 0
[2024-10-22 11:37:20] [info] Eventos actualizados de 'activos' a 'finalizados': 0
[2024-10-22 11:37:20] [info] Resumen de actualización:
[2024-10-22 11:37:20] [info] Total de eventos actualizados: 0
[2024-10-22 11:37:20] [info] Evento ID: 1, Nombre: Microsoft, Inicio: 2024-10-09 00:00:00, Fin: 2024-10-09 23:32:00, Estado: 3
[2024-10-22 11:37:20] [info] Evento ID: 2, Nombre: Perdiendo la Cabeza, Inicio: 2024-10-09 13:11:00, Fin: 2024-10-09 14:08:00, Estado: 3
[2024-10-22 11:37:20] [info] Evento ID: 3, Nombre: Col. Don Bosco, Inicio: 2024-10-09 13:12:00, Fin: 2024-10-09 13:15:00, Estado: 3
[2024-10-22 11:37:20] [info] Evento ID: 4, Nombre: El Diario, Inicio: 2024-10-10 10:01:00, Fin: 2024-10-24 20:00:00, Estado: 2
[2024-10-22 11:38:21] [info] Iniciando actualización de estados de eventos. Fecha actual: 2024-10-22 11:38:21
[2024-10-22 11:38:21] [info] Eventos actualizados de 'en espera' a 'activos': 0
[2024-10-22 11:38:21] [info] Eventos actualizados de 'activos' a 'finalizados': 0
[2024-10-22 11:38:21] [info] Resumen de actualización:
[2024-10-22 11:38:21] [info] Total de eventos actualizados: 0
[2024-10-22 11:38:21] [info] Evento ID: 1, Nombre: Microsoft, Inicio: 2024-10-09 00:00:00, Fin: 2024-10-09 23:32:00, Estado: 3
[2024-10-22 11:38:21] [info] Evento ID: 2, Nombre: Perdiendo la Cabeza, Inicio: 2024-10-09 13:11:00, Fin: 2024-10-09 14:08:00, Estado: 3
[2024-10-22 11:38:21] [info] Evento ID: 3, Nombre: Col. Don Bosco, Inicio: 2024-10-09 13:12:00, Fin: 2024-10-09 13:15:00, Estado: 3
[2024-10-22 11:38:21] [info] Evento ID: 4, Nombre: El Diario, Inicio: 2024-10-10 10:01:00, Fin: 2024-10-24 20:00:00, Estado: 2
[2024-10-22 11:39:22] [info] Iniciando actualización de estados de eventos. Fecha actual: 2024-10-22 11:39:22
[2024-10-22 11:39:22] [info] Eventos actualizados de 'en espera' a 'activos': 0
[2024-10-22 11:39:22] [info] Eventos actualizados de 'activos' a 'finalizados': 0
[2024-10-22 11:39:22] [info] Resumen de actualización:
[2024-10-22 11:39:22] [info] Total de eventos actualizados: 0
[2024-10-22 11:39:22] [info] Evento ID: 1, Nombre: Microsoft, Inicio: 2024-10-09 00:00:00, Fin: 2024-10-09 23:32:00, Estado: 3
[2024-10-22 11:39:22] [info] Evento ID: 2, Nombre: Perdiendo la Cabeza, Inicio: 2024-10-09 13:11:00, Fin: 2024-10-09 14:08:00, Estado: 3
[2024-10-22 11:39:22] [info] Evento ID: 3, Nombre: Col. Don Bosco, Inicio: 2024-10-09 13:12:00, Fin: 2024-10-09 13:15:00, Estado: 3
[2024-10-22 11:39:22] [info] Evento ID: 4, Nombre: El Diario, Inicio: 2024-10-10 10:01:00, Fin: 2024-10-24 20:00:00, Estado: 2
[2024-10-22 11:40:23] [info] Iniciando actualización de estados de eventos. Fecha actual: 2024-10-22 11:40:23
[2024-10-22 11:40:23] [info] Eventos actualizados de 'en espera' a 'activos': 0
[2024-10-22 11:40:23] [info] Eventos actualizados de 'activos' a 'finalizados': 0
[2024-10-22 11:40:23] [info] Resumen de actualización:
[2024-10-22 11:40:23] [info] Total de eventos actualizados: 0
[2024-10-22 11:40:23] [info] Evento ID: 1, Nombre: Microsoft, Inicio: 2024-10-09 00:00:00, Fin: 2024-10-09 23:32:00, Estado: 3
[2024-10-22 11:40:23] [info] Evento ID: 2, Nombre: Perdiendo la Cabeza, Inicio: 2024-10-09 13:11:00, Fin: 2024-10-09 14:08:00, Estado: 3
[2024-10-22 11:40:23] [info] Evento ID: 3, Nombre: Col. Don Bosco, Inicio: 2024-10-09 13:12:00, Fin: 2024-10-09 13:15:00, Estado: 3
[2024-10-22 11:40:23] [info] Evento ID: 4, Nombre: El Diario, Inicio: 2024-10-10 10:01:00, Fin: 2024-10-24 20:00:00, Estado: 2
[2024-10-22 11:41:24] [info] Iniciando actualización de estados de eventos. Fecha actual: 2024-10-22 11:41:24
[2024-10-22 11:41:24] [info] Eventos actualizados de 'en espera' a 'activos': 0
[2024-10-22 11:41:24] [info] Eventos actualizados de 'activos' a 'finalizados': 0
[2024-10-22 11:41:24] [info] Resumen de actualización:
[2024-10-22 11:41:24] [info] Total de eventos actualizados: 0
[2024-10-22 11:41:24] [info] Evento ID: 1, Nombre: Microsoft, Inicio: 2024-10-09 00:00:00, Fin: 2024-10-09 23:32:00, Estado: 3
[2024-10-22 11:41:24] [info] Evento ID: 2, Nombre: Perdiendo la Cabeza, Inicio: 2024-10-09 13:11:00, Fin: 2024-10-09 14:08:00, Estado: 3
[2024-10-22 11:41:24] [info] Evento ID: 3, Nombre: Col. Don Bosco, Inicio: 2024-10-09 13:12:00, Fin: 2024-10-09 13:15:00, Estado: 3
[2024-10-22 11:41:24] [info] Evento ID: 4, Nombre: El Diario, Inicio: 2024-10-10 10:01:00, Fin: 2024-10-24 20:00:00, Estado: 2
[2024-10-22 11:42:25] [info] Iniciando actualización de estados de eventos. Fecha actual: 2024-10-22 11:42:25
[2024-10-22 11:42:25] [info] Eventos actualizados de 'en espera' a 'activos': 0
[2024-10-22 11:42:25] [info] Eventos actualizados de 'activos' a 'finalizados': 0
[2024-10-22 11:42:25] [info] Resumen de actualización:
[2024-10-22 11:42:25] [info] Total de eventos actualizados: 0
[2024-10-22 11:42:25] [info] Evento ID: 1, Nombre: Microsoft, Inicio: 2024-10-09 00:00:00, Fin: 2024-10-09 23:32:00, Estado: 3
[2024-10-22 11:42:25] [info] Evento ID: 2, Nombre: Perdiendo la Cabeza, Inicio: 2024-10-09 13:11:00, Fin: 2024-10-09 14:08:00, Estado: 3
[2024-10-22 11:42:25] [info] Evento ID: 3, Nombre: Col. Don Bosco, Inicio: 2024-10-09 13:12:00, Fin: 2024-10-09 13:15:00, Estado: 3
[2024-10-22 11:42:25] [info] Evento ID: 4, Nombre: El Diario, Inicio: 2024-10-10 10:01:00, Fin: 2024-10-24 20:00:00, Estado: 2
[2024-10-22 11:45:48] [info] Iniciando actualización de estados de eventos. Fecha actual: 2024-10-22 11:45:48
[2024-10-22 11:45:48] [info] Eventos actualizados de 'en espera' a 'activos': 0
[2024-10-22 11:45:48] [info] Eventos actualizados de 'activos' a 'finalizados': 0
[2024-10-22 11:45:48] [info] Resumen de actualización:
[2024-10-22 11:45:48] [info] Total de eventos actualizados: 0
[2024-10-22 11:45:48] [info] Evento ID: 1, Nombre: Microsoft, Inicio: 2024-10-09 00:00:00, Fin: 2024-10-09 23:32:00, Estado: 3
[2024-10-22 11:45:48] [info] Evento ID: 2, Nombre: Perdiendo la Cabeza, Inicio: 2024-10-09 13:11:00, Fin: 2024-10-09 14:08:00, Estado: 3
[2024-10-22 11:45:48] [info] Evento ID: 3, Nombre: Col. Don Bosco, Inicio: 2024-10-09 13:12:00, Fin: 2024-10-09 13:15:00, Estado: 3
[2024-10-22 11:45:48] [info] Evento ID: 4, Nombre: El Diario, Inicio: 2024-10-10 10:01:00, Fin: 2024-10-24 20:00:00, Estado: 2
[2024-10-22 11:46:48] [info] Iniciando actualización de estados de eventos. Fecha actual: 2024-10-22 11:46:48
[2024-10-22 11:46:48] [info] Eventos actualizados de 'en espera' a 'activos': 0
[2024-10-22 11:46:48] [info] Eventos actualizados de 'activos' a 'finalizados': 0
[2024-10-22 11:46:48] [info] Resumen de actualización:
[2024-10-22 11:46:48] [info] Total de eventos actualizados: 0
[2024-10-22 11:46:48] [info] Evento ID: 1, Nombre: Microsoft, Inicio: 2024-10-09 00:00:00, Fin: 2024-10-09 23:32:00, Estado: 3
[2024-10-22 11:46:48] [info] Evento ID: 2, Nombre: Perdiendo la Cabeza, Inicio: 2024-10-09 13:11:00, Fin: 2024-10-09 14:08:00, Estado: 3
[2024-10-22 11:46:48] [info] Evento ID: 3, Nombre: Col. Don Bosco, Inicio: 2024-10-09 13:12:00, Fin: 2024-10-09 13:15:00, Estado: 3
[2024-10-22 11:46:48] [info] Evento ID: 4, Nombre: El Diario, Inicio: 2024-10-10 10:01:00, Fin: 2024-10-24 20:00:00, Estado: 2
[2024-10-22 11:47:09] [info] Iniciando actualización de estados de eventos. Fecha actual: 2024-10-22 11:47:09
[2024-10-22 11:47:09] [info] Eventos actualizados de 'en espera' a 'activos': 0
[2024-10-22 11:47:09] [info] Eventos actualizados de 'activos' a 'finalizados': 0
[2024-10-22 11:47:09] [info] Resumen de actualización:
[2024-10-22 11:47:09] [info] Total de eventos actualizados: 0
[2024-10-22 11:47:09] [info] Evento ID: 1, Nombre: Microsoft, Inicio: 2024-10-09 00:00:00, Fin: 2024-10-09 23:32:00, Estado: 3
[2024-10-22 11:47:09] [info] Evento ID: 2, Nombre: Perdiendo la Cabeza, Inicio: 2024-10-09 13:11:00, Fin: 2024-10-09 14:08:00, Estado: 3
[2024-10-22 11:47:09] [info] Evento ID: 3, Nombre: Col. Don Bosco, Inicio: 2024-10-09 13:12:00, Fin: 2024-10-09 13:15:00, Estado: 3
[2024-10-22 11:47:09] [info] Evento ID: 4, Nombre: El Diario, Inicio: 2024-10-10 10:01:00, Fin: 2024-10-24 20:00:00, Estado: 2
[2024-10-22 11:47:52] [info] Iniciando actualización de estados de eventos. Fecha actual: 2024-10-22 11:47:52
[2024-10-22 11:47:52] [info] Eventos actualizados de 'en espera' a 'activos': 0
[2024-10-22 11:47:52] [info] Eventos actualizados de 'activos' a 'finalizados': 0
[2024-10-22 11:47:52] [info] Resumen de actualización:
[2024-10-22 11:47:52] [info] Total de eventos actualizados: 0
[2024-10-22 11:47:52] [info] Evento ID: 1, Nombre: Microsoft, Inicio: 2024-10-09 00:00:00, Fin: 2024-10-09 23:32:00, Estado: 3
[2024-10-22 11:47:52] [info] Evento ID: 2, Nombre: Perdiendo la Cabeza, Inicio: 2024-10-09 13:11:00, Fin: 2024-10-09 14:08:00, Estado: 3
[2024-10-22 11:47:52] [info] Evento ID: 3, Nombre: Col. Don Bosco, Inicio: 2024-10-09 13:12:00, Fin: 2024-10-09 13:15:00, Estado: 3
[2024-10-22 11:47:52] [info] Evento ID: 4, Nombre: El Diario, Inicio: 2024-10-10 10:01:00, Fin: 2024-10-24 20:00:00, Estado: 2
[2024-10-22 12:00:55] [info] Iniciando actualización de estados de eventos. Fecha actual: 2024-10-22 12:00:55
[2024-10-22 12:00:55] [info] Eventos actualizados de 'en espera' a 'activos': 0
[2024-10-22 12:00:55] [info] Eventos actualizados de 'activos' a 'finalizados': 0
[2024-10-22 12:00:55] [info] Resumen de actualización:
[2024-10-22 12:00:55] [info] Total de eventos actualizados: 0
[2024-10-22 12:00:55] [info] Evento ID: 1, Nombre: Microsoft, Inicio: 2024-10-09 00:00:00, Fin: 2024-10-09 23:32:00, Estado: 3
[2024-10-22 12:00:55] [info] Evento ID: 2, Nombre: Perdiendo la Cabeza, Inicio: 2024-10-09 13:11:00, Fin: 2024-10-09 14:08:00, Estado: 3
[2024-10-22 12:00:55] [info] Evento ID: 3, Nombre: Col. Don Bosco, Inicio: 2024-10-09 13:12:00, Fin: 2024-10-09 13:15:00, Estado: 3
[2024-10-22 12:00:55] [info] Evento ID: 4, Nombre: El Diario, Inicio: 2024-10-10 10:01:00, Fin: 2024-10-24 20:00:00, Estado: 2
[2024-10-22 12:01:56] [info] Iniciando actualización de estados de eventos. Fecha actual: 2024-10-22 12:01:56
[2024-10-22 12:01:56] [info] Eventos actualizados de 'en espera' a 'activos': 0
[2024-10-22 12:01:56] [info] Eventos actualizados de 'activos' a 'finalizados': 0
[2024-10-22 12:01:56] [info] Resumen de actualización:
[2024-10-22 12:01:56] [info] Total de eventos actualizados: 0
[2024-10-22 12:01:56] [info] Evento ID: 1, Nombre: Microsoft, Inicio: 2024-10-09 00:00:00, Fin: 2024-10-09 23:32:00, Estado: 3
[2024-10-22 12:01:56] [info] Evento ID: 2, Nombre: Perdiendo la Cabeza, Inicio: 2024-10-09 13:11:00, Fin: 2024-10-09 14:08:00, Estado: 3
[2024-10-22 12:01:56] [info] Evento ID: 3, Nombre: Col. Don Bosco, Inicio: 2024-10-09 13:12:00, Fin: 2024-10-09 13:15:00, Estado: 3
[2024-10-22 12:01:56] [info] Evento ID: 4, Nombre: El Diario, Inicio: 2024-10-10 10:01:00, Fin: 2024-10-24 20:00:00, Estado: 2
[2024-10-22 12:02:56] [info] Iniciando actualización de estados de eventos. Fecha actual: 2024-10-22 12:02:56
[2024-10-22 12:02:56] [info] Eventos actualizados de 'en espera' a 'activos': 0
[2024-10-22 12:02:56] [info] Eventos actualizados de 'activos' a 'finalizados': 0
[2024-10-22 12:02:56] [info] Resumen de actualización:
[2024-10-22 12:02:56] [info] Total de eventos actualizados: 0
[2024-10-22 12:02:56] [info] Evento ID: 1, Nombre: Microsoft, Inicio: 2024-10-09 00:00:00, Fin: 2024-10-09 23:32:00, Estado: 3
[2024-10-22 12:02:56] [info] Evento ID: 2, Nombre: Perdiendo la Cabeza, Inicio: 2024-10-09 13:11:00, Fin: 2024-10-09 14:08:00, Estado: 3
[2024-10-22 12:02:56] [info] Evento ID: 3, Nombre: Col. Don Bosco, Inicio: 2024-10-09 13:12:00, Fin: 2024-10-09 13:15:00, Estado: 3
[2024-10-22 12:02:56] [info] Evento ID: 4, Nombre: El Diario, Inicio: 2024-10-10 10:01:00, Fin: 2024-10-24 20:00:00, Estado: 2
[2024-10-22 12:03:56] [info] Iniciando actualización de estados de eventos. Fecha actual: 2024-10-22 12:03:56
[2024-10-22 12:03:56] [info] Eventos actualizados de 'en espera' a 'activos': 0
[2024-10-22 12:03:56] [info] Eventos actualizados de 'activos' a 'finalizados': 0
[2024-10-22 12:03:56] [info] Resumen de actualización:
[2024-10-22 12:03:56] [info] Total de eventos actualizados: 0
[2024-10-22 12:03:56] [info] Evento ID: 1, Nombre: Microsoft, Inicio: 2024-10-09 00:00:00, Fin: 2024-10-09 23:32:00, Estado: 3
[2024-10-22 12:03:56] [info] Evento ID: 2, Nombre: Perdiendo la Cabeza, Inicio: 2024-10-09 13:11:00, Fin: 2024-10-09 14:08:00, Estado: 3
[2024-10-22 12:03:56] [info] Evento ID: 3, Nombre: Col. Don Bosco, Inicio: 2024-10-09 13:12:00, Fin: 2024-10-09 13:15:00, Estado: 3
[2024-10-22 12:03:56] [info] Evento ID: 4, Nombre: El Diario, Inicio: 2024-10-10 10:01:00, Fin: 2024-10-24 20:00:00, Estado: 2
[2024-10-22 12:04:56] [info] Iniciando actualización de estados de eventos. Fecha actual: 2024-10-22 12:04:56
[2024-10-22 12:04:56] [info] Eventos actualizados de 'en espera' a 'activos': 0
[2024-10-22 12:04:56] [info] Eventos actualizados de 'activos' a 'finalizados': 0
[2024-10-22 12:04:56] [info] Resumen de actualización:
[2024-10-22 12:04:56] [info] Total de eventos actualizados: 0
[2024-10-22 12:04:56] [info] Evento ID: 1, Nombre: Microsoft, Inicio: 2024-10-09 00:00:00, Fin: 2024-10-09 23:32:00, Estado: 3
[2024-10-22 12:04:56] [info] Evento ID: 2, Nombre: Perdiendo la Cabeza, Inicio: 2024-10-09 13:11:00, Fin: 2024-10-09 14:08:00, Estado: 3
[2024-10-22 12:04:56] [info] Evento ID: 3, Nombre: Col. Don Bosco, Inicio: 2024-10-09 13:12:00, Fin: 2024-10-09 13:15:00, Estado: 3
[2024-10-22 12:04:56] [info] Evento ID: 4, Nombre: El Diario, Inicio: 2024-10-10 10:01:00, Fin: 2024-10-24 20:00:00, Estado: 2
[2024-10-22 12:05:56] [info] Iniciando actualización de estados de eventos. Fecha actual: 2024-10-22 12:05:56
[2024-10-22 12:05:56] [info] Eventos actualizados de 'en espera' a 'activos': 0
[2024-10-22 12:05:56] [info] Eventos actualizados de 'activos' a 'finalizados': 0
[2024-10-22 12:05:56] [info] Resumen de actualización:
[2024-10-22 12:05:56] [info] Total de eventos actualizados: 0
[2024-10-22 12:05:56] [info] Evento ID: 1, Nombre: Microsoft, Inicio: 2024-10-09 00:00:00, Fin: 2024-10-09 23:32:00, Estado: 3
[2024-10-22 12:05:56] [info] Evento ID: 2, Nombre: Perdiendo la Cabeza, Inicio: 2024-10-09 13:11:00, Fin: 2024-10-09 14:08:00, Estado: 3
[2024-10-22 12:05:56] [info] Evento ID: 3, Nombre: Col. Don Bosco, Inicio: 2024-10-09 13:12:00, Fin: 2024-10-09 13:15:00, Estado: 3
[2024-10-22 12:05:56] [info] Evento ID: 4, Nombre: El Diario, Inicio: 2024-10-10 10:01:00, Fin: 2024-10-24 20:00:00, Estado: 2
[2024-10-22 12:06:56] [info] Iniciando actualización de estados de eventos. Fecha actual: 2024-10-22 12:06:56
[2024-10-22 12:06:56] [info] Eventos actualizados de 'en espera' a 'activos': 0
[2024-10-22 12:06:56] [info] Eventos actualizados de 'activos' a 'finalizados': 0
[2024-10-22 12:06:56] [info] Resumen de actualización:
[2024-10-22 12:06:56] [info] Total de eventos actualizados: 0
[2024-10-22 12:06:56] [info] Evento ID: 1, Nombre: Microsoft, Inicio: 2024-10-09 00:00:00, Fin: 2024-10-09 23:32:00, Estado: 3
[2024-10-22 12:06:56] [info] Evento ID: 2, Nombre: Perdiendo la Cabeza, Inicio: 2024-10-09 13:11:00, Fin: 2024-10-09 14:08:00, Estado: 3
[2024-10-22 12:06:56] [info] Evento ID: 3, Nombre: Col. Don Bosco, Inicio: 2024-10-09 13:12:00, Fin: 2024-10-09 13:15:00, Estado: 3
[2024-10-22 12:06:56] [info] Evento ID: 4, Nombre: El Diario, Inicio: 2024-10-10 10:01:00, Fin: 2024-10-24 20:00:00, Estado: 2
[2024-10-22 12:07:56] [info] Iniciando actualización de estados de eventos. Fecha actual: 2024-10-22 12:07:56
[2024-10-22 12:07:56] [info] Eventos actualizados de 'en espera' a 'activos': 0
[2024-10-22 12:07:56] [info] Eventos actualizados de 'activos' a 'finalizados': 0
[2024-10-22 12:07:56] [info] Resumen de actualización:
[2024-10-22 12:07:56] [info] Total de eventos actualizados: 0
[2024-10-22 12:07:56] [info] Evento ID: 1, Nombre: Microsoft, Inicio: 2024-10-09 00:00:00, Fin: 2024-10-09 23:32:00, Estado: 3
[2024-10-22 12:07:56] [info] Evento ID: 2, Nombre: Perdiendo la Cabeza, Inicio: 2024-10-09 13:11:00, Fin: 2024-10-09 14:08:00, Estado: 3
[2024-10-22 12:07:56] [info] Evento ID: 3, Nombre: Col. Don Bosco, Inicio: 2024-10-09 13:12:00, Fin: 2024-10-09 13:15:00, Estado: 3
[2024-10-22 12:07:56] [info] Evento ID: 4, Nombre: El Diario, Inicio: 2024-10-10 10:01:00, Fin: 2024-10-24 20:00:00, Estado: 2
[2024-10-22 12:08:57] [info] Iniciando actualización de estados de eventos. Fecha actual: 2024-10-22 12:08:57
[2024-10-22 12:08:57] [info] Eventos actualizados de 'en espera' a 'activos': 0
[2024-10-22 12:08:57] [info] Eventos actualizados de 'activos' a 'finalizados': 0
[2024-10-22 12:08:57] [info] Resumen de actualización:
[2024-10-22 12:08:57] [info] Total de eventos actualizados: 0
[2024-10-22 12:08:57] [info] Evento ID: 1, Nombre: Microsoft, Inicio: 2024-10-09 00:00:00, Fin: 2024-10-09 23:32:00, Estado: 3
[2024-10-22 12:08:57] [info] Evento ID: 2, Nombre: Perdiendo la Cabeza, Inicio: 2024-10-09 13:11:00, Fin: 2024-10-09 14:08:00, Estado: 3
[2024-10-22 12:08:57] [info] Evento ID: 3, Nombre: Col. Don Bosco, Inicio: 2024-10-09 13:12:00, Fin: 2024-10-09 13:15:00, Estado: 3
[2024-10-22 12:08:57] [info] Evento ID: 4, Nombre: El Diario, Inicio: 2024-10-10 10:01:00, Fin: 2024-10-24 20:00:00, Estado: 2
[2024-10-22 12:09:58] [info] Iniciando actualización de estados de eventos. Fecha actual: 2024-10-22 12:09:58
[2024-10-22 12:09:58] [info] Eventos actualizados de 'en espera' a 'activos': 0
[2024-10-22 12:09:58] [info] Eventos actualizados de 'activos' a 'finalizados': 0
[2024-10-22 12:09:58] [info] Resumen de actualización:
[2024-10-22 12:09:58] [info] Total de eventos actualizados: 0
[2024-10-22 12:09:58] [info] Evento ID: 1, Nombre: Microsoft, Inicio: 2024-10-09 00:00:00, Fin: 2024-10-09 23:32:00, Estado: 3
[2024-10-22 12:09:58] [info] Evento ID: 2, Nombre: Perdiendo la Cabeza, Inicio: 2024-10-09 13:11:00, Fin: 2024-10-09 14:08:00, Estado: 3
[2024-10-22 12:09:58] [info] Evento ID: 3, Nombre: Col. Don Bosco, Inicio: 2024-10-09 13:12:00, Fin: 2024-10-09 13:15:00, Estado: 3
[2024-10-22 12:09:58] [info] Evento ID: 4, Nombre: El Diario, Inicio: 2024-10-10 10:01:00, Fin: 2024-10-24 20:00:00, Estado: 2
[2024-10-22 12:10:59] [info] Iniciando actualización de estados de eventos. Fecha actual: 2024-10-22 12:10:59
[2024-10-22 12:10:59] [info] Eventos actualizados de 'en espera' a 'activos': 0
[2024-10-22 12:10:59] [info] Eventos actualizados de 'activos' a 'finalizados': 0
[2024-10-22 12:10:59] [info] Resumen de actualización:
[2024-10-22 12:10:59] [info] Total de eventos actualizados: 0
[2024-10-22 12:10:59] [info] Evento ID: 1, Nombre: Microsoft, Inicio: 2024-10-09 00:00:00, Fin: 2024-10-09 23:32:00, Estado: 3
[2024-10-22 12:10:59] [info] Evento ID: 2, Nombre: Perdiendo la Cabeza, Inicio: 2024-10-09 13:11:00, Fin: 2024-10-09 14:08:00, Estado: 3
[2024-10-22 12:10:59] [info] Evento ID: 3, Nombre: Col. Don Bosco, Inicio: 2024-10-09 13:12:00, Fin: 2024-10-09 13:15:00, Estado: 3
[2024-10-22 12:10:59] [info] Evento ID: 4, Nombre: El Diario, Inicio: 2024-10-10 10:01:00, Fin: 2024-10-24 20:00:00, Estado: 2
[2024-10-22 12:12:00] [info] Iniciando actualización de estados de eventos. Fecha actual: 2024-10-22 12:12:00
[2024-10-22 12:12:00] [info] Eventos actualizados de 'en espera' a 'activos': 0
[2024-10-22 12:12:00] [info] Eventos actualizados de 'activos' a 'finalizados': 0
[2024-10-22 12:12:00] [info] Resumen de actualización:
[2024-10-22 12:12:00] [info] Total de eventos actualizados: 0
[2024-10-22 12:12:00] [info] Evento ID: 1, Nombre: Microsoft, Inicio: 2024-10-09 00:00:00, Fin: 2024-10-09 23:32:00, Estado: 3
[2024-10-22 12:12:00] [info] Evento ID: 2, Nombre: Perdiendo la Cabeza, Inicio: 2024-10-09 13:11:00, Fin: 2024-10-09 14:08:00, Estado: 3
[2024-10-22 12:12:00] [info] Evento ID: 3, Nombre: Col. Don Bosco, Inicio: 2024-10-09 13:12:00, Fin: 2024-10-09 13:15:00, Estado: 3
[2024-10-22 12:12:00] [info] Evento ID: 4, Nombre: El Diario, Inicio: 2024-10-10 10:01:00, Fin: 2024-10-24 20:00:00, Estado: 2
[2024-10-22 12:13:01] [info] Iniciando actualización de estados de eventos. Fecha actual: 2024-10-22 12:13:01
[2024-10-22 12:13:01] [info] Eventos actualizados de 'en espera' a 'activos': 0
[2024-10-22 12:13:01] [info] Eventos actualizados de 'activos' a 'finalizados': 0
[2024-10-22 12:13:01] [info] Resumen de actualización:
[2024-10-22 12:13:01] [info] Total de eventos actualizados: 0
[2024-10-22 12:13:01] [info] Evento ID: 1, Nombre: Microsoft, Inicio: 2024-10-09 00:00:00, Fin: 2024-10-09 23:32:00, Estado: 3
[2024-10-22 12:13:01] [info] Evento ID: 2, Nombre: Perdiendo la Cabeza, Inicio: 2024-10-09 13:11:00, Fin: 2024-10-09 14:08:00, Estado: 3
[2024-10-22 12:13:01] [info] Evento ID: 3, Nombre: Col. Don Bosco, Inicio: 2024-10-09 13:12:00, Fin: 2024-10-09 13:15:00, Estado: 3
[2024-10-22 12:13:01] [info] Evento ID: 4, Nombre: El Diario, Inicio: 2024-10-10 10:01:00, Fin: 2024-10-24 20:00:00, Estado: 2
[2024-10-22 12:14:02] [info] Iniciando actualización de estados de eventos. Fecha actual: 2024-10-22 12:14:02
[2024-10-22 12:14:02] [info] Eventos actualizados de 'en espera' a 'activos': 0
[2024-10-22 12:14:02] [info] Eventos actualizados de 'activos' a 'finalizados': 0
[2024-10-22 12:14:02] [info] Resumen de actualización:
[2024-10-22 12:14:02] [info] Total de eventos actualizados: 0
[2024-10-22 12:14:02] [info] Evento ID: 1, Nombre: Microsoft, Inicio: 2024-10-09 00:00:00, Fin: 2024-10-09 23:32:00, Estado: 3
[2024-10-22 12:14:02] [info] Evento ID: 2, Nombre: Perdiendo la Cabeza, Inicio: 2024-10-09 13:11:00, Fin: 2024-10-09 14:08:00, Estado: 3
[2024-10-22 12:14:02] [info] Evento ID: 3, Nombre: Col. Don Bosco, Inicio: 2024-10-09 13:12:00, Fin: 2024-10-09 13:15:00, Estado: 3
[2024-10-22 12:14:02] [info] Evento ID: 4, Nombre: El Diario, Inicio: 2024-10-10 10:01:00, Fin: 2024-10-24 20:00:00, Estado: 2
[2024-10-22 12:15:03] [info] Iniciando actualización de estados de eventos. Fecha actual: 2024-10-22 12:15:03
[2024-10-22 12:15:03] [info] Eventos actualizados de 'en espera' a 'activos': 0
[2024-10-22 12:15:03] [info] Eventos actualizados de 'activos' a 'finalizados': 0
[2024-10-22 12:15:03] [info] Resumen de actualización:
[2024-10-22 12:15:03] [info] Total de eventos actualizados: 0
[2024-10-22 12:15:03] [info] Evento ID: 1, Nombre: Microsoft, Inicio: 2024-10-09 00:00:00, Fin: 2024-10-09 23:32:00, Estado: 3
[2024-10-22 12:15:03] [info] Evento ID: 2, Nombre: Perdiendo la Cabeza, Inicio: 2024-10-09 13:11:00, Fin: 2024-10-09 14:08:00, Estado: 3
[2024-10-22 12:15:03] [info] Evento ID: 3, Nombre: Col. Don Bosco, Inicio: 2024-10-09 13:12:00, Fin: 2024-10-09 13:15:00, Estado: 3
[2024-10-22 12:15:03] [info] Evento ID: 4, Nombre: El Diario, Inicio: 2024-10-10 10:01:00, Fin: 2024-10-24 20:00:00, Estado: 2
[2024-10-22 12:16:04] [info] Iniciando actualización de estados de eventos. Fecha actual: 2024-10-22 12:16:04
[2024-10-22 12:16:04] [info] Eventos actualizados de 'en espera' a 'activos': 0
[2024-10-22 12:16:04] [info] Eventos actualizados de 'activos' a 'finalizados': 0
[2024-10-22 12:16:04] [info] Resumen de actualización:
[2024-10-22 12:16:04] [info] Total de eventos actualizados: 0
[2024-10-22 12:16:04] [info] Evento ID: 1, Nombre: Microsoft, Inicio: 2024-10-09 00:00:00, Fin: 2024-10-09 23:32:00, Estado: 3
[2024-10-22 12:16:04] [info] Evento ID: 2, Nombre: Perdiendo la Cabeza, Inicio: 2024-10-09 13:11:00, Fin: 2024-10-09 14:08:00, Estado: 3
[2024-10-22 12:16:04] [info] Evento ID: 3, Nombre: Col. Don Bosco, Inicio: 2024-10-09 13:12:00, Fin: 2024-10-09 13:15:00, Estado: 3
[2024-10-22 12:16:04] [info] Evento ID: 4, Nombre: El Diario, Inicio: 2024-10-10 10:01:00, Fin: 2024-10-24 20:00:00, Estado: 2
[2024-10-22 12:17:05] [info] Iniciando actualización de estados de eventos. Fecha actual: 2024-10-22 12:17:05
[2024-10-22 12:17:05] [info] Eventos actualizados de 'en espera' a 'activos': 0
[2024-10-22 12:17:05] [info] Eventos actualizados de 'activos' a 'finalizados': 0
[2024-10-22 12:17:05] [info] Resumen de actualización:
[2024-10-22 12:17:05] [info] Total de eventos actualizados: 0
[2024-10-22 12:17:05] [info] Evento ID: 1, Nombre: Microsoft, Inicio: 2024-10-09 00:00:00, Fin: 2024-10-09 23:32:00, Estado: 3
[2024-10-22 12:17:05] [info] Evento ID: 2, Nombre: Perdiendo la Cabeza, Inicio: 2024-10-09 13:11:00, Fin: 2024-10-09 14:08:00, Estado: 3
[2024-10-22 12:17:05] [info] Evento ID: 3, Nombre: Col. Don Bosco, Inicio: 2024-10-09 13:12:00, Fin: 2024-10-09 13:15:00, Estado: 3
[2024-10-22 12:17:05] [info] Evento ID: 4, Nombre: El Diario, Inicio: 2024-10-10 10:01:00, Fin: 2024-10-24 20:00:00, Estado: 2
[2024-10-22 12:18:06] [info] Iniciando actualización de estados de eventos. Fecha actual: 2024-10-22 12:18:06
[2024-10-22 12:18:06] [info] Eventos actualizados de 'en espera' a 'activos': 0
[2024-10-22 12:18:06] [info] Eventos actualizados de 'activos' a 'finalizados': 0
[2024-10-22 12:18:06] [info] Resumen de actualización:
[2024-10-22 12:18:06] [info] Total de eventos actualizados: 0
[2024-10-22 12:18:06] [info] Evento ID: 1, Nombre: Microsoft, Inicio: 2024-10-09 00:00:00, Fin: 2024-10-09 23:32:00, Estado: 3
[2024-10-22 12:18:06] [info] Evento ID: 2, Nombre: Perdiendo la Cabeza, Inicio: 2024-10-09 13:11:00, Fin: 2024-10-09 14:08:00, Estado: 3
[2024-10-22 12:18:06] [info] Evento ID: 3, Nombre: Col. Don Bosco, Inicio: 2024-10-09 13:12:00, Fin: 2024-10-09 13:15:00, Estado: 3
[2024-10-22 12:18:06] [info] Evento ID: 4, Nombre: El Diario, Inicio: 2024-10-10 10:01:00, Fin: 2024-10-24 20:00:00, Estado: 2
[2024-10-22 12:23:15] [info] Iniciando actualización de estados de eventos. Fecha actual: 2024-10-22 12:23:15
[2024-10-22 12:23:15] [info] Eventos actualizados de 'en espera' a 'activos': 0
[2024-10-22 12:23:15] [info] Eventos actualizados de 'activos' a 'finalizados': 0
[2024-10-22 12:23:15] [info] Resumen de actualización:
[2024-10-22 12:23:15] [info] Total de eventos actualizados: 0
[2024-10-22 12:23:15] [info] Evento ID: 1, Nombre: Microsoft, Inicio: 2024-10-09 00:00:00, Fin: 2024-10-09 23:32:00, Estado: 3
[2024-10-22 12:23:15] [info] Evento ID: 2, Nombre: Perdiendo la Cabeza, Inicio: 2024-10-09 13:11:00, Fin: 2024-10-09 14:08:00, Estado: 3
[2024-10-22 12:23:15] [info] Evento ID: 3, Nombre: Col. Don Bosco, Inicio: 2024-10-09 13:12:00, Fin: 2024-10-09 13:15:00, Estado: 3
[2024-10-22 12:23:15] [info] Evento ID: 4, Nombre: El Diario, Inicio: 2024-10-10 10:01:00, Fin: 2024-10-24 20:00:00, Estado: 2
[2024-10-22 12:24:05] [info] Iniciando actualización de estados de eventos. Fecha actual: 2024-10-22 12:24:05
[2024-10-22 12:24:05] [info] Eventos actualizados de 'en espera' a 'activos': 0
[2024-10-22 12:24:05] [info] Eventos actualizados de 'activos' a 'finalizados': 0
[2024-10-22 12:24:05] [info] Resumen de actualización:
[2024-10-22 12:24:05] [info] Total de eventos actualizados: 0
[2024-10-22 12:24:05] [info] Evento ID: 1, Nombre: Microsoft, Inicio: 2024-10-09 00:00:00, Fin: 2024-10-09 23:32:00, Estado: 3
[2024-10-22 12:24:05] [info] Evento ID: 2, Nombre: Perdiendo la Cabeza, Inicio: 2024-10-09 13:11:00, Fin: 2024-10-09 14:08:00, Estado: 3
[2024-10-22 12:24:05] [info] Evento ID: 3, Nombre: Col. Don Bosco, Inicio: 2024-10-09 13:12:00, Fin: 2024-10-09 13:15:00, Estado: 3
[2024-10-22 12:24:05] [info] Evento ID: 4, Nombre: El Diario, Inicio: 2024-10-10 10:01:00, Fin: 2024-10-24 20:00:00, Estado: 2
