[2025-02-12 11:58:42] [info] Iniciando actualización de estados de eventos. Fecha actual: 2025-02-12 11:58:42
[2025-02-12 11:58:42] [info] Eventos retrocedidos a Pendiente: 0
[2025-02-12 11:58:42] [info] Eventos retrocedidos desde Finalizado: 0
[2025-02-12 11:58:42] [info] Eventos finalizados actualizados: 0
[2025-02-12 11:58:42] [info] Jugadores actualizados a terminado: 0
[2025-02-12 11:58:42] [info] Eventos iniciados: 0
[2025-02-12 11:58:42] [info] Evento ID: 11, Nombre: Todos Santos, Jugadores terminados: 10/10
[2025-02-12 11:58:42] [info] Evento ID: 13, Nombre: Halloween, Jugadores terminados: 7/7
[2025-02-12 11:58:42] [info] Evento ID: 15, Nombre: Instituto ABC, Jugadores terminados: 3/3
[2025-02-12 11:58:42] [info] Evento ID: 16, Nombre: Sistemas UBI, Jugadores terminados: 18/18
[2025-02-12 11:58:42] [info] Evento ID: 24, Nombre: Microsoft, Jugadores terminados: 30/30
[2025-02-12 11:58:42] [info] Evento ID: 40, Nombre: New Year, Jugadores terminados: 5/5
[2025-02-12 11:58:46] [info] Iniciando actualización de estados de eventos. Fecha actual: 2025-02-12 11:58:46
[2025-02-12 11:58:46] [info] Eventos retrocedidos a Pendiente: 0
[2025-02-12 11:58:46] [info] Eventos retrocedidos desde Finalizado: 0
[2025-02-12 11:58:46] [info] Eventos finalizados actualizados: 0
[2025-02-12 11:58:46] [info] Jugadores actualizados a terminado: 0
[2025-02-12 11:58:46] [info] Eventos iniciados: 0
[2025-02-12 11:58:46] [info] Evento ID: 11, Nombre: Todos Santos, Jugadores terminados: 10/10
[2025-02-12 11:58:46] [info] Evento ID: 13, Nombre: Halloween, Jugadores terminados: 7/7
[2025-02-12 11:58:46] [info] Evento ID: 15, Nombre: Instituto ABC, Jugadores terminados: 3/3
[2025-02-12 11:58:46] [info] Evento ID: 16, Nombre: Sistemas UBI, Jugadores terminados: 18/18
[2025-02-12 11:58:46] [info] Evento ID: 24, Nombre: Microsoft, Jugadores terminados: 30/30
[2025-02-12 11:58:46] [info] Evento ID: 40, Nombre: New Year, Jugadores terminados: 5/5
[2025-02-12 13:41:57] [info] Iniciando actualización de estados de eventos. Fecha actual: 2025-02-12 13:41:57
[2025-02-12 13:41:57] [info] Eventos retrocedidos a Pendiente: 0
[2025-02-12 13:41:57] [info] Eventos retrocedidos desde Finalizado: 0
[2025-02-12 13:41:57] [info] Eventos finalizados actualizados: 0
[2025-02-12 13:41:57] [info] Jugadores actualizados a terminado: 0
[2025-02-12 13:41:57] [info] Eventos iniciados: 0
[2025-02-12 13:41:57] [info] Evento ID: 11, Nombre: Todos Santos, Jugadores terminados: 10/10
[2025-02-12 13:41:57] [info] Evento ID: 13, Nombre: Halloween, Jugadores terminados: 7/7
[2025-02-12 13:41:57] [info] Evento ID: 15, Nombre: Instituto ABC, Jugadores terminados: 3/3
[2025-02-12 13:41:57] [info] Evento ID: 16, Nombre: Sistemas UBI, Jugadores terminados: 18/18
[2025-02-12 13:41:57] [info] Evento ID: 24, Nombre: Microsoft, Jugadores terminados: 30/30
[2025-02-12 13:41:57] [info] Evento ID: 40, Nombre: New Year, Jugadores terminados: 5/5
[2025-02-12 13:42:28] [info] Iniciando actualización de estados de eventos. Fecha actual: 2025-02-12 13:42:28
[2025-02-12 13:42:28] [info] Eventos retrocedidos a Pendiente: 0
[2025-02-12 13:42:28] [info] Eventos retrocedidos desde Finalizado: 0
[2025-02-12 13:42:28] [info] Eventos finalizados actualizados: 0
[2025-02-12 13:42:28] [info] Jugadores actualizados a terminado: 0
[2025-02-12 13:42:28] [info] Eventos iniciados: 0
[2025-02-12 13:42:28] [info] Evento ID: 11, Nombre: Todos Santos, Jugadores terminados: 10/10
[2025-02-12 13:42:28] [info] Evento ID: 13, Nombre: Halloween, Jugadores terminados: 7/7
[2025-02-12 13:42:28] [info] Evento ID: 15, Nombre: Instituto ABC, Jugadores terminados: 3/3
[2025-02-12 13:42:28] [info] Evento ID: 16, Nombre: Sistemas UBI, Jugadores terminados: 18/18
[2025-02-12 13:42:28] [info] Evento ID: 24, Nombre: Microsoft, Jugadores terminados: 30/30
[2025-02-12 13:42:28] [info] Evento ID: 40, Nombre: New Year, Jugadores terminados: 5/5
[2025-02-12 13:42:58] [info] Iniciando actualización de estados de eventos. Fecha actual: 2025-02-12 13:42:58
[2025-02-12 13:42:58] [info] Eventos retrocedidos a Pendiente: 0
[2025-02-12 13:42:58] [info] Eventos retrocedidos desde Finalizado: 0
[2025-02-12 13:42:58] [info] Eventos finalizados actualizados: 0
[2025-02-12 13:42:58] [info] Jugadores actualizados a terminado: 0
[2025-02-12 13:42:58] [info] Eventos iniciados: 0
[2025-02-12 13:42:58] [info] Evento ID: 11, Nombre: Todos Santos, Jugadores terminados: 10/10
[2025-02-12 13:42:58] [info] Evento ID: 13, Nombre: Halloween, Jugadores terminados: 7/7
[2025-02-12 13:42:58] [info] Evento ID: 15, Nombre: Instituto ABC, Jugadores terminados: 3/3
[2025-02-12 13:42:58] [info] Evento ID: 16, Nombre: Sistemas UBI, Jugadores terminados: 18/18
[2025-02-12 13:42:58] [info] Evento ID: 24, Nombre: Microsoft, Jugadores terminados: 30/30
[2025-02-12 13:42:58] [info] Evento ID: 40, Nombre: New Year, Jugadores terminados: 5/5
[2025-02-12 13:43:14] [info] Iniciando actualización de estados de eventos. Fecha actual: 2025-02-12 13:43:14
[2025-02-12 13:43:14] [info] Eventos retrocedidos a Pendiente: 0
[2025-02-12 13:43:14] [info] Eventos retrocedidos desde Finalizado: 0
[2025-02-12 13:43:14] [info] Eventos finalizados actualizados: 0
[2025-02-12 13:43:14] [info] Jugadores actualizados a terminado: 0
[2025-02-12 13:43:14] [info] Eventos iniciados: 0
[2025-02-12 13:43:14] [info] Evento ID: 11, Nombre: Todos Santos, Jugadores terminados: 10/10
[2025-02-12 13:43:14] [info] Evento ID: 13, Nombre: Halloween, Jugadores terminados: 7/7
[2025-02-12 13:43:14] [info] Evento ID: 15, Nombre: Instituto ABC, Jugadores terminados: 3/3
[2025-02-12 13:43:14] [info] Evento ID: 16, Nombre: Sistemas UBI, Jugadores terminados: 18/18
[2025-02-12 13:43:14] [info] Evento ID: 24, Nombre: Microsoft, Jugadores terminados: 30/30
[2025-02-12 13:43:14] [info] Evento ID: 40, Nombre: New Year, Jugadores terminados: 5/5
[2025-02-12 13:43:17] [info] Iniciando actualización de estados de eventos. Fecha actual: 2025-02-12 13:43:17
[2025-02-12 13:43:17] [info] Eventos retrocedidos a Pendiente: 0
[2025-02-12 13:43:17] [info] Eventos retrocedidos desde Finalizado: 0
[2025-02-12 13:43:17] [info] Eventos finalizados actualizados: 0
[2025-02-12 13:43:17] [info] Jugadores actualizados a terminado: 0
[2025-02-12 13:43:17] [info] Eventos iniciados: 0
[2025-02-12 13:43:17] [info] Evento ID: 11, Nombre: Todos Santos, Jugadores terminados: 10/10
[2025-02-12 13:43:17] [info] Evento ID: 13, Nombre: Halloween, Jugadores terminados: 7/7
[2025-02-12 13:43:17] [info] Evento ID: 15, Nombre: Instituto ABC, Jugadores terminados: 3/3
[2025-02-12 13:43:17] [info] Evento ID: 16, Nombre: Sistemas UBI, Jugadores terminados: 18/18
[2025-02-12 13:43:17] [info] Evento ID: 24, Nombre: Microsoft, Jugadores terminados: 30/30
[2025-02-12 13:43:17] [info] Evento ID: 40, Nombre: New Year, Jugadores terminados: 5/5
[2025-02-12 13:55:00] [info] Iniciando actualización de estados de eventos. Fecha actual: 2025-02-12 13:55:00
[2025-02-12 13:55:00] [info] Eventos retrocedidos a Pendiente: 0
[2025-02-12 13:55:00] [info] Eventos retrocedidos desde Finalizado: 0
[2025-02-12 13:55:00] [info] Eventos finalizados actualizados: 0
[2025-02-12 13:55:00] [info] Jugadores actualizados a terminado: 0
[2025-02-12 13:55:00] [info] Eventos iniciados: 0
[2025-02-12 13:55:00] [info] Evento ID: 11, Nombre: Todos Santos, Jugadores terminados: 10/10
[2025-02-12 13:55:00] [info] Evento ID: 13, Nombre: Halloween, Jugadores terminados: 7/7
[2025-02-12 13:55:00] [info] Evento ID: 15, Nombre: Instituto ABC, Jugadores terminados: 3/3
[2025-02-12 13:55:00] [info] Evento ID: 16, Nombre: Sistemas UBI, Jugadores terminados: 18/18
[2025-02-12 13:55:00] [info] Evento ID: 24, Nombre: Microsoft, Jugadores terminados: 30/30
[2025-02-12 13:55:00] [info] Evento ID: 40, Nombre: New Year, Jugadores terminados: 5/5
[2025-02-12 13:55:30] [info] Iniciando actualización de estados de eventos. Fecha actual: 2025-02-12 13:55:30
[2025-02-12 13:55:30] [info] Eventos retrocedidos a Pendiente: 0
[2025-02-12 13:55:30] [info] Eventos retrocedidos desde Finalizado: 0
[2025-02-12 13:55:30] [info] Eventos finalizados actualizados: 0
[2025-02-12 13:55:30] [info] Jugadores actualizados a terminado: 0
[2025-02-12 13:55:30] [info] Eventos iniciados: 0
[2025-02-12 13:55:30] [info] Evento ID: 11, Nombre: Todos Santos, Jugadores terminados: 10/10
[2025-02-12 13:55:30] [info] Evento ID: 13, Nombre: Halloween, Jugadores terminados: 7/7
[2025-02-12 13:55:30] [info] Evento ID: 15, Nombre: Instituto ABC, Jugadores terminados: 3/3
[2025-02-12 13:55:30] [info] Evento ID: 16, Nombre: Sistemas UBI, Jugadores terminados: 18/18
[2025-02-12 13:55:30] [info] Evento ID: 24, Nombre: Microsoft, Jugadores terminados: 30/30
[2025-02-12 13:55:30] [info] Evento ID: 40, Nombre: New Year, Jugadores terminados: 5/5
[2025-02-12 13:56:00] [info] Iniciando actualización de estados de eventos. Fecha actual: 2025-02-12 13:56:00
[2025-02-12 13:56:00] [info] Eventos retrocedidos a Pendiente: 0
[2025-02-12 13:56:00] [info] Eventos retrocedidos desde Finalizado: 0
[2025-02-12 13:56:00] [info] Eventos finalizados actualizados: 0
[2025-02-12 13:56:00] [info] Jugadores actualizados a terminado: 0
[2025-02-12 13:56:00] [info] Eventos iniciados: 0
[2025-02-12 13:56:00] [info] Evento ID: 11, Nombre: Todos Santos, Jugadores terminados: 10/10
[2025-02-12 13:56:00] [info] Evento ID: 13, Nombre: Halloween, Jugadores terminados: 7/7
[2025-02-12 13:56:00] [info] Evento ID: 15, Nombre: Instituto ABC, Jugadores terminados: 3/3
[2025-02-12 13:56:00] [info] Evento ID: 16, Nombre: Sistemas UBI, Jugadores terminados: 18/18
[2025-02-12 13:56:00] [info] Evento ID: 24, Nombre: Microsoft, Jugadores terminados: 30/30
[2025-02-12 13:56:00] [info] Evento ID: 40, Nombre: New Year, Jugadores terminados: 5/5
[2025-02-12 13:56:30] [info] Iniciando actualización de estados de eventos. Fecha actual: 2025-02-12 13:56:30
[2025-02-12 13:56:30] [info] Eventos retrocedidos a Pendiente: 0
[2025-02-12 13:56:30] [info] Eventos retrocedidos desde Finalizado: 0
[2025-02-12 13:56:30] [info] Eventos finalizados actualizados: 0
[2025-02-12 13:56:30] [info] Jugadores actualizados a terminado: 0
[2025-02-12 13:56:30] [info] Eventos iniciados: 0
[2025-02-12 13:56:30] [info] Evento ID: 11, Nombre: Todos Santos, Jugadores terminados: 10/10
[2025-02-12 13:56:30] [info] Evento ID: 13, Nombre: Halloween, Jugadores terminados: 7/7
[2025-02-12 13:56:30] [info] Evento ID: 15, Nombre: Instituto ABC, Jugadores terminados: 3/3
[2025-02-12 13:56:30] [info] Evento ID: 16, Nombre: Sistemas UBI, Jugadores terminados: 18/18
[2025-02-12 13:56:30] [info] Evento ID: 24, Nombre: Microsoft, Jugadores terminados: 30/30
[2025-02-12 13:56:30] [info] Evento ID: 40, Nombre: New Year, Jugadores terminados: 5/5
[2025-02-12 13:57:00] [info] Iniciando actualización de estados de eventos. Fecha actual: 2025-02-12 13:57:00
[2025-02-12 13:57:00] [info] Eventos retrocedidos a Pendiente: 0
[2025-02-12 13:57:00] [info] Eventos retrocedidos desde Finalizado: 0
[2025-02-12 13:57:00] [info] Eventos finalizados actualizados: 0
[2025-02-12 13:57:00] [info] Jugadores actualizados a terminado: 0
[2025-02-12 13:57:00] [info] Eventos iniciados: 0
[2025-02-12 13:57:00] [info] Evento ID: 11, Nombre: Todos Santos, Jugadores terminados: 10/10
[2025-02-12 13:57:00] [info] Evento ID: 13, Nombre: Halloween, Jugadores terminados: 7/7
[2025-02-12 13:57:00] [info] Evento ID: 15, Nombre: Instituto ABC, Jugadores terminados: 3/3
[2025-02-12 13:57:00] [info] Evento ID: 16, Nombre: Sistemas UBI, Jugadores terminados: 18/18
[2025-02-12 13:57:00] [info] Evento ID: 24, Nombre: Microsoft, Jugadores terminados: 30/30
[2025-02-12 13:57:00] [info] Evento ID: 40, Nombre: New Year, Jugadores terminados: 5/5
[2025-02-12 13:57:30] [info] Iniciando actualización de estados de eventos. Fecha actual: 2025-02-12 13:57:30
[2025-02-12 13:57:30] [info] Eventos retrocedidos a Pendiente: 0
[2025-02-12 13:57:30] [info] Eventos retrocedidos desde Finalizado: 0
[2025-02-12 13:57:30] [info] Eventos finalizados actualizados: 0
[2025-02-12 13:57:30] [info] Jugadores actualizados a terminado: 0
[2025-02-12 13:57:30] [info] Eventos iniciados: 0
[2025-02-12 13:57:30] [info] Evento ID: 11, Nombre: Todos Santos, Jugadores terminados: 10/10
[2025-02-12 13:57:30] [info] Evento ID: 13, Nombre: Halloween, Jugadores terminados: 7/7
[2025-02-12 13:57:30] [info] Evento ID: 15, Nombre: Instituto ABC, Jugadores terminados: 3/3
[2025-02-12 13:57:30] [info] Evento ID: 16, Nombre: Sistemas UBI, Jugadores terminados: 18/18
[2025-02-12 13:57:30] [info] Evento ID: 24, Nombre: Microsoft, Jugadores terminados: 30/30
[2025-02-12 13:57:30] [info] Evento ID: 40, Nombre: New Year, Jugadores terminados: 5/5
[2025-02-12 13:58:00] [info] Iniciando actualización de estados de eventos. Fecha actual: 2025-02-12 13:58:00
[2025-02-12 13:58:00] [info] Eventos retrocedidos a Pendiente: 0
[2025-02-12 13:58:00] [info] Eventos retrocedidos desde Finalizado: 0
[2025-02-12 13:58:00] [info] Eventos finalizados actualizados: 0
[2025-02-12 13:58:00] [info] Jugadores actualizados a terminado: 0
[2025-02-12 13:58:00] [info] Eventos iniciados: 0
[2025-02-12 13:58:00] [info] Evento ID: 11, Nombre: Todos Santos, Jugadores terminados: 10/10
[2025-02-12 13:58:00] [info] Evento ID: 13, Nombre: Halloween, Jugadores terminados: 7/7
[2025-02-12 13:58:00] [info] Evento ID: 15, Nombre: Instituto ABC, Jugadores terminados: 3/3
[2025-02-12 13:58:00] [info] Evento ID: 16, Nombre: Sistemas UBI, Jugadores terminados: 18/18
[2025-02-12 13:58:00] [info] Evento ID: 24, Nombre: Microsoft, Jugadores terminados: 30/30
[2025-02-12 13:58:00] [info] Evento ID: 40, Nombre: New Year, Jugadores terminados: 5/5
[2025-02-12 13:58:30] [info] Iniciando actualización de estados de eventos. Fecha actual: 2025-02-12 13:58:30
[2025-02-12 13:58:30] [info] Eventos retrocedidos a Pendiente: 0
[2025-02-12 13:58:30] [info] Eventos retrocedidos desde Finalizado: 0
[2025-02-12 13:58:30] [info] Eventos finalizados actualizados: 0
[2025-02-12 13:58:30] [info] Jugadores actualizados a terminado: 0
[2025-02-12 13:58:30] [info] Eventos iniciados: 0
[2025-02-12 13:58:30] [info] Evento ID: 11, Nombre: Todos Santos, Jugadores terminados: 10/10
[2025-02-12 13:58:30] [info] Evento ID: 13, Nombre: Halloween, Jugadores terminados: 7/7
[2025-02-12 13:58:30] [info] Evento ID: 15, Nombre: Instituto ABC, Jugadores terminados: 3/3
[2025-02-12 13:58:30] [info] Evento ID: 16, Nombre: Sistemas UBI, Jugadores terminados: 18/18
[2025-02-12 13:58:30] [info] Evento ID: 24, Nombre: Microsoft, Jugadores terminados: 30/30
[2025-02-12 13:58:30] [info] Evento ID: 40, Nombre: New Year, Jugadores terminados: 5/5
[2025-02-12 13:59:00] [info] Iniciando actualización de estados de eventos. Fecha actual: 2025-02-12 13:59:00
[2025-02-12 13:59:00] [info] Eventos retrocedidos a Pendiente: 0
[2025-02-12 13:59:00] [info] Eventos retrocedidos desde Finalizado: 0
[2025-02-12 13:59:00] [info] Eventos finalizados actualizados: 0
[2025-02-12 13:59:00] [info] Jugadores actualizados a terminado: 0
[2025-02-12 13:59:00] [info] Eventos iniciados: 0
[2025-02-12 13:59:00] [info] Evento ID: 11, Nombre: Todos Santos, Jugadores terminados: 73/73
[2025-02-12 13:59:00] [info] Evento ID: 15, Nombre: Instituto ABC, Jugadores terminados: 0/0
[2025-02-12 13:59:00] [info] Evento ID: 16, Nombre: Sistemas UBI, Jugadores terminados: 0/0
[2025-02-12 13:59:00] [info] Evento ID: 24, Nombre: Microsoft, Jugadores terminados: 0/0
[2025-02-12 13:59:00] [info] Evento ID: 40, Nombre: New Year, Jugadores terminados: 0/0
[2025-02-12 13:59:30] [info] Iniciando actualización de estados de eventos. Fecha actual: 2025-02-12 13:59:30
[2025-02-12 13:59:30] [info] Eventos retrocedidos a Pendiente: 0
[2025-02-12 13:59:30] [info] Eventos retrocedidos desde Finalizado: 0
[2025-02-12 13:59:30] [info] Eventos finalizados actualizados: 0
[2025-02-12 13:59:30] [info] Jugadores actualizados a terminado: 0
[2025-02-12 13:59:30] [info] Eventos iniciados: 0
[2025-02-12 13:59:30] [info] Evento ID: 11, Nombre: Todos Santos, Jugadores terminados: 73/73
[2025-02-12 13:59:30] [info] Evento ID: 15, Nombre: Instituto ABC, Jugadores terminados: 0/0
[2025-02-12 13:59:30] [info] Evento ID: 16, Nombre: Sistemas UBI, Jugadores terminados: 0/0
[2025-02-12 13:59:30] [info] Evento ID: 24, Nombre: Microsoft, Jugadores terminados: 0/0
[2025-02-12 13:59:30] [info] Evento ID: 40, Nombre: New Year, Jugadores terminados: 0/0
[2025-02-12 14:00:00] [info] Iniciando actualización de estados de eventos. Fecha actual: 2025-02-12 14:00:00
[2025-02-12 14:00:00] [info] Eventos retrocedidos a Pendiente: 0
[2025-02-12 14:00:00] [info] Eventos retrocedidos desde Finalizado: 0
[2025-02-12 14:00:00] [info] Eventos finalizados actualizados: 0
[2025-02-12 14:00:00] [info] Jugadores actualizados a terminado: 0
[2025-02-12 14:00:00] [info] Eventos iniciados: 0
[2025-02-12 14:00:00] [info] Evento ID: 11, Nombre: Todos Santos, Jugadores terminados: 73/73
[2025-02-12 14:00:00] [info] Evento ID: 15, Nombre: Instituto ABC, Jugadores terminados: 0/0
[2025-02-12 14:00:00] [info] Evento ID: 16, Nombre: Sistemas UBI, Jugadores terminados: 0/0
[2025-02-12 14:00:00] [info] Evento ID: 24, Nombre: Microsoft, Jugadores terminados: 0/0
[2025-02-12 14:00:00] [info] Evento ID: 40, Nombre: New Year, Jugadores terminados: 0/0
[2025-02-12 14:00:30] [info] Iniciando actualización de estados de eventos. Fecha actual: 2025-02-12 14:00:30
[2025-02-12 14:00:30] [info] Eventos retrocedidos a Pendiente: 0
[2025-02-12 14:00:30] [info] Eventos retrocedidos desde Finalizado: 0
[2025-02-12 14:00:30] [info] Eventos finalizados actualizados: 0
[2025-02-12 14:00:30] [info] Jugadores actualizados a terminado: 0
[2025-02-12 14:00:30] [info] Eventos iniciados: 0
[2025-02-12 14:00:30] [info] Evento ID: 2, Nombre: New Year, Jugadores terminados: 0/0
[2025-02-12 14:00:30] [info] Evento ID: 11, Nombre: Todos Santos, Jugadores terminados: 73/73
[2025-02-12 14:01:00] [info] Iniciando actualización de estados de eventos. Fecha actual: 2025-02-12 14:01:00
[2025-02-12 14:01:00] [info] Eventos retrocedidos a Pendiente: 0
[2025-02-12 14:01:00] [info] Eventos retrocedidos desde Finalizado: 0
[2025-02-12 14:01:00] [info] Eventos finalizados actualizados: 0
[2025-02-12 14:01:00] [info] Jugadores actualizados a terminado: 0
[2025-02-12 14:01:00] [info] Eventos iniciados: 0
[2025-02-12 14:01:00] [info] Evento ID: 2, Nombre: New Year, Jugadores terminados: 0/0
[2025-02-12 14:01:00] [info] Evento ID: 11, Nombre: Todos Santos, Jugadores terminados: 73/73
[2025-02-12 14:01:30] [info] Iniciando actualización de estados de eventos. Fecha actual: 2025-02-12 14:01:30
[2025-02-12 14:01:30] [info] Eventos retrocedidos a Pendiente: 0
[2025-02-12 14:01:30] [info] Eventos retrocedidos desde Finalizado: 0
[2025-02-12 14:01:30] [info] Eventos finalizados actualizados: 0
[2025-02-12 14:01:30] [info] Jugadores actualizados a terminado: 0
[2025-02-12 14:01:30] [info] Eventos iniciados: 0
[2025-02-12 14:01:30] [info] Evento ID: 2, Nombre: New Year, Jugadores terminados: 0/0
[2025-02-12 14:01:30] [info] Evento ID: 11, Nombre: Todos Santos, Jugadores terminados: 73/73
[2025-02-12 14:02:00] [info] Iniciando actualización de estados de eventos. Fecha actual: 2025-02-12 14:02:00
[2025-02-12 14:02:00] [info] Eventos retrocedidos a Pendiente: 0
[2025-02-12 14:02:00] [info] Eventos retrocedidos desde Finalizado: 0
[2025-02-12 14:02:00] [info] Eventos finalizados actualizados: 0
[2025-02-12 14:02:00] [info] Jugadores actualizados a terminado: 0
[2025-02-12 14:02:00] [info] Eventos iniciados: 0
[2025-02-12 14:02:00] [info] Evento ID: 2, Nombre: New Year, Jugadores terminados: 0/0
[2025-02-12 14:02:00] [info] Evento ID: 11, Nombre: Todos Santos, Jugadores terminados: 73/73
[2025-02-12 14:02:30] [info] Iniciando actualización de estados de eventos. Fecha actual: 2025-02-12 14:02:30
[2025-02-12 14:02:30] [info] Eventos retrocedidos a Pendiente: 0
[2025-02-12 14:02:30] [info] Eventos retrocedidos desde Finalizado: 0
[2025-02-12 14:02:30] [info] Eventos finalizados actualizados: 0
[2025-02-12 14:02:30] [info] Jugadores actualizados a terminado: 0
[2025-02-12 14:02:30] [info] Eventos iniciados: 0
[2025-02-12 14:02:30] [info] Evento ID: 2, Nombre: New Year, Jugadores terminados: 0/0
[2025-02-12 14:02:30] [info] Evento ID: 11, Nombre: Todos Santos, Jugadores terminados: 73/73
[2025-02-12 14:03:00] [info] Iniciando actualización de estados de eventos. Fecha actual: 2025-02-12 14:03:00
[2025-02-12 14:03:00] [info] Eventos retrocedidos a Pendiente: 0
[2025-02-12 14:03:00] [info] Eventos retrocedidos desde Finalizado: 0
[2025-02-12 14:03:00] [info] Eventos finalizados actualizados: 0
[2025-02-12 14:03:00] [info] Jugadores actualizados a terminado: 0
[2025-02-12 14:03:00] [info] Eventos iniciados: 0
[2025-02-12 14:03:00] [info] Evento ID: 2, Nombre: New Year, Jugadores terminados: 0/0
[2025-02-12 14:03:00] [info] Evento ID: 11, Nombre: Todos Santos, Jugadores terminados: 73/73
[2025-02-12 14:03:31] [info] Iniciando actualización de estados de eventos. Fecha actual: 2025-02-12 14:03:31
[2025-02-12 14:03:31] [info] Eventos retrocedidos a Pendiente: 0
[2025-02-12 14:03:31] [info] Eventos retrocedidos desde Finalizado: 0
[2025-02-12 14:03:31] [info] Eventos finalizados actualizados: 0
[2025-02-12 14:03:31] [info] Jugadores actualizados a terminado: 0
[2025-02-12 14:03:31] [info] Eventos iniciados: 0
[2025-02-12 14:03:31] [info] Evento ID: 2, Nombre: New Year, Jugadores terminados: 0/0
[2025-02-12 14:03:31] [info] Evento ID: 11, Nombre: Todos Santos, Jugadores terminados: 73/73
[2025-02-12 14:04:01] [info] Iniciando actualización de estados de eventos. Fecha actual: 2025-02-12 14:04:01
[2025-02-12 14:04:01] [info] Eventos retrocedidos a Pendiente: 0
[2025-02-12 14:04:01] [info] Eventos retrocedidos desde Finalizado: 0
[2025-02-12 14:04:01] [info] Eventos finalizados actualizados: 0
[2025-02-12 14:04:01] [info] Jugadores actualizados a terminado: 0
[2025-02-12 14:04:01] [info] Eventos iniciados: 0
[2025-02-12 14:04:01] [info] Evento ID: 2, Nombre: New Year, Jugadores terminados: 0/0
[2025-02-12 14:04:01] [info] Evento ID: 11, Nombre: Todos Santos, Jugadores terminados: 73/73
[2025-02-12 14:04:31] [info] Iniciando actualización de estados de eventos. Fecha actual: 2025-02-12 14:04:31
[2025-02-12 14:04:31] [info] Eventos retrocedidos a Pendiente: 0
[2025-02-12 14:04:31] [info] Eventos retrocedidos desde Finalizado: 0
[2025-02-12 14:04:31] [info] Eventos finalizados actualizados: 0
[2025-02-12 14:04:31] [info] Jugadores actualizados a terminado: 0
[2025-02-12 14:04:31] [info] Eventos iniciados: 0
[2025-02-12 14:04:31] [info] Evento ID: 1, Nombre: Navidad, Jugadores terminados: 0/0
[2025-02-12 14:04:31] [info] Evento ID: 2, Nombre: New Year, Jugadores terminados: 73/73
[2025-02-12 14:05:01] [info] Iniciando actualización de estados de eventos. Fecha actual: 2025-02-12 14:05:01
[2025-02-12 14:05:01] [info] Eventos retrocedidos a Pendiente: 0
[2025-02-12 14:05:01] [info] Eventos retrocedidos desde Finalizado: 0
[2025-02-12 14:05:01] [info] Eventos finalizados actualizados: 0
[2025-02-12 14:05:01] [info] Jugadores actualizados a terminado: 0
[2025-02-12 14:05:01] [info] Eventos iniciados: 0
[2025-02-12 14:05:01] [info] Evento ID: 1, Nombre: Navidad, Jugadores terminados: 0/0
[2025-02-12 14:05:01] [info] Evento ID: 2, Nombre: New Year, Jugadores terminados: 73/73
[2025-02-12 14:05:31] [info] Iniciando actualización de estados de eventos. Fecha actual: 2025-02-12 14:05:31
[2025-02-12 14:05:31] [info] Eventos retrocedidos a Pendiente: 0
[2025-02-12 14:05:31] [info] Eventos retrocedidos desde Finalizado: 0
[2025-02-12 14:05:31] [info] Eventos finalizados actualizados: 0
[2025-02-12 14:05:31] [info] Jugadores actualizados a terminado: 0
[2025-02-12 14:05:31] [info] Eventos iniciados: 0
[2025-02-12 14:05:31] [info] Evento ID: 1, Nombre: Navidad, Jugadores terminados: 0/0
[2025-02-12 14:05:31] [info] Evento ID: 2, Nombre: New Year, Jugadores terminados: 73/73
[2025-02-12 14:06:01] [info] Iniciando actualización de estados de eventos. Fecha actual: 2025-02-12 14:06:01
[2025-02-12 14:06:01] [info] Eventos retrocedidos a Pendiente: 0
[2025-02-12 14:06:01] [info] Eventos retrocedidos desde Finalizado: 0
[2025-02-12 14:06:01] [info] Eventos finalizados actualizados: 0
[2025-02-12 14:06:01] [info] Jugadores actualizados a terminado: 0
[2025-02-12 14:06:01] [info] Eventos iniciados: 0
[2025-02-12 14:06:01] [info] Evento ID: 1, Nombre: Navidad, Jugadores terminados: 0/0
[2025-02-12 14:06:01] [info] Evento ID: 2, Nombre: Twenty Five, Jugadores terminados: 73/73
[2025-02-12 14:06:31] [info] Iniciando actualización de estados de eventos. Fecha actual: 2025-02-12 14:06:31
[2025-02-12 14:06:31] [info] Eventos retrocedidos a Pendiente: 0
[2025-02-12 14:06:31] [info] Eventos retrocedidos desde Finalizado: 0
[2025-02-12 14:06:31] [info] Eventos finalizados actualizados: 0
[2025-02-12 14:06:31] [info] Jugadores actualizados a terminado: 0
[2025-02-12 14:06:31] [info] Eventos iniciados: 0
[2025-02-12 14:06:31] [info] Evento ID: 1, Nombre: Navidad, Jugadores terminados: 0/0
[2025-02-12 14:06:31] [info] Evento ID: 2, Nombre: Twenty Five, Jugadores terminados: 73/73
[2025-02-12 14:07:01] [info] Iniciando actualización de estados de eventos. Fecha actual: 2025-02-12 14:07:01
[2025-02-12 14:07:01] [info] Eventos retrocedidos a Pendiente: 0
[2025-02-12 14:07:01] [info] Eventos retrocedidos desde Finalizado: 0
[2025-02-12 14:07:01] [info] Eventos finalizados actualizados: 0
[2025-02-12 14:07:01] [info] Jugadores actualizados a terminado: 0
[2025-02-12 14:07:01] [info] Eventos iniciados: 0
[2025-02-12 14:07:01] [info] Evento ID: 1, Nombre: Navidad, Jugadores terminados: 0/0
[2025-02-12 14:07:01] [info] Evento ID: 2, Nombre: Twenty Five, Jugadores terminados: 73/73
[2025-02-12 14:07:31] [info] Iniciando actualización de estados de eventos. Fecha actual: 2025-02-12 14:07:31
[2025-02-12 14:07:31] [info] Eventos retrocedidos a Pendiente: 0
[2025-02-12 14:07:31] [info] Eventos retrocedidos desde Finalizado: 0
[2025-02-12 14:07:31] [info] Eventos finalizados actualizados: 0
[2025-02-12 14:07:31] [info] Jugadores actualizados a terminado: 0
[2025-02-12 14:07:31] [info] Eventos iniciados: 0
[2025-02-12 14:07:31] [info] Evento ID: 1, Nombre: Navidad, Jugadores terminados: 0/0
[2025-02-12 14:07:31] [info] Evento ID: 2, Nombre: Twenty Five, Jugadores terminados: 73/73
[2025-02-12 14:08:01] [info] Iniciando actualización de estados de eventos. Fecha actual: 2025-02-12 14:08:01
[2025-02-12 14:08:01] [info] Eventos retrocedidos a Pendiente: 0
[2025-02-12 14:08:01] [info] Eventos retrocedidos desde Finalizado: 0
[2025-02-12 14:08:01] [info] Eventos finalizados actualizados: 0
[2025-02-12 14:08:01] [info] Jugadores actualizados a terminado: 0
[2025-02-12 14:08:01] [info] Eventos iniciados: 0
[2025-02-12 14:08:01] [info] Evento ID: 1, Nombre: Navidad, Jugadores terminados: 0/0
[2025-02-12 14:08:01] [info] Evento ID: 2, Nombre: Twenty Five, Jugadores terminados: 73/73
[2025-02-12 14:08:31] [info] Iniciando actualización de estados de eventos. Fecha actual: 2025-02-12 14:08:31
[2025-02-12 14:08:31] [info] Eventos retrocedidos a Pendiente: 0
[2025-02-12 14:08:31] [info] Eventos retrocedidos desde Finalizado: 0
[2025-02-12 14:08:31] [info] Eventos finalizados actualizados: 0
[2025-02-12 14:08:31] [info] Jugadores actualizados a terminado: 0
[2025-02-12 14:08:31] [info] Eventos iniciados: 0
[2025-02-12 14:08:31] [info] Evento ID: 1, Nombre: Navidad, Jugadores terminados: 0/0
[2025-02-12 14:08:31] [info] Evento ID: 2, Nombre: Twenty Five, Jugadores terminados: 73/73
[2025-02-12 14:09:01] [info] Iniciando actualización de estados de eventos. Fecha actual: 2025-02-12 14:09:01
[2025-02-12 14:09:01] [info] Eventos retrocedidos a Pendiente: 0
[2025-02-12 14:09:01] [info] Eventos retrocedidos desde Finalizado: 0
[2025-02-12 14:09:01] [info] Eventos finalizados actualizados: 0
[2025-02-12 14:09:01] [info] Jugadores actualizados a terminado: 0
[2025-02-12 14:09:01] [info] Eventos iniciados: 0
[2025-02-12 14:09:01] [info] Evento ID: 1, Nombre: Navidad, Jugadores terminados: 0/0
[2025-02-12 14:09:01] [info] Evento ID: 2, Nombre: Twenty Five, Jugadores terminados: 73/73
[2025-02-12 14:09:31] [info] Iniciando actualización de estados de eventos. Fecha actual: 2025-02-12 14:09:31
[2025-02-12 14:09:31] [info] Eventos retrocedidos a Pendiente: 0
[2025-02-12 14:09:31] [info] Eventos retrocedidos desde Finalizado: 0
[2025-02-12 14:09:31] [info] Eventos finalizados actualizados: 0
[2025-02-12 14:09:31] [info] Jugadores actualizados a terminado: 0
[2025-02-12 14:09:31] [info] Eventos iniciados: 0
[2025-02-12 14:09:31] [info] Evento ID: 1, Nombre: Navidad, Jugadores terminados: 0/0
[2025-02-12 14:09:31] [info] Evento ID: 2, Nombre: Twenty Five, Jugadores terminados: 73/73
[2025-02-12 14:10:01] [info] Iniciando actualización de estados de eventos. Fecha actual: 2025-02-12 14:10:01
[2025-02-12 14:10:01] [info] Eventos retrocedidos a Pendiente: 0
[2025-02-12 14:10:01] [info] Eventos retrocedidos desde Finalizado: 0
[2025-02-12 14:10:01] [info] Eventos finalizados actualizados: 0
[2025-02-12 14:10:01] [info] Jugadores actualizados a terminado: 0
[2025-02-12 14:10:01] [info] Eventos iniciados: 0
[2025-02-12 14:10:01] [info] Evento ID: 1, Nombre: Navidad, Jugadores terminados: 0/0
[2025-02-12 14:10:01] [info] Evento ID: 2, Nombre: Twenty Five, Jugadores terminados: 73/73
[2025-02-12 14:10:31] [info] Iniciando actualización de estados de eventos. Fecha actual: 2025-02-12 14:10:31
[2025-02-12 14:10:31] [info] Eventos retrocedidos a Pendiente: 0
[2025-02-12 14:10:31] [info] Eventos retrocedidos desde Finalizado: 0
[2025-02-12 14:10:31] [info] Eventos finalizados actualizados: 0
[2025-02-12 14:10:31] [info] Jugadores actualizados a terminado: 0
[2025-02-12 14:10:31] [info] Eventos iniciados: 0
[2025-02-12 14:10:31] [info] Evento ID: 1, Nombre: Navidad, Jugadores terminados: 0/0
[2025-02-12 14:10:31] [info] Evento ID: 2, Nombre: Twenty Five, Jugadores terminados: 73/73
[2025-02-12 14:11:01] [info] Iniciando actualización de estados de eventos. Fecha actual: 2025-02-12 14:11:01
[2025-02-12 14:11:01] [info] Eventos retrocedidos a Pendiente: 0
[2025-02-12 14:11:01] [info] Eventos retrocedidos desde Finalizado: 0
[2025-02-12 14:11:01] [info] Eventos finalizados actualizados: 0
[2025-02-12 14:11:01] [info] Jugadores actualizados a terminado: 0
[2025-02-12 14:11:01] [info] Eventos iniciados: 0
[2025-02-12 14:11:01] [info] Evento ID: 1, Nombre: Navidad, Jugadores terminados: 0/0
[2025-02-12 14:11:01] [info] Evento ID: 2, Nombre: Twenty Five, Jugadores terminados: 73/73
[2025-02-12 14:11:31] [info] Iniciando actualización de estados de eventos. Fecha actual: 2025-02-12 14:11:31
[2025-02-12 14:11:31] [info] Eventos retrocedidos a Pendiente: 0
[2025-02-12 14:11:31] [info] Eventos retrocedidos desde Finalizado: 0
[2025-02-12 14:11:31] [info] Eventos finalizados actualizados: 0
[2025-02-12 14:11:31] [info] Jugadores actualizados a terminado: 0
[2025-02-12 14:11:31] [info] Eventos iniciados: 0
[2025-02-12 14:11:31] [info] Evento ID: 1, Nombre: Navidad, Jugadores terminados: 0/0
[2025-02-12 14:11:31] [info] Evento ID: 2, Nombre: Twenty Five, Jugadores terminados: 73/73
[2025-02-12 14:12:04] [info] Iniciando actualización de estados de eventos. Fecha actual: 2025-02-12 14:12:04
[2025-02-12 14:12:04] [info] Eventos retrocedidos a Pendiente: 0
[2025-02-12 14:12:04] [info] Eventos retrocedidos desde Finalizado: 0
[2025-02-12 14:12:04] [info] Eventos finalizados actualizados: 0
[2025-02-12 14:12:04] [info] Jugadores actualizados a terminado: 0
[2025-02-12 14:12:04] [info] Eventos iniciados: 0
[2025-02-12 14:12:04] [info] Evento ID: 1, Nombre: Navidad, Jugadores terminados: 0/0
[2025-02-12 14:12:04] [info] Evento ID: 2, Nombre: Twenty Five, Jugadores terminados: 73/73
[2025-02-12 14:12:34] [info] Iniciando actualización de estados de eventos. Fecha actual: 2025-02-12 14:12:34
[2025-02-12 14:12:34] [info] Eventos retrocedidos a Pendiente: 0
[2025-02-12 14:12:34] [info] Eventos retrocedidos desde Finalizado: 0
[2025-02-12 14:12:34] [info] Eventos finalizados actualizados: 0
[2025-02-12 14:12:34] [info] Jugadores actualizados a terminado: 0
[2025-02-12 14:12:34] [info] Eventos iniciados: 0
[2025-02-12 14:12:34] [info] Evento ID: 1, Nombre: Navidad, Jugadores terminados: 0/0
[2025-02-12 14:12:34] [info] Evento ID: 2, Nombre: Twenty Five, Jugadores terminados: 73/73
[2025-02-12 14:13:04] [info] Iniciando actualización de estados de eventos. Fecha actual: 2025-02-12 14:13:04
[2025-02-12 14:13:04] [info] Eventos retrocedidos a Pendiente: 0
[2025-02-12 14:13:04] [info] Eventos retrocedidos desde Finalizado: 0
[2025-02-12 14:13:04] [info] Eventos finalizados actualizados: 0
[2025-02-12 14:13:04] [info] Jugadores actualizados a terminado: 0
[2025-02-12 14:13:04] [info] Eventos iniciados: 0
[2025-02-12 14:13:04] [info] Evento ID: 1, Nombre: Navidad, Jugadores terminados: 0/0
[2025-02-12 14:13:04] [info] Evento ID: 2, Nombre: Twenty Five, Jugadores terminados: 73/73
[2025-02-12 14:13:34] [info] Iniciando actualización de estados de eventos. Fecha actual: 2025-02-12 14:13:34
[2025-02-12 14:13:34] [info] Eventos retrocedidos a Pendiente: 0
[2025-02-12 14:13:34] [info] Eventos retrocedidos desde Finalizado: 0
[2025-02-12 14:13:34] [info] Eventos finalizados actualizados: 0
[2025-02-12 14:13:34] [info] Jugadores actualizados a terminado: 0
[2025-02-12 14:13:34] [info] Eventos iniciados: 0
[2025-02-12 14:13:34] [info] Evento ID: 1, Nombre: Navidad, Jugadores terminados: 0/0
[2025-02-12 14:13:34] [info] Evento ID: 2, Nombre: Twenty Five, Jugadores terminados: 73/73
[2025-02-12 14:14:04] [info] Iniciando actualización de estados de eventos. Fecha actual: 2025-02-12 14:14:04
[2025-02-12 14:14:04] [info] Eventos retrocedidos a Pendiente: 0
[2025-02-12 14:14:04] [info] Eventos retrocedidos desde Finalizado: 0
[2025-02-12 14:14:04] [info] Eventos finalizados actualizados: 0
[2025-02-12 14:14:04] [info] Jugadores actualizados a terminado: 0
[2025-02-12 14:14:04] [info] Eventos iniciados: 0
[2025-02-12 14:14:04] [info] Evento ID: 1, Nombre: Navidad, Jugadores terminados: 0/0
[2025-02-12 14:14:04] [info] Evento ID: 2, Nombre: Twenty Five, Jugadores terminados: 73/73
[2025-02-12 14:30:11] [info] Iniciando actualización de estados de eventos. Fecha actual: 2025-02-12 14:30:11
[2025-02-12 14:30:11] [info] Eventos retrocedidos a Pendiente: 0
[2025-02-12 14:30:11] [info] Eventos retrocedidos desde Finalizado: 0
[2025-02-12 14:30:11] [info] Eventos finalizados actualizados: 0
[2025-02-12 14:30:11] [info] Jugadores actualizados a terminado: 0
[2025-02-12 14:30:11] [info] Eventos iniciados: 0
[2025-02-12 14:30:11] [info] Evento ID: 1, Nombre: Navidad, Jugadores terminados: 10/10
[2025-02-12 14:30:11] [info] Evento ID: 2, Nombre: Twenty Five, Jugadores terminados: 1/1
[2025-02-12 14:30:12] [info] Iniciando actualización de estados de eventos. Fecha actual: 2025-02-12 14:30:12
[2025-02-12 14:30:12] [info] Eventos retrocedidos a Pendiente: 0
[2025-02-12 14:30:12] [info] Eventos retrocedidos desde Finalizado: 0
[2025-02-12 14:30:12] [info] Eventos finalizados actualizados: 0
[2025-02-12 14:30:12] [info] Jugadores actualizados a terminado: 0
[2025-02-12 14:30:12] [info] Eventos iniciados: 0
[2025-02-12 14:30:12] [info] Evento ID: 1, Nombre: Navidad, Jugadores terminados: 10/10
[2025-02-12 14:30:12] [info] Evento ID: 2, Nombre: Twenty Five, Jugadores terminados: 1/1
[2025-02-12 14:30:36] [info] Iniciando actualización de estados de eventos. Fecha actual: 2025-02-12 14:30:36
[2025-02-12 14:30:36] [info] Eventos retrocedidos a Pendiente: 0
[2025-02-12 14:30:36] [info] Eventos retrocedidos desde Finalizado: 0
[2025-02-12 14:30:36] [info] Eventos finalizados actualizados: 0
[2025-02-12 14:30:36] [info] Jugadores actualizados a terminado: 0
[2025-02-12 14:30:36] [info] Eventos iniciados: 0
[2025-02-12 14:30:36] [info] Evento ID: 1, Nombre: Navidad, Jugadores terminados: 10/10
[2025-02-12 14:30:36] [info] Evento ID: 2, Nombre: Twenty Five, Jugadores terminados: 1/1
[2025-02-12 14:30:39] [info] Iniciando actualización de estados de eventos. Fecha actual: 2025-02-12 14:30:39
[2025-02-12 14:30:39] [info] Eventos retrocedidos a Pendiente: 0
[2025-02-12 14:30:39] [info] Eventos retrocedidos desde Finalizado: 0
[2025-02-12 14:30:39] [info] Eventos finalizados actualizados: 0
[2025-02-12 14:30:39] [info] Jugadores actualizados a terminado: 0
[2025-02-12 14:30:39] [info] Eventos iniciados: 0
[2025-02-12 14:30:39] [info] Evento ID: 1, Nombre: Navidad, Jugadores terminados: 10/10
[2025-02-12 14:30:39] [info] Evento ID: 2, Nombre: Twenty Five, Jugadores terminados: 1/1
[2025-02-12 14:30:42] [info] Iniciando actualización de estados de eventos. Fecha actual: 2025-02-12 14:30:42
[2025-02-12 14:30:42] [info] Eventos retrocedidos a Pendiente: 0
[2025-02-12 14:30:42] [info] Eventos retrocedidos desde Finalizado: 0
[2025-02-12 14:30:42] [info] Eventos finalizados actualizados: 0
[2025-02-12 14:30:42] [info] Jugadores actualizados a terminado: 0
[2025-02-12 14:30:42] [info] Eventos iniciados: 0
[2025-02-12 14:30:42] [info] Evento ID: 1, Nombre: Navidad, Jugadores terminados: 10/10
[2025-02-12 14:30:42] [info] Evento ID: 2, Nombre: Twenty Five, Jugadores terminados: 1/1
[2025-02-12 14:31:09] [info] Iniciando actualización de estados de eventos. Fecha actual: 2025-02-12 14:31:09
[2025-02-12 14:31:09] [info] Eventos retrocedidos a Pendiente: 0
[2025-02-12 14:31:09] [info] Eventos retrocedidos desde Finalizado: 0
[2025-02-12 14:31:09] [info] Eventos finalizados actualizados: 0
[2025-02-12 14:31:09] [info] Jugadores actualizados a terminado: 0
[2025-02-12 14:31:09] [info] Eventos iniciados: 0
[2025-02-12 14:31:09] [info] Evento ID: 1, Nombre: Navidad, Jugadores terminados: 10/10
[2025-02-12 14:31:09] [info] Evento ID: 2, Nombre: Twenty Five, Jugadores terminados: 1/1
[2025-02-12 14:31:26] [info] Iniciando actualización de estados de eventos. Fecha actual: 2025-02-12 14:31:26
[2025-02-12 14:31:26] [info] Eventos retrocedidos a Pendiente: 0
[2025-02-12 14:31:26] [info] Eventos retrocedidos desde Finalizado: 0
[2025-02-12 14:31:26] [info] Eventos finalizados actualizados: 0
[2025-02-12 14:31:26] [info] Jugadores actualizados a terminado: 0
[2025-02-12 14:31:26] [info] Eventos iniciados: 0
[2025-02-12 14:31:26] [info] Evento ID: 1, Nombre: Navidad, Jugadores terminados: 10/10
[2025-02-12 14:31:26] [info] Evento ID: 2, Nombre: Twenty Five, Jugadores terminados: 1/1
[2025-02-12 14:31:27] [info] Iniciando actualización de estados de eventos. Fecha actual: 2025-02-12 14:31:27
[2025-02-12 14:31:27] [info] Eventos retrocedidos a Pendiente: 0
[2025-02-12 14:31:27] [info] Eventos retrocedidos desde Finalizado: 1
[2025-02-12 14:31:27] [info] Eventos finalizados actualizados: 0
[2025-02-12 14:31:27] [info] Jugadores actualizados a terminado: 0
[2025-02-12 14:31:27] [info] Eventos iniciados: 0
[2025-02-12 14:31:27] [info] Evento ID: 2, Nombre: Twenty Five, Jugadores terminados: 1/1
[2025-02-12 14:31:33] [info] Iniciando actualización de estados de eventos. Fecha actual: 2025-02-12 14:31:33
[2025-02-12 14:31:33] [info] Eventos retrocedidos a Pendiente: 0
[2025-02-12 14:31:33] [info] Eventos retrocedidos desde Finalizado: 0
[2025-02-12 14:31:33] [info] Eventos finalizados actualizados: 0
[2025-02-12 14:31:33] [info] Jugadores actualizados a terminado: 0
[2025-02-12 14:31:33] [info] Eventos iniciados: 0
[2025-02-12 14:31:33] [info] Evento ID: 2, Nombre: Twenty Five, Jugadores terminados: 1/1
[2025-02-12 14:31:47] [info] Iniciando actualización de estados de eventos. Fecha actual: 2025-02-12 14:31:47
[2025-02-12 14:31:47] [info] Eventos retrocedidos a Pendiente: 0
[2025-02-12 14:31:47] [info] Eventos retrocedidos desde Finalizado: 0
[2025-02-12 14:31:47] [info] Eventos finalizados actualizados: 0
[2025-02-12 14:31:47] [info] Jugadores actualizados a terminado: 0
[2025-02-12 14:31:47] [info] Eventos iniciados: 0
[2025-02-12 14:31:47] [info] Evento ID: 2, Nombre: Twenty Five, Jugadores terminados: 1/1
[2025-02-12 14:31:48] [info] Iniciando actualización de estados de eventos. Fecha actual: 2025-02-12 14:31:48
[2025-02-12 14:31:48] [info] Eventos retrocedidos a Pendiente: 0
[2025-02-12 14:31:48] [info] Eventos retrocedidos desde Finalizado: 1
[2025-02-12 14:31:48] [info] Eventos finalizados actualizados: 0
[2025-02-12 14:31:48] [info] Jugadores actualizados a terminado: 0
[2025-02-12 14:31:48] [info] Eventos iniciados: 0
[2025-02-12 14:32:18] [info] Iniciando actualización de estados de eventos. Fecha actual: 2025-02-12 14:32:18
[2025-02-12 14:32:18] [info] Eventos retrocedidos a Pendiente: 0
[2025-02-12 14:32:18] [info] Eventos retrocedidos desde Finalizado: 0
[2025-02-12 14:32:18] [info] Eventos finalizados actualizados: 0
[2025-02-12 14:32:18] [info] Jugadores actualizados a terminado: 0
[2025-02-12 14:32:18] [info] Eventos iniciados: 0
[2025-02-12 14:32:48] [info] Iniciando actualización de estados de eventos. Fecha actual: 2025-02-12 14:32:48
[2025-02-12 14:32:48] [info] Eventos retrocedidos a Pendiente: 0
[2025-02-12 14:32:48] [info] Eventos retrocedidos desde Finalizado: 0
[2025-02-12 14:32:48] [info] Eventos finalizados actualizados: 0
[2025-02-12 14:32:48] [info] Jugadores actualizados a terminado: 0
[2025-02-12 14:32:48] [info] Eventos iniciados: 0
[2025-02-12 14:33:18] [info] Iniciando actualización de estados de eventos. Fecha actual: 2025-02-12 14:33:18
[2025-02-12 14:33:18] [info] Eventos retrocedidos a Pendiente: 0
[2025-02-12 14:33:18] [info] Eventos retrocedidos desde Finalizado: 0
[2025-02-12 14:33:18] [info] Eventos finalizados actualizados: 0
[2025-02-12 14:33:18] [info] Jugadores actualizados a terminado: 0
[2025-02-12 14:33:18] [info] Eventos iniciados: 1
[2025-02-12 14:33:48] [info] Iniciando actualización de estados de eventos. Fecha actual: 2025-02-12 14:33:48
[2025-02-12 14:33:48] [info] Eventos retrocedidos a Pendiente: 0
[2025-02-12 14:33:48] [info] Eventos retrocedidos desde Finalizado: 0
[2025-02-12 14:33:48] [info] Eventos finalizados actualizados: 0
[2025-02-12 14:33:48] [info] Jugadores actualizados a terminado: 0
[2025-02-12 14:33:48] [info] Eventos iniciados: 0
[2025-02-12 14:34:18] [info] Iniciando actualización de estados de eventos. Fecha actual: 2025-02-12 14:34:18
[2025-02-12 14:34:18] [info] Eventos retrocedidos a Pendiente: 0
[2025-02-12 14:34:18] [info] Eventos retrocedidos desde Finalizado: 0
[2025-02-12 14:34:18] [info] Eventos finalizados actualizados: 0
[2025-02-12 14:34:18] [info] Jugadores actualizados a terminado: 0
[2025-02-12 14:34:18] [info] Eventos iniciados: 1
[2025-02-12 14:34:48] [info] Iniciando actualización de estados de eventos. Fecha actual: 2025-02-12 14:34:48
[2025-02-12 14:34:48] [info] Eventos retrocedidos a Pendiente: 0
[2025-02-12 14:34:48] [info] Eventos retrocedidos desde Finalizado: 0
[2025-02-12 14:34:48] [info] Eventos finalizados actualizados: 0
[2025-02-12 14:34:48] [info] Jugadores actualizados a terminado: 0
[2025-02-12 14:34:48] [info] Eventos iniciados: 0
[2025-02-12 14:35:18] [info] Iniciando actualización de estados de eventos. Fecha actual: 2025-02-12 14:35:18
[2025-02-12 14:35:18] [info] Eventos retrocedidos a Pendiente: 0
[2025-02-12 14:35:18] [info] Eventos retrocedidos desde Finalizado: 0
[2025-02-12 14:35:18] [info] Eventos finalizados actualizados: 0
[2025-02-12 14:35:18] [info] Jugadores actualizados a terminado: 0
[2025-02-12 14:35:18] [info] Eventos iniciados: 0
[2025-02-12 14:35:48] [info] Iniciando actualización de estados de eventos. Fecha actual: 2025-02-12 14:35:48
[2025-02-12 14:35:48] [info] Eventos retrocedidos a Pendiente: 0
[2025-02-12 14:35:48] [info] Eventos retrocedidos desde Finalizado: 0
[2025-02-12 14:35:48] [info] Eventos finalizados actualizados: 0
[2025-02-12 14:35:48] [info] Jugadores actualizados a terminado: 0
[2025-02-12 14:35:48] [info] Eventos iniciados: 0
[2025-02-12 14:35:54] [info] Iniciando actualización de estados de eventos. Fecha actual: 2025-02-12 14:35:54
[2025-02-12 14:35:54] [info] Eventos retrocedidos a Pendiente: 0
[2025-02-12 14:35:54] [info] Eventos retrocedidos desde Finalizado: 0
[2025-02-12 14:35:54] [info] Eventos finalizados actualizados: 0
[2025-02-12 14:35:54] [info] Jugadores actualizados a terminado: 0
[2025-02-12 14:35:54] [info] Eventos iniciados: 0
[2025-02-12 14:35:56] [info] Iniciando actualización de estados de eventos. Fecha actual: 2025-02-12 14:35:56
[2025-02-12 14:35:56] [info] Eventos retrocedidos a Pendiente: 0
[2025-02-12 14:35:56] [info] Eventos retrocedidos desde Finalizado: 0
[2025-02-12 14:35:56] [info] Eventos finalizados actualizados: 0
[2025-02-12 14:35:56] [info] Jugadores actualizados a terminado: 0
[2025-02-12 14:35:56] [info] Eventos iniciados: 0
[2025-02-12 14:35:57] [info] Iniciando actualización de estados de eventos. Fecha actual: 2025-02-12 14:35:57
[2025-02-12 14:35:57] [info] Eventos retrocedidos a Pendiente: 0
[2025-02-12 14:35:57] [info] Eventos retrocedidos desde Finalizado: 0
[2025-02-12 14:35:57] [info] Eventos finalizados actualizados: 0
[2025-02-12 14:35:57] [info] Jugadores actualizados a terminado: 0
[2025-02-12 14:35:57] [info] Eventos iniciados: 0
[2025-02-12 14:37:02] [info] Iniciando actualización de estados de eventos. Fecha actual: 2025-02-12 14:37:02
[2025-02-12 14:37:02] [info] Eventos retrocedidos a Pendiente: 0
[2025-02-12 14:37:02] [info] Eventos retrocedidos desde Finalizado: 0
[2025-02-12 14:37:02] [info] Eventos finalizados actualizados: 0
[2025-02-12 14:37:02] [info] Jugadores actualizados a terminado: 0
[2025-02-12 14:37:02] [info] Eventos iniciados: 0
[2025-02-12 14:37:03] [info] Iniciando actualización de estados de eventos. Fecha actual: 2025-02-12 14:37:03
[2025-02-12 14:37:03] [info] Eventos retrocedidos a Pendiente: 0
[2025-02-12 14:37:03] [info] Eventos retrocedidos desde Finalizado: 0
[2025-02-12 14:37:03] [info] Eventos finalizados actualizados: 0
[2025-02-12 14:37:03] [info] Jugadores actualizados a terminado: 0
[2025-02-12 14:37:03] [info] Eventos iniciados: 0
[2025-02-12 14:37:24] [info] Iniciando actualización de estados de eventos. Fecha actual: 2025-02-12 14:37:24
[2025-02-12 14:37:24] [info] Eventos retrocedidos a Pendiente: 0
[2025-02-12 14:37:24] [info] Eventos retrocedidos desde Finalizado: 0
[2025-02-12 14:37:24] [info] Eventos finalizados actualizados: 0
[2025-02-12 14:37:24] [info] Jugadores actualizados a terminado: 0
[2025-02-12 14:37:24] [info] Eventos iniciados: 0
[2025-02-12 14:37:29] [info] Iniciando actualización de estados de eventos. Fecha actual: 2025-02-12 14:37:29
[2025-02-12 14:37:29] [info] Eventos retrocedidos a Pendiente: 0
[2025-02-12 14:37:29] [info] Eventos retrocedidos desde Finalizado: 0
[2025-02-12 14:37:29] [info] Eventos finalizados actualizados: 0
[2025-02-12 14:37:29] [info] Jugadores actualizados a terminado: 0
[2025-02-12 14:37:29] [info] Eventos iniciados: 0
[2025-02-12 14:37:30] [info] Iniciando actualización de estados de eventos. Fecha actual: 2025-02-12 14:37:30
[2025-02-12 14:37:30] [info] Eventos retrocedidos a Pendiente: 0
[2025-02-12 14:37:30] [info] Eventos retrocedidos desde Finalizado: 0
[2025-02-12 14:37:30] [info] Eventos finalizados actualizados: 0
[2025-02-12 14:37:30] [info] Jugadores actualizados a terminado: 0
[2025-02-12 14:37:30] [info] Eventos iniciados: 0
[2025-02-12 14:37:30] [info] Evento ID: 1, Nombre: Navidad, Jugadores terminados: 10/10
[2025-02-12 14:37:31] [info] Iniciando actualización de estados de eventos. Fecha actual: 2025-02-12 14:37:31
[2025-02-12 14:37:31] [info] Eventos retrocedidos a Pendiente: 0
[2025-02-12 14:37:31] [info] Eventos retrocedidos desde Finalizado: 0
[2025-02-12 14:37:31] [info] Eventos finalizados actualizados: 0
[2025-02-12 14:37:31] [info] Jugadores actualizados a terminado: 0
[2025-02-12 14:37:31] [info] Eventos iniciados: 0
[2025-02-12 14:37:31] [info] Evento ID: 1, Nombre: Navidad, Jugadores terminados: 10/10
[2025-02-12 14:38:02] [info] Iniciando actualización de estados de eventos. Fecha actual: 2025-02-12 14:38:02
[2025-02-12 14:38:02] [info] Eventos retrocedidos a Pendiente: 0
[2025-02-12 14:38:02] [info] Eventos retrocedidos desde Finalizado: 0
[2025-02-12 14:38:02] [info] Eventos finalizados actualizados: 0
[2025-02-12 14:38:02] [info] Jugadores actualizados a terminado: 0
[2025-02-12 14:38:02] [info] Eventos iniciados: 0
[2025-02-12 14:38:02] [info] Evento ID: 1, Nombre: Navidad, Jugadores terminados: 10/10
[2025-02-12 14:38:32] [info] Iniciando actualización de estados de eventos. Fecha actual: 2025-02-12 14:38:32
[2025-02-12 14:38:32] [info] Eventos retrocedidos a Pendiente: 0
[2025-02-12 14:38:32] [info] Eventos retrocedidos desde Finalizado: 0
[2025-02-12 14:38:32] [info] Eventos finalizados actualizados: 0
[2025-02-12 14:38:32] [info] Jugadores actualizados a terminado: 0
[2025-02-12 14:38:32] [info] Eventos iniciados: 0
[2025-02-12 14:38:32] [info] Evento ID: 1, Nombre: Navidad, Jugadores terminados: 10/10
[2025-02-12 14:39:02] [info] Iniciando actualización de estados de eventos. Fecha actual: 2025-02-12 14:39:02
[2025-02-12 14:39:02] [info] Eventos retrocedidos a Pendiente: 0
[2025-02-12 14:39:02] [info] Eventos retrocedidos desde Finalizado: 0
[2025-02-12 14:39:02] [info] Eventos finalizados actualizados: 0
[2025-02-12 14:39:02] [info] Jugadores actualizados a terminado: 0
[2025-02-12 14:39:02] [info] Eventos iniciados: 0
[2025-02-12 14:39:02] [info] Evento ID: 1, Nombre: Navidad, Jugadores terminados: 10/10
[2025-02-12 14:39:32] [info] Iniciando actualización de estados de eventos. Fecha actual: 2025-02-12 14:39:32
[2025-02-12 14:39:32] [info] Eventos retrocedidos a Pendiente: 0
[2025-02-12 14:39:32] [info] Eventos retrocedidos desde Finalizado: 0
[2025-02-12 14:39:32] [info] Eventos finalizados actualizados: 0
[2025-02-12 14:39:32] [info] Jugadores actualizados a terminado: 0
[2025-02-12 14:39:32] [info] Eventos iniciados: 0
[2025-02-12 14:39:32] [info] Evento ID: 1, Nombre: Navidad, Jugadores terminados: 10/10
[2025-02-12 14:40:02] [info] Iniciando actualización de estados de eventos. Fecha actual: 2025-02-12 14:40:02
[2025-02-12 14:40:02] [info] Eventos retrocedidos a Pendiente: 0
[2025-02-12 14:40:02] [info] Eventos retrocedidos desde Finalizado: 0
[2025-02-12 14:40:02] [info] Eventos finalizados actualizados: 0
[2025-02-12 14:40:02] [info] Jugadores actualizados a terminado: 0
[2025-02-12 14:40:02] [info] Eventos iniciados: 0
[2025-02-12 14:40:02] [info] Evento ID: 1, Nombre: Navidad, Jugadores terminados: 10/10
[2025-02-12 14:40:32] [info] Iniciando actualización de estados de eventos. Fecha actual: 2025-02-12 14:40:32
[2025-02-12 14:40:32] [info] Eventos retrocedidos a Pendiente: 0
[2025-02-12 14:40:32] [info] Eventos retrocedidos desde Finalizado: 0
[2025-02-12 14:40:32] [info] Eventos finalizados actualizados: 0
[2025-02-12 14:40:32] [info] Jugadores actualizados a terminado: 0
[2025-02-12 14:40:32] [info] Eventos iniciados: 0
[2025-02-12 14:40:32] [info] Evento ID: 1, Nombre: Navidad, Jugadores terminados: 10/10
[2025-02-12 14:41:02] [info] Iniciando actualización de estados de eventos. Fecha actual: 2025-02-12 14:41:02
[2025-02-12 14:41:02] [info] Eventos retrocedidos a Pendiente: 0
[2025-02-12 14:41:02] [info] Eventos retrocedidos desde Finalizado: 0
[2025-02-12 14:41:02] [info] Eventos finalizados actualizados: 0
[2025-02-12 14:41:02] [info] Jugadores actualizados a terminado: 0
[2025-02-12 14:41:02] [info] Eventos iniciados: 0
[2025-02-12 14:41:02] [info] Evento ID: 1, Nombre: Navidad, Jugadores terminados: 10/10
[2025-02-12 14:41:32] [info] Iniciando actualización de estados de eventos. Fecha actual: 2025-02-12 14:41:32
[2025-02-12 14:41:32] [info] Eventos retrocedidos a Pendiente: 0
[2025-02-12 14:41:32] [info] Eventos retrocedidos desde Finalizado: 0
[2025-02-12 14:41:32] [info] Eventos finalizados actualizados: 0
[2025-02-12 14:41:32] [info] Jugadores actualizados a terminado: 0
[2025-02-12 14:41:32] [info] Eventos iniciados: 0
[2025-02-12 14:41:32] [info] Evento ID: 1, Nombre: Navidad, Jugadores terminados: 10/10
[2025-02-12 14:41:45] [info] Iniciando actualización de estados de eventos. Fecha actual: 2025-02-12 14:41:45
[2025-02-12 14:41:45] [info] Eventos retrocedidos a Pendiente: 0
[2025-02-12 14:41:45] [info] Eventos retrocedidos desde Finalizado: 0
[2025-02-12 14:41:45] [info] Eventos finalizados actualizados: 0
[2025-02-12 14:41:45] [info] Jugadores actualizados a terminado: 0
[2025-02-12 14:41:45] [info] Eventos iniciados: 0
[2025-02-12 14:41:45] [info] Evento ID: 1, Nombre: Navidad, Jugadores terminados: 10/10
[2025-02-12 14:41:47] [info] Iniciando actualización de estados de eventos. Fecha actual: 2025-02-12 14:41:47
[2025-02-12 14:41:47] [info] Eventos retrocedidos a Pendiente: 0
[2025-02-12 14:41:47] [info] Eventos retrocedidos desde Finalizado: 0
[2025-02-12 14:41:47] [info] Eventos finalizados actualizados: 0
[2025-02-12 14:41:47] [info] Jugadores actualizados a terminado: 0
[2025-02-12 14:41:47] [info] Eventos iniciados: 0
[2025-02-12 14:41:47] [info] Evento ID: 1, Nombre: Navidad, Jugadores terminados: 10/10
[2025-02-12 14:42:19] [info] Iniciando actualización de estados de eventos. Fecha actual: 2025-02-12 14:42:19
[2025-02-12 14:42:19] [info] Eventos retrocedidos a Pendiente: 0
[2025-02-12 14:42:19] [info] Eventos retrocedidos desde Finalizado: 0
[2025-02-12 14:42:19] [info] Eventos finalizados actualizados: 0
[2025-02-12 14:42:19] [info] Jugadores actualizados a terminado: 0
[2025-02-12 14:42:19] [info] Eventos iniciados: 0
[2025-02-12 14:42:19] [info] Evento ID: 1, Nombre: Navidad, Jugadores terminados: 10/10
[2025-02-12 14:42:27] [info] Iniciando actualización de estados de eventos. Fecha actual: 2025-02-12 14:42:27
[2025-02-12 14:42:27] [info] Eventos retrocedidos a Pendiente: 0
[2025-02-12 14:42:27] [info] Eventos retrocedidos desde Finalizado: 0
[2025-02-12 14:42:27] [info] Eventos finalizados actualizados: 0
[2025-02-12 14:42:27] [info] Jugadores actualizados a terminado: 0
[2025-02-12 14:42:27] [info] Eventos iniciados: 0
[2025-02-12 14:42:27] [info] Evento ID: 1, Nombre: Navidad, Jugadores terminados: 10/10
[2025-02-12 14:42:28] [info] Iniciando actualización de estados de eventos. Fecha actual: 2025-02-12 14:42:28
[2025-02-12 14:42:28] [info] Eventos retrocedidos a Pendiente: 0
[2025-02-12 14:42:28] [info] Eventos retrocedidos desde Finalizado: 0
[2025-02-12 14:42:28] [info] Eventos finalizados actualizados: 0
[2025-02-12 14:42:28] [info] Jugadores actualizados a terminado: 0
[2025-02-12 14:42:28] [info] Eventos iniciados: 0
[2025-02-12 14:42:28] [info] Evento ID: 1, Nombre: Navidad, Jugadores terminados: 10/10
[2025-02-12 14:42:29] [info] Iniciando actualización de estados de eventos. Fecha actual: 2025-02-12 14:42:29
[2025-02-12 14:42:29] [info] Eventos retrocedidos a Pendiente: 0
[2025-02-12 14:42:29] [info] Eventos retrocedidos desde Finalizado: 0
[2025-02-12 14:42:29] [info] Eventos finalizados actualizados: 0
[2025-02-12 14:42:29] [info] Jugadores actualizados a terminado: 0
[2025-02-12 14:42:29] [info] Eventos iniciados: 0
[2025-02-12 14:42:29] [info] Evento ID: 1, Nombre: Navidad, Jugadores terminados: 10/10
[2025-02-12 14:42:29] [info] Iniciando actualización de estados de eventos. Fecha actual: 2025-02-12 14:42:29
[2025-02-12 14:42:29] [info] Eventos retrocedidos a Pendiente: 0
[2025-02-12 14:42:29] [info] Eventos retrocedidos desde Finalizado: 0
[2025-02-12 14:42:29] [info] Eventos finalizados actualizados: 0
[2025-02-12 14:42:29] [info] Jugadores actualizados a terminado: 0
[2025-02-12 14:42:29] [info] Eventos iniciados: 0
[2025-02-12 14:42:29] [info] Evento ID: 1, Nombre: Navidad, Jugadores terminados: 10/10
[2025-02-12 14:42:30] [info] Iniciando actualización de estados de eventos. Fecha actual: 2025-02-12 14:42:30
[2025-02-12 14:42:30] [info] Eventos retrocedidos a Pendiente: 0
[2025-02-12 14:42:30] [info] Eventos retrocedidos desde Finalizado: 0
[2025-02-12 14:42:30] [info] Eventos finalizados actualizados: 0
[2025-02-12 14:42:30] [info] Jugadores actualizados a terminado: 0
[2025-02-12 14:42:30] [info] Eventos iniciados: 0
[2025-02-12 14:42:30] [info] Evento ID: 1, Nombre: Navidad, Jugadores terminados: 10/10
[2025-02-12 14:42:30] [info] Iniciando actualización de estados de eventos. Fecha actual: 2025-02-12 14:42:30
[2025-02-12 14:42:30] [info] Eventos retrocedidos a Pendiente: 0
[2025-02-12 14:42:30] [info] Eventos retrocedidos desde Finalizado: 0
[2025-02-12 14:42:30] [info] Eventos finalizados actualizados: 0
[2025-02-12 14:42:30] [info] Jugadores actualizados a terminado: 0
[2025-02-12 14:42:30] [info] Eventos iniciados: 0
[2025-02-12 14:42:30] [info] Evento ID: 1, Nombre: Navidad, Jugadores terminados: 10/10
[2025-02-12 14:42:31] [info] Iniciando actualización de estados de eventos. Fecha actual: 2025-02-12 14:42:31
[2025-02-12 14:42:31] [info] Eventos retrocedidos a Pendiente: 0
[2025-02-12 14:42:31] [info] Eventos retrocedidos desde Finalizado: 0
[2025-02-12 14:42:31] [info] Eventos finalizados actualizados: 0
[2025-02-12 14:42:31] [info] Jugadores actualizados a terminado: 0
[2025-02-12 14:42:31] [info] Eventos iniciados: 0
[2025-02-12 14:42:31] [info] Evento ID: 1, Nombre: Navidad, Jugadores terminados: 10/10
[2025-02-12 14:42:32] [info] Iniciando actualización de estados de eventos. Fecha actual: 2025-02-12 14:42:32
[2025-02-12 14:42:32] [info] Eventos retrocedidos a Pendiente: 0
[2025-02-12 14:42:32] [info] Eventos retrocedidos desde Finalizado: 0
[2025-02-12 14:42:32] [info] Eventos finalizados actualizados: 0
[2025-02-12 14:42:32] [info] Jugadores actualizados a terminado: 0
[2025-02-12 14:42:32] [info] Eventos iniciados: 0
[2025-02-12 14:42:32] [info] Evento ID: 1, Nombre: Navidad, Jugadores terminados: 10/10
[2025-02-12 14:42:32] [info] Iniciando actualización de estados de eventos. Fecha actual: 2025-02-12 14:42:32
[2025-02-12 14:42:32] [info] Eventos retrocedidos a Pendiente: 0
[2025-02-12 14:42:32] [info] Eventos retrocedidos desde Finalizado: 0
[2025-02-12 14:42:32] [info] Eventos finalizados actualizados: 0
[2025-02-12 14:42:32] [info] Jugadores actualizados a terminado: 0
[2025-02-12 14:42:32] [info] Eventos iniciados: 0
[2025-02-12 14:42:32] [info] Evento ID: 1, Nombre: Navidad, Jugadores terminados: 10/10
[2025-02-12 14:43:02] [info] Iniciando actualización de estados de eventos. Fecha actual: 2025-02-12 14:43:02
[2025-02-12 14:43:02] [info] Eventos retrocedidos a Pendiente: 0
[2025-02-12 14:43:02] [info] Eventos retrocedidos desde Finalizado: 0
[2025-02-12 14:43:02] [info] Eventos finalizados actualizados: 0
[2025-02-12 14:43:02] [info] Jugadores actualizados a terminado: 0
[2025-02-12 14:43:02] [info] Eventos iniciados: 0
[2025-02-12 14:43:02] [info] Evento ID: 1, Nombre: Navidad, Jugadores terminados: 10/10
[2025-02-12 14:43:32] [info] Iniciando actualización de estados de eventos. Fecha actual: 2025-02-12 14:43:32
[2025-02-12 14:43:32] [info] Eventos retrocedidos a Pendiente: 0
[2025-02-12 14:43:32] [info] Eventos retrocedidos desde Finalizado: 0
[2025-02-12 14:43:32] [info] Eventos finalizados actualizados: 0
[2025-02-12 14:43:32] [info] Jugadores actualizados a terminado: 0
[2025-02-12 14:43:32] [info] Eventos iniciados: 0
[2025-02-12 14:43:32] [info] Evento ID: 1, Nombre: Navidad, Jugadores terminados: 10/10
[2025-02-12 14:43:38] [info] Iniciando actualización de estados de eventos. Fecha actual: 2025-02-12 14:43:38
[2025-02-12 14:43:38] [info] Eventos retrocedidos a Pendiente: 0
[2025-02-12 14:43:38] [info] Eventos retrocedidos desde Finalizado: 0
[2025-02-12 14:43:38] [info] Eventos finalizados actualizados: 0
[2025-02-12 14:43:38] [info] Jugadores actualizados a terminado: 0
[2025-02-12 14:43:38] [info] Eventos iniciados: 0
[2025-02-12 14:43:38] [info] Evento ID: 1, Nombre: Navidad, Jugadores terminados: 10/10
[2025-02-12 14:43:39] [info] Iniciando actualización de estados de eventos. Fecha actual: 2025-02-12 14:43:39
[2025-02-12 14:43:39] [info] Eventos retrocedidos a Pendiente: 0
[2025-02-12 14:43:39] [info] Eventos retrocedidos desde Finalizado: 0
[2025-02-12 14:43:39] [info] Eventos finalizados actualizados: 0
[2025-02-12 14:43:39] [info] Jugadores actualizados a terminado: 0
[2025-02-12 14:43:39] [info] Eventos iniciados: 0
[2025-02-12 14:43:39] [info] Evento ID: 1, Nombre: Navidad, Jugadores terminados: 10/10
[2025-02-12 14:43:40] [info] Iniciando actualización de estados de eventos. Fecha actual: 2025-02-12 14:43:40
[2025-02-12 14:43:40] [info] Eventos retrocedidos a Pendiente: 0
[2025-02-12 14:43:40] [info] Eventos retrocedidos desde Finalizado: 0
[2025-02-12 14:43:40] [info] Eventos finalizados actualizados: 0
[2025-02-12 14:43:40] [info] Jugadores actualizados a terminado: 0
[2025-02-12 14:43:40] [info] Eventos iniciados: 0
[2025-02-12 14:43:40] [info] Evento ID: 1, Nombre: Navidad, Jugadores terminados: 10/10
[2025-02-12 14:43:41] [info] Iniciando actualización de estados de eventos. Fecha actual: 2025-02-12 14:43:41
[2025-02-12 14:43:41] [info] Eventos retrocedidos a Pendiente: 0
[2025-02-12 14:43:41] [info] Eventos retrocedidos desde Finalizado: 0
[2025-02-12 14:43:41] [info] Eventos finalizados actualizados: 0
[2025-02-12 14:43:41] [info] Jugadores actualizados a terminado: 0
[2025-02-12 14:43:41] [info] Eventos iniciados: 0
[2025-02-12 14:43:41] [info] Evento ID: 1, Nombre: Navidad, Jugadores terminados: 10/10
[2025-02-12 14:43:42] [info] Iniciando actualización de estados de eventos. Fecha actual: 2025-02-12 14:43:42
[2025-02-12 14:43:42] [info] Eventos retrocedidos a Pendiente: 0
[2025-02-12 14:43:42] [info] Eventos retrocedidos desde Finalizado: 0
[2025-02-12 14:43:42] [info] Eventos finalizados actualizados: 0
[2025-02-12 14:43:42] [info] Jugadores actualizados a terminado: 0
[2025-02-12 14:43:42] [info] Eventos iniciados: 0
[2025-02-12 14:43:42] [info] Evento ID: 1, Nombre: Navidad, Jugadores terminados: 10/10
[2025-02-12 14:43:42] [info] Iniciando actualización de estados de eventos. Fecha actual: 2025-02-12 14:43:42
[2025-02-12 14:43:42] [info] Eventos retrocedidos a Pendiente: 0
[2025-02-12 14:43:42] [info] Eventos retrocedidos desde Finalizado: 0
[2025-02-12 14:43:42] [info] Eventos finalizados actualizados: 0
[2025-02-12 14:43:42] [info] Jugadores actualizados a terminado: 0
[2025-02-12 14:43:42] [info] Eventos iniciados: 0
[2025-02-12 14:43:42] [info] Evento ID: 1, Nombre: Navidad, Jugadores terminados: 10/10
[2025-02-12 14:43:49] [info] Iniciando actualización de estados de eventos. Fecha actual: 2025-02-12 14:43:49
[2025-02-12 14:43:49] [info] Eventos retrocedidos a Pendiente: 0
[2025-02-12 14:43:49] [info] Eventos retrocedidos desde Finalizado: 0
[2025-02-12 14:43:49] [info] Eventos finalizados actualizados: 0
[2025-02-12 14:43:49] [info] Jugadores actualizados a terminado: 0
[2025-02-12 14:43:49] [info] Eventos iniciados: 0
[2025-02-12 14:43:49] [info] Evento ID: 1, Nombre: Navidad, Jugadores terminados: 10/10
[2025-02-12 14:44:20] [info] Iniciando actualización de estados de eventos. Fecha actual: 2025-02-12 14:44:20
[2025-02-12 14:44:20] [info] Eventos retrocedidos a Pendiente: 0
[2025-02-12 14:44:20] [info] Eventos retrocedidos desde Finalizado: 0
[2025-02-12 14:44:20] [info] Eventos finalizados actualizados: 0
[2025-02-12 14:44:20] [info] Jugadores actualizados a terminado: 0
[2025-02-12 14:44:20] [info] Eventos iniciados: 0
[2025-02-12 14:44:20] [info] Evento ID: 1, Nombre: Navidad, Jugadores terminados: 10/10
[2025-02-12 14:44:50] [info] Iniciando actualización de estados de eventos. Fecha actual: 2025-02-12 14:44:50
[2025-02-12 14:44:50] [info] Eventos retrocedidos a Pendiente: 0
[2025-02-12 14:44:50] [info] Eventos retrocedidos desde Finalizado: 0
[2025-02-12 14:44:50] [info] Eventos finalizados actualizados: 0
[2025-02-12 14:44:50] [info] Jugadores actualizados a terminado: 0
[2025-02-12 14:44:50] [info] Eventos iniciados: 0
[2025-02-12 14:44:50] [info] Evento ID: 1, Nombre: Navidad, Jugadores terminados: 10/10
[2025-02-12 14:45:20] [info] Iniciando actualización de estados de eventos. Fecha actual: 2025-02-12 14:45:20
[2025-02-12 14:45:20] [info] Eventos retrocedidos a Pendiente: 0
[2025-02-12 14:45:20] [info] Eventos retrocedidos desde Finalizado: 0
[2025-02-12 14:45:20] [info] Eventos finalizados actualizados: 0
[2025-02-12 14:45:20] [info] Jugadores actualizados a terminado: 0
[2025-02-12 14:45:20] [info] Eventos iniciados: 0
[2025-02-12 14:45:20] [info] Evento ID: 1, Nombre: Navidad, Jugadores terminados: 10/10
[2025-02-12 14:45:50] [info] Iniciando actualización de estados de eventos. Fecha actual: 2025-02-12 14:45:50
[2025-02-12 14:45:50] [info] Eventos retrocedidos a Pendiente: 0
[2025-02-12 14:45:50] [info] Eventos retrocedidos desde Finalizado: 0
[2025-02-12 14:45:50] [info] Eventos finalizados actualizados: 0
[2025-02-12 14:45:50] [info] Jugadores actualizados a terminado: 0
[2025-02-12 14:45:50] [info] Eventos iniciados: 0
[2025-02-12 14:45:50] [info] Evento ID: 1, Nombre: Navidad, Jugadores terminados: 10/10
[2025-02-12 14:46:20] [info] Iniciando actualización de estados de eventos. Fecha actual: 2025-02-12 14:46:20
[2025-02-12 14:46:20] [info] Eventos retrocedidos a Pendiente: 0
[2025-02-12 14:46:20] [info] Eventos retrocedidos desde Finalizado: 0
[2025-02-12 14:46:20] [info] Eventos finalizados actualizados: 0
[2025-02-12 14:46:20] [info] Jugadores actualizados a terminado: 0
[2025-02-12 14:46:20] [info] Eventos iniciados: 0
[2025-02-12 14:46:20] [info] Evento ID: 1, Nombre: Navidad, Jugadores terminados: 10/10
[2025-02-12 14:46:50] [info] Iniciando actualización de estados de eventos. Fecha actual: 2025-02-12 14:46:50
[2025-02-12 14:46:50] [info] Eventos retrocedidos a Pendiente: 0
[2025-02-12 14:46:50] [info] Eventos retrocedidos desde Finalizado: 0
[2025-02-12 14:46:50] [info] Eventos finalizados actualizados: 0
[2025-02-12 14:46:50] [info] Jugadores actualizados a terminado: 0
[2025-02-12 14:46:50] [info] Eventos iniciados: 0
[2025-02-12 14:46:50] [info] Evento ID: 1, Nombre: Navidad, Jugadores terminados: 10/10
[2025-02-12 14:47:20] [info] Iniciando actualización de estados de eventos. Fecha actual: 2025-02-12 14:47:20
[2025-02-12 14:47:20] [info] Eventos retrocedidos a Pendiente: 0
[2025-02-12 14:47:20] [info] Eventos retrocedidos desde Finalizado: 0
[2025-02-12 14:47:20] [info] Eventos finalizados actualizados: 0
[2025-02-12 14:47:20] [info] Jugadores actualizados a terminado: 0
[2025-02-12 14:47:20] [info] Eventos iniciados: 0
[2025-02-12 14:47:20] [info] Evento ID: 1, Nombre: Navidad, Jugadores terminados: 10/10
[2025-02-12 14:47:50] [info] Iniciando actualización de estados de eventos. Fecha actual: 2025-02-12 14:47:50
[2025-02-12 14:47:50] [info] Eventos retrocedidos a Pendiente: 0
[2025-02-12 14:47:50] [info] Eventos retrocedidos desde Finalizado: 0
[2025-02-12 14:47:50] [info] Eventos finalizados actualizados: 0
[2025-02-12 14:47:50] [info] Jugadores actualizados a terminado: 0
[2025-02-12 14:47:50] [info] Eventos iniciados: 0
[2025-02-12 14:47:50] [info] Evento ID: 1, Nombre: Navidad, Jugadores terminados: 10/10
[2025-02-12 14:48:20] [info] Iniciando actualización de estados de eventos. Fecha actual: 2025-02-12 14:48:20
[2025-02-12 14:48:20] [info] Eventos retrocedidos a Pendiente: 0
[2025-02-12 14:48:20] [info] Eventos retrocedidos desde Finalizado: 0
[2025-02-12 14:48:20] [info] Eventos finalizados actualizados: 0
[2025-02-12 14:48:20] [info] Jugadores actualizados a terminado: 0
[2025-02-12 14:48:20] [info] Eventos iniciados: 0
[2025-02-12 14:48:20] [info] Evento ID: 1, Nombre: Navidad, Jugadores terminados: 10/10
[2025-02-12 14:48:50] [info] Iniciando actualización de estados de eventos. Fecha actual: 2025-02-12 14:48:50
[2025-02-12 14:48:50] [info] Eventos retrocedidos a Pendiente: 0
[2025-02-12 14:48:50] [info] Eventos retrocedidos desde Finalizado: 0
[2025-02-12 14:48:50] [info] Eventos finalizados actualizados: 0
[2025-02-12 14:48:50] [info] Jugadores actualizados a terminado: 0
[2025-02-12 14:48:50] [info] Eventos iniciados: 0
[2025-02-12 14:48:50] [info] Evento ID: 1, Nombre: Navidad, Jugadores terminados: 10/10
[2025-02-12 14:49:20] [info] Iniciando actualización de estados de eventos. Fecha actual: 2025-02-12 14:49:20
[2025-02-12 14:49:20] [info] Eventos retrocedidos a Pendiente: 0
[2025-02-12 14:49:20] [info] Eventos retrocedidos desde Finalizado: 0
[2025-02-12 14:49:20] [info] Eventos finalizados actualizados: 0
[2025-02-12 14:49:20] [info] Jugadores actualizados a terminado: 0
[2025-02-12 14:49:20] [info] Eventos iniciados: 0
[2025-02-12 14:49:20] [info] Evento ID: 1, Nombre: Navidad, Jugadores terminados: 10/10
[2025-02-12 14:52:25] [info] Iniciando actualización de estados de eventos. Fecha actual: 2025-02-12 14:52:25
[2025-02-12 14:52:25] [info] Eventos retrocedidos a Pendiente: 0
[2025-02-12 14:52:25] [info] Eventos retrocedidos desde Finalizado: 0
[2025-02-12 14:52:25] [info] Eventos finalizados actualizados: 0
[2025-02-12 14:52:25] [info] Jugadores actualizados a terminado: 0
[2025-02-12 14:52:25] [info] Eventos iniciados: 0
[2025-02-12 14:52:25] [info] Evento ID: 1, Nombre: Navidad, Jugadores terminados: 10/10
[2025-02-12 14:52:28] [info] Iniciando actualización de estados de eventos. Fecha actual: 2025-02-12 14:52:28
[2025-02-12 14:52:28] [info] Eventos retrocedidos a Pendiente: 0
[2025-02-12 14:52:28] [info] Eventos retrocedidos desde Finalizado: 0
[2025-02-12 14:52:28] [info] Eventos finalizados actualizados: 0
[2025-02-12 14:52:28] [info] Jugadores actualizados a terminado: 0
[2025-02-12 14:52:28] [info] Eventos iniciados: 0
[2025-02-12 14:52:28] [info] Evento ID: 1, Nombre: Navidad, Jugadores terminados: 10/10
[2025-02-12 14:52:58] [info] Iniciando actualización de estados de eventos. Fecha actual: 2025-02-12 14:52:58
[2025-02-12 14:52:58] [info] Eventos retrocedidos a Pendiente: 0
[2025-02-12 14:52:58] [info] Eventos retrocedidos desde Finalizado: 0
[2025-02-12 14:52:58] [info] Eventos finalizados actualizados: 0
[2025-02-12 14:52:58] [info] Jugadores actualizados a terminado: 0
[2025-02-12 14:52:58] [info] Eventos iniciados: 0
[2025-02-12 14:52:58] [info] Evento ID: 1, Nombre: Navidad, Jugadores terminados: 10/10
[2025-02-12 14:53:14] [info] Iniciando actualización de estados de eventos. Fecha actual: 2025-02-12 14:53:14
[2025-02-12 14:53:14] [info] Eventos retrocedidos a Pendiente: 0
[2025-02-12 14:53:14] [info] Eventos retrocedidos desde Finalizado: 0
[2025-02-12 14:53:14] [info] Eventos finalizados actualizados: 0
[2025-02-12 14:53:14] [info] Jugadores actualizados a terminado: 0
[2025-02-12 14:53:14] [info] Eventos iniciados: 0
[2025-02-12 14:53:14] [info] Evento ID: 1, Nombre: Navidad, Jugadores terminados: 10/10
[2025-02-12 14:53:17] [info] Iniciando actualización de estados de eventos. Fecha actual: 2025-02-12 14:53:17
[2025-02-12 14:53:17] [info] Eventos retrocedidos a Pendiente: 0
[2025-02-12 14:53:17] [info] Eventos retrocedidos desde Finalizado: 0
[2025-02-12 14:53:17] [info] Eventos finalizados actualizados: 0
[2025-02-12 14:53:17] [info] Jugadores actualizados a terminado: 0
[2025-02-12 14:53:17] [info] Eventos iniciados: 0
[2025-02-12 14:53:17] [info] Evento ID: 1, Nombre: Navidad, Jugadores terminados: 10/10
[2025-02-12 14:53:47] [info] Iniciando actualización de estados de eventos. Fecha actual: 2025-02-12 14:53:47
[2025-02-12 14:53:47] [info] Eventos retrocedidos a Pendiente: 0
[2025-02-12 14:53:47] [info] Eventos retrocedidos desde Finalizado: 0
[2025-02-12 14:53:47] [info] Eventos finalizados actualizados: 0
[2025-02-12 14:53:47] [info] Jugadores actualizados a terminado: 0
[2025-02-12 14:53:47] [info] Eventos iniciados: 0
[2025-02-12 14:53:47] [info] Evento ID: 1, Nombre: Navidad, Jugadores terminados: 10/10
[2025-02-12 14:54:17] [info] Iniciando actualización de estados de eventos. Fecha actual: 2025-02-12 14:54:17
[2025-02-12 14:54:17] [info] Eventos retrocedidos a Pendiente: 0
[2025-02-12 14:54:17] [info] Eventos retrocedidos desde Finalizado: 0
[2025-02-12 14:54:17] [info] Eventos finalizados actualizados: 0
[2025-02-12 14:54:17] [info] Jugadores actualizados a terminado: 0
[2025-02-12 14:54:17] [info] Eventos iniciados: 0
[2025-02-12 14:54:17] [info] Evento ID: 1, Nombre: Navidad, Jugadores terminados: 10/10
[2025-02-12 14:54:44] [info] Iniciando actualización de estados de eventos. Fecha actual: 2025-02-12 14:54:44
[2025-02-12 14:54:44] [info] Eventos retrocedidos a Pendiente: 0
[2025-02-12 14:54:44] [info] Eventos retrocedidos desde Finalizado: 0
[2025-02-12 14:54:44] [info] Eventos finalizados actualizados: 0
[2025-02-12 14:54:44] [info] Jugadores actualizados a terminado: 0
[2025-02-12 14:54:44] [info] Eventos iniciados: 0
[2025-02-12 14:54:44] [info] Evento ID: 1, Nombre: Navidad, Jugadores terminados: 10/10
[2025-02-12 14:54:54] [info] Iniciando actualización de estados de eventos. Fecha actual: 2025-02-12 14:54:54
[2025-02-12 14:54:54] [info] Eventos retrocedidos a Pendiente: 0
[2025-02-12 14:54:54] [info] Eventos retrocedidos desde Finalizado: 0
[2025-02-12 14:54:54] [info] Eventos finalizados actualizados: 0
[2025-02-12 14:54:54] [info] Jugadores actualizados a terminado: 0
[2025-02-12 14:54:54] [info] Eventos iniciados: 0
[2025-02-12 14:54:54] [info] Evento ID: 1, Nombre: Navidad, Jugadores terminados: 10/10
[2025-02-12 14:55:08] [info] Iniciando actualización de estados de eventos. Fecha actual: 2025-02-12 14:55:08
[2025-02-12 14:55:08] [info] Eventos retrocedidos a Pendiente: 0
[2025-02-12 14:55:08] [info] Eventos retrocedidos desde Finalizado: 0
[2025-02-12 14:55:08] [info] Eventos finalizados actualizados: 0
[2025-02-12 14:55:08] [info] Jugadores actualizados a terminado: 0
[2025-02-12 14:55:08] [info] Eventos iniciados: 0
[2025-02-12 14:55:08] [info] Evento ID: 1, Nombre: Navidad, Jugadores terminados: 10/10
[2025-02-12 14:55:11] [info] Iniciando actualización de estados de eventos. Fecha actual: 2025-02-12 14:55:11
[2025-02-12 14:55:11] [info] Eventos retrocedidos a Pendiente: 0
[2025-02-12 14:55:11] [info] Eventos retrocedidos desde Finalizado: 0
[2025-02-12 14:55:11] [info] Eventos finalizados actualizados: 0
[2025-02-12 14:55:11] [info] Jugadores actualizados a terminado: 0
[2025-02-12 14:55:11] [info] Eventos iniciados: 0
[2025-02-12 14:55:11] [info] Evento ID: 1, Nombre: Navidad, Jugadores terminados: 10/10
[2025-02-12 14:55:43] [info] Iniciando actualización de estados de eventos. Fecha actual: 2025-02-12 14:55:43
[2025-02-12 14:55:43] [info] Eventos retrocedidos a Pendiente: 0
[2025-02-12 14:55:43] [info] Eventos retrocedidos desde Finalizado: 0
[2025-02-12 14:55:43] [info] Eventos finalizados actualizados: 0
[2025-02-12 14:55:43] [info] Jugadores actualizados a terminado: 0
[2025-02-12 14:55:43] [info] Eventos iniciados: 0
[2025-02-12 14:55:43] [info] Evento ID: 1, Nombre: Navidad, Jugadores terminados: 10/10
[2025-02-12 14:56:13] [info] Iniciando actualización de estados de eventos. Fecha actual: 2025-02-12 14:56:13
[2025-02-12 14:56:13] [info] Eventos retrocedidos a Pendiente: 0
[2025-02-12 14:56:13] [info] Eventos retrocedidos desde Finalizado: 0
[2025-02-12 14:56:13] [info] Eventos finalizados actualizados: 0
[2025-02-12 14:56:13] [info] Jugadores actualizados a terminado: 0
[2025-02-12 14:56:13] [info] Eventos iniciados: 0
[2025-02-12 14:56:13] [info] Evento ID: 1, Nombre: Navidad, Jugadores terminados: 10/10
[2025-02-12 14:56:43] [info] Iniciando actualización de estados de eventos. Fecha actual: 2025-02-12 14:56:43
[2025-02-12 14:56:43] [info] Eventos retrocedidos a Pendiente: 0
[2025-02-12 14:56:43] [info] Eventos retrocedidos desde Finalizado: 0
[2025-02-12 14:56:43] [info] Eventos finalizados actualizados: 0
[2025-02-12 14:56:43] [info] Jugadores actualizados a terminado: 0
[2025-02-12 14:56:43] [info] Eventos iniciados: 0
[2025-02-12 14:56:43] [info] Evento ID: 1, Nombre: Navidad, Jugadores terminados: 10/10
[2025-02-12 14:57:13] [info] Iniciando actualización de estados de eventos. Fecha actual: 2025-02-12 14:57:13
[2025-02-12 14:57:13] [info] Eventos retrocedidos a Pendiente: 0
[2025-02-12 14:57:13] [info] Eventos retrocedidos desde Finalizado: 0
[2025-02-12 14:57:13] [info] Eventos finalizados actualizados: 0
[2025-02-12 14:57:13] [info] Jugadores actualizados a terminado: 0
[2025-02-12 14:57:13] [info] Eventos iniciados: 0
[2025-02-12 14:57:13] [info] Evento ID: 1, Nombre: Navidad, Jugadores terminados: 10/10
[2025-02-12 14:57:33] [info] Iniciando actualización de estados de eventos. Fecha actual: 2025-02-12 14:57:33
[2025-02-12 14:57:33] [info] Eventos retrocedidos a Pendiente: 0
[2025-02-12 14:57:33] [info] Eventos retrocedidos desde Finalizado: 0
[2025-02-12 14:57:33] [info] Eventos finalizados actualizados: 0
[2025-02-12 14:57:33] [info] Jugadores actualizados a terminado: 0
[2025-02-12 14:57:33] [info] Eventos iniciados: 0
[2025-02-12 14:57:33] [info] Evento ID: 1, Nombre: Navidad, Jugadores terminados: 10/10
[2025-02-12 15:00:26] [info] Iniciando actualización de estados de eventos. Fecha actual: 2025-02-12 15:00:26
[2025-02-12 15:00:26] [info] Eventos retrocedidos a Pendiente: 0
[2025-02-12 15:00:26] [info] Eventos retrocedidos desde Finalizado: 0
[2025-02-12 15:00:26] [info] Eventos finalizados actualizados: 0
[2025-02-12 15:00:26] [info] Jugadores actualizados a terminado: 0
[2025-02-12 15:00:26] [info] Eventos iniciados: 0
[2025-02-12 15:00:26] [info] Evento ID: 1, Nombre: Navidad, Jugadores terminados: 10/10
[2025-02-12 15:00:57] [info] Iniciando actualización de estados de eventos. Fecha actual: 2025-02-12 15:00:57
[2025-02-12 15:00:57] [info] Eventos retrocedidos a Pendiente: 0
[2025-02-12 15:00:57] [info] Eventos retrocedidos desde Finalizado: 0
[2025-02-12 15:00:57] [info] Eventos finalizados actualizados: 0
[2025-02-12 15:00:57] [info] Jugadores actualizados a terminado: 0
[2025-02-12 15:00:57] [info] Eventos iniciados: 0
[2025-02-12 15:00:57] [info] Evento ID: 1, Nombre: Navidad, Jugadores terminados: 10/10
[2025-02-12 15:00:58] [info] Iniciando actualización de estados de eventos. Fecha actual: 2025-02-12 15:00:58
[2025-02-12 15:00:58] [info] Eventos retrocedidos a Pendiente: 0
[2025-02-12 15:00:58] [info] Eventos retrocedidos desde Finalizado: 0
[2025-02-12 15:00:58] [info] Eventos finalizados actualizados: 0
[2025-02-12 15:00:58] [info] Jugadores actualizados a terminado: 0
[2025-02-12 15:00:58] [info] Eventos iniciados: 0
[2025-02-12 15:00:58] [info] Evento ID: 1, Nombre: Navidad, Jugadores terminados: 10/10
[2025-02-12 15:01:01] [info] Iniciando actualización de estados de eventos. Fecha actual: 2025-02-12 15:01:01
[2025-02-12 15:01:01] [info] Eventos retrocedidos a Pendiente: 0
[2025-02-12 15:01:01] [info] Eventos retrocedidos desde Finalizado: 0
[2025-02-12 15:01:01] [info] Eventos finalizados actualizados: 0
[2025-02-12 15:01:01] [info] Jugadores actualizados a terminado: 0
[2025-02-12 15:01:01] [info] Eventos iniciados: 0
[2025-02-12 15:01:01] [info] Evento ID: 1, Nombre: Navidad, Jugadores terminados: 10/10
[2025-02-12 15:01:32] [info] Iniciando actualización de estados de eventos. Fecha actual: 2025-02-12 15:01:32
[2025-02-12 15:01:32] [info] Eventos retrocedidos a Pendiente: 0
[2025-02-12 15:01:32] [info] Eventos retrocedidos desde Finalizado: 0
[2025-02-12 15:01:32] [info] Eventos finalizados actualizados: 0
[2025-02-12 15:01:32] [info] Jugadores actualizados a terminado: 0
[2025-02-12 15:01:32] [info] Eventos iniciados: 0
[2025-02-12 15:01:32] [info] Evento ID: 1, Nombre: Navidad, Jugadores terminados: 10/10
[2025-02-12 15:02:02] [info] Iniciando actualización de estados de eventos. Fecha actual: 2025-02-12 15:02:02
[2025-02-12 15:02:02] [info] Eventos retrocedidos a Pendiente: 0
[2025-02-12 15:02:02] [info] Eventos retrocedidos desde Finalizado: 0
[2025-02-12 15:02:02] [info] Eventos finalizados actualizados: 0
[2025-02-12 15:02:02] [info] Jugadores actualizados a terminado: 0
[2025-02-12 15:02:02] [info] Eventos iniciados: 0
[2025-02-12 15:02:02] [info] Evento ID: 1, Nombre: Navidad, Jugadores terminados: 10/10
[2025-02-12 15:03:43] [info] Iniciando actualización de estados de eventos. Fecha actual: 2025-02-12 15:03:43
[2025-02-12 15:03:43] [info] Eventos retrocedidos a Pendiente: 0
[2025-02-12 15:03:43] [info] Eventos retrocedidos desde Finalizado: 0
[2025-02-12 15:03:43] [info] Eventos finalizados actualizados: 0
[2025-02-12 15:03:43] [info] Jugadores actualizados a terminado: 0
[2025-02-12 15:03:43] [info] Eventos iniciados: 0
[2025-02-12 15:03:43] [info] Evento ID: 1, Nombre: Navidad, Jugadores terminados: 10/10
[2025-02-12 15:03:46] [info] Iniciando actualización de estados de eventos. Fecha actual: 2025-02-12 15:03:46
[2025-02-12 15:03:46] [info] Eventos retrocedidos a Pendiente: 0
[2025-02-12 15:03:46] [info] Eventos retrocedidos desde Finalizado: 0
[2025-02-12 15:03:46] [info] Eventos finalizados actualizados: 0
[2025-02-12 15:03:46] [info] Jugadores actualizados a terminado: 0
[2025-02-12 15:03:46] [info] Eventos iniciados: 0
[2025-02-12 15:03:46] [info] Evento ID: 1, Nombre: Navidad, Jugadores terminados: 10/10
[2025-02-12 15:05:46] [info] Iniciando actualización de estados de eventos. Fecha actual: 2025-02-12 15:05:46
[2025-02-12 15:05:46] [info] Eventos retrocedidos a Pendiente: 0
[2025-02-12 15:05:46] [info] Eventos retrocedidos desde Finalizado: 0
[2025-02-12 15:05:46] [info] Eventos finalizados actualizados: 0
[2025-02-12 15:05:46] [info] Jugadores actualizados a terminado: 0
[2025-02-12 15:05:46] [info] Eventos iniciados: 0
[2025-02-12 15:05:46] [info] Evento ID: 1, Nombre: Navidad, Jugadores terminados: 10/10
[2025-02-12 15:05:51] [info] Iniciando actualización de estados de eventos. Fecha actual: 2025-02-12 15:05:51
[2025-02-12 15:05:51] [info] Eventos retrocedidos a Pendiente: 0
[2025-02-12 15:05:51] [info] Eventos retrocedidos desde Finalizado: 0
[2025-02-12 15:05:51] [info] Eventos finalizados actualizados: 0
[2025-02-12 15:05:51] [info] Jugadores actualizados a terminado: 0
[2025-02-12 15:05:51] [info] Eventos iniciados: 0
[2025-02-12 15:05:51] [info] Evento ID: 1, Nombre: Navidad, Jugadores terminados: 10/10
[2025-02-12 16:44:12] [info] Iniciando actualización de estados de eventos. Fecha actual: 2025-02-12 16:44:12
[2025-02-12 16:44:12] [info] Eventos retrocedidos a Pendiente: 0
[2025-02-12 16:44:12] [info] Eventos retrocedidos desde Finalizado: 0
[2025-02-12 16:44:12] [info] Eventos finalizados actualizados: 0
[2025-02-12 16:44:12] [info] Jugadores actualizados a terminado: 0
[2025-02-12 16:44:12] [info] Eventos iniciados: 0
[2025-02-12 16:44:12] [info] Evento ID: 1, Nombre: Navidad, Jugadores terminados: 10/10
