[2025-01-06 12:44:30] [info] Iniciando actualización de estados de eventos. Fecha actual: 2025-01-06 12:44:30
[2025-01-06 12:44:30] [info] Eventos retrocedidos a Pendiente: 0
[2025-01-06 12:44:30] [info] Eventos retrocedidos desde Finalizado: 0
[2025-01-06 12:44:30] [info] Eventos finalizados actualizados: 0
[2025-01-06 12:44:30] [info] Jugadores actualizados a terminado: 0
[2025-01-06 12:44:30] [info] Eventos iniciados: 0
[2025-01-06 12:44:30] [info] Evento ID: 11, Nombre: Todos Santos, Jugadores terminados: 10/10
[2025-01-06 12:44:30] [info] Evento ID: 13, Nombre: Halloween, Jugadores terminados: 7/7
[2025-01-06 12:44:30] [info] Evento ID: 15, Nombre: Instituto ABC, Jugadores terminados: 3/3
[2025-01-06 12:44:30] [info] Evento ID: 16, Nombre: Sistemas UBI, Jugadores terminados: 18/18
[2025-01-06 12:45:30] [info] Iniciando actualización de estados de eventos. Fecha actual: 2025-01-06 12:45:30
[2025-01-06 12:45:30] [info] Eventos retrocedidos a Pendiente: 0
[2025-01-06 12:45:30] [info] Eventos retrocedidos desde Finalizado: 0
[2025-01-06 12:45:30] [info] Eventos finalizados actualizados: 0
[2025-01-06 12:45:30] [info] Jugadores actualizados a terminado: 0
[2025-01-06 12:45:30] [info] Eventos iniciados: 0
[2025-01-06 12:45:30] [info] Evento ID: 11, Nombre: Todos Santos, Jugadores terminados: 10/10
[2025-01-06 12:45:30] [info] Evento ID: 13, Nombre: Halloween, Jugadores terminados: 7/7
[2025-01-06 12:45:30] [info] Evento ID: 15, Nombre: Instituto ABC, Jugadores terminados: 3/3
[2025-01-06 12:45:30] [info] Evento ID: 16, Nombre: Sistemas UBI, Jugadores terminados: 18/18
[2025-01-06 12:45:54] [info] Iniciando actualización de estados de eventos. Fecha actual: 2025-01-06 12:45:54
[2025-01-06 12:45:54] [info] Eventos retrocedidos a Pendiente: 0
[2025-01-06 12:45:54] [info] Eventos retrocedidos desde Finalizado: 0
[2025-01-06 12:45:54] [info] Eventos finalizados actualizados: 0
[2025-01-06 12:45:54] [info] Jugadores actualizados a terminado: 0
[2025-01-06 12:45:54] [info] Eventos iniciados: 0
[2025-01-06 12:45:54] [info] Evento ID: 11, Nombre: Todos Santos, Jugadores terminados: 10/10
[2025-01-06 12:45:54] [info] Evento ID: 13, Nombre: Halloween, Jugadores terminados: 7/7
[2025-01-06 12:45:54] [info] Evento ID: 15, Nombre: Instituto ABC, Jugadores terminados: 3/3
[2025-01-06 12:45:54] [info] Evento ID: 16, Nombre: Sistemas UBI, Jugadores terminados: 18/18
[2025-01-06 12:45:59] [info] Iniciando actualización de estados de eventos. Fecha actual: 2025-01-06 12:45:59
[2025-01-06 12:45:59] [info] Eventos retrocedidos a Pendiente: 0
[2025-01-06 12:45:59] [info] Eventos retrocedidos desde Finalizado: 0
[2025-01-06 12:45:59] [info] Eventos finalizados actualizados: 0
[2025-01-06 12:45:59] [info] Jugadores actualizados a terminado: 0
[2025-01-06 12:45:59] [info] Eventos iniciados: 0
[2025-01-06 12:45:59] [info] Evento ID: 11, Nombre: Todos Santos, Jugadores terminados: 10/10
[2025-01-06 12:45:59] [info] Evento ID: 13, Nombre: Halloween, Jugadores terminados: 7/7
[2025-01-06 12:45:59] [info] Evento ID: 15, Nombre: Instituto ABC, Jugadores terminados: 3/3
[2025-01-06 12:45:59] [info] Evento ID: 16, Nombre: Sistemas UBI, Jugadores terminados: 18/18
[2025-01-06 12:45:59] [info] Iniciando actualización de estados de eventos. Fecha actual: 2025-01-06 12:45:59
[2025-01-06 12:45:59] [info] Eventos retrocedidos a Pendiente: 0
[2025-01-06 12:45:59] [info] Eventos retrocedidos desde Finalizado: 0
[2025-01-06 12:45:59] [info] Eventos finalizados actualizados: 0
[2025-01-06 12:45:59] [info] Jugadores actualizados a terminado: 0
[2025-01-06 12:45:59] [info] Eventos iniciados: 0
[2025-01-06 12:45:59] [info] Evento ID: 11, Nombre: Todos Santos, Jugadores terminados: 10/10
[2025-01-06 12:45:59] [info] Evento ID: 13, Nombre: Halloween, Jugadores terminados: 7/7
[2025-01-06 12:45:59] [info] Evento ID: 15, Nombre: Instituto ABC, Jugadores terminados: 3/3
[2025-01-06 12:45:59] [info] Evento ID: 16, Nombre: Sistemas UBI, Jugadores terminados: 18/18
