[2024-11-13 16:36:02] [info] Iniciando actualización de estados de eventos. Fecha actual: 2024-11-13 16:36:02
[2024-11-13 16:36:02] [info] Eventos finalizados actualizados: 0
[2024-11-13 16:36:02] [info] Jugadores actualizados a terminado: 0
[2024-11-13 16:36:02] [info] Eventos iniciados: 0
[2024-11-13 16:36:02] [info] Evento ID: 1, Nombre: Microsoft Corp, Jugadores terminados: 0/0
[2024-11-13 16:36:02] [info] Evento ID: 11, Nombre: Todos Santos, Jugadores terminados: 6/6
[2024-11-13 16:36:02] [info] Evento ID: 13, Nombre: Halloween, Jugadores terminados: 6/6
[2024-11-13 16:36:02] [info] Evento ID: 15, Nombre: Instituto ABC, Jugadores terminados: 3/3
[2024-11-13 16:36:02] [info] Evento ID: 16, Nombre: Sistemas UBI, Jugadores terminados: 1/1
[2024-11-13 16:36:12] [info] Administrador con ID 1 ha iniciado sesión exitosamente
[2024-11-13 16:36:12] [info] Iniciando actualización de estados de eventos. Fecha actual: 2024-11-13 16:36:12
[2024-11-13 16:36:12] [info] Eventos finalizados actualizados: 0
[2024-11-13 16:36:12] [info] Jugadores actualizados a terminado: 0
[2024-11-13 16:36:12] [info] Eventos iniciados: 0
[2024-11-13 16:36:12] [info] Evento ID: 1, Nombre: Microsoft Corp, Jugadores terminados: 0/0
[2024-11-13 16:36:12] [info] Evento ID: 11, Nombre: Todos Santos, Jugadores terminados: 6/6
[2024-11-13 16:36:12] [info] Evento ID: 13, Nombre: Halloween, Jugadores terminados: 6/6
[2024-11-13 16:36:12] [info] Evento ID: 15, Nombre: Instituto ABC, Jugadores terminados: 3/3
[2024-11-13 16:36:12] [info] Evento ID: 16, Nombre: Sistemas UBI, Jugadores terminados: 1/1
[2024-11-13 16:36:14] [info] Iniciando actualización de estados de eventos. Fecha actual: 2024-11-13 16:36:14
[2024-11-13 16:36:14] [info] Eventos finalizados actualizados: 0
[2024-11-13 16:36:14] [info] Jugadores actualizados a terminado: 0
[2024-11-13 16:36:14] [info] Eventos iniciados: 0
[2024-11-13 16:36:14] [info] Evento ID: 1, Nombre: Microsoft Corp, Jugadores terminados: 0/0
[2024-11-13 16:36:14] [info] Evento ID: 11, Nombre: Todos Santos, Jugadores terminados: 6/6
[2024-11-13 16:36:14] [info] Evento ID: 13, Nombre: Halloween, Jugadores terminados: 6/6
[2024-11-13 16:36:14] [info] Evento ID: 15, Nombre: Instituto ABC, Jugadores terminados: 3/3
[2024-11-13 16:36:14] [info] Evento ID: 16, Nombre: Sistemas UBI, Jugadores terminados: 1/1
[2024-11-13 16:36:16] [info] Iniciando actualización de estados de eventos. Fecha actual: 2024-11-13 16:36:16
[2024-11-13 16:36:16] [info] Eventos finalizados actualizados: 0
[2024-11-13 16:36:16] [info] Jugadores actualizados a terminado: 0
[2024-11-13 16:36:16] [info] Eventos iniciados: 0
[2024-11-13 16:36:16] [info] Evento ID: 1, Nombre: Microsoft Corp, Jugadores terminados: 0/0
[2024-11-13 16:36:16] [info] Evento ID: 11, Nombre: Todos Santos, Jugadores terminados: 6/6
[2024-11-13 16:36:16] [info] Evento ID: 13, Nombre: Halloween, Jugadores terminados: 6/6
[2024-11-13 16:36:16] [info] Evento ID: 15, Nombre: Instituto ABC, Jugadores terminados: 3/3
[2024-11-13 16:36:16] [info] Evento ID: 16, Nombre: Sistemas UBI, Jugadores terminados: 1/1
[2024-11-13 17:06:14] [info] Iniciando actualización de estados de eventos. Fecha actual: 2024-11-13 17:06:14
[2024-11-13 17:06:14] [info] Eventos finalizados actualizados: 0
[2024-11-13 17:06:15] [info] Jugadores actualizados a terminado: 0
[2024-11-13 17:06:15] [info] Eventos iniciados: 0
[2024-11-13 17:06:15] [info] Evento ID: 1, Nombre: Microsoft Corp, Jugadores terminados: 0/0
[2024-11-13 17:06:15] [info] Evento ID: 11, Nombre: Todos Santos, Jugadores terminados: 6/6
[2024-11-13 17:06:15] [info] Evento ID: 13, Nombre: Halloween, Jugadores terminados: 6/6
[2024-11-13 17:06:15] [info] Evento ID: 15, Nombre: Instituto ABC, Jugadores terminados: 3/3
[2024-11-13 17:06:15] [info] Evento ID: 16, Nombre: Sistemas UBI, Jugadores terminados: 1/1
[2024-11-13 17:06:15] [info] Iniciando actualización de estados de eventos. Fecha actual: 2024-11-13 17:06:15
[2024-11-13 17:06:15] [info] Eventos finalizados actualizados: 0
[2024-11-13 17:06:15] [info] Jugadores actualizados a terminado: 0
[2024-11-13 17:06:15] [info] Eventos iniciados: 0
[2024-11-13 17:06:15] [info] Evento ID: 1, Nombre: Microsoft Corp, Jugadores terminados: 0/0
[2024-11-13 17:06:15] [info] Evento ID: 11, Nombre: Todos Santos, Jugadores terminados: 6/6
[2024-11-13 17:06:15] [info] Evento ID: 13, Nombre: Halloween, Jugadores terminados: 6/6
[2024-11-13 17:06:15] [info] Evento ID: 15, Nombre: Instituto ABC, Jugadores terminados: 3/3
[2024-11-13 17:06:15] [info] Evento ID: 16, Nombre: Sistemas UBI, Jugadores terminados: 1/1
[2024-11-13 17:06:18] [info] Iniciando actualización de estados de eventos. Fecha actual: 2024-11-13 17:06:18
[2024-11-13 17:06:18] [info] Eventos finalizados actualizados: 0
[2024-11-13 17:06:18] [info] Jugadores actualizados a terminado: 0
[2024-11-13 17:06:18] [info] Eventos iniciados: 0
[2024-11-13 17:06:18] [info] Evento ID: 1, Nombre: Microsoft Corp, Jugadores terminados: 0/0
[2024-11-13 17:06:18] [info] Evento ID: 11, Nombre: Todos Santos, Jugadores terminados: 6/6
[2024-11-13 17:06:18] [info] Evento ID: 13, Nombre: Halloween, Jugadores terminados: 6/6
[2024-11-13 17:06:18] [info] Evento ID: 15, Nombre: Instituto ABC, Jugadores terminados: 3/3
[2024-11-13 17:06:18] [info] Evento ID: 16, Nombre: Sistemas UBI, Jugadores terminados: 1/1
[2024-11-13 17:06:19] [info] Iniciando actualización de estados de eventos. Fecha actual: 2024-11-13 17:06:19
[2024-11-13 17:06:19] [info] Eventos finalizados actualizados: 0
[2024-11-13 17:06:19] [info] Jugadores actualizados a terminado: 0
[2024-11-13 17:06:19] [info] Eventos iniciados: 0
[2024-11-13 17:06:19] [info] Evento ID: 1, Nombre: Microsoft Corp, Jugadores terminados: 0/0
[2024-11-13 17:06:19] [info] Evento ID: 11, Nombre: Todos Santos, Jugadores terminados: 6/6
[2024-11-13 17:06:19] [info] Evento ID: 13, Nombre: Halloween, Jugadores terminados: 6/6
[2024-11-13 17:06:19] [info] Evento ID: 15, Nombre: Instituto ABC, Jugadores terminados: 3/3
[2024-11-13 17:06:19] [info] Evento ID: 16, Nombre: Sistemas UBI, Jugadores terminados: 1/1
[2024-11-13 17:06:31] [info] Iniciando actualización de estados de eventos. Fecha actual: 2024-11-13 17:06:31
[2024-11-13 17:06:31] [info] Eventos finalizados actualizados: 0
[2024-11-13 17:06:31] [info] Jugadores actualizados a terminado: 0
[2024-11-13 17:06:31] [info] Eventos iniciados: 0
[2024-11-13 17:06:31] [info] Evento ID: 1, Nombre: Microsoft Corp, Jugadores terminados: 0/0
[2024-11-13 17:06:31] [info] Evento ID: 11, Nombre: Todos Santos, Jugadores terminados: 6/6
[2024-11-13 17:06:31] [info] Evento ID: 13, Nombre: Halloween, Jugadores terminados: 6/6
[2024-11-13 17:06:31] [info] Evento ID: 15, Nombre: Instituto ABC, Jugadores terminados: 3/3
[2024-11-13 17:06:31] [info] Evento ID: 16, Nombre: Sistemas UBI, Jugadores terminados: 1/1
[2024-11-13 17:06:49] [info] Iniciando actualización de estados de eventos. Fecha actual: 2024-11-13 17:06:49
[2024-11-13 17:06:49] [info] Eventos finalizados actualizados: 0
[2024-11-13 17:06:49] [info] Jugadores actualizados a terminado: 0
[2024-11-13 17:06:49] [info] Eventos iniciados: 0
[2024-11-13 17:06:49] [info] Evento ID: 1, Nombre: Microsoft Corp, Jugadores terminados: 0/0
[2024-11-13 17:06:49] [info] Evento ID: 11, Nombre: Todos Santos, Jugadores terminados: 6/6
[2024-11-13 17:06:49] [info] Evento ID: 13, Nombre: Halloween, Jugadores terminados: 6/6
[2024-11-13 17:06:49] [info] Evento ID: 15, Nombre: Instituto ABC, Jugadores terminados: 3/3
[2024-11-13 17:06:49] [info] Evento ID: 16, Nombre: Sistemas UBI, Jugadores terminados: 1/1
[2024-11-13 17:06:58] [info] Iniciando actualización de estados de eventos. Fecha actual: 2024-11-13 17:06:58
[2024-11-13 17:06:58] [info] Eventos finalizados actualizados: 0
[2024-11-13 17:06:58] [info] Jugadores actualizados a terminado: 0
[2024-11-13 17:06:58] [info] Eventos iniciados: 0
[2024-11-13 17:06:58] [info] Evento ID: 1, Nombre: Microsoft Corp, Jugadores terminados: 0/0
[2024-11-13 17:06:58] [info] Evento ID: 11, Nombre: Todos Santos, Jugadores terminados: 6/6
[2024-11-13 17:06:58] [info] Evento ID: 13, Nombre: Halloween, Jugadores terminados: 6/6
[2024-11-13 17:06:58] [info] Evento ID: 15, Nombre: Instituto ABC, Jugadores terminados: 3/3
[2024-11-13 17:06:58] [info] Evento ID: 16, Nombre: Sistemas UBI, Jugadores terminados: 1/1
[2024-11-13 17:06:59] [info] Iniciando actualización de estados de eventos. Fecha actual: 2024-11-13 17:06:59
[2024-11-13 17:06:59] [info] Eventos finalizados actualizados: 0
[2024-11-13 17:06:59] [info] Jugadores actualizados a terminado: 0
[2024-11-13 17:06:59] [info] Eventos iniciados: 0
[2024-11-13 17:06:59] [info] Evento ID: 1, Nombre: Microsoft Corp, Jugadores terminados: 0/0
[2024-11-13 17:06:59] [info] Evento ID: 11, Nombre: Todos Santos, Jugadores terminados: 6/6
[2024-11-13 17:06:59] [info] Evento ID: 13, Nombre: Halloween, Jugadores terminados: 6/6
[2024-11-13 17:06:59] [info] Evento ID: 15, Nombre: Instituto ABC, Jugadores terminados: 3/3
[2024-11-13 17:06:59] [info] Evento ID: 16, Nombre: Sistemas UBI, Jugadores terminados: 1/1
[2024-11-13 17:07:01] [info] Iniciando actualización de estados de eventos. Fecha actual: 2024-11-13 17:07:01
[2024-11-13 17:07:01] [info] Eventos finalizados actualizados: 0
[2024-11-13 17:07:01] [info] Jugadores actualizados a terminado: 0
[2024-11-13 17:07:01] [info] Eventos iniciados: 0
[2024-11-13 17:07:01] [info] Evento ID: 1, Nombre: Microsoft Corp, Jugadores terminados: 0/0
[2024-11-13 17:07:01] [info] Evento ID: 11, Nombre: Todos Santos, Jugadores terminados: 6/6
[2024-11-13 17:07:01] [info] Evento ID: 13, Nombre: Halloween, Jugadores terminados: 6/6
[2024-11-13 17:07:01] [info] Evento ID: 15, Nombre: Instituto ABC, Jugadores terminados: 3/3
[2024-11-13 17:07:01] [info] Evento ID: 16, Nombre: Sistemas UBI, Jugadores terminados: 1/1
[2024-11-13 17:07:31] [info] Iniciando actualización de estados de eventos. Fecha actual: 2024-11-13 17:07:31
[2024-11-13 17:07:31] [info] Eventos finalizados actualizados: 0
[2024-11-13 17:07:31] [info] Jugadores actualizados a terminado: 0
[2024-11-13 17:07:31] [info] Eventos iniciados: 0
[2024-11-13 17:07:31] [info] Evento ID: 1, Nombre: Microsoft Corp, Jugadores terminados: 0/0
[2024-11-13 17:07:31] [info] Evento ID: 11, Nombre: Todos Santos, Jugadores terminados: 6/6
[2024-11-13 17:07:31] [info] Evento ID: 13, Nombre: Halloween, Jugadores terminados: 6/6
[2024-11-13 17:07:31] [info] Evento ID: 15, Nombre: Instituto ABC, Jugadores terminados: 3/3
[2024-11-13 17:07:31] [info] Evento ID: 16, Nombre: Sistemas UBI, Jugadores terminados: 1/1
[2024-11-13 17:08:00] [info] Iniciando actualización de estados de eventos. Fecha actual: 2024-11-13 17:08:00
[2024-11-13 17:08:00] [info] Eventos finalizados actualizados: 0
[2024-11-13 17:08:00] [info] Jugadores actualizados a terminado: 0
[2024-11-13 17:08:00] [info] Eventos iniciados: 0
[2024-11-13 17:08:00] [info] Evento ID: 1, Nombre: Microsoft Corp, Jugadores terminados: 0/0
[2024-11-13 17:08:00] [info] Evento ID: 11, Nombre: Todos Santos, Jugadores terminados: 6/6
[2024-11-13 17:08:00] [info] Evento ID: 13, Nombre: Halloween, Jugadores terminados: 6/6
[2024-11-13 17:08:00] [info] Evento ID: 15, Nombre: Instituto ABC, Jugadores terminados: 3/3
[2024-11-13 17:08:01] [info] Iniciando actualización de estados de eventos. Fecha actual: 2024-11-13 17:08:01
[2024-11-13 17:08:01] [info] Eventos finalizados actualizados: 0
[2024-11-13 17:08:01] [info] Jugadores actualizados a terminado: 0
[2024-11-13 17:08:01] [info] Eventos iniciados: 0
[2024-11-13 17:08:01] [info] Evento ID: 1, Nombre: Microsoft Corp, Jugadores terminados: 0/0
[2024-11-13 17:08:01] [info] Evento ID: 11, Nombre: Todos Santos, Jugadores terminados: 6/6
[2024-11-13 17:08:01] [info] Evento ID: 13, Nombre: Halloween, Jugadores terminados: 6/6
[2024-11-13 17:08:01] [info] Evento ID: 15, Nombre: Instituto ABC, Jugadores terminados: 3/3
[2024-11-13 17:08:06] [info] Iniciando actualización de estados de eventos. Fecha actual: 2024-11-13 17:08:06
[2024-11-13 17:08:06] [info] Eventos finalizados actualizados: 0
[2024-11-13 17:08:06] [info] Jugadores actualizados a terminado: 0
[2024-11-13 17:08:06] [info] Eventos iniciados: 0
[2024-11-13 17:08:06] [info] Evento ID: 1, Nombre: Microsoft Corp, Jugadores terminados: 0/0
[2024-11-13 17:08:06] [info] Evento ID: 11, Nombre: Todos Santos, Jugadores terminados: 6/6
[2024-11-13 17:08:06] [info] Evento ID: 13, Nombre: Halloween, Jugadores terminados: 6/6
[2024-11-13 17:08:06] [info] Evento ID: 15, Nombre: Instituto ABC, Jugadores terminados: 3/3
[2024-11-13 17:13:16] [info] Iniciando actualización de estados de eventos. Fecha actual: 2024-11-13 17:13:16
[2024-11-13 17:13:16] [info] Eventos finalizados actualizados: 0
[2024-11-13 17:13:16] [info] Jugadores actualizados a terminado: 0
[2024-11-13 17:13:16] [info] Eventos iniciados: 0
[2024-11-13 17:13:16] [info] Evento ID: 1, Nombre: Microsoft Corp, Jugadores terminados: 0/0
[2024-11-13 17:13:16] [info] Evento ID: 11, Nombre: Todos Santos, Jugadores terminados: 6/6
[2024-11-13 17:13:16] [info] Evento ID: 13, Nombre: Halloween, Jugadores terminados: 6/6
[2024-11-13 17:13:16] [info] Evento ID: 15, Nombre: Instituto ABC, Jugadores terminados: 3/3
[2024-11-13 17:13:16] [info] Iniciando actualización de estados de eventos. Fecha actual: 2024-11-13 17:13:16
[2024-11-13 17:13:16] [info] Eventos finalizados actualizados: 0
[2024-11-13 17:13:16] [info] Jugadores actualizados a terminado: 0
[2024-11-13 17:13:16] [info] Eventos iniciados: 0
[2024-11-13 17:13:16] [info] Evento ID: 1, Nombre: Microsoft Corp, Jugadores terminados: 0/0
[2024-11-13 17:13:16] [info] Evento ID: 11, Nombre: Todos Santos, Jugadores terminados: 6/6
[2024-11-13 17:13:16] [info] Evento ID: 13, Nombre: Halloween, Jugadores terminados: 6/6
[2024-11-13 17:13:16] [info] Evento ID: 15, Nombre: Instituto ABC, Jugadores terminados: 3/3
[2024-11-13 17:27:34] [info] Iniciando actualización de estados de eventos. Fecha actual: 2024-11-13 17:27:34
[2024-11-13 17:27:34] [info] Eventos finalizados actualizados: 0
[2024-11-13 17:27:34] [info] Jugadores actualizados a terminado: 0
[2024-11-13 17:27:34] [info] Eventos iniciados: 0
[2024-11-13 17:27:34] [info] Evento ID: 1, Nombre: Microsoft Corp, Jugadores terminados: 0/0
[2024-11-13 17:27:34] [info] Evento ID: 11, Nombre: Todos Santos, Jugadores terminados: 6/6
[2024-11-13 17:27:34] [info] Evento ID: 13, Nombre: Halloween, Jugadores terminados: 6/6
[2024-11-13 17:27:34] [info] Evento ID: 15, Nombre: Instituto ABC, Jugadores terminados: 3/3
[2024-11-13 17:27:34] [info] Iniciando actualización de estados de eventos. Fecha actual: 2024-11-13 17:27:34
[2024-11-13 17:27:34] [info] Eventos finalizados actualizados: 0
[2024-11-13 17:27:34] [info] Jugadores actualizados a terminado: 0
[2024-11-13 17:27:34] [info] Eventos iniciados: 0
[2024-11-13 17:27:34] [info] Evento ID: 1, Nombre: Microsoft Corp, Jugadores terminados: 0/0
[2024-11-13 17:27:34] [info] Evento ID: 11, Nombre: Todos Santos, Jugadores terminados: 6/6
[2024-11-13 17:27:34] [info] Evento ID: 13, Nombre: Halloween, Jugadores terminados: 6/6
[2024-11-13 17:27:34] [info] Evento ID: 15, Nombre: Instituto ABC, Jugadores terminados: 3/3
[2024-11-13 17:27:36] [info] Iniciando actualización de estados de eventos. Fecha actual: 2024-11-13 17:27:36
[2024-11-13 17:27:36] [info] Eventos finalizados actualizados: 0
[2024-11-13 17:27:36] [info] Jugadores actualizados a terminado: 0
[2024-11-13 17:27:36] [info] Eventos iniciados: 0
[2024-11-13 17:27:36] [info] Evento ID: 1, Nombre: Microsoft Corp, Jugadores terminados: 0/0
[2024-11-13 17:27:36] [info] Evento ID: 11, Nombre: Todos Santos, Jugadores terminados: 6/6
[2024-11-13 17:27:36] [info] Evento ID: 13, Nombre: Halloween, Jugadores terminados: 6/6
[2024-11-13 17:27:36] [info] Evento ID: 15, Nombre: Instituto ABC, Jugadores terminados: 3/3
[2024-11-13 17:27:37] [info] Iniciando actualización de estados de eventos. Fecha actual: 2024-11-13 17:27:37
[2024-11-13 17:27:37] [info] Eventos finalizados actualizados: 0
[2024-11-13 17:27:37] [info] Jugadores actualizados a terminado: 0
[2024-11-13 17:27:37] [info] Eventos iniciados: 0
[2024-11-13 17:27:37] [info] Evento ID: 1, Nombre: Microsoft Corp, Jugadores terminados: 0/0
[2024-11-13 17:27:37] [info] Evento ID: 11, Nombre: Todos Santos, Jugadores terminados: 6/6
[2024-11-13 17:27:37] [info] Evento ID: 13, Nombre: Halloween, Jugadores terminados: 6/6
[2024-11-13 17:27:37] [info] Evento ID: 15, Nombre: Instituto ABC, Jugadores terminados: 3/3
[2024-11-13 17:27:41] [info] Iniciando actualización de estados de eventos. Fecha actual: 2024-11-13 17:27:41
[2024-11-13 17:27:41] [info] Eventos finalizados actualizados: 0
[2024-11-13 17:27:41] [info] Jugadores actualizados a terminado: 0
[2024-11-13 17:27:41] [info] Eventos iniciados: 0
[2024-11-13 17:27:41] [info] Evento ID: 1, Nombre: Microsoft Corp, Jugadores terminados: 0/0
[2024-11-13 17:27:41] [info] Evento ID: 11, Nombre: Todos Santos, Jugadores terminados: 6/6
[2024-11-13 17:27:41] [info] Evento ID: 13, Nombre: Halloween, Jugadores terminados: 6/6
[2024-11-13 17:27:41] [info] Evento ID: 15, Nombre: Instituto ABC, Jugadores terminados: 3/3
[2024-11-13 17:27:49] [info] Iniciando actualización de estados de eventos. Fecha actual: 2024-11-13 17:27:49
[2024-11-13 17:27:49] [info] Eventos finalizados actualizados: 0
[2024-11-13 17:27:49] [info] Jugadores actualizados a terminado: 0
[2024-11-13 17:27:49] [info] Eventos iniciados: 0
[2024-11-13 17:27:49] [info] Evento ID: 1, Nombre: Microsoft Corp, Jugadores terminados: 0/0
[2024-11-13 17:27:49] [info] Evento ID: 11, Nombre: Todos Santos, Jugadores terminados: 6/6
[2024-11-13 17:27:49] [info] Evento ID: 13, Nombre: Halloween, Jugadores terminados: 6/6
[2024-11-13 17:27:49] [info] Evento ID: 15, Nombre: Instituto ABC, Jugadores terminados: 3/3
[2024-11-13 17:27:53] [info] Iniciando actualización de estados de eventos. Fecha actual: 2024-11-13 17:27:53
[2024-11-13 17:27:53] [info] Eventos finalizados actualizados: 0
[2024-11-13 17:27:53] [info] Jugadores actualizados a terminado: 0
[2024-11-13 17:27:53] [info] Eventos iniciados: 0
[2024-11-13 17:27:53] [info] Evento ID: 1, Nombre: Microsoft Corp, Jugadores terminados: 0/0
[2024-11-13 17:27:53] [info] Evento ID: 11, Nombre: Todos Santos, Jugadores terminados: 6/6
[2024-11-13 17:27:53] [info] Evento ID: 13, Nombre: Halloween, Jugadores terminados: 6/6
[2024-11-13 17:27:53] [info] Evento ID: 15, Nombre: Instituto ABC, Jugadores terminados: 3/3
[2024-11-13 17:28:04] [info] Iniciando actualización de estados de eventos. Fecha actual: 2024-11-13 17:28:04
[2024-11-13 17:28:04] [info] Eventos finalizados actualizados: 0
[2024-11-13 17:28:04] [info] Jugadores actualizados a terminado: 0
[2024-11-13 17:28:04] [info] Eventos iniciados: 0
[2024-11-13 17:28:04] [info] Evento ID: 1, Nombre: Microsoft Corp, Jugadores terminados: 0/0
[2024-11-13 17:28:04] [info] Evento ID: 11, Nombre: Todos Santos, Jugadores terminados: 6/6
[2024-11-13 17:28:04] [info] Evento ID: 13, Nombre: Halloween, Jugadores terminados: 6/6
[2024-11-13 17:28:04] [info] Evento ID: 15, Nombre: Instituto ABC, Jugadores terminados: 3/3
[2024-11-13 17:28:10] [info] Iniciando actualización de estados de eventos. Fecha actual: 2024-11-13 17:28:10
[2024-11-13 17:28:10] [info] Eventos finalizados actualizados: 0
[2024-11-13 17:28:10] [info] Jugadores actualizados a terminado: 0
[2024-11-13 17:28:10] [info] Eventos iniciados: 0
[2024-11-13 17:28:10] [info] Evento ID: 1, Nombre: Microsoft Corp, Jugadores terminados: 0/0
[2024-11-13 17:28:10] [info] Evento ID: 11, Nombre: Todos Santos, Jugadores terminados: 6/6
[2024-11-13 17:28:10] [info] Evento ID: 13, Nombre: Halloween, Jugadores terminados: 6/6
[2024-11-13 17:28:10] [info] Evento ID: 15, Nombre: Instituto ABC, Jugadores terminados: 3/3
[2024-11-13 17:28:12] [info] Iniciando actualización de estados de eventos. Fecha actual: 2024-11-13 17:28:12
[2024-11-13 17:28:12] [info] Eventos finalizados actualizados: 0
[2024-11-13 17:28:12] [info] Jugadores actualizados a terminado: 0
[2024-11-13 17:28:12] [info] Eventos iniciados: 0
[2024-11-13 17:28:12] [info] Evento ID: 1, Nombre: Microsoft Corp, Jugadores terminados: 0/0
[2024-11-13 17:28:12] [info] Evento ID: 11, Nombre: Todos Santos, Jugadores terminados: 6/6
[2024-11-13 17:28:12] [info] Evento ID: 13, Nombre: Halloween, Jugadores terminados: 6/6
[2024-11-13 17:28:12] [info] Evento ID: 15, Nombre: Instituto ABC, Jugadores terminados: 3/3
[2024-11-13 17:29:16] [info] Administrador con ID 1 ha iniciado sesión exitosamente
[2024-11-13 17:29:16] [info] Iniciando actualización de estados de eventos. Fecha actual: 2024-11-13 17:29:16
[2024-11-13 17:29:16] [info] Eventos finalizados actualizados: 0
[2024-11-13 17:29:16] [info] Jugadores actualizados a terminado: 0
[2024-11-13 17:29:16] [info] Eventos iniciados: 0
[2024-11-13 17:29:16] [info] Evento ID: 1, Nombre: Microsoft Corp, Jugadores terminados: 0/0
[2024-11-13 17:29:16] [info] Evento ID: 11, Nombre: Todos Santos, Jugadores terminados: 6/6
[2024-11-13 17:29:16] [info] Evento ID: 13, Nombre: Halloween, Jugadores terminados: 6/6
[2024-11-13 17:29:16] [info] Evento ID: 15, Nombre: Instituto ABC, Jugadores terminados: 3/3
[2024-11-13 17:29:46] [info] Iniciando actualización de estados de eventos. Fecha actual: 2024-11-13 17:29:46
[2024-11-13 17:29:46] [info] Eventos finalizados actualizados: 0
[2024-11-13 17:29:46] [info] Jugadores actualizados a terminado: 0
[2024-11-13 17:29:46] [info] Eventos iniciados: 0
[2024-11-13 17:29:46] [info] Evento ID: 1, Nombre: Microsoft Corp, Jugadores terminados: 0/0
[2024-11-13 17:29:46] [info] Evento ID: 11, Nombre: Todos Santos, Jugadores terminados: 6/6
[2024-11-13 17:29:46] [info] Evento ID: 13, Nombre: Halloween, Jugadores terminados: 6/6
[2024-11-13 17:29:46] [info] Evento ID: 15, Nombre: Instituto ABC, Jugadores terminados: 3/3
[2024-11-13 17:30:16] [info] Iniciando actualización de estados de eventos. Fecha actual: 2024-11-13 17:30:16
[2024-11-13 17:30:16] [info] Eventos finalizados actualizados: 0
[2024-11-13 17:30:16] [info] Jugadores actualizados a terminado: 0
[2024-11-13 17:30:16] [info] Eventos iniciados: 0
[2024-11-13 17:30:16] [info] Evento ID: 1, Nombre: Microsoft Corp, Jugadores terminados: 0/0
[2024-11-13 17:30:16] [info] Evento ID: 11, Nombre: Todos Santos, Jugadores terminados: 6/6
[2024-11-13 17:30:16] [info] Evento ID: 13, Nombre: Halloween, Jugadores terminados: 6/6
[2024-11-13 17:30:16] [info] Evento ID: 15, Nombre: Instituto ABC, Jugadores terminados: 3/3
[2024-11-13 17:30:46] [info] Iniciando actualización de estados de eventos. Fecha actual: 2024-11-13 17:30:46
[2024-11-13 17:30:46] [info] Eventos finalizados actualizados: 0
[2024-11-13 17:30:46] [info] Jugadores actualizados a terminado: 0
[2024-11-13 17:30:46] [info] Eventos iniciados: 0
[2024-11-13 17:30:46] [info] Evento ID: 1, Nombre: Microsoft Corp, Jugadores terminados: 0/0
[2024-11-13 17:30:46] [info] Evento ID: 11, Nombre: Todos Santos, Jugadores terminados: 6/6
[2024-11-13 17:30:46] [info] Evento ID: 13, Nombre: Halloween, Jugadores terminados: 6/6
[2024-11-13 17:30:46] [info] Evento ID: 15, Nombre: Instituto ABC, Jugadores terminados: 3/3
[2024-11-13 17:31:16] [info] Iniciando actualización de estados de eventos. Fecha actual: 2024-11-13 17:31:16
[2024-11-13 17:31:16] [info] Eventos finalizados actualizados: 0
[2024-11-13 17:31:16] [info] Jugadores actualizados a terminado: 0
[2024-11-13 17:31:16] [info] Eventos iniciados: 0
[2024-11-13 17:31:16] [info] Evento ID: 1, Nombre: Microsoft Corp, Jugadores terminados: 0/0
[2024-11-13 17:31:16] [info] Evento ID: 11, Nombre: Todos Santos, Jugadores terminados: 6/6
[2024-11-13 17:31:16] [info] Evento ID: 13, Nombre: Halloween, Jugadores terminados: 6/6
[2024-11-13 17:31:16] [info] Evento ID: 15, Nombre: Instituto ABC, Jugadores terminados: 3/3
[2024-11-13 17:31:46] [info] Iniciando actualización de estados de eventos. Fecha actual: 2024-11-13 17:31:46
[2024-11-13 17:31:46] [info] Eventos finalizados actualizados: 0
[2024-11-13 17:31:46] [info] Jugadores actualizados a terminado: 0
[2024-11-13 17:31:46] [info] Eventos iniciados: 0
[2024-11-13 17:31:46] [info] Evento ID: 1, Nombre: Microsoft Corp, Jugadores terminados: 0/0
[2024-11-13 17:31:46] [info] Evento ID: 11, Nombre: Todos Santos, Jugadores terminados: 6/6
[2024-11-13 17:31:46] [info] Evento ID: 13, Nombre: Halloween, Jugadores terminados: 6/6
[2024-11-13 17:31:46] [info] Evento ID: 15, Nombre: Instituto ABC, Jugadores terminados: 3/3
[2024-11-13 17:32:39] [info] Iniciando actualización de estados de eventos. Fecha actual: 2024-11-13 17:32:39
[2024-11-13 17:32:39] [info] Eventos finalizados actualizados: 0
[2024-11-13 17:32:39] [info] Jugadores actualizados a terminado: 0
[2024-11-13 17:32:39] [info] Eventos iniciados: 0
[2024-11-13 17:32:39] [info] Evento ID: 1, Nombre: Microsoft Corp, Jugadores terminados: 0/0
[2024-11-13 17:32:39] [info] Evento ID: 11, Nombre: Todos Santos, Jugadores terminados: 6/6
[2024-11-13 17:32:39] [info] Evento ID: 13, Nombre: Halloween, Jugadores terminados: 6/6
[2024-11-13 17:32:39] [info] Evento ID: 15, Nombre: Instituto ABC, Jugadores terminados: 3/3
[2024-11-13 17:33:39] [info] Iniciando actualización de estados de eventos. Fecha actual: 2024-11-13 17:33:39
[2024-11-13 17:33:39] [info] Eventos finalizados actualizados: 0
[2024-11-13 17:33:39] [info] Jugadores actualizados a terminado: 0
[2024-11-13 17:33:39] [info] Eventos iniciados: 0
[2024-11-13 17:33:39] [info] Evento ID: 1, Nombre: Microsoft Corp, Jugadores terminados: 0/0
[2024-11-13 17:33:39] [info] Evento ID: 11, Nombre: Todos Santos, Jugadores terminados: 6/6
[2024-11-13 17:33:39] [info] Evento ID: 13, Nombre: Halloween, Jugadores terminados: 6/6
[2024-11-13 17:33:39] [info] Evento ID: 15, Nombre: Instituto ABC, Jugadores terminados: 3/3
[2024-11-13 17:33:54] [info] Iniciando actualización de estados de eventos. Fecha actual: 2024-11-13 17:33:54
[2024-11-13 17:33:54] [info] Eventos finalizados actualizados: 0
[2024-11-13 17:33:54] [info] Jugadores actualizados a terminado: 0
[2024-11-13 17:33:54] [info] Eventos iniciados: 0
[2024-11-13 17:33:54] [info] Evento ID: 1, Nombre: Microsoft Corp, Jugadores terminados: 0/0
[2024-11-13 17:33:54] [info] Evento ID: 11, Nombre: Todos Santos, Jugadores terminados: 6/6
[2024-11-13 17:33:54] [info] Evento ID: 13, Nombre: Halloween, Jugadores terminados: 6/6
[2024-11-13 17:33:54] [info] Evento ID: 15, Nombre: Instituto ABC, Jugadores terminados: 3/3
[2024-11-13 17:34:16] [info] Iniciando actualización de estados de eventos. Fecha actual: 2024-11-13 17:34:16
[2024-11-13 17:34:16] [info] Eventos finalizados actualizados: 0
[2024-11-13 17:34:16] [info] Jugadores actualizados a terminado: 0
[2024-11-13 17:34:16] [info] Eventos iniciados: 0
[2024-11-13 17:34:16] [info] Evento ID: 1, Nombre: Microsoft Corp, Jugadores terminados: 0/0
[2024-11-13 17:34:16] [info] Evento ID: 11, Nombre: Todos Santos, Jugadores terminados: 6/6
[2024-11-13 17:34:16] [info] Evento ID: 13, Nombre: Halloween, Jugadores terminados: 6/6
[2024-11-13 17:34:16] [info] Evento ID: 15, Nombre: Instituto ABC, Jugadores terminados: 3/3
[2024-11-13 17:34:46] [info] Iniciando actualización de estados de eventos. Fecha actual: 2024-11-13 17:34:46
[2024-11-13 17:34:46] [info] Eventos finalizados actualizados: 0
[2024-11-13 17:34:46] [info] Jugadores actualizados a terminado: 0
[2024-11-13 17:34:46] [info] Eventos iniciados: 0
[2024-11-13 17:34:46] [info] Evento ID: 1, Nombre: Microsoft Corp, Jugadores terminados: 0/0
[2024-11-13 17:34:46] [info] Evento ID: 11, Nombre: Todos Santos, Jugadores terminados: 6/6
[2024-11-13 17:34:46] [info] Evento ID: 13, Nombre: Halloween, Jugadores terminados: 6/6
[2024-11-13 17:34:46] [info] Evento ID: 15, Nombre: Instituto ABC, Jugadores terminados: 3/3
[2024-11-13 17:35:16] [info] Iniciando actualización de estados de eventos. Fecha actual: 2024-11-13 17:35:16
[2024-11-13 17:35:16] [info] Eventos finalizados actualizados: 0
[2024-11-13 17:35:16] [info] Jugadores actualizados a terminado: 0
[2024-11-13 17:35:16] [info] Eventos iniciados: 0
[2024-11-13 17:35:16] [info] Evento ID: 1, Nombre: Microsoft Corp, Jugadores terminados: 0/0
[2024-11-13 17:35:16] [info] Evento ID: 11, Nombre: Todos Santos, Jugadores terminados: 6/6
[2024-11-13 17:35:16] [info] Evento ID: 13, Nombre: Halloween, Jugadores terminados: 6/6
[2024-11-13 17:35:16] [info] Evento ID: 15, Nombre: Instituto ABC, Jugadores terminados: 3/3
[2024-11-13 17:36:17] [info] Iniciando actualización de estados de eventos. Fecha actual: 2024-11-13 17:36:17
[2024-11-13 17:36:17] [info] Eventos finalizados actualizados: 0
[2024-11-13 17:36:17] [info] Jugadores actualizados a terminado: 0
[2024-11-13 17:36:17] [info] Eventos iniciados: 0
[2024-11-13 17:36:17] [info] Evento ID: 1, Nombre: Microsoft Corp, Jugadores terminados: 0/0
[2024-11-13 17:36:17] [info] Evento ID: 11, Nombre: Todos Santos, Jugadores terminados: 6/6
[2024-11-13 17:36:17] [info] Evento ID: 13, Nombre: Halloween, Jugadores terminados: 6/6
[2024-11-13 17:36:17] [info] Evento ID: 15, Nombre: Instituto ABC, Jugadores terminados: 3/3
[2024-11-13 17:36:46] [info] Iniciando actualización de estados de eventos. Fecha actual: 2024-11-13 17:36:46
[2024-11-13 17:36:46] [info] Eventos finalizados actualizados: 0
[2024-11-13 17:36:46] [info] Jugadores actualizados a terminado: 0
[2024-11-13 17:36:46] [info] Eventos iniciados: 0
[2024-11-13 17:36:46] [info] Evento ID: 1, Nombre: Microsoft Corp, Jugadores terminados: 0/0
[2024-11-13 17:36:46] [info] Evento ID: 11, Nombre: Todos Santos, Jugadores terminados: 6/6
[2024-11-13 17:36:46] [info] Evento ID: 13, Nombre: Halloween, Jugadores terminados: 6/6
[2024-11-13 17:36:46] [info] Evento ID: 15, Nombre: Instituto ABC, Jugadores terminados: 3/3
[2024-11-13 17:37:16] [info] Iniciando actualización de estados de eventos. Fecha actual: 2024-11-13 17:37:16
[2024-11-13 17:37:16] [info] Eventos finalizados actualizados: 0
[2024-11-13 17:37:16] [info] Jugadores actualizados a terminado: 0
[2024-11-13 17:37:16] [info] Eventos iniciados: 0
[2024-11-13 17:37:16] [info] Evento ID: 1, Nombre: Microsoft Corp, Jugadores terminados: 0/0
[2024-11-13 17:37:16] [info] Evento ID: 11, Nombre: Todos Santos, Jugadores terminados: 6/6
[2024-11-13 17:37:16] [info] Evento ID: 13, Nombre: Halloween, Jugadores terminados: 6/6
[2024-11-13 17:37:16] [info] Evento ID: 15, Nombre: Instituto ABC, Jugadores terminados: 3/3
[2024-11-13 17:37:46] [info] Iniciando actualización de estados de eventos. Fecha actual: 2024-11-13 17:37:46
[2024-11-13 17:37:46] [info] Eventos finalizados actualizados: 0
[2024-11-13 17:37:46] [info] Jugadores actualizados a terminado: 0
[2024-11-13 17:37:46] [info] Eventos iniciados: 0
[2024-11-13 17:37:46] [info] Evento ID: 1, Nombre: Microsoft Corp, Jugadores terminados: 0/0
[2024-11-13 17:37:46] [info] Evento ID: 11, Nombre: Todos Santos, Jugadores terminados: 6/6
[2024-11-13 17:37:46] [info] Evento ID: 13, Nombre: Halloween, Jugadores terminados: 6/6
[2024-11-13 17:37:46] [info] Evento ID: 15, Nombre: Instituto ABC, Jugadores terminados: 3/3
[2024-11-13 19:05:00] [info] Administrador con ID 1 ha iniciado sesión exitosamente
[2024-11-13 19:05:00] [info] Iniciando actualización de estados de eventos. Fecha actual: 2024-11-13 19:05:00
[2024-11-13 19:05:00] [info] Eventos finalizados actualizados: 0
[2024-11-13 19:05:00] [info] Jugadores actualizados a terminado: 0
[2024-11-13 19:05:00] [info] Eventos iniciados: 0
[2024-11-13 19:05:00] [info] Evento ID: 1, Nombre: Microsoft Corp, Jugadores terminados: 0/0
[2024-11-13 19:05:00] [info] Evento ID: 11, Nombre: Todos Santos, Jugadores terminados: 6/6
[2024-11-13 19:05:00] [info] Evento ID: 13, Nombre: Halloween, Jugadores terminados: 6/6
[2024-11-13 19:05:00] [info] Evento ID: 15, Nombre: Instituto ABC, Jugadores terminados: 3/3
[2024-11-13 19:05:30] [info] Iniciando actualización de estados de eventos. Fecha actual: 2024-11-13 19:05:30
[2024-11-13 19:05:30] [info] Eventos finalizados actualizados: 0
[2024-11-13 19:05:30] [info] Jugadores actualizados a terminado: 0
[2024-11-13 19:05:30] [info] Eventos iniciados: 0
[2024-11-13 19:05:30] [info] Evento ID: 1, Nombre: Microsoft Corp, Jugadores terminados: 0/0
[2024-11-13 19:05:30] [info] Evento ID: 11, Nombre: Todos Santos, Jugadores terminados: 6/6
[2024-11-13 19:05:30] [info] Evento ID: 13, Nombre: Halloween, Jugadores terminados: 6/6
[2024-11-13 19:05:30] [info] Evento ID: 15, Nombre: Instituto ABC, Jugadores terminados: 3/3
[2024-11-13 19:06:00] [info] Iniciando actualización de estados de eventos. Fecha actual: 2024-11-13 19:06:00
[2024-11-13 19:06:00] [info] Eventos finalizados actualizados: 0
[2024-11-13 19:06:00] [info] Jugadores actualizados a terminado: 0
[2024-11-13 19:06:00] [info] Eventos iniciados: 0
[2024-11-13 19:06:00] [info] Evento ID: 1, Nombre: Microsoft Corp, Jugadores terminados: 0/0
[2024-11-13 19:06:00] [info] Evento ID: 11, Nombre: Todos Santos, Jugadores terminados: 6/6
[2024-11-13 19:06:00] [info] Evento ID: 13, Nombre: Halloween, Jugadores terminados: 6/6
[2024-11-13 19:06:00] [info] Evento ID: 15, Nombre: Instituto ABC, Jugadores terminados: 3/3
[2024-11-13 19:06:30] [info] Iniciando actualización de estados de eventos. Fecha actual: 2024-11-13 19:06:30
[2024-11-13 19:06:30] [info] Eventos finalizados actualizados: 0
[2024-11-13 19:06:30] [info] Jugadores actualizados a terminado: 0
[2024-11-13 19:06:30] [info] Eventos iniciados: 0
[2024-11-13 19:06:30] [info] Evento ID: 1, Nombre: Microsoft Corp, Jugadores terminados: 0/0
[2024-11-13 19:06:30] [info] Evento ID: 11, Nombre: Todos Santos, Jugadores terminados: 6/6
[2024-11-13 19:06:30] [info] Evento ID: 13, Nombre: Halloween, Jugadores terminados: 6/6
[2024-11-13 19:06:30] [info] Evento ID: 15, Nombre: Instituto ABC, Jugadores terminados: 3/3
[2024-11-13 19:07:00] [info] Iniciando actualización de estados de eventos. Fecha actual: 2024-11-13 19:07:00
[2024-11-13 19:07:00] [info] Eventos finalizados actualizados: 0
[2024-11-13 19:07:00] [info] Jugadores actualizados a terminado: 0
[2024-11-13 19:07:00] [info] Eventos iniciados: 0
[2024-11-13 19:07:00] [info] Evento ID: 1, Nombre: Microsoft Corp, Jugadores terminados: 0/0
[2024-11-13 19:07:00] [info] Evento ID: 11, Nombre: Todos Santos, Jugadores terminados: 6/6
[2024-11-13 19:07:00] [info] Evento ID: 13, Nombre: Halloween, Jugadores terminados: 6/6
[2024-11-13 19:07:00] [info] Evento ID: 15, Nombre: Instituto ABC, Jugadores terminados: 3/3
[2024-11-13 19:07:30] [info] Iniciando actualización de estados de eventos. Fecha actual: 2024-11-13 19:07:30
[2024-11-13 19:07:30] [info] Eventos finalizados actualizados: 0
[2024-11-13 19:07:30] [info] Jugadores actualizados a terminado: 0
[2024-11-13 19:07:30] [info] Eventos iniciados: 0
[2024-11-13 19:07:30] [info] Evento ID: 1, Nombre: Microsoft Corp, Jugadores terminados: 0/0
[2024-11-13 19:07:30] [info] Evento ID: 11, Nombre: Todos Santos, Jugadores terminados: 6/6
[2024-11-13 19:07:30] [info] Evento ID: 13, Nombre: Halloween, Jugadores terminados: 6/6
[2024-11-13 19:07:30] [info] Evento ID: 15, Nombre: Instituto ABC, Jugadores terminados: 3/3
[2024-11-13 19:08:00] [info] Iniciando actualización de estados de eventos. Fecha actual: 2024-11-13 19:08:00
[2024-11-13 19:08:00] [info] Eventos finalizados actualizados: 0
[2024-11-13 19:08:00] [info] Jugadores actualizados a terminado: 0
[2024-11-13 19:08:00] [info] Eventos iniciados: 0
[2024-11-13 19:08:00] [info] Evento ID: 1, Nombre: Microsoft Corp, Jugadores terminados: 0/0
[2024-11-13 19:08:00] [info] Evento ID: 11, Nombre: Todos Santos, Jugadores terminados: 6/6
[2024-11-13 19:08:00] [info] Evento ID: 13, Nombre: Halloween, Jugadores terminados: 6/6
[2024-11-13 19:08:00] [info] Evento ID: 15, Nombre: Instituto ABC, Jugadores terminados: 3/3
[2024-11-13 19:08:04] [info] Iniciando actualización de estados de eventos. Fecha actual: 2024-11-13 19:08:04
[2024-11-13 19:08:04] [info] Eventos finalizados actualizados: 0
[2024-11-13 19:08:04] [info] Jugadores actualizados a terminado: 0
[2024-11-13 19:08:04] [info] Eventos iniciados: 0
[2024-11-13 19:08:04] [info] Evento ID: 1, Nombre: Microsoft Corp, Jugadores terminados: 0/0
[2024-11-13 19:08:04] [info] Evento ID: 11, Nombre: Todos Santos, Jugadores terminados: 6/6
[2024-11-13 19:08:04] [info] Evento ID: 13, Nombre: Halloween, Jugadores terminados: 6/6
[2024-11-13 19:08:04] [info] Evento ID: 15, Nombre: Instituto ABC, Jugadores terminados: 3/3
[2024-11-13 19:20:43] [info] Iniciando actualización de estados de eventos. Fecha actual: 2024-11-13 19:20:43
[2024-11-13 19:20:43] [info] Eventos finalizados actualizados: 0
[2024-11-13 19:20:43] [info] Jugadores actualizados a terminado: 0
[2024-11-13 19:20:43] [info] Eventos iniciados: 0
[2024-11-13 19:20:43] [info] Evento ID: 1, Nombre: Microsoft Corp, Jugadores terminados: 0/0
[2024-11-13 19:20:43] [info] Evento ID: 11, Nombre: Todos Santos, Jugadores terminados: 6/6
[2024-11-13 19:20:43] [info] Evento ID: 13, Nombre: Halloween, Jugadores terminados: 6/6
[2024-11-13 19:20:43] [info] Evento ID: 15, Nombre: Instituto ABC, Jugadores terminados: 3/3
[2024-11-13 19:21:36] [info] Iniciando actualización de estados de eventos. Fecha actual: 2024-11-13 19:21:36
[2024-11-13 19:21:36] [info] Eventos finalizados actualizados: 0
[2024-11-13 19:21:36] [info] Jugadores actualizados a terminado: 0
[2024-11-13 19:21:36] [info] Eventos iniciados: 0
[2024-11-13 19:21:36] [info] Evento ID: 1, Nombre: Microsoft Corp, Jugadores terminados: 0/0
[2024-11-13 19:21:36] [info] Evento ID: 11, Nombre: Todos Santos, Jugadores terminados: 6/6
[2024-11-13 19:21:36] [info] Evento ID: 13, Nombre: Halloween, Jugadores terminados: 6/6
[2024-11-13 19:21:36] [info] Evento ID: 15, Nombre: Instituto ABC, Jugadores terminados: 3/3
[2024-11-13 19:22:06] [info] Iniciando actualización de estados de eventos. Fecha actual: 2024-11-13 19:22:06
[2024-11-13 19:22:06] [info] Eventos finalizados actualizados: 0
[2024-11-13 19:22:06] [info] Jugadores actualizados a terminado: 0
[2024-11-13 19:22:06] [info] Eventos iniciados: 0
[2024-11-13 19:22:06] [info] Evento ID: 1, Nombre: Microsoft Corp, Jugadores terminados: 0/0
[2024-11-13 19:22:06] [info] Evento ID: 11, Nombre: Todos Santos, Jugadores terminados: 6/6
[2024-11-13 19:22:06] [info] Evento ID: 13, Nombre: Halloween, Jugadores terminados: 6/6
[2024-11-13 19:22:06] [info] Evento ID: 15, Nombre: Instituto ABC, Jugadores terminados: 3/3
[2024-11-13 19:22:36] [info] Iniciando actualización de estados de eventos. Fecha actual: 2024-11-13 19:22:36
[2024-11-13 19:22:36] [info] Eventos finalizados actualizados: 0
[2024-11-13 19:22:36] [info] Jugadores actualizados a terminado: 0
[2024-11-13 19:22:36] [info] Eventos iniciados: 0
[2024-11-13 19:22:36] [info] Evento ID: 1, Nombre: Microsoft Corp, Jugadores terminados: 0/0
[2024-11-13 19:22:36] [info] Evento ID: 11, Nombre: Todos Santos, Jugadores terminados: 6/6
[2024-11-13 19:22:36] [info] Evento ID: 13, Nombre: Halloween, Jugadores terminados: 6/6
[2024-11-13 19:22:36] [info] Evento ID: 15, Nombre: Instituto ABC, Jugadores terminados: 3/3
[2024-11-13 19:22:54] [info] Iniciando actualización de estados de eventos. Fecha actual: 2024-11-13 19:22:54
[2024-11-13 19:22:54] [info] Eventos finalizados actualizados: 0
[2024-11-13 19:22:54] [info] Jugadores actualizados a terminado: 0
[2024-11-13 19:22:54] [info] Eventos iniciados: 0
[2024-11-13 19:22:54] [info] Evento ID: 1, Nombre: Microsoft Corp, Jugadores terminados: 0/0
[2024-11-13 19:22:54] [info] Evento ID: 11, Nombre: Todos Santos, Jugadores terminados: 6/6
[2024-11-13 19:22:54] [info] Evento ID: 13, Nombre: Halloween, Jugadores terminados: 6/6
[2024-11-13 19:22:54] [info] Evento ID: 15, Nombre: Instituto ABC, Jugadores terminados: 3/3
[2024-11-13 19:23:05] [info] Iniciando actualización de estados de eventos. Fecha actual: 2024-11-13 19:23:05
[2024-11-13 19:23:05] [info] Eventos finalizados actualizados: 0
[2024-11-13 19:23:05] [info] Jugadores actualizados a terminado: 0
[2024-11-13 19:23:05] [info] Eventos iniciados: 0
[2024-11-13 19:23:05] [info] Evento ID: 1, Nombre: Microsoft Corp, Jugadores terminados: 0/0
[2024-11-13 19:23:05] [info] Evento ID: 11, Nombre: Todos Santos, Jugadores terminados: 6/6
[2024-11-13 19:23:05] [info] Evento ID: 13, Nombre: Halloween, Jugadores terminados: 6/6
[2024-11-13 19:23:05] [info] Evento ID: 15, Nombre: Instituto ABC, Jugadores terminados: 3/3
[2024-11-13 19:23:24] [info] Iniciando actualización de estados de eventos. Fecha actual: 2024-11-13 19:23:24
[2024-11-13 19:23:24] [info] Eventos finalizados actualizados: 0
[2024-11-13 19:23:24] [info] Jugadores actualizados a terminado: 0
[2024-11-13 19:23:24] [info] Eventos iniciados: 0
[2024-11-13 19:23:24] [info] Evento ID: 1, Nombre: Microsoft Corp, Jugadores terminados: 0/0
[2024-11-13 19:23:24] [info] Evento ID: 11, Nombre: Todos Santos, Jugadores terminados: 6/6
[2024-11-13 19:23:24] [info] Evento ID: 13, Nombre: Halloween, Jugadores terminados: 6/6
[2024-11-13 19:23:24] [info] Evento ID: 15, Nombre: Instituto ABC, Jugadores terminados: 3/3
[2024-11-13 19:23:31] [info] Iniciando actualización de estados de eventos. Fecha actual: 2024-11-13 19:23:31
[2024-11-13 19:23:31] [info] Eventos finalizados actualizados: 0
[2024-11-13 19:23:31] [info] Jugadores actualizados a terminado: 0
[2024-11-13 19:23:31] [info] Eventos iniciados: 0
[2024-11-13 19:23:31] [info] Evento ID: 1, Nombre: Microsoft Corp, Jugadores terminados: 0/0
[2024-11-13 19:23:31] [info] Evento ID: 11, Nombre: Todos Santos, Jugadores terminados: 6/6
[2024-11-13 19:23:31] [info] Evento ID: 13, Nombre: Halloween, Jugadores terminados: 6/6
[2024-11-13 19:23:31] [info] Evento ID: 15, Nombre: Instituto ABC, Jugadores terminados: 3/3
[2024-11-13 19:23:43] [info] Iniciando actualización de estados de eventos. Fecha actual: 2024-11-13 19:23:43
[2024-11-13 19:23:43] [info] Eventos finalizados actualizados: 0
[2024-11-13 19:23:43] [info] Jugadores actualizados a terminado: 0
[2024-11-13 19:23:43] [info] Eventos iniciados: 0
[2024-11-13 19:23:43] [info] Evento ID: 1, Nombre: Microsoft Corp, Jugadores terminados: 0/0
[2024-11-13 19:23:43] [info] Evento ID: 11, Nombre: Todos Santos, Jugadores terminados: 6/6
[2024-11-13 19:23:43] [info] Evento ID: 13, Nombre: Halloween, Jugadores terminados: 6/6
[2024-11-13 19:23:43] [info] Evento ID: 15, Nombre: Instituto ABC, Jugadores terminados: 3/3
[2024-11-13 19:23:45] [info] Iniciando actualización de estados de eventos. Fecha actual: 2024-11-13 19:23:45
[2024-11-13 19:23:45] [info] Eventos finalizados actualizados: 0
[2024-11-13 19:23:45] [info] Jugadores actualizados a terminado: 0
[2024-11-13 19:23:45] [info] Eventos iniciados: 0
[2024-11-13 19:23:45] [info] Evento ID: 1, Nombre: Microsoft Corp, Jugadores terminados: 0/0
[2024-11-13 19:23:45] [info] Evento ID: 11, Nombre: Todos Santos, Jugadores terminados: 6/6
[2024-11-13 19:23:45] [info] Evento ID: 13, Nombre: Halloween, Jugadores terminados: 6/6
[2024-11-13 19:23:45] [info] Evento ID: 15, Nombre: Instituto ABC, Jugadores terminados: 3/3
[2024-11-13 19:26:04] [info] Iniciando actualización de estados de eventos. Fecha actual: 2024-11-13 19:26:04
[2024-11-13 19:26:04] [info] Eventos finalizados actualizados: 0
[2024-11-13 19:26:04] [info] Jugadores actualizados a terminado: 0
[2024-11-13 19:26:04] [info] Eventos iniciados: 0
[2024-11-13 19:26:04] [info] Evento ID: 1, Nombre: Microsoft Corp, Jugadores terminados: 0/0
[2024-11-13 19:26:04] [info] Evento ID: 11, Nombre: Todos Santos, Jugadores terminados: 6/6
[2024-11-13 19:26:04] [info] Evento ID: 13, Nombre: Halloween, Jugadores terminados: 6/6
[2024-11-13 19:26:04] [info] Evento ID: 15, Nombre: Instituto ABC, Jugadores terminados: 3/3
[2024-11-13 19:26:09] [info] Iniciando actualización de estados de eventos. Fecha actual: 2024-11-13 19:26:09
[2024-11-13 19:26:09] [info] Eventos finalizados actualizados: 0
[2024-11-13 19:26:09] [info] Jugadores actualizados a terminado: 0
[2024-11-13 19:26:09] [info] Eventos iniciados: 0
[2024-11-13 19:26:09] [info] Evento ID: 1, Nombre: Microsoft Corp, Jugadores terminados: 0/0
[2024-11-13 19:26:09] [info] Evento ID: 11, Nombre: Todos Santos, Jugadores terminados: 6/6
[2024-11-13 19:26:09] [info] Evento ID: 13, Nombre: Halloween, Jugadores terminados: 6/6
[2024-11-13 19:26:09] [info] Evento ID: 15, Nombre: Instituto ABC, Jugadores terminados: 3/3
[2024-11-13 19:26:34] [info] Iniciando actualización de estados de eventos. Fecha actual: 2024-11-13 19:26:34
[2024-11-13 19:26:34] [info] Eventos finalizados actualizados: 0
[2024-11-13 19:26:34] [info] Jugadores actualizados a terminado: 0
[2024-11-13 19:26:34] [info] Eventos iniciados: 0
[2024-11-13 19:26:34] [info] Evento ID: 1, Nombre: Microsoft Corp, Jugadores terminados: 0/0
[2024-11-13 19:26:34] [info] Evento ID: 11, Nombre: Todos Santos, Jugadores terminados: 6/6
[2024-11-13 19:26:34] [info] Evento ID: 13, Nombre: Halloween, Jugadores terminados: 6/6
[2024-11-13 19:26:34] [info] Evento ID: 15, Nombre: Instituto ABC, Jugadores terminados: 3/3
[2024-11-13 19:27:04] [info] Iniciando actualización de estados de eventos. Fecha actual: 2024-11-13 19:27:04
[2024-11-13 19:27:04] [info] Eventos finalizados actualizados: 0
[2024-11-13 19:27:04] [info] Jugadores actualizados a terminado: 0
[2024-11-13 19:27:04] [info] Eventos iniciados: 0
[2024-11-13 19:27:04] [info] Evento ID: 1, Nombre: Microsoft Corp, Jugadores terminados: 0/0
[2024-11-13 19:27:04] [info] Evento ID: 11, Nombre: Todos Santos, Jugadores terminados: 6/6
[2024-11-13 19:27:04] [info] Evento ID: 13, Nombre: Halloween, Jugadores terminados: 6/6
[2024-11-13 19:27:04] [info] Evento ID: 15, Nombre: Instituto ABC, Jugadores terminados: 3/3
[2024-11-13 19:36:56] [info] Iniciando actualización de estados de eventos. Fecha actual: 2024-11-13 19:36:56
[2024-11-13 19:36:56] [info] Eventos finalizados actualizados: 0
[2024-11-13 19:36:56] [info] Jugadores actualizados a terminado: 0
[2024-11-13 19:36:56] [info] Eventos iniciados: 0
[2024-11-13 19:36:56] [info] Evento ID: 1, Nombre: Microsoft Corp, Jugadores terminados: 0/0
[2024-11-13 19:36:56] [info] Evento ID: 11, Nombre: Todos Santos, Jugadores terminados: 6/6
[2024-11-13 19:36:56] [info] Evento ID: 13, Nombre: Halloween, Jugadores terminados: 6/6
[2024-11-13 19:36:56] [info] Evento ID: 15, Nombre: Instituto ABC, Jugadores terminados: 3/3
[2024-11-13 19:37:35] [info] Administrador con ID 1 ha iniciado sesión exitosamente
[2024-11-13 19:37:35] [info] Iniciando actualización de estados de eventos. Fecha actual: 2024-11-13 19:37:35
[2024-11-13 19:37:35] [info] Eventos finalizados actualizados: 0
[2024-11-13 19:37:35] [info] Jugadores actualizados a terminado: 0
[2024-11-13 19:37:35] [info] Eventos iniciados: 0
[2024-11-13 19:37:35] [info] Evento ID: 1, Nombre: Microsoft Corp, Jugadores terminados: 0/0
[2024-11-13 19:37:35] [info] Evento ID: 11, Nombre: Todos Santos, Jugadores terminados: 6/6
[2024-11-13 19:37:35] [info] Evento ID: 13, Nombre: Halloween, Jugadores terminados: 6/6
[2024-11-13 19:37:35] [info] Evento ID: 15, Nombre: Instituto ABC, Jugadores terminados: 3/3
[2024-11-13 19:44:16] [info] Iniciando actualización de estados de eventos. Fecha actual: 2024-11-13 19:44:16
[2024-11-13 19:44:16] [info] Eventos finalizados actualizados: 0
[2024-11-13 19:44:16] [info] Jugadores actualizados a terminado: 0
[2024-11-13 19:44:16] [info] Eventos iniciados: 0
[2024-11-13 19:44:16] [info] Evento ID: 1, Nombre: Microsoft Corp, Jugadores terminados: 0/0
[2024-11-13 19:44:16] [info] Evento ID: 11, Nombre: Todos Santos, Jugadores terminados: 6/6
[2024-11-13 19:44:16] [info] Evento ID: 13, Nombre: Halloween, Jugadores terminados: 6/6
[2024-11-13 19:44:16] [info] Evento ID: 15, Nombre: Instituto ABC, Jugadores terminados: 3/3
[2024-11-13 19:44:19] [info] Iniciando actualización de estados de eventos. Fecha actual: 2024-11-13 19:44:19
[2024-11-13 19:44:19] [info] Eventos finalizados actualizados: 0
[2024-11-13 19:44:19] [info] Jugadores actualizados a terminado: 0
[2024-11-13 19:44:19] [info] Eventos iniciados: 0
[2024-11-13 19:44:19] [info] Evento ID: 1, Nombre: Microsoft Corp, Jugadores terminados: 0/0
[2024-11-13 19:44:19] [info] Evento ID: 11, Nombre: Todos Santos, Jugadores terminados: 6/6
[2024-11-13 19:44:19] [info] Evento ID: 13, Nombre: Halloween, Jugadores terminados: 6/6
[2024-11-13 19:44:19] [info] Evento ID: 15, Nombre: Instituto ABC, Jugadores terminados: 3/3
[2024-11-13 19:44:53] [info] Administrador con ID 1 ha iniciado sesión exitosamente
[2024-11-13 19:44:53] [info] Iniciando actualización de estados de eventos. Fecha actual: 2024-11-13 19:44:53
[2024-11-13 19:44:53] [info] Eventos finalizados actualizados: 0
[2024-11-13 19:44:53] [info] Jugadores actualizados a terminado: 0
[2024-11-13 19:44:53] [info] Eventos iniciados: 0
[2024-11-13 19:44:53] [info] Evento ID: 1, Nombre: Microsoft Corp, Jugadores terminados: 0/0
[2024-11-13 19:44:53] [info] Evento ID: 11, Nombre: Todos Santos, Jugadores terminados: 6/6
[2024-11-13 19:44:53] [info] Evento ID: 13, Nombre: Halloween, Jugadores terminados: 6/6
[2024-11-13 19:44:53] [info] Evento ID: 15, Nombre: Instituto ABC, Jugadores terminados: 3/3
[2024-11-13 19:44:55] [info] Iniciando actualización de estados de eventos. Fecha actual: 2024-11-13 19:44:55
[2024-11-13 19:44:55] [info] Eventos finalizados actualizados: 0
[2024-11-13 19:44:55] [info] Jugadores actualizados a terminado: 0
[2024-11-13 19:44:55] [info] Eventos iniciados: 0
[2024-11-13 19:44:55] [info] Evento ID: 1, Nombre: Microsoft Corp, Jugadores terminados: 0/0
[2024-11-13 19:44:55] [info] Evento ID: 11, Nombre: Todos Santos, Jugadores terminados: 6/6
[2024-11-13 19:44:55] [info] Evento ID: 13, Nombre: Halloween, Jugadores terminados: 6/6
[2024-11-13 19:44:55] [info] Evento ID: 15, Nombre: Instituto ABC, Jugadores terminados: 3/3
[2024-11-13 19:48:18] [info] Administrador con ID 1 ha iniciado sesión exitosamente
[2024-11-13 19:48:18] [info] Iniciando actualización de estados de eventos. Fecha actual: 2024-11-13 19:48:18
[2024-11-13 19:48:18] [info] Eventos finalizados actualizados: 0
[2024-11-13 19:48:18] [info] Jugadores actualizados a terminado: 0
[2024-11-13 19:48:18] [info] Eventos iniciados: 0
[2024-11-13 19:48:18] [info] Evento ID: 1, Nombre: Microsoft Corp, Jugadores terminados: 0/0
[2024-11-13 19:48:18] [info] Evento ID: 11, Nombre: Todos Santos, Jugadores terminados: 6/6
[2024-11-13 19:48:18] [info] Evento ID: 13, Nombre: Halloween, Jugadores terminados: 6/6
[2024-11-13 19:48:18] [info] Evento ID: 15, Nombre: Instituto ABC, Jugadores terminados: 3/3
[2024-11-13 19:59:28] [info] Administrador con ID 1 ha iniciado sesión exitosamente
[2024-11-13 19:59:28] [info] Iniciando actualización de estados de eventos. Fecha actual: 2024-11-13 19:59:28
[2024-11-13 19:59:28] [info] Eventos finalizados actualizados: 0
[2024-11-13 19:59:28] [info] Jugadores actualizados a terminado: 0
[2024-11-13 19:59:28] [info] Eventos iniciados: 0
[2024-11-13 19:59:28] [info] Evento ID: 1, Nombre: Microsoft Corp, Jugadores terminados: 0/0
[2024-11-13 19:59:28] [info] Evento ID: 11, Nombre: Todos Santos, Jugadores terminados: 6/6
[2024-11-13 19:59:28] [info] Evento ID: 13, Nombre: Halloween, Jugadores terminados: 6/6
[2024-11-13 19:59:28] [info] Evento ID: 15, Nombre: Instituto ABC, Jugadores terminados: 3/3
[2024-11-13 20:00:02] [info] Administrador con ID 1 ha iniciado sesión exitosamente
[2024-11-13 20:00:02] [info] Iniciando actualización de estados de eventos. Fecha actual: 2024-11-13 20:00:02
[2024-11-13 20:00:02] [info] Eventos finalizados actualizados: 0
[2024-11-13 20:00:02] [info] Jugadores actualizados a terminado: 0
[2024-11-13 20:00:02] [info] Eventos iniciados: 0
[2024-11-13 20:00:02] [info] Evento ID: 1, Nombre: Microsoft Corp, Jugadores terminados: 0/0
[2024-11-13 20:00:02] [info] Evento ID: 11, Nombre: Todos Santos, Jugadores terminados: 6/6
[2024-11-13 20:00:02] [info] Evento ID: 13, Nombre: Halloween, Jugadores terminados: 6/6
[2024-11-13 20:00:02] [info] Evento ID: 15, Nombre: Instituto ABC, Jugadores terminados: 3/3
[2024-11-13 20:42:18] [info] Iniciando actualización de estados de eventos. Fecha actual: 2024-11-13 20:42:18
[2024-11-13 20:42:18] [info] Eventos finalizados actualizados: 0
[2024-11-13 20:42:18] [info] Jugadores actualizados a terminado: 0
[2024-11-13 20:42:18] [info] Eventos iniciados: 0
[2024-11-13 20:42:18] [info] Evento ID: 1, Nombre: Microsoft Corp, Jugadores terminados: 0/0
[2024-11-13 20:42:18] [info] Evento ID: 11, Nombre: Todos Santos, Jugadores terminados: 6/6
[2024-11-13 20:42:18] [info] Evento ID: 13, Nombre: Halloween, Jugadores terminados: 6/6
[2024-11-13 20:42:18] [info] Evento ID: 15, Nombre: Instituto ABC, Jugadores terminados: 3/3
[2024-11-13 20:42:19] [info] Iniciando actualización de estados de eventos. Fecha actual: 2024-11-13 20:42:19
[2024-11-13 20:42:19] [info] Eventos finalizados actualizados: 0
[2024-11-13 20:42:19] [info] Jugadores actualizados a terminado: 0
[2024-11-13 20:42:19] [info] Eventos iniciados: 0
[2024-11-13 20:42:19] [info] Evento ID: 1, Nombre: Microsoft Corp, Jugadores terminados: 0/0
[2024-11-13 20:42:19] [info] Evento ID: 11, Nombre: Todos Santos, Jugadores terminados: 6/6
[2024-11-13 20:42:19] [info] Evento ID: 13, Nombre: Halloween, Jugadores terminados: 6/6
[2024-11-13 20:42:19] [info] Evento ID: 15, Nombre: Instituto ABC, Jugadores terminados: 3/3
[2024-11-13 20:42:20] [info] Iniciando actualización de estados de eventos. Fecha actual: 2024-11-13 20:42:20
[2024-11-13 20:42:20] [info] Eventos finalizados actualizados: 0
[2024-11-13 20:42:20] [info] Jugadores actualizados a terminado: 0
[2024-11-13 20:42:20] [info] Eventos iniciados: 0
[2024-11-13 20:42:20] [info] Evento ID: 1, Nombre: Microsoft Corp, Jugadores terminados: 0/0
[2024-11-13 20:42:20] [info] Evento ID: 11, Nombre: Todos Santos, Jugadores terminados: 6/6
[2024-11-13 20:42:20] [info] Evento ID: 13, Nombre: Halloween, Jugadores terminados: 6/6
[2024-11-13 20:42:20] [info] Evento ID: 15, Nombre: Instituto ABC, Jugadores terminados: 3/3
[2024-11-13 20:42:21] [info] Iniciando actualización de estados de eventos. Fecha actual: 2024-11-13 20:42:21
[2024-11-13 20:42:21] [info] Eventos finalizados actualizados: 0
[2024-11-13 20:42:21] [info] Jugadores actualizados a terminado: 0
[2024-11-13 20:42:21] [info] Eventos iniciados: 0
[2024-11-13 20:42:21] [info] Evento ID: 1, Nombre: Microsoft Corp, Jugadores terminados: 0/0
[2024-11-13 20:42:21] [info] Evento ID: 11, Nombre: Todos Santos, Jugadores terminados: 6/6
[2024-11-13 20:42:21] [info] Evento ID: 13, Nombre: Halloween, Jugadores terminados: 6/6
[2024-11-13 20:42:21] [info] Evento ID: 15, Nombre: Instituto ABC, Jugadores terminados: 3/3
[2024-11-13 20:42:21] [info] Iniciando actualización de estados de eventos. Fecha actual: 2024-11-13 20:42:21
[2024-11-13 20:42:21] [info] Eventos finalizados actualizados: 0
[2024-11-13 20:42:21] [info] Jugadores actualizados a terminado: 0
[2024-11-13 20:42:21] [info] Eventos iniciados: 0
[2024-11-13 20:42:21] [info] Evento ID: 1, Nombre: Microsoft Corp, Jugadores terminados: 0/0
[2024-11-13 20:42:21] [info] Evento ID: 11, Nombre: Todos Santos, Jugadores terminados: 6/6
[2024-11-13 20:42:21] [info] Evento ID: 13, Nombre: Halloween, Jugadores terminados: 6/6
[2024-11-13 20:42:21] [info] Evento ID: 15, Nombre: Instituto ABC, Jugadores terminados: 3/3
[2024-11-13 20:42:22] [info] Iniciando actualización de estados de eventos. Fecha actual: 2024-11-13 20:42:22
[2024-11-13 20:42:22] [info] Eventos finalizados actualizados: 0
[2024-11-13 20:42:22] [info] Jugadores actualizados a terminado: 0
[2024-11-13 20:42:22] [info] Eventos iniciados: 0
[2024-11-13 20:42:22] [info] Evento ID: 1, Nombre: Microsoft Corp, Jugadores terminados: 0/0
[2024-11-13 20:42:22] [info] Evento ID: 11, Nombre: Todos Santos, Jugadores terminados: 6/6
[2024-11-13 20:42:22] [info] Evento ID: 13, Nombre: Halloween, Jugadores terminados: 6/6
[2024-11-13 20:42:22] [info] Evento ID: 15, Nombre: Instituto ABC, Jugadores terminados: 3/3
[2024-11-13 20:54:09] [info] Administrador con ID 1 ha iniciado sesión exitosamente
[2024-11-13 20:54:09] [info] Iniciando actualización de estados de eventos. Fecha actual: 2024-11-13 20:54:09
[2024-11-13 20:54:09] [info] Eventos finalizados actualizados: 0
[2024-11-13 20:54:09] [info] Jugadores actualizados a terminado: 0
[2024-11-13 20:54:09] [info] Eventos iniciados: 0
[2024-11-13 20:54:09] [info] Evento ID: 1, Nombre: Microsoft Corp, Jugadores terminados: 0/0
[2024-11-13 20:54:09] [info] Evento ID: 11, Nombre: Todos Santos, Jugadores terminados: 6/6
[2024-11-13 20:54:09] [info] Evento ID: 13, Nombre: Halloween, Jugadores terminados: 6/6
[2024-11-13 20:54:09] [info] Evento ID: 15, Nombre: Instituto ABC, Jugadores terminados: 3/3
[2024-11-13 20:54:21] [info] Administrador con ID 1 ha iniciado sesión exitosamente
[2024-11-13 20:54:21] [info] Iniciando actualización de estados de eventos. Fecha actual: 2024-11-13 20:54:21
[2024-11-13 20:54:21] [info] Eventos finalizados actualizados: 0
[2024-11-13 20:54:21] [info] Jugadores actualizados a terminado: 0
[2024-11-13 20:54:21] [info] Eventos iniciados: 0
[2024-11-13 20:54:21] [info] Evento ID: 1, Nombre: Microsoft Corp, Jugadores terminados: 0/0
[2024-11-13 20:54:21] [info] Evento ID: 11, Nombre: Todos Santos, Jugadores terminados: 6/6
[2024-11-13 20:54:21] [info] Evento ID: 13, Nombre: Halloween, Jugadores terminados: 6/6
[2024-11-13 20:54:21] [info] Evento ID: 15, Nombre: Instituto ABC, Jugadores terminados: 3/3
[2024-11-13 20:56:38] [info] Iniciando actualización de estados de eventos. Fecha actual: 2024-11-13 20:56:38
[2024-11-13 20:56:38] [info] Eventos finalizados actualizados: 0
[2024-11-13 20:56:38] [info] Jugadores actualizados a terminado: 0
[2024-11-13 20:56:38] [info] Eventos iniciados: 0
[2024-11-13 20:56:38] [info] Evento ID: 1, Nombre: Microsoft Corp, Jugadores terminados: 0/0
[2024-11-13 20:56:38] [info] Evento ID: 11, Nombre: Todos Santos, Jugadores terminados: 6/6
[2024-11-13 20:56:38] [info] Evento ID: 13, Nombre: Halloween, Jugadores terminados: 6/6
[2024-11-13 20:56:38] [info] Evento ID: 15, Nombre: Instituto ABC, Jugadores terminados: 3/3
[2024-11-13 20:56:39] [info] Iniciando actualización de estados de eventos. Fecha actual: 2024-11-13 20:56:39
[2024-11-13 20:56:39] [info] Eventos finalizados actualizados: 0
[2024-11-13 20:56:39] [info] Jugadores actualizados a terminado: 0
[2024-11-13 20:56:39] [info] Eventos iniciados: 0
[2024-11-13 20:56:39] [info] Evento ID: 1, Nombre: Microsoft Corp, Jugadores terminados: 0/0
[2024-11-13 20:56:39] [info] Evento ID: 11, Nombre: Todos Santos, Jugadores terminados: 6/6
[2024-11-13 20:56:39] [info] Evento ID: 13, Nombre: Halloween, Jugadores terminados: 6/6
[2024-11-13 20:56:39] [info] Evento ID: 15, Nombre: Instituto ABC, Jugadores terminados: 3/3
[2024-11-13 20:57:10] [info] Iniciando actualización de estados de eventos. Fecha actual: 2024-11-13 20:57:10
[2024-11-13 20:57:10] [info] Eventos finalizados actualizados: 0
[2024-11-13 20:57:10] [info] Jugadores actualizados a terminado: 0
[2024-11-13 20:57:10] [info] Eventos iniciados: 0
[2024-11-13 20:57:10] [info] Evento ID: 1, Nombre: Microsoft Corp, Jugadores terminados: 0/0
[2024-11-13 20:57:10] [info] Evento ID: 11, Nombre: Todos Santos, Jugadores terminados: 6/6
[2024-11-13 20:57:10] [info] Evento ID: 13, Nombre: Halloween, Jugadores terminados: 6/6
[2024-11-13 20:57:10] [info] Evento ID: 15, Nombre: Instituto ABC, Jugadores terminados: 3/3
[2024-11-13 20:57:40] [info] Iniciando actualización de estados de eventos. Fecha actual: 2024-11-13 20:57:40
[2024-11-13 20:57:40] [info] Eventos finalizados actualizados: 0
[2024-11-13 20:57:40] [info] Jugadores actualizados a terminado: 0
[2024-11-13 20:57:40] [info] Eventos iniciados: 0
[2024-11-13 20:57:40] [info] Evento ID: 1, Nombre: Microsoft Corp, Jugadores terminados: 0/0
[2024-11-13 20:57:40] [info] Evento ID: 11, Nombre: Todos Santos, Jugadores terminados: 6/6
[2024-11-13 20:57:40] [info] Evento ID: 13, Nombre: Halloween, Jugadores terminados: 6/6
[2024-11-13 20:57:40] [info] Evento ID: 15, Nombre: Instituto ABC, Jugadores terminados: 3/3
[2024-11-13 20:58:10] [info] Iniciando actualización de estados de eventos. Fecha actual: 2024-11-13 20:58:10
[2024-11-13 20:58:10] [info] Eventos finalizados actualizados: 0
[2024-11-13 20:58:10] [info] Jugadores actualizados a terminado: 0
[2024-11-13 20:58:10] [info] Eventos iniciados: 0
[2024-11-13 20:58:10] [info] Evento ID: 1, Nombre: Microsoft Corp, Jugadores terminados: 0/0
[2024-11-13 20:58:10] [info] Evento ID: 11, Nombre: Todos Santos, Jugadores terminados: 6/6
[2024-11-13 20:58:10] [info] Evento ID: 13, Nombre: Halloween, Jugadores terminados: 6/6
[2024-11-13 20:58:10] [info] Evento ID: 15, Nombre: Instituto ABC, Jugadores terminados: 3/3
[2024-11-13 20:58:40] [info] Iniciando actualización de estados de eventos. Fecha actual: 2024-11-13 20:58:40
[2024-11-13 20:58:40] [info] Eventos finalizados actualizados: 0
[2024-11-13 20:58:40] [info] Jugadores actualizados a terminado: 0
[2024-11-13 20:58:40] [info] Eventos iniciados: 0
[2024-11-13 20:58:40] [info] Evento ID: 1, Nombre: Microsoft Corp, Jugadores terminados: 0/0
[2024-11-13 20:58:40] [info] Evento ID: 11, Nombre: Todos Santos, Jugadores terminados: 6/6
[2024-11-13 20:58:40] [info] Evento ID: 13, Nombre: Halloween, Jugadores terminados: 6/6
[2024-11-13 20:58:40] [info] Evento ID: 15, Nombre: Instituto ABC, Jugadores terminados: 3/3
[2024-11-13 20:59:10] [info] Iniciando actualización de estados de eventos. Fecha actual: 2024-11-13 20:59:10
[2024-11-13 20:59:10] [info] Eventos finalizados actualizados: 0
[2024-11-13 20:59:10] [info] Jugadores actualizados a terminado: 0
[2024-11-13 20:59:10] [info] Eventos iniciados: 0
[2024-11-13 20:59:10] [info] Evento ID: 1, Nombre: Microsoft Corp, Jugadores terminados: 0/0
[2024-11-13 20:59:10] [info] Evento ID: 11, Nombre: Todos Santos, Jugadores terminados: 6/6
[2024-11-13 20:59:10] [info] Evento ID: 13, Nombre: Halloween, Jugadores terminados: 6/6
[2024-11-13 20:59:10] [info] Evento ID: 15, Nombre: Instituto ABC, Jugadores terminados: 3/3
[2024-11-13 20:59:37] [info] Iniciando actualización de estados de eventos. Fecha actual: 2024-11-13 20:59:37
[2024-11-13 20:59:37] [info] Eventos finalizados actualizados: 0
[2024-11-13 20:59:37] [info] Jugadores actualizados a terminado: 0
[2024-11-13 20:59:37] [info] Eventos iniciados: 0
[2024-11-13 20:59:37] [info] Evento ID: 1, Nombre: Microsoft Corp, Jugadores terminados: 0/0
[2024-11-13 20:59:37] [info] Evento ID: 11, Nombre: Todos Santos, Jugadores terminados: 6/6
[2024-11-13 20:59:37] [info] Evento ID: 13, Nombre: Halloween, Jugadores terminados: 6/6
[2024-11-13 20:59:37] [info] Evento ID: 15, Nombre: Instituto ABC, Jugadores terminados: 3/3
[2024-11-13 20:59:45] [info] Iniciando actualización de estados de eventos. Fecha actual: 2024-11-13 20:59:45
[2024-11-13 20:59:45] [info] Eventos finalizados actualizados: 0
[2024-11-13 20:59:45] [info] Jugadores actualizados a terminado: 0
[2024-11-13 20:59:45] [info] Eventos iniciados: 0
[2024-11-13 20:59:45] [info] Evento ID: 1, Nombre: Microsoft Corp, Jugadores terminados: 0/0
[2024-11-13 20:59:45] [info] Evento ID: 11, Nombre: Todos Santos, Jugadores terminados: 6/6
[2024-11-13 20:59:45] [info] Evento ID: 13, Nombre: Halloween, Jugadores terminados: 6/6
[2024-11-13 20:59:45] [info] Evento ID: 15, Nombre: Instituto ABC, Jugadores terminados: 3/3
[2024-11-13 21:00:15] [info] Iniciando actualización de estados de eventos. Fecha actual: 2024-11-13 21:00:15
[2024-11-13 21:00:15] [info] Eventos finalizados actualizados: 0
[2024-11-13 21:00:15] [info] Jugadores actualizados a terminado: 0
[2024-11-13 21:00:15] [info] Eventos iniciados: 0
[2024-11-13 21:00:15] [info] Evento ID: 1, Nombre: Microsoft Corp, Jugadores terminados: 0/0
[2024-11-13 21:00:15] [info] Evento ID: 11, Nombre: Todos Santos, Jugadores terminados: 6/6
[2024-11-13 21:00:15] [info] Evento ID: 13, Nombre: Halloween, Jugadores terminados: 6/6
[2024-11-13 21:00:15] [info] Evento ID: 15, Nombre: Instituto ABC, Jugadores terminados: 3/3
[2024-11-13 21:00:45] [info] Iniciando actualización de estados de eventos. Fecha actual: 2024-11-13 21:00:45
[2024-11-13 21:00:45] [info] Eventos finalizados actualizados: 0
[2024-11-13 21:00:45] [info] Jugadores actualizados a terminado: 0
[2024-11-13 21:00:45] [info] Eventos iniciados: 0
[2024-11-13 21:00:45] [info] Evento ID: 1, Nombre: Microsoft Corp, Jugadores terminados: 0/0
[2024-11-13 21:00:45] [info] Evento ID: 11, Nombre: Todos Santos, Jugadores terminados: 6/6
[2024-11-13 21:00:45] [info] Evento ID: 13, Nombre: Halloween, Jugadores terminados: 6/6
[2024-11-13 21:00:45] [info] Evento ID: 15, Nombre: Instituto ABC, Jugadores terminados: 3/3
[2024-11-13 21:01:06] [info] Iniciando actualización de estados de eventos. Fecha actual: 2024-11-13 21:01:06
[2024-11-13 21:01:06] [info] Eventos finalizados actualizados: 0
[2024-11-13 21:01:06] [info] Jugadores actualizados a terminado: 0
[2024-11-13 21:01:06] [info] Eventos iniciados: 0
[2024-11-13 21:01:06] [info] Evento ID: 1, Nombre: Microsoft Corp, Jugadores terminados: 0/0
[2024-11-13 21:01:06] [info] Evento ID: 11, Nombre: Todos Santos, Jugadores terminados: 6/6
[2024-11-13 21:01:06] [info] Evento ID: 13, Nombre: Halloween, Jugadores terminados: 6/6
[2024-11-13 21:01:06] [info] Evento ID: 15, Nombre: Instituto ABC, Jugadores terminados: 3/3
[2024-11-13 21:01:16] [info] Iniciando actualización de estados de eventos. Fecha actual: 2024-11-13 21:01:16
[2024-11-13 21:01:16] [info] Eventos finalizados actualizados: 0
[2024-11-13 21:01:16] [info] Jugadores actualizados a terminado: 0
[2024-11-13 21:01:16] [info] Eventos iniciados: 0
[2024-11-13 21:01:16] [info] Evento ID: 1, Nombre: Microsoft Corp, Jugadores terminados: 0/0
[2024-11-13 21:01:16] [info] Evento ID: 11, Nombre: Todos Santos, Jugadores terminados: 6/6
[2024-11-13 21:01:16] [info] Evento ID: 13, Nombre: Halloween, Jugadores terminados: 6/6
[2024-11-13 21:01:16] [info] Evento ID: 15, Nombre: Instituto ABC, Jugadores terminados: 3/3
[2024-11-13 21:01:28] [info] Administrador con ID 1 ha iniciado sesión exitosamente
[2024-11-13 21:01:28] [info] Iniciando actualización de estados de eventos. Fecha actual: 2024-11-13 21:01:28
[2024-11-13 21:01:28] [info] Eventos finalizados actualizados: 0
[2024-11-13 21:01:28] [info] Jugadores actualizados a terminado: 0
[2024-11-13 21:01:28] [info] Eventos iniciados: 0
[2024-11-13 21:01:28] [info] Evento ID: 1, Nombre: Microsoft Corp, Jugadores terminados: 0/0
[2024-11-13 21:01:28] [info] Evento ID: 11, Nombre: Todos Santos, Jugadores terminados: 6/6
[2024-11-13 21:01:28] [info] Evento ID: 13, Nombre: Halloween, Jugadores terminados: 6/6
[2024-11-13 21:01:28] [info] Evento ID: 15, Nombre: Instituto ABC, Jugadores terminados: 3/3
[2024-11-13 21:01:40] [info] Iniciando actualización de estados de eventos. Fecha actual: 2024-11-13 21:01:40
[2024-11-13 21:01:40] [info] Eventos finalizados actualizados: 0
[2024-11-13 21:01:40] [info] Jugadores actualizados a terminado: 0
[2024-11-13 21:01:40] [info] Eventos iniciados: 0
[2024-11-13 21:01:40] [info] Evento ID: 1, Nombre: Microsoft Corp, Jugadores terminados: 0/0
[2024-11-13 21:01:40] [info] Evento ID: 11, Nombre: Todos Santos, Jugadores terminados: 6/6
[2024-11-13 21:01:40] [info] Evento ID: 13, Nombre: Halloween, Jugadores terminados: 6/6
[2024-11-13 21:01:40] [info] Evento ID: 15, Nombre: Instituto ABC, Jugadores terminados: 3/3
[2024-11-13 21:01:41] [info] Iniciando actualización de estados de eventos. Fecha actual: 2024-11-13 21:01:41
[2024-11-13 21:01:41] [info] Eventos finalizados actualizados: 0
[2024-11-13 21:01:41] [info] Jugadores actualizados a terminado: 0
[2024-11-13 21:01:41] [info] Eventos iniciados: 0
[2024-11-13 21:01:41] [info] Evento ID: 1, Nombre: Microsoft Corp, Jugadores terminados: 0/0
[2024-11-13 21:01:41] [info] Evento ID: 11, Nombre: Todos Santos, Jugadores terminados: 6/6
[2024-11-13 21:01:41] [info] Evento ID: 13, Nombre: Halloween, Jugadores terminados: 6/6
[2024-11-13 21:01:41] [info] Evento ID: 15, Nombre: Instituto ABC, Jugadores terminados: 3/3
[2024-11-13 21:01:43] [info] Iniciando actualización de estados de eventos. Fecha actual: 2024-11-13 21:01:43
[2024-11-13 21:01:43] [info] Eventos finalizados actualizados: 0
[2024-11-13 21:01:43] [info] Jugadores actualizados a terminado: 0
[2024-11-13 21:01:43] [info] Eventos iniciados: 0
[2024-11-13 21:01:43] [info] Evento ID: 1, Nombre: Microsoft Corp, Jugadores terminados: 0/0
[2024-11-13 21:01:43] [info] Evento ID: 11, Nombre: Todos Santos, Jugadores terminados: 6/6
[2024-11-13 21:01:43] [info] Evento ID: 13, Nombre: Halloween, Jugadores terminados: 6/6
[2024-11-13 21:01:43] [info] Evento ID: 15, Nombre: Instituto ABC, Jugadores terminados: 3/3
[2024-11-13 21:02:13] [info] Iniciando actualización de estados de eventos. Fecha actual: 2024-11-13 21:02:13
[2024-11-13 21:02:13] [info] Eventos finalizados actualizados: 0
[2024-11-13 21:02:13] [info] Jugadores actualizados a terminado: 0
[2024-11-13 21:02:13] [info] Eventos iniciados: 0
[2024-11-13 21:02:13] [info] Evento ID: 1, Nombre: Microsoft Corp, Jugadores terminados: 0/0
[2024-11-13 21:02:13] [info] Evento ID: 11, Nombre: Todos Santos, Jugadores terminados: 6/6
[2024-11-13 21:02:13] [info] Evento ID: 13, Nombre: Halloween, Jugadores terminados: 6/6
[2024-11-13 21:02:13] [info] Evento ID: 15, Nombre: Instituto ABC, Jugadores terminados: 3/3
[2024-11-13 21:02:44] [info] Iniciando actualización de estados de eventos. Fecha actual: 2024-11-13 21:02:44
[2024-11-13 21:02:44] [info] Eventos finalizados actualizados: 0
[2024-11-13 21:02:44] [info] Jugadores actualizados a terminado: 0
[2024-11-13 21:02:44] [info] Eventos iniciados: 0
[2024-11-13 21:02:44] [info] Evento ID: 1, Nombre: Microsoft Corp, Jugadores terminados: 0/0
[2024-11-13 21:02:44] [info] Evento ID: 11, Nombre: Todos Santos, Jugadores terminados: 6/6
[2024-11-13 21:02:44] [info] Evento ID: 13, Nombre: Halloween, Jugadores terminados: 6/6
[2024-11-13 21:02:44] [info] Evento ID: 15, Nombre: Instituto ABC, Jugadores terminados: 3/3
[2024-11-13 21:03:15] [info] Iniciando actualización de estados de eventos. Fecha actual: 2024-11-13 21:03:15
[2024-11-13 21:03:15] [info] Eventos finalizados actualizados: 0
[2024-11-13 21:03:15] [info] Jugadores actualizados a terminado: 0
[2024-11-13 21:03:15] [info] Eventos iniciados: 0
[2024-11-13 21:03:15] [info] Evento ID: 1, Nombre: Microsoft Corp, Jugadores terminados: 0/0
[2024-11-13 21:03:15] [info] Evento ID: 11, Nombre: Todos Santos, Jugadores terminados: 6/6
[2024-11-13 21:03:15] [info] Evento ID: 13, Nombre: Halloween, Jugadores terminados: 6/6
[2024-11-13 21:03:15] [info] Evento ID: 15, Nombre: Instituto ABC, Jugadores terminados: 3/3
[2024-11-13 21:03:46] [info] Iniciando actualización de estados de eventos. Fecha actual: 2024-11-13 21:03:46
[2024-11-13 21:03:46] [info] Eventos finalizados actualizados: 0
[2024-11-13 21:03:46] [info] Jugadores actualizados a terminado: 0
[2024-11-13 21:03:46] [info] Eventos iniciados: 0
[2024-11-13 21:03:46] [info] Evento ID: 1, Nombre: Microsoft Corp, Jugadores terminados: 0/0
[2024-11-13 21:03:46] [info] Evento ID: 11, Nombre: Todos Santos, Jugadores terminados: 6/6
[2024-11-13 21:03:46] [info] Evento ID: 13, Nombre: Halloween, Jugadores terminados: 6/6
[2024-11-13 21:03:46] [info] Evento ID: 15, Nombre: Instituto ABC, Jugadores terminados: 3/3
[2024-11-13 21:04:17] [info] Iniciando actualización de estados de eventos. Fecha actual: 2024-11-13 21:04:17
[2024-11-13 21:04:17] [info] Eventos finalizados actualizados: 0
[2024-11-13 21:04:17] [info] Jugadores actualizados a terminado: 0
[2024-11-13 21:04:17] [info] Eventos iniciados: 0
[2024-11-13 21:04:17] [info] Evento ID: 1, Nombre: Microsoft Corp, Jugadores terminados: 0/0
[2024-11-13 21:04:17] [info] Evento ID: 11, Nombre: Todos Santos, Jugadores terminados: 6/6
[2024-11-13 21:04:17] [info] Evento ID: 13, Nombre: Halloween, Jugadores terminados: 6/6
[2024-11-13 21:04:17] [info] Evento ID: 15, Nombre: Instituto ABC, Jugadores terminados: 3/3
[2024-11-13 21:04:48] [info] Iniciando actualización de estados de eventos. Fecha actual: 2024-11-13 21:04:48
[2024-11-13 21:04:48] [info] Eventos finalizados actualizados: 0
[2024-11-13 21:04:48] [info] Jugadores actualizados a terminado: 0
[2024-11-13 21:04:48] [info] Eventos iniciados: 0
[2024-11-13 21:04:48] [info] Evento ID: 1, Nombre: Microsoft Corp, Jugadores terminados: 0/0
[2024-11-13 21:04:48] [info] Evento ID: 11, Nombre: Todos Santos, Jugadores terminados: 6/6
[2024-11-13 21:04:48] [info] Evento ID: 13, Nombre: Halloween, Jugadores terminados: 6/6
[2024-11-13 21:04:48] [info] Evento ID: 15, Nombre: Instituto ABC, Jugadores terminados: 3/3
[2024-11-13 21:05:19] [info] Iniciando actualización de estados de eventos. Fecha actual: 2024-11-13 21:05:19
[2024-11-13 21:05:19] [info] Eventos finalizados actualizados: 0
[2024-11-13 21:05:19] [info] Jugadores actualizados a terminado: 0
[2024-11-13 21:05:19] [info] Eventos iniciados: 0
[2024-11-13 21:05:19] [info] Evento ID: 1, Nombre: Microsoft Corp, Jugadores terminados: 0/0
[2024-11-13 21:05:19] [info] Evento ID: 11, Nombre: Todos Santos, Jugadores terminados: 6/6
[2024-11-13 21:05:19] [info] Evento ID: 13, Nombre: Halloween, Jugadores terminados: 6/6
[2024-11-13 21:05:19] [info] Evento ID: 15, Nombre: Instituto ABC, Jugadores terminados: 3/3
[2024-11-13 21:05:35] [info] Iniciando actualización de estados de eventos. Fecha actual: 2024-11-13 21:05:35
[2024-11-13 21:05:35] [info] Eventos finalizados actualizados: 0
[2024-11-13 21:05:35] [info] Jugadores actualizados a terminado: 0
[2024-11-13 21:05:35] [info] Eventos iniciados: 0
[2024-11-13 21:05:35] [info] Evento ID: 1, Nombre: Microsoft Corp, Jugadores terminados: 0/0
[2024-11-13 21:05:35] [info] Evento ID: 11, Nombre: Todos Santos, Jugadores terminados: 6/6
[2024-11-13 21:05:35] [info] Evento ID: 13, Nombre: Halloween, Jugadores terminados: 6/6
[2024-11-13 21:05:35] [info] Evento ID: 15, Nombre: Instituto ABC, Jugadores terminados: 3/3
[2024-11-13 21:05:36] [info] Iniciando actualización de estados de eventos. Fecha actual: 2024-11-13 21:05:36
[2024-11-13 21:05:36] [info] Eventos finalizados actualizados: 0
[2024-11-13 21:05:36] [info] Jugadores actualizados a terminado: 0
[2024-11-13 21:05:36] [info] Eventos iniciados: 0
[2024-11-13 21:05:36] [info] Evento ID: 1, Nombre: Microsoft Corp, Jugadores terminados: 0/0
[2024-11-13 21:05:36] [info] Evento ID: 11, Nombre: Todos Santos, Jugadores terminados: 6/6
[2024-11-13 21:05:36] [info] Evento ID: 13, Nombre: Halloween, Jugadores terminados: 6/6
[2024-11-13 21:05:36] [info] Evento ID: 15, Nombre: Instituto ABC, Jugadores terminados: 3/3
[2024-11-13 21:05:44] [info] Iniciando actualización de estados de eventos. Fecha actual: 2024-11-13 21:05:44
[2024-11-13 21:05:44] [info] Eventos finalizados actualizados: 0
[2024-11-13 21:05:44] [info] Jugadores actualizados a terminado: 0
[2024-11-13 21:05:44] [info] Eventos iniciados: 0
[2024-11-13 21:05:44] [info] Evento ID: 1, Nombre: Microsoft Corp, Jugadores terminados: 0/0
[2024-11-13 21:05:44] [info] Evento ID: 11, Nombre: Todos Santos, Jugadores terminados: 6/6
[2024-11-13 21:05:44] [info] Evento ID: 13, Nombre: Halloween, Jugadores terminados: 6/6
[2024-11-13 21:05:44] [info] Evento ID: 15, Nombre: Instituto ABC, Jugadores terminados: 3/3
[2024-11-13 21:05:48] [info] Iniciando actualización de estados de eventos. Fecha actual: 2024-11-13 21:05:48
[2024-11-13 21:05:48] [info] Eventos finalizados actualizados: 0
[2024-11-13 21:05:48] [info] Jugadores actualizados a terminado: 0
[2024-11-13 21:05:48] [info] Eventos iniciados: 0
[2024-11-13 21:05:48] [info] Evento ID: 1, Nombre: Microsoft Corp, Jugadores terminados: 0/0
[2024-11-13 21:05:48] [info] Evento ID: 11, Nombre: Todos Santos, Jugadores terminados: 6/6
[2024-11-13 21:05:48] [info] Evento ID: 13, Nombre: Halloween, Jugadores terminados: 6/6
[2024-11-13 21:05:48] [info] Evento ID: 15, Nombre: Instituto ABC, Jugadores terminados: 3/3
[2024-11-13 21:06:18] [info] Iniciando actualización de estados de eventos. Fecha actual: 2024-11-13 21:06:18
[2024-11-13 21:06:18] [info] Eventos finalizados actualizados: 0
[2024-11-13 21:06:18] [info] Jugadores actualizados a terminado: 0
[2024-11-13 21:06:18] [info] Eventos iniciados: 0
[2024-11-13 21:06:18] [info] Evento ID: 1, Nombre: Microsoft Corp, Jugadores terminados: 0/0
[2024-11-13 21:06:18] [info] Evento ID: 11, Nombre: Todos Santos, Jugadores terminados: 6/6
[2024-11-13 21:06:18] [info] Evento ID: 13, Nombre: Halloween, Jugadores terminados: 6/6
[2024-11-13 21:06:18] [info] Evento ID: 15, Nombre: Instituto ABC, Jugadores terminados: 3/3
[2024-11-13 21:06:49] [info] Iniciando actualización de estados de eventos. Fecha actual: 2024-11-13 21:06:49
[2024-11-13 21:06:49] [info] Eventos finalizados actualizados: 0
[2024-11-13 21:06:49] [info] Jugadores actualizados a terminado: 0
[2024-11-13 21:06:49] [info] Eventos iniciados: 0
[2024-11-13 21:06:49] [info] Evento ID: 1, Nombre: Microsoft Corp, Jugadores terminados: 0/0
[2024-11-13 21:06:49] [info] Evento ID: 11, Nombre: Todos Santos, Jugadores terminados: 6/6
[2024-11-13 21:06:49] [info] Evento ID: 13, Nombre: Halloween, Jugadores terminados: 6/6
[2024-11-13 21:06:49] [info] Evento ID: 15, Nombre: Instituto ABC, Jugadores terminados: 3/3
[2024-11-13 21:07:20] [info] Iniciando actualización de estados de eventos. Fecha actual: 2024-11-13 21:07:20
[2024-11-13 21:07:20] [info] Eventos finalizados actualizados: 0
[2024-11-13 21:07:20] [info] Jugadores actualizados a terminado: 0
[2024-11-13 21:07:20] [info] Eventos iniciados: 0
[2024-11-13 21:07:20] [info] Evento ID: 1, Nombre: Microsoft Corp, Jugadores terminados: 0/0
[2024-11-13 21:07:20] [info] Evento ID: 11, Nombre: Todos Santos, Jugadores terminados: 6/6
[2024-11-13 21:07:20] [info] Evento ID: 13, Nombre: Halloween, Jugadores terminados: 6/6
[2024-11-13 21:07:20] [info] Evento ID: 15, Nombre: Instituto ABC, Jugadores terminados: 3/3
[2024-11-13 21:07:41] [info] Iniciando actualización de estados de eventos. Fecha actual: 2024-11-13 21:07:41
[2024-11-13 21:07:41] [info] Eventos finalizados actualizados: 0
[2024-11-13 21:07:41] [info] Jugadores actualizados a terminado: 0
[2024-11-13 21:07:41] [info] Eventos iniciados: 0
[2024-11-13 21:07:41] [info] Evento ID: 1, Nombre: Microsoft Corp, Jugadores terminados: 0/0
[2024-11-13 21:07:41] [info] Evento ID: 11, Nombre: Todos Santos, Jugadores terminados: 6/6
[2024-11-13 21:07:41] [info] Evento ID: 13, Nombre: Halloween, Jugadores terminados: 6/6
[2024-11-13 21:07:41] [info] Evento ID: 15, Nombre: Instituto ABC, Jugadores terminados: 3/3
[2024-11-13 21:07:45] [info] Iniciando actualización de estados de eventos. Fecha actual: 2024-11-13 21:07:45
[2024-11-13 21:07:45] [info] Eventos finalizados actualizados: 0
[2024-11-13 21:07:45] [info] Jugadores actualizados a terminado: 0
[2024-11-13 21:07:45] [info] Eventos iniciados: 0
[2024-11-13 21:07:45] [info] Evento ID: 1, Nombre: Microsoft Corp, Jugadores terminados: 0/0
[2024-11-13 21:07:45] [info] Evento ID: 11, Nombre: Todos Santos, Jugadores terminados: 6/6
[2024-11-13 21:07:45] [info] Evento ID: 13, Nombre: Halloween, Jugadores terminados: 6/6
[2024-11-13 21:07:45] [info] Evento ID: 15, Nombre: Instituto ABC, Jugadores terminados: 3/3
[2024-11-13 21:07:51] [info] Iniciando actualización de estados de eventos. Fecha actual: 2024-11-13 21:07:51
[2024-11-13 21:07:51] [info] Eventos finalizados actualizados: 0
[2024-11-13 21:07:51] [info] Jugadores actualizados a terminado: 0
[2024-11-13 21:07:51] [info] Eventos iniciados: 0
[2024-11-13 21:07:51] [info] Evento ID: 1, Nombre: Microsoft Corp, Jugadores terminados: 0/0
[2024-11-13 21:07:51] [info] Evento ID: 11, Nombre: Todos Santos, Jugadores terminados: 6/6
[2024-11-13 21:07:51] [info] Evento ID: 13, Nombre: Halloween, Jugadores terminados: 6/6
[2024-11-13 21:07:51] [info] Evento ID: 15, Nombre: Instituto ABC, Jugadores terminados: 3/3
[2024-11-13 21:07:58] [info] Iniciando actualización de estados de eventos. Fecha actual: 2024-11-13 21:07:58
[2024-11-13 21:07:58] [info] Eventos finalizados actualizados: 0
[2024-11-13 21:07:58] [info] Jugadores actualizados a terminado: 0
[2024-11-13 21:07:58] [info] Eventos iniciados: 0
[2024-11-13 21:07:58] [info] Evento ID: 1, Nombre: Microsoft Corp, Jugadores terminados: 0/0
[2024-11-13 21:07:58] [info] Evento ID: 11, Nombre: Todos Santos, Jugadores terminados: 6/6
[2024-11-13 21:07:58] [info] Evento ID: 13, Nombre: Halloween, Jugadores terminados: 6/6
[2024-11-13 21:07:58] [info] Evento ID: 15, Nombre: Instituto ABC, Jugadores terminados: 3/3
[2024-11-13 21:08:10] [info] Administrador con ID 1 ha iniciado sesión exitosamente
[2024-11-13 21:08:10] [info] Iniciando actualización de estados de eventos. Fecha actual: 2024-11-13 21:08:10
[2024-11-13 21:08:10] [info] Eventos finalizados actualizados: 0
[2024-11-13 21:08:10] [info] Jugadores actualizados a terminado: 0
[2024-11-13 21:08:10] [info] Eventos iniciados: 0
[2024-11-13 21:08:10] [info] Evento ID: 1, Nombre: Microsoft Corp, Jugadores terminados: 0/0
[2024-11-13 21:08:10] [info] Evento ID: 11, Nombre: Todos Santos, Jugadores terminados: 6/6
[2024-11-13 21:08:10] [info] Evento ID: 13, Nombre: Halloween, Jugadores terminados: 6/6
[2024-11-13 21:08:10] [info] Evento ID: 15, Nombre: Instituto ABC, Jugadores terminados: 3/3
[2024-11-13 21:08:12] [info] Iniciando actualización de estados de eventos. Fecha actual: 2024-11-13 21:08:12
[2024-11-13 21:08:12] [info] Eventos finalizados actualizados: 0
[2024-11-13 21:08:12] [info] Jugadores actualizados a terminado: 0
[2024-11-13 21:08:12] [info] Eventos iniciados: 0
[2024-11-13 21:08:12] [info] Evento ID: 1, Nombre: Microsoft Corp, Jugadores terminados: 0/0
[2024-11-13 21:08:12] [info] Evento ID: 11, Nombre: Todos Santos, Jugadores terminados: 6/6
[2024-11-13 21:08:12] [info] Evento ID: 13, Nombre: Halloween, Jugadores terminados: 6/6
[2024-11-13 21:08:12] [info] Evento ID: 15, Nombre: Instituto ABC, Jugadores terminados: 3/3
[2024-11-13 21:14:25] [info] Iniciando actualización de estados de eventos. Fecha actual: 2024-11-13 21:14:25
[2024-11-13 21:14:25] [info] Eventos finalizados actualizados: 0
[2024-11-13 21:14:25] [info] Jugadores actualizados a terminado: 0
[2024-11-13 21:14:25] [info] Eventos iniciados: 0
[2024-11-13 21:14:25] [info] Evento ID: 1, Nombre: Microsoft Corp, Jugadores terminados: 0/0
[2024-11-13 21:14:25] [info] Evento ID: 11, Nombre: Todos Santos, Jugadores terminados: 6/6
[2024-11-13 21:14:25] [info] Evento ID: 13, Nombre: Halloween, Jugadores terminados: 6/6
[2024-11-13 21:14:25] [info] Evento ID: 15, Nombre: Instituto ABC, Jugadores terminados: 3/3
[2024-11-13 21:16:42] [info] Administrador con ID 1 ha iniciado sesión exitosamente
[2024-11-13 21:16:43] [info] Iniciando actualización de estados de eventos. Fecha actual: 2024-11-13 21:16:43
[2024-11-13 21:16:43] [info] Eventos finalizados actualizados: 0
[2024-11-13 21:16:43] [info] Jugadores actualizados a terminado: 0
[2024-11-13 21:16:43] [info] Eventos iniciados: 0
[2024-11-13 21:16:43] [info] Evento ID: 1, Nombre: Microsoft Corp, Jugadores terminados: 0/0
[2024-11-13 21:16:43] [info] Evento ID: 11, Nombre: Todos Santos, Jugadores terminados: 6/6
[2024-11-13 21:16:43] [info] Evento ID: 13, Nombre: Halloween, Jugadores terminados: 6/6
[2024-11-13 21:16:43] [info] Evento ID: 15, Nombre: Instituto ABC, Jugadores terminados: 3/3
[2024-11-13 21:16:51] [info] Iniciando actualización de estados de eventos. Fecha actual: 2024-11-13 21:16:51
[2024-11-13 21:16:51] [info] Eventos finalizados actualizados: 0
[2024-11-13 21:16:51] [info] Jugadores actualizados a terminado: 0
[2024-11-13 21:16:51] [info] Eventos iniciados: 0
[2024-11-13 21:16:51] [info] Evento ID: 1, Nombre: Microsoft Corp, Jugadores terminados: 0/0
[2024-11-13 21:16:51] [info] Evento ID: 11, Nombre: Todos Santos, Jugadores terminados: 6/6
[2024-11-13 21:16:51] [info] Evento ID: 13, Nombre: Halloween, Jugadores terminados: 6/6
[2024-11-13 21:16:51] [info] Evento ID: 15, Nombre: Instituto ABC, Jugadores terminados: 3/3
[2024-11-13 21:16:52] [info] Iniciando actualización de estados de eventos. Fecha actual: 2024-11-13 21:16:52
[2024-11-13 21:16:52] [info] Eventos finalizados actualizados: 0
[2024-11-13 21:16:52] [info] Jugadores actualizados a terminado: 0
[2024-11-13 21:16:52] [info] Eventos iniciados: 0
[2024-11-13 21:16:52] [info] Evento ID: 1, Nombre: Microsoft Corp, Jugadores terminados: 0/0
[2024-11-13 21:16:52] [info] Evento ID: 11, Nombre: Todos Santos, Jugadores terminados: 6/6
[2024-11-13 21:16:52] [info] Evento ID: 13, Nombre: Halloween, Jugadores terminados: 6/6
[2024-11-13 21:16:52] [info] Evento ID: 15, Nombre: Instituto ABC, Jugadores terminados: 3/3
[2024-11-13 21:17:01] [info] Iniciando actualización de estados de eventos. Fecha actual: 2024-11-13 21:17:01
[2024-11-13 21:17:01] [info] Eventos finalizados actualizados: 0
[2024-11-13 21:17:01] [info] Jugadores actualizados a terminado: 0
[2024-11-13 21:17:01] [info] Eventos iniciados: 0
[2024-11-13 21:17:01] [info] Evento ID: 1, Nombre: Microsoft Corp, Jugadores terminados: 0/0
[2024-11-13 21:17:01] [info] Evento ID: 11, Nombre: Todos Santos, Jugadores terminados: 6/6
[2024-11-13 21:17:01] [info] Evento ID: 13, Nombre: Halloween, Jugadores terminados: 6/6
[2024-11-13 21:17:01] [info] Evento ID: 15, Nombre: Instituto ABC, Jugadores terminados: 3/3
[2024-11-13 21:17:32] [info] Iniciando actualización de estados de eventos. Fecha actual: 2024-11-13 21:17:32
[2024-11-13 21:17:32] [info] Eventos finalizados actualizados: 0
[2024-11-13 21:17:32] [info] Jugadores actualizados a terminado: 0
[2024-11-13 21:17:32] [info] Eventos iniciados: 0
[2024-11-13 21:17:32] [info] Evento ID: 1, Nombre: Microsoft Corp, Jugadores terminados: 0/0
[2024-11-13 21:17:32] [info] Evento ID: 11, Nombre: Todos Santos, Jugadores terminados: 6/6
[2024-11-13 21:17:32] [info] Evento ID: 13, Nombre: Halloween, Jugadores terminados: 6/6
[2024-11-13 21:17:32] [info] Evento ID: 15, Nombre: Instituto ABC, Jugadores terminados: 3/3
[2024-11-13 21:17:45] [info] Iniciando actualización de estados de eventos. Fecha actual: 2024-11-13 21:17:45
[2024-11-13 21:17:45] [info] Eventos finalizados actualizados: 0
[2024-11-13 21:17:45] [info] Jugadores actualizados a terminado: 0
[2024-11-13 21:17:45] [info] Eventos iniciados: 0
[2024-11-13 21:17:45] [info] Evento ID: 1, Nombre: Microsoft Corp, Jugadores terminados: 0/0
[2024-11-13 21:17:45] [info] Evento ID: 11, Nombre: Todos Santos, Jugadores terminados: 6/6
[2024-11-13 21:17:45] [info] Evento ID: 13, Nombre: Halloween, Jugadores terminados: 6/6
[2024-11-13 21:17:45] [info] Evento ID: 15, Nombre: Instituto ABC, Jugadores terminados: 3/3
[2024-11-13 21:17:47] [info] Iniciando actualización de estados de eventos. Fecha actual: 2024-11-13 21:17:47
[2024-11-13 21:17:47] [info] Eventos finalizados actualizados: 0
[2024-11-13 21:17:47] [info] Jugadores actualizados a terminado: 0
[2024-11-13 21:17:47] [info] Eventos iniciados: 0
[2024-11-13 21:17:47] [info] Evento ID: 1, Nombre: Microsoft Corp, Jugadores terminados: 0/0
[2024-11-13 21:17:47] [info] Evento ID: 11, Nombre: Todos Santos, Jugadores terminados: 6/6
[2024-11-13 21:17:47] [info] Evento ID: 13, Nombre: Halloween, Jugadores terminados: 6/6
[2024-11-13 21:17:47] [info] Evento ID: 15, Nombre: Instituto ABC, Jugadores terminados: 3/3
[2024-11-13 21:18:17] [info] Iniciando actualización de estados de eventos. Fecha actual: 2024-11-13 21:18:17
[2024-11-13 21:18:17] [info] Eventos finalizados actualizados: 0
[2024-11-13 21:18:17] [info] Jugadores actualizados a terminado: 0
[2024-11-13 21:18:17] [info] Eventos iniciados: 0
[2024-11-13 21:18:17] [info] Evento ID: 1, Nombre: Microsoft Corp, Jugadores terminados: 0/0
[2024-11-13 21:18:17] [info] Evento ID: 11, Nombre: Todos Santos, Jugadores terminados: 6/6
[2024-11-13 21:18:17] [info] Evento ID: 13, Nombre: Halloween, Jugadores terminados: 6/6
[2024-11-13 21:18:17] [info] Evento ID: 15, Nombre: Instituto ABC, Jugadores terminados: 3/3
[2024-11-13 21:18:47] [info] Iniciando actualización de estados de eventos. Fecha actual: 2024-11-13 21:18:47
[2024-11-13 21:18:47] [info] Eventos finalizados actualizados: 0
[2024-11-13 21:18:47] [info] Jugadores actualizados a terminado: 0
[2024-11-13 21:18:47] [info] Eventos iniciados: 0
[2024-11-13 21:18:47] [info] Evento ID: 1, Nombre: Microsoft Corp, Jugadores terminados: 0/0
[2024-11-13 21:18:47] [info] Evento ID: 11, Nombre: Todos Santos, Jugadores terminados: 6/6
[2024-11-13 21:18:47] [info] Evento ID: 13, Nombre: Halloween, Jugadores terminados: 6/6
[2024-11-13 21:18:47] [info] Evento ID: 15, Nombre: Instituto ABC, Jugadores terminados: 3/3
[2024-11-13 21:19:17] [info] Iniciando actualización de estados de eventos. Fecha actual: 2024-11-13 21:19:17
[2024-11-13 21:19:17] [info] Eventos finalizados actualizados: 0
[2024-11-13 21:19:17] [info] Jugadores actualizados a terminado: 0
[2024-11-13 21:19:17] [info] Eventos iniciados: 0
[2024-11-13 21:19:17] [info] Evento ID: 1, Nombre: Microsoft Corp, Jugadores terminados: 0/0
[2024-11-13 21:19:17] [info] Evento ID: 11, Nombre: Todos Santos, Jugadores terminados: 6/6
[2024-11-13 21:19:17] [info] Evento ID: 13, Nombre: Halloween, Jugadores terminados: 6/6
[2024-11-13 21:19:17] [info] Evento ID: 15, Nombre: Instituto ABC, Jugadores terminados: 3/3
[2024-11-13 21:19:47] [info] Iniciando actualización de estados de eventos. Fecha actual: 2024-11-13 21:19:47
[2024-11-13 21:19:47] [info] Eventos finalizados actualizados: 0
[2024-11-13 21:19:47] [info] Jugadores actualizados a terminado: 0
[2024-11-13 21:19:47] [info] Eventos iniciados: 0
[2024-11-13 21:19:47] [info] Evento ID: 1, Nombre: Microsoft Corp, Jugadores terminados: 0/0
[2024-11-13 21:19:47] [info] Evento ID: 11, Nombre: Todos Santos, Jugadores terminados: 6/6
[2024-11-13 21:19:47] [info] Evento ID: 13, Nombre: Halloween, Jugadores terminados: 6/6
[2024-11-13 21:19:47] [info] Evento ID: 15, Nombre: Instituto ABC, Jugadores terminados: 3/3
[2024-11-13 21:20:17] [info] Iniciando actualización de estados de eventos. Fecha actual: 2024-11-13 21:20:17
[2024-11-13 21:20:17] [info] Eventos finalizados actualizados: 0
[2024-11-13 21:20:17] [info] Jugadores actualizados a terminado: 0
[2024-11-13 21:20:17] [info] Eventos iniciados: 0
[2024-11-13 21:20:17] [info] Evento ID: 1, Nombre: Microsoft Corp, Jugadores terminados: 0/0
[2024-11-13 21:20:17] [info] Evento ID: 11, Nombre: Todos Santos, Jugadores terminados: 6/6
[2024-11-13 21:20:17] [info] Evento ID: 13, Nombre: Halloween, Jugadores terminados: 6/6
[2024-11-13 21:20:17] [info] Evento ID: 15, Nombre: Instituto ABC, Jugadores terminados: 3/3
[2024-11-13 21:21:18] [info] Iniciando actualización de estados de eventos. Fecha actual: 2024-11-13 21:21:18
[2024-11-13 21:21:18] [info] Eventos finalizados actualizados: 0
[2024-11-13 21:21:18] [info] Jugadores actualizados a terminado: 0
[2024-11-13 21:21:18] [info] Eventos iniciados: 0
[2024-11-13 21:21:18] [info] Evento ID: 1, Nombre: Microsoft Corp, Jugadores terminados: 0/0
[2024-11-13 21:21:18] [info] Evento ID: 11, Nombre: Todos Santos, Jugadores terminados: 6/6
[2024-11-13 21:21:18] [info] Evento ID: 13, Nombre: Halloween, Jugadores terminados: 6/6
[2024-11-13 21:21:18] [info] Evento ID: 15, Nombre: Instituto ABC, Jugadores terminados: 3/3
[2024-11-13 21:22:13] [info] Iniciando actualización de estados de eventos. Fecha actual: 2024-11-13 21:22:13
[2024-11-13 21:22:13] [info] Eventos finalizados actualizados: 0
[2024-11-13 21:22:13] [info] Jugadores actualizados a terminado: 0
[2024-11-13 21:22:13] [info] Eventos iniciados: 0
[2024-11-13 21:22:13] [info] Evento ID: 1, Nombre: Microsoft Corp, Jugadores terminados: 0/0
[2024-11-13 21:22:13] [info] Evento ID: 11, Nombre: Todos Santos, Jugadores terminados: 6/6
[2024-11-13 21:22:13] [info] Evento ID: 13, Nombre: Halloween, Jugadores terminados: 6/6
[2024-11-13 21:22:13] [info] Evento ID: 15, Nombre: Instituto ABC, Jugadores terminados: 3/3
