[2024-10-21 10:53:21] [info] Usuario con ID 2 ha iniciado sesión exitosamente
[2024-10-21 10:54:20] [info] Usuario con ID 2 ha iniciado sesión exitosamente
[2024-10-21 10:54:20] [info] Iniciando actualización de estados de eventos. Fecha actual: 2024-10-21 10:54:20
[2024-10-21 10:54:20] [info] Eventos actualizados de 'en espera' a 'activos': 0
[2024-10-21 10:54:20] [info] Eventos actualizados de 'activos' a 'finalizados': 0
[2024-10-21 10:54:20] [info] Resumen de actualización:
[2024-10-21 10:54:20] [info] Total de eventos actualizados: 0
[2024-10-21 10:54:20] [info] Evento ID: 1, Nombre: Microsoft, Inicio: 2024-10-09 00:00:00, Fin: 2024-10-09 23:32:00, Estado: 3
[2024-10-21 10:54:20] [info] Evento ID: 2, Nombre: Perdiendo la Cabeza, Inicio: 2024-10-09 13:11:00, Fin: 2024-10-09 14:08:00, Estado: 3
[2024-10-21 10:54:20] [info] Evento ID: 3, Nombre: Col. Don Bosco, Inicio: 2024-10-09 13:12:00, Fin: 2024-10-09 13:15:00, Estado: 3
[2024-10-21 10:54:20] [info] Evento ID: 4, Nombre: El Diario, Inicio: 2024-10-10 10:01:00, Fin: 2024-10-24 20:00:00, Estado: 2
[2024-10-21 11:07:54] [warning] Intento de inicio de sesión fallido para el usuario con CI: 7654321
[2024-10-21 11:08:00] [info] Usuario con ID 2 ha iniciado sesión exitosamente
[2024-10-21 11:08:00] [info] Iniciando actualización de estados de eventos. Fecha actual: 2024-10-21 11:08:00
[2024-10-21 11:08:00] [info] Eventos actualizados de 'en espera' a 'activos': 0
[2024-10-21 11:08:00] [info] Eventos actualizados de 'activos' a 'finalizados': 0
[2024-10-21 11:08:00] [info] Resumen de actualización:
[2024-10-21 11:08:00] [info] Total de eventos actualizados: 0
[2024-10-21 11:08:00] [info] Evento ID: 1, Nombre: Microsoft, Inicio: 2024-10-09 00:00:00, Fin: 2024-10-09 23:32:00, Estado: 3
[2024-10-21 11:08:00] [info] Evento ID: 2, Nombre: Perdiendo la Cabeza, Inicio: 2024-10-09 13:11:00, Fin: 2024-10-09 14:08:00, Estado: 3
[2024-10-21 11:08:00] [info] Evento ID: 3, Nombre: Col. Don Bosco, Inicio: 2024-10-09 13:12:00, Fin: 2024-10-09 13:15:00, Estado: 3
[2024-10-21 11:08:00] [info] Evento ID: 4, Nombre: El Diario, Inicio: 2024-10-10 10:01:00, Fin: 2024-10-24 20:00:00, Estado: 2
[2024-10-21 11:43:32] [info] Usuario con ID 1 ha iniciado sesión exitosamente
[2024-10-21 11:43:32] [info] Iniciando actualización de estados de eventos. Fecha actual: 2024-10-21 11:43:32
[2024-10-21 11:43:32] [info] Eventos actualizados de 'en espera' a 'activos': 0
[2024-10-21 11:43:32] [info] Eventos actualizados de 'activos' a 'finalizados': 0
[2024-10-21 11:43:32] [info] Resumen de actualización:
[2024-10-21 11:43:32] [info] Total de eventos actualizados: 0
[2024-10-21 11:43:32] [info] Evento ID: 1, Nombre: Microsoft, Inicio: 2024-10-09 00:00:00, Fin: 2024-10-09 23:32:00, Estado: 3
[2024-10-21 11:43:32] [info] Evento ID: 2, Nombre: Perdiendo la Cabeza, Inicio: 2024-10-09 13:11:00, Fin: 2024-10-09 14:08:00, Estado: 3
[2024-10-21 11:43:32] [info] Evento ID: 3, Nombre: Col. Don Bosco, Inicio: 2024-10-09 13:12:00, Fin: 2024-10-09 13:15:00, Estado: 3
[2024-10-21 11:43:32] [info] Evento ID: 4, Nombre: El Diario, Inicio: 2024-10-10 10:01:00, Fin: 2024-10-24 20:00:00, Estado: 2
[2024-10-21 11:43:49] [info] Iniciando actualización de estados de eventos. Fecha actual: 2024-10-21 11:43:49
[2024-10-21 11:43:49] [info] Eventos actualizados de 'en espera' a 'activos': 0
[2024-10-21 11:43:49] [info] Eventos actualizados de 'activos' a 'finalizados': 0
[2024-10-21 11:43:49] [info] Resumen de actualización:
[2024-10-21 11:43:49] [info] Total de eventos actualizados: 0
[2024-10-21 11:43:49] [info] Evento ID: 1, Nombre: Microsoft, Inicio: 2024-10-09 00:00:00, Fin: 2024-10-09 23:32:00, Estado: 3
[2024-10-21 11:43:49] [info] Evento ID: 2, Nombre: Perdiendo la Cabeza, Inicio: 2024-10-09 13:11:00, Fin: 2024-10-09 14:08:00, Estado: 3
[2024-10-21 11:43:49] [info] Evento ID: 3, Nombre: Col. Don Bosco, Inicio: 2024-10-09 13:12:00, Fin: 2024-10-09 13:15:00, Estado: 3
[2024-10-21 11:43:49] [info] Evento ID: 4, Nombre: El Diario, Inicio: 2024-10-10 10:01:00, Fin: 2024-10-24 20:00:00, Estado: 2
[2024-10-21 12:07:14] [info] Usuario con ID 1 ha iniciado sesión exitosamente
[2024-10-21 12:07:14] [info] Iniciando actualización de estados de eventos. Fecha actual: 2024-10-21 12:07:14
[2024-10-21 12:07:14] [info] Eventos actualizados de 'en espera' a 'activos': 0
[2024-10-21 12:07:14] [info] Eventos actualizados de 'activos' a 'finalizados': 0
[2024-10-21 12:07:14] [info] Resumen de actualización:
[2024-10-21 12:07:14] [info] Total de eventos actualizados: 0
[2024-10-21 12:07:14] [info] Evento ID: 1, Nombre: Microsoft, Inicio: 2024-10-09 00:00:00, Fin: 2024-10-09 23:32:00, Estado: 3
[2024-10-21 12:07:14] [info] Evento ID: 2, Nombre: Perdiendo la Cabeza, Inicio: 2024-10-09 13:11:00, Fin: 2024-10-09 14:08:00, Estado: 3
[2024-10-21 12:07:14] [info] Evento ID: 3, Nombre: Col. Don Bosco, Inicio: 2024-10-09 13:12:00, Fin: 2024-10-09 13:15:00, Estado: 3
[2024-10-21 12:07:14] [info] Evento ID: 4, Nombre: El Diario, Inicio: 2024-10-10 10:01:00, Fin: 2024-10-24 20:00:00, Estado: 2
[2024-10-21 12:17:37] [info] Usuario con ID 1 ha iniciado sesión exitosamente
[2024-10-21 12:17:37] [info] Iniciando actualización de estados de eventos. Fecha actual: 2024-10-21 12:17:37
[2024-10-21 12:17:37] [info] Eventos actualizados de 'en espera' a 'activos': 0
[2024-10-21 12:17:37] [info] Eventos actualizados de 'activos' a 'finalizados': 0
[2024-10-21 12:17:37] [info] Resumen de actualización:
[2024-10-21 12:17:37] [info] Total de eventos actualizados: 0
[2024-10-21 12:17:37] [info] Evento ID: 1, Nombre: Microsoft, Inicio: 2024-10-09 00:00:00, Fin: 2024-10-09 23:32:00, Estado: 3
[2024-10-21 12:17:37] [info] Evento ID: 2, Nombre: Perdiendo la Cabeza, Inicio: 2024-10-09 13:11:00, Fin: 2024-10-09 14:08:00, Estado: 3
[2024-10-21 12:17:37] [info] Evento ID: 3, Nombre: Col. Don Bosco, Inicio: 2024-10-09 13:12:00, Fin: 2024-10-09 13:15:00, Estado: 3
[2024-10-21 12:17:37] [info] Evento ID: 4, Nombre: El Diario, Inicio: 2024-10-10 10:01:00, Fin: 2024-10-24 20:00:00, Estado: 2
[2024-10-21 14:11:35] [info] Usuario con ID 1 ha iniciado sesión exitosamente
[2024-10-21 14:11:35] [info] Iniciando actualización de estados de eventos. Fecha actual: 2024-10-21 14:11:35
[2024-10-21 14:11:35] [info] Eventos actualizados de 'en espera' a 'activos': 0
[2024-10-21 14:11:35] [info] Eventos actualizados de 'activos' a 'finalizados': 0
[2024-10-21 14:11:35] [info] Resumen de actualización:
[2024-10-21 14:11:35] [info] Total de eventos actualizados: 0
[2024-10-21 14:11:35] [info] Evento ID: 1, Nombre: Microsoft, Inicio: 2024-10-09 00:00:00, Fin: 2024-10-09 23:32:00, Estado: 3
[2024-10-21 14:11:35] [info] Evento ID: 2, Nombre: Perdiendo la Cabeza, Inicio: 2024-10-09 13:11:00, Fin: 2024-10-09 14:08:00, Estado: 3
[2024-10-21 14:11:35] [info] Evento ID: 3, Nombre: Col. Don Bosco, Inicio: 2024-10-09 13:12:00, Fin: 2024-10-09 13:15:00, Estado: 3
[2024-10-21 14:11:35] [info] Evento ID: 4, Nombre: El Diario, Inicio: 2024-10-10 10:01:00, Fin: 2024-10-24 20:00:00, Estado: 2
[2024-10-21 14:12:07] [info] Iniciando actualización de estados de eventos. Fecha actual: 2024-10-21 14:12:07
[2024-10-21 14:12:07] [info] Eventos actualizados de 'en espera' a 'activos': 0
[2024-10-21 14:12:07] [info] Eventos actualizados de 'activos' a 'finalizados': 0
[2024-10-21 14:12:07] [info] Resumen de actualización:
[2024-10-21 14:12:07] [info] Total de eventos actualizados: 0
[2024-10-21 14:12:07] [info] Evento ID: 1, Nombre: Microsoft, Inicio: 2024-10-09 00:00:00, Fin: 2024-10-09 23:32:00, Estado: 3
[2024-10-21 14:12:07] [info] Evento ID: 2, Nombre: Perdiendo la Cabeza, Inicio: 2024-10-09 13:11:00, Fin: 2024-10-09 14:08:00, Estado: 3
[2024-10-21 14:12:07] [info] Evento ID: 3, Nombre: Col. Don Bosco, Inicio: 2024-10-09 13:12:00, Fin: 2024-10-09 13:15:00, Estado: 3
[2024-10-21 14:12:07] [info] Evento ID: 4, Nombre: El Diario, Inicio: 2024-10-10 10:01:00, Fin: 2024-10-24 20:00:00, Estado: 2
[2024-10-21 14:25:19] [info] Usuario con ID 1 ha iniciado sesión exitosamente
[2024-10-21 14:25:19] [info] Iniciando actualización de estados de eventos. Fecha actual: 2024-10-21 14:25:19
[2024-10-21 14:25:19] [info] Eventos actualizados de 'en espera' a 'activos': 0
[2024-10-21 14:25:19] [info] Eventos actualizados de 'activos' a 'finalizados': 0
[2024-10-21 14:25:19] [info] Resumen de actualización:
[2024-10-21 14:25:19] [info] Total de eventos actualizados: 0
[2024-10-21 14:25:19] [info] Evento ID: 1, Nombre: Microsoft, Inicio: 2024-10-09 00:00:00, Fin: 2024-10-09 23:32:00, Estado: 3
[2024-10-21 14:25:19] [info] Evento ID: 2, Nombre: Perdiendo la Cabeza, Inicio: 2024-10-09 13:11:00, Fin: 2024-10-09 14:08:00, Estado: 3
[2024-10-21 14:25:19] [info] Evento ID: 3, Nombre: Col. Don Bosco, Inicio: 2024-10-09 13:12:00, Fin: 2024-10-09 13:15:00, Estado: 3
[2024-10-21 14:25:19] [info] Evento ID: 4, Nombre: El Diario, Inicio: 2024-10-10 10:01:00, Fin: 2024-10-24 20:00:00, Estado: 2
[2024-10-21 14:38:53] [warning] Intento de inicio de sesión fallido para el usuario con CI: 1234567
[2024-10-21 14:39:01] [info] Usuario con ID 1 ha iniciado sesión exitosamente
[2024-10-21 14:39:01] [info] Iniciando actualización de estados de eventos. Fecha actual: 2024-10-21 14:39:01
[2024-10-21 14:39:01] [info] Eventos actualizados de 'en espera' a 'activos': 0
[2024-10-21 14:39:01] [info] Eventos actualizados de 'activos' a 'finalizados': 0
[2024-10-21 14:39:01] [info] Resumen de actualización:
[2024-10-21 14:39:01] [info] Total de eventos actualizados: 0
[2024-10-21 14:39:01] [info] Evento ID: 1, Nombre: Microsoft, Inicio: 2024-10-09 00:00:00, Fin: 2024-10-09 23:32:00, Estado: 3
[2024-10-21 14:39:01] [info] Evento ID: 2, Nombre: Perdiendo la Cabeza, Inicio: 2024-10-09 13:11:00, Fin: 2024-10-09 14:08:00, Estado: 3
[2024-10-21 14:39:01] [info] Evento ID: 3, Nombre: Col. Don Bosco, Inicio: 2024-10-09 13:12:00, Fin: 2024-10-09 13:15:00, Estado: 3
[2024-10-21 14:39:01] [info] Evento ID: 4, Nombre: El Diario, Inicio: 2024-10-10 10:01:00, Fin: 2024-10-24 20:00:00, Estado: 2
[2024-10-21 14:39:54] [info] Usuario con ID 2 ha iniciado sesión exitosamente
[2024-10-21 14:39:54] [info] Iniciando actualización de estados de eventos. Fecha actual: 2024-10-21 14:39:54
[2024-10-21 14:39:54] [info] Eventos actualizados de 'en espera' a 'activos': 0
[2024-10-21 14:39:54] [info] Eventos actualizados de 'activos' a 'finalizados': 0
[2024-10-21 14:39:54] [info] Resumen de actualización:
[2024-10-21 14:39:54] [info] Total de eventos actualizados: 0
[2024-10-21 14:39:54] [info] Evento ID: 1, Nombre: Microsoft, Inicio: 2024-10-09 00:00:00, Fin: 2024-10-09 23:32:00, Estado: 3
[2024-10-21 14:39:54] [info] Evento ID: 2, Nombre: Perdiendo la Cabeza, Inicio: 2024-10-09 13:11:00, Fin: 2024-10-09 14:08:00, Estado: 3
[2024-10-21 14:39:54] [info] Evento ID: 3, Nombre: Col. Don Bosco, Inicio: 2024-10-09 13:12:00, Fin: 2024-10-09 13:15:00, Estado: 3
[2024-10-21 14:39:54] [info] Evento ID: 4, Nombre: El Diario, Inicio: 2024-10-10 10:01:00, Fin: 2024-10-24 20:00:00, Estado: 2
[2024-10-21 15:15:26] [info] Usuario con ID 2 ha iniciado sesión exitosamente
[2024-10-21 15:15:26] [info] Iniciando actualización de estados de eventos. Fecha actual: 2024-10-21 15:15:26
[2024-10-21 15:15:26] [info] Eventos actualizados de 'en espera' a 'activos': 0
[2024-10-21 15:15:26] [info] Eventos actualizados de 'activos' a 'finalizados': 0
[2024-10-21 15:15:26] [info] Resumen de actualización:
[2024-10-21 15:15:26] [info] Total de eventos actualizados: 0
[2024-10-21 15:15:26] [info] Evento ID: 1, Nombre: Microsoft, Inicio: 2024-10-09 00:00:00, Fin: 2024-10-09 23:32:00, Estado: 3
[2024-10-21 15:15:26] [info] Evento ID: 2, Nombre: Perdiendo la Cabeza, Inicio: 2024-10-09 13:11:00, Fin: 2024-10-09 14:08:00, Estado: 3
[2024-10-21 15:15:26] [info] Evento ID: 3, Nombre: Col. Don Bosco, Inicio: 2024-10-09 13:12:00, Fin: 2024-10-09 13:15:00, Estado: 3
[2024-10-21 15:15:26] [info] Evento ID: 4, Nombre: El Diario, Inicio: 2024-10-10 10:01:00, Fin: 2024-10-24 20:00:00, Estado: 2
[2024-10-21 15:23:49] [info] Iniciando actualización de estados de eventos. Fecha actual: 2024-10-21 15:23:49
[2024-10-21 15:23:49] [info] Eventos actualizados de 'en espera' a 'activos': 0
[2024-10-21 15:23:49] [info] Eventos actualizados de 'activos' a 'finalizados': 0
[2024-10-21 15:23:49] [info] Resumen de actualización:
[2024-10-21 15:23:49] [info] Total de eventos actualizados: 0
[2024-10-21 15:23:49] [info] Evento ID: 1, Nombre: Microsoft, Inicio: 2024-10-09 00:00:00, Fin: 2024-10-09 23:32:00, Estado: 3
[2024-10-21 15:23:49] [info] Evento ID: 2, Nombre: Perdiendo la Cabeza, Inicio: 2024-10-09 13:11:00, Fin: 2024-10-09 14:08:00, Estado: 3
[2024-10-21 15:23:49] [info] Evento ID: 3, Nombre: Col. Don Bosco, Inicio: 2024-10-09 13:12:00, Fin: 2024-10-09 13:15:00, Estado: 3
[2024-10-21 15:23:49] [info] Evento ID: 4, Nombre: El Diario, Inicio: 2024-10-10 10:01:00, Fin: 2024-10-24 20:00:00, Estado: 2
[2024-10-21 15:29:37] [info] Iniciando actualización de estados de eventos. Fecha actual: 2024-10-21 15:29:37
[2024-10-21 15:29:37] [info] Eventos actualizados de 'en espera' a 'activos': 0
[2024-10-21 15:29:37] [info] Eventos actualizados de 'activos' a 'finalizados': 0
[2024-10-21 15:29:37] [info] Resumen de actualización:
[2024-10-21 15:29:37] [info] Total de eventos actualizados: 0
[2024-10-21 15:29:37] [info] Evento ID: 1, Nombre: Microsoft, Inicio: 2024-10-09 00:00:00, Fin: 2024-10-09 23:32:00, Estado: 3
[2024-10-21 15:29:37] [info] Evento ID: 2, Nombre: Perdiendo la Cabeza, Inicio: 2024-10-09 13:11:00, Fin: 2024-10-09 14:08:00, Estado: 3
[2024-10-21 15:29:37] [info] Evento ID: 3, Nombre: Col. Don Bosco, Inicio: 2024-10-09 13:12:00, Fin: 2024-10-09 13:15:00, Estado: 3
[2024-10-21 15:29:37] [info] Evento ID: 4, Nombre: El Diario, Inicio: 2024-10-10 10:01:00, Fin: 2024-10-24 20:00:00, Estado: 2
[2024-10-21 17:15:51] [info] Iniciando actualización de estados de eventos. Fecha actual: 2024-10-21 17:15:51
[2024-10-21 17:15:51] [info] Eventos actualizados de 'en espera' a 'activos': 0
[2024-10-21 17:15:51] [info] Eventos actualizados de 'activos' a 'finalizados': 0
[2024-10-21 17:15:51] [info] Resumen de actualización:
[2024-10-21 17:15:51] [info] Total de eventos actualizados: 0
[2024-10-21 17:15:51] [info] Evento ID: 1, Nombre: Microsoft, Inicio: 2024-10-09 00:00:00, Fin: 2024-10-09 23:32:00, Estado: 3
[2024-10-21 17:15:51] [info] Evento ID: 2, Nombre: Perdiendo la Cabeza, Inicio: 2024-10-09 13:11:00, Fin: 2024-10-09 14:08:00, Estado: 3
[2024-10-21 17:15:51] [info] Evento ID: 3, Nombre: Col. Don Bosco, Inicio: 2024-10-09 13:12:00, Fin: 2024-10-09 13:15:00, Estado: 3
[2024-10-21 17:15:51] [info] Evento ID: 4, Nombre: El Diario, Inicio: 2024-10-10 10:01:00, Fin: 2024-10-24 20:00:00, Estado: 2
[2024-10-21 17:16:02] [info] Usuario con ID 2 ha iniciado sesión exitosamente
[2024-10-21 17:16:02] [info] Iniciando actualización de estados de eventos. Fecha actual: 2024-10-21 17:16:02
[2024-10-21 17:16:02] [info] Eventos actualizados de 'en espera' a 'activos': 0
[2024-10-21 17:16:02] [info] Eventos actualizados de 'activos' a 'finalizados': 0
[2024-10-21 17:16:02] [info] Resumen de actualización:
[2024-10-21 17:16:02] [info] Total de eventos actualizados: 0
[2024-10-21 17:16:02] [info] Evento ID: 1, Nombre: Microsoft, Inicio: 2024-10-09 00:00:00, Fin: 2024-10-09 23:32:00, Estado: 3
[2024-10-21 17:16:02] [info] Evento ID: 2, Nombre: Perdiendo la Cabeza, Inicio: 2024-10-09 13:11:00, Fin: 2024-10-09 14:08:00, Estado: 3
[2024-10-21 17:16:02] [info] Evento ID: 3, Nombre: Col. Don Bosco, Inicio: 2024-10-09 13:12:00, Fin: 2024-10-09 13:15:00, Estado: 3
[2024-10-21 17:16:02] [info] Evento ID: 4, Nombre: El Diario, Inicio: 2024-10-10 10:01:00, Fin: 2024-10-24 20:00:00, Estado: 2
[2024-10-21 17:18:39] [info] Iniciando actualización de estados de eventos. Fecha actual: 2024-10-21 17:18:39
[2024-10-21 17:18:39] [info] Eventos actualizados de 'en espera' a 'activos': 0
[2024-10-21 17:18:39] [info] Eventos actualizados de 'activos' a 'finalizados': 0
[2024-10-21 17:18:39] [info] Resumen de actualización:
[2024-10-21 17:18:39] [info] Total de eventos actualizados: 0
[2024-10-21 17:18:39] [info] Evento ID: 1, Nombre: Microsoft, Inicio: 2024-10-09 00:00:00, Fin: 2024-10-09 23:32:00, Estado: 3
[2024-10-21 17:18:39] [info] Evento ID: 2, Nombre: Perdiendo la Cabeza, Inicio: 2024-10-09 13:11:00, Fin: 2024-10-09 14:08:00, Estado: 3
[2024-10-21 17:18:39] [info] Evento ID: 3, Nombre: Col. Don Bosco, Inicio: 2024-10-09 13:12:00, Fin: 2024-10-09 13:15:00, Estado: 3
[2024-10-21 17:18:39] [info] Evento ID: 4, Nombre: El Diario, Inicio: 2024-10-10 10:01:00, Fin: 2024-10-24 20:00:00, Estado: 2
[2024-10-21 17:19:12] [info] Iniciando actualización de estados de eventos. Fecha actual: 2024-10-21 17:19:12
[2024-10-21 17:19:12] [info] Eventos actualizados de 'en espera' a 'activos': 0
[2024-10-21 17:19:12] [info] Eventos actualizados de 'activos' a 'finalizados': 0
[2024-10-21 17:19:12] [info] Resumen de actualización:
[2024-10-21 17:19:12] [info] Total de eventos actualizados: 0
[2024-10-21 17:19:12] [info] Evento ID: 1, Nombre: Microsoft, Inicio: 2024-10-09 00:00:00, Fin: 2024-10-09 23:32:00, Estado: 3
[2024-10-21 17:19:12] [info] Evento ID: 2, Nombre: Perdiendo la Cabeza, Inicio: 2024-10-09 13:11:00, Fin: 2024-10-09 14:08:00, Estado: 3
[2024-10-21 17:19:12] [info] Evento ID: 3, Nombre: Col. Don Bosco, Inicio: 2024-10-09 13:12:00, Fin: 2024-10-09 13:15:00, Estado: 3
[2024-10-21 17:19:12] [info] Evento ID: 4, Nombre: El Diario, Inicio: 2024-10-10 10:01:00, Fin: 2024-10-24 20:00:00, Estado: 2
[2024-10-21 17:19:22] [info] Iniciando actualización de estados de eventos. Fecha actual: 2024-10-21 17:19:22
[2024-10-21 17:19:22] [info] Eventos actualizados de 'en espera' a 'activos': 0
[2024-10-21 17:19:22] [info] Eventos actualizados de 'activos' a 'finalizados': 0
[2024-10-21 17:19:22] [info] Resumen de actualización:
[2024-10-21 17:19:22] [info] Total de eventos actualizados: 0
[2024-10-21 17:19:22] [info] Evento ID: 1, Nombre: Microsoft, Inicio: 2024-10-09 00:00:00, Fin: 2024-10-09 23:32:00, Estado: 3
[2024-10-21 17:19:22] [info] Evento ID: 2, Nombre: Perdiendo la Cabeza, Inicio: 2024-10-09 13:11:00, Fin: 2024-10-09 14:08:00, Estado: 3
[2024-10-21 17:19:22] [info] Evento ID: 3, Nombre: Col. Don Bosco, Inicio: 2024-10-09 13:12:00, Fin: 2024-10-09 13:15:00, Estado: 3
[2024-10-21 17:19:22] [info] Evento ID: 4, Nombre: El Diario, Inicio: 2024-10-10 10:01:00, Fin: 2024-10-24 20:00:00, Estado: 2
[2024-10-21 17:24:41] [info] Usuario con ID 1 ha iniciado sesión exitosamente
[2024-10-21 17:24:42] [info] Iniciando actualización de estados de eventos. Fecha actual: 2024-10-21 17:24:42
[2024-10-21 17:24:42] [info] Eventos actualizados de 'en espera' a 'activos': 0
[2024-10-21 17:24:42] [info] Eventos actualizados de 'activos' a 'finalizados': 0
[2024-10-21 17:24:42] [info] Resumen de actualización:
[2024-10-21 17:24:42] [info] Total de eventos actualizados: 0
[2024-10-21 17:24:42] [info] Evento ID: 1, Nombre: Microsoft, Inicio: 2024-10-09 00:00:00, Fin: 2024-10-09 23:32:00, Estado: 3
[2024-10-21 17:24:42] [info] Evento ID: 2, Nombre: Perdiendo la Cabeza, Inicio: 2024-10-09 13:11:00, Fin: 2024-10-09 14:08:00, Estado: 3
[2024-10-21 17:24:42] [info] Evento ID: 3, Nombre: Col. Don Bosco, Inicio: 2024-10-09 13:12:00, Fin: 2024-10-09 13:15:00, Estado: 3
[2024-10-21 17:24:42] [info] Evento ID: 4, Nombre: El Diario, Inicio: 2024-10-10 10:01:00, Fin: 2024-10-24 20:00:00, Estado: 2
[2024-10-21 17:25:09] [info] Iniciando actualización de estados de eventos. Fecha actual: 2024-10-21 17:25:09
[2024-10-21 17:25:09] [info] Eventos actualizados de 'en espera' a 'activos': 0
[2024-10-21 17:25:09] [info] Eventos actualizados de 'activos' a 'finalizados': 0
[2024-10-21 17:25:09] [info] Resumen de actualización:
[2024-10-21 17:25:09] [info] Total de eventos actualizados: 0
[2024-10-21 17:25:09] [info] Evento ID: 1, Nombre: Microsoft, Inicio: 2024-10-09 00:00:00, Fin: 2024-10-09 23:32:00, Estado: 3
[2024-10-21 17:25:09] [info] Evento ID: 2, Nombre: Perdiendo la Cabeza, Inicio: 2024-10-09 13:11:00, Fin: 2024-10-09 14:08:00, Estado: 3
[2024-10-21 17:25:09] [info] Evento ID: 3, Nombre: Col. Don Bosco, Inicio: 2024-10-09 13:12:00, Fin: 2024-10-09 13:15:00, Estado: 3
[2024-10-21 17:25:09] [info] Evento ID: 4, Nombre: El Diario, Inicio: 2024-10-10 10:01:00, Fin: 2024-10-24 20:00:00, Estado: 2
[2024-10-21 17:25:26] [info] Usuario con ID 2 ha iniciado sesión exitosamente
[2024-10-21 17:25:26] [info] Iniciando actualización de estados de eventos. Fecha actual: 2024-10-21 17:25:26
[2024-10-21 17:25:26] [info] Eventos actualizados de 'en espera' a 'activos': 0
[2024-10-21 17:25:26] [info] Eventos actualizados de 'activos' a 'finalizados': 0
[2024-10-21 17:25:26] [info] Resumen de actualización:
[2024-10-21 17:25:26] [info] Total de eventos actualizados: 0
[2024-10-21 17:25:26] [info] Evento ID: 1, Nombre: Microsoft, Inicio: 2024-10-09 00:00:00, Fin: 2024-10-09 23:32:00, Estado: 3
[2024-10-21 17:25:26] [info] Evento ID: 2, Nombre: Perdiendo la Cabeza, Inicio: 2024-10-09 13:11:00, Fin: 2024-10-09 14:08:00, Estado: 3
[2024-10-21 17:25:26] [info] Evento ID: 3, Nombre: Col. Don Bosco, Inicio: 2024-10-09 13:12:00, Fin: 2024-10-09 13:15:00, Estado: 3
[2024-10-21 17:25:26] [info] Evento ID: 4, Nombre: El Diario, Inicio: 2024-10-10 10:01:00, Fin: 2024-10-24 20:00:00, Estado: 2
[2024-10-21 17:25:53] [info] Usuario con ID 1 ha iniciado sesión exitosamente
[2024-10-21 17:25:53] [info] Iniciando actualización de estados de eventos. Fecha actual: 2024-10-21 17:25:53
[2024-10-21 17:25:53] [info] Eventos actualizados de 'en espera' a 'activos': 0
[2024-10-21 17:25:53] [info] Eventos actualizados de 'activos' a 'finalizados': 0
[2024-10-21 17:25:53] [info] Resumen de actualización:
[2024-10-21 17:25:53] [info] Total de eventos actualizados: 0
[2024-10-21 17:25:53] [info] Evento ID: 1, Nombre: Microsoft, Inicio: 2024-10-09 00:00:00, Fin: 2024-10-09 23:32:00, Estado: 3
[2024-10-21 17:25:53] [info] Evento ID: 2, Nombre: Perdiendo la Cabeza, Inicio: 2024-10-09 13:11:00, Fin: 2024-10-09 14:08:00, Estado: 3
[2024-10-21 17:25:53] [info] Evento ID: 3, Nombre: Col. Don Bosco, Inicio: 2024-10-09 13:12:00, Fin: 2024-10-09 13:15:00, Estado: 3
[2024-10-21 17:25:53] [info] Evento ID: 4, Nombre: El Diario, Inicio: 2024-10-10 10:01:00, Fin: 2024-10-24 20:00:00, Estado: 2
[2024-10-21 17:26:02] [info] Iniciando actualización de estados de eventos. Fecha actual: 2024-10-21 17:26:02
[2024-10-21 17:26:02] [info] Eventos actualizados de 'en espera' a 'activos': 0
[2024-10-21 17:26:02] [info] Eventos actualizados de 'activos' a 'finalizados': 0
[2024-10-21 17:26:02] [info] Resumen de actualización:
[2024-10-21 17:26:02] [info] Total de eventos actualizados: 0
[2024-10-21 17:26:02] [info] Evento ID: 1, Nombre: Microsoft, Inicio: 2024-10-09 00:00:00, Fin: 2024-10-09 23:32:00, Estado: 3
[2024-10-21 17:26:02] [info] Evento ID: 2, Nombre: Perdiendo la Cabeza, Inicio: 2024-10-09 13:11:00, Fin: 2024-10-09 14:08:00, Estado: 3
[2024-10-21 17:26:02] [info] Evento ID: 3, Nombre: Col. Don Bosco, Inicio: 2024-10-09 13:12:00, Fin: 2024-10-09 13:15:00, Estado: 3
[2024-10-21 17:26:02] [info] Evento ID: 4, Nombre: El Diario, Inicio: 2024-10-10 10:01:00, Fin: 2024-10-24 20:00:00, Estado: 2
[2024-10-21 17:26:40] [info] Usuario con ID 1 ha iniciado sesión exitosamente
[2024-10-21 17:26:40] [info] Iniciando actualización de estados de eventos. Fecha actual: 2024-10-21 17:26:40
[2024-10-21 17:26:40] [info] Eventos actualizados de 'en espera' a 'activos': 0
[2024-10-21 17:26:40] [info] Eventos actualizados de 'activos' a 'finalizados': 0
[2024-10-21 17:26:40] [info] Resumen de actualización:
[2024-10-21 17:26:40] [info] Total de eventos actualizados: 0
[2024-10-21 17:26:40] [info] Evento ID: 1, Nombre: Microsoft, Inicio: 2024-10-09 00:00:00, Fin: 2024-10-09 23:32:00, Estado: 3
[2024-10-21 17:26:40] [info] Evento ID: 2, Nombre: Perdiendo la Cabeza, Inicio: 2024-10-09 13:11:00, Fin: 2024-10-09 14:08:00, Estado: 3
[2024-10-21 17:26:40] [info] Evento ID: 3, Nombre: Col. Don Bosco, Inicio: 2024-10-09 13:12:00, Fin: 2024-10-09 13:15:00, Estado: 3
[2024-10-21 17:26:40] [info] Evento ID: 4, Nombre: El Diario, Inicio: 2024-10-10 10:01:00, Fin: 2024-10-24 20:00:00, Estado: 2
[2024-10-21 17:27:51] [info] Usuario con ID 2 ha iniciado sesión exitosamente
[2024-10-21 17:27:51] [info] Iniciando actualización de estados de eventos. Fecha actual: 2024-10-21 17:27:51
[2024-10-21 17:27:51] [info] Eventos actualizados de 'en espera' a 'activos': 0
[2024-10-21 17:27:51] [info] Eventos actualizados de 'activos' a 'finalizados': 0
[2024-10-21 17:27:51] [info] Resumen de actualización:
[2024-10-21 17:27:51] [info] Total de eventos actualizados: 0
[2024-10-21 17:27:51] [info] Evento ID: 1, Nombre: Microsoft, Inicio: 2024-10-09 00:00:00, Fin: 2024-10-09 23:32:00, Estado: 3
[2024-10-21 17:27:51] [info] Evento ID: 2, Nombre: Perdiendo la Cabeza, Inicio: 2024-10-09 13:11:00, Fin: 2024-10-09 14:08:00, Estado: 3
[2024-10-21 17:27:51] [info] Evento ID: 3, Nombre: Col. Don Bosco, Inicio: 2024-10-09 13:12:00, Fin: 2024-10-09 13:15:00, Estado: 3
[2024-10-21 17:27:51] [info] Evento ID: 4, Nombre: El Diario, Inicio: 2024-10-10 10:01:00, Fin: 2024-10-24 20:00:00, Estado: 2
[2024-10-21 17:27:59] [info] Iniciando actualización de estados de eventos. Fecha actual: 2024-10-21 17:27:59
[2024-10-21 17:27:59] [info] Eventos actualizados de 'en espera' a 'activos': 0
[2024-10-21 17:27:59] [info] Eventos actualizados de 'activos' a 'finalizados': 0
[2024-10-21 17:27:59] [info] Resumen de actualización:
[2024-10-21 17:27:59] [info] Total de eventos actualizados: 0
[2024-10-21 17:27:59] [info] Evento ID: 1, Nombre: Microsoft, Inicio: 2024-10-09 00:00:00, Fin: 2024-10-09 23:32:00, Estado: 3
[2024-10-21 17:27:59] [info] Evento ID: 2, Nombre: Perdiendo la Cabeza, Inicio: 2024-10-09 13:11:00, Fin: 2024-10-09 14:08:00, Estado: 3
[2024-10-21 17:27:59] [info] Evento ID: 3, Nombre: Col. Don Bosco, Inicio: 2024-10-09 13:12:00, Fin: 2024-10-09 13:15:00, Estado: 3
[2024-10-21 17:27:59] [info] Evento ID: 4, Nombre: El Diario, Inicio: 2024-10-10 10:01:00, Fin: 2024-10-24 20:00:00, Estado: 2
[2024-10-21 17:35:41] [warning] Intento de inicio de sesión fallido para el usuario con CI: 7654321
[2024-10-21 17:35:46] [info] Usuario con ID 2 ha iniciado sesión exitosamente
[2024-10-21 17:35:46] [info] Iniciando actualización de estados de eventos. Fecha actual: 2024-10-21 17:35:46
[2024-10-21 17:35:46] [info] Eventos actualizados de 'en espera' a 'activos': 0
[2024-10-21 17:35:46] [info] Eventos actualizados de 'activos' a 'finalizados': 0
[2024-10-21 17:35:46] [info] Resumen de actualización:
[2024-10-21 17:35:46] [info] Total de eventos actualizados: 0
[2024-10-21 17:35:46] [info] Evento ID: 1, Nombre: Microsoft, Inicio: 2024-10-09 00:00:00, Fin: 2024-10-09 23:32:00, Estado: 3
[2024-10-21 17:35:46] [info] Evento ID: 2, Nombre: Perdiendo la Cabeza, Inicio: 2024-10-09 13:11:00, Fin: 2024-10-09 14:08:00, Estado: 3
[2024-10-21 17:35:46] [info] Evento ID: 3, Nombre: Col. Don Bosco, Inicio: 2024-10-09 13:12:00, Fin: 2024-10-09 13:15:00, Estado: 3
[2024-10-21 17:35:46] [info] Evento ID: 4, Nombre: El Diario, Inicio: 2024-10-10 10:01:00, Fin: 2024-10-24 20:00:00, Estado: 2
[2024-10-21 17:37:05] [info] Usuario con ID 1 ha iniciado sesión exitosamente
[2024-10-21 17:37:05] [info] Iniciando actualización de estados de eventos. Fecha actual: 2024-10-21 17:37:05
[2024-10-21 17:37:05] [info] Eventos actualizados de 'en espera' a 'activos': 0
[2024-10-21 17:37:05] [info] Eventos actualizados de 'activos' a 'finalizados': 0
[2024-10-21 17:37:05] [info] Resumen de actualización:
[2024-10-21 17:37:05] [info] Total de eventos actualizados: 0
[2024-10-21 17:37:05] [info] Evento ID: 1, Nombre: Microsoft, Inicio: 2024-10-09 00:00:00, Fin: 2024-10-09 23:32:00, Estado: 3
[2024-10-21 17:37:05] [info] Evento ID: 2, Nombre: Perdiendo la Cabeza, Inicio: 2024-10-09 13:11:00, Fin: 2024-10-09 14:08:00, Estado: 3
[2024-10-21 17:37:05] [info] Evento ID: 3, Nombre: Col. Don Bosco, Inicio: 2024-10-09 13:12:00, Fin: 2024-10-09 13:15:00, Estado: 3
[2024-10-21 17:37:05] [info] Evento ID: 4, Nombre: El Diario, Inicio: 2024-10-10 10:01:00, Fin: 2024-10-24 20:00:00, Estado: 2
[2024-10-21 17:37:26] [info] Usuario con ID 1 ha iniciado sesión exitosamente
[2024-10-21 17:37:26] [info] Iniciando actualización de estados de eventos. Fecha actual: 2024-10-21 17:37:26
[2024-10-21 17:37:26] [info] Eventos actualizados de 'en espera' a 'activos': 0
[2024-10-21 17:37:26] [info] Eventos actualizados de 'activos' a 'finalizados': 0
[2024-10-21 17:37:26] [info] Resumen de actualización:
[2024-10-21 17:37:26] [info] Total de eventos actualizados: 0
[2024-10-21 17:37:26] [info] Evento ID: 1, Nombre: Microsoft, Inicio: 2024-10-09 00:00:00, Fin: 2024-10-09 23:32:00, Estado: 3
[2024-10-21 17:37:26] [info] Evento ID: 2, Nombre: Perdiendo la Cabeza, Inicio: 2024-10-09 13:11:00, Fin: 2024-10-09 14:08:00, Estado: 3
[2024-10-21 17:37:26] [info] Evento ID: 3, Nombre: Col. Don Bosco, Inicio: 2024-10-09 13:12:00, Fin: 2024-10-09 13:15:00, Estado: 3
[2024-10-21 17:37:26] [info] Evento ID: 4, Nombre: El Diario, Inicio: 2024-10-10 10:01:00, Fin: 2024-10-24 20:00:00, Estado: 2
[2024-10-21 17:38:11] [info] Usuario con ID 1 ha iniciado sesión exitosamente
[2024-10-21 17:38:11] [info] Iniciando actualización de estados de eventos. Fecha actual: 2024-10-21 17:38:11
[2024-10-21 17:38:11] [info] Eventos actualizados de 'en espera' a 'activos': 0
[2024-10-21 17:38:11] [info] Eventos actualizados de 'activos' a 'finalizados': 0
[2024-10-21 17:38:11] [info] Resumen de actualización:
[2024-10-21 17:38:11] [info] Total de eventos actualizados: 0
[2024-10-21 17:38:11] [info] Evento ID: 1, Nombre: Microsoft, Inicio: 2024-10-09 00:00:00, Fin: 2024-10-09 23:32:00, Estado: 3
[2024-10-21 17:38:11] [info] Evento ID: 2, Nombre: Perdiendo la Cabeza, Inicio: 2024-10-09 13:11:00, Fin: 2024-10-09 14:08:00, Estado: 3
[2024-10-21 17:38:11] [info] Evento ID: 3, Nombre: Col. Don Bosco, Inicio: 2024-10-09 13:12:00, Fin: 2024-10-09 13:15:00, Estado: 3
[2024-10-21 17:38:11] [info] Evento ID: 4, Nombre: El Diario, Inicio: 2024-10-10 10:01:00, Fin: 2024-10-24 20:00:00, Estado: 2
[2024-10-21 17:45:18] [info] Usuario con ID 1 ha iniciado sesión exitosamente
[2024-10-21 17:45:18] [info] Iniciando actualización de estados de eventos. Fecha actual: 2024-10-21 17:45:18
[2024-10-21 17:45:18] [info] Eventos actualizados de 'en espera' a 'activos': 0
[2024-10-21 17:45:18] [info] Eventos actualizados de 'activos' a 'finalizados': 0
[2024-10-21 17:45:18] [info] Resumen de actualización:
[2024-10-21 17:45:18] [info] Total de eventos actualizados: 0
[2024-10-21 17:45:18] [info] Evento ID: 1, Nombre: Microsoft, Inicio: 2024-10-09 00:00:00, Fin: 2024-10-09 23:32:00, Estado: 3
[2024-10-21 17:45:18] [info] Evento ID: 2, Nombre: Perdiendo la Cabeza, Inicio: 2024-10-09 13:11:00, Fin: 2024-10-09 14:08:00, Estado: 3
[2024-10-21 17:45:18] [info] Evento ID: 3, Nombre: Col. Don Bosco, Inicio: 2024-10-09 13:12:00, Fin: 2024-10-09 13:15:00, Estado: 3
[2024-10-21 17:45:18] [info] Evento ID: 4, Nombre: El Diario, Inicio: 2024-10-10 10:01:00, Fin: 2024-10-24 20:00:00, Estado: 2
[2024-10-21 18:11:22] [info] Usuario con ID 1 ha iniciado sesión exitosamente
[2024-10-21 18:11:22] [info] Iniciando actualización de estados de eventos. Fecha actual: 2024-10-21 18:11:22
[2024-10-21 18:11:22] [info] Eventos actualizados de 'en espera' a 'activos': 0
[2024-10-21 18:11:22] [info] Eventos actualizados de 'activos' a 'finalizados': 0
[2024-10-21 18:11:22] [info] Resumen de actualización:
[2024-10-21 18:11:22] [info] Total de eventos actualizados: 0
[2024-10-21 18:11:22] [info] Evento ID: 1, Nombre: Microsoft, Inicio: 2024-10-09 00:00:00, Fin: 2024-10-09 23:32:00, Estado: 3
[2024-10-21 18:11:22] [info] Evento ID: 2, Nombre: Perdiendo la Cabeza, Inicio: 2024-10-09 13:11:00, Fin: 2024-10-09 14:08:00, Estado: 3
[2024-10-21 18:11:22] [info] Evento ID: 3, Nombre: Col. Don Bosco, Inicio: 2024-10-09 13:12:00, Fin: 2024-10-09 13:15:00, Estado: 3
[2024-10-21 18:11:22] [info] Evento ID: 4, Nombre: El Diario, Inicio: 2024-10-10 10:01:00, Fin: 2024-10-24 20:00:00, Estado: 2
[2024-10-21 18:18:00] [info] Iniciando actualización de estados de eventos. Fecha actual: 2024-10-21 18:18:00
[2024-10-21 18:18:00] [info] Eventos actualizados de 'en espera' a 'activos': 0
[2024-10-21 18:18:00] [info] Eventos actualizados de 'activos' a 'finalizados': 0
[2024-10-21 18:18:00] [info] Resumen de actualización:
[2024-10-21 18:18:00] [info] Total de eventos actualizados: 0
[2024-10-21 18:18:00] [info] Evento ID: 1, Nombre: Microsoft, Inicio: 2024-10-09 00:00:00, Fin: 2024-10-09 23:32:00, Estado: 3
[2024-10-21 18:18:00] [info] Evento ID: 2, Nombre: Perdiendo la Cabeza, Inicio: 2024-10-09 13:11:00, Fin: 2024-10-09 14:08:00, Estado: 3
[2024-10-21 18:18:00] [info] Evento ID: 3, Nombre: Col. Don Bosco, Inicio: 2024-10-09 13:12:00, Fin: 2024-10-09 13:15:00, Estado: 3
[2024-10-21 18:18:00] [info] Evento ID: 4, Nombre: El Diario, Inicio: 2024-10-10 10:01:00, Fin: 2024-10-24 20:00:00, Estado: 2
[2024-10-21 18:51:08] [info] Iniciando actualización de estados de eventos. Fecha actual: 2024-10-21 18:51:08
[2024-10-21 18:51:08] [info] Eventos actualizados de 'en espera' a 'activos': 0
[2024-10-21 18:51:08] [info] Eventos actualizados de 'activos' a 'finalizados': 0
[2024-10-21 18:51:08] [info] Resumen de actualización:
[2024-10-21 18:51:08] [info] Total de eventos actualizados: 0
[2024-10-21 18:51:08] [info] Evento ID: 1, Nombre: Microsoft, Inicio: 2024-10-09 00:00:00, Fin: 2024-10-09 23:32:00, Estado: 3
[2024-10-21 18:51:08] [info] Evento ID: 2, Nombre: Perdiendo la Cabeza, Inicio: 2024-10-09 13:11:00, Fin: 2024-10-09 14:08:00, Estado: 3
[2024-10-21 18:51:08] [info] Evento ID: 3, Nombre: Col. Don Bosco, Inicio: 2024-10-09 13:12:00, Fin: 2024-10-09 13:15:00, Estado: 3
[2024-10-21 18:51:08] [info] Evento ID: 4, Nombre: El Diario, Inicio: 2024-10-10 10:01:00, Fin: 2024-10-24 20:00:00, Estado: 2
[2024-10-21 19:12:13] [info] Iniciando actualización de estados de eventos. Fecha actual: 2024-10-21 19:12:13
[2024-10-21 19:12:13] [info] Eventos actualizados de 'en espera' a 'activos': 0
[2024-10-21 19:12:13] [info] Eventos actualizados de 'activos' a 'finalizados': 0
[2024-10-21 19:12:13] [info] Resumen de actualización:
[2024-10-21 19:12:13] [info] Total de eventos actualizados: 0
[2024-10-21 19:12:13] [info] Evento ID: 1, Nombre: Microsoft, Inicio: 2024-10-09 00:00:00, Fin: 2024-10-09 23:32:00, Estado: 3
[2024-10-21 19:12:13] [info] Evento ID: 2, Nombre: Perdiendo la Cabeza, Inicio: 2024-10-09 13:11:00, Fin: 2024-10-09 14:08:00, Estado: 3
[2024-10-21 19:12:13] [info] Evento ID: 3, Nombre: Col. Don Bosco, Inicio: 2024-10-09 13:12:00, Fin: 2024-10-09 13:15:00, Estado: 3
[2024-10-21 19:12:13] [info] Evento ID: 4, Nombre: El Diario, Inicio: 2024-10-10 10:01:00, Fin: 2024-10-24 20:00:00, Estado: 2
[2024-10-21 19:16:58] [info] Iniciando actualización de estados de eventos. Fecha actual: 2024-10-21 19:16:58
[2024-10-21 19:16:58] [info] Eventos actualizados de 'en espera' a 'activos': 0
[2024-10-21 19:16:58] [info] Eventos actualizados de 'activos' a 'finalizados': 0
[2024-10-21 19:16:58] [info] Resumen de actualización:
[2024-10-21 19:16:58] [info] Total de eventos actualizados: 0
[2024-10-21 19:16:58] [info] Evento ID: 1, Nombre: Microsoft, Inicio: 2024-10-09 00:00:00, Fin: 2024-10-09 23:32:00, Estado: 3
[2024-10-21 19:16:58] [info] Evento ID: 2, Nombre: Perdiendo la Cabeza, Inicio: 2024-10-09 13:11:00, Fin: 2024-10-09 14:08:00, Estado: 3
[2024-10-21 19:16:58] [info] Evento ID: 3, Nombre: Col. Don Bosco, Inicio: 2024-10-09 13:12:00, Fin: 2024-10-09 13:15:00, Estado: 3
[2024-10-21 19:16:58] [info] Evento ID: 4, Nombre: El Diario, Inicio: 2024-10-10 10:01:00, Fin: 2024-10-24 20:00:00, Estado: 2
[2024-10-21 19:17:03] [info] Iniciando actualización de estados de eventos. Fecha actual: 2024-10-21 19:17:03
[2024-10-21 19:17:03] [info] Eventos actualizados de 'en espera' a 'activos': 0
[2024-10-21 19:17:03] [info] Eventos actualizados de 'activos' a 'finalizados': 0
[2024-10-21 19:17:03] [info] Resumen de actualización:
[2024-10-21 19:17:03] [info] Total de eventos actualizados: 0
[2024-10-21 19:17:03] [info] Evento ID: 1, Nombre: Microsoft, Inicio: 2024-10-09 00:00:00, Fin: 2024-10-09 23:32:00, Estado: 3
[2024-10-21 19:17:03] [info] Evento ID: 2, Nombre: Perdiendo la Cabeza, Inicio: 2024-10-09 13:11:00, Fin: 2024-10-09 14:08:00, Estado: 3
[2024-10-21 19:17:03] [info] Evento ID: 3, Nombre: Col. Don Bosco, Inicio: 2024-10-09 13:12:00, Fin: 2024-10-09 13:15:00, Estado: 3
[2024-10-21 19:17:03] [info] Evento ID: 4, Nombre: El Diario, Inicio: 2024-10-10 10:01:00, Fin: 2024-10-24 20:00:00, Estado: 2
[2024-10-21 19:17:19] [info] Usuario con ID 1 ha iniciado sesión exitosamente
[2024-10-21 19:17:19] [info] Iniciando actualización de estados de eventos. Fecha actual: 2024-10-21 19:17:19
[2024-10-21 19:17:19] [info] Eventos actualizados de 'en espera' a 'activos': 0
[2024-10-21 19:17:19] [info] Eventos actualizados de 'activos' a 'finalizados': 0
[2024-10-21 19:17:19] [info] Resumen de actualización:
[2024-10-21 19:17:19] [info] Total de eventos actualizados: 0
[2024-10-21 19:17:19] [info] Evento ID: 1, Nombre: Microsoft, Inicio: 2024-10-09 00:00:00, Fin: 2024-10-09 23:32:00, Estado: 3
[2024-10-21 19:17:19] [info] Evento ID: 2, Nombre: Perdiendo la Cabeza, Inicio: 2024-10-09 13:11:00, Fin: 2024-10-09 14:08:00, Estado: 3
[2024-10-21 19:17:19] [info] Evento ID: 3, Nombre: Col. Don Bosco, Inicio: 2024-10-09 13:12:00, Fin: 2024-10-09 13:15:00, Estado: 3
[2024-10-21 19:17:19] [info] Evento ID: 4, Nombre: El Diario, Inicio: 2024-10-10 10:01:00, Fin: 2024-10-24 20:00:00, Estado: 2
[2024-10-21 19:17:24] [info] Iniciando actualización de estados de eventos. Fecha actual: 2024-10-21 19:17:24
[2024-10-21 19:17:24] [info] Eventos actualizados de 'en espera' a 'activos': 0
[2024-10-21 19:17:24] [info] Eventos actualizados de 'activos' a 'finalizados': 0
[2024-10-21 19:17:24] [info] Resumen de actualización:
[2024-10-21 19:17:24] [info] Total de eventos actualizados: 0
[2024-10-21 19:17:24] [info] Evento ID: 1, Nombre: Microsoft, Inicio: 2024-10-09 00:00:00, Fin: 2024-10-09 23:32:00, Estado: 3
[2024-10-21 19:17:24] [info] Evento ID: 2, Nombre: Perdiendo la Cabeza, Inicio: 2024-10-09 13:11:00, Fin: 2024-10-09 14:08:00, Estado: 3
[2024-10-21 19:17:24] [info] Evento ID: 3, Nombre: Col. Don Bosco, Inicio: 2024-10-09 13:12:00, Fin: 2024-10-09 13:15:00, Estado: 3
[2024-10-21 19:17:24] [info] Evento ID: 4, Nombre: El Diario, Inicio: 2024-10-10 10:01:00, Fin: 2024-10-24 20:00:00, Estado: 2
[2024-10-21 19:17:43] [info] Iniciando actualización de estados de eventos. Fecha actual: 2024-10-21 19:17:43
[2024-10-21 19:17:43] [info] Eventos actualizados de 'en espera' a 'activos': 0
[2024-10-21 19:17:43] [info] Eventos actualizados de 'activos' a 'finalizados': 0
[2024-10-21 19:17:43] [info] Resumen de actualización:
[2024-10-21 19:17:43] [info] Total de eventos actualizados: 0
[2024-10-21 19:17:43] [info] Evento ID: 1, Nombre: Microsoft, Inicio: 2024-10-09 00:00:00, Fin: 2024-10-09 23:32:00, Estado: 3
[2024-10-21 19:17:43] [info] Evento ID: 2, Nombre: Perdiendo la Cabeza, Inicio: 2024-10-09 13:11:00, Fin: 2024-10-09 14:08:00, Estado: 3
[2024-10-21 19:17:43] [info] Evento ID: 3, Nombre: Col. Don Bosco, Inicio: 2024-10-09 13:12:00, Fin: 2024-10-09 13:15:00, Estado: 3
[2024-10-21 19:17:43] [info] Evento ID: 4, Nombre: El Diario, Inicio: 2024-10-10 10:01:00, Fin: 2024-10-24 20:00:00, Estado: 2
[2024-10-21 19:17:46] [info] Iniciando actualización de estados de eventos. Fecha actual: 2024-10-21 19:17:46
[2024-10-21 19:17:46] [info] Eventos actualizados de 'en espera' a 'activos': 0
[2024-10-21 19:17:46] [info] Eventos actualizados de 'activos' a 'finalizados': 0
[2024-10-21 19:17:46] [info] Resumen de actualización:
[2024-10-21 19:17:46] [info] Total de eventos actualizados: 0
[2024-10-21 19:17:46] [info] Evento ID: 1, Nombre: Microsoft, Inicio: 2024-10-09 00:00:00, Fin: 2024-10-09 23:32:00, Estado: 3
[2024-10-21 19:17:46] [info] Evento ID: 2, Nombre: Perdiendo la Cabeza, Inicio: 2024-10-09 13:11:00, Fin: 2024-10-09 14:08:00, Estado: 3
[2024-10-21 19:17:46] [info] Evento ID: 3, Nombre: Col. Don Bosco, Inicio: 2024-10-09 13:12:00, Fin: 2024-10-09 13:15:00, Estado: 3
[2024-10-21 19:17:46] [info] Evento ID: 4, Nombre: El Diario, Inicio: 2024-10-10 10:01:00, Fin: 2024-10-24 20:00:00, Estado: 2
[2024-10-21 19:18:09] [info] Iniciando actualización de estados de eventos. Fecha actual: 2024-10-21 19:18:09
[2024-10-21 19:18:09] [info] Eventos actualizados de 'en espera' a 'activos': 0
[2024-10-21 19:18:09] [info] Eventos actualizados de 'activos' a 'finalizados': 0
[2024-10-21 19:18:09] [info] Resumen de actualización:
[2024-10-21 19:18:09] [info] Total de eventos actualizados: 0
[2024-10-21 19:18:09] [info] Evento ID: 1, Nombre: Microsoft, Inicio: 2024-10-09 00:00:00, Fin: 2024-10-09 23:32:00, Estado: 3
[2024-10-21 19:18:09] [info] Evento ID: 2, Nombre: Perdiendo la Cabeza, Inicio: 2024-10-09 13:11:00, Fin: 2024-10-09 14:08:00, Estado: 3
[2024-10-21 19:18:09] [info] Evento ID: 3, Nombre: Col. Don Bosco, Inicio: 2024-10-09 13:12:00, Fin: 2024-10-09 13:15:00, Estado: 3
[2024-10-21 19:18:09] [info] Evento ID: 4, Nombre: El Diario, Inicio: 2024-10-10 10:01:00, Fin: 2024-10-24 20:00:00, Estado: 2
[2024-10-21 19:18:22] [info] Iniciando actualización de estados de eventos. Fecha actual: 2024-10-21 19:18:22
[2024-10-21 19:18:22] [info] Eventos actualizados de 'en espera' a 'activos': 0
[2024-10-21 19:18:22] [info] Eventos actualizados de 'activos' a 'finalizados': 0
[2024-10-21 19:18:22] [info] Resumen de actualización:
[2024-10-21 19:18:22] [info] Total de eventos actualizados: 0
[2024-10-21 19:18:22] [info] Evento ID: 1, Nombre: Microsoft, Inicio: 2024-10-09 00:00:00, Fin: 2024-10-09 23:32:00, Estado: 3
[2024-10-21 19:18:22] [info] Evento ID: 2, Nombre: Perdiendo la Cabeza, Inicio: 2024-10-09 13:11:00, Fin: 2024-10-09 14:08:00, Estado: 3
[2024-10-21 19:18:22] [info] Evento ID: 3, Nombre: Col. Don Bosco, Inicio: 2024-10-09 13:12:00, Fin: 2024-10-09 13:15:00, Estado: 3
[2024-10-21 19:18:22] [info] Evento ID: 4, Nombre: El Diario, Inicio: 2024-10-10 10:01:00, Fin: 2024-10-24 20:00:00, Estado: 2
[2024-10-21 19:18:33] [info] Iniciando actualización de estados de eventos. Fecha actual: 2024-10-21 19:18:33
[2024-10-21 19:18:33] [info] Eventos actualizados de 'en espera' a 'activos': 0
[2024-10-21 19:18:33] [info] Eventos actualizados de 'activos' a 'finalizados': 0
[2024-10-21 19:18:33] [info] Resumen de actualización:
[2024-10-21 19:18:33] [info] Total de eventos actualizados: 0
[2024-10-21 19:18:33] [info] Evento ID: 1, Nombre: Microsoft, Inicio: 2024-10-09 00:00:00, Fin: 2024-10-09 23:32:00, Estado: 3
[2024-10-21 19:18:33] [info] Evento ID: 2, Nombre: Perdiendo la Cabeza, Inicio: 2024-10-09 13:11:00, Fin: 2024-10-09 14:08:00, Estado: 3
[2024-10-21 19:18:33] [info] Evento ID: 3, Nombre: Col. Don Bosco, Inicio: 2024-10-09 13:12:00, Fin: 2024-10-09 13:15:00, Estado: 3
[2024-10-21 19:18:33] [info] Evento ID: 4, Nombre: El Diario, Inicio: 2024-10-10 10:01:00, Fin: 2024-10-24 20:00:00, Estado: 2
[2024-10-21 19:20:10] [info] Usuario con ID 1 ha iniciado sesión exitosamente
[2024-10-21 19:20:10] [info] Iniciando actualización de estados de eventos. Fecha actual: 2024-10-21 19:20:10
[2024-10-21 19:20:10] [info] Eventos actualizados de 'en espera' a 'activos': 0
[2024-10-21 19:20:10] [info] Eventos actualizados de 'activos' a 'finalizados': 0
[2024-10-21 19:20:10] [info] Resumen de actualización:
[2024-10-21 19:20:10] [info] Total de eventos actualizados: 0
[2024-10-21 19:20:10] [info] Evento ID: 1, Nombre: Microsoft, Inicio: 2024-10-09 00:00:00, Fin: 2024-10-09 23:32:00, Estado: 3
[2024-10-21 19:20:10] [info] Evento ID: 2, Nombre: Perdiendo la Cabeza, Inicio: 2024-10-09 13:11:00, Fin: 2024-10-09 14:08:00, Estado: 3
[2024-10-21 19:20:10] [info] Evento ID: 3, Nombre: Col. Don Bosco, Inicio: 2024-10-09 13:12:00, Fin: 2024-10-09 13:15:00, Estado: 3
[2024-10-21 19:20:10] [info] Evento ID: 4, Nombre: El Diario, Inicio: 2024-10-10 10:01:00, Fin: 2024-10-24 20:00:00, Estado: 2
[2024-10-21 19:21:10] [info] Iniciando actualización de estados de eventos. Fecha actual: 2024-10-21 19:21:10
[2024-10-21 19:21:10] [info] Eventos actualizados de 'en espera' a 'activos': 0
[2024-10-21 19:21:10] [info] Eventos actualizados de 'activos' a 'finalizados': 0
[2024-10-21 19:21:10] [info] Resumen de actualización:
[2024-10-21 19:21:10] [info] Total de eventos actualizados: 0
[2024-10-21 19:21:10] [info] Evento ID: 1, Nombre: Microsoft, Inicio: 2024-10-09 00:00:00, Fin: 2024-10-09 23:32:00, Estado: 3
[2024-10-21 19:21:10] [info] Evento ID: 2, Nombre: Perdiendo la Cabeza, Inicio: 2024-10-09 13:11:00, Fin: 2024-10-09 14:08:00, Estado: 3
[2024-10-21 19:21:10] [info] Evento ID: 3, Nombre: Col. Don Bosco, Inicio: 2024-10-09 13:12:00, Fin: 2024-10-09 13:15:00, Estado: 3
[2024-10-21 19:21:10] [info] Evento ID: 4, Nombre: El Diario, Inicio: 2024-10-10 10:01:00, Fin: 2024-10-24 20:00:00, Estado: 2
[2024-10-21 19:22:10] [info] Iniciando actualización de estados de eventos. Fecha actual: 2024-10-21 19:22:10
[2024-10-21 19:22:10] [info] Eventos actualizados de 'en espera' a 'activos': 0
[2024-10-21 19:22:10] [info] Eventos actualizados de 'activos' a 'finalizados': 0
[2024-10-21 19:22:10] [info] Resumen de actualización:
[2024-10-21 19:22:10] [info] Total de eventos actualizados: 0
[2024-10-21 19:22:10] [info] Evento ID: 1, Nombre: Microsoft, Inicio: 2024-10-09 00:00:00, Fin: 2024-10-09 23:32:00, Estado: 3
[2024-10-21 19:22:10] [info] Evento ID: 2, Nombre: Perdiendo la Cabeza, Inicio: 2024-10-09 13:11:00, Fin: 2024-10-09 14:08:00, Estado: 3
[2024-10-21 19:22:10] [info] Evento ID: 3, Nombre: Col. Don Bosco, Inicio: 2024-10-09 13:12:00, Fin: 2024-10-09 13:15:00, Estado: 3
[2024-10-21 19:22:10] [info] Evento ID: 4, Nombre: El Diario, Inicio: 2024-10-10 10:01:00, Fin: 2024-10-24 20:00:00, Estado: 2
[2024-10-21 19:23:10] [info] Iniciando actualización de estados de eventos. Fecha actual: 2024-10-21 19:23:10
[2024-10-21 19:23:10] [info] Eventos actualizados de 'en espera' a 'activos': 0
[2024-10-21 19:23:10] [info] Eventos actualizados de 'activos' a 'finalizados': 0
[2024-10-21 19:23:10] [info] Resumen de actualización:
[2024-10-21 19:23:10] [info] Total de eventos actualizados: 0
[2024-10-21 19:23:10] [info] Evento ID: 1, Nombre: Microsoft, Inicio: 2024-10-09 00:00:00, Fin: 2024-10-09 23:32:00, Estado: 3
[2024-10-21 19:23:10] [info] Evento ID: 2, Nombre: Perdiendo la Cabeza, Inicio: 2024-10-09 13:11:00, Fin: 2024-10-09 14:08:00, Estado: 3
[2024-10-21 19:23:10] [info] Evento ID: 3, Nombre: Col. Don Bosco, Inicio: 2024-10-09 13:12:00, Fin: 2024-10-09 13:15:00, Estado: 3
[2024-10-21 19:23:10] [info] Evento ID: 4, Nombre: El Diario, Inicio: 2024-10-10 10:01:00, Fin: 2024-10-24 20:00:00, Estado: 2
[2024-10-21 19:24:10] [info] Iniciando actualización de estados de eventos. Fecha actual: 2024-10-21 19:24:10
[2024-10-21 19:24:10] [info] Eventos actualizados de 'en espera' a 'activos': 0
[2024-10-21 19:24:10] [info] Eventos actualizados de 'activos' a 'finalizados': 0
[2024-10-21 19:24:10] [info] Resumen de actualización:
[2024-10-21 19:24:10] [info] Total de eventos actualizados: 0
[2024-10-21 19:24:10] [info] Evento ID: 1, Nombre: Microsoft, Inicio: 2024-10-09 00:00:00, Fin: 2024-10-09 23:32:00, Estado: 3
[2024-10-21 19:24:10] [info] Evento ID: 2, Nombre: Perdiendo la Cabeza, Inicio: 2024-10-09 13:11:00, Fin: 2024-10-09 14:08:00, Estado: 3
[2024-10-21 19:24:10] [info] Evento ID: 3, Nombre: Col. Don Bosco, Inicio: 2024-10-09 13:12:00, Fin: 2024-10-09 13:15:00, Estado: 3
[2024-10-21 19:24:10] [info] Evento ID: 4, Nombre: El Diario, Inicio: 2024-10-10 10:01:00, Fin: 2024-10-24 20:00:00, Estado: 2
[2024-10-21 19:25:10] [info] Iniciando actualización de estados de eventos. Fecha actual: 2024-10-21 19:25:10
[2024-10-21 19:25:10] [info] Eventos actualizados de 'en espera' a 'activos': 0
[2024-10-21 19:25:10] [info] Eventos actualizados de 'activos' a 'finalizados': 0
[2024-10-21 19:25:10] [info] Resumen de actualización:
[2024-10-21 19:25:10] [info] Total de eventos actualizados: 0
[2024-10-21 19:25:10] [info] Evento ID: 1, Nombre: Microsoft, Inicio: 2024-10-09 00:00:00, Fin: 2024-10-09 23:32:00, Estado: 3
[2024-10-21 19:25:10] [info] Evento ID: 2, Nombre: Perdiendo la Cabeza, Inicio: 2024-10-09 13:11:00, Fin: 2024-10-09 14:08:00, Estado: 3
[2024-10-21 19:25:10] [info] Evento ID: 3, Nombre: Col. Don Bosco, Inicio: 2024-10-09 13:12:00, Fin: 2024-10-09 13:15:00, Estado: 3
[2024-10-21 19:25:10] [info] Evento ID: 4, Nombre: El Diario, Inicio: 2024-10-10 10:01:00, Fin: 2024-10-24 20:00:00, Estado: 2
[2024-10-21 19:26:11] [info] Iniciando actualización de estados de eventos. Fecha actual: 2024-10-21 19:26:11
[2024-10-21 19:26:11] [info] Eventos actualizados de 'en espera' a 'activos': 0
[2024-10-21 19:26:11] [info] Eventos actualizados de 'activos' a 'finalizados': 0
[2024-10-21 19:26:11] [info] Resumen de actualización:
[2024-10-21 19:26:11] [info] Total de eventos actualizados: 0
[2024-10-21 19:26:11] [info] Evento ID: 1, Nombre: Microsoft, Inicio: 2024-10-09 00:00:00, Fin: 2024-10-09 23:32:00, Estado: 3
[2024-10-21 19:26:11] [info] Evento ID: 2, Nombre: Perdiendo la Cabeza, Inicio: 2024-10-09 13:11:00, Fin: 2024-10-09 14:08:00, Estado: 3
[2024-10-21 19:26:11] [info] Evento ID: 3, Nombre: Col. Don Bosco, Inicio: 2024-10-09 13:12:00, Fin: 2024-10-09 13:15:00, Estado: 3
[2024-10-21 19:26:11] [info] Evento ID: 4, Nombre: El Diario, Inicio: 2024-10-10 10:01:00, Fin: 2024-10-24 20:00:00, Estado: 2
[2024-10-21 19:27:12] [info] Iniciando actualización de estados de eventos. Fecha actual: 2024-10-21 19:27:12
[2024-10-21 19:27:12] [info] Eventos actualizados de 'en espera' a 'activos': 0
[2024-10-21 19:27:12] [info] Eventos actualizados de 'activos' a 'finalizados': 0
[2024-10-21 19:27:12] [info] Resumen de actualización:
[2024-10-21 19:27:12] [info] Total de eventos actualizados: 0
[2024-10-21 19:27:12] [info] Evento ID: 1, Nombre: Microsoft, Inicio: 2024-10-09 00:00:00, Fin: 2024-10-09 23:32:00, Estado: 3
[2024-10-21 19:27:12] [info] Evento ID: 2, Nombre: Perdiendo la Cabeza, Inicio: 2024-10-09 13:11:00, Fin: 2024-10-09 14:08:00, Estado: 3
[2024-10-21 19:27:12] [info] Evento ID: 3, Nombre: Col. Don Bosco, Inicio: 2024-10-09 13:12:00, Fin: 2024-10-09 13:15:00, Estado: 3
[2024-10-21 19:27:12] [info] Evento ID: 4, Nombre: El Diario, Inicio: 2024-10-10 10:01:00, Fin: 2024-10-24 20:00:00, Estado: 2
[2024-10-21 19:28:13] [info] Iniciando actualización de estados de eventos. Fecha actual: 2024-10-21 19:28:13
[2024-10-21 19:28:13] [info] Eventos actualizados de 'en espera' a 'activos': 0
[2024-10-21 19:28:13] [info] Eventos actualizados de 'activos' a 'finalizados': 0
[2024-10-21 19:28:13] [info] Resumen de actualización:
[2024-10-21 19:28:13] [info] Total de eventos actualizados: 0
[2024-10-21 19:28:13] [info] Evento ID: 1, Nombre: Microsoft, Inicio: 2024-10-09 00:00:00, Fin: 2024-10-09 23:32:00, Estado: 3
[2024-10-21 19:28:13] [info] Evento ID: 2, Nombre: Perdiendo la Cabeza, Inicio: 2024-10-09 13:11:00, Fin: 2024-10-09 14:08:00, Estado: 3
[2024-10-21 19:28:13] [info] Evento ID: 3, Nombre: Col. Don Bosco, Inicio: 2024-10-09 13:12:00, Fin: 2024-10-09 13:15:00, Estado: 3
[2024-10-21 19:28:13] [info] Evento ID: 4, Nombre: El Diario, Inicio: 2024-10-10 10:01:00, Fin: 2024-10-24 20:00:00, Estado: 2
[2024-10-21 19:29:14] [info] Iniciando actualización de estados de eventos. Fecha actual: 2024-10-21 19:29:14
[2024-10-21 19:29:14] [info] Eventos actualizados de 'en espera' a 'activos': 0
[2024-10-21 19:29:14] [info] Eventos actualizados de 'activos' a 'finalizados': 0
[2024-10-21 19:29:14] [info] Resumen de actualización:
[2024-10-21 19:29:14] [info] Total de eventos actualizados: 0
[2024-10-21 19:29:14] [info] Evento ID: 1, Nombre: Microsoft, Inicio: 2024-10-09 00:00:00, Fin: 2024-10-09 23:32:00, Estado: 3
[2024-10-21 19:29:14] [info] Evento ID: 2, Nombre: Perdiendo la Cabeza, Inicio: 2024-10-09 13:11:00, Fin: 2024-10-09 14:08:00, Estado: 3
[2024-10-21 19:29:14] [info] Evento ID: 3, Nombre: Col. Don Bosco, Inicio: 2024-10-09 13:12:00, Fin: 2024-10-09 13:15:00, Estado: 3
[2024-10-21 19:29:14] [info] Evento ID: 4, Nombre: El Diario, Inicio: 2024-10-10 10:01:00, Fin: 2024-10-24 20:00:00, Estado: 2
[2024-10-21 19:30:15] [info] Iniciando actualización de estados de eventos. Fecha actual: 2024-10-21 19:30:15
[2024-10-21 19:30:15] [info] Eventos actualizados de 'en espera' a 'activos': 0
[2024-10-21 19:30:15] [info] Eventos actualizados de 'activos' a 'finalizados': 0
[2024-10-21 19:30:15] [info] Resumen de actualización:
[2024-10-21 19:30:15] [info] Total de eventos actualizados: 0
[2024-10-21 19:30:15] [info] Evento ID: 1, Nombre: Microsoft, Inicio: 2024-10-09 00:00:00, Fin: 2024-10-09 23:32:00, Estado: 3
[2024-10-21 19:30:15] [info] Evento ID: 2, Nombre: Perdiendo la Cabeza, Inicio: 2024-10-09 13:11:00, Fin: 2024-10-09 14:08:00, Estado: 3
[2024-10-21 19:30:15] [info] Evento ID: 3, Nombre: Col. Don Bosco, Inicio: 2024-10-09 13:12:00, Fin: 2024-10-09 13:15:00, Estado: 3
[2024-10-21 19:30:15] [info] Evento ID: 4, Nombre: El Diario, Inicio: 2024-10-10 10:01:00, Fin: 2024-10-24 20:00:00, Estado: 2
[2024-10-21 19:31:16] [info] Iniciando actualización de estados de eventos. Fecha actual: 2024-10-21 19:31:16
[2024-10-21 19:31:16] [info] Eventos actualizados de 'en espera' a 'activos': 0
[2024-10-21 19:31:16] [info] Eventos actualizados de 'activos' a 'finalizados': 0
[2024-10-21 19:31:16] [info] Resumen de actualización:
[2024-10-21 19:31:16] [info] Total de eventos actualizados: 0
[2024-10-21 19:31:16] [info] Evento ID: 1, Nombre: Microsoft, Inicio: 2024-10-09 00:00:00, Fin: 2024-10-09 23:32:00, Estado: 3
[2024-10-21 19:31:16] [info] Evento ID: 2, Nombre: Perdiendo la Cabeza, Inicio: 2024-10-09 13:11:00, Fin: 2024-10-09 14:08:00, Estado: 3
[2024-10-21 19:31:16] [info] Evento ID: 3, Nombre: Col. Don Bosco, Inicio: 2024-10-09 13:12:00, Fin: 2024-10-09 13:15:00, Estado: 3
[2024-10-21 19:31:16] [info] Evento ID: 4, Nombre: El Diario, Inicio: 2024-10-10 10:01:00, Fin: 2024-10-24 20:00:00, Estado: 2
[2024-10-21 19:32:17] [info] Iniciando actualización de estados de eventos. Fecha actual: 2024-10-21 19:32:17
[2024-10-21 19:32:17] [info] Eventos actualizados de 'en espera' a 'activos': 0
[2024-10-21 19:32:17] [info] Eventos actualizados de 'activos' a 'finalizados': 0
[2024-10-21 19:32:17] [info] Resumen de actualización:
[2024-10-21 19:32:17] [info] Total de eventos actualizados: 0
[2024-10-21 19:32:17] [info] Evento ID: 1, Nombre: Microsoft, Inicio: 2024-10-09 00:00:00, Fin: 2024-10-09 23:32:00, Estado: 3
[2024-10-21 19:32:17] [info] Evento ID: 2, Nombre: Perdiendo la Cabeza, Inicio: 2024-10-09 13:11:00, Fin: 2024-10-09 14:08:00, Estado: 3
[2024-10-21 19:32:17] [info] Evento ID: 3, Nombre: Col. Don Bosco, Inicio: 2024-10-09 13:12:00, Fin: 2024-10-09 13:15:00, Estado: 3
[2024-10-21 19:32:17] [info] Evento ID: 4, Nombre: El Diario, Inicio: 2024-10-10 10:01:00, Fin: 2024-10-24 20:00:00, Estado: 2
[2024-10-21 19:33:18] [info] Iniciando actualización de estados de eventos. Fecha actual: 2024-10-21 19:33:18
[2024-10-21 19:33:18] [info] Eventos actualizados de 'en espera' a 'activos': 0
[2024-10-21 19:33:18] [info] Eventos actualizados de 'activos' a 'finalizados': 0
[2024-10-21 19:33:18] [info] Resumen de actualización:
[2024-10-21 19:33:18] [info] Total de eventos actualizados: 0
[2024-10-21 19:33:18] [info] Evento ID: 1, Nombre: Microsoft, Inicio: 2024-10-09 00:00:00, Fin: 2024-10-09 23:32:00, Estado: 3
[2024-10-21 19:33:18] [info] Evento ID: 2, Nombre: Perdiendo la Cabeza, Inicio: 2024-10-09 13:11:00, Fin: 2024-10-09 14:08:00, Estado: 3
[2024-10-21 19:33:18] [info] Evento ID: 3, Nombre: Col. Don Bosco, Inicio: 2024-10-09 13:12:00, Fin: 2024-10-09 13:15:00, Estado: 3
[2024-10-21 19:33:18] [info] Evento ID: 4, Nombre: El Diario, Inicio: 2024-10-10 10:01:00, Fin: 2024-10-24 20:00:00, Estado: 2
[2024-10-21 19:34:19] [info] Iniciando actualización de estados de eventos. Fecha actual: 2024-10-21 19:34:19
[2024-10-21 19:34:19] [info] Eventos actualizados de 'en espera' a 'activos': 0
[2024-10-21 19:34:19] [info] Eventos actualizados de 'activos' a 'finalizados': 0
[2024-10-21 19:34:19] [info] Resumen de actualización:
[2024-10-21 19:34:19] [info] Total de eventos actualizados: 0
[2024-10-21 19:34:19] [info] Evento ID: 1, Nombre: Microsoft, Inicio: 2024-10-09 00:00:00, Fin: 2024-10-09 23:32:00, Estado: 3
[2024-10-21 19:34:19] [info] Evento ID: 2, Nombre: Perdiendo la Cabeza, Inicio: 2024-10-09 13:11:00, Fin: 2024-10-09 14:08:00, Estado: 3
[2024-10-21 19:34:19] [info] Evento ID: 3, Nombre: Col. Don Bosco, Inicio: 2024-10-09 13:12:00, Fin: 2024-10-09 13:15:00, Estado: 3
[2024-10-21 19:34:19] [info] Evento ID: 4, Nombre: El Diario, Inicio: 2024-10-10 10:01:00, Fin: 2024-10-24 20:00:00, Estado: 2
[2024-10-21 19:35:20] [info] Iniciando actualización de estados de eventos. Fecha actual: 2024-10-21 19:35:20
[2024-10-21 19:35:20] [info] Eventos actualizados de 'en espera' a 'activos': 0
[2024-10-21 19:35:20] [info] Eventos actualizados de 'activos' a 'finalizados': 0
[2024-10-21 19:35:20] [info] Resumen de actualización:
[2024-10-21 19:35:20] [info] Total de eventos actualizados: 0
[2024-10-21 19:35:20] [info] Evento ID: 1, Nombre: Microsoft, Inicio: 2024-10-09 00:00:00, Fin: 2024-10-09 23:32:00, Estado: 3
[2024-10-21 19:35:20] [info] Evento ID: 2, Nombre: Perdiendo la Cabeza, Inicio: 2024-10-09 13:11:00, Fin: 2024-10-09 14:08:00, Estado: 3
[2024-10-21 19:35:20] [info] Evento ID: 3, Nombre: Col. Don Bosco, Inicio: 2024-10-09 13:12:00, Fin: 2024-10-09 13:15:00, Estado: 3
[2024-10-21 19:35:20] [info] Evento ID: 4, Nombre: El Diario, Inicio: 2024-10-10 10:01:00, Fin: 2024-10-24 20:00:00, Estado: 2
[2024-10-21 19:36:21] [info] Iniciando actualización de estados de eventos. Fecha actual: 2024-10-21 19:36:21
[2024-10-21 19:36:21] [info] Eventos actualizados de 'en espera' a 'activos': 0
[2024-10-21 19:36:21] [info] Eventos actualizados de 'activos' a 'finalizados': 0
[2024-10-21 19:36:21] [info] Resumen de actualización:
[2024-10-21 19:36:21] [info] Total de eventos actualizados: 0
[2024-10-21 19:36:21] [info] Evento ID: 1, Nombre: Microsoft, Inicio: 2024-10-09 00:00:00, Fin: 2024-10-09 23:32:00, Estado: 3
[2024-10-21 19:36:21] [info] Evento ID: 2, Nombre: Perdiendo la Cabeza, Inicio: 2024-10-09 13:11:00, Fin: 2024-10-09 14:08:00, Estado: 3
[2024-10-21 19:36:21] [info] Evento ID: 3, Nombre: Col. Don Bosco, Inicio: 2024-10-09 13:12:00, Fin: 2024-10-09 13:15:00, Estado: 3
[2024-10-21 19:36:21] [info] Evento ID: 4, Nombre: El Diario, Inicio: 2024-10-10 10:01:00, Fin: 2024-10-24 20:00:00, Estado: 2
[2024-10-21 19:37:22] [info] Iniciando actualización de estados de eventos. Fecha actual: 2024-10-21 19:37:22
[2024-10-21 19:37:22] [info] Eventos actualizados de 'en espera' a 'activos': 0
[2024-10-21 19:37:22] [info] Eventos actualizados de 'activos' a 'finalizados': 0
[2024-10-21 19:37:22] [info] Resumen de actualización:
[2024-10-21 19:37:22] [info] Total de eventos actualizados: 0
[2024-10-21 19:37:22] [info] Evento ID: 1, Nombre: Microsoft, Inicio: 2024-10-09 00:00:00, Fin: 2024-10-09 23:32:00, Estado: 3
[2024-10-21 19:37:22] [info] Evento ID: 2, Nombre: Perdiendo la Cabeza, Inicio: 2024-10-09 13:11:00, Fin: 2024-10-09 14:08:00, Estado: 3
[2024-10-21 19:37:22] [info] Evento ID: 3, Nombre: Col. Don Bosco, Inicio: 2024-10-09 13:12:00, Fin: 2024-10-09 13:15:00, Estado: 3
[2024-10-21 19:37:22] [info] Evento ID: 4, Nombre: El Diario, Inicio: 2024-10-10 10:01:00, Fin: 2024-10-24 20:00:00, Estado: 2
[2024-10-21 19:38:23] [info] Iniciando actualización de estados de eventos. Fecha actual: 2024-10-21 19:38:23
[2024-10-21 19:38:23] [info] Eventos actualizados de 'en espera' a 'activos': 0
[2024-10-21 19:38:23] [info] Eventos actualizados de 'activos' a 'finalizados': 0
[2024-10-21 19:38:23] [info] Resumen de actualización:
[2024-10-21 19:38:23] [info] Total de eventos actualizados: 0
[2024-10-21 19:38:23] [info] Evento ID: 1, Nombre: Microsoft, Inicio: 2024-10-09 00:00:00, Fin: 2024-10-09 23:32:00, Estado: 3
[2024-10-21 19:38:23] [info] Evento ID: 2, Nombre: Perdiendo la Cabeza, Inicio: 2024-10-09 13:11:00, Fin: 2024-10-09 14:08:00, Estado: 3
[2024-10-21 19:38:23] [info] Evento ID: 3, Nombre: Col. Don Bosco, Inicio: 2024-10-09 13:12:00, Fin: 2024-10-09 13:15:00, Estado: 3
[2024-10-21 19:38:23] [info] Evento ID: 4, Nombre: El Diario, Inicio: 2024-10-10 10:01:00, Fin: 2024-10-24 20:00:00, Estado: 2
[2024-10-21 19:39:24] [info] Iniciando actualización de estados de eventos. Fecha actual: 2024-10-21 19:39:24
[2024-10-21 19:39:24] [info] Eventos actualizados de 'en espera' a 'activos': 0
[2024-10-21 19:39:24] [info] Eventos actualizados de 'activos' a 'finalizados': 0
[2024-10-21 19:39:24] [info] Resumen de actualización:
[2024-10-21 19:39:24] [info] Total de eventos actualizados: 0
[2024-10-21 19:39:24] [info] Evento ID: 1, Nombre: Microsoft, Inicio: 2024-10-09 00:00:00, Fin: 2024-10-09 23:32:00, Estado: 3
[2024-10-21 19:39:24] [info] Evento ID: 2, Nombre: Perdiendo la Cabeza, Inicio: 2024-10-09 13:11:00, Fin: 2024-10-09 14:08:00, Estado: 3
[2024-10-21 19:39:24] [info] Evento ID: 3, Nombre: Col. Don Bosco, Inicio: 2024-10-09 13:12:00, Fin: 2024-10-09 13:15:00, Estado: 3
[2024-10-21 19:39:24] [info] Evento ID: 4, Nombre: El Diario, Inicio: 2024-10-10 10:01:00, Fin: 2024-10-24 20:00:00, Estado: 2
[2024-10-21 19:40:25] [info] Iniciando actualización de estados de eventos. Fecha actual: 2024-10-21 19:40:25
[2024-10-21 19:40:25] [info] Eventos actualizados de 'en espera' a 'activos': 0
[2024-10-21 19:40:25] [info] Eventos actualizados de 'activos' a 'finalizados': 0
[2024-10-21 19:40:25] [info] Resumen de actualización:
[2024-10-21 19:40:25] [info] Total de eventos actualizados: 0
[2024-10-21 19:40:25] [info] Evento ID: 1, Nombre: Microsoft, Inicio: 2024-10-09 00:00:00, Fin: 2024-10-09 23:32:00, Estado: 3
[2024-10-21 19:40:25] [info] Evento ID: 2, Nombre: Perdiendo la Cabeza, Inicio: 2024-10-09 13:11:00, Fin: 2024-10-09 14:08:00, Estado: 3
[2024-10-21 19:40:25] [info] Evento ID: 3, Nombre: Col. Don Bosco, Inicio: 2024-10-09 13:12:00, Fin: 2024-10-09 13:15:00, Estado: 3
[2024-10-21 19:40:25] [info] Evento ID: 4, Nombre: El Diario, Inicio: 2024-10-10 10:01:00, Fin: 2024-10-24 20:00:00, Estado: 2
[2024-10-21 19:41:26] [info] Iniciando actualización de estados de eventos. Fecha actual: 2024-10-21 19:41:26
[2024-10-21 19:41:26] [info] Eventos actualizados de 'en espera' a 'activos': 0
[2024-10-21 19:41:26] [info] Eventos actualizados de 'activos' a 'finalizados': 0
[2024-10-21 19:41:26] [info] Resumen de actualización:
[2024-10-21 19:41:26] [info] Total de eventos actualizados: 0
[2024-10-21 19:41:26] [info] Evento ID: 1, Nombre: Microsoft, Inicio: 2024-10-09 00:00:00, Fin: 2024-10-09 23:32:00, Estado: 3
[2024-10-21 19:41:26] [info] Evento ID: 2, Nombre: Perdiendo la Cabeza, Inicio: 2024-10-09 13:11:00, Fin: 2024-10-09 14:08:00, Estado: 3
[2024-10-21 19:41:26] [info] Evento ID: 3, Nombre: Col. Don Bosco, Inicio: 2024-10-09 13:12:00, Fin: 2024-10-09 13:15:00, Estado: 3
[2024-10-21 19:41:26] [info] Evento ID: 4, Nombre: El Diario, Inicio: 2024-10-10 10:01:00, Fin: 2024-10-24 20:00:00, Estado: 2
[2024-10-21 19:42:27] [info] Iniciando actualización de estados de eventos. Fecha actual: 2024-10-21 19:42:27
[2024-10-21 19:42:27] [info] Eventos actualizados de 'en espera' a 'activos': 0
[2024-10-21 19:42:27] [info] Eventos actualizados de 'activos' a 'finalizados': 0
[2024-10-21 19:42:27] [info] Resumen de actualización:
[2024-10-21 19:42:27] [info] Total de eventos actualizados: 0
[2024-10-21 19:42:27] [info] Evento ID: 1, Nombre: Microsoft, Inicio: 2024-10-09 00:00:00, Fin: 2024-10-09 23:32:00, Estado: 3
[2024-10-21 19:42:27] [info] Evento ID: 2, Nombre: Perdiendo la Cabeza, Inicio: 2024-10-09 13:11:00, Fin: 2024-10-09 14:08:00, Estado: 3
[2024-10-21 19:42:27] [info] Evento ID: 3, Nombre: Col. Don Bosco, Inicio: 2024-10-09 13:12:00, Fin: 2024-10-09 13:15:00, Estado: 3
[2024-10-21 19:42:27] [info] Evento ID: 4, Nombre: El Diario, Inicio: 2024-10-10 10:01:00, Fin: 2024-10-24 20:00:00, Estado: 2
[2024-10-21 19:43:27] [info] Iniciando actualización de estados de eventos. Fecha actual: 2024-10-21 19:43:27
[2024-10-21 19:43:27] [info] Eventos actualizados de 'en espera' a 'activos': 0
[2024-10-21 19:43:27] [info] Eventos actualizados de 'activos' a 'finalizados': 0
[2024-10-21 19:43:27] [info] Resumen de actualización:
[2024-10-21 19:43:27] [info] Total de eventos actualizados: 0
[2024-10-21 19:43:27] [info] Evento ID: 1, Nombre: Microsoft, Inicio: 2024-10-09 00:00:00, Fin: 2024-10-09 23:32:00, Estado: 3
[2024-10-21 19:43:27] [info] Evento ID: 2, Nombre: Perdiendo la Cabeza, Inicio: 2024-10-09 13:11:00, Fin: 2024-10-09 14:08:00, Estado: 3
[2024-10-21 19:43:27] [info] Evento ID: 3, Nombre: Col. Don Bosco, Inicio: 2024-10-09 13:12:00, Fin: 2024-10-09 13:15:00, Estado: 3
[2024-10-21 19:43:27] [info] Evento ID: 4, Nombre: El Diario, Inicio: 2024-10-10 10:01:00, Fin: 2024-10-24 20:00:00, Estado: 2
[2024-10-21 19:44:27] [info] Iniciando actualización de estados de eventos. Fecha actual: 2024-10-21 19:44:27
[2024-10-21 19:44:27] [info] Eventos actualizados de 'en espera' a 'activos': 0
[2024-10-21 19:44:27] [info] Eventos actualizados de 'activos' a 'finalizados': 0
[2024-10-21 19:44:27] [info] Resumen de actualización:
[2024-10-21 19:44:27] [info] Total de eventos actualizados: 0
[2024-10-21 19:44:27] [info] Evento ID: 1, Nombre: Microsoft, Inicio: 2024-10-09 00:00:00, Fin: 2024-10-09 23:32:00, Estado: 3
[2024-10-21 19:44:27] [info] Evento ID: 2, Nombre: Perdiendo la Cabeza, Inicio: 2024-10-09 13:11:00, Fin: 2024-10-09 14:08:00, Estado: 3
[2024-10-21 19:44:27] [info] Evento ID: 3, Nombre: Col. Don Bosco, Inicio: 2024-10-09 13:12:00, Fin: 2024-10-09 13:15:00, Estado: 3
[2024-10-21 19:44:27] [info] Evento ID: 4, Nombre: El Diario, Inicio: 2024-10-10 10:01:00, Fin: 2024-10-24 20:00:00, Estado: 2
[2024-10-21 19:45:27] [info] Iniciando actualización de estados de eventos. Fecha actual: 2024-10-21 19:45:27
[2024-10-21 19:45:27] [info] Eventos actualizados de 'en espera' a 'activos': 0
[2024-10-21 19:45:27] [info] Eventos actualizados de 'activos' a 'finalizados': 0
[2024-10-21 19:45:27] [info] Resumen de actualización:
[2024-10-21 19:45:27] [info] Total de eventos actualizados: 0
[2024-10-21 19:45:27] [info] Evento ID: 1, Nombre: Microsoft, Inicio: 2024-10-09 00:00:00, Fin: 2024-10-09 23:32:00, Estado: 3
[2024-10-21 19:45:27] [info] Evento ID: 2, Nombre: Perdiendo la Cabeza, Inicio: 2024-10-09 13:11:00, Fin: 2024-10-09 14:08:00, Estado: 3
[2024-10-21 19:45:27] [info] Evento ID: 3, Nombre: Col. Don Bosco, Inicio: 2024-10-09 13:12:00, Fin: 2024-10-09 13:15:00, Estado: 3
[2024-10-21 19:45:27] [info] Evento ID: 4, Nombre: El Diario, Inicio: 2024-10-10 10:01:00, Fin: 2024-10-24 20:00:00, Estado: 2
[2024-10-21 19:45:57] [info] Usuario con ID 1 ha iniciado sesión exitosamente
[2024-10-21 19:45:58] [info] Iniciando actualización de estados de eventos. Fecha actual: 2024-10-21 19:45:58
[2024-10-21 19:45:58] [info] Eventos actualizados de 'en espera' a 'activos': 0
[2024-10-21 19:45:58] [info] Eventos actualizados de 'activos' a 'finalizados': 0
[2024-10-21 19:45:58] [info] Resumen de actualización:
[2024-10-21 19:45:58] [info] Total de eventos actualizados: 0
[2024-10-21 19:45:58] [info] Evento ID: 1, Nombre: Microsoft, Inicio: 2024-10-09 00:00:00, Fin: 2024-10-09 23:32:00, Estado: 3
[2024-10-21 19:45:58] [info] Evento ID: 2, Nombre: Perdiendo la Cabeza, Inicio: 2024-10-09 13:11:00, Fin: 2024-10-09 14:08:00, Estado: 3
[2024-10-21 19:45:58] [info] Evento ID: 3, Nombre: Col. Don Bosco, Inicio: 2024-10-09 13:12:00, Fin: 2024-10-09 13:15:00, Estado: 3
[2024-10-21 19:45:58] [info] Evento ID: 4, Nombre: El Diario, Inicio: 2024-10-10 10:01:00, Fin: 2024-10-24 20:00:00, Estado: 2
[2024-10-21 19:46:03] [info] Iniciando actualización de estados de eventos. Fecha actual: 2024-10-21 19:46:03
[2024-10-21 19:46:03] [info] Eventos actualizados de 'en espera' a 'activos': 0
[2024-10-21 19:46:03] [info] Eventos actualizados de 'activos' a 'finalizados': 0
[2024-10-21 19:46:03] [info] Resumen de actualización:
[2024-10-21 19:46:03] [info] Total de eventos actualizados: 0
[2024-10-21 19:46:03] [info] Evento ID: 1, Nombre: Microsoft, Inicio: 2024-10-09 00:00:00, Fin: 2024-10-09 23:32:00, Estado: 3
[2024-10-21 19:46:03] [info] Evento ID: 2, Nombre: Perdiendo la Cabeza, Inicio: 2024-10-09 13:11:00, Fin: 2024-10-09 14:08:00, Estado: 3
[2024-10-21 19:46:03] [info] Evento ID: 3, Nombre: Col. Don Bosco, Inicio: 2024-10-09 13:12:00, Fin: 2024-10-09 13:15:00, Estado: 3
[2024-10-21 19:46:03] [info] Evento ID: 4, Nombre: El Diario, Inicio: 2024-10-10 10:01:00, Fin: 2024-10-24 20:00:00, Estado: 2
[2024-10-21 19:46:14] [info] Usuario con ID 1 ha iniciado sesión exitosamente
[2024-10-21 19:46:14] [info] Iniciando actualización de estados de eventos. Fecha actual: 2024-10-21 19:46:14
[2024-10-21 19:46:14] [info] Eventos actualizados de 'en espera' a 'activos': 0
[2024-10-21 19:46:14] [info] Eventos actualizados de 'activos' a 'finalizados': 0
[2024-10-21 19:46:14] [info] Resumen de actualización:
[2024-10-21 19:46:14] [info] Total de eventos actualizados: 0
[2024-10-21 19:46:14] [info] Evento ID: 1, Nombre: Microsoft, Inicio: 2024-10-09 00:00:00, Fin: 2024-10-09 23:32:00, Estado: 3
[2024-10-21 19:46:14] [info] Evento ID: 2, Nombre: Perdiendo la Cabeza, Inicio: 2024-10-09 13:11:00, Fin: 2024-10-09 14:08:00, Estado: 3
[2024-10-21 19:46:14] [info] Evento ID: 3, Nombre: Col. Don Bosco, Inicio: 2024-10-09 13:12:00, Fin: 2024-10-09 13:15:00, Estado: 3
[2024-10-21 19:46:14] [info] Evento ID: 4, Nombre: El Diario, Inicio: 2024-10-10 10:01:00, Fin: 2024-10-24 20:00:00, Estado: 2
[2024-10-21 19:47:14] [info] Iniciando actualización de estados de eventos. Fecha actual: 2024-10-21 19:47:14
[2024-10-21 19:47:14] [info] Eventos actualizados de 'en espera' a 'activos': 0
[2024-10-21 19:47:14] [info] Eventos actualizados de 'activos' a 'finalizados': 0
[2024-10-21 19:47:14] [info] Resumen de actualización:
[2024-10-21 19:47:14] [info] Total de eventos actualizados: 0
[2024-10-21 19:47:14] [info] Evento ID: 1, Nombre: Microsoft, Inicio: 2024-10-09 00:00:00, Fin: 2024-10-09 23:32:00, Estado: 3
[2024-10-21 19:47:14] [info] Evento ID: 2, Nombre: Perdiendo la Cabeza, Inicio: 2024-10-09 13:11:00, Fin: 2024-10-09 14:08:00, Estado: 3
[2024-10-21 19:47:14] [info] Evento ID: 3, Nombre: Col. Don Bosco, Inicio: 2024-10-09 13:12:00, Fin: 2024-10-09 13:15:00, Estado: 3
[2024-10-21 19:47:14] [info] Evento ID: 4, Nombre: El Diario, Inicio: 2024-10-10 10:01:00, Fin: 2024-10-24 20:00:00, Estado: 2
[2024-10-21 19:48:14] [info] Iniciando actualización de estados de eventos. Fecha actual: 2024-10-21 19:48:14
[2024-10-21 19:48:14] [info] Eventos actualizados de 'en espera' a 'activos': 0
[2024-10-21 19:48:14] [info] Eventos actualizados de 'activos' a 'finalizados': 0
[2024-10-21 19:48:14] [info] Resumen de actualización:
[2024-10-21 19:48:14] [info] Total de eventos actualizados: 0
[2024-10-21 19:48:14] [info] Evento ID: 1, Nombre: Microsoft, Inicio: 2024-10-09 00:00:00, Fin: 2024-10-09 23:32:00, Estado: 3
[2024-10-21 19:48:14] [info] Evento ID: 2, Nombre: Perdiendo la Cabeza, Inicio: 2024-10-09 13:11:00, Fin: 2024-10-09 14:08:00, Estado: 3
[2024-10-21 19:48:14] [info] Evento ID: 3, Nombre: Col. Don Bosco, Inicio: 2024-10-09 13:12:00, Fin: 2024-10-09 13:15:00, Estado: 3
[2024-10-21 19:48:14] [info] Evento ID: 4, Nombre: El Diario, Inicio: 2024-10-10 10:01:00, Fin: 2024-10-24 20:00:00, Estado: 2
[2024-10-21 19:49:14] [info] Iniciando actualización de estados de eventos. Fecha actual: 2024-10-21 19:49:14
[2024-10-21 19:49:14] [info] Eventos actualizados de 'en espera' a 'activos': 0
[2024-10-21 19:49:14] [info] Eventos actualizados de 'activos' a 'finalizados': 0
[2024-10-21 19:49:14] [info] Resumen de actualización:
[2024-10-21 19:49:14] [info] Total de eventos actualizados: 0
[2024-10-21 19:49:14] [info] Evento ID: 1, Nombre: Microsoft, Inicio: 2024-10-09 00:00:00, Fin: 2024-10-09 23:32:00, Estado: 3
[2024-10-21 19:49:14] [info] Evento ID: 2, Nombre: Perdiendo la Cabeza, Inicio: 2024-10-09 13:11:00, Fin: 2024-10-09 14:08:00, Estado: 3
[2024-10-21 19:49:14] [info] Evento ID: 3, Nombre: Col. Don Bosco, Inicio: 2024-10-09 13:12:00, Fin: 2024-10-09 13:15:00, Estado: 3
[2024-10-21 19:49:14] [info] Evento ID: 4, Nombre: El Diario, Inicio: 2024-10-10 10:01:00, Fin: 2024-10-24 20:00:00, Estado: 2
[2024-10-21 19:50:14] [info] Iniciando actualización de estados de eventos. Fecha actual: 2024-10-21 19:50:14
[2024-10-21 19:50:14] [info] Eventos actualizados de 'en espera' a 'activos': 0
[2024-10-21 19:50:14] [info] Eventos actualizados de 'activos' a 'finalizados': 0
[2024-10-21 19:50:14] [info] Resumen de actualización:
[2024-10-21 19:50:14] [info] Total de eventos actualizados: 0
[2024-10-21 19:50:14] [info] Evento ID: 1, Nombre: Microsoft, Inicio: 2024-10-09 00:00:00, Fin: 2024-10-09 23:32:00, Estado: 3
[2024-10-21 19:50:14] [info] Evento ID: 2, Nombre: Perdiendo la Cabeza, Inicio: 2024-10-09 13:11:00, Fin: 2024-10-09 14:08:00, Estado: 3
[2024-10-21 19:50:14] [info] Evento ID: 3, Nombre: Col. Don Bosco, Inicio: 2024-10-09 13:12:00, Fin: 2024-10-09 13:15:00, Estado: 3
[2024-10-21 19:50:14] [info] Evento ID: 4, Nombre: El Diario, Inicio: 2024-10-10 10:01:00, Fin: 2024-10-24 20:00:00, Estado: 2
[2024-10-21 19:50:39] [info] Iniciando actualización de estados de eventos. Fecha actual: 2024-10-21 19:50:39
[2024-10-21 19:50:39] [info] Eventos actualizados de 'en espera' a 'activos': 0
[2024-10-21 19:50:39] [info] Eventos actualizados de 'activos' a 'finalizados': 0
[2024-10-21 19:50:39] [info] Resumen de actualización:
[2024-10-21 19:50:39] [info] Total de eventos actualizados: 0
[2024-10-21 19:50:39] [info] Evento ID: 1, Nombre: Microsoft, Inicio: 2024-10-09 00:00:00, Fin: 2024-10-09 23:32:00, Estado: 3
[2024-10-21 19:50:39] [info] Evento ID: 2, Nombre: Perdiendo la Cabeza, Inicio: 2024-10-09 13:11:00, Fin: 2024-10-09 14:08:00, Estado: 3
[2024-10-21 19:50:39] [info] Evento ID: 3, Nombre: Col. Don Bosco, Inicio: 2024-10-09 13:12:00, Fin: 2024-10-09 13:15:00, Estado: 3
[2024-10-21 19:50:39] [info] Evento ID: 4, Nombre: El Diario, Inicio: 2024-10-10 10:01:00, Fin: 2024-10-24 20:00:00, Estado: 2
[2024-10-21 19:50:54] [info] Usuario con ID 1 ha iniciado sesión exitosamente
[2024-10-21 19:50:54] [info] Iniciando actualización de estados de eventos. Fecha actual: 2024-10-21 19:50:54
[2024-10-21 19:50:54] [info] Eventos actualizados de 'en espera' a 'activos': 0
[2024-10-21 19:50:54] [info] Eventos actualizados de 'activos' a 'finalizados': 0
[2024-10-21 19:50:54] [info] Resumen de actualización:
[2024-10-21 19:50:54] [info] Total de eventos actualizados: 0
[2024-10-21 19:50:54] [info] Evento ID: 1, Nombre: Microsoft, Inicio: 2024-10-09 00:00:00, Fin: 2024-10-09 23:32:00, Estado: 3
[2024-10-21 19:50:54] [info] Evento ID: 2, Nombre: Perdiendo la Cabeza, Inicio: 2024-10-09 13:11:00, Fin: 2024-10-09 14:08:00, Estado: 3
[2024-10-21 19:50:54] [info] Evento ID: 3, Nombre: Col. Don Bosco, Inicio: 2024-10-09 13:12:00, Fin: 2024-10-09 13:15:00, Estado: 3
[2024-10-21 19:50:54] [info] Evento ID: 4, Nombre: El Diario, Inicio: 2024-10-10 10:01:00, Fin: 2024-10-24 20:00:00, Estado: 2
