[2024-09-30 16:30:59] [info] Usuario con ID 1 ha iniciado sesión exitosamente
[2024-09-30 18:53:41] [info] Iniciando actualización de estados de eventos. Fecha actual: 2024-09-30 18:53:41
[2024-09-30 18:53:41] [info] Eventos actualizados de 'en espera' a 'activos': 0
[2024-09-30 18:53:41] [info] Eventos actualizados de 'activos' a 'finalizados': 0
[2024-09-30 18:53:41] [info] Resumen de actualización:
[2024-09-30 18:53:41] [info] Total de eventos actualizados: 0
[2024-09-30 18:53:41] [info] Evento ID: 2, Nombre: Mejores amigos, Inicio: 2024-08-30 04:27:24, Fin: 2024-09-01 22:27:24, Estado: 3
[2024-09-30 18:53:41] [info] Evento ID: 3, Nombre: Empresa Surface, Inicio: 2024-09-12 11:02:00, Fin: 2024-09-13 11:02:00, Estado: 3
[2024-09-30 18:53:41] [info] Evento ID: 34, Nombre: Empresa Deley, Inicio: 2024-09-12 13:02:00, Fin: 2024-09-13 13:02:00, Estado: 3
[2024-09-30 18:53:41] [info] Evento ID: 36, Nombre: Siuu, Inicio: 2024-09-18 21:17:32, Fin: 2024-09-18 21:17:32, Estado: 3
[2024-09-30 18:53:41] [info] Evento ID: 1, Nombre: Microsoft, Inicio: 2024-09-19 12:45:00, Fin: 2024-09-30 03:50:00, Estado: 3
[2024-09-30 18:55:01] [info] Iniciando actualización de estados de eventos. Fecha actual: 2024-09-30 18:55:01
[2024-09-30 18:55:01] [info] Eventos actualizados de 'en espera' a 'activos': 1
[2024-09-30 18:55:01] [info] Eventos actualizados de 'activos' a 'finalizados': 1
[2024-09-30 18:55:01] [info] Resumen de actualización:
[2024-09-30 18:55:01] [info] Total de eventos actualizados: 2
[2024-09-30 18:55:01] [info] Evento ID: 2, Nombre: Mejores amigos, Inicio: 2024-08-30 04:27:24, Fin: 2024-09-01 22:27:24, Estado: 3
[2024-09-30 18:55:01] [info] Evento ID: 3, Nombre: Empresa Surface, Inicio: 2024-09-12 11:02:00, Fin: 2024-09-13 11:02:00, Estado: 3
[2024-09-30 18:55:01] [info] Evento ID: 34, Nombre: Empresa Deley, Inicio: 2024-09-12 13:02:00, Fin: 2024-09-13 13:02:00, Estado: 3
[2024-09-30 18:55:01] [info] Evento ID: 36, Nombre: Siuu, Inicio: 2024-09-18 21:17:32, Fin: 2024-09-18 21:17:32, Estado: 3
[2024-09-30 18:55:01] [info] Evento ID: 1, Nombre: Microsoft, Inicio: 2024-09-19 12:45:00, Fin: 2024-09-30 03:50:00, Estado: 3
[2024-09-30 19:02:01] [info] Iniciando actualización de estados de eventos. Fecha actual: 2024-09-30 19:02:01
[2024-09-30 19:02:01] [info] Eventos actualizados de 'en espera' a 'activos': 0
[2024-09-30 19:02:01] [info] Eventos actualizados de 'activos' a 'finalizados': 0
[2024-09-30 19:02:01] [info] Resumen de actualización:
[2024-09-30 19:02:01] [info] Total de eventos actualizados: 0
[2024-09-30 19:02:01] [info] Evento ID: 2, Nombre: Mejores amigos, Inicio: 2024-08-30 04:27:24, Fin: 2024-09-01 22:27:24, Estado: 3
[2024-09-30 19:02:01] [info] Evento ID: 3, Nombre: Empresa Surface, Inicio: 2024-09-12 11:02:00, Fin: 2024-09-13 11:02:00, Estado: 3
[2024-09-30 19:02:01] [info] Evento ID: 34, Nombre: Empresa Deley, Inicio: 2024-09-12 13:02:00, Fin: 2024-09-13 13:02:00, Estado: 3
[2024-09-30 19:02:01] [info] Evento ID: 36, Nombre: Siuu, Inicio: 2024-09-18 21:17:32, Fin: 2024-09-18 21:17:32, Estado: 3
[2024-09-30 19:02:01] [info] Evento ID: 1, Nombre: Microsoft, Inicio: 2024-09-19 12:45:00, Fin: 2024-09-30 03:50:00, Estado: 3
[2024-09-30 19:02:35] [info] Iniciando actualización de estados de eventos. Fecha actual: 2024-09-30 19:02:35
[2024-09-30 19:02:35] [info] Eventos actualizados de 'en espera' a 'activos': 0
[2024-09-30 19:02:35] [info] Eventos actualizados de 'activos' a 'finalizados': 0
[2024-09-30 19:02:35] [info] Resumen de actualización:
[2024-09-30 19:02:35] [info] Total de eventos actualizados: 0
[2024-09-30 19:02:35] [info] Evento ID: 2, Nombre: Mejores amigos, Inicio: 2024-08-30 04:27:24, Fin: 2024-09-01 22:27:24, Estado: 3
[2024-09-30 19:02:35] [info] Evento ID: 3, Nombre: Empresa Surface, Inicio: 2024-09-12 11:02:00, Fin: 2024-09-13 11:02:00, Estado: 3
[2024-09-30 19:02:35] [info] Evento ID: 34, Nombre: Empresa Deley, Inicio: 2024-09-12 13:02:00, Fin: 2024-09-13 13:02:00, Estado: 3
[2024-09-30 19:02:35] [info] Evento ID: 36, Nombre: Siuu, Inicio: 2024-09-18 21:17:32, Fin: 2024-09-18 21:17:32, Estado: 3
[2024-09-30 19:02:35] [info] Evento ID: 1, Nombre: Microsoft, Inicio: 2024-09-19 12:45:00, Fin: 2024-09-30 03:50:00, Estado: 3
[2024-09-30 19:02:35] [info] Iniciando actualización de estados de eventos. Fecha actual: 2024-09-30 19:02:35
[2024-09-30 19:02:35] [info] Eventos actualizados de 'en espera' a 'activos': 0
[2024-09-30 19:02:35] [info] Eventos actualizados de 'activos' a 'finalizados': 0
[2024-09-30 19:02:35] [info] Resumen de actualización:
[2024-09-30 19:02:35] [info] Total de eventos actualizados: 0
[2024-09-30 19:02:35] [info] Evento ID: 2, Nombre: Mejores amigos, Inicio: 2024-08-30 04:27:24, Fin: 2024-09-01 22:27:24, Estado: 3
[2024-09-30 19:02:35] [info] Evento ID: 3, Nombre: Empresa Surface, Inicio: 2024-09-12 11:02:00, Fin: 2024-09-13 11:02:00, Estado: 3
[2024-09-30 19:02:35] [info] Evento ID: 34, Nombre: Empresa Deley, Inicio: 2024-09-12 13:02:00, Fin: 2024-09-13 13:02:00, Estado: 3
[2024-09-30 19:02:35] [info] Evento ID: 36, Nombre: Siuu, Inicio: 2024-09-18 21:17:32, Fin: 2024-09-18 21:17:32, Estado: 3
[2024-09-30 19:02:35] [info] Evento ID: 1, Nombre: Microsoft, Inicio: 2024-09-19 12:45:00, Fin: 2024-09-30 03:50:00, Estado: 3
[2024-09-30 19:17:58] [info] Iniciando actualización de estados de eventos. Fecha actual: 2024-09-30 19:17:58
[2024-09-30 19:17:58] [info] Eventos actualizados de 'en espera' a 'activos': 0
[2024-09-30 19:17:58] [info] Eventos actualizados de 'activos' a 'finalizados': 0
[2024-09-30 19:17:58] [info] Resumen de actualización:
[2024-09-30 19:17:58] [info] Total de eventos actualizados: 0
[2024-09-30 19:17:58] [info] Evento ID: 2, Nombre: Mejores amigos, Inicio: 2024-08-30 04:27:24, Fin: 2024-09-01 22:27:24, Estado: 3
[2024-09-30 19:17:58] [info] Evento ID: 3, Nombre: Empresa Surface, Inicio: 2024-09-12 11:02:00, Fin: 2024-09-13 11:02:00, Estado: 3
[2024-09-30 19:17:58] [info] Evento ID: 34, Nombre: Empresa Deley, Inicio: 2024-09-12 13:02:00, Fin: 2024-09-13 13:02:00, Estado: 3
[2024-09-30 19:17:58] [info] Evento ID: 36, Nombre: Siuu, Inicio: 2024-09-18 21:17:32, Fin: 2024-09-18 21:17:32, Estado: 3
[2024-09-30 19:17:58] [info] Evento ID: 1, Nombre: Microsoft, Inicio: 2024-09-19 12:45:00, Fin: 2024-09-30 03:50:00, Estado: 3
[2024-09-30 19:18:18] [info] Iniciando actualización de estados de eventos. Fecha actual: 2024-09-30 19:18:18
[2024-09-30 19:18:18] [info] Eventos actualizados de 'en espera' a 'activos': 0
[2024-09-30 19:18:18] [info] Eventos actualizados de 'activos' a 'finalizados': 0
[2024-09-30 19:18:18] [info] Resumen de actualización:
[2024-09-30 19:18:18] [info] Total de eventos actualizados: 0
[2024-09-30 19:18:18] [info] Evento ID: 2, Nombre: Mejores amigos, Inicio: 2024-08-30 04:27:24, Fin: 2024-09-01 22:27:24, Estado: 3
[2024-09-30 19:18:18] [info] Evento ID: 3, Nombre: Empresa Surface, Inicio: 2024-09-12 11:02:00, Fin: 2024-09-13 11:02:00, Estado: 3
[2024-09-30 19:18:18] [info] Evento ID: 34, Nombre: Empresa Deley, Inicio: 2024-09-12 13:02:00, Fin: 2024-09-13 13:02:00, Estado: 3
[2024-09-30 19:18:18] [info] Evento ID: 36, Nombre: Siuu, Inicio: 2024-09-18 21:17:32, Fin: 2024-09-18 21:17:32, Estado: 3
[2024-09-30 19:18:18] [info] Evento ID: 1, Nombre: Microsoft, Inicio: 2024-09-19 12:45:00, Fin: 2024-09-30 03:50:00, Estado: 3
[2024-09-30 19:18:19] [info] Iniciando actualización de estados de eventos. Fecha actual: 2024-09-30 19:18:19
[2024-09-30 19:18:19] [info] Eventos actualizados de 'en espera' a 'activos': 0
[2024-09-30 19:18:19] [info] Eventos actualizados de 'activos' a 'finalizados': 0
[2024-09-30 19:18:19] [info] Resumen de actualización:
[2024-09-30 19:18:19] [info] Total de eventos actualizados: 0
[2024-09-30 19:18:19] [info] Evento ID: 2, Nombre: Mejores amigos, Inicio: 2024-08-30 04:27:24, Fin: 2024-09-01 22:27:24, Estado: 3
[2024-09-30 19:18:19] [info] Evento ID: 3, Nombre: Empresa Surface, Inicio: 2024-09-12 11:02:00, Fin: 2024-09-13 11:02:00, Estado: 3
[2024-09-30 19:18:19] [info] Evento ID: 34, Nombre: Empresa Deley, Inicio: 2024-09-12 13:02:00, Fin: 2024-09-13 13:02:00, Estado: 3
[2024-09-30 19:18:19] [info] Evento ID: 36, Nombre: Siuu, Inicio: 2024-09-18 21:17:32, Fin: 2024-09-18 21:17:32, Estado: 3
[2024-09-30 19:18:19] [info] Evento ID: 1, Nombre: Microsoft, Inicio: 2024-09-19 12:45:00, Fin: 2024-09-30 03:50:00, Estado: 3
[2024-09-30 19:21:09] [info] Iniciando actualización de estados de eventos. Fecha actual: 2024-09-30 19:21:09
[2024-09-30 19:21:09] [info] Eventos actualizados de 'en espera' a 'activos': 0
[2024-09-30 19:21:09] [info] Eventos actualizados de 'activos' a 'finalizados': 0
[2024-09-30 19:21:09] [info] Resumen de actualización:
[2024-09-30 19:21:09] [info] Total de eventos actualizados: 0
[2024-09-30 19:21:09] [info] Evento ID: 2, Nombre: Mejores amigos, Inicio: 2024-08-30 04:27:24, Fin: 2024-09-01 22:27:24, Estado: 3
[2024-09-30 19:21:09] [info] Evento ID: 3, Nombre: Empresa Surface, Inicio: 2024-09-12 11:02:00, Fin: 2024-09-13 11:02:00, Estado: 3
[2024-09-30 19:21:09] [info] Evento ID: 34, Nombre: Empresa Deley, Inicio: 2024-09-12 13:02:00, Fin: 2024-09-13 13:02:00, Estado: 3
[2024-09-30 19:21:09] [info] Evento ID: 36, Nombre: Siuu, Inicio: 2024-09-18 21:17:32, Fin: 2024-09-18 21:17:32, Estado: 3
[2024-09-30 19:21:09] [info] Evento ID: 1, Nombre: Microsoft, Inicio: 2024-09-19 12:45:00, Fin: 2024-09-30 03:50:00, Estado: 3
[2024-09-30 19:21:11] [info] Iniciando actualización de estados de eventos. Fecha actual: 2024-09-30 19:21:11
[2024-09-30 19:21:11] [info] Eventos actualizados de 'en espera' a 'activos': 0
[2024-09-30 19:21:11] [info] Eventos actualizados de 'activos' a 'finalizados': 0
[2024-09-30 19:21:11] [info] Resumen de actualización:
[2024-09-30 19:21:11] [info] Total de eventos actualizados: 0
[2024-09-30 19:21:11] [info] Evento ID: 2, Nombre: Mejores amigos, Inicio: 2024-08-30 04:27:24, Fin: 2024-09-01 22:27:24, Estado: 3
[2024-09-30 19:21:11] [info] Evento ID: 3, Nombre: Empresa Surface, Inicio: 2024-09-12 11:02:00, Fin: 2024-09-13 11:02:00, Estado: 3
[2024-09-30 19:21:11] [info] Evento ID: 34, Nombre: Empresa Deley, Inicio: 2024-09-12 13:02:00, Fin: 2024-09-13 13:02:00, Estado: 3
[2024-09-30 19:21:11] [info] Evento ID: 36, Nombre: Siuu, Inicio: 2024-09-18 21:17:32, Fin: 2024-09-18 21:17:32, Estado: 3
[2024-09-30 19:21:11] [info] Evento ID: 1, Nombre: Microsoft, Inicio: 2024-09-19 12:45:00, Fin: 2024-09-30 03:50:00, Estado: 3
[2024-09-30 19:21:29] [info] Iniciando actualización de estados de eventos. Fecha actual: 2024-09-30 19:21:29
[2024-09-30 19:21:29] [info] Eventos actualizados de 'en espera' a 'activos': 0
[2024-09-30 19:21:29] [info] Eventos actualizados de 'activos' a 'finalizados': 0
[2024-09-30 19:21:29] [info] Resumen de actualización:
[2024-09-30 19:21:29] [info] Total de eventos actualizados: 0
[2024-09-30 19:21:29] [info] Evento ID: 2, Nombre: Mejores amigos, Inicio: 2024-08-30 04:27:24, Fin: 2024-09-01 22:27:24, Estado: 3
[2024-09-30 19:21:29] [info] Evento ID: 3, Nombre: Empresa Surface, Inicio: 2024-09-12 11:02:00, Fin: 2024-09-13 11:02:00, Estado: 3
[2024-09-30 19:21:29] [info] Evento ID: 34, Nombre: Empresa Deley, Inicio: 2024-09-12 13:02:00, Fin: 2024-09-13 13:02:00, Estado: 3
[2024-09-30 19:21:29] [info] Evento ID: 36, Nombre: Siuu, Inicio: 2024-09-18 21:17:32, Fin: 2024-09-18 21:17:32, Estado: 3
[2024-09-30 19:21:29] [info] Evento ID: 1, Nombre: Microsoft, Inicio: 2024-09-19 12:45:00, Fin: 2024-09-30 03:50:00, Estado: 3
[2024-09-30 13:23:42] [info] Iniciando actualización de estados de eventos. Fecha actual: 2024-09-30 13:23:42
[2024-09-30 13:23:42] [info] Eventos actualizados de 'en espera' a 'activos': 0
[2024-09-30 13:23:42] [info] Eventos actualizados de 'activos' a 'finalizados': 0
[2024-09-30 13:23:42] [info] Resumen de actualización:
[2024-09-30 13:23:42] [info] Total de eventos actualizados: 0
[2024-09-30 13:23:42] [info] Evento ID: 2, Nombre: Mejores amigos, Inicio: 2024-08-30 04:27:24, Fin: 2024-09-01 22:27:24, Estado: 3
[2024-09-30 13:23:42] [info] Evento ID: 3, Nombre: Empresa Surface, Inicio: 2024-09-12 11:02:00, Fin: 2024-09-13 11:02:00, Estado: 3
[2024-09-30 13:23:42] [info] Evento ID: 34, Nombre: Empresa Deley, Inicio: 2024-09-12 13:02:00, Fin: 2024-09-13 13:02:00, Estado: 3
[2024-09-30 13:23:42] [info] Evento ID: 36, Nombre: Siuu, Inicio: 2024-09-18 21:17:32, Fin: 2024-09-18 21:17:32, Estado: 3
[2024-09-30 13:23:42] [info] Evento ID: 1, Nombre: Microsoft, Inicio: 2024-09-19 12:45:00, Fin: 2024-09-30 03:50:00, Estado: 3
[2024-09-30 13:24:02] [info] Iniciando actualización de estados de eventos. Fecha actual: 2024-09-30 13:24:02
[2024-09-30 13:24:02] [info] Eventos actualizados de 'en espera' a 'activos': 0
[2024-09-30 13:24:02] [info] Eventos actualizados de 'activos' a 'finalizados': 0
[2024-09-30 13:24:02] [info] Resumen de actualización:
[2024-09-30 13:24:02] [info] Total de eventos actualizados: 0
[2024-09-30 13:24:02] [info] Evento ID: 2, Nombre: Mejores amigos, Inicio: 2024-08-30 04:27:24, Fin: 2024-09-01 22:27:24, Estado: 3
[2024-09-30 13:24:02] [info] Evento ID: 3, Nombre: Empresa Surface, Inicio: 2024-09-12 11:02:00, Fin: 2024-09-13 11:02:00, Estado: 3
[2024-09-30 13:24:02] [info] Evento ID: 34, Nombre: Empresa Deley, Inicio: 2024-09-12 13:02:00, Fin: 2024-09-13 13:02:00, Estado: 3
[2024-09-30 13:24:02] [info] Evento ID: 36, Nombre: Siuu, Inicio: 2024-09-18 21:17:32, Fin: 2024-09-18 21:17:32, Estado: 3
[2024-09-30 13:24:02] [info] Evento ID: 1, Nombre: Microsoft, Inicio: 2024-09-19 12:45:00, Fin: 2024-09-30 03:50:00, Estado: 3
[2024-09-30 13:24:27] [info] Iniciando actualización de estados de eventos. Fecha actual: 2024-09-30 13:24:27
[2024-09-30 13:24:27] [info] Eventos actualizados de 'en espera' a 'activos': 0
[2024-09-30 13:24:27] [info] Eventos actualizados de 'activos' a 'finalizados': 0
[2024-09-30 13:24:27] [info] Resumen de actualización:
[2024-09-30 13:24:27] [info] Total de eventos actualizados: 0
[2024-09-30 13:24:27] [info] Evento ID: 2, Nombre: Mejores amigos, Inicio: 2024-08-30 04:27:24, Fin: 2024-09-01 22:27:24, Estado: 3
[2024-09-30 13:24:27] [info] Evento ID: 3, Nombre: Empresa Surface, Inicio: 2024-09-12 11:02:00, Fin: 2024-09-13 11:02:00, Estado: 3
[2024-09-30 13:24:27] [info] Evento ID: 34, Nombre: Empresa Deley, Inicio: 2024-09-12 13:02:00, Fin: 2024-09-13 13:02:00, Estado: 3
[2024-09-30 13:24:27] [info] Evento ID: 36, Nombre: Siuu, Inicio: 2024-09-18 21:17:32, Fin: 2024-09-18 21:17:32, Estado: 3
[2024-09-30 13:24:27] [info] Evento ID: 1, Nombre: Microsoft, Inicio: 2024-09-19 12:45:00, Fin: 2024-09-30 03:50:00, Estado: 3
[2024-09-30 13:24:29] [info] Iniciando actualización de estados de eventos. Fecha actual: 2024-09-30 13:24:29
[2024-09-30 13:24:29] [info] Eventos actualizados de 'en espera' a 'activos': 0
[2024-09-30 13:24:29] [info] Eventos actualizados de 'activos' a 'finalizados': 0
[2024-09-30 13:24:29] [info] Resumen de actualización:
[2024-09-30 13:24:29] [info] Total de eventos actualizados: 0
[2024-09-30 13:24:29] [info] Evento ID: 2, Nombre: Mejores amigos, Inicio: 2024-08-30 04:27:24, Fin: 2024-09-01 22:27:24, Estado: 3
[2024-09-30 13:24:29] [info] Evento ID: 3, Nombre: Empresa Surface, Inicio: 2024-09-12 11:02:00, Fin: 2024-09-13 11:02:00, Estado: 3
[2024-09-30 13:24:29] [info] Evento ID: 34, Nombre: Empresa Deley, Inicio: 2024-09-12 13:02:00, Fin: 2024-09-13 13:02:00, Estado: 3
[2024-09-30 13:24:29] [info] Evento ID: 36, Nombre: Siuu, Inicio: 2024-09-18 21:17:32, Fin: 2024-09-18 21:17:32, Estado: 3
[2024-09-30 13:24:29] [info] Evento ID: 1, Nombre: Microsoft, Inicio: 2024-09-30 13:26:00, Fin: 2024-09-30 19:54:00, Estado: 3
[2024-09-30 13:24:49] [info] Iniciando actualización de estados de eventos. Fecha actual: 2024-09-30 13:24:49
[2024-09-30 13:24:49] [info] Eventos actualizados de 'en espera' a 'activos': 0
[2024-09-30 13:24:49] [info] Eventos actualizados de 'activos' a 'finalizados': 0
[2024-09-30 13:24:49] [info] Resumen de actualización:
[2024-09-30 13:24:49] [info] Total de eventos actualizados: 0
[2024-09-30 13:24:49] [info] Evento ID: 2, Nombre: Mejores amigos, Inicio: 2024-08-30 04:27:24, Fin: 2024-09-01 22:27:24, Estado: 3
[2024-09-30 13:24:49] [info] Evento ID: 3, Nombre: Empresa Surface, Inicio: 2024-09-12 11:02:00, Fin: 2024-09-13 11:02:00, Estado: 3
[2024-09-30 13:24:49] [info] Evento ID: 34, Nombre: Empresa Deley, Inicio: 2024-09-12 13:02:00, Fin: 2024-09-13 13:02:00, Estado: 3
[2024-09-30 13:24:49] [info] Evento ID: 36, Nombre: Siuu, Inicio: 2024-09-18 21:17:32, Fin: 2024-09-18 21:17:32, Estado: 3
[2024-09-30 13:24:49] [info] Evento ID: 1, Nombre: Microsoft, Inicio: 2024-09-30 13:26:00, Fin: 2024-09-30 19:54:00, Estado: 1
[2024-09-30 13:25:04] [info] Iniciando actualización de estados de eventos. Fecha actual: 2024-09-30 13:25:04
[2024-09-30 13:25:04] [info] Eventos actualizados de 'en espera' a 'activos': 0
[2024-09-30 13:25:04] [info] Eventos actualizados de 'activos' a 'finalizados': 0
[2024-09-30 13:25:04] [info] Resumen de actualización:
[2024-09-30 13:25:04] [info] Total de eventos actualizados: 0
[2024-09-30 13:25:04] [info] Evento ID: 2, Nombre: Mejores amigos, Inicio: 2024-08-30 04:27:24, Fin: 2024-09-01 22:27:24, Estado: 3
[2024-09-30 13:25:04] [info] Evento ID: 3, Nombre: Empresa Surface, Inicio: 2024-09-12 11:02:00, Fin: 2024-09-13 11:02:00, Estado: 3
[2024-09-30 13:25:04] [info] Evento ID: 34, Nombre: Empresa Deley, Inicio: 2024-09-12 13:02:00, Fin: 2024-09-13 13:02:00, Estado: 3
[2024-09-30 13:25:04] [info] Evento ID: 36, Nombre: Siuu, Inicio: 2024-09-18 21:17:32, Fin: 2024-09-18 21:17:32, Estado: 3
[2024-09-30 13:25:04] [info] Evento ID: 1, Nombre: Microsoft, Inicio: 2024-09-30 13:26:00, Fin: 2024-09-30 19:54:00, Estado: 1
[2024-09-30 13:25:51] [info] Iniciando actualización de estados de eventos. Fecha actual: 2024-09-30 13:25:51
[2024-09-30 13:25:51] [info] Eventos actualizados de 'en espera' a 'activos': 0
[2024-09-30 13:25:51] [info] Eventos actualizados de 'activos' a 'finalizados': 0
[2024-09-30 13:25:51] [info] Resumen de actualización:
[2024-09-30 13:25:51] [info] Total de eventos actualizados: 0
[2024-09-30 13:25:51] [info] Evento ID: 2, Nombre: Mejores amigos, Inicio: 2024-08-30 04:27:24, Fin: 2024-09-01 22:27:24, Estado: 3
[2024-09-30 13:25:51] [info] Evento ID: 3, Nombre: Empresa Surface, Inicio: 2024-09-12 11:02:00, Fin: 2024-09-13 11:02:00, Estado: 3
[2024-09-30 13:25:51] [info] Evento ID: 34, Nombre: Empresa Deley, Inicio: 2024-09-12 13:02:00, Fin: 2024-09-13 13:02:00, Estado: 3
[2024-09-30 13:25:51] [info] Evento ID: 36, Nombre: Siuu, Inicio: 2024-09-18 21:17:32, Fin: 2024-09-18 21:17:32, Estado: 3
[2024-09-30 13:25:51] [info] Evento ID: 1, Nombre: Microsoft, Inicio: 2024-09-30 13:26:00, Fin: 2024-09-30 19:54:00, Estado: 1
[2024-09-30 13:25:52] [info] Iniciando actualización de estados de eventos. Fecha actual: 2024-09-30 13:25:52
[2024-09-30 13:25:52] [info] Eventos actualizados de 'en espera' a 'activos': 0
[2024-09-30 13:25:52] [info] Eventos actualizados de 'activos' a 'finalizados': 0
[2024-09-30 13:25:52] [info] Resumen de actualización:
[2024-09-30 13:25:52] [info] Total de eventos actualizados: 0
[2024-09-30 13:25:52] [info] Evento ID: 2, Nombre: Mejores amigos, Inicio: 2024-08-30 04:27:24, Fin: 2024-09-01 22:27:24, Estado: 3
[2024-09-30 13:25:52] [info] Evento ID: 3, Nombre: Empresa Surface, Inicio: 2024-09-12 11:02:00, Fin: 2024-09-13 11:02:00, Estado: 3
[2024-09-30 13:25:52] [info] Evento ID: 34, Nombre: Empresa Deley, Inicio: 2024-09-12 13:02:00, Fin: 2024-09-13 13:02:00, Estado: 3
[2024-09-30 13:25:52] [info] Evento ID: 36, Nombre: Siuu, Inicio: 2024-09-18 21:17:32, Fin: 2024-09-18 21:17:32, Estado: 3
[2024-09-30 13:25:52] [info] Evento ID: 1, Nombre: Microsoft, Inicio: 2024-09-30 13:26:00, Fin: 2024-09-30 19:54:00, Estado: 1
[2024-09-30 13:25:53] [info] Iniciando actualización de estados de eventos. Fecha actual: 2024-09-30 13:25:53
[2024-09-30 13:25:53] [info] Eventos actualizados de 'en espera' a 'activos': 0
[2024-09-30 13:25:53] [info] Eventos actualizados de 'activos' a 'finalizados': 0
[2024-09-30 13:25:53] [info] Resumen de actualización:
[2024-09-30 13:25:53] [info] Total de eventos actualizados: 0
[2024-09-30 13:25:53] [info] Evento ID: 2, Nombre: Mejores amigos, Inicio: 2024-08-30 04:27:24, Fin: 2024-09-01 22:27:24, Estado: 3
[2024-09-30 13:25:53] [info] Evento ID: 3, Nombre: Empresa Surface, Inicio: 2024-09-12 11:02:00, Fin: 2024-09-13 11:02:00, Estado: 3
[2024-09-30 13:25:53] [info] Evento ID: 34, Nombre: Empresa Deley, Inicio: 2024-09-12 13:02:00, Fin: 2024-09-13 13:02:00, Estado: 3
[2024-09-30 13:25:53] [info] Evento ID: 36, Nombre: Siuu, Inicio: 2024-09-18 21:17:32, Fin: 2024-09-18 21:17:32, Estado: 3
[2024-09-30 13:25:53] [info] Evento ID: 1, Nombre: Microsoft, Inicio: 2024-09-30 13:26:00, Fin: 2024-09-30 19:54:00, Estado: 1
[2024-09-30 13:25:54] [info] Iniciando actualización de estados de eventos. Fecha actual: 2024-09-30 13:25:54
[2024-09-30 13:25:54] [info] Eventos actualizados de 'en espera' a 'activos': 0
[2024-09-30 13:25:54] [info] Eventos actualizados de 'activos' a 'finalizados': 0
[2024-09-30 13:25:54] [info] Resumen de actualización:
[2024-09-30 13:25:54] [info] Total de eventos actualizados: 0
[2024-09-30 13:25:54] [info] Evento ID: 2, Nombre: Mejores amigos, Inicio: 2024-08-30 04:27:24, Fin: 2024-09-01 22:27:24, Estado: 3
[2024-09-30 13:25:54] [info] Evento ID: 3, Nombre: Empresa Surface, Inicio: 2024-09-12 11:02:00, Fin: 2024-09-13 11:02:00, Estado: 3
[2024-09-30 13:25:54] [info] Evento ID: 34, Nombre: Empresa Deley, Inicio: 2024-09-12 13:02:00, Fin: 2024-09-13 13:02:00, Estado: 3
[2024-09-30 13:25:54] [info] Evento ID: 36, Nombre: Siuu, Inicio: 2024-09-18 21:17:32, Fin: 2024-09-18 21:17:32, Estado: 3
[2024-09-30 13:25:54] [info] Evento ID: 1, Nombre: Microsoft, Inicio: 2024-09-30 13:26:00, Fin: 2024-09-30 19:54:00, Estado: 1
[2024-09-30 13:26:04] [info] Iniciando actualización de estados de eventos. Fecha actual: 2024-09-30 13:26:04
[2024-09-30 13:26:04] [info] Eventos actualizados de 'en espera' a 'activos': 1
[2024-09-30 13:26:04] [info] Eventos actualizados de 'activos' a 'finalizados': 0
[2024-09-30 13:26:04] [info] Resumen de actualización:
[2024-09-30 13:26:04] [info] Total de eventos actualizados: 1
[2024-09-30 13:26:04] [info] Evento ID: 2, Nombre: Mejores amigos, Inicio: 2024-08-30 04:27:24, Fin: 2024-09-01 22:27:24, Estado: 3
[2024-09-30 13:26:04] [info] Evento ID: 3, Nombre: Empresa Surface, Inicio: 2024-09-12 11:02:00, Fin: 2024-09-13 11:02:00, Estado: 3
[2024-09-30 13:26:04] [info] Evento ID: 34, Nombre: Empresa Deley, Inicio: 2024-09-12 13:02:00, Fin: 2024-09-13 13:02:00, Estado: 3
[2024-09-30 13:26:04] [info] Evento ID: 36, Nombre: Siuu, Inicio: 2024-09-18 21:17:32, Fin: 2024-09-18 21:17:32, Estado: 3
[2024-09-30 13:26:04] [info] Evento ID: 1, Nombre: Microsoft, Inicio: 2024-09-30 13:26:00, Fin: 2024-09-30 19:54:00, Estado: 2
[2024-09-30 13:26:14] [info] Iniciando actualización de estados de eventos. Fecha actual: 2024-09-30 13:26:14
[2024-09-30 13:26:14] [info] Eventos actualizados de 'en espera' a 'activos': 0
[2024-09-30 13:26:14] [info] Eventos actualizados de 'activos' a 'finalizados': 0
[2024-09-30 13:26:14] [info] Resumen de actualización:
[2024-09-30 13:26:14] [info] Total de eventos actualizados: 0
[2024-09-30 13:26:14] [info] Evento ID: 2, Nombre: Mejores amigos, Inicio: 2024-08-30 04:27:24, Fin: 2024-09-01 22:27:24, Estado: 3
[2024-09-30 13:26:14] [info] Evento ID: 3, Nombre: Empresa Surface, Inicio: 2024-09-12 11:02:00, Fin: 2024-09-13 11:02:00, Estado: 3
[2024-09-30 13:26:14] [info] Evento ID: 34, Nombre: Empresa Deley, Inicio: 2024-09-12 13:02:00, Fin: 2024-09-13 13:02:00, Estado: 3
[2024-09-30 13:26:14] [info] Evento ID: 36, Nombre: Siuu, Inicio: 2024-09-18 21:17:32, Fin: 2024-09-18 21:17:32, Estado: 3
[2024-09-30 13:26:14] [info] Evento ID: 1, Nombre: Microsoft, Inicio: 2024-09-30 13:26:00, Fin: 2024-09-30 19:54:00, Estado: 2
[2024-09-30 13:26:25] [info] Iniciando actualización de estados de eventos. Fecha actual: 2024-09-30 13:26:25
[2024-09-30 13:26:25] [info] Eventos actualizados de 'en espera' a 'activos': 0
[2024-09-30 13:26:25] [info] Eventos actualizados de 'activos' a 'finalizados': 0
[2024-09-30 13:26:25] [info] Resumen de actualización:
[2024-09-30 13:26:25] [info] Total de eventos actualizados: 0
[2024-09-30 13:26:25] [info] Evento ID: 2, Nombre: Mejores amigos, Inicio: 2024-08-30 04:27:24, Fin: 2024-09-01 22:27:24, Estado: 3
[2024-09-30 13:26:25] [info] Evento ID: 3, Nombre: Empresa Surface, Inicio: 2024-09-12 11:02:00, Fin: 2024-09-13 11:02:00, Estado: 3
[2024-09-30 13:26:25] [info] Evento ID: 34, Nombre: Empresa Deley, Inicio: 2024-09-12 13:02:00, Fin: 2024-09-13 13:02:00, Estado: 3
[2024-09-30 13:26:25] [info] Evento ID: 36, Nombre: Siuu, Inicio: 2024-09-18 21:17:32, Fin: 2024-09-18 21:17:32, Estado: 3
[2024-09-30 13:26:25] [info] Evento ID: 1, Nombre: Microsoft, Inicio: 2024-09-30 13:26:00, Fin: 2024-09-30 19:54:00, Estado: 2
[2024-09-30 13:26:27] [info] Iniciando actualización de estados de eventos. Fecha actual: 2024-09-30 13:26:27
[2024-09-30 13:26:27] [info] Eventos actualizados de 'en espera' a 'activos': 0
[2024-09-30 13:26:27] [info] Eventos actualizados de 'activos' a 'finalizados': 0
[2024-09-30 13:26:27] [info] Resumen de actualización:
[2024-09-30 13:26:27] [info] Total de eventos actualizados: 0
[2024-09-30 13:26:27] [info] Evento ID: 2, Nombre: Mejores amigos, Inicio: 2024-08-30 04:27:24, Fin: 2024-09-01 22:27:24, Estado: 3
[2024-09-30 13:26:27] [info] Evento ID: 3, Nombre: Empresa Surface, Inicio: 2024-09-12 11:02:00, Fin: 2024-09-13 11:02:00, Estado: 3
[2024-09-30 13:26:27] [info] Evento ID: 34, Nombre: Empresa Deley, Inicio: 2024-09-12 13:02:00, Fin: 2024-09-13 13:02:00, Estado: 3
[2024-09-30 13:26:27] [info] Evento ID: 36, Nombre: Siuu, Inicio: 2024-09-18 21:17:32, Fin: 2024-09-18 21:17:32, Estado: 3
[2024-09-30 13:26:27] [info] Evento ID: 1, Nombre: Microsoft, Inicio: 2024-09-30 13:26:00, Fin: 2024-09-30 19:54:00, Estado: 2
[2024-09-30 13:27:13] [info] Iniciando actualización de estados de eventos. Fecha actual: 2024-09-30 13:27:13
[2024-09-30 13:27:13] [info] Eventos actualizados de 'en espera' a 'activos': 0
[2024-09-30 13:27:13] [info] Eventos actualizados de 'activos' a 'finalizados': 0
[2024-09-30 13:27:13] [info] Resumen de actualización:
[2024-09-30 13:27:13] [info] Total de eventos actualizados: 0
[2024-09-30 13:27:13] [info] Evento ID: 2, Nombre: Mejores amigos, Inicio: 2024-08-30 04:27:24, Fin: 2024-09-01 22:27:24, Estado: 3
[2024-09-30 13:27:13] [info] Evento ID: 3, Nombre: Empresa Surface, Inicio: 2024-09-12 11:02:00, Fin: 2024-09-13 11:02:00, Estado: 3
[2024-09-30 13:27:13] [info] Evento ID: 34, Nombre: Empresa Deley, Inicio: 2024-09-12 13:02:00, Fin: 2024-09-13 13:02:00, Estado: 3
[2024-09-30 13:27:13] [info] Evento ID: 36, Nombre: Siuu, Inicio: 2024-09-18 21:17:32, Fin: 2024-09-18 21:17:32, Estado: 3
[2024-09-30 13:27:13] [info] Evento ID: 1, Nombre: Microsoft, Inicio: 2024-09-30 13:26:00, Fin: 2024-09-30 19:54:00, Estado: 2
[2024-09-30 13:27:20] [info] Iniciando actualización de estados de eventos. Fecha actual: 2024-09-30 13:27:20
[2024-09-30 13:27:20] [info] Eventos actualizados de 'en espera' a 'activos': 0
[2024-09-30 13:27:20] [info] Eventos actualizados de 'activos' a 'finalizados': 0
[2024-09-30 13:27:20] [info] Resumen de actualización:
[2024-09-30 13:27:20] [info] Total de eventos actualizados: 0
[2024-09-30 13:27:20] [info] Evento ID: 2, Nombre: Mejores amigos, Inicio: 2024-08-30 04:27:24, Fin: 2024-09-01 22:27:24, Estado: 3
[2024-09-30 13:27:20] [info] Evento ID: 3, Nombre: Empresa Surface, Inicio: 2024-09-12 11:02:00, Fin: 2024-09-13 11:02:00, Estado: 3
[2024-09-30 13:27:20] [info] Evento ID: 34, Nombre: Empresa Deley, Inicio: 2024-09-12 13:02:00, Fin: 2024-09-13 13:02:00, Estado: 3
[2024-09-30 13:27:20] [info] Evento ID: 36, Nombre: Siuu, Inicio: 2024-09-18 21:17:32, Fin: 2024-09-18 21:17:32, Estado: 3
[2024-09-30 13:27:20] [info] Evento ID: 1, Nombre: Microsoft, Inicio: 2024-09-30 13:26:00, Fin: 2024-09-30 19:54:00, Estado: 2
[2024-09-30 13:27:23] [info] Iniciando actualización de estados de eventos. Fecha actual: 2024-09-30 13:27:23
[2024-09-30 13:27:23] [info] Eventos actualizados de 'en espera' a 'activos': 0
[2024-09-30 13:27:23] [info] Eventos actualizados de 'activos' a 'finalizados': 0
[2024-09-30 13:27:23] [info] Resumen de actualización:
[2024-09-30 13:27:23] [info] Total de eventos actualizados: 0
[2024-09-30 13:27:23] [info] Evento ID: 2, Nombre: Mejores amigos, Inicio: 2024-08-30 04:27:24, Fin: 2024-09-01 22:27:24, Estado: 3
[2024-09-30 13:27:23] [info] Evento ID: 3, Nombre: Empresa Surface, Inicio: 2024-09-12 11:02:00, Fin: 2024-09-13 11:02:00, Estado: 3
[2024-09-30 13:27:23] [info] Evento ID: 34, Nombre: Empresa Deley, Inicio: 2024-09-12 13:02:00, Fin: 2024-09-13 13:02:00, Estado: 3
[2024-09-30 13:27:23] [info] Evento ID: 36, Nombre: Siuu, Inicio: 2024-09-18 21:17:32, Fin: 2024-09-18 21:17:32, Estado: 3
[2024-09-30 13:27:23] [info] Evento ID: 1, Nombre: Microsoft, Inicio: 2024-09-30 13:26:00, Fin: 2024-09-30 19:54:00, Estado: 2
[2024-09-30 13:27:37] [info] Iniciando actualización de estados de eventos. Fecha actual: 2024-09-30 13:27:37
[2024-09-30 13:27:37] [info] Eventos actualizados de 'en espera' a 'activos': 0
[2024-09-30 13:27:37] [info] Eventos actualizados de 'activos' a 'finalizados': 0
[2024-09-30 13:27:37] [info] Resumen de actualización:
[2024-09-30 13:27:37] [info] Total de eventos actualizados: 0
[2024-09-30 13:27:37] [info] Evento ID: 2, Nombre: Mejores amigos, Inicio: 2024-08-30 04:27:24, Fin: 2024-09-01 22:27:24, Estado: 3
[2024-09-30 13:27:37] [info] Evento ID: 3, Nombre: Empresa Surface, Inicio: 2024-09-12 11:02:00, Fin: 2024-09-13 11:02:00, Estado: 3
[2024-09-30 13:27:37] [info] Evento ID: 34, Nombre: Empresa Deley, Inicio: 2024-09-12 13:02:00, Fin: 2024-09-13 13:02:00, Estado: 3
[2024-09-30 13:27:37] [info] Evento ID: 36, Nombre: Siuu, Inicio: 2024-09-18 21:17:32, Fin: 2024-09-18 21:17:32, Estado: 3
[2024-09-30 13:27:37] [info] Evento ID: 1, Nombre: Microsoft, Inicio: 2024-09-30 13:26:00, Fin: 2024-09-30 19:54:00, Estado: 2
[2024-09-30 13:27:39] [info] Iniciando actualización de estados de eventos. Fecha actual: 2024-09-30 13:27:39
[2024-09-30 13:27:39] [info] Eventos actualizados de 'en espera' a 'activos': 0
[2024-09-30 13:27:39] [info] Eventos actualizados de 'activos' a 'finalizados': 0
[2024-09-30 13:27:39] [info] Resumen de actualización:
[2024-09-30 13:27:39] [info] Total de eventos actualizados: 0
[2024-09-30 13:27:39] [info] Evento ID: 2, Nombre: Mejores amigos, Inicio: 2024-08-30 04:27:24, Fin: 2024-09-01 22:27:24, Estado: 3
[2024-09-30 13:27:39] [info] Evento ID: 3, Nombre: Empresa Surface, Inicio: 2024-09-12 11:02:00, Fin: 2024-09-13 11:02:00, Estado: 3
[2024-09-30 13:27:39] [info] Evento ID: 34, Nombre: Empresa Deley, Inicio: 2024-09-12 13:02:00, Fin: 2024-09-13 13:02:00, Estado: 3
[2024-09-30 13:27:39] [info] Evento ID: 36, Nombre: Siuu, Inicio: 2024-09-18 21:17:32, Fin: 2024-09-18 21:17:32, Estado: 3
[2024-09-30 13:27:39] [info] Evento ID: 1, Nombre: Microsoft, Inicio: 2024-09-30 13:26:00, Fin: 2024-09-30 13:28:00, Estado: 2
[2024-09-30 13:27:43] [info] Iniciando actualización de estados de eventos. Fecha actual: 2024-09-30 13:27:43
[2024-09-30 13:27:43] [info] Eventos actualizados de 'en espera' a 'activos': 0
[2024-09-30 13:27:43] [info] Eventos actualizados de 'activos' a 'finalizados': 0
[2024-09-30 13:27:43] [info] Resumen de actualización:
[2024-09-30 13:27:43] [info] Total de eventos actualizados: 0
[2024-09-30 13:27:43] [info] Evento ID: 2, Nombre: Mejores amigos, Inicio: 2024-08-30 04:27:24, Fin: 2024-09-01 22:27:24, Estado: 3
[2024-09-30 13:27:43] [info] Evento ID: 3, Nombre: Empresa Surface, Inicio: 2024-09-12 11:02:00, Fin: 2024-09-13 11:02:00, Estado: 3
[2024-09-30 13:27:43] [info] Evento ID: 34, Nombre: Empresa Deley, Inicio: 2024-09-12 13:02:00, Fin: 2024-09-13 13:02:00, Estado: 3
[2024-09-30 13:27:43] [info] Evento ID: 36, Nombre: Siuu, Inicio: 2024-09-18 21:17:32, Fin: 2024-09-18 21:17:32, Estado: 3
[2024-09-30 13:27:43] [info] Evento ID: 1, Nombre: Microsoft, Inicio: 2024-09-30 13:26:00, Fin: 2024-09-30 13:28:00, Estado: 2
[2024-09-30 13:28:02] [info] Iniciando actualización de estados de eventos. Fecha actual: 2024-09-30 13:28:02
[2024-09-30 13:28:02] [info] Eventos actualizados de 'en espera' a 'activos': 0
[2024-09-30 13:28:02] [info] Eventos actualizados de 'activos' a 'finalizados': 1
[2024-09-30 13:28:02] [info] Resumen de actualización:
[2024-09-30 13:28:02] [info] Total de eventos actualizados: 1
[2024-09-30 13:28:02] [info] Evento ID: 2, Nombre: Mejores amigos, Inicio: 2024-08-30 04:27:24, Fin: 2024-09-01 22:27:24, Estado: 3
[2024-09-30 13:28:02] [info] Evento ID: 3, Nombre: Empresa Surface, Inicio: 2024-09-12 11:02:00, Fin: 2024-09-13 11:02:00, Estado: 3
[2024-09-30 13:28:02] [info] Evento ID: 34, Nombre: Empresa Deley, Inicio: 2024-09-12 13:02:00, Fin: 2024-09-13 13:02:00, Estado: 3
[2024-09-30 13:28:02] [info] Evento ID: 36, Nombre: Siuu, Inicio: 2024-09-18 21:17:32, Fin: 2024-09-18 21:17:32, Estado: 3
[2024-09-30 13:28:02] [info] Evento ID: 1, Nombre: Microsoft, Inicio: 2024-09-30 13:26:00, Fin: 2024-09-30 13:28:00, Estado: 3
[2024-09-30 13:28:22] [info] Iniciando actualización de estados de eventos. Fecha actual: 2024-09-30 13:28:22
[2024-09-30 13:28:22] [info] Eventos actualizados de 'en espera' a 'activos': 0
[2024-09-30 13:28:22] [info] Eventos actualizados de 'activos' a 'finalizados': 0
[2024-09-30 13:28:22] [info] Resumen de actualización:
[2024-09-30 13:28:22] [info] Total de eventos actualizados: 0
[2024-09-30 13:28:22] [info] Evento ID: 2, Nombre: Mejores amigos, Inicio: 2024-08-30 04:27:24, Fin: 2024-09-01 22:27:24, Estado: 3
[2024-09-30 13:28:22] [info] Evento ID: 3, Nombre: Empresa Surface, Inicio: 2024-09-12 11:02:00, Fin: 2024-09-13 11:02:00, Estado: 3
[2024-09-30 13:28:22] [info] Evento ID: 34, Nombre: Empresa Deley, Inicio: 2024-09-12 13:02:00, Fin: 2024-09-13 13:02:00, Estado: 3
[2024-09-30 13:28:22] [info] Evento ID: 36, Nombre: Siuu, Inicio: 2024-09-18 21:17:32, Fin: 2024-09-18 21:17:32, Estado: 3
[2024-09-30 13:28:22] [info] Evento ID: 1, Nombre: Microsoft, Inicio: 2024-09-30 13:26:00, Fin: 2024-09-30 13:28:00, Estado: 3
[2024-09-30 13:28:47] [info] Iniciando actualización de estados de eventos. Fecha actual: 2024-09-30 13:28:47
[2024-09-30 13:28:47] [info] Eventos actualizados de 'en espera' a 'activos': 0
[2024-09-30 13:28:47] [info] Eventos actualizados de 'activos' a 'finalizados': 0
[2024-09-30 13:28:47] [info] Resumen de actualización:
[2024-09-30 13:28:47] [info] Total de eventos actualizados: 0
[2024-09-30 13:28:47] [info] Evento ID: 2, Nombre: Mejores amigos, Inicio: 2024-08-30 04:27:24, Fin: 2024-09-01 22:27:24, Estado: 3
[2024-09-30 13:28:47] [info] Evento ID: 3, Nombre: Empresa Surface, Inicio: 2024-09-12 11:02:00, Fin: 2024-09-13 11:02:00, Estado: 3
[2024-09-30 13:28:47] [info] Evento ID: 34, Nombre: Empresa Deley, Inicio: 2024-09-12 13:02:00, Fin: 2024-09-13 13:02:00, Estado: 3
[2024-09-30 13:28:47] [info] Evento ID: 36, Nombre: Siuu, Inicio: 2024-09-18 21:17:32, Fin: 2024-09-18 21:17:32, Estado: 3
[2024-09-30 13:28:47] [info] Evento ID: 1, Nombre: Microsoft, Inicio: 2024-09-30 13:26:00, Fin: 2024-09-30 13:28:00, Estado: 3
[2024-09-30 13:28:48] [info] Iniciando actualización de estados de eventos. Fecha actual: 2024-09-30 13:28:48
[2024-09-30 13:28:48] [info] Eventos actualizados de 'en espera' a 'activos': 0
[2024-09-30 13:28:48] [info] Eventos actualizados de 'activos' a 'finalizados': 0
[2024-09-30 13:28:48] [info] Resumen de actualización:
[2024-09-30 13:28:48] [info] Total de eventos actualizados: 0
[2024-09-30 13:28:48] [info] Evento ID: 2, Nombre: Mejores amigos, Inicio: 2024-08-30 04:27:24, Fin: 2024-09-01 22:27:24, Estado: 3
[2024-09-30 13:28:48] [info] Evento ID: 3, Nombre: Empresa Surface, Inicio: 2024-09-12 11:02:00, Fin: 2024-09-13 11:02:00, Estado: 3
[2024-09-30 13:28:48] [info] Evento ID: 34, Nombre: Empresa Deley, Inicio: 2024-09-12 13:02:00, Fin: 2024-09-13 13:02:00, Estado: 3
[2024-09-30 13:28:48] [info] Evento ID: 36, Nombre: Siuu, Inicio: 2024-09-18 21:17:32, Fin: 2024-09-18 21:17:32, Estado: 3
[2024-09-30 13:28:48] [info] Evento ID: 1, Nombre: Microsoft, Inicio: 2024-09-30 13:26:00, Fin: 2024-10-05 13:28:00, Estado: 3
[2024-09-30 13:28:51] [info] Iniciando actualización de estados de eventos. Fecha actual: 2024-09-30 13:28:51
[2024-09-30 13:28:51] [info] Eventos actualizados de 'en espera' a 'activos': 0
[2024-09-30 13:28:51] [info] Eventos actualizados de 'activos' a 'finalizados': 0
[2024-09-30 13:28:51] [info] Resumen de actualización:
[2024-09-30 13:28:51] [info] Total de eventos actualizados: 0
[2024-09-30 13:28:51] [info] Evento ID: 2, Nombre: Mejores amigos, Inicio: 2024-08-30 04:27:24, Fin: 2024-09-01 22:27:24, Estado: 3
[2024-09-30 13:28:51] [info] Evento ID: 3, Nombre: Empresa Surface, Inicio: 2024-09-12 11:02:00, Fin: 2024-09-13 11:02:00, Estado: 3
[2024-09-30 13:28:51] [info] Evento ID: 34, Nombre: Empresa Deley, Inicio: 2024-09-12 13:02:00, Fin: 2024-09-13 13:02:00, Estado: 3
[2024-09-30 13:28:51] [info] Evento ID: 36, Nombre: Siuu, Inicio: 2024-09-18 21:17:32, Fin: 2024-09-18 21:17:32, Estado: 3
[2024-09-30 13:28:51] [info] Evento ID: 1, Nombre: Microsoft, Inicio: 2024-09-30 13:26:00, Fin: 2024-10-05 13:28:00, Estado: 3
[2024-09-30 13:29:29] [info] Iniciando actualización de estados de eventos. Fecha actual: 2024-09-30 13:29:29
[2024-09-30 13:29:29] [info] Eventos actualizados de 'en espera' a 'activos': 0
[2024-09-30 13:29:29] [info] Eventos actualizados de 'activos' a 'finalizados': 0
[2024-09-30 13:29:29] [info] Resumen de actualización:
[2024-09-30 13:29:29] [info] Total de eventos actualizados: 0
[2024-09-30 13:29:29] [info] Evento ID: 2, Nombre: Mejores amigos, Inicio: 2024-08-30 04:27:24, Fin: 2024-09-01 22:27:24, Estado: 3
[2024-09-30 13:29:29] [info] Evento ID: 3, Nombre: Empresa Surface, Inicio: 2024-09-12 11:02:00, Fin: 2024-09-13 11:02:00, Estado: 3
[2024-09-30 13:29:29] [info] Evento ID: 34, Nombre: Empresa Deley, Inicio: 2024-09-12 13:02:00, Fin: 2024-09-13 13:02:00, Estado: 3
[2024-09-30 13:29:29] [info] Evento ID: 36, Nombre: Siuu, Inicio: 2024-09-18 21:17:32, Fin: 2024-09-18 21:17:32, Estado: 3
[2024-09-30 13:29:29] [info] Evento ID: 1, Nombre: Microsoft, Inicio: 2024-09-30 13:26:00, Fin: 2024-10-05 13:28:00, Estado: 2
[2024-09-30 13:38:36] [info] Iniciando actualización de estados de eventos. Fecha actual: 2024-09-30 13:38:36
[2024-09-30 13:38:36] [info] Eventos actualizados de 'en espera' a 'activos': 0
[2024-09-30 13:38:36] [info] Eventos actualizados de 'activos' a 'finalizados': 0
[2024-09-30 13:38:36] [info] Resumen de actualización:
[2024-09-30 13:38:36] [info] Total de eventos actualizados: 0
[2024-09-30 13:38:36] [info] Evento ID: 2, Nombre: Mejores amigos, Inicio: 2024-08-30 04:27:24, Fin: 2024-09-01 22:27:24, Estado: 3
[2024-09-30 13:38:36] [info] Evento ID: 3, Nombre: Empresa Surface, Inicio: 2024-09-12 11:02:00, Fin: 2024-09-13 11:02:00, Estado: 3
[2024-09-30 13:38:36] [info] Evento ID: 34, Nombre: Empresa Deley, Inicio: 2024-09-12 13:02:00, Fin: 2024-09-13 13:02:00, Estado: 3
[2024-09-30 13:38:36] [info] Evento ID: 36, Nombre: Siuu, Inicio: 2024-09-18 21:17:32, Fin: 2024-09-18 21:17:32, Estado: 3
[2024-09-30 13:38:36] [info] Evento ID: 1, Nombre: Microsoft, Inicio: 2024-09-30 13:26:00, Fin: 2024-10-05 13:28:00, Estado: 2
[2024-09-30 13:38:49] [info] Iniciando actualización de estados de eventos. Fecha actual: 2024-09-30 13:38:49
[2024-09-30 13:38:49] [info] Eventos actualizados de 'en espera' a 'activos': 0
[2024-09-30 13:38:49] [info] Eventos actualizados de 'activos' a 'finalizados': 0
[2024-09-30 13:38:49] [info] Resumen de actualización:
[2024-09-30 13:38:49] [info] Total de eventos actualizados: 0
[2024-09-30 13:38:49] [info] Evento ID: 2, Nombre: Mejores amigos, Inicio: 2024-08-30 04:27:24, Fin: 2024-09-01 22:27:24, Estado: 3
[2024-09-30 13:38:49] [info] Evento ID: 3, Nombre: Empresa Surface, Inicio: 2024-09-12 11:02:00, Fin: 2024-09-13 11:02:00, Estado: 3
[2024-09-30 13:38:49] [info] Evento ID: 34, Nombre: Empresa Deley, Inicio: 2024-09-12 13:02:00, Fin: 2024-09-13 13:02:00, Estado: 3
[2024-09-30 13:38:49] [info] Evento ID: 36, Nombre: Siuu, Inicio: 2024-09-18 21:17:32, Fin: 2024-09-18 21:17:32, Estado: 3
[2024-09-30 13:38:49] [info] Evento ID: 1, Nombre: Microsoft, Inicio: 2024-09-30 13:26:00, Fin: 2024-10-05 13:28:00, Estado: 2
[2024-09-30 13:38:50] [info] Iniciando actualización de estados de eventos. Fecha actual: 2024-09-30 13:38:50
[2024-09-30 13:38:50] [info] Eventos actualizados de 'en espera' a 'activos': 0
[2024-09-30 13:38:50] [info] Eventos actualizados de 'activos' a 'finalizados': 0
[2024-09-30 13:38:50] [info] Resumen de actualización:
[2024-09-30 13:38:50] [info] Total de eventos actualizados: 0
[2024-09-30 13:38:50] [info] Evento ID: 2, Nombre: Mejores amigos, Inicio: 2024-08-30 04:27:24, Fin: 2024-09-01 22:27:24, Estado: 3
[2024-09-30 13:38:50] [info] Evento ID: 3, Nombre: Empresa Surface, Inicio: 2024-09-12 11:02:00, Fin: 2024-09-13 11:02:00, Estado: 3
[2024-09-30 13:38:50] [info] Evento ID: 34, Nombre: Empresa Deley, Inicio: 2024-09-12 13:02:00, Fin: 2024-09-13 13:02:00, Estado: 3
[2024-09-30 13:38:50] [info] Evento ID: 36, Nombre: Siuu, Inicio: 2024-09-18 21:17:32, Fin: 2024-09-18 21:17:32, Estado: 3
[2024-09-30 13:38:50] [info] Evento ID: 1, Nombre: Microsoft, Inicio: 2024-09-30 13:40:00, Fin: 2024-10-05 13:28:00, Estado: 2
[2024-09-30 13:39:10] [info] Iniciando actualización de estados de eventos. Fecha actual: 2024-09-30 13:39:10
[2024-09-30 13:39:10] [info] Eventos actualizados de 'en espera' a 'activos': 0
[2024-09-30 13:39:10] [info] Eventos actualizados de 'activos' a 'finalizados': 0
[2024-09-30 13:39:10] [info] Resumen de actualización:
[2024-09-30 13:39:10] [info] Total de eventos actualizados: 0
[2024-09-30 13:39:10] [info] Evento ID: 2, Nombre: Mejores amigos, Inicio: 2024-08-30 04:27:24, Fin: 2024-09-01 22:27:24, Estado: 3
[2024-09-30 13:39:10] [info] Evento ID: 3, Nombre: Empresa Surface, Inicio: 2024-09-12 11:02:00, Fin: 2024-09-13 11:02:00, Estado: 3
[2024-09-30 13:39:10] [info] Evento ID: 34, Nombre: Empresa Deley, Inicio: 2024-09-12 13:02:00, Fin: 2024-09-13 13:02:00, Estado: 3
[2024-09-30 13:39:10] [info] Evento ID: 36, Nombre: Siuu, Inicio: 2024-09-18 21:17:32, Fin: 2024-09-18 21:17:32, Estado: 3
[2024-09-30 13:39:10] [info] Evento ID: 1, Nombre: Microsoft, Inicio: 2024-09-30 13:40:00, Fin: 2024-10-05 13:28:00, Estado: 1
[2024-09-30 13:40:12] [info] Iniciando actualización de estados de eventos. Fecha actual: 2024-09-30 13:40:12
[2024-09-30 13:40:12] [info] Eventos actualizados de 'en espera' a 'activos': 1
[2024-09-30 13:40:12] [info] Eventos actualizados de 'activos' a 'finalizados': 0
[2024-09-30 13:40:12] [info] Resumen de actualización:
[2024-09-30 13:40:12] [info] Total de eventos actualizados: 1
[2024-09-30 13:40:12] [info] Evento ID: 2, Nombre: Mejores amigos, Inicio: 2024-08-30 04:27:24, Fin: 2024-09-01 22:27:24, Estado: 3
[2024-09-30 13:40:12] [info] Evento ID: 3, Nombre: Empresa Surface, Inicio: 2024-09-12 11:02:00, Fin: 2024-09-13 11:02:00, Estado: 3
[2024-09-30 13:40:12] [info] Evento ID: 34, Nombre: Empresa Deley, Inicio: 2024-09-12 13:02:00, Fin: 2024-09-13 13:02:00, Estado: 3
[2024-09-30 13:40:12] [info] Evento ID: 36, Nombre: Siuu, Inicio: 2024-09-18 21:17:32, Fin: 2024-09-18 21:17:32, Estado: 3
[2024-09-30 13:40:12] [info] Evento ID: 1, Nombre: Microsoft, Inicio: 2024-09-30 13:40:00, Fin: 2024-10-05 13:28:00, Estado: 2
[2024-09-30 13:58:54] [info] Iniciando actualización de estados de eventos. Fecha actual: 2024-09-30 13:58:54
[2024-09-30 13:58:54] [info] Eventos actualizados de 'en espera' a 'activos': 1
[2024-09-30 13:58:54] [info] Eventos actualizados de 'activos' a 'finalizados': 0
[2024-09-30 13:58:54] [info] Resumen de actualización:
[2024-09-30 13:58:54] [info] Total de eventos actualizados: 1
[2024-09-30 13:58:54] [info] Evento ID: 2, Nombre: Mejores amigos, Inicio: 2024-08-30 04:27:24, Fin: 2024-09-01 22:27:24, Estado: 3
[2024-09-30 13:58:54] [info] Evento ID: 3, Nombre: Empresa Surface, Inicio: 2024-09-12 11:02:00, Fin: 2024-09-13 11:02:00, Estado: 3
[2024-09-30 13:58:54] [info] Evento ID: 34, Nombre: Empresa Deley, Inicio: 2024-09-12 13:02:00, Fin: 2024-09-13 13:02:00, Estado: 3
[2024-09-30 13:58:54] [info] Evento ID: 36, Nombre: Siuu, Inicio: 2024-09-18 21:17:32, Fin: 2024-09-18 21:17:32, Estado: 3
[2024-09-30 13:58:54] [info] Evento ID: 1, Nombre: Microsoft, Inicio: 2024-09-30 13:45:00, Fin: 2024-10-05 13:28:00, Estado: 2
[2024-09-30 20:09:46] [info] Usuario con ID 1 ha iniciado sesión exitosamente
[2024-09-30 14:27:25] [info] Iniciando actualización de estados de eventos. Fecha actual: 2024-09-30 14:27:25
[2024-09-30 14:27:25] [info] Eventos actualizados de 'en espera' a 'activos': 1
[2024-09-30 14:27:25] [info] Eventos actualizados de 'activos' a 'finalizados': 0
[2024-09-30 14:27:25] [info] Resumen de actualización:
[2024-09-30 14:27:25] [info] Total de eventos actualizados: 1
[2024-09-30 14:27:25] [info] Evento ID: 2, Nombre: Mejores amigos, Inicio: 2024-08-30 04:27:24, Fin: 2024-09-01 22:27:24, Estado: 3
[2024-09-30 14:27:25] [info] Evento ID: 3, Nombre: Empresa Surface, Inicio: 2024-09-12 11:02:00, Fin: 2024-09-13 11:02:00, Estado: 3
[2024-09-30 14:27:25] [info] Evento ID: 34, Nombre: Empresa Deley, Inicio: 2024-09-12 13:02:00, Fin: 2024-09-13 13:02:00, Estado: 3
[2024-09-30 14:27:25] [info] Evento ID: 36, Nombre: Siuu, Inicio: 2024-09-18 21:17:32, Fin: 2024-09-18 21:17:32, Estado: 3
[2024-09-30 14:27:25] [info] Evento ID: 1, Nombre: Microsoft, Inicio: 2024-09-30 13:45:00, Fin: 2024-10-05 13:28:00, Estado: 2
[2024-09-30 14:47:04] [info] Iniciando actualización de estados de eventos. Fecha actual: 2024-09-30 14:47:04
[2024-09-30 14:47:04] [info] Eventos actualizados de 'en espera' a 'activos': 1
[2024-09-30 14:47:04] [info] Eventos actualizados de 'activos' a 'finalizados': 0
[2024-09-30 14:47:04] [info] Resumen de actualización:
[2024-09-30 14:47:04] [info] Total de eventos actualizados: 1
[2024-09-30 14:47:04] [info] Evento ID: 2, Nombre: Mejores amigos, Inicio: 2024-08-30 04:27:24, Fin: 2024-09-01 22:27:24, Estado: 3
[2024-09-30 14:47:04] [info] Evento ID: 3, Nombre: Empresa Surface, Inicio: 2024-09-12 11:02:00, Fin: 2024-09-13 11:02:00, Estado: 3
[2024-09-30 14:47:04] [info] Evento ID: 34, Nombre: Empresa Deley, Inicio: 2024-09-12 13:02:00, Fin: 2024-09-13 13:02:00, Estado: 3
[2024-09-30 14:47:04] [info] Evento ID: 36, Nombre: Siuu, Inicio: 2024-09-18 21:17:32, Fin: 2024-09-18 21:17:32, Estado: 3
[2024-09-30 14:47:04] [info] Evento ID: 1, Nombre: Microsoft, Inicio: 2024-09-30 13:45:00, Fin: 2024-10-05 13:28:00, Estado: 2
[2024-09-30 14:47:06] [info] Iniciando actualización de estados de eventos. Fecha actual: 2024-09-30 14:47:06
[2024-09-30 14:47:06] [info] Eventos actualizados de 'en espera' a 'activos': 0
[2024-09-30 14:47:06] [info] Eventos actualizados de 'activos' a 'finalizados': 0
[2024-09-30 14:47:06] [info] Resumen de actualización:
[2024-09-30 14:47:06] [info] Total de eventos actualizados: 0
[2024-09-30 14:47:06] [info] Evento ID: 2, Nombre: Mejores amigos, Inicio: 2024-08-30 04:27:24, Fin: 2024-09-01 22:27:24, Estado: 3
[2024-09-30 14:47:06] [info] Evento ID: 3, Nombre: Empresa Surface, Inicio: 2024-09-12 11:02:00, Fin: 2024-09-13 11:02:00, Estado: 3
[2024-09-30 14:47:06] [info] Evento ID: 34, Nombre: Empresa Deley, Inicio: 2024-09-12 13:02:00, Fin: 2024-09-13 13:02:00, Estado: 3
[2024-09-30 14:47:06] [info] Evento ID: 36, Nombre: Siuu, Inicio: 2024-09-18 21:17:32, Fin: 2024-09-18 21:17:32, Estado: 3
[2024-09-30 14:47:06] [info] Evento ID: 1, Nombre: Microsoft, Inicio: 2024-09-30 13:45:00, Fin: 2024-10-05 13:28:00, Estado: 2
