[2024-10-01 15:41:47] [warning] Intento de inicio de sesión fallido para el usuario con CI: 1234567
[2024-10-01 15:41:53] [info] Usuario con ID 1 ha iniciado sesión exitosamente
[2024-10-01 09:41:53] [info] Iniciando actualización de estados de eventos. Fecha actual: 2024-10-01 09:41:53
[2024-10-01 09:41:53] [info] Eventos actualizados de 'en espera' a 'activos': 0
[2024-10-01 09:41:53] [info] Eventos actualizados de 'activos' a 'finalizados': 0
[2024-10-01 09:41:53] [info] Resumen de actualización:
[2024-10-01 09:41:53] [info] Total de eventos actualizados: 0
[2024-10-01 09:41:53] [info] Evento ID: 2, Nombre: Mejores amigos, Inicio: 2024-08-30 04:27:24, Fin: 2024-09-01 22:27:24, Estado: 3
[2024-10-01 09:41:53] [info] Evento ID: 3, Nombre: Empresa Surface, Inicio: 2024-09-12 11:02:00, Fin: 2024-09-13 11:02:00, Estado: 3
[2024-10-01 09:41:53] [info] Evento ID: 34, Nombre: Empresa Deley, Inicio: 2024-09-12 13:02:00, Fin: 2024-09-13 13:02:00, Estado: 3
[2024-10-01 09:41:53] [info] Evento ID: 36, Nombre: Siuu, Inicio: 2024-09-18 21:17:32, Fin: 2024-09-18 21:17:32, Estado: 3
[2024-10-01 09:41:53] [info] Evento ID: 1, Nombre: Microsoft, Inicio: 2024-09-30 13:45:00, Fin: 2024-10-05 13:28:00, Estado: 2
[2024-10-01 09:42:03] [info] Iniciando actualización de estados de eventos. Fecha actual: 2024-10-01 09:42:03
[2024-10-01 09:42:03] [info] Eventos actualizados de 'en espera' a 'activos': 0
[2024-10-01 09:42:03] [info] Eventos actualizados de 'activos' a 'finalizados': 0
[2024-10-01 09:42:03] [info] Resumen de actualización:
[2024-10-01 09:42:03] [info] Total de eventos actualizados: 0
[2024-10-01 09:42:03] [info] Evento ID: 2, Nombre: Mejores amigos, Inicio: 2024-08-30 04:27:24, Fin: 2024-09-01 22:27:24, Estado: 3
[2024-10-01 09:42:03] [info] Evento ID: 3, Nombre: Empresa Surface, Inicio: 2024-09-12 11:02:00, Fin: 2024-09-13 11:02:00, Estado: 3
[2024-10-01 09:42:03] [info] Evento ID: 34, Nombre: Empresa Deley, Inicio: 2024-09-12 13:02:00, Fin: 2024-09-13 13:02:00, Estado: 3
[2024-10-01 09:42:03] [info] Evento ID: 36, Nombre: Siuu, Inicio: 2024-09-18 21:17:32, Fin: 2024-09-18 21:17:32, Estado: 3
[2024-10-01 09:42:03] [info] Evento ID: 1, Nombre: Microsoft, Inicio: 2024-09-30 13:45:00, Fin: 2024-10-05 13:28:00, Estado: 2
[2024-10-01 09:42:07] [info] Iniciando actualización de estados de eventos. Fecha actual: 2024-10-01 09:42:07
[2024-10-01 09:42:07] [info] Eventos actualizados de 'en espera' a 'activos': 0
[2024-10-01 09:42:07] [info] Eventos actualizados de 'activos' a 'finalizados': 0
[2024-10-01 09:42:07] [info] Resumen de actualización:
[2024-10-01 09:42:07] [info] Total de eventos actualizados: 0
[2024-10-01 09:42:07] [info] Evento ID: 2, Nombre: Mejores amigos, Inicio: 2024-08-30 04:27:24, Fin: 2024-09-01 22:27:24, Estado: 3
[2024-10-01 09:42:07] [info] Evento ID: 3, Nombre: Empresa Surface, Inicio: 2024-09-12 11:02:00, Fin: 2024-09-13 11:02:00, Estado: 3
[2024-10-01 09:42:07] [info] Evento ID: 34, Nombre: Empresa Deley, Inicio: 2024-09-12 13:02:00, Fin: 2024-09-13 13:02:00, Estado: 3
[2024-10-01 09:42:07] [info] Evento ID: 36, Nombre: Siuu, Inicio: 2024-09-18 21:17:32, Fin: 2024-09-18 21:17:32, Estado: 3
[2024-10-01 09:42:07] [info] Evento ID: 1, Nombre: Microsoft, Inicio: 2024-09-30 13:45:00, Fin: 2024-10-05 13:28:00, Estado: 2
[2024-10-01 09:44:32] [warning] Intento de inicio de sesión fallido para un CI no existente: asfdfa
[2024-10-01 09:53:08] [info] Iniciando actualización de estados de eventos. Fecha actual: 2024-10-01 09:53:08
[2024-10-01 09:53:08] [info] Eventos actualizados de 'en espera' a 'activos': 0
[2024-10-01 09:53:08] [info] Eventos actualizados de 'activos' a 'finalizados': 0
[2024-10-01 09:53:08] [info] Resumen de actualización:
[2024-10-01 09:53:08] [info] Total de eventos actualizados: 0
[2024-10-01 09:53:08] [info] Evento ID: 2, Nombre: Mejores amigos, Inicio: 2024-08-30 04:27:24, Fin: 2024-09-01 22:27:24, Estado: 3
[2024-10-01 09:53:08] [info] Evento ID: 3, Nombre: Empresa Surface, Inicio: 2024-09-12 11:02:00, Fin: 2024-09-13 11:02:00, Estado: 3
[2024-10-01 09:53:08] [info] Evento ID: 34, Nombre: Empresa Deley, Inicio: 2024-09-12 13:02:00, Fin: 2024-09-13 13:02:00, Estado: 3
[2024-10-01 09:53:08] [info] Evento ID: 36, Nombre: Siuu, Inicio: 2024-09-18 21:17:32, Fin: 2024-09-18 21:17:32, Estado: 3
[2024-10-01 09:53:08] [info] Evento ID: 1, Nombre: Microsoft, Inicio: 2024-09-30 13:45:00, Fin: 2024-10-05 13:28:00, Estado: 2
[2024-10-01 09:53:42] [info] Iniciando actualización de estados de eventos. Fecha actual: 2024-10-01 09:53:42
[2024-10-01 09:53:42] [info] Eventos actualizados de 'en espera' a 'activos': 0
[2024-10-01 09:53:42] [info] Eventos actualizados de 'activos' a 'finalizados': 0
[2024-10-01 09:53:42] [info] Resumen de actualización:
[2024-10-01 09:53:42] [info] Total de eventos actualizados: 0
[2024-10-01 09:53:42] [info] Evento ID: 2, Nombre: Mejores amigos, Inicio: 2024-08-30 04:27:24, Fin: 2024-09-01 22:27:24, Estado: 3
[2024-10-01 09:53:42] [info] Evento ID: 3, Nombre: Empresa Surface, Inicio: 2024-09-12 11:02:00, Fin: 2024-09-13 11:02:00, Estado: 3
[2024-10-01 09:53:42] [info] Evento ID: 34, Nombre: Empresa Deley, Inicio: 2024-09-12 13:02:00, Fin: 2024-09-13 13:02:00, Estado: 3
[2024-10-01 09:53:42] [info] Evento ID: 36, Nombre: Siuu, Inicio: 2024-09-18 21:17:32, Fin: 2024-09-18 21:17:32, Estado: 3
[2024-10-01 09:53:42] [info] Evento ID: 1, Nombre: Microsoft, Inicio: 2024-09-30 13:45:00, Fin: 2024-10-05 13:28:00, Estado: 2
[2024-10-01 09:54:05] [info] Iniciando actualización de estados de eventos. Fecha actual: 2024-10-01 09:54:05
[2024-10-01 09:54:05] [info] Eventos actualizados de 'en espera' a 'activos': 0
[2024-10-01 09:54:05] [info] Eventos actualizados de 'activos' a 'finalizados': 0
[2024-10-01 09:54:05] [info] Resumen de actualización:
[2024-10-01 09:54:05] [info] Total de eventos actualizados: 0
[2024-10-01 09:54:05] [info] Evento ID: 2, Nombre: Mejores amigos, Inicio: 2024-08-30 04:27:24, Fin: 2024-09-01 22:27:24, Estado: 3
[2024-10-01 09:54:05] [info] Evento ID: 3, Nombre: Empresa Surface, Inicio: 2024-09-12 11:02:00, Fin: 2024-09-13 11:02:00, Estado: 3
[2024-10-01 09:54:05] [info] Evento ID: 34, Nombre: Empresa Deley, Inicio: 2024-09-12 13:02:00, Fin: 2024-09-13 13:02:00, Estado: 3
[2024-10-01 09:54:05] [info] Evento ID: 36, Nombre: Siuu, Inicio: 2024-09-18 21:17:32, Fin: 2024-09-18 21:17:32, Estado: 3
[2024-10-01 09:54:05] [info] Evento ID: 1, Nombre: Microsoft, Inicio: 2024-09-30 13:45:00, Fin: 2024-10-05 13:28:00, Estado: 2
[2024-10-01 09:54:29] [info] Iniciando actualización de estados de eventos. Fecha actual: 2024-10-01 09:54:29
[2024-10-01 09:54:29] [info] Eventos actualizados de 'en espera' a 'activos': 0
[2024-10-01 09:54:29] [info] Eventos actualizados de 'activos' a 'finalizados': 0
[2024-10-01 09:54:29] [info] Resumen de actualización:
[2024-10-01 09:54:29] [info] Total de eventos actualizados: 0
[2024-10-01 09:54:29] [info] Evento ID: 2, Nombre: Mejores amigos, Inicio: 2024-08-30 04:27:24, Fin: 2024-09-01 22:27:24, Estado: 3
[2024-10-01 09:54:29] [info] Evento ID: 3, Nombre: Empresa Surface, Inicio: 2024-09-12 11:02:00, Fin: 2024-09-13 11:02:00, Estado: 3
[2024-10-01 09:54:29] [info] Evento ID: 34, Nombre: Empresa Deley, Inicio: 2024-09-12 13:02:00, Fin: 2024-09-13 13:02:00, Estado: 3
[2024-10-01 09:54:29] [info] Evento ID: 36, Nombre: Siuu, Inicio: 2024-09-18 21:17:32, Fin: 2024-09-18 21:17:32, Estado: 3
[2024-10-01 09:54:29] [info] Evento ID: 1, Nombre: Microsoft, Inicio: 2024-09-30 13:45:00, Fin: 2024-10-05 13:28:00, Estado: 2
[2024-10-01 09:54:31] [info] Iniciando actualización de estados de eventos. Fecha actual: 2024-10-01 09:54:31
[2024-10-01 09:54:31] [info] Eventos actualizados de 'en espera' a 'activos': 0
[2024-10-01 09:54:31] [info] Eventos actualizados de 'activos' a 'finalizados': 0
[2024-10-01 09:54:31] [info] Resumen de actualización:
[2024-10-01 09:54:31] [info] Total de eventos actualizados: 0
[2024-10-01 09:54:31] [info] Evento ID: 2, Nombre: Mejores amigos, Inicio: 2024-08-30 04:27:24, Fin: 2024-09-01 22:27:24, Estado: 3
[2024-10-01 09:54:31] [info] Evento ID: 3, Nombre: Empresa Surface, Inicio: 2024-09-12 11:02:00, Fin: 2024-09-13 11:02:00, Estado: 3
[2024-10-01 09:54:31] [info] Evento ID: 34, Nombre: Empresa Deley, Inicio: 2024-09-12 13:02:00, Fin: 2024-09-13 13:02:00, Estado: 3
[2024-10-01 09:54:31] [info] Evento ID: 36, Nombre: Siuu, Inicio: 2024-09-18 21:17:32, Fin: 2024-09-18 21:17:32, Estado: 3
[2024-10-01 09:54:31] [info] Evento ID: 1, Nombre: Microsoft, Inicio: 2024-10-01 09:56:00, Fin: 2024-10-05 13:28:00, Estado: 2
[2024-10-01 09:54:49] [info] Iniciando actualización de estados de eventos. Fecha actual: 2024-10-01 09:54:49
[2024-10-01 09:54:49] [info] Eventos actualizados de 'en espera' a 'activos': 0
[2024-10-01 09:54:49] [info] Eventos actualizados de 'activos' a 'finalizados': 0
[2024-10-01 09:54:49] [info] Resumen de actualización:
[2024-10-01 09:54:49] [info] Total de eventos actualizados: 0
[2024-10-01 09:54:49] [info] Evento ID: 2, Nombre: Mejores amigos, Inicio: 2024-08-30 04:27:24, Fin: 2024-09-01 22:27:24, Estado: 3
[2024-10-01 09:54:49] [info] Evento ID: 3, Nombre: Empresa Surface, Inicio: 2024-09-12 11:02:00, Fin: 2024-09-13 11:02:00, Estado: 3
[2024-10-01 09:54:49] [info] Evento ID: 34, Nombre: Empresa Deley, Inicio: 2024-09-12 13:02:00, Fin: 2024-09-13 13:02:00, Estado: 3
[2024-10-01 09:54:49] [info] Evento ID: 36, Nombre: Siuu, Inicio: 2024-09-18 21:17:32, Fin: 2024-09-18 21:17:32, Estado: 3
[2024-10-01 09:54:49] [info] Evento ID: 1, Nombre: Microsoft, Inicio: 2024-10-01 09:56:00, Fin: 2024-10-05 13:28:00, Estado: 1
[2024-10-01 09:54:50] [info] Iniciando actualización de estados de eventos. Fecha actual: 2024-10-01 09:54:50
[2024-10-01 09:54:50] [info] Eventos actualizados de 'en espera' a 'activos': 0
[2024-10-01 09:54:50] [info] Eventos actualizados de 'activos' a 'finalizados': 0
[2024-10-01 09:54:50] [info] Resumen de actualización:
[2024-10-01 09:54:50] [info] Total de eventos actualizados: 0
[2024-10-01 09:54:50] [info] Evento ID: 2, Nombre: Mejores amigos, Inicio: 2024-08-30 04:27:24, Fin: 2024-09-01 22:27:24, Estado: 3
[2024-10-01 09:54:50] [info] Evento ID: 3, Nombre: Empresa Surface, Inicio: 2024-09-12 11:02:00, Fin: 2024-09-13 11:02:00, Estado: 3
[2024-10-01 09:54:50] [info] Evento ID: 34, Nombre: Empresa Deley, Inicio: 2024-09-12 13:02:00, Fin: 2024-09-13 13:02:00, Estado: 3
[2024-10-01 09:54:50] [info] Evento ID: 36, Nombre: Siuu, Inicio: 2024-09-18 21:17:32, Fin: 2024-09-18 21:17:32, Estado: 3
[2024-10-01 09:54:50] [info] Evento ID: 1, Nombre: Microsoft, Inicio: 2024-10-01 09:56:00, Fin: 2024-10-05 13:28:00, Estado: 1
[2024-10-01 09:56:10] [info] Iniciando actualización de estados de eventos. Fecha actual: 2024-10-01 09:56:10
[2024-10-01 09:56:10] [info] Eventos actualizados de 'en espera' a 'activos': 1
[2024-10-01 09:56:10] [info] Eventos actualizados de 'activos' a 'finalizados': 0
[2024-10-01 09:56:10] [info] Resumen de actualización:
[2024-10-01 09:56:10] [info] Total de eventos actualizados: 1
[2024-10-01 09:56:10] [info] Evento ID: 2, Nombre: Mejores amigos, Inicio: 2024-08-30 04:27:24, Fin: 2024-09-01 22:27:24, Estado: 3
[2024-10-01 09:56:10] [info] Evento ID: 3, Nombre: Empresa Surface, Inicio: 2024-09-12 11:02:00, Fin: 2024-09-13 11:02:00, Estado: 3
[2024-10-01 09:56:10] [info] Evento ID: 34, Nombre: Empresa Deley, Inicio: 2024-09-12 13:02:00, Fin: 2024-09-13 13:02:00, Estado: 3
[2024-10-01 09:56:10] [info] Evento ID: 36, Nombre: Siuu, Inicio: 2024-09-18 21:17:32, Fin: 2024-09-18 21:17:32, Estado: 3
[2024-10-01 09:56:10] [info] Evento ID: 1, Nombre: Microsoft, Inicio: 2024-10-01 09:56:00, Fin: 2024-10-05 13:28:00, Estado: 2
[2024-10-01 09:57:41] [info] Iniciando actualización de estados de eventos. Fecha actual: 2024-10-01 09:57:41
[2024-10-01 09:57:41] [info] Eventos actualizados de 'en espera' a 'activos': 1
[2024-10-01 09:57:41] [info] Eventos actualizados de 'activos' a 'finalizados': 0
[2024-10-01 09:57:41] [info] Resumen de actualización:
[2024-10-01 09:57:41] [info] Total de eventos actualizados: 1
[2024-10-01 09:57:41] [info] Evento ID: 2, Nombre: Mejores amigos, Inicio: 2024-08-30 04:27:24, Fin: 2024-09-01 22:27:24, Estado: 3
[2024-10-01 09:57:41] [info] Evento ID: 3, Nombre: Empresa Surface, Inicio: 2024-09-12 11:02:00, Fin: 2024-09-13 11:02:00, Estado: 3
[2024-10-01 09:57:41] [info] Evento ID: 34, Nombre: Empresa Deley, Inicio: 2024-09-12 13:02:00, Fin: 2024-09-13 13:02:00, Estado: 3
[2024-10-01 09:57:41] [info] Evento ID: 36, Nombre: Siuu, Inicio: 2024-09-18 21:17:32, Fin: 2024-09-18 21:17:32, Estado: 3
[2024-10-01 09:57:41] [info] Evento ID: 1, Nombre: Microsoft, Inicio: 2024-10-01 09:56:00, Fin: 2024-10-05 13:28:00, Estado: 2
[2024-10-01 10:05:46] [info] Iniciando actualización de estados de eventos. Fecha actual: 2024-10-01 10:05:46
[2024-10-01 10:05:46] [info] Eventos actualizados de 'en espera' a 'activos': 1
[2024-10-01 10:05:46] [info] Eventos actualizados de 'activos' a 'finalizados': 0
[2024-10-01 10:05:46] [info] Resumen de actualización:
[2024-10-01 10:05:46] [info] Total de eventos actualizados: 1
[2024-10-01 10:05:46] [info] Evento ID: 2, Nombre: Mejores amigos, Inicio: 2024-08-30 04:27:24, Fin: 2024-09-01 22:27:24, Estado: 3
[2024-10-01 10:05:46] [info] Evento ID: 3, Nombre: Empresa Surface, Inicio: 2024-09-12 11:02:00, Fin: 2024-09-13 11:02:00, Estado: 3
[2024-10-01 10:05:46] [info] Evento ID: 34, Nombre: Empresa Deley, Inicio: 2024-09-12 13:02:00, Fin: 2024-09-13 13:02:00, Estado: 3
[2024-10-01 10:05:46] [info] Evento ID: 36, Nombre: Siuu, Inicio: 2024-09-18 21:17:32, Fin: 2024-09-18 21:17:32, Estado: 3
[2024-10-01 10:05:46] [info] Evento ID: 1, Nombre: Microsoft, Inicio: 2024-10-01 09:56:00, Fin: 2024-10-05 13:28:00, Estado: 2
[2024-10-01 10:09:52] [info] Usuario con ID 1 ha iniciado sesión exitosamente
[2024-10-01 11:01:21] [info] Iniciando actualización de estados de eventos. Fecha actual: 2024-10-01 11:01:21
[2024-10-01 11:01:21] [info] Eventos actualizados de 'en espera' a 'activos': 1
[2024-10-01 11:01:21] [info] Eventos actualizados de 'activos' a 'finalizados': 0
[2024-10-01 11:01:21] [info] Resumen de actualización:
[2024-10-01 11:01:21] [info] Total de eventos actualizados: 1
[2024-10-01 11:01:21] [info] Evento ID: 2, Nombre: Mejores amigos, Inicio: 2024-08-30 04:27:24, Fin: 2024-09-01 22:27:24, Estado: 3
[2024-10-01 11:01:21] [info] Evento ID: 3, Nombre: Empresa Surface, Inicio: 2024-09-12 11:02:00, Fin: 2024-09-13 11:02:00, Estado: 3
[2024-10-01 11:01:21] [info] Evento ID: 34, Nombre: Empresa Deley, Inicio: 2024-09-12 13:02:00, Fin: 2024-09-13 13:02:00, Estado: 3
[2024-10-01 11:01:21] [info] Evento ID: 36, Nombre: Siuu, Inicio: 2024-09-18 21:17:32, Fin: 2024-09-18 21:17:32, Estado: 3
[2024-10-01 11:01:21] [info] Evento ID: 1, Nombre: Microsoft, Inicio: 2024-10-01 09:56:00, Fin: 2024-10-05 13:28:00, Estado: 2
[2024-10-01 11:10:44] [info] Iniciando actualización de estados de eventos. Fecha actual: 2024-10-01 11:10:44
[2024-10-01 11:10:44] [info] Eventos actualizados de 'en espera' a 'activos': 1
[2024-10-01 11:10:44] [info] Eventos actualizados de 'activos' a 'finalizados': 0
[2024-10-01 11:10:44] [info] Resumen de actualización:
[2024-10-01 11:10:44] [info] Total de eventos actualizados: 1
[2024-10-01 11:10:44] [info] Evento ID: 2, Nombre: Mejores amigos, Inicio: 2024-08-30 04:27:24, Fin: 2024-09-01 22:27:24, Estado: 3
[2024-10-01 11:10:44] [info] Evento ID: 3, Nombre: Empresa Surface, Inicio: 2024-09-12 11:02:00, Fin: 2024-09-13 11:02:00, Estado: 3
[2024-10-01 11:10:44] [info] Evento ID: 34, Nombre: Empresa Deley, Inicio: 2024-09-12 13:02:00, Fin: 2024-09-13 13:02:00, Estado: 3
[2024-10-01 11:10:44] [info] Evento ID: 36, Nombre: Siuu, Inicio: 2024-09-18 21:17:32, Fin: 2024-09-18 21:17:32, Estado: 3
[2024-10-01 11:10:44] [info] Evento ID: 1, Nombre: Microsoft, Inicio: 2024-10-01 09:56:00, Fin: 2024-10-05 13:28:00, Estado: 2
[2024-10-01 11:16:07] [info] Iniciando actualización de estados de eventos. Fecha actual: 2024-10-01 11:16:07
[2024-10-01 11:16:07] [info] Eventos actualizados de 'en espera' a 'activos': 1
[2024-10-01 11:16:07] [info] Eventos actualizados de 'activos' a 'finalizados': 0
[2024-10-01 11:16:07] [info] Resumen de actualización:
[2024-10-01 11:16:07] [info] Total de eventos actualizados: 1
[2024-10-01 11:16:07] [info] Evento ID: 2, Nombre: Mejores amigos, Inicio: 2024-08-30 04:27:24, Fin: 2024-09-01 22:27:24, Estado: 3
[2024-10-01 11:16:07] [info] Evento ID: 3, Nombre: Empresa Surface, Inicio: 2024-09-12 11:02:00, Fin: 2024-09-13 11:02:00, Estado: 3
[2024-10-01 11:16:07] [info] Evento ID: 34, Nombre: Empresa Deley, Inicio: 2024-09-12 13:02:00, Fin: 2024-09-13 13:02:00, Estado: 3
[2024-10-01 11:16:07] [info] Evento ID: 36, Nombre: Siuu, Inicio: 2024-09-18 21:17:32, Fin: 2024-09-18 21:17:32, Estado: 3
[2024-10-01 11:16:07] [info] Evento ID: 1, Nombre: Microsoft, Inicio: 2024-10-01 09:56:00, Fin: 2024-10-05 13:28:00, Estado: 2
[2024-10-01 11:20:29] [info] Iniciando actualización de estados de eventos. Fecha actual: 2024-10-01 11:20:29
[2024-10-01 11:20:29] [info] Eventos actualizados de 'en espera' a 'activos': 1
[2024-10-01 11:20:29] [info] Eventos actualizados de 'activos' a 'finalizados': 0
[2024-10-01 11:20:29] [info] Resumen de actualización:
[2024-10-01 11:20:29] [info] Total de eventos actualizados: 1
[2024-10-01 11:20:29] [info] Evento ID: 2, Nombre: Mejores amigos, Inicio: 2024-08-30 04:27:24, Fin: 2024-09-01 22:27:24, Estado: 3
[2024-10-01 11:20:29] [info] Evento ID: 3, Nombre: Empresa Surface, Inicio: 2024-09-12 11:02:00, Fin: 2024-09-13 11:02:00, Estado: 3
[2024-10-01 11:20:29] [info] Evento ID: 34, Nombre: Empresa Deley, Inicio: 2024-09-12 13:02:00, Fin: 2024-09-13 13:02:00, Estado: 3
[2024-10-01 11:20:29] [info] Evento ID: 36, Nombre: Siuu, Inicio: 2024-09-18 21:17:32, Fin: 2024-09-18 21:17:32, Estado: 3
[2024-10-01 11:20:29] [info] Evento ID: 1, Nombre: Microsoft, Inicio: 2024-10-01 09:56:00, Fin: 2024-10-05 13:28:00, Estado: 2
[2024-10-01 11:27:21] [info] Iniciando actualización de estados de eventos. Fecha actual: 2024-10-01 11:27:21
[2024-10-01 11:27:21] [info] Eventos actualizados de 'en espera' a 'activos': 1
[2024-10-01 11:27:21] [info] Eventos actualizados de 'activos' a 'finalizados': 0
[2024-10-01 11:27:21] [info] Resumen de actualización:
[2024-10-01 11:27:21] [info] Total de eventos actualizados: 1
[2024-10-01 11:27:21] [info] Evento ID: 2, Nombre: Mejores amigos, Inicio: 2024-08-30 04:27:24, Fin: 2024-09-01 22:27:24, Estado: 3
[2024-10-01 11:27:21] [info] Evento ID: 3, Nombre: Empresa Surface, Inicio: 2024-09-12 11:02:00, Fin: 2024-09-13 11:02:00, Estado: 3
[2024-10-01 11:27:21] [info] Evento ID: 34, Nombre: Empresa Deley, Inicio: 2024-09-12 13:02:00, Fin: 2024-09-13 13:02:00, Estado: 3
[2024-10-01 11:27:21] [info] Evento ID: 36, Nombre: Siuu, Inicio: 2024-09-18 21:17:32, Fin: 2024-09-18 21:17:32, Estado: 3
[2024-10-01 11:27:21] [info] Evento ID: 1, Nombre: Microsoft, Inicio: 2024-10-01 09:56:00, Fin: 2024-10-05 13:28:00, Estado: 2
[2024-10-01 11:27:56] [info] Iniciando actualización de estados de eventos. Fecha actual: 2024-10-01 11:27:56
[2024-10-01 11:27:56] [info] Eventos actualizados de 'en espera' a 'activos': 1
[2024-10-01 11:27:57] [info] Eventos actualizados de 'activos' a 'finalizados': 0
[2024-10-01 11:27:57] [info] Resumen de actualización:
[2024-10-01 11:27:57] [info] Total de eventos actualizados: 1
[2024-10-01 11:27:57] [info] Evento ID: 2, Nombre: Mejores amigos, Inicio: 2024-08-30 04:27:24, Fin: 2024-09-01 22:27:24, Estado: 3
[2024-10-01 11:27:57] [info] Evento ID: 3, Nombre: Empresa Surface, Inicio: 2024-09-12 11:02:00, Fin: 2024-09-13 11:02:00, Estado: 3
[2024-10-01 11:27:57] [info] Evento ID: 34, Nombre: Empresa Deley, Inicio: 2024-09-12 13:02:00, Fin: 2024-09-13 13:02:00, Estado: 3
[2024-10-01 11:27:57] [info] Evento ID: 36, Nombre: Siuu, Inicio: 2024-09-18 21:17:32, Fin: 2024-09-18 21:17:32, Estado: 3
[2024-10-01 11:27:57] [info] Evento ID: 1, Nombre: Microsoft, Inicio: 2024-10-01 09:56:00, Fin: 2024-10-05 13:28:00, Estado: 2
[2024-10-01 11:32:57] [info] Usuario con ID 1 ha iniciado sesión exitosamente
[2024-10-01 11:34:07] [info] Iniciando actualización de estados de eventos. Fecha actual: 2024-10-01 11:34:07
[2024-10-01 11:34:07] [info] Eventos actualizados de 'en espera' a 'activos': 1
[2024-10-01 11:34:07] [info] Eventos actualizados de 'activos' a 'finalizados': 0
[2024-10-01 11:34:07] [info] Resumen de actualización:
[2024-10-01 11:34:07] [info] Total de eventos actualizados: 1
[2024-10-01 11:34:07] [info] Evento ID: 2, Nombre: Mejores amigos, Inicio: 2024-08-30 04:27:24, Fin: 2024-09-01 22:27:24, Estado: 3
[2024-10-01 11:34:07] [info] Evento ID: 3, Nombre: Empresa Surface, Inicio: 2024-09-12 11:02:00, Fin: 2024-09-13 11:02:00, Estado: 3
[2024-10-01 11:34:07] [info] Evento ID: 34, Nombre: Empresa Deley, Inicio: 2024-09-12 13:02:00, Fin: 2024-09-13 13:02:00, Estado: 3
[2024-10-01 11:34:07] [info] Evento ID: 36, Nombre: Siuu, Inicio: 2024-09-18 21:17:32, Fin: 2024-09-18 21:17:32, Estado: 3
[2024-10-01 11:34:07] [info] Evento ID: 1, Nombre: Microsoft, Inicio: 2024-10-01 09:56:00, Fin: 2024-10-05 13:28:00, Estado: 2
[2024-10-01 11:35:34] [info] Iniciando actualización de estados de eventos. Fecha actual: 2024-10-01 11:35:34
[2024-10-01 11:35:34] [info] Eventos actualizados de 'en espera' a 'activos': 1
[2024-10-01 11:35:34] [info] Eventos actualizados de 'activos' a 'finalizados': 0
[2024-10-01 11:35:34] [info] Resumen de actualización:
[2024-10-01 11:35:34] [info] Total de eventos actualizados: 1
[2024-10-01 11:35:34] [info] Evento ID: 2, Nombre: Mejores amigos, Inicio: 2024-08-30 04:27:24, Fin: 2024-09-01 22:27:24, Estado: 3
[2024-10-01 11:35:34] [info] Evento ID: 3, Nombre: Empresa Surface, Inicio: 2024-09-12 11:02:00, Fin: 2024-09-13 11:02:00, Estado: 3
[2024-10-01 11:35:34] [info] Evento ID: 34, Nombre: Empresa Deley, Inicio: 2024-09-12 13:02:00, Fin: 2024-09-13 13:02:00, Estado: 3
[2024-10-01 11:35:34] [info] Evento ID: 36, Nombre: Siuu, Inicio: 2024-09-18 21:17:32, Fin: 2024-09-18 21:17:32, Estado: 3
[2024-10-01 11:35:34] [info] Evento ID: 1, Nombre: Microsoft, Inicio: 2024-10-01 09:56:00, Fin: 2024-10-05 13:28:00, Estado: 2
[2024-10-01 11:40:34] [info] Iniciando actualización de estados de eventos. Fecha actual: 2024-10-01 11:40:34
[2024-10-01 11:40:34] [info] Eventos actualizados de 'en espera' a 'activos': 0
[2024-10-01 11:40:34] [info] Eventos actualizados de 'activos' a 'finalizados': 0
[2024-10-01 11:40:34] [info] Resumen de actualización:
[2024-10-01 11:40:34] [info] Total de eventos actualizados: 0
[2024-10-01 11:40:34] [info] Evento ID: 2, Nombre: Mejores amigos, Inicio: 2024-08-30 04:27:24, Fin: 2024-09-01 22:27:24, Estado: 3
[2024-10-01 11:40:34] [info] Evento ID: 3, Nombre: Empresa Surface, Inicio: 2024-09-12 11:02:00, Fin: 2024-09-13 11:02:00, Estado: 3
[2024-10-01 11:40:34] [info] Evento ID: 34, Nombre: Empresa Deley, Inicio: 2024-09-12 13:02:00, Fin: 2024-09-13 13:02:00, Estado: 3
[2024-10-01 11:40:34] [info] Evento ID: 36, Nombre: Siuu, Inicio: 2024-09-18 21:17:32, Fin: 2024-09-18 21:17:32, Estado: 3
[2024-10-01 11:40:34] [info] Evento ID: 1, Nombre: Microsoft, Inicio: 2024-10-01 09:56:00, Fin: 2024-10-05 13:28:00, Estado: 2
[2024-10-01 11:41:31] [info] Iniciando actualización de estados de eventos. Fecha actual: 2024-10-01 11:41:31
[2024-10-01 11:41:31] [info] Eventos actualizados de 'en espera' a 'activos': 1
[2024-10-01 11:41:31] [info] Eventos actualizados de 'activos' a 'finalizados': 0
[2024-10-01 11:41:31] [info] Resumen de actualización:
[2024-10-01 11:41:31] [info] Total de eventos actualizados: 1
[2024-10-01 11:41:31] [info] Evento ID: 2, Nombre: Mejores amigos, Inicio: 2024-08-30 04:27:24, Fin: 2024-09-01 22:27:24, Estado: 3
[2024-10-01 11:41:31] [info] Evento ID: 3, Nombre: Empresa Surface, Inicio: 2024-09-12 11:02:00, Fin: 2024-09-13 11:02:00, Estado: 3
[2024-10-01 11:41:31] [info] Evento ID: 34, Nombre: Empresa Deley, Inicio: 2024-09-12 13:02:00, Fin: 2024-09-13 13:02:00, Estado: 3
[2024-10-01 11:41:31] [info] Evento ID: 36, Nombre: Siuu, Inicio: 2024-09-18 21:17:32, Fin: 2024-09-18 21:17:32, Estado: 3
[2024-10-01 11:41:31] [info] Evento ID: 1, Nombre: Microsoft, Inicio: 2024-10-01 09:56:00, Fin: 2024-10-05 13:28:00, Estado: 2
[2024-10-01 11:46:45] [warning] Intento de inicio de sesión fallido para el usuario con CI: 1234567
[2024-10-01 11:46:48] [info] Usuario con ID 1 ha iniciado sesión exitosamente
[2024-10-01 11:48:00] [info] Iniciando actualización de estados de eventos. Fecha actual: 2024-10-01 11:48:00
[2024-10-01 11:48:00] [info] Eventos actualizados de 'en espera' a 'activos': 1
[2024-10-01 11:48:00] [info] Eventos actualizados de 'activos' a 'finalizados': 0
[2024-10-01 11:48:00] [info] Resumen de actualización:
[2024-10-01 11:48:00] [info] Total de eventos actualizados: 1
[2024-10-01 11:48:00] [info] Evento ID: 2, Nombre: Mejores amigos, Inicio: 2024-08-30 04:27:24, Fin: 2024-09-01 22:27:24, Estado: 3
[2024-10-01 11:48:00] [info] Evento ID: 3, Nombre: Empresa Surface, Inicio: 2024-09-12 11:02:00, Fin: 2024-09-13 11:02:00, Estado: 3
[2024-10-01 11:48:00] [info] Evento ID: 34, Nombre: Empresa Deley, Inicio: 2024-09-12 13:02:00, Fin: 2024-09-13 13:02:00, Estado: 3
[2024-10-01 11:48:00] [info] Evento ID: 36, Nombre: Siuu, Inicio: 2024-09-18 21:17:32, Fin: 2024-09-18 21:17:32, Estado: 3
[2024-10-01 11:48:00] [info] Evento ID: 1, Nombre: Microsoft, Inicio: 2024-10-01 09:56:00, Fin: 2024-10-05 13:28:00, Estado: 2
[2024-10-01 11:53:00] [info] Iniciando actualización de estados de eventos. Fecha actual: 2024-10-01 11:53:00
[2024-10-01 11:53:00] [info] Eventos actualizados de 'en espera' a 'activos': 0
[2024-10-01 11:53:00] [info] Eventos actualizados de 'activos' a 'finalizados': 0
[2024-10-01 11:53:00] [info] Resumen de actualización:
[2024-10-01 11:53:00] [info] Total de eventos actualizados: 0
[2024-10-01 11:53:00] [info] Evento ID: 2, Nombre: Mejores amigos, Inicio: 2024-08-30 04:27:24, Fin: 2024-09-01 22:27:24, Estado: 3
[2024-10-01 11:53:00] [info] Evento ID: 3, Nombre: Empresa Surface, Inicio: 2024-09-12 11:02:00, Fin: 2024-09-13 11:02:00, Estado: 3
[2024-10-01 11:53:00] [info] Evento ID: 34, Nombre: Empresa Deley, Inicio: 2024-09-12 13:02:00, Fin: 2024-09-13 13:02:00, Estado: 3
[2024-10-01 11:53:00] [info] Evento ID: 36, Nombre: Siuu, Inicio: 2024-09-18 21:17:32, Fin: 2024-09-18 21:17:32, Estado: 3
[2024-10-01 11:53:00] [info] Evento ID: 1, Nombre: Microsoft, Inicio: 2024-10-01 09:56:00, Fin: 2024-10-05 13:28:00, Estado: 2
[2024-10-01 12:07:14] [info] Iniciando actualización de estados de eventos. Fecha actual: 2024-10-01 12:07:14
[2024-10-01 12:07:14] [info] Eventos actualizados de 'en espera' a 'activos': 1
[2024-10-01 12:07:14] [info] Eventos actualizados de 'activos' a 'finalizados': 0
[2024-10-01 12:07:14] [info] Resumen de actualización:
[2024-10-01 12:07:14] [info] Total de eventos actualizados: 1
[2024-10-01 12:07:14] [info] Evento ID: 2, Nombre: Mejores amigos, Inicio: 2024-08-30 04:27:24, Fin: 2024-09-01 22:27:24, Estado: 3
[2024-10-01 12:07:14] [info] Evento ID: 3, Nombre: Empresa Surface, Inicio: 2024-09-12 11:02:00, Fin: 2024-09-13 11:02:00, Estado: 3
[2024-10-01 12:07:14] [info] Evento ID: 34, Nombre: Empresa Deley, Inicio: 2024-09-12 13:02:00, Fin: 2024-09-13 13:02:00, Estado: 3
[2024-10-01 12:07:14] [info] Evento ID: 36, Nombre: Siuu, Inicio: 2024-09-18 21:17:32, Fin: 2024-09-18 21:17:32, Estado: 3
[2024-10-01 12:07:14] [info] Evento ID: 1, Nombre: Microsoft, Inicio: 2024-10-01 09:56:00, Fin: 2024-10-05 13:28:00, Estado: 2
[2024-10-01 12:07:21] [info] Iniciando actualización de estados de eventos. Fecha actual: 2024-10-01 12:07:21
[2024-10-01 12:07:21] [info] Eventos actualizados de 'en espera' a 'activos': 0
[2024-10-01 12:07:21] [info] Eventos actualizados de 'activos' a 'finalizados': 0
[2024-10-01 12:07:21] [info] Resumen de actualización:
[2024-10-01 12:07:21] [info] Total de eventos actualizados: 0
[2024-10-01 12:07:21] [info] Evento ID: 2, Nombre: Mejores amigos, Inicio: 2024-08-30 04:27:24, Fin: 2024-09-01 22:27:24, Estado: 3
[2024-10-01 12:07:21] [info] Evento ID: 3, Nombre: Empresa Surface, Inicio: 2024-09-12 11:02:00, Fin: 2024-09-13 11:02:00, Estado: 3
[2024-10-01 12:07:21] [info] Evento ID: 34, Nombre: Empresa Deley, Inicio: 2024-09-12 13:02:00, Fin: 2024-09-13 13:02:00, Estado: 3
[2024-10-01 12:07:21] [info] Evento ID: 36, Nombre: Siuu, Inicio: 2024-09-18 21:17:32, Fin: 2024-09-18 21:17:32, Estado: 3
[2024-10-01 12:07:21] [info] Evento ID: 1, Nombre: Microsoft, Inicio: 2024-10-01 09:56:00, Fin: 2024-10-05 13:28:00, Estado: 2
[2024-10-01 12:08:01] [info] Iniciando actualización de estados de eventos. Fecha actual: 2024-10-01 12:08:01
[2024-10-01 12:08:01] [info] Eventos actualizados de 'en espera' a 'activos': 0
[2024-10-01 12:08:01] [info] Eventos actualizados de 'activos' a 'finalizados': 0
[2024-10-01 12:08:01] [info] Resumen de actualización:
[2024-10-01 12:08:01] [info] Total de eventos actualizados: 0
[2024-10-01 12:08:01] [info] Evento ID: 2, Nombre: Mejores amigos, Inicio: 2024-08-30 04:27:24, Fin: 2024-09-01 22:27:24, Estado: 3
[2024-10-01 12:08:01] [info] Evento ID: 3, Nombre: Empresa Surface, Inicio: 2024-09-12 11:02:00, Fin: 2024-09-13 11:02:00, Estado: 3
[2024-10-01 12:08:01] [info] Evento ID: 34, Nombre: Empresa Deley, Inicio: 2024-09-12 13:02:00, Fin: 2024-09-13 13:02:00, Estado: 3
[2024-10-01 12:08:01] [info] Evento ID: 36, Nombre: Siuu, Inicio: 2024-09-18 21:17:32, Fin: 2024-09-18 21:17:32, Estado: 3
[2024-10-01 12:08:01] [info] Evento ID: 1, Nombre: Microsoft, Inicio: 2024-10-01 09:56:00, Fin: 2024-10-05 13:28:00, Estado: 2
[2024-10-01 12:08:02] [info] Iniciando actualización de estados de eventos. Fecha actual: 2024-10-01 12:08:02
[2024-10-01 12:08:02] [info] Eventos actualizados de 'en espera' a 'activos': 0
[2024-10-01 12:08:02] [info] Eventos actualizados de 'activos' a 'finalizados': 0
[2024-10-01 12:08:02] [info] Resumen de actualización:
[2024-10-01 12:08:02] [info] Total de eventos actualizados: 0
[2024-10-01 12:08:02] [info] Evento ID: 2, Nombre: Mejores amigos, Inicio: 2024-08-30 04:27:24, Fin: 2024-09-01 22:27:24, Estado: 3
[2024-10-01 12:08:02] [info] Evento ID: 3, Nombre: Empresa Surface, Inicio: 2024-09-12 11:02:00, Fin: 2024-09-13 11:02:00, Estado: 3
[2024-10-01 12:08:02] [info] Evento ID: 34, Nombre: Empresa Deley, Inicio: 2024-09-12 13:02:00, Fin: 2024-09-13 13:02:00, Estado: 3
[2024-10-01 12:08:02] [info] Evento ID: 36, Nombre: Siuu, Inicio: 2024-09-18 21:17:32, Fin: 2024-09-18 21:17:32, Estado: 3
[2024-10-01 12:08:02] [info] Evento ID: 1, Nombre: Microsoft, Inicio: 2024-10-01 09:56:00, Fin: 2024-10-05 13:28:00, Estado: 2
[2024-10-01 12:11:43] [info] Iniciando actualización de estados de eventos. Fecha actual: 2024-10-01 12:11:43
[2024-10-01 12:11:43] [info] Eventos actualizados de 'en espera' a 'activos': 1
[2024-10-01 12:11:43] [info] Eventos actualizados de 'activos' a 'finalizados': 0
[2024-10-01 12:11:43] [info] Resumen de actualización:
[2024-10-01 12:11:43] [info] Total de eventos actualizados: 1
[2024-10-01 12:11:43] [info] Evento ID: 2, Nombre: Mejores amigos, Inicio: 2024-08-30 04:27:24, Fin: 2024-09-01 22:27:24, Estado: 3
[2024-10-01 12:11:43] [info] Evento ID: 3, Nombre: Empresa Surface, Inicio: 2024-09-12 11:02:00, Fin: 2024-09-13 11:02:00, Estado: 3
[2024-10-01 12:11:43] [info] Evento ID: 34, Nombre: Empresa Deley, Inicio: 2024-09-12 13:02:00, Fin: 2024-09-13 13:02:00, Estado: 3
[2024-10-01 12:11:43] [info] Evento ID: 36, Nombre: Siuu, Inicio: 2024-09-18 21:17:32, Fin: 2024-09-18 21:17:32, Estado: 3
[2024-10-01 12:11:43] [info] Evento ID: 1, Nombre: Microsoft, Inicio: 2024-10-01 09:56:00, Fin: 2024-10-05 13:28:00, Estado: 2
[2024-10-01 12:19:02] [info] Iniciando actualización de estados de eventos. Fecha actual: 2024-10-01 12:19:02
[2024-10-01 12:19:02] [info] Eventos actualizados de 'en espera' a 'activos': 1
[2024-10-01 12:19:02] [info] Eventos actualizados de 'activos' a 'finalizados': 0
[2024-10-01 12:19:02] [info] Resumen de actualización:
[2024-10-01 12:19:02] [info] Total de eventos actualizados: 1
[2024-10-01 12:19:02] [info] Evento ID: 2, Nombre: Mejores amigos, Inicio: 2024-08-30 04:27:24, Fin: 2024-09-01 22:27:24, Estado: 3
[2024-10-01 12:19:02] [info] Evento ID: 3, Nombre: Empresa Surface, Inicio: 2024-09-12 11:02:00, Fin: 2024-09-13 11:02:00, Estado: 3
[2024-10-01 12:19:02] [info] Evento ID: 34, Nombre: Empresa Deley, Inicio: 2024-09-12 13:02:00, Fin: 2024-09-13 13:02:00, Estado: 3
[2024-10-01 12:19:02] [info] Evento ID: 36, Nombre: Siuu, Inicio: 2024-09-18 21:17:32, Fin: 2024-09-18 21:17:32, Estado: 3
[2024-10-01 12:19:02] [info] Evento ID: 1, Nombre: Microsoft, Inicio: 2024-10-01 09:56:00, Fin: 2024-10-05 13:28:00, Estado: 2
[2024-10-01 12:20:02] [info] Iniciando actualización de estados de eventos. Fecha actual: 2024-10-01 12:20:02
[2024-10-01 12:20:02] [info] Eventos actualizados de 'en espera' a 'activos': 1
[2024-10-01 12:20:02] [info] Eventos actualizados de 'activos' a 'finalizados': 0
[2024-10-01 12:20:02] [info] Resumen de actualización:
[2024-10-01 12:20:02] [info] Total de eventos actualizados: 1
[2024-10-01 12:20:02] [info] Evento ID: 2, Nombre: Mejores amigos, Inicio: 2024-08-30 04:27:24, Fin: 2024-09-01 22:27:24, Estado: 3
[2024-10-01 12:20:02] [info] Evento ID: 3, Nombre: Empresa Surface, Inicio: 2024-09-12 11:02:00, Fin: 2024-09-13 11:02:00, Estado: 3
[2024-10-01 12:20:02] [info] Evento ID: 34, Nombre: Empresa Deley, Inicio: 2024-09-12 13:02:00, Fin: 2024-09-13 13:02:00, Estado: 3
[2024-10-01 12:20:02] [info] Evento ID: 36, Nombre: Siuu, Inicio: 2024-09-18 21:17:32, Fin: 2024-09-18 21:17:32, Estado: 3
[2024-10-01 12:20:02] [info] Evento ID: 1, Nombre: Microsoft, Inicio: 2024-10-01 09:56:00, Fin: 2024-10-05 13:28:00, Estado: 2
[2024-10-01 12:20:27] [info] Iniciando actualización de estados de eventos. Fecha actual: 2024-10-01 12:20:27
[2024-10-01 12:20:27] [info] Eventos actualizados de 'en espera' a 'activos': 0
[2024-10-01 12:20:27] [info] Eventos actualizados de 'activos' a 'finalizados': 0
[2024-10-01 12:20:27] [info] Resumen de actualización:
[2024-10-01 12:20:27] [info] Total de eventos actualizados: 0
[2024-10-01 12:20:27] [info] Evento ID: 2, Nombre: Mejores amigos, Inicio: 2024-08-30 04:27:24, Fin: 2024-09-01 22:27:24, Estado: 3
[2024-10-01 12:20:27] [info] Evento ID: 3, Nombre: Empresa Surface, Inicio: 2024-09-12 11:02:00, Fin: 2024-09-13 11:02:00, Estado: 3
[2024-10-01 12:20:27] [info] Evento ID: 34, Nombre: Empresa Deley, Inicio: 2024-09-12 13:02:00, Fin: 2024-09-13 13:02:00, Estado: 3
[2024-10-01 12:20:27] [info] Evento ID: 36, Nombre: Siuu, Inicio: 2024-09-18 21:17:32, Fin: 2024-09-18 21:17:32, Estado: 3
[2024-10-01 12:20:27] [info] Evento ID: 1, Nombre: Microsoft, Inicio: 2024-10-01 09:56:00, Fin: 2024-10-05 13:28:00, Estado: 2
[2024-10-01 12:20:36] [info] Iniciando actualización de estados de eventos. Fecha actual: 2024-10-01 12:20:36
[2024-10-01 12:20:36] [info] Eventos actualizados de 'en espera' a 'activos': 0
[2024-10-01 12:20:36] [info] Eventos actualizados de 'activos' a 'finalizados': 0
[2024-10-01 12:20:36] [info] Resumen de actualización:
[2024-10-01 12:20:36] [info] Total de eventos actualizados: 0
[2024-10-01 12:20:36] [info] Evento ID: 2, Nombre: Mejores amigos, Inicio: 2024-08-30 04:27:24, Fin: 2024-09-01 22:27:24, Estado: 3
[2024-10-01 12:20:36] [info] Evento ID: 3, Nombre: Empresa Surface, Inicio: 2024-09-12 11:02:00, Fin: 2024-09-13 11:02:00, Estado: 3
[2024-10-01 12:20:36] [info] Evento ID: 34, Nombre: Empresa Deley, Inicio: 2024-09-12 13:02:00, Fin: 2024-09-13 13:02:00, Estado: 3
[2024-10-01 12:20:36] [info] Evento ID: 36, Nombre: Siuu, Inicio: 2024-09-18 21:17:32, Fin: 2024-09-18 21:17:32, Estado: 3
[2024-10-01 12:20:36] [info] Evento ID: 1, Nombre: Microsoft, Inicio: 2024-10-01 09:56:00, Fin: 2024-10-05 13:28:00, Estado: 2
[2024-10-01 12:21:27] [info] Iniciando actualización de estados de eventos. Fecha actual: 2024-10-01 12:21:27
[2024-10-01 12:21:27] [info] Eventos actualizados de 'en espera' a 'activos': 0
[2024-10-01 12:21:27] [info] Eventos actualizados de 'activos' a 'finalizados': 0
[2024-10-01 12:21:27] [info] Resumen de actualización:
[2024-10-01 12:21:27] [info] Total de eventos actualizados: 0
[2024-10-01 12:21:27] [info] Evento ID: 2, Nombre: Mejores amigos, Inicio: 2024-08-30 04:27:24, Fin: 2024-09-01 22:27:24, Estado: 3
[2024-10-01 12:21:27] [info] Evento ID: 3, Nombre: Empresa Surface, Inicio: 2024-09-12 11:02:00, Fin: 2024-09-13 11:02:00, Estado: 3
[2024-10-01 12:21:27] [info] Evento ID: 34, Nombre: Empresa Deley, Inicio: 2024-09-12 13:02:00, Fin: 2024-09-13 13:02:00, Estado: 3
[2024-10-01 12:21:27] [info] Evento ID: 36, Nombre: Siuu, Inicio: 2024-09-18 21:17:32, Fin: 2024-09-18 21:17:32, Estado: 3
[2024-10-01 12:21:27] [info] Evento ID: 1, Nombre: Microsoft, Inicio: 2024-10-01 09:56:00, Fin: 2024-10-05 13:28:00, Estado: 2
[2024-10-01 12:21:29] [info] Iniciando actualización de estados de eventos. Fecha actual: 2024-10-01 12:21:29
[2024-10-01 12:21:29] [info] Eventos actualizados de 'en espera' a 'activos': 0
[2024-10-01 12:21:29] [info] Eventos actualizados de 'activos' a 'finalizados': 0
[2024-10-01 12:21:29] [info] Resumen de actualización:
[2024-10-01 12:21:29] [info] Total de eventos actualizados: 0
[2024-10-01 12:21:29] [info] Evento ID: 2, Nombre: Mejores amigos, Inicio: 2024-08-30 04:27:24, Fin: 2024-09-01 22:27:24, Estado: 3
[2024-10-01 12:21:29] [info] Evento ID: 3, Nombre: Empresa Surface, Inicio: 2024-09-12 11:02:00, Fin: 2024-09-13 11:02:00, Estado: 3
[2024-10-01 12:21:29] [info] Evento ID: 34, Nombre: Empresa Deley, Inicio: 2024-09-12 13:02:00, Fin: 2024-09-13 13:02:00, Estado: 3
[2024-10-01 12:21:29] [info] Evento ID: 36, Nombre: Siuu, Inicio: 2024-09-18 21:17:32, Fin: 2024-09-18 21:17:32, Estado: 3
[2024-10-01 12:21:29] [info] Evento ID: 1, Nombre: Microsoft, Inicio: 2024-10-01 09:56:00, Fin: 2024-10-05 13:28:00, Estado: 2
[2024-10-01 12:21:30] [info] Iniciando actualización de estados de eventos. Fecha actual: 2024-10-01 12:21:30
[2024-10-01 12:21:30] [info] Eventos actualizados de 'en espera' a 'activos': 0
[2024-10-01 12:21:30] [info] Eventos actualizados de 'activos' a 'finalizados': 0
[2024-10-01 12:21:30] [info] Resumen de actualización:
[2024-10-01 12:21:30] [info] Total de eventos actualizados: 0
[2024-10-01 12:21:30] [info] Evento ID: 2, Nombre: Mejores amigos, Inicio: 2024-08-30 04:27:24, Fin: 2024-09-01 22:27:24, Estado: 3
[2024-10-01 12:21:30] [info] Evento ID: 3, Nombre: Empresa Surface, Inicio: 2024-09-12 11:02:00, Fin: 2024-09-13 11:02:00, Estado: 3
[2024-10-01 12:21:30] [info] Evento ID: 34, Nombre: Empresa Deley, Inicio: 2024-09-12 13:02:00, Fin: 2024-09-13 13:02:00, Estado: 3
[2024-10-01 12:21:30] [info] Evento ID: 1, Nombre: Microsoft, Inicio: 2024-10-01 09:56:00, Fin: 2024-10-05 13:28:00, Estado: 2
[2024-10-01 12:21:30] [info] Evento ID: 36, Nombre: Siuu, Inicio: 2024-10-01 12:23:00, Fin: 2024-10-09 21:17:32, Estado: 3
[2024-10-01 12:21:57] [info] Iniciando actualización de estados de eventos. Fecha actual: 2024-10-01 12:21:57
[2024-10-01 12:21:57] [info] Eventos actualizados de 'en espera' a 'activos': 0
[2024-10-01 12:21:57] [info] Eventos actualizados de 'activos' a 'finalizados': 0
[2024-10-01 12:21:57] [info] Resumen de actualización:
[2024-10-01 12:21:57] [info] Total de eventos actualizados: 0
[2024-10-01 12:21:57] [info] Evento ID: 2, Nombre: Mejores amigos, Inicio: 2024-08-30 04:27:24, Fin: 2024-09-01 22:27:24, Estado: 3
[2024-10-01 12:21:57] [info] Evento ID: 3, Nombre: Empresa Surface, Inicio: 2024-09-12 11:02:00, Fin: 2024-09-13 11:02:00, Estado: 3
[2024-10-01 12:21:57] [info] Evento ID: 34, Nombre: Empresa Deley, Inicio: 2024-09-12 13:02:00, Fin: 2024-09-13 13:02:00, Estado: 3
[2024-10-01 12:21:57] [info] Evento ID: 1, Nombre: Microsoft, Inicio: 2024-10-01 09:56:00, Fin: 2024-10-05 13:28:00, Estado: 2
[2024-10-01 12:21:57] [info] Evento ID: 36, Nombre: Siuu, Inicio: 2024-10-01 12:23:00, Fin: 2024-10-09 21:17:32, Estado: 1
[2024-10-01 12:22:57] [info] Iniciando actualización de estados de eventos. Fecha actual: 2024-10-01 12:22:57
[2024-10-01 12:22:57] [info] Eventos actualizados de 'en espera' a 'activos': 0
[2024-10-01 12:22:57] [info] Eventos actualizados de 'activos' a 'finalizados': 0
[2024-10-01 12:22:57] [info] Resumen de actualización:
[2024-10-01 12:22:57] [info] Total de eventos actualizados: 0
[2024-10-01 12:22:57] [info] Evento ID: 2, Nombre: Mejores amigos, Inicio: 2024-08-30 04:27:24, Fin: 2024-09-01 22:27:24, Estado: 3
[2024-10-01 12:22:57] [info] Evento ID: 3, Nombre: Empresa Surface, Inicio: 2024-09-12 11:02:00, Fin: 2024-09-13 11:02:00, Estado: 3
[2024-10-01 12:22:57] [info] Evento ID: 34, Nombre: Empresa Deley, Inicio: 2024-09-12 13:02:00, Fin: 2024-09-13 13:02:00, Estado: 3
[2024-10-01 12:22:57] [info] Evento ID: 1, Nombre: Microsoft, Inicio: 2024-10-01 09:56:00, Fin: 2024-10-05 13:28:00, Estado: 2
[2024-10-01 12:22:57] [info] Evento ID: 36, Nombre: Siuu, Inicio: 2024-10-01 12:23:00, Fin: 2024-10-09 21:17:32, Estado: 1
[2024-10-01 12:23:36] [info] Iniciando actualización de estados de eventos. Fecha actual: 2024-10-01 12:23:36
[2024-10-01 12:23:36] [info] Eventos actualizados de 'en espera' a 'activos': 1
[2024-10-01 12:23:36] [info] Eventos actualizados de 'activos' a 'finalizados': 0
[2024-10-01 12:23:36] [info] Resumen de actualización:
[2024-10-01 12:23:36] [info] Total de eventos actualizados: 1
[2024-10-01 12:23:36] [info] Evento ID: 2, Nombre: Mejores amigos, Inicio: 2024-08-30 04:27:24, Fin: 2024-09-01 22:27:24, Estado: 3
[2024-10-01 12:23:36] [info] Evento ID: 3, Nombre: Empresa Surface, Inicio: 2024-09-12 11:02:00, Fin: 2024-09-13 11:02:00, Estado: 3
[2024-10-01 12:23:36] [info] Evento ID: 34, Nombre: Empresa Deley, Inicio: 2024-09-12 13:02:00, Fin: 2024-09-13 13:02:00, Estado: 3
[2024-10-01 12:23:36] [info] Evento ID: 1, Nombre: Microsoft, Inicio: 2024-10-01 09:56:00, Fin: 2024-10-05 13:28:00, Estado: 2
[2024-10-01 12:23:36] [info] Evento ID: 36, Nombre: Siuu, Inicio: 2024-10-01 12:23:00, Fin: 2024-10-09 21:17:32, Estado: 2
[2024-10-01 12:23:59] [info] Iniciando actualización de estados de eventos. Fecha actual: 2024-10-01 12:23:59
[2024-10-01 12:23:59] [info] Eventos actualizados de 'en espera' a 'activos': 0
[2024-10-01 12:23:59] [info] Eventos actualizados de 'activos' a 'finalizados': 0
[2024-10-01 12:23:59] [info] Resumen de actualización:
[2024-10-01 12:23:59] [info] Total de eventos actualizados: 0
[2024-10-01 12:23:59] [info] Evento ID: 2, Nombre: Mejores amigos, Inicio: 2024-08-30 04:27:24, Fin: 2024-09-01 22:27:24, Estado: 3
[2024-10-01 12:23:59] [info] Evento ID: 3, Nombre: Empresa Surface, Inicio: 2024-09-12 11:02:00, Fin: 2024-09-13 11:02:00, Estado: 3
[2024-10-01 12:23:59] [info] Evento ID: 34, Nombre: Empresa Deley, Inicio: 2024-09-12 13:02:00, Fin: 2024-09-13 13:02:00, Estado: 3
[2024-10-01 12:23:59] [info] Evento ID: 1, Nombre: Microsoft, Inicio: 2024-10-01 09:56:00, Fin: 2024-10-05 13:28:00, Estado: 2
[2024-10-01 12:23:59] [info] Evento ID: 36, Nombre: Siuu, Inicio: 2024-10-01 12:23:00, Fin: 2024-10-09 21:17:32, Estado: 2
[2024-10-01 12:24:21] [info] Iniciando actualización de estados de eventos. Fecha actual: 2024-10-01 12:24:21
[2024-10-01 12:24:21] [info] Eventos actualizados de 'en espera' a 'activos': 0
[2024-10-01 12:24:21] [info] Eventos actualizados de 'activos' a 'finalizados': 0
[2024-10-01 12:24:21] [info] Resumen de actualización:
[2024-10-01 12:24:21] [info] Total de eventos actualizados: 0
[2024-10-01 12:24:21] [info] Evento ID: 2, Nombre: Mejores amigos, Inicio: 2024-08-30 04:27:24, Fin: 2024-09-01 22:27:24, Estado: 3
[2024-10-01 12:24:21] [info] Evento ID: 3, Nombre: Empresa Surface, Inicio: 2024-09-12 11:02:00, Fin: 2024-09-13 11:02:00, Estado: 3
[2024-10-01 12:24:21] [info] Evento ID: 34, Nombre: Empresa Deley, Inicio: 2024-09-12 13:02:00, Fin: 2024-09-13 13:02:00, Estado: 3
[2024-10-01 12:24:21] [info] Evento ID: 1, Nombre: Microsoft, Inicio: 2024-10-01 09:56:00, Fin: 2024-10-05 13:28:00, Estado: 2
[2024-10-01 12:24:21] [info] Evento ID: 36, Nombre: Siuu, Inicio: 2024-10-01 12:23:00, Fin: 2024-10-09 21:17:32, Estado: 2
[2024-10-01 12:24:30] [info] Iniciando actualización de estados de eventos. Fecha actual: 2024-10-01 12:24:30
[2024-10-01 12:24:30] [info] Eventos actualizados de 'en espera' a 'activos': 0
[2024-10-01 12:24:30] [info] Eventos actualizados de 'activos' a 'finalizados': 0
[2024-10-01 12:24:30] [info] Resumen de actualización:
[2024-10-01 12:24:30] [info] Total de eventos actualizados: 0
[2024-10-01 12:24:30] [info] Evento ID: 2, Nombre: Mejores amigos, Inicio: 2024-08-30 04:27:24, Fin: 2024-09-01 22:27:24, Estado: 3
[2024-10-01 12:24:30] [info] Evento ID: 3, Nombre: Empresa Surface, Inicio: 2024-09-12 11:02:00, Fin: 2024-09-13 11:02:00, Estado: 3
[2024-10-01 12:24:30] [info] Evento ID: 34, Nombre: Empresa Deley, Inicio: 2024-09-12 13:02:00, Fin: 2024-09-13 13:02:00, Estado: 3
[2024-10-01 12:24:30] [info] Evento ID: 1, Nombre: Microsoft, Inicio: 2024-10-01 09:56:00, Fin: 2024-10-05 13:28:00, Estado: 2
[2024-10-01 12:24:30] [info] Evento ID: 36, Nombre: Siuu, Inicio: 2024-10-01 12:23:00, Fin: 2024-10-09 21:17:32, Estado: 2
[2024-10-01 12:24:32] [info] Iniciando actualización de estados de eventos. Fecha actual: 2024-10-01 12:24:32
[2024-10-01 12:24:32] [info] Eventos actualizados de 'en espera' a 'activos': 0
[2024-10-01 12:24:32] [info] Eventos actualizados de 'activos' a 'finalizados': 0
[2024-10-01 12:24:32] [info] Resumen de actualización:
[2024-10-01 12:24:32] [info] Total de eventos actualizados: 0
[2024-10-01 12:24:32] [info] Evento ID: 3, Nombre: Empresa Surface, Inicio: 2024-09-12 11:02:00, Fin: 2024-09-13 11:02:00, Estado: 3
[2024-10-01 12:24:32] [info] Evento ID: 34, Nombre: Empresa Deley, Inicio: 2024-09-12 13:02:00, Fin: 2024-09-13 13:02:00, Estado: 3
[2024-10-01 12:24:32] [info] Evento ID: 1, Nombre: Microsoft, Inicio: 2024-10-01 09:56:00, Fin: 2024-10-05 13:28:00, Estado: 2
[2024-10-01 12:24:32] [info] Evento ID: 36, Nombre: Siuu, Inicio: 2024-10-01 12:23:00, Fin: 2024-10-09 21:17:32, Estado: 2
[2024-10-01 12:24:32] [info] Evento ID: 2, Nombre: Mejores amigos, Inicio: 2024-10-01 12:26:00, Fin: 2024-10-06 22:27:24, Estado: 3
[2024-10-01 12:24:41] [info] Iniciando actualización de estados de eventos. Fecha actual: 2024-10-01 12:24:41
[2024-10-01 12:24:41] [info] Eventos actualizados de 'en espera' a 'activos': 0
[2024-10-01 12:24:41] [info] Eventos actualizados de 'activos' a 'finalizados': 0
[2024-10-01 12:24:41] [info] Resumen de actualización:
[2024-10-01 12:24:41] [info] Total de eventos actualizados: 0
[2024-10-01 12:24:41] [info] Evento ID: 3, Nombre: Empresa Surface, Inicio: 2024-09-12 11:02:00, Fin: 2024-09-13 11:02:00, Estado: 3
[2024-10-01 12:24:41] [info] Evento ID: 34, Nombre: Empresa Deley, Inicio: 2024-09-12 13:02:00, Fin: 2024-09-13 13:02:00, Estado: 3
[2024-10-01 12:24:41] [info] Evento ID: 1, Nombre: Microsoft, Inicio: 2024-10-01 09:56:00, Fin: 2024-10-05 13:28:00, Estado: 2
[2024-10-01 12:24:41] [info] Evento ID: 36, Nombre: Siuu, Inicio: 2024-10-01 12:23:00, Fin: 2024-10-09 21:17:32, Estado: 2
[2024-10-01 12:24:41] [info] Evento ID: 2, Nombre: Mejores amigos, Inicio: 2024-10-01 12:26:00, Fin: 2024-10-06 22:27:24, Estado: 3
[2024-10-01 12:24:57] [info] Iniciando actualización de estados de eventos. Fecha actual: 2024-10-01 12:24:57
[2024-10-01 12:24:57] [info] Eventos actualizados de 'en espera' a 'activos': 0
[2024-10-01 12:24:57] [info] Eventos actualizados de 'activos' a 'finalizados': 0
[2024-10-01 12:24:57] [info] Resumen de actualización:
[2024-10-01 12:24:57] [info] Total de eventos actualizados: 0
[2024-10-01 12:24:57] [info] Evento ID: 3, Nombre: Empresa Surface, Inicio: 2024-09-12 11:02:00, Fin: 2024-09-13 11:02:00, Estado: 3
[2024-10-01 12:24:57] [info] Evento ID: 34, Nombre: Empresa Deley, Inicio: 2024-09-12 13:02:00, Fin: 2024-09-13 13:02:00, Estado: 3
[2024-10-01 12:24:57] [info] Evento ID: 1, Nombre: Microsoft, Inicio: 2024-10-01 09:56:00, Fin: 2024-10-05 13:28:00, Estado: 2
[2024-10-01 12:24:57] [info] Evento ID: 36, Nombre: Siuu, Inicio: 2024-10-01 12:23:00, Fin: 2024-10-09 21:17:32, Estado: 2
[2024-10-01 12:24:57] [info] Evento ID: 2, Nombre: Mejores amigos, Inicio: 2024-10-01 12:26:00, Fin: 2024-10-06 22:27:24, Estado: 3
[2024-10-01 12:24:58] [info] Iniciando actualización de estados de eventos. Fecha actual: 2024-10-01 12:24:58
[2024-10-01 12:24:58] [info] Eventos actualizados de 'en espera' a 'activos': 0
[2024-10-01 12:24:58] [info] Eventos actualizados de 'activos' a 'finalizados': 0
[2024-10-01 12:24:58] [info] Resumen de actualización:
[2024-10-01 12:24:58] [info] Total de eventos actualizados: 0
[2024-10-01 12:24:58] [info] Evento ID: 3, Nombre: Empresa Surface, Inicio: 2024-09-12 11:02:00, Fin: 2024-09-13 11:02:00, Estado: 3
[2024-10-01 12:24:58] [info] Evento ID: 34, Nombre: Empresa Deley, Inicio: 2024-09-12 13:02:00, Fin: 2024-09-13 13:02:00, Estado: 3
[2024-10-01 12:24:58] [info] Evento ID: 1, Nombre: Microsoft, Inicio: 2024-10-01 09:56:00, Fin: 2024-10-01 13:28:00, Estado: 2
[2024-10-01 12:24:58] [info] Evento ID: 36, Nombre: Siuu, Inicio: 2024-10-01 12:23:00, Fin: 2024-10-09 21:17:32, Estado: 2
[2024-10-01 12:24:58] [info] Evento ID: 2, Nombre: Mejores amigos, Inicio: 2024-10-01 12:26:00, Fin: 2024-10-06 22:27:24, Estado: 3
[2024-10-01 12:25:25] [info] Iniciando actualización de estados de eventos. Fecha actual: 2024-10-01 12:25:25
[2024-10-01 12:25:25] [info] Eventos actualizados de 'en espera' a 'activos': 0
[2024-10-01 12:25:25] [info] Eventos actualizados de 'activos' a 'finalizados': 0
[2024-10-01 12:25:25] [info] Resumen de actualización:
[2024-10-01 12:25:25] [info] Total de eventos actualizados: 0
[2024-10-01 12:25:25] [info] Evento ID: 3, Nombre: Empresa Surface, Inicio: 2024-09-12 11:02:00, Fin: 2024-09-13 11:02:00, Estado: 3
[2024-10-01 12:25:25] [info] Evento ID: 34, Nombre: Empresa Deley, Inicio: 2024-09-12 13:02:00, Fin: 2024-09-13 13:02:00, Estado: 3
[2024-10-01 12:25:25] [info] Evento ID: 1, Nombre: Microsoft, Inicio: 2024-10-01 09:56:00, Fin: 2024-10-01 13:28:00, Estado: 2
[2024-10-01 12:25:25] [info] Evento ID: 36, Nombre: Siuu, Inicio: 2024-10-01 12:23:00, Fin: 2024-10-09 21:17:32, Estado: 2
[2024-10-01 12:25:25] [info] Evento ID: 2, Nombre: Mejores amigos, Inicio: 2024-10-01 12:26:00, Fin: 2024-10-06 22:27:24, Estado: 1
[2024-10-01 12:26:25] [info] Iniciando actualización de estados de eventos. Fecha actual: 2024-10-01 12:26:25
[2024-10-01 12:26:25] [info] Eventos actualizados de 'en espera' a 'activos': 1
[2024-10-01 12:26:25] [info] Eventos actualizados de 'activos' a 'finalizados': 0
[2024-10-01 12:26:25] [info] Resumen de actualización:
[2024-10-01 12:26:25] [info] Total de eventos actualizados: 1
[2024-10-01 12:26:25] [info] Evento ID: 3, Nombre: Empresa Surface, Inicio: 2024-09-12 11:02:00, Fin: 2024-09-13 11:02:00, Estado: 3
[2024-10-01 12:26:25] [info] Evento ID: 34, Nombre: Empresa Deley, Inicio: 2024-09-12 13:02:00, Fin: 2024-09-13 13:02:00, Estado: 3
[2024-10-01 12:26:25] [info] Evento ID: 1, Nombre: Microsoft, Inicio: 2024-10-01 09:56:00, Fin: 2024-10-01 13:28:00, Estado: 2
[2024-10-01 12:26:25] [info] Evento ID: 36, Nombre: Siuu, Inicio: 2024-10-01 12:23:00, Fin: 2024-10-09 21:17:32, Estado: 2
[2024-10-01 12:26:25] [info] Evento ID: 2, Nombre: Mejores amigos, Inicio: 2024-10-01 12:26:00, Fin: 2024-10-06 22:27:24, Estado: 2
[2024-10-01 12:26:54] [info] Iniciando actualización de estados de eventos. Fecha actual: 2024-10-01 12:26:54
[2024-10-01 12:26:54] [info] Eventos actualizados de 'en espera' a 'activos': 0
[2024-10-01 12:26:54] [info] Eventos actualizados de 'activos' a 'finalizados': 0
[2024-10-01 12:26:54] [info] Resumen de actualización:
[2024-10-01 12:26:54] [info] Total de eventos actualizados: 0
[2024-10-01 12:26:54] [info] Evento ID: 3, Nombre: Empresa Surface, Inicio: 2024-09-12 11:02:00, Fin: 2024-09-13 11:02:00, Estado: 3
[2024-10-01 12:26:54] [info] Evento ID: 34, Nombre: Empresa Deley, Inicio: 2024-09-12 13:02:00, Fin: 2024-09-13 13:02:00, Estado: 3
[2024-10-01 12:26:54] [info] Evento ID: 1, Nombre: Microsoft, Inicio: 2024-10-01 09:56:00, Fin: 2024-10-01 13:28:00, Estado: 2
[2024-10-01 12:26:54] [info] Evento ID: 36, Nombre: Siuu, Inicio: 2024-10-01 12:23:00, Fin: 2024-10-09 21:17:32, Estado: 2
[2024-10-01 12:26:54] [info] Evento ID: 2, Nombre: Mejores amigos, Inicio: 2024-10-01 12:26:00, Fin: 2024-10-06 22:27:24, Estado: 2
[2024-10-01 12:27:00] [info] Iniciando actualización de estados de eventos. Fecha actual: 2024-10-01 12:27:00
[2024-10-01 12:27:00] [info] Eventos actualizados de 'en espera' a 'activos': 0
[2024-10-01 12:27:00] [info] Eventos actualizados de 'activos' a 'finalizados': 0
[2024-10-01 12:27:00] [info] Resumen de actualización:
[2024-10-01 12:27:00] [info] Total de eventos actualizados: 0
[2024-10-01 12:27:00] [info] Evento ID: 3, Nombre: Empresa Surface, Inicio: 2024-09-12 11:02:00, Fin: 2024-09-13 11:02:00, Estado: 3
[2024-10-01 12:27:00] [info] Evento ID: 34, Nombre: Empresa Deley, Inicio: 2024-09-12 13:02:00, Fin: 2024-09-13 13:02:00, Estado: 3
[2024-10-01 12:27:00] [info] Evento ID: 1, Nombre: Microsoft, Inicio: 2024-10-01 09:56:00, Fin: 2024-10-01 13:28:00, Estado: 2
[2024-10-01 12:27:00] [info] Evento ID: 36, Nombre: Siuu, Inicio: 2024-10-01 12:23:00, Fin: 2024-10-09 21:17:32, Estado: 2
[2024-10-01 12:27:00] [info] Evento ID: 2, Nombre: Mejores amigos, Inicio: 2024-10-01 12:26:00, Fin: 2024-10-06 22:27:24, Estado: 2
[2024-10-01 12:27:23] [info] Iniciando actualización de estados de eventos. Fecha actual: 2024-10-01 12:27:23
[2024-10-01 12:27:23] [info] Eventos actualizados de 'en espera' a 'activos': 0
[2024-10-01 12:27:23] [info] Eventos actualizados de 'activos' a 'finalizados': 0
[2024-10-01 12:27:23] [info] Resumen de actualización:
[2024-10-01 12:27:23] [info] Total de eventos actualizados: 0
[2024-10-01 12:27:23] [info] Evento ID: 3, Nombre: Empresa Surface, Inicio: 2024-09-12 11:02:00, Fin: 2024-09-13 11:02:00, Estado: 3
[2024-10-01 12:27:23] [info] Evento ID: 34, Nombre: Empresa Deley, Inicio: 2024-09-12 13:02:00, Fin: 2024-09-13 13:02:00, Estado: 3
[2024-10-01 12:27:23] [info] Evento ID: 1, Nombre: Microsoft, Inicio: 2024-10-01 09:56:00, Fin: 2024-10-01 13:28:00, Estado: 2
[2024-10-01 12:27:23] [info] Evento ID: 36, Nombre: Siuu, Inicio: 2024-10-01 12:23:00, Fin: 2024-10-09 21:17:32, Estado: 2
[2024-10-01 12:27:23] [info] Evento ID: 2, Nombre: Mejores amigos, Inicio: 2024-10-01 12:26:00, Fin: 2024-10-06 22:27:24, Estado: 2
[2024-10-01 12:27:25] [info] Iniciando actualización de estados de eventos. Fecha actual: 2024-10-01 12:27:25
[2024-10-01 12:27:25] [info] Eventos actualizados de 'en espera' a 'activos': 0
[2024-10-01 12:27:25] [info] Eventos actualizados de 'activos' a 'finalizados': 0
[2024-10-01 12:27:25] [info] Resumen de actualización:
[2024-10-01 12:27:25] [info] Total de eventos actualizados: 0
[2024-10-01 12:27:25] [info] Evento ID: 3, Nombre: Empresa Surface, Inicio: 2024-09-12 11:02:00, Fin: 2024-09-13 11:02:00, Estado: 3
[2024-10-01 12:27:25] [info] Evento ID: 1, Nombre: Microsoft, Inicio: 2024-10-01 09:56:00, Fin: 2024-10-01 13:28:00, Estado: 2
[2024-10-01 12:27:25] [info] Evento ID: 36, Nombre: Siuu, Inicio: 2024-10-01 12:23:00, Fin: 2024-10-09 21:17:32, Estado: 2
[2024-10-01 12:27:25] [info] Evento ID: 2, Nombre: Mejores amigos, Inicio: 2024-10-01 12:26:00, Fin: 2024-10-06 22:27:24, Estado: 2
[2024-10-01 12:27:25] [info] Evento ID: 34, Nombre: Empresa Deley, Inicio: 2024-10-01 12:29:00, Fin: 2024-10-04 13:02:00, Estado: 3
[2024-10-01 12:27:33] [info] Iniciando actualización de estados de eventos. Fecha actual: 2024-10-01 12:27:33
[2024-10-01 12:27:33] [info] Eventos actualizados de 'en espera' a 'activos': 0
[2024-10-01 12:27:33] [info] Eventos actualizados de 'activos' a 'finalizados': 0
[2024-10-01 12:27:33] [info] Resumen de actualización:
[2024-10-01 12:27:33] [info] Total de eventos actualizados: 0
[2024-10-01 12:27:33] [info] Evento ID: 3, Nombre: Empresa Surface, Inicio: 2024-09-12 11:02:00, Fin: 2024-09-13 11:02:00, Estado: 3
[2024-10-01 12:27:33] [info] Evento ID: 1, Nombre: Microsoft, Inicio: 2024-10-01 09:56:00, Fin: 2024-10-01 13:28:00, Estado: 2
[2024-10-01 12:27:33] [info] Evento ID: 36, Nombre: Siuu, Inicio: 2024-10-01 12:23:00, Fin: 2024-10-09 21:17:32, Estado: 2
[2024-10-01 12:27:33] [info] Evento ID: 2, Nombre: Mejores amigos, Inicio: 2024-10-01 12:26:00, Fin: 2024-10-06 22:27:24, Estado: 2
[2024-10-01 12:27:33] [info] Evento ID: 34, Nombre: Empresa Deley, Inicio: 2024-10-01 12:29:00, Fin: 2024-10-04 13:02:00, Estado: 3
[2024-10-01 12:27:52] [info] Iniciando actualización de estados de eventos. Fecha actual: 2024-10-01 12:27:52
[2024-10-01 12:27:52] [info] Eventos actualizados de 'en espera' a 'activos': 0
[2024-10-01 12:27:52] [info] Eventos actualizados de 'activos' a 'finalizados': 0
[2024-10-01 12:27:52] [info] Resumen de actualización:
[2024-10-01 12:27:52] [info] Total de eventos actualizados: 0
[2024-10-01 12:27:52] [info] Evento ID: 3, Nombre: Empresa Surface, Inicio: 2024-09-12 11:02:00, Fin: 2024-09-13 11:02:00, Estado: 3
[2024-10-01 12:27:52] [info] Evento ID: 1, Nombre: Microsoft, Inicio: 2024-10-01 09:56:00, Fin: 2024-10-01 13:28:00, Estado: 2
[2024-10-01 12:27:52] [info] Evento ID: 36, Nombre: Siuu, Inicio: 2024-10-01 12:23:00, Fin: 2024-10-09 21:17:32, Estado: 2
[2024-10-01 12:27:52] [info] Evento ID: 2, Nombre: Mejores amigos, Inicio: 2024-10-01 12:26:00, Fin: 2024-10-06 22:27:24, Estado: 2
[2024-10-01 12:27:52] [info] Evento ID: 34, Nombre: Empresa Deley, Inicio: 2024-10-01 12:29:00, Fin: 2024-10-04 13:02:00, Estado: 3
[2024-10-01 12:27:53] [info] Iniciando actualización de estados de eventos. Fecha actual: 2024-10-01 12:27:53
[2024-10-01 12:27:53] [info] Eventos actualizados de 'en espera' a 'activos': 0
[2024-10-01 12:27:53] [info] Eventos actualizados de 'activos' a 'finalizados': 0
[2024-10-01 12:27:53] [info] Resumen de actualización:
[2024-10-01 12:27:53] [info] Total de eventos actualizados: 0
[2024-10-01 12:27:53] [info] Evento ID: 3, Nombre: Empresa Surface, Inicio: 2024-09-12 11:02:00, Fin: 2024-09-13 11:02:00, Estado: 3
[2024-10-01 12:27:53] [info] Evento ID: 1, Nombre: Microsoft, Inicio: 2024-10-01 09:56:00, Fin: 2024-10-01 13:28:00, Estado: 2
[2024-10-01 12:27:53] [info] Evento ID: 36, Nombre: Siuu, Inicio: 2024-10-01 12:23:00, Fin: 2024-10-09 21:17:32, Estado: 2
[2024-10-01 12:27:53] [info] Evento ID: 2, Nombre: Mejores amigos, Inicio: 2024-10-01 12:26:00, Fin: 2024-10-01 12:29:59, Estado: 2
[2024-10-01 12:27:53] [info] Evento ID: 34, Nombre: Empresa Deley, Inicio: 2024-10-01 12:29:00, Fin: 2024-10-04 13:02:00, Estado: 3
[2024-10-01 12:28:16] [info] Iniciando actualización de estados de eventos. Fecha actual: 2024-10-01 12:28:16
[2024-10-01 12:28:16] [info] Eventos actualizados de 'en espera' a 'activos': 0
[2024-10-01 12:28:16] [info] Eventos actualizados de 'activos' a 'finalizados': 0
[2024-10-01 12:28:16] [info] Resumen de actualización:
[2024-10-01 12:28:16] [info] Total de eventos actualizados: 0
[2024-10-01 12:28:16] [info] Evento ID: 3, Nombre: Empresa Surface, Inicio: 2024-09-12 11:02:00, Fin: 2024-09-13 11:02:00, Estado: 3
[2024-10-01 12:28:16] [info] Evento ID: 1, Nombre: Microsoft, Inicio: 2024-10-01 09:56:00, Fin: 2024-10-01 13:28:00, Estado: 2
[2024-10-01 12:28:16] [info] Evento ID: 36, Nombre: Siuu, Inicio: 2024-10-01 12:23:00, Fin: 2024-10-09 21:17:32, Estado: 2
[2024-10-01 12:28:16] [info] Evento ID: 2, Nombre: Mejores amigos, Inicio: 2024-10-01 12:26:00, Fin: 2024-10-01 12:29:59, Estado: 2
[2024-10-01 12:28:16] [info] Evento ID: 34, Nombre: Empresa Deley, Inicio: 2024-10-01 12:29:00, Fin: 2024-10-04 13:02:00, Estado: 1
[2024-10-01 12:29:16] [info] Iniciando actualización de estados de eventos. Fecha actual: 2024-10-01 12:29:16
[2024-10-01 12:29:16] [info] Eventos actualizados de 'en espera' a 'activos': 1
[2024-10-01 12:29:16] [info] Eventos actualizados de 'activos' a 'finalizados': 0
[2024-10-01 12:29:16] [info] Resumen de actualización:
[2024-10-01 12:29:16] [info] Total de eventos actualizados: 1
[2024-10-01 12:29:16] [info] Evento ID: 3, Nombre: Empresa Surface, Inicio: 2024-09-12 11:02:00, Fin: 2024-09-13 11:02:00, Estado: 3
[2024-10-01 12:29:16] [info] Evento ID: 1, Nombre: Microsoft, Inicio: 2024-10-01 09:56:00, Fin: 2024-10-01 13:28:00, Estado: 2
[2024-10-01 12:29:16] [info] Evento ID: 36, Nombre: Siuu, Inicio: 2024-10-01 12:23:00, Fin: 2024-10-09 21:17:32, Estado: 2
[2024-10-01 12:29:16] [info] Evento ID: 2, Nombre: Mejores amigos, Inicio: 2024-10-01 12:26:00, Fin: 2024-10-01 12:29:59, Estado: 2
[2024-10-01 12:29:16] [info] Evento ID: 34, Nombre: Empresa Deley, Inicio: 2024-10-01 12:29:00, Fin: 2024-10-04 13:02:00, Estado: 2
[2024-10-01 12:30:16] [info] Iniciando actualización de estados de eventos. Fecha actual: 2024-10-01 12:30:16
[2024-10-01 12:30:16] [info] Eventos actualizados de 'en espera' a 'activos': 0
[2024-10-01 12:30:16] [info] Eventos actualizados de 'activos' a 'finalizados': 1
[2024-10-01 12:30:16] [info] Resumen de actualización:
[2024-10-01 12:30:16] [info] Total de eventos actualizados: 1
[2024-10-01 12:30:16] [info] Evento ID: 3, Nombre: Empresa Surface, Inicio: 2024-09-12 11:02:00, Fin: 2024-09-13 11:02:00, Estado: 3
[2024-10-01 12:30:16] [info] Evento ID: 1, Nombre: Microsoft, Inicio: 2024-10-01 09:56:00, Fin: 2024-10-01 13:28:00, Estado: 2
[2024-10-01 12:30:16] [info] Evento ID: 36, Nombre: Siuu, Inicio: 2024-10-01 12:23:00, Fin: 2024-10-09 21:17:32, Estado: 2
[2024-10-01 12:30:16] [info] Evento ID: 2, Nombre: Mejores amigos, Inicio: 2024-10-01 12:26:00, Fin: 2024-10-01 12:29:59, Estado: 3
[2024-10-01 12:30:16] [info] Evento ID: 34, Nombre: Empresa Deley, Inicio: 2024-10-01 12:29:00, Fin: 2024-10-04 13:02:00, Estado: 2
[2024-10-01 12:30:26] [info] Iniciando actualización de estados de eventos. Fecha actual: 2024-10-01 12:30:26
[2024-10-01 12:30:26] [info] Eventos actualizados de 'en espera' a 'activos': 0
[2024-10-01 12:30:26] [info] Eventos actualizados de 'activos' a 'finalizados': 0
[2024-10-01 12:30:26] [info] Resumen de actualización:
[2024-10-01 12:30:26] [info] Total de eventos actualizados: 0
[2024-10-01 12:30:26] [info] Evento ID: 3, Nombre: Empresa Surface, Inicio: 2024-09-12 11:02:00, Fin: 2024-09-13 11:02:00, Estado: 3
[2024-10-01 12:30:26] [info] Evento ID: 1, Nombre: Microsoft, Inicio: 2024-10-01 09:56:00, Fin: 2024-10-01 13:28:00, Estado: 2
[2024-10-01 12:30:26] [info] Evento ID: 36, Nombre: Siuu, Inicio: 2024-10-01 12:23:00, Fin: 2024-10-09 21:17:32, Estado: 2
[2024-10-01 12:30:26] [info] Evento ID: 2, Nombre: Mejores amigos, Inicio: 2024-10-01 12:26:00, Fin: 2024-10-01 12:29:59, Estado: 3
[2024-10-01 12:30:26] [info] Evento ID: 34, Nombre: Empresa Deley, Inicio: 2024-10-01 12:29:00, Fin: 2024-10-04 13:02:00, Estado: 2
[2024-10-01 12:30:33] [info] Iniciando actualización de estados de eventos. Fecha actual: 2024-10-01 12:30:33
[2024-10-01 12:30:33] [info] Eventos actualizados de 'en espera' a 'activos': 0
[2024-10-01 12:30:33] [info] Eventos actualizados de 'activos' a 'finalizados': 0
[2024-10-01 12:30:33] [info] Resumen de actualización:
[2024-10-01 12:30:33] [info] Total de eventos actualizados: 0
[2024-10-01 12:30:33] [info] Evento ID: 3, Nombre: Empresa Surface, Inicio: 2024-09-12 11:02:00, Fin: 2024-09-13 11:02:00, Estado: 3
[2024-10-01 12:30:33] [info] Evento ID: 1, Nombre: Microsoft, Inicio: 2024-10-01 09:56:00, Fin: 2024-10-01 13:28:00, Estado: 2
[2024-10-01 12:30:33] [info] Evento ID: 36, Nombre: Siuu, Inicio: 2024-10-01 12:23:00, Fin: 2024-10-09 21:17:32, Estado: 2
[2024-10-01 12:30:33] [info] Evento ID: 2, Nombre: Mejores amigos, Inicio: 2024-10-01 12:26:00, Fin: 2024-10-01 12:29:59, Estado: 3
[2024-10-01 12:30:33] [info] Evento ID: 34, Nombre: Empresa Deley, Inicio: 2024-10-01 12:29:00, Fin: 2024-10-04 13:02:00, Estado: 2
[2024-10-01 12:30:34] [info] Iniciando actualización de estados de eventos. Fecha actual: 2024-10-01 12:30:34
[2024-10-01 12:30:34] [info] Eventos actualizados de 'en espera' a 'activos': 0
[2024-10-01 12:30:34] [info] Eventos actualizados de 'activos' a 'finalizados': 0
[2024-10-01 12:30:34] [info] Resumen de actualización:
[2024-10-01 12:30:34] [info] Total de eventos actualizados: 0
[2024-10-01 12:30:34] [info] Evento ID: 3, Nombre: Empresa Surface, Inicio: 2024-09-12 11:02:00, Fin: 2024-09-13 11:02:00, Estado: 3
[2024-10-01 12:30:34] [info] Evento ID: 1, Nombre: Microsoft, Inicio: 2024-10-01 09:56:00, Fin: 2024-10-01 13:28:00, Estado: 2
[2024-10-01 12:30:34] [info] Evento ID: 36, Nombre: Siuu, Inicio: 2024-10-01 12:23:00, Fin: 2024-10-09 21:17:32, Estado: 2
[2024-10-01 12:30:34] [info] Evento ID: 2, Nombre: Mejores amigos, Inicio: 2024-10-01 12:26:00, Fin: 2024-10-01 12:29:59, Estado: 3
[2024-10-01 12:30:34] [info] Evento ID: 34, Nombre: Empresa Deley, Inicio: 2024-10-01 12:29:00, Fin: 2024-10-04 13:02:00, Estado: 2
[2024-10-01 12:31:11] [info] Iniciando actualización de estados de eventos. Fecha actual: 2024-10-01 12:31:11
[2024-10-01 12:31:11] [info] Eventos actualizados de 'en espera' a 'activos': 0
[2024-10-01 12:31:11] [info] Eventos actualizados de 'activos' a 'finalizados': 0
[2024-10-01 12:31:11] [info] Resumen de actualización:
[2024-10-01 12:31:11] [info] Total de eventos actualizados: 0
[2024-10-01 12:31:11] [info] Evento ID: 3, Nombre: Empresa Surface, Inicio: 2024-09-12 11:02:00, Fin: 2024-09-13 11:02:00, Estado: 3
[2024-10-01 12:31:11] [info] Evento ID: 1, Nombre: Microsoft, Inicio: 2024-10-01 09:56:00, Fin: 2024-10-01 13:28:00, Estado: 2
[2024-10-01 12:31:11] [info] Evento ID: 36, Nombre: Siuu, Inicio: 2024-10-01 12:23:00, Fin: 2024-10-09 21:17:32, Estado: 2
[2024-10-01 12:31:11] [info] Evento ID: 2, Nombre: Mejores amigos, Inicio: 2024-10-01 12:26:00, Fin: 2024-10-01 12:29:59, Estado: 3
[2024-10-01 12:31:11] [info] Evento ID: 34, Nombre: Empresa Deley, Inicio: 2024-10-01 12:29:00, Fin: 2024-10-04 13:02:00, Estado: 2
