[2024-10-02 09:49:53] [info] Usuario con ID 1 ha iniciado sesión exitosamente
[2024-10-02 09:49:53] [info] Iniciando actualización de estados de eventos. Fecha actual: 2024-10-02 09:49:53
[2024-10-02 09:49:53] [info] Eventos actualizados de 'en espera' a 'activos': 0
[2024-10-02 09:49:53] [info] Eventos actualizados de 'activos' a 'finalizados': 0
[2024-10-02 09:49:53] [info] Resumen de actualización:
[2024-10-02 09:49:53] [info] Total de eventos actualizados: 0
[2024-10-02 09:49:53] [info] Evento ID: 3, Nombre: Empresa Surface, Inicio: 2024-09-12 11:02:00, Fin: 2024-09-13 11:02:00, Estado: 3
[2024-10-02 09:49:53] [info] Evento ID: 1, Nombre: Microsoft, Inicio: 2024-10-01 09:56:00, Fin: 2024-10-01 13:28:00, Estado: 3
[2024-10-02 09:49:53] [info] Evento ID: 2, Nombre: Mejores amigos, Inicio: 2024-10-01 12:26:00, Fin: 2024-10-01 12:29:59, Estado: 3
[2024-10-02 09:49:53] [info] Evento ID: 34, Nombre: Empresa Deley, Inicio: 2024-10-01 12:29:00, Fin: 2024-10-04 13:02:00, Estado: 2
[2024-10-02 09:54:53] [info] Iniciando actualización de estados de eventos. Fecha actual: 2024-10-02 09:54:53
[2024-10-02 09:54:53] [info] Eventos actualizados de 'en espera' a 'activos': 0
[2024-10-02 09:54:54] [info] Eventos actualizados de 'activos' a 'finalizados': 0
[2024-10-02 09:54:54] [info] Resumen de actualización:
[2024-10-02 09:54:54] [info] Total de eventos actualizados: 0
[2024-10-02 09:54:54] [info] Evento ID: 3, Nombre: Empresa Surface, Inicio: 2024-09-12 11:02:00, Fin: 2024-09-13 11:02:00, Estado: 3
[2024-10-02 09:54:54] [info] Evento ID: 1, Nombre: Microsoft, Inicio: 2024-10-01 09:56:00, Fin: 2024-10-01 13:28:00, Estado: 3
[2024-10-02 09:54:54] [info] Evento ID: 2, Nombre: Mejores amigos, Inicio: 2024-10-01 12:26:00, Fin: 2024-10-01 12:29:59, Estado: 3
[2024-10-02 09:54:54] [info] Evento ID: 34, Nombre: Empresa Deley, Inicio: 2024-10-01 12:29:00, Fin: 2024-10-04 13:02:00, Estado: 2
[2024-10-02 09:56:11] [info] Iniciando actualización de estados de eventos. Fecha actual: 2024-10-02 09:56:11
[2024-10-02 09:56:11] [info] Eventos actualizados de 'en espera' a 'activos': 0
[2024-10-02 09:56:11] [info] Eventos actualizados de 'activos' a 'finalizados': 0
[2024-10-02 09:56:11] [info] Resumen de actualización:
[2024-10-02 09:56:11] [info] Total de eventos actualizados: 0
[2024-10-02 09:56:11] [info] Evento ID: 3, Nombre: Empresa Surface, Inicio: 2024-09-12 11:02:00, Fin: 2024-09-13 11:02:00, Estado: 3
[2024-10-02 09:56:11] [info] Evento ID: 1, Nombre: Microsoft, Inicio: 2024-10-01 09:56:00, Fin: 2024-10-01 13:28:00, Estado: 3
[2024-10-02 09:56:11] [info] Evento ID: 2, Nombre: Mejores amigos, Inicio: 2024-10-01 12:26:00, Fin: 2024-10-01 12:29:59, Estado: 3
[2024-10-02 09:56:11] [info] Evento ID: 34, Nombre: Empresa Deley, Inicio: 2024-10-01 12:29:00, Fin: 2024-10-04 13:02:00, Estado: 2
[2024-10-02 09:56:35] [info] Iniciando actualización de estados de eventos. Fecha actual: 2024-10-02 09:56:35
[2024-10-02 09:56:35] [info] Eventos actualizados de 'en espera' a 'activos': 0
[2024-10-02 09:56:35] [info] Eventos actualizados de 'activos' a 'finalizados': 0
[2024-10-02 09:56:35] [info] Resumen de actualización:
[2024-10-02 09:56:35] [info] Total de eventos actualizados: 0
[2024-10-02 09:56:35] [info] Evento ID: 3, Nombre: Empresa Surface, Inicio: 2024-09-12 11:02:00, Fin: 2024-09-13 11:02:00, Estado: 3
[2024-10-02 09:56:35] [info] Evento ID: 1, Nombre: Microsoft, Inicio: 2024-10-01 09:56:00, Fin: 2024-10-01 13:28:00, Estado: 3
[2024-10-02 09:56:35] [info] Evento ID: 2, Nombre: Mejores amigos, Inicio: 2024-10-01 12:26:00, Fin: 2024-10-01 12:29:59, Estado: 3
[2024-10-02 09:56:35] [info] Evento ID: 34, Nombre: Empresa Deley, Inicio: 2024-10-01 12:29:00, Fin: 2024-10-04 13:02:00, Estado: 2
[2024-10-02 09:56:47] [info] Iniciando actualización de estados de eventos. Fecha actual: 2024-10-02 09:56:47
[2024-10-02 09:56:47] [info] Eventos actualizados de 'en espera' a 'activos': 0
[2024-10-02 09:56:47] [info] Eventos actualizados de 'activos' a 'finalizados': 0
[2024-10-02 09:56:47] [info] Resumen de actualización:
[2024-10-02 09:56:47] [info] Total de eventos actualizados: 0
[2024-10-02 09:56:47] [info] Evento ID: 3, Nombre: Empresa Surface, Inicio: 2024-09-12 11:02:00, Fin: 2024-09-13 11:02:00, Estado: 3
[2024-10-02 09:56:47] [info] Evento ID: 1, Nombre: Microsoft, Inicio: 2024-10-01 09:56:00, Fin: 2024-10-01 13:28:00, Estado: 3
[2024-10-02 09:56:47] [info] Evento ID: 2, Nombre: Mejores amigos, Inicio: 2024-10-01 12:26:00, Fin: 2024-10-01 12:29:59, Estado: 3
[2024-10-02 09:56:47] [info] Evento ID: 34, Nombre: Empresa Deley, Inicio: 2024-10-01 12:29:00, Fin: 2024-10-04 13:02:00, Estado: 2
[2024-10-02 09:56:59] [info] Iniciando actualización de estados de eventos. Fecha actual: 2024-10-02 09:56:59
[2024-10-02 09:56:59] [info] Eventos actualizados de 'en espera' a 'activos': 0
[2024-10-02 09:56:59] [info] Eventos actualizados de 'activos' a 'finalizados': 0
[2024-10-02 09:56:59] [info] Resumen de actualización:
[2024-10-02 09:56:59] [info] Total de eventos actualizados: 0
[2024-10-02 09:56:59] [info] Evento ID: 3, Nombre: Empresa Surface, Inicio: 2024-09-12 11:02:00, Fin: 2024-09-13 11:02:00, Estado: 3
[2024-10-02 09:56:59] [info] Evento ID: 1, Nombre: Microsoft, Inicio: 2024-10-01 09:56:00, Fin: 2024-10-01 13:28:00, Estado: 3
[2024-10-02 09:56:59] [info] Evento ID: 2, Nombre: Mejores amigos, Inicio: 2024-10-01 12:26:00, Fin: 2024-10-01 12:29:59, Estado: 3
[2024-10-02 09:56:59] [info] Evento ID: 34, Nombre: Empresa Deley, Inicio: 2024-10-01 12:29:00, Fin: 2024-10-04 13:02:00, Estado: 2
[2024-10-02 09:57:14] [info] Iniciando actualización de estados de eventos. Fecha actual: 2024-10-02 09:57:14
[2024-10-02 09:57:14] [info] Eventos actualizados de 'en espera' a 'activos': 0
[2024-10-02 09:57:14] [info] Eventos actualizados de 'activos' a 'finalizados': 0
[2024-10-02 09:57:14] [info] Resumen de actualización:
[2024-10-02 09:57:14] [info] Total de eventos actualizados: 0
[2024-10-02 09:57:14] [info] Evento ID: 3, Nombre: Empresa Surface, Inicio: 2024-09-12 11:02:00, Fin: 2024-09-13 11:02:00, Estado: 3
[2024-10-02 09:57:14] [info] Evento ID: 1, Nombre: Microsoft, Inicio: 2024-10-01 09:56:00, Fin: 2024-10-01 13:28:00, Estado: 3
[2024-10-02 09:57:14] [info] Evento ID: 2, Nombre: Mejores amigos, Inicio: 2024-10-01 12:26:00, Fin: 2024-10-01 12:29:59, Estado: 3
[2024-10-02 09:57:14] [info] Evento ID: 34, Nombre: Empresa Deley, Inicio: 2024-10-01 12:29:00, Fin: 2024-10-04 13:02:00, Estado: 2
[2024-10-02 09:58:57] [info] Iniciando actualización de estados de eventos. Fecha actual: 2024-10-02 09:58:57
[2024-10-02 09:58:57] [info] Eventos actualizados de 'en espera' a 'activos': 0
[2024-10-02 09:58:57] [info] Eventos actualizados de 'activos' a 'finalizados': 0
[2024-10-02 09:58:57] [info] Resumen de actualización:
[2024-10-02 09:58:57] [info] Total de eventos actualizados: 0
[2024-10-02 09:58:57] [info] Evento ID: 3, Nombre: Empresa Surface, Inicio: 2024-09-12 11:02:00, Fin: 2024-09-13 11:02:00, Estado: 3
[2024-10-02 09:58:57] [info] Evento ID: 1, Nombre: Microsoft, Inicio: 2024-10-01 09:56:00, Fin: 2024-10-01 13:28:00, Estado: 3
[2024-10-02 09:58:57] [info] Evento ID: 2, Nombre: Mejores amigos, Inicio: 2024-10-01 12:26:00, Fin: 2024-10-01 12:29:59, Estado: 3
[2024-10-02 09:58:57] [info] Evento ID: 34, Nombre: Empresa Deley, Inicio: 2024-10-01 12:29:00, Fin: 2024-10-04 13:02:00, Estado: 2
[2024-10-02 10:00:00] [info] Iniciando actualización de estados de eventos. Fecha actual: 2024-10-02 10:00:00
[2024-10-02 10:00:00] [info] Eventos actualizados de 'en espera' a 'activos': 0
[2024-10-02 10:00:00] [info] Eventos actualizados de 'activos' a 'finalizados': 0
[2024-10-02 10:00:00] [info] Resumen de actualización:
[2024-10-02 10:00:00] [info] Total de eventos actualizados: 0
[2024-10-02 10:00:00] [info] Evento ID: 3, Nombre: Empresa Surface, Inicio: 2024-09-12 11:02:00, Fin: 2024-09-13 11:02:00, Estado: 3
[2024-10-02 10:00:00] [info] Evento ID: 1, Nombre: Microsoft, Inicio: 2024-10-01 09:56:00, Fin: 2024-10-01 13:28:00, Estado: 3
[2024-10-02 10:00:00] [info] Evento ID: 2, Nombre: Mejores amigos, Inicio: 2024-10-01 12:26:00, Fin: 2024-10-01 12:29:59, Estado: 3
[2024-10-02 10:00:00] [info] Evento ID: 34, Nombre: Empresa Deley, Inicio: 2024-10-01 12:29:00, Fin: 2024-10-04 13:02:00, Estado: 2
[2024-10-02 10:00:02] [info] Iniciando actualización de estados de eventos. Fecha actual: 2024-10-02 10:00:02
[2024-10-02 10:00:02] [info] Eventos actualizados de 'en espera' a 'activos': 0
[2024-10-02 10:00:02] [info] Eventos actualizados de 'activos' a 'finalizados': 0
[2024-10-02 10:00:02] [info] Resumen de actualización:
[2024-10-02 10:00:02] [info] Total de eventos actualizados: 0
[2024-10-02 10:00:02] [info] Evento ID: 3, Nombre: Empresa Surface, Inicio: 2024-09-12 11:02:00, Fin: 2024-09-13 11:02:00, Estado: 3
[2024-10-02 10:00:02] [info] Evento ID: 1, Nombre: Microsoft, Inicio: 2024-10-01 09:56:00, Fin: 2024-10-01 13:28:00, Estado: 3
[2024-10-02 10:00:02] [info] Evento ID: 2, Nombre: Mejores amigos, Inicio: 2024-10-01 12:26:00, Fin: 2024-10-01 12:29:59, Estado: 3
[2024-10-02 10:00:02] [info] Evento ID: 34, Nombre: Empresa Deley, Inicio: 2024-10-01 12:29:00, Fin: 2024-10-04 13:02:00, Estado: 2
[2024-10-02 10:00:12] [info] Iniciando actualización de estados de eventos. Fecha actual: 2024-10-02 10:00:12
[2024-10-02 10:00:12] [info] Eventos actualizados de 'en espera' a 'activos': 0
[2024-10-02 10:00:12] [info] Eventos actualizados de 'activos' a 'finalizados': 0
[2024-10-02 10:00:12] [info] Resumen de actualización:
[2024-10-02 10:00:12] [info] Total de eventos actualizados: 0
[2024-10-02 10:00:12] [info] Evento ID: 3, Nombre: Empresa Surface, Inicio: 2024-09-12 11:02:00, Fin: 2024-09-13 11:02:00, Estado: 3
[2024-10-02 10:00:12] [info] Evento ID: 1, Nombre: Microsoft, Inicio: 2024-10-01 09:56:00, Fin: 2024-10-01 13:28:00, Estado: 3
[2024-10-02 10:00:12] [info] Evento ID: 2, Nombre: Mejores amigos, Inicio: 2024-10-01 12:26:00, Fin: 2024-10-01 12:29:59, Estado: 3
[2024-10-02 10:00:12] [info] Evento ID: 34, Nombre: Empresa Deley, Inicio: 2024-10-01 12:29:00, Fin: 2024-10-04 13:02:00, Estado: 2
[2024-10-02 10:00:15] [info] Iniciando actualización de estados de eventos. Fecha actual: 2024-10-02 10:00:15
[2024-10-02 10:00:15] [info] Eventos actualizados de 'en espera' a 'activos': 0
[2024-10-02 10:00:15] [info] Eventos actualizados de 'activos' a 'finalizados': 0
[2024-10-02 10:00:15] [info] Resumen de actualización:
[2024-10-02 10:00:15] [info] Total de eventos actualizados: 0
[2024-10-02 10:00:15] [info] Evento ID: 3, Nombre: Empresa Surface, Inicio: 2024-09-12 11:02:00, Fin: 2024-09-13 11:02:00, Estado: 3
[2024-10-02 10:00:15] [info] Evento ID: 1, Nombre: Microsoft, Inicio: 2024-10-01 09:56:00, Fin: 2024-10-01 13:28:00, Estado: 3
[2024-10-02 10:00:15] [info] Evento ID: 2, Nombre: Mejores amigos, Inicio: 2024-10-01 12:26:00, Fin: 2024-10-01 12:29:59, Estado: 3
[2024-10-02 10:00:15] [info] Evento ID: 34, Nombre: Empresa Deley, Inicio: 2024-10-01 12:29:00, Fin: 2024-10-04 13:02:00, Estado: 2
[2024-10-02 10:00:16] [info] Iniciando actualización de estados de eventos. Fecha actual: 2024-10-02 10:00:16
[2024-10-02 10:00:16] [info] Eventos actualizados de 'en espera' a 'activos': 0
[2024-10-02 10:00:16] [info] Eventos actualizados de 'activos' a 'finalizados': 0
[2024-10-02 10:00:16] [info] Resumen de actualización:
[2024-10-02 10:00:16] [info] Total de eventos actualizados: 0
[2024-10-02 10:00:16] [info] Evento ID: 3, Nombre: Empresa Surface, Inicio: 2024-09-12 11:02:00, Fin: 2024-09-13 11:02:00, Estado: 3
[2024-10-02 10:00:16] [info] Evento ID: 1, Nombre: Microsoft, Inicio: 2024-10-01 09:56:00, Fin: 2024-10-01 13:28:00, Estado: 3
[2024-10-02 10:00:16] [info] Evento ID: 2, Nombre: Mejores amigos, Inicio: 2024-10-01 12:26:00, Fin: 2024-10-01 12:29:59, Estado: 3
[2024-10-02 10:00:16] [info] Evento ID: 34, Nombre: Empresa Deley, Inicio: 2024-10-01 12:29:00, Fin: 2024-10-04 13:02:00, Estado: 2
[2024-10-02 10:00:18] [info] Iniciando actualización de estados de eventos. Fecha actual: 2024-10-02 10:00:18
[2024-10-02 10:00:18] [info] Eventos actualizados de 'en espera' a 'activos': 0
[2024-10-02 10:00:18] [info] Eventos actualizados de 'activos' a 'finalizados': 0
[2024-10-02 10:00:18] [info] Resumen de actualización:
[2024-10-02 10:00:18] [info] Total de eventos actualizados: 0
[2024-10-02 10:00:18] [info] Evento ID: 3, Nombre: Empresa Surface, Inicio: 2024-09-12 11:02:00, Fin: 2024-09-13 11:02:00, Estado: 3
[2024-10-02 10:00:18] [info] Evento ID: 1, Nombre: Microsoft, Inicio: 2024-10-01 09:56:00, Fin: 2024-10-01 13:28:00, Estado: 3
[2024-10-02 10:00:18] [info] Evento ID: 2, Nombre: Mejores amigos, Inicio: 2024-10-01 12:26:00, Fin: 2024-10-01 12:29:59, Estado: 3
[2024-10-02 10:00:18] [info] Evento ID: 34, Nombre: Empresa Deley, Inicio: 2024-10-01 12:29:00, Fin: 2024-10-04 13:02:00, Estado: 2
[2024-10-02 10:00:18] [info] Iniciando actualización de estados de eventos. Fecha actual: 2024-10-02 10:00:18
[2024-10-02 10:00:18] [info] Eventos actualizados de 'en espera' a 'activos': 0
[2024-10-02 10:00:18] [info] Eventos actualizados de 'activos' a 'finalizados': 0
[2024-10-02 10:00:18] [info] Resumen de actualización:
[2024-10-02 10:00:18] [info] Total de eventos actualizados: 0
[2024-10-02 10:00:18] [info] Evento ID: 3, Nombre: Empresa Surface, Inicio: 2024-09-12 11:02:00, Fin: 2024-09-13 11:02:00, Estado: 3
[2024-10-02 10:00:18] [info] Evento ID: 1, Nombre: Microsoft, Inicio: 2024-10-01 09:56:00, Fin: 2024-10-01 13:28:00, Estado: 3
[2024-10-02 10:00:18] [info] Evento ID: 2, Nombre: Mejores amigos, Inicio: 2024-10-01 12:26:00, Fin: 2024-10-01 12:29:59, Estado: 3
[2024-10-02 10:00:18] [info] Evento ID: 34, Nombre: Empresa Deley, Inicio: 2024-10-01 12:29:00, Fin: 2024-10-04 13:02:00, Estado: 2
[2024-10-02 10:00:19] [info] Iniciando actualización de estados de eventos. Fecha actual: 2024-10-02 10:00:19
[2024-10-02 10:00:19] [info] Eventos actualizados de 'en espera' a 'activos': 0
[2024-10-02 10:00:19] [info] Eventos actualizados de 'activos' a 'finalizados': 0
[2024-10-02 10:00:19] [info] Resumen de actualización:
[2024-10-02 10:00:19] [info] Total de eventos actualizados: 0
[2024-10-02 10:00:19] [info] Evento ID: 3, Nombre: Empresa Surface, Inicio: 2024-09-12 11:02:00, Fin: 2024-09-13 11:02:00, Estado: 3
[2024-10-02 10:00:19] [info] Evento ID: 1, Nombre: Microsoft, Inicio: 2024-10-01 09:56:00, Fin: 2024-10-01 13:28:00, Estado: 3
[2024-10-02 10:00:19] [info] Evento ID: 2, Nombre: Mejores amigos, Inicio: 2024-10-01 12:26:00, Fin: 2024-10-01 12:29:59, Estado: 3
[2024-10-02 10:00:19] [info] Evento ID: 34, Nombre: Empresa Deley, Inicio: 2024-10-01 12:29:00, Fin: 2024-10-04 13:02:00, Estado: 2
[2024-10-02 10:00:53] [info] Iniciando actualización de estados de eventos. Fecha actual: 2024-10-02 10:00:53
[2024-10-02 10:00:53] [info] Eventos actualizados de 'en espera' a 'activos': 0
[2024-10-02 10:00:53] [info] Eventos actualizados de 'activos' a 'finalizados': 0
[2024-10-02 10:00:53] [info] Resumen de actualización:
[2024-10-02 10:00:53] [info] Total de eventos actualizados: 0
[2024-10-02 10:00:53] [info] Evento ID: 3, Nombre: Empresa Surface, Inicio: 2024-09-12 11:02:00, Fin: 2024-09-13 11:02:00, Estado: 3
[2024-10-02 10:00:53] [info] Evento ID: 1, Nombre: Microsoft, Inicio: 2024-10-01 09:56:00, Fin: 2024-10-01 13:28:00, Estado: 3
[2024-10-02 10:00:53] [info] Evento ID: 2, Nombre: Mejores amigos, Inicio: 2024-10-01 12:26:00, Fin: 2024-10-01 12:29:59, Estado: 3
[2024-10-02 10:00:53] [info] Evento ID: 34, Nombre: Empresa Deley, Inicio: 2024-10-01 12:29:00, Fin: 2024-10-04 13:02:00, Estado: 2
[2024-10-02 10:00:58] [info] Iniciando actualización de estados de eventos. Fecha actual: 2024-10-02 10:00:58
[2024-10-02 10:00:58] [info] Eventos actualizados de 'en espera' a 'activos': 0
[2024-10-02 10:00:58] [info] Eventos actualizados de 'activos' a 'finalizados': 0
[2024-10-02 10:00:58] [info] Resumen de actualización:
[2024-10-02 10:00:58] [info] Total de eventos actualizados: 0
[2024-10-02 10:00:58] [info] Evento ID: 3, Nombre: Empresa Surface, Inicio: 2024-09-12 11:02:00, Fin: 2024-09-13 11:02:00, Estado: 3
[2024-10-02 10:00:58] [info] Evento ID: 1, Nombre: Microsoft, Inicio: 2024-10-01 09:56:00, Fin: 2024-10-01 13:28:00, Estado: 3
[2024-10-02 10:00:58] [info] Evento ID: 2, Nombre: Mejores amigos, Inicio: 2024-10-01 12:26:00, Fin: 2024-10-01 12:29:59, Estado: 3
[2024-10-02 10:00:58] [info] Evento ID: 34, Nombre: Empresa Deley, Inicio: 2024-10-01 12:29:00, Fin: 2024-10-04 13:02:00, Estado: 2
[2024-10-02 10:59:05] [info] Iniciando actualización de estados de eventos. Fecha actual: 2024-10-02 10:59:05
[2024-10-02 10:59:05] [info] Eventos actualizados de 'en espera' a 'activos': 0
[2024-10-02 10:59:05] [info] Eventos actualizados de 'activos' a 'finalizados': 0
[2024-10-02 10:59:05] [info] Resumen de actualización:
[2024-10-02 10:59:05] [info] Total de eventos actualizados: 0
[2024-10-02 10:59:05] [info] Evento ID: 3, Nombre: Empresa Surface, Inicio: 2024-09-12 11:02:00, Fin: 2024-09-13 11:02:00, Estado: 3
[2024-10-02 10:59:05] [info] Evento ID: 1, Nombre: Microsoft, Inicio: 2024-10-01 09:56:00, Fin: 2024-10-01 13:28:00, Estado: 3
[2024-10-02 10:59:05] [info] Evento ID: 2, Nombre: Mejores amigos, Inicio: 2024-10-01 12:26:00, Fin: 2024-10-01 12:29:59, Estado: 3
[2024-10-02 10:59:05] [info] Evento ID: 34, Nombre: Empresa Deley, Inicio: 2024-10-01 12:29:00, Fin: 2024-10-04 13:02:00, Estado: 2
[2024-10-02 11:26:26] [info] Usuario con ID 1 ha iniciado sesión exitosamente
[2024-10-02 11:26:26] [info] Iniciando actualización de estados de eventos. Fecha actual: 2024-10-02 11:26:26
[2024-10-02 11:26:26] [info] Eventos actualizados de 'en espera' a 'activos': 0
[2024-10-02 11:26:26] [info] Eventos actualizados de 'activos' a 'finalizados': 0
[2024-10-02 11:26:26] [info] Resumen de actualización:
[2024-10-02 11:26:26] [info] Total de eventos actualizados: 0
[2024-10-02 11:26:26] [info] Evento ID: 3, Nombre: Empresa Surface, Inicio: 2024-09-12 11:02:00, Fin: 2024-09-13 11:02:00, Estado: 3
[2024-10-02 11:26:26] [info] Evento ID: 1, Nombre: Microsoft, Inicio: 2024-10-01 09:56:00, Fin: 2024-10-01 13:28:00, Estado: 3
[2024-10-02 11:26:26] [info] Evento ID: 2, Nombre: Mejores amigos, Inicio: 2024-10-01 12:26:00, Fin: 2024-10-01 12:29:59, Estado: 3
[2024-10-02 11:26:26] [info] Evento ID: 34, Nombre: Empresa Deley, Inicio: 2024-10-01 12:29:00, Fin: 2024-10-04 13:02:00, Estado: 2
[2024-10-02 11:28:42] [info] Iniciando actualización de estados de eventos. Fecha actual: 2024-10-02 11:28:42
[2024-10-02 11:28:42] [info] Eventos actualizados de 'en espera' a 'activos': 0
[2024-10-02 11:28:42] [info] Eventos actualizados de 'activos' a 'finalizados': 0
[2024-10-02 11:28:42] [info] Resumen de actualización:
[2024-10-02 11:28:42] [info] Total de eventos actualizados: 0
[2024-10-02 11:28:42] [info] Evento ID: 3, Nombre: Empresa Surface, Inicio: 2024-09-12 11:02:00, Fin: 2024-09-13 11:02:00, Estado: 3
[2024-10-02 11:28:42] [info] Evento ID: 1, Nombre: Microsoft, Inicio: 2024-10-01 09:56:00, Fin: 2024-10-01 13:28:00, Estado: 3
[2024-10-02 11:28:42] [info] Evento ID: 2, Nombre: Mejores amigos, Inicio: 2024-10-01 12:26:00, Fin: 2024-10-01 12:29:59, Estado: 3
[2024-10-02 11:28:42] [info] Evento ID: 34, Nombre: Empresa Deley, Inicio: 2024-10-01 12:29:00, Fin: 2024-10-04 13:02:00, Estado: 2
[2024-10-02 11:40:22] [info] Iniciando actualización de estados de eventos. Fecha actual: 2024-10-02 11:40:22
[2024-10-02 11:40:22] [info] Eventos actualizados de 'en espera' a 'activos': 0
[2024-10-02 11:40:22] [info] Eventos actualizados de 'activos' a 'finalizados': 0
[2024-10-02 11:40:22] [info] Resumen de actualización:
[2024-10-02 11:40:22] [info] Total de eventos actualizados: 0
[2024-10-02 11:40:22] [info] Evento ID: 3, Nombre: Empresa Surface, Inicio: 2024-09-12 11:02:00, Fin: 2024-09-13 11:02:00, Estado: 3
[2024-10-02 11:40:22] [info] Evento ID: 1, Nombre: Microsoft, Inicio: 2024-10-01 09:56:00, Fin: 2024-10-01 13:28:00, Estado: 3
[2024-10-02 11:40:22] [info] Evento ID: 2, Nombre: Mejores amigos, Inicio: 2024-10-01 12:26:00, Fin: 2024-10-01 12:29:59, Estado: 3
[2024-10-02 11:40:22] [info] Evento ID: 34, Nombre: Empresa Deley, Inicio: 2024-10-01 12:29:00, Fin: 2024-10-04 13:02:00, Estado: 2
[2024-10-02 11:40:34] [info] Iniciando actualización de estados de eventos. Fecha actual: 2024-10-02 11:40:34
[2024-10-02 11:40:34] [info] Eventos actualizados de 'en espera' a 'activos': 0
[2024-10-02 11:40:34] [info] Eventos actualizados de 'activos' a 'finalizados': 0
[2024-10-02 11:40:34] [info] Resumen de actualización:
[2024-10-02 11:40:34] [info] Total de eventos actualizados: 0
[2024-10-02 11:40:34] [info] Evento ID: 3, Nombre: Empresa Surface, Inicio: 2024-09-12 11:02:00, Fin: 2024-09-13 11:02:00, Estado: 3
[2024-10-02 11:40:34] [info] Evento ID: 1, Nombre: Microsoft, Inicio: 2024-10-01 09:56:00, Fin: 2024-10-01 13:28:00, Estado: 3
[2024-10-02 11:40:34] [info] Evento ID: 2, Nombre: Mejores amigos, Inicio: 2024-10-01 12:26:00, Fin: 2024-10-01 12:29:59, Estado: 3
[2024-10-02 11:40:34] [info] Evento ID: 34, Nombre: Empresa Deley, Inicio: 2024-10-01 12:29:00, Fin: 2024-10-04 13:02:00, Estado: 2
[2024-10-02 11:40:45] [info] Iniciando actualización de estados de eventos. Fecha actual: 2024-10-02 11:40:45
[2024-10-02 11:40:45] [info] Eventos actualizados de 'en espera' a 'activos': 0
[2024-10-02 11:40:45] [info] Eventos actualizados de 'activos' a 'finalizados': 0
[2024-10-02 11:40:45] [info] Resumen de actualización:
[2024-10-02 11:40:45] [info] Total de eventos actualizados: 0
[2024-10-02 11:40:45] [info] Evento ID: 3, Nombre: Empresa Surface, Inicio: 2024-09-12 11:02:00, Fin: 2024-09-13 11:02:00, Estado: 3
[2024-10-02 11:40:45] [info] Evento ID: 1, Nombre: Microsoft, Inicio: 2024-10-01 09:56:00, Fin: 2024-10-01 13:28:00, Estado: 3
[2024-10-02 11:40:45] [info] Evento ID: 2, Nombre: Mejores amigos, Inicio: 2024-10-01 12:26:00, Fin: 2024-10-01 12:29:59, Estado: 3
[2024-10-02 11:40:45] [info] Evento ID: 34, Nombre: Empresa Deley, Inicio: 2024-10-01 12:29:00, Fin: 2024-10-04 13:02:00, Estado: 2
[2024-10-02 12:06:57] [info] Iniciando actualización de estados de eventos. Fecha actual: 2024-10-02 12:06:57
[2024-10-02 12:06:57] [info] Eventos actualizados de 'en espera' a 'activos': 0
[2024-10-02 12:06:57] [info] Eventos actualizados de 'activos' a 'finalizados': 0
[2024-10-02 12:06:57] [info] Resumen de actualización:
[2024-10-02 12:06:57] [info] Total de eventos actualizados: 0
[2024-10-02 12:06:57] [info] Evento ID: 3, Nombre: Empresa Surface, Inicio: 2024-09-12 11:02:00, Fin: 2024-09-13 11:02:00, Estado: 3
[2024-10-02 12:06:57] [info] Evento ID: 1, Nombre: Microsoft, Inicio: 2024-10-01 09:56:00, Fin: 2024-10-01 13:28:00, Estado: 3
[2024-10-02 12:06:57] [info] Evento ID: 2, Nombre: Mejores amigos, Inicio: 2024-10-01 12:26:00, Fin: 2024-10-01 12:29:59, Estado: 3
[2024-10-02 12:06:57] [info] Evento ID: 34, Nombre: Empresa Deley, Inicio: 2024-10-01 12:29:00, Fin: 2024-10-04 13:02:00, Estado: 2
[2024-10-02 13:10:37] [info] Usuario con ID 1 ha iniciado sesión exitosamente
[2024-10-02 13:10:37] [info] Iniciando actualización de estados de eventos. Fecha actual: 2024-10-02 13:10:37
[2024-10-02 13:10:37] [info] Eventos actualizados de 'en espera' a 'activos': 0
[2024-10-02 13:10:37] [info] Eventos actualizados de 'activos' a 'finalizados': 0
[2024-10-02 13:10:37] [info] Resumen de actualización:
[2024-10-02 13:10:37] [info] Total de eventos actualizados: 0
[2024-10-02 13:10:37] [info] Evento ID: 3, Nombre: Empresa Surface, Inicio: 2024-09-12 11:02:00, Fin: 2024-09-13 11:02:00, Estado: 3
[2024-10-02 13:10:37] [info] Evento ID: 1, Nombre: Microsoft, Inicio: 2024-10-01 09:56:00, Fin: 2024-10-01 13:28:00, Estado: 3
[2024-10-02 13:10:37] [info] Evento ID: 2, Nombre: Mejores amigos, Inicio: 2024-10-01 12:26:00, Fin: 2024-10-01 12:29:59, Estado: 3
[2024-10-02 13:10:37] [info] Evento ID: 34, Nombre: Empresa Deley, Inicio: 2024-10-01 12:29:00, Fin: 2024-10-04 13:02:00, Estado: 2
[2024-10-02 13:17:08] [info] Iniciando actualización de estados de eventos. Fecha actual: 2024-10-02 13:17:08
[2024-10-02 13:17:08] [info] Eventos actualizados de 'en espera' a 'activos': 0
[2024-10-02 13:17:08] [info] Eventos actualizados de 'activos' a 'finalizados': 0
[2024-10-02 13:17:08] [info] Resumen de actualización:
[2024-10-02 13:17:08] [info] Total de eventos actualizados: 0
[2024-10-02 13:17:08] [info] Evento ID: 3, Nombre: Empresa Surface, Inicio: 2024-09-12 11:02:00, Fin: 2024-09-13 11:02:00, Estado: 3
[2024-10-02 13:17:08] [info] Evento ID: 1, Nombre: Microsoft, Inicio: 2024-10-01 09:56:00, Fin: 2024-10-01 13:28:00, Estado: 3
[2024-10-02 13:17:08] [info] Evento ID: 2, Nombre: Mejores amigos, Inicio: 2024-10-01 12:26:00, Fin: 2024-10-01 12:29:59, Estado: 3
[2024-10-02 13:17:08] [info] Evento ID: 34, Nombre: Empresa Deley, Inicio: 2024-10-01 12:29:00, Fin: 2024-10-04 13:02:00, Estado: 2
[2024-10-02 13:27:10] [info] Iniciando actualización de estados de eventos. Fecha actual: 2024-10-02 13:27:10
[2024-10-02 13:27:10] [info] Eventos actualizados de 'en espera' a 'activos': 0
[2024-10-02 13:27:10] [info] Eventos actualizados de 'activos' a 'finalizados': 0
[2024-10-02 13:27:10] [info] Resumen de actualización:
[2024-10-02 13:27:10] [info] Total de eventos actualizados: 0
[2024-10-02 13:27:10] [info] Evento ID: 3, Nombre: Empresa Surface, Inicio: 2024-09-12 11:02:00, Fin: 2024-09-13 11:02:00, Estado: 3
[2024-10-02 13:27:10] [info] Evento ID: 1, Nombre: Microsoft, Inicio: 2024-10-01 09:56:00, Fin: 2024-10-01 13:28:00, Estado: 3
[2024-10-02 13:27:10] [info] Evento ID: 2, Nombre: Mejores amigos, Inicio: 2024-10-01 12:26:00, Fin: 2024-10-01 12:29:59, Estado: 3
[2024-10-02 13:27:10] [info] Evento ID: 34, Nombre: Empresa Deley, Inicio: 2024-10-01 12:29:00, Fin: 2024-10-04 13:02:00, Estado: 2
[2024-10-02 13:40:01] [info] Iniciando actualización de estados de eventos. Fecha actual: 2024-10-02 13:40:01
[2024-10-02 13:40:01] [info] Eventos actualizados de 'en espera' a 'activos': 0
[2024-10-02 13:40:01] [info] Eventos actualizados de 'activos' a 'finalizados': 0
[2024-10-02 13:40:01] [info] Resumen de actualización:
[2024-10-02 13:40:01] [info] Total de eventos actualizados: 0
[2024-10-02 13:40:01] [info] Evento ID: 3, Nombre: Empresa Surface, Inicio: 2024-09-12 11:02:00, Fin: 2024-09-13 11:02:00, Estado: 3
[2024-10-02 13:40:01] [info] Evento ID: 1, Nombre: Microsoft, Inicio: 2024-10-01 09:56:00, Fin: 2024-10-01 13:28:00, Estado: 3
[2024-10-02 13:40:01] [info] Evento ID: 2, Nombre: Mejores amigos, Inicio: 2024-10-01 12:26:00, Fin: 2024-10-01 12:29:59, Estado: 3
[2024-10-02 13:40:01] [info] Evento ID: 34, Nombre: Empresa Deley, Inicio: 2024-10-01 12:29:00, Fin: 2024-10-04 13:02:00, Estado: 2
[2024-10-02 13:47:43] [info] Iniciando actualización de estados de eventos. Fecha actual: 2024-10-02 13:47:43
[2024-10-02 13:47:43] [info] Eventos actualizados de 'en espera' a 'activos': 0
[2024-10-02 13:47:43] [info] Eventos actualizados de 'activos' a 'finalizados': 0
[2024-10-02 13:47:43] [info] Resumen de actualización:
[2024-10-02 13:47:43] [info] Total de eventos actualizados: 0
[2024-10-02 13:47:43] [info] Evento ID: 3, Nombre: Empresa Surface, Inicio: 2024-09-12 11:02:00, Fin: 2024-09-13 11:02:00, Estado: 3
[2024-10-02 13:47:43] [info] Evento ID: 1, Nombre: Microsoft, Inicio: 2024-10-01 09:56:00, Fin: 2024-10-01 13:28:00, Estado: 3
[2024-10-02 13:47:43] [info] Evento ID: 2, Nombre: Mejores amigos, Inicio: 2024-10-01 12:26:00, Fin: 2024-10-01 12:29:59, Estado: 3
[2024-10-02 13:47:43] [info] Evento ID: 34, Nombre: Empresa Deley, Inicio: 2024-10-01 12:29:00, Fin: 2024-10-04 13:02:00, Estado: 2
[2024-10-02 14:05:58] [info] Iniciando actualización de estados de eventos. Fecha actual: 2024-10-02 14:05:58
[2024-10-02 14:05:58] [info] Eventos actualizados de 'en espera' a 'activos': 0
[2024-10-02 14:05:58] [info] Eventos actualizados de 'activos' a 'finalizados': 0
[2024-10-02 14:05:58] [info] Resumen de actualización:
[2024-10-02 14:05:58] [info] Total de eventos actualizados: 0
[2024-10-02 14:05:58] [info] Evento ID: 3, Nombre: Empresa Surface, Inicio: 2024-09-12 11:02:00, Fin: 2024-09-13 11:02:00, Estado: 3
[2024-10-02 14:05:58] [info] Evento ID: 1, Nombre: Microsoft, Inicio: 2024-10-01 09:56:00, Fin: 2024-10-01 13:28:00, Estado: 3
[2024-10-02 14:05:58] [info] Evento ID: 2, Nombre: Mejores amigos, Inicio: 2024-10-01 12:26:00, Fin: 2024-10-01 12:29:59, Estado: 3
[2024-10-02 14:05:58] [info] Evento ID: 34, Nombre: Empresa Deley, Inicio: 2024-10-01 12:29:00, Fin: 2024-10-04 13:02:00, Estado: 2
[2024-10-02 14:06:03] [info] Iniciando actualización de estados de eventos. Fecha actual: 2024-10-02 14:06:03
[2024-10-02 14:06:03] [info] Eventos actualizados de 'en espera' a 'activos': 0
[2024-10-02 14:06:03] [info] Eventos actualizados de 'activos' a 'finalizados': 0
[2024-10-02 14:06:03] [info] Resumen de actualización:
[2024-10-02 14:06:03] [info] Total de eventos actualizados: 0
[2024-10-02 14:06:03] [info] Evento ID: 3, Nombre: Empresa Surface, Inicio: 2024-09-12 11:02:00, Fin: 2024-09-13 11:02:00, Estado: 3
[2024-10-02 14:06:03] [info] Evento ID: 1, Nombre: Microsoft, Inicio: 2024-10-01 09:56:00, Fin: 2024-10-01 13:28:00, Estado: 3
[2024-10-02 14:06:03] [info] Evento ID: 2, Nombre: Mejores amigos, Inicio: 2024-10-01 12:26:00, Fin: 2024-10-01 12:29:59, Estado: 3
[2024-10-02 14:06:03] [info] Evento ID: 34, Nombre: Empresa Deley, Inicio: 2024-10-01 12:29:00, Fin: 2024-10-04 13:02:00, Estado: 2
[2024-10-02 14:10:29] [info] Iniciando actualización de estados de eventos. Fecha actual: 2024-10-02 14:10:29
[2024-10-02 14:10:29] [info] Eventos actualizados de 'en espera' a 'activos': 0
[2024-10-02 14:10:29] [info] Eventos actualizados de 'activos' a 'finalizados': 0
[2024-10-02 14:10:29] [info] Resumen de actualización:
[2024-10-02 14:10:29] [info] Total de eventos actualizados: 0
[2024-10-02 14:10:29] [info] Evento ID: 3, Nombre: Empresa Surface, Inicio: 2024-09-12 11:02:00, Fin: 2024-09-13 11:02:00, Estado: 3
[2024-10-02 14:10:29] [info] Evento ID: 1, Nombre: Microsoft, Inicio: 2024-10-01 09:56:00, Fin: 2024-10-01 13:28:00, Estado: 3
[2024-10-02 14:10:29] [info] Evento ID: 2, Nombre: Mejores amigos, Inicio: 2024-10-01 12:26:00, Fin: 2024-10-01 12:29:59, Estado: 3
[2024-10-02 14:10:29] [info] Evento ID: 34, Nombre: Empresa Deley, Inicio: 2024-10-01 12:29:00, Fin: 2024-10-04 13:02:00, Estado: 2
[2024-10-02 14:19:58] [info] Iniciando actualización de estados de eventos. Fecha actual: 2024-10-02 14:19:58
[2024-10-02 14:19:58] [info] Eventos actualizados de 'en espera' a 'activos': 0
[2024-10-02 14:19:58] [info] Eventos actualizados de 'activos' a 'finalizados': 0
[2024-10-02 14:19:58] [info] Resumen de actualización:
[2024-10-02 14:19:58] [info] Total de eventos actualizados: 0
[2024-10-02 14:19:58] [info] Evento ID: 3, Nombre: Empresa Surface, Inicio: 2024-09-12 11:02:00, Fin: 2024-09-13 11:02:00, Estado: 3
[2024-10-02 14:19:58] [info] Evento ID: 1, Nombre: Microsoft, Inicio: 2024-10-01 09:56:00, Fin: 2024-10-01 13:28:00, Estado: 3
[2024-10-02 14:19:58] [info] Evento ID: 2, Nombre: Mejores amigos, Inicio: 2024-10-01 12:26:00, Fin: 2024-10-01 12:29:59, Estado: 3
[2024-10-02 14:19:58] [info] Evento ID: 34, Nombre: Empresa Deley, Inicio: 2024-10-01 12:29:00, Fin: 2024-10-04 13:02:00, Estado: 2
[2024-10-02 14:20:01] [info] Iniciando actualización de estados de eventos. Fecha actual: 2024-10-02 14:20:01
[2024-10-02 14:20:01] [info] Eventos actualizados de 'en espera' a 'activos': 0
[2024-10-02 14:20:01] [info] Eventos actualizados de 'activos' a 'finalizados': 0
[2024-10-02 14:20:01] [info] Resumen de actualización:
[2024-10-02 14:20:01] [info] Total de eventos actualizados: 0
[2024-10-02 14:20:01] [info] Evento ID: 3, Nombre: Empresa Surface, Inicio: 2024-09-12 11:02:00, Fin: 2024-09-13 11:02:00, Estado: 3
[2024-10-02 14:20:01] [info] Evento ID: 1, Nombre: Microsoft, Inicio: 2024-10-01 09:56:00, Fin: 2024-10-01 13:28:00, Estado: 3
[2024-10-02 14:20:01] [info] Evento ID: 2, Nombre: Mejores amigos, Inicio: 2024-10-01 12:26:00, Fin: 2024-10-01 12:29:59, Estado: 3
[2024-10-02 14:20:01] [info] Evento ID: 34, Nombre: Empresa Deley, Inicio: 2024-10-01 12:29:00, Fin: 2024-10-04 13:02:00, Estado: 2
[2024-10-02 14:20:20] [info] Iniciando actualización de estados de eventos. Fecha actual: 2024-10-02 14:20:20
[2024-10-02 14:20:20] [info] Eventos actualizados de 'en espera' a 'activos': 0
[2024-10-02 14:20:20] [info] Eventos actualizados de 'activos' a 'finalizados': 0
[2024-10-02 14:20:20] [info] Resumen de actualización:
[2024-10-02 14:20:20] [info] Total de eventos actualizados: 0
[2024-10-02 14:20:20] [info] Evento ID: 3, Nombre: Empresa Surface, Inicio: 2024-09-12 11:02:00, Fin: 2024-09-13 11:02:00, Estado: 3
[2024-10-02 14:20:20] [info] Evento ID: 1, Nombre: Microsoft, Inicio: 2024-10-01 09:56:00, Fin: 2024-10-01 13:28:00, Estado: 3
[2024-10-02 14:20:20] [info] Evento ID: 2, Nombre: Mejores amigos, Inicio: 2024-10-01 12:26:00, Fin: 2024-10-01 12:29:59, Estado: 3
[2024-10-02 14:20:20] [info] Evento ID: 34, Nombre: Empresa Deley, Inicio: 2024-10-01 12:29:00, Fin: 2024-10-04 13:02:00, Estado: 2
[2024-10-02 14:20:27] [info] Iniciando actualización de estados de eventos. Fecha actual: 2024-10-02 14:20:27
[2024-10-02 14:20:27] [info] Eventos actualizados de 'en espera' a 'activos': 0
[2024-10-02 14:20:27] [info] Eventos actualizados de 'activos' a 'finalizados': 0
[2024-10-02 14:20:27] [info] Resumen de actualización:
[2024-10-02 14:20:27] [info] Total de eventos actualizados: 0
[2024-10-02 14:20:27] [info] Evento ID: 3, Nombre: Empresa Surface, Inicio: 2024-09-12 11:02:00, Fin: 2024-09-13 11:02:00, Estado: 3
[2024-10-02 14:20:27] [info] Evento ID: 1, Nombre: Microsoft, Inicio: 2024-10-01 09:56:00, Fin: 2024-10-01 13:28:00, Estado: 3
[2024-10-02 14:20:27] [info] Evento ID: 2, Nombre: Mejores amigos, Inicio: 2024-10-01 12:26:00, Fin: 2024-10-01 12:29:59, Estado: 3
[2024-10-02 14:20:27] [info] Evento ID: 34, Nombre: Empresa Deley, Inicio: 2024-10-01 12:29:00, Fin: 2024-10-04 13:02:00, Estado: 2
[2024-10-02 14:20:28] [info] Iniciando actualización de estados de eventos. Fecha actual: 2024-10-02 14:20:28
[2024-10-02 14:20:28] [info] Eventos actualizados de 'en espera' a 'activos': 0
[2024-10-02 14:20:28] [info] Eventos actualizados de 'activos' a 'finalizados': 0
[2024-10-02 14:20:28] [info] Resumen de actualización:
[2024-10-02 14:20:28] [info] Total de eventos actualizados: 0
[2024-10-02 14:20:28] [info] Evento ID: 3, Nombre: Empresa Surface, Inicio: 2024-09-12 11:02:00, Fin: 2024-09-13 11:02:00, Estado: 3
[2024-10-02 14:20:28] [info] Evento ID: 1, Nombre: Microsoft, Inicio: 2024-10-01 09:56:00, Fin: 2024-10-01 13:28:00, Estado: 3
[2024-10-02 14:20:28] [info] Evento ID: 2, Nombre: Mejores amigos, Inicio: 2024-10-01 12:26:00, Fin: 2024-10-01 12:29:59, Estado: 3
[2024-10-02 14:20:28] [info] Evento ID: 34, Nombre: Empresa Deley, Inicio: 2024-10-01 12:29:00, Fin: 2024-10-04 13:02:00, Estado: 2
[2024-10-02 14:20:47] [info] Iniciando actualización de estados de eventos. Fecha actual: 2024-10-02 14:20:47
[2024-10-02 14:20:47] [info] Eventos actualizados de 'en espera' a 'activos': 0
[2024-10-02 14:20:47] [info] Eventos actualizados de 'activos' a 'finalizados': 0
[2024-10-02 14:20:47] [info] Resumen de actualización:
[2024-10-02 14:20:47] [info] Total de eventos actualizados: 0
[2024-10-02 14:20:47] [info] Evento ID: 3, Nombre: Empresa Surface, Inicio: 2024-09-12 11:02:00, Fin: 2024-09-13 11:02:00, Estado: 3
[2024-10-02 14:20:47] [info] Evento ID: 1, Nombre: Microsoft, Inicio: 2024-10-01 09:56:00, Fin: 2024-10-01 13:28:00, Estado: 3
[2024-10-02 14:20:47] [info] Evento ID: 2, Nombre: Mejores amigos, Inicio: 2024-10-01 12:26:00, Fin: 2024-10-01 12:29:59, Estado: 3
[2024-10-02 14:20:47] [info] Evento ID: 34, Nombre: Empresa Deley, Inicio: 2024-10-01 12:29:00, Fin: 2024-10-04 13:02:00, Estado: 2
[2024-10-02 14:20:48] [info] Iniciando actualización de estados de eventos. Fecha actual: 2024-10-02 14:20:48
[2024-10-02 14:20:48] [info] Eventos actualizados de 'en espera' a 'activos': 0
[2024-10-02 14:20:48] [info] Eventos actualizados de 'activos' a 'finalizados': 0
[2024-10-02 14:20:48] [info] Resumen de actualización:
[2024-10-02 14:20:48] [info] Total de eventos actualizados: 0
[2024-10-02 14:20:48] [info] Evento ID: 3, Nombre: Empresa Surface, Inicio: 2024-09-12 11:02:00, Fin: 2024-09-13 11:02:00, Estado: 3
[2024-10-02 14:20:48] [info] Evento ID: 1, Nombre: Microsoft, Inicio: 2024-10-01 09:56:00, Fin: 2024-10-01 13:28:00, Estado: 3
[2024-10-02 14:20:48] [info] Evento ID: 2, Nombre: Mejores amigos, Inicio: 2024-10-01 12:26:00, Fin: 2024-10-01 12:29:59, Estado: 3
[2024-10-02 14:20:48] [info] Evento ID: 34, Nombre: Empresa Deley, Inicio: 2024-10-01 12:29:00, Fin: 2024-10-04 13:02:00, Estado: 2
[2024-10-02 14:21:51] [info] Usuario con ID 1 ha iniciado sesión exitosamente
[2024-10-02 14:21:51] [info] Iniciando actualización de estados de eventos. Fecha actual: 2024-10-02 14:21:51
[2024-10-02 14:21:51] [info] Eventos actualizados de 'en espera' a 'activos': 0
[2024-10-02 14:21:51] [info] Eventos actualizados de 'activos' a 'finalizados': 0
[2024-10-02 14:21:51] [info] Resumen de actualización:
[2024-10-02 14:21:51] [info] Total de eventos actualizados: 0
[2024-10-02 14:21:51] [info] Evento ID: 3, Nombre: Empresa Surface, Inicio: 2024-09-12 11:02:00, Fin: 2024-09-13 11:02:00, Estado: 3
[2024-10-02 14:21:51] [info] Evento ID: 1, Nombre: Microsoft, Inicio: 2024-10-01 09:56:00, Fin: 2024-10-01 13:28:00, Estado: 3
[2024-10-02 14:21:51] [info] Evento ID: 2, Nombre: Mejores amigos, Inicio: 2024-10-01 12:26:00, Fin: 2024-10-01 12:29:59, Estado: 3
[2024-10-02 14:21:51] [info] Evento ID: 34, Nombre: Empresa Deley, Inicio: 2024-10-01 12:29:00, Fin: 2024-10-04 13:02:00, Estado: 2
[2024-10-02 14:22:58] [info] Usuario con ID 1 ha iniciado sesión exitosamente
[2024-10-02 14:22:58] [info] Iniciando actualización de estados de eventos. Fecha actual: 2024-10-02 14:22:58
[2024-10-02 14:22:58] [info] Eventos actualizados de 'en espera' a 'activos': 0
[2024-10-02 14:22:58] [info] Eventos actualizados de 'activos' a 'finalizados': 0
[2024-10-02 14:22:58] [info] Resumen de actualización:
[2024-10-02 14:22:58] [info] Total de eventos actualizados: 0
[2024-10-02 14:22:58] [info] Evento ID: 3, Nombre: Empresa Surface, Inicio: 2024-09-12 11:02:00, Fin: 2024-09-13 11:02:00, Estado: 3
[2024-10-02 14:22:58] [info] Evento ID: 1, Nombre: Microsoft, Inicio: 2024-10-01 09:56:00, Fin: 2024-10-01 13:28:00, Estado: 3
[2024-10-02 14:22:58] [info] Evento ID: 2, Nombre: Mejores amigos, Inicio: 2024-10-01 12:26:00, Fin: 2024-10-01 12:29:59, Estado: 3
[2024-10-02 14:22:58] [info] Evento ID: 34, Nombre: Empresa Deley, Inicio: 2024-10-01 12:29:00, Fin: 2024-10-04 13:02:00, Estado: 2
[2024-10-02 14:24:05] [info] Usuario con ID 1 ha iniciado sesión exitosamente
[2024-10-02 14:24:05] [info] Iniciando actualización de estados de eventos. Fecha actual: 2024-10-02 14:24:05
[2024-10-02 14:24:05] [info] Eventos actualizados de 'en espera' a 'activos': 0
[2024-10-02 14:24:05] [info] Eventos actualizados de 'activos' a 'finalizados': 0
[2024-10-02 14:24:05] [info] Resumen de actualización:
[2024-10-02 14:24:05] [info] Total de eventos actualizados: 0
[2024-10-02 14:24:05] [info] Evento ID: 3, Nombre: Empresa Surface, Inicio: 2024-09-12 11:02:00, Fin: 2024-09-13 11:02:00, Estado: 3
[2024-10-02 14:24:05] [info] Evento ID: 1, Nombre: Microsoft, Inicio: 2024-10-01 09:56:00, Fin: 2024-10-01 13:28:00, Estado: 3
[2024-10-02 14:24:05] [info] Evento ID: 2, Nombre: Mejores amigos, Inicio: 2024-10-01 12:26:00, Fin: 2024-10-01 12:29:59, Estado: 3
[2024-10-02 14:24:05] [info] Evento ID: 34, Nombre: Empresa Deley, Inicio: 2024-10-01 12:29:00, Fin: 2024-10-04 13:02:00, Estado: 2
[2024-10-02 14:24:21] [info] Iniciando actualización de estados de eventos. Fecha actual: 2024-10-02 14:24:21
[2024-10-02 14:24:21] [info] Eventos actualizados de 'en espera' a 'activos': 0
[2024-10-02 14:24:21] [info] Eventos actualizados de 'activos' a 'finalizados': 0
[2024-10-02 14:24:21] [info] Resumen de actualización:
[2024-10-02 14:24:21] [info] Total de eventos actualizados: 0
[2024-10-02 14:24:21] [info] Evento ID: 3, Nombre: Empresa Surface, Inicio: 2024-09-12 11:02:00, Fin: 2024-09-13 11:02:00, Estado: 3
[2024-10-02 14:24:21] [info] Evento ID: 1, Nombre: Microsoft, Inicio: 2024-10-01 09:56:00, Fin: 2024-10-01 13:28:00, Estado: 3
[2024-10-02 14:24:21] [info] Evento ID: 2, Nombre: Mejores amigos, Inicio: 2024-10-01 12:26:00, Fin: 2024-10-01 12:29:59, Estado: 3
[2024-10-02 14:24:21] [info] Evento ID: 34, Nombre: Empresa Deley, Inicio: 2024-10-01 12:29:00, Fin: 2024-10-04 13:02:00, Estado: 2
[2024-10-02 14:24:27] [info] Iniciando actualización de estados de eventos. Fecha actual: 2024-10-02 14:24:27
[2024-10-02 14:24:27] [info] Eventos actualizados de 'en espera' a 'activos': 0
[2024-10-02 14:24:27] [info] Eventos actualizados de 'activos' a 'finalizados': 0
[2024-10-02 14:24:27] [info] Resumen de actualización:
[2024-10-02 14:24:27] [info] Total de eventos actualizados: 0
[2024-10-02 14:24:27] [info] Evento ID: 3, Nombre: Empresa Surface, Inicio: 2024-09-12 11:02:00, Fin: 2024-09-13 11:02:00, Estado: 3
[2024-10-02 14:24:27] [info] Evento ID: 1, Nombre: Microsoft, Inicio: 2024-10-01 09:56:00, Fin: 2024-10-01 13:28:00, Estado: 3
[2024-10-02 14:24:27] [info] Evento ID: 2, Nombre: Mejores amigos, Inicio: 2024-10-01 12:26:00, Fin: 2024-10-01 12:29:59, Estado: 3
[2024-10-02 14:24:27] [info] Evento ID: 34, Nombre: Empresa Deley, Inicio: 2024-10-01 12:29:00, Fin: 2024-10-04 13:02:00, Estado: 2
