[2025-02-13 10:38:30] [info] Administrador con ID 1 ha iniciado sesión exitosamente
[2025-02-13 10:38:30] [info] Iniciando actualización de estados de eventos. Fecha actual: 2025-02-13 10:38:30
[2025-02-13 10:38:30] [info] Eventos retrocedidos a Pendiente: 0
[2025-02-13 10:38:30] [info] Eventos retrocedidos desde Finalizado: 0
[2025-02-13 10:38:30] [info] Eventos finalizados actualizados: 0
[2025-02-13 10:38:30] [info] Jugadores actualizados a terminado: 0
[2025-02-13 10:38:30] [info] Eventos iniciados: 0
[2025-02-13 10:38:30] [info] Evento ID: 1, Nombre: Navidad, Jugadores terminados: 10/10
[2025-02-13 10:38:33] [info] Iniciando actualización de estados de eventos. Fecha actual: 2025-02-13 10:38:33
[2025-02-13 10:38:33] [info] Eventos retrocedidos a Pendiente: 0
[2025-02-13 10:38:33] [info] Eventos retrocedidos desde Finalizado: 0
[2025-02-13 10:38:33] [info] Eventos finalizados actualizados: 0
[2025-02-13 10:38:33] [info] Jugadores actualizados a terminado: 0
[2025-02-13 10:38:33] [info] Eventos iniciados: 0
[2025-02-13 10:38:33] [info] Evento ID: 1, Nombre: Navidad, Jugadores terminados: 10/10
[2025-02-13 10:38:36] [info] Iniciando actualización de estados de eventos. Fecha actual: 2025-02-13 10:38:36
[2025-02-13 10:38:36] [info] Eventos retrocedidos a Pendiente: 0
[2025-02-13 10:38:36] [info] Eventos retrocedidos desde Finalizado: 0
[2025-02-13 10:38:36] [info] Eventos finalizados actualizados: 0
[2025-02-13 10:38:36] [info] Jugadores actualizados a terminado: 0
[2025-02-13 10:38:36] [info] Eventos iniciados: 0
[2025-02-13 10:38:36] [info] Evento ID: 1, Nombre: Navidad, Jugadores terminados: 10/10
[2025-02-13 10:39:06] [info] Iniciando actualización de estados de eventos. Fecha actual: 2025-02-13 10:39:06
[2025-02-13 10:39:06] [info] Eventos retrocedidos a Pendiente: 0
[2025-02-13 10:39:06] [info] Eventos retrocedidos desde Finalizado: 0
[2025-02-13 10:39:06] [info] Eventos finalizados actualizados: 0
[2025-02-13 10:39:06] [info] Jugadores actualizados a terminado: 0
[2025-02-13 10:39:06] [info] Eventos iniciados: 0
[2025-02-13 10:39:06] [info] Evento ID: 1, Nombre: Navidad, Jugadores terminados: 10/10
[2025-02-13 10:39:36] [info] Iniciando actualización de estados de eventos. Fecha actual: 2025-02-13 10:39:36
[2025-02-13 10:39:36] [info] Eventos retrocedidos a Pendiente: 0
[2025-02-13 10:39:36] [info] Eventos retrocedidos desde Finalizado: 0
[2025-02-13 10:39:36] [info] Eventos finalizados actualizados: 0
[2025-02-13 10:39:36] [info] Jugadores actualizados a terminado: 0
[2025-02-13 10:39:36] [info] Eventos iniciados: 0
[2025-02-13 10:39:36] [info] Evento ID: 1, Nombre: Navidad, Jugadores terminados: 10/10
[2025-02-13 10:40:06] [info] Iniciando actualización de estados de eventos. Fecha actual: 2025-02-13 10:40:06
[2025-02-13 10:40:06] [info] Eventos retrocedidos a Pendiente: 0
[2025-02-13 10:40:06] [info] Eventos retrocedidos desde Finalizado: 0
[2025-02-13 10:40:06] [info] Eventos finalizados actualizados: 0
[2025-02-13 10:40:06] [info] Jugadores actualizados a terminado: 0
[2025-02-13 10:40:06] [info] Eventos iniciados: 0
[2025-02-13 10:40:06] [info] Evento ID: 1, Nombre: Navidad, Jugadores terminados: 10/10
[2025-02-13 10:40:36] [info] Iniciando actualización de estados de eventos. Fecha actual: 2025-02-13 10:40:36
[2025-02-13 10:40:36] [info] Eventos retrocedidos a Pendiente: 0
[2025-02-13 10:40:36] [info] Eventos retrocedidos desde Finalizado: 0
[2025-02-13 10:40:36] [info] Eventos finalizados actualizados: 0
[2025-02-13 10:40:36] [info] Jugadores actualizados a terminado: 0
[2025-02-13 10:40:36] [info] Eventos iniciados: 0
[2025-02-13 10:40:36] [info] Evento ID: 1, Nombre: Navidad, Jugadores terminados: 10/10
[2025-02-13 10:41:06] [info] Iniciando actualización de estados de eventos. Fecha actual: 2025-02-13 10:41:06
[2025-02-13 10:41:06] [info] Eventos retrocedidos a Pendiente: 0
[2025-02-13 10:41:06] [info] Eventos retrocedidos desde Finalizado: 0
[2025-02-13 10:41:06] [info] Eventos finalizados actualizados: 0
[2025-02-13 10:41:06] [info] Jugadores actualizados a terminado: 0
[2025-02-13 10:41:06] [info] Eventos iniciados: 0
[2025-02-13 10:41:06] [info] Evento ID: 1, Nombre: Navidad, Jugadores terminados: 10/10
[2025-02-13 10:41:36] [info] Iniciando actualización de estados de eventos. Fecha actual: 2025-02-13 10:41:36
[2025-02-13 10:41:36] [info] Eventos retrocedidos a Pendiente: 0
[2025-02-13 10:41:36] [info] Eventos retrocedidos desde Finalizado: 0
[2025-02-13 10:41:36] [info] Eventos finalizados actualizados: 0
[2025-02-13 10:41:36] [info] Jugadores actualizados a terminado: 0
[2025-02-13 10:41:36] [info] Eventos iniciados: 0
[2025-02-13 10:41:36] [info] Evento ID: 1, Nombre: Navidad, Jugadores terminados: 10/10
[2025-02-13 10:42:06] [info] Iniciando actualización de estados de eventos. Fecha actual: 2025-02-13 10:42:06
[2025-02-13 10:42:06] [info] Eventos retrocedidos a Pendiente: 0
[2025-02-13 10:42:06] [info] Eventos retrocedidos desde Finalizado: 0
[2025-02-13 10:42:06] [info] Eventos finalizados actualizados: 0
[2025-02-13 10:42:06] [info] Jugadores actualizados a terminado: 0
[2025-02-13 10:42:06] [info] Eventos iniciados: 0
[2025-02-13 10:42:06] [info] Evento ID: 1, Nombre: Navidad, Jugadores terminados: 10/10
[2025-02-13 10:42:36] [info] Iniciando actualización de estados de eventos. Fecha actual: 2025-02-13 10:42:36
[2025-02-13 10:42:36] [info] Eventos retrocedidos a Pendiente: 0
[2025-02-13 10:42:36] [info] Eventos retrocedidos desde Finalizado: 0
[2025-02-13 10:42:36] [info] Eventos finalizados actualizados: 0
[2025-02-13 10:42:36] [info] Jugadores actualizados a terminado: 0
[2025-02-13 10:42:36] [info] Eventos iniciados: 0
[2025-02-13 10:42:36] [info] Evento ID: 1, Nombre: Navidad, Jugadores terminados: 10/10
[2025-02-13 10:43:06] [info] Iniciando actualización de estados de eventos. Fecha actual: 2025-02-13 10:43:06
[2025-02-13 10:43:06] [info] Eventos retrocedidos a Pendiente: 0
[2025-02-13 10:43:06] [info] Eventos retrocedidos desde Finalizado: 0
[2025-02-13 10:43:06] [info] Eventos finalizados actualizados: 0
[2025-02-13 10:43:06] [info] Jugadores actualizados a terminado: 0
[2025-02-13 10:43:06] [info] Eventos iniciados: 0
[2025-02-13 10:43:06] [info] Evento ID: 1, Nombre: Navidad, Jugadores terminados: 10/10
[2025-02-13 10:43:36] [info] Iniciando actualización de estados de eventos. Fecha actual: 2025-02-13 10:43:36
[2025-02-13 10:43:36] [info] Eventos retrocedidos a Pendiente: 0
[2025-02-13 10:43:36] [info] Eventos retrocedidos desde Finalizado: 0
[2025-02-13 10:43:36] [info] Eventos finalizados actualizados: 0
[2025-02-13 10:43:36] [info] Jugadores actualizados a terminado: 0
[2025-02-13 10:43:36] [info] Eventos iniciados: 0
[2025-02-13 10:43:36] [info] Evento ID: 1, Nombre: Navidad, Jugadores terminados: 10/10
