[2024-11-26 13:07:36] [info] Administrador con ID 1 ha iniciado sesión exitosamente
[2024-11-26 13:07:37] [info] Iniciando actualización de estados de eventos. Fecha actual: 2024-11-26 13:07:37
[2024-11-26 13:07:37] [info] Eventos retrocedidos a Pendiente: 0
[2024-11-26 13:07:37] [info] Eventos retrocedidos desde Finalizado: 0
[2024-11-26 13:07:37] [info] Eventos finalizados actualizados: 0
[2024-11-26 13:07:37] [info] Jugadores actualizados a terminado: 0
[2024-11-26 13:07:37] [info] Eventos iniciados: 0
[2024-11-26 13:07:37] [info] Evento ID: 11, Nombre: Todos Santos, Jugadores terminados: 10/10
[2024-11-26 13:07:37] [info] Evento ID: 13, Nombre: Halloween, Jugadores terminados: 7/7
[2024-11-26 13:07:37] [info] Evento ID: 15, Nombre: Instituto ABC, Jugadores terminados: 3/3
[2024-11-26 13:07:37] [info] Evento ID: 16, Nombre: Sistemas UBI, Jugadores terminados: 6/6
[2024-11-26 13:07:40] [info] Iniciando actualización de estados de eventos. Fecha actual: 2024-11-26 13:07:40
[2024-11-26 13:07:40] [info] Eventos retrocedidos a Pendiente: 0
[2024-11-26 13:07:40] [info] Eventos retrocedidos desde Finalizado: 0
[2024-11-26 13:07:40] [info] Eventos finalizados actualizados: 0
[2024-11-26 13:07:40] [info] Jugadores actualizados a terminado: 0
[2024-11-26 13:07:40] [info] Eventos iniciados: 0
[2024-11-26 13:07:40] [info] Evento ID: 11, Nombre: Todos Santos, Jugadores terminados: 10/10
[2024-11-26 13:07:40] [info] Evento ID: 13, Nombre: Halloween, Jugadores terminados: 7/7
[2024-11-26 13:07:40] [info] Evento ID: 15, Nombre: Instituto ABC, Jugadores terminados: 3/3
[2024-11-26 13:07:40] [info] Evento ID: 16, Nombre: Sistemas UBI, Jugadores terminados: 6/6
[2024-11-26 13:07:44] [info] Iniciando actualización de estados de eventos. Fecha actual: 2024-11-26 13:07:44
[2024-11-26 13:07:44] [info] Eventos retrocedidos a Pendiente: 0
[2024-11-26 13:07:44] [info] Eventos retrocedidos desde Finalizado: 0
[2024-11-26 13:07:44] [info] Eventos finalizados actualizados: 0
[2024-11-26 13:07:44] [info] Jugadores actualizados a terminado: 0
[2024-11-26 13:07:44] [info] Eventos iniciados: 0
[2024-11-26 13:07:44] [info] Evento ID: 11, Nombre: Todos Santos, Jugadores terminados: 10/10
[2024-11-26 13:07:44] [info] Evento ID: 13, Nombre: Halloween, Jugadores terminados: 7/7
[2024-11-26 13:07:44] [info] Evento ID: 15, Nombre: Instituto ABC, Jugadores terminados: 3/3
[2024-11-26 13:07:44] [info] Evento ID: 16, Nombre: Sistemas UBI, Jugadores terminados: 6/6
[2024-11-26 13:07:52] [info] Iniciando actualización de estados de eventos. Fecha actual: 2024-11-26 13:07:52
[2024-11-26 13:07:52] [info] Eventos retrocedidos a Pendiente: 0
[2024-11-26 13:07:52] [info] Eventos retrocedidos desde Finalizado: 0
[2024-11-26 13:07:52] [info] Eventos finalizados actualizados: 0
[2024-11-26 13:07:52] [info] Jugadores actualizados a terminado: 0
[2024-11-26 13:07:52] [info] Eventos iniciados: 0
[2024-11-26 13:07:52] [info] Evento ID: 11, Nombre: Todos Santos, Jugadores terminados: 10/10
[2024-11-26 13:07:52] [info] Evento ID: 13, Nombre: Halloween, Jugadores terminados: 7/7
[2024-11-26 13:07:52] [info] Evento ID: 15, Nombre: Instituto ABC, Jugadores terminados: 3/3
[2024-11-26 13:07:52] [info] Evento ID: 16, Nombre: Sistemas UBI, Jugadores terminados: 6/6
[2024-11-26 13:08:47] [info] Administrador con ID 1 ha iniciado sesión exitosamente
[2024-11-26 13:08:47] [info] Iniciando actualización de estados de eventos. Fecha actual: 2024-11-26 13:08:47
[2024-11-26 13:08:47] [info] Eventos retrocedidos a Pendiente: 0
[2024-11-26 13:08:47] [info] Eventos retrocedidos desde Finalizado: 0
[2024-11-26 13:08:47] [info] Eventos finalizados actualizados: 0
[2024-11-26 13:08:47] [info] Jugadores actualizados a terminado: 0
[2024-11-26 13:08:47] [info] Eventos iniciados: 0
[2024-11-26 13:08:47] [info] Evento ID: 11, Nombre: Todos Santos, Jugadores terminados: 10/10
[2024-11-26 13:08:47] [info] Evento ID: 13, Nombre: Halloween, Jugadores terminados: 7/7
[2024-11-26 13:08:47] [info] Evento ID: 15, Nombre: Instituto ABC, Jugadores terminados: 3/3
[2024-11-26 13:08:47] [info] Evento ID: 16, Nombre: Sistemas UBI, Jugadores terminados: 6/6
[2024-11-26 13:11:36] [info] Administrador con ID 1 ha iniciado sesión exitosamente
[2024-11-26 13:11:36] [info] Iniciando actualización de estados de eventos. Fecha actual: 2024-11-26 13:11:36
[2024-11-26 13:11:36] [info] Eventos retrocedidos a Pendiente: 0
[2024-11-26 13:11:36] [info] Eventos retrocedidos desde Finalizado: 0
[2024-11-26 13:11:36] [info] Eventos finalizados actualizados: 0
[2024-11-26 13:11:36] [info] Jugadores actualizados a terminado: 0
[2024-11-26 13:11:36] [info] Eventos iniciados: 0
[2024-11-26 13:11:36] [info] Evento ID: 11, Nombre: Todos Santos, Jugadores terminados: 10/10
[2024-11-26 13:11:36] [info] Evento ID: 13, Nombre: Halloween, Jugadores terminados: 7/7
[2024-11-26 13:11:36] [info] Evento ID: 15, Nombre: Instituto ABC, Jugadores terminados: 3/3
[2024-11-26 13:11:36] [info] Evento ID: 16, Nombre: Sistemas UBI, Jugadores terminados: 6/6
[2024-11-26 13:45:15] [info] Administrador con ID 1 ha iniciado sesión exitosamente
[2024-11-26 13:45:15] [info] Iniciando actualización de estados de eventos. Fecha actual: 2024-11-26 13:45:15
[2024-11-26 13:45:15] [info] Eventos retrocedidos a Pendiente: 0
[2024-11-26 13:45:15] [info] Eventos retrocedidos desde Finalizado: 0
[2024-11-26 13:45:15] [info] Eventos finalizados actualizados: 0
[2024-11-26 13:45:15] [info] Jugadores actualizados a terminado: 0
[2024-11-26 13:45:15] [info] Eventos iniciados: 0
[2024-11-26 13:45:15] [info] Evento ID: 11, Nombre: Todos Santos, Jugadores terminados: 10/10
[2024-11-26 13:45:15] [info] Evento ID: 13, Nombre: Halloween, Jugadores terminados: 7/7
[2024-11-26 13:45:15] [info] Evento ID: 15, Nombre: Instituto ABC, Jugadores terminados: 3/3
[2024-11-26 13:45:15] [info] Evento ID: 16, Nombre: Sistemas UBI, Jugadores terminados: 6/6
[2024-11-26 13:45:38] [info] Iniciando actualización de estados de eventos. Fecha actual: 2024-11-26 13:45:38
[2024-11-26 13:45:38] [info] Eventos retrocedidos a Pendiente: 0
[2024-11-26 13:45:38] [info] Eventos retrocedidos desde Finalizado: 0
[2024-11-26 13:45:38] [info] Eventos finalizados actualizados: 0
[2024-11-26 13:45:38] [info] Jugadores actualizados a terminado: 0
[2024-11-26 13:45:38] [info] Eventos iniciados: 0
[2024-11-26 13:45:38] [info] Evento ID: 11, Nombre: Todos Santos, Jugadores terminados: 10/10
[2024-11-26 13:45:38] [info] Evento ID: 13, Nombre: Halloween, Jugadores terminados: 7/7
[2024-11-26 13:45:38] [info] Evento ID: 15, Nombre: Instituto ABC, Jugadores terminados: 3/3
[2024-11-26 13:45:38] [info] Evento ID: 16, Nombre: Sistemas UBI, Jugadores terminados: 6/6
[2024-11-26 13:45:44] [info] Iniciando actualización de estados de eventos. Fecha actual: 2024-11-26 13:45:44
[2024-11-26 13:45:44] [info] Eventos retrocedidos a Pendiente: 0
[2024-11-26 13:45:44] [info] Eventos retrocedidos desde Finalizado: 0
[2024-11-26 13:45:44] [info] Eventos finalizados actualizados: 0
[2024-11-26 13:45:44] [info] Jugadores actualizados a terminado: 0
[2024-11-26 13:45:44] [info] Eventos iniciados: 0
[2024-11-26 13:45:44] [info] Evento ID: 11, Nombre: Todos Santos, Jugadores terminados: 10/10
[2024-11-26 13:45:44] [info] Evento ID: 13, Nombre: Halloween, Jugadores terminados: 7/7
[2024-11-26 13:45:44] [info] Evento ID: 15, Nombre: Instituto ABC, Jugadores terminados: 3/3
[2024-11-26 13:45:44] [info] Evento ID: 16, Nombre: Sistemas UBI, Jugadores terminados: 6/6
[2024-11-26 13:45:47] [info] Iniciando actualización de estados de eventos. Fecha actual: 2024-11-26 13:45:47
[2024-11-26 13:45:47] [info] Eventos retrocedidos a Pendiente: 0
[2024-11-26 13:45:47] [info] Eventos retrocedidos desde Finalizado: 0
[2024-11-26 13:45:47] [info] Eventos finalizados actualizados: 0
[2024-11-26 13:45:47] [info] Jugadores actualizados a terminado: 0
[2024-11-26 13:45:47] [info] Eventos iniciados: 0
[2024-11-26 13:45:47] [info] Evento ID: 11, Nombre: Todos Santos, Jugadores terminados: 10/10
[2024-11-26 13:45:47] [info] Evento ID: 13, Nombre: Halloween, Jugadores terminados: 7/7
[2024-11-26 13:45:47] [info] Evento ID: 15, Nombre: Instituto ABC, Jugadores terminados: 3/3
[2024-11-26 13:45:47] [info] Evento ID: 16, Nombre: Sistemas UBI, Jugadores terminados: 6/6
[2024-11-26 13:46:17] [info] Iniciando actualización de estados de eventos. Fecha actual: 2024-11-26 13:46:17
[2024-11-26 13:46:17] [info] Eventos retrocedidos a Pendiente: 0
[2024-11-26 13:46:17] [info] Eventos retrocedidos desde Finalizado: 0
[2024-11-26 13:46:17] [info] Eventos finalizados actualizados: 0
[2024-11-26 13:46:17] [info] Jugadores actualizados a terminado: 0
[2024-11-26 13:46:17] [info] Eventos iniciados: 0
[2024-11-26 13:46:17] [info] Evento ID: 11, Nombre: Todos Santos, Jugadores terminados: 10/10
[2024-11-26 13:46:17] [info] Evento ID: 13, Nombre: Halloween, Jugadores terminados: 7/7
[2024-11-26 13:46:17] [info] Evento ID: 15, Nombre: Instituto ABC, Jugadores terminados: 3/3
[2024-11-26 13:46:17] [info] Evento ID: 16, Nombre: Sistemas UBI, Jugadores terminados: 6/6
[2024-11-26 13:46:48] [info] Iniciando actualización de estados de eventos. Fecha actual: 2024-11-26 13:46:48
[2024-11-26 13:46:48] [info] Eventos retrocedidos a Pendiente: 0
[2024-11-26 13:46:48] [info] Eventos retrocedidos desde Finalizado: 0
[2024-11-26 13:46:48] [info] Eventos finalizados actualizados: 0
[2024-11-26 13:46:48] [info] Jugadores actualizados a terminado: 0
[2024-11-26 13:46:48] [info] Eventos iniciados: 0
[2024-11-26 13:46:48] [info] Evento ID: 11, Nombre: Todos Santos, Jugadores terminados: 10/10
[2024-11-26 13:46:48] [info] Evento ID: 13, Nombre: Halloween, Jugadores terminados: 7/7
[2024-11-26 13:46:48] [info] Evento ID: 15, Nombre: Instituto ABC, Jugadores terminados: 3/3
[2024-11-26 13:46:48] [info] Evento ID: 16, Nombre: Sistemas UBI, Jugadores terminados: 6/6
[2024-11-26 13:47:19] [info] Iniciando actualización de estados de eventos. Fecha actual: 2024-11-26 13:47:19
[2024-11-26 13:47:19] [info] Eventos retrocedidos a Pendiente: 0
[2024-11-26 13:47:19] [info] Eventos retrocedidos desde Finalizado: 0
[2024-11-26 13:47:19] [info] Eventos finalizados actualizados: 0
[2024-11-26 13:47:19] [info] Jugadores actualizados a terminado: 0
[2024-11-26 13:47:19] [info] Eventos iniciados: 0
[2024-11-26 13:47:19] [info] Evento ID: 11, Nombre: Todos Santos, Jugadores terminados: 10/10
[2024-11-26 13:47:19] [info] Evento ID: 13, Nombre: Halloween, Jugadores terminados: 7/7
[2024-11-26 13:47:19] [info] Evento ID: 15, Nombre: Instituto ABC, Jugadores terminados: 3/3
[2024-11-26 13:47:19] [info] Evento ID: 16, Nombre: Sistemas UBI, Jugadores terminados: 6/6
[2024-11-26 13:47:24] [info] Iniciando actualización de estados de eventos. Fecha actual: 2024-11-26 13:47:24
[2024-11-26 13:47:24] [info] Eventos retrocedidos a Pendiente: 0
[2024-11-26 13:47:24] [info] Eventos retrocedidos desde Finalizado: 0
[2024-11-26 13:47:24] [info] Eventos finalizados actualizados: 0
[2024-11-26 13:47:24] [info] Jugadores actualizados a terminado: 0
[2024-11-26 13:47:24] [info] Eventos iniciados: 0
[2024-11-26 13:47:24] [info] Evento ID: 11, Nombre: Todos Santos, Jugadores terminados: 10/10
[2024-11-26 13:47:24] [info] Evento ID: 13, Nombre: Halloween, Jugadores terminados: 7/7
[2024-11-26 13:47:24] [info] Evento ID: 15, Nombre: Instituto ABC, Jugadores terminados: 3/3
[2024-11-26 13:47:24] [info] Evento ID: 16, Nombre: Sistemas UBI, Jugadores terminados: 6/6
[2024-11-26 13:47:27] [info] Iniciando actualización de estados de eventos. Fecha actual: 2024-11-26 13:47:27
[2024-11-26 13:47:27] [info] Eventos retrocedidos a Pendiente: 0
[2024-11-26 13:47:27] [info] Eventos retrocedidos desde Finalizado: 0
[2024-11-26 13:47:27] [info] Eventos finalizados actualizados: 0
[2024-11-26 13:47:27] [info] Jugadores actualizados a terminado: 0
[2024-11-26 13:47:27] [info] Eventos iniciados: 0
[2024-11-26 13:47:27] [info] Evento ID: 11, Nombre: Todos Santos, Jugadores terminados: 10/10
[2024-11-26 13:47:27] [info] Evento ID: 13, Nombre: Halloween, Jugadores terminados: 7/7
[2024-11-26 13:47:27] [info] Evento ID: 15, Nombre: Instituto ABC, Jugadores terminados: 3/3
[2024-11-26 13:47:27] [info] Evento ID: 16, Nombre: Sistemas UBI, Jugadores terminados: 6/6
[2024-11-26 13:47:27] [info] Iniciando actualización de estados de eventos. Fecha actual: 2024-11-26 13:47:27
[2024-11-26 13:47:27] [info] Eventos retrocedidos a Pendiente: 0
[2024-11-26 13:47:27] [info] Eventos retrocedidos desde Finalizado: 0
[2024-11-26 13:47:27] [info] Eventos finalizados actualizados: 0
[2024-11-26 13:47:27] [info] Jugadores actualizados a terminado: 0
[2024-11-26 13:47:27] [info] Eventos iniciados: 0
[2024-11-26 13:47:27] [info] Evento ID: 11, Nombre: Todos Santos, Jugadores terminados: 10/10
[2024-11-26 13:47:27] [info] Evento ID: 13, Nombre: Halloween, Jugadores terminados: 7/7
[2024-11-26 13:47:27] [info] Evento ID: 15, Nombre: Instituto ABC, Jugadores terminados: 3/3
[2024-11-26 13:47:27] [info] Evento ID: 16, Nombre: Sistemas UBI, Jugadores terminados: 6/6
[2024-11-26 13:47:38] [info] Iniciando actualización de estados de eventos. Fecha actual: 2024-11-26 13:47:38
[2024-11-26 13:47:38] [info] Eventos retrocedidos a Pendiente: 0
[2024-11-26 13:47:38] [info] Eventos retrocedidos desde Finalizado: 0
[2024-11-26 13:47:38] [info] Eventos finalizados actualizados: 0
[2024-11-26 13:47:38] [info] Jugadores actualizados a terminado: 0
[2024-11-26 13:47:38] [info] Eventos iniciados: 0
[2024-11-26 13:47:38] [info] Evento ID: 11, Nombre: Todos Santos, Jugadores terminados: 10/10
[2024-11-26 13:47:38] [info] Evento ID: 13, Nombre: Halloween, Jugadores terminados: 7/7
[2024-11-26 13:47:38] [info] Evento ID: 15, Nombre: Instituto ABC, Jugadores terminados: 3/3
[2024-11-26 13:47:38] [info] Evento ID: 16, Nombre: Sistemas UBI, Jugadores terminados: 6/6
[2024-11-26 13:47:40] [info] Iniciando actualización de estados de eventos. Fecha actual: 2024-11-26 13:47:40
[2024-11-26 13:47:40] [info] Eventos retrocedidos a Pendiente: 0
[2024-11-26 13:47:40] [info] Eventos retrocedidos desde Finalizado: 0
[2024-11-26 13:47:40] [info] Eventos finalizados actualizados: 0
[2024-11-26 13:47:40] [info] Jugadores actualizados a terminado: 0
[2024-11-26 13:47:40] [info] Eventos iniciados: 0
[2024-11-26 13:47:40] [info] Evento ID: 11, Nombre: Todos Santos, Jugadores terminados: 10/10
[2024-11-26 13:47:40] [info] Evento ID: 13, Nombre: Halloween, Jugadores terminados: 7/7
[2024-11-26 13:47:40] [info] Evento ID: 15, Nombre: Instituto ABC, Jugadores terminados: 3/3
[2024-11-26 13:47:40] [info] Evento ID: 16, Nombre: Sistemas UBI, Jugadores terminados: 6/6
[2024-11-26 13:47:41] [info] Iniciando actualización de estados de eventos. Fecha actual: 2024-11-26 13:47:41
[2024-11-26 13:47:41] [info] Eventos retrocedidos a Pendiente: 0
[2024-11-26 13:47:41] [info] Eventos retrocedidos desde Finalizado: 0
[2024-11-26 13:47:41] [info] Eventos finalizados actualizados: 0
[2024-11-26 13:47:41] [info] Jugadores actualizados a terminado: 0
[2024-11-26 13:47:41] [info] Eventos iniciados: 0
[2024-11-26 13:47:41] [info] Evento ID: 11, Nombre: Todos Santos, Jugadores terminados: 10/10
[2024-11-26 13:47:41] [info] Evento ID: 13, Nombre: Halloween, Jugadores terminados: 7/7
[2024-11-26 13:47:41] [info] Evento ID: 15, Nombre: Instituto ABC, Jugadores terminados: 3/3
[2024-11-26 13:47:41] [info] Evento ID: 16, Nombre: Sistemas UBI, Jugadores terminados: 6/6
[2024-11-26 13:48:12] [info] Iniciando actualización de estados de eventos. Fecha actual: 2024-11-26 13:48:12
[2024-11-26 13:48:12] [info] Eventos retrocedidos a Pendiente: 0
[2024-11-26 13:48:12] [info] Eventos retrocedidos desde Finalizado: 0
[2024-11-26 13:48:12] [info] Eventos finalizados actualizados: 0
[2024-11-26 13:48:12] [info] Jugadores actualizados a terminado: 0
[2024-11-26 13:48:12] [info] Eventos iniciados: 0
[2024-11-26 13:48:12] [info] Evento ID: 11, Nombre: Todos Santos, Jugadores terminados: 10/10
[2024-11-26 13:48:12] [info] Evento ID: 13, Nombre: Halloween, Jugadores terminados: 7/7
[2024-11-26 13:48:12] [info] Evento ID: 15, Nombre: Instituto ABC, Jugadores terminados: 3/3
[2024-11-26 13:48:12] [info] Evento ID: 16, Nombre: Sistemas UBI, Jugadores terminados: 6/6
[2024-11-26 13:48:30] [info] Iniciando actualización de estados de eventos. Fecha actual: 2024-11-26 13:48:30
[2024-11-26 13:48:30] [info] Eventos retrocedidos a Pendiente: 0
[2024-11-26 13:48:30] [info] Eventos retrocedidos desde Finalizado: 0
[2024-11-26 13:48:30] [info] Eventos finalizados actualizados: 0
[2024-11-26 13:48:30] [info] Jugadores actualizados a terminado: 0
[2024-11-26 13:48:30] [info] Eventos iniciados: 0
[2024-11-26 13:48:30] [info] Evento ID: 11, Nombre: Todos Santos, Jugadores terminados: 10/10
[2024-11-26 13:48:30] [info] Evento ID: 13, Nombre: Halloween, Jugadores terminados: 7/7
[2024-11-26 13:48:30] [info] Evento ID: 15, Nombre: Instituto ABC, Jugadores terminados: 3/3
[2024-11-26 13:48:30] [info] Evento ID: 16, Nombre: Sistemas UBI, Jugadores terminados: 6/6
[2024-11-26 13:48:37] [info] Iniciando actualización de estados de eventos. Fecha actual: 2024-11-26 13:48:37
[2024-11-26 13:48:37] [info] Eventos retrocedidos a Pendiente: 0
[2024-11-26 13:48:37] [info] Eventos retrocedidos desde Finalizado: 0
[2024-11-26 13:48:37] [info] Eventos finalizados actualizados: 0
[2024-11-26 13:48:37] [info] Jugadores actualizados a terminado: 0
[2024-11-26 13:48:37] [info] Eventos iniciados: 0
[2024-11-26 13:48:37] [info] Evento ID: 11, Nombre: Todos Santos, Jugadores terminados: 10/10
[2024-11-26 13:48:37] [info] Evento ID: 13, Nombre: Halloween, Jugadores terminados: 7/7
[2024-11-26 13:48:37] [info] Evento ID: 15, Nombre: Instituto ABC, Jugadores terminados: 3/3
[2024-11-26 13:48:37] [info] Evento ID: 16, Nombre: Sistemas UBI, Jugadores terminados: 6/6
[2024-11-26 13:48:38] [info] Iniciando actualización de estados de eventos. Fecha actual: 2024-11-26 13:48:38
[2024-11-26 13:48:38] [info] Eventos retrocedidos a Pendiente: 0
[2024-11-26 13:48:38] [info] Eventos retrocedidos desde Finalizado: 0
[2024-11-26 13:48:38] [info] Eventos finalizados actualizados: 0
[2024-11-26 13:48:38] [info] Jugadores actualizados a terminado: 0
[2024-11-26 13:48:38] [info] Eventos iniciados: 0
[2024-11-26 13:48:38] [info] Evento ID: 11, Nombre: Todos Santos, Jugadores terminados: 10/10
[2024-11-26 13:48:38] [info] Evento ID: 13, Nombre: Halloween, Jugadores terminados: 7/7
[2024-11-26 13:48:38] [info] Evento ID: 15, Nombre: Instituto ABC, Jugadores terminados: 3/3
[2024-11-26 13:48:38] [info] Evento ID: 16, Nombre: Sistemas UBI, Jugadores terminados: 6/6
[2024-11-26 13:48:39] [info] Iniciando actualización de estados de eventos. Fecha actual: 2024-11-26 13:48:39
[2024-11-26 13:48:39] [info] Eventos retrocedidos a Pendiente: 0
[2024-11-26 13:48:39] [info] Eventos retrocedidos desde Finalizado: 0
[2024-11-26 13:48:39] [info] Eventos finalizados actualizados: 0
[2024-11-26 13:48:39] [info] Jugadores actualizados a terminado: 0
[2024-11-26 13:48:39] [info] Eventos iniciados: 0
[2024-11-26 13:48:39] [info] Evento ID: 11, Nombre: Todos Santos, Jugadores terminados: 10/10
[2024-11-26 13:48:39] [info] Evento ID: 13, Nombre: Halloween, Jugadores terminados: 7/7
[2024-11-26 13:48:39] [info] Evento ID: 15, Nombre: Instituto ABC, Jugadores terminados: 3/3
[2024-11-26 13:48:39] [info] Evento ID: 16, Nombre: Sistemas UBI, Jugadores terminados: 6/6
[2024-11-26 13:48:40] [info] Iniciando actualización de estados de eventos. Fecha actual: 2024-11-26 13:48:40
[2024-11-26 13:48:40] [info] Eventos retrocedidos a Pendiente: 0
[2024-11-26 13:48:40] [info] Eventos retrocedidos desde Finalizado: 0
[2024-11-26 13:48:40] [info] Eventos finalizados actualizados: 0
[2024-11-26 13:48:40] [info] Jugadores actualizados a terminado: 0
[2024-11-26 13:48:40] [info] Eventos iniciados: 0
[2024-11-26 13:48:40] [info] Evento ID: 11, Nombre: Todos Santos, Jugadores terminados: 10/10
[2024-11-26 13:48:40] [info] Evento ID: 13, Nombre: Halloween, Jugadores terminados: 7/7
[2024-11-26 13:48:40] [info] Evento ID: 15, Nombre: Instituto ABC, Jugadores terminados: 3/3
[2024-11-26 13:48:40] [info] Evento ID: 16, Nombre: Sistemas UBI, Jugadores terminados: 6/6
[2024-11-26 13:48:42] [info] Iniciando actualización de estados de eventos. Fecha actual: 2024-11-26 13:48:42
[2024-11-26 13:48:42] [info] Eventos retrocedidos a Pendiente: 0
[2024-11-26 13:48:42] [info] Eventos retrocedidos desde Finalizado: 0
[2024-11-26 13:48:42] [info] Eventos finalizados actualizados: 0
[2024-11-26 13:48:42] [info] Jugadores actualizados a terminado: 0
[2024-11-26 13:48:42] [info] Eventos iniciados: 0
[2024-11-26 13:48:42] [info] Evento ID: 11, Nombre: Todos Santos, Jugadores terminados: 10/10
[2024-11-26 13:48:42] [info] Evento ID: 13, Nombre: Halloween, Jugadores terminados: 7/7
[2024-11-26 13:48:42] [info] Evento ID: 15, Nombre: Instituto ABC, Jugadores terminados: 3/3
[2024-11-26 13:48:42] [info] Evento ID: 16, Nombre: Sistemas UBI, Jugadores terminados: 6/6
[2024-11-26 13:48:43] [info] Iniciando actualización de estados de eventos. Fecha actual: 2024-11-26 13:48:43
[2024-11-26 13:48:43] [info] Eventos retrocedidos a Pendiente: 0
[2024-11-26 13:48:43] [info] Eventos retrocedidos desde Finalizado: 0
[2024-11-26 13:48:43] [info] Eventos finalizados actualizados: 0
[2024-11-26 13:48:43] [info] Jugadores actualizados a terminado: 0
[2024-11-26 13:48:43] [info] Eventos iniciados: 0
[2024-11-26 13:48:43] [info] Evento ID: 11, Nombre: Todos Santos, Jugadores terminados: 10/10
[2024-11-26 13:48:43] [info] Evento ID: 13, Nombre: Halloween, Jugadores terminados: 7/7
[2024-11-26 13:48:43] [info] Evento ID: 15, Nombre: Instituto ABC, Jugadores terminados: 3/3
[2024-11-26 13:48:43] [info] Evento ID: 16, Nombre: Sistemas UBI, Jugadores terminados: 6/6
[2024-11-26 13:48:44] [info] Iniciando actualización de estados de eventos. Fecha actual: 2024-11-26 13:48:44
[2024-11-26 13:48:44] [info] Eventos retrocedidos a Pendiente: 0
[2024-11-26 13:48:44] [info] Eventos retrocedidos desde Finalizado: 0
[2024-11-26 13:48:44] [info] Eventos finalizados actualizados: 0
[2024-11-26 13:48:44] [info] Jugadores actualizados a terminado: 0
[2024-11-26 13:48:44] [info] Eventos iniciados: 0
[2024-11-26 13:48:44] [info] Evento ID: 11, Nombre: Todos Santos, Jugadores terminados: 10/10
[2024-11-26 13:48:44] [info] Evento ID: 13, Nombre: Halloween, Jugadores terminados: 7/7
[2024-11-26 13:48:44] [info] Evento ID: 15, Nombre: Instituto ABC, Jugadores terminados: 3/3
[2024-11-26 13:48:44] [info] Evento ID: 16, Nombre: Sistemas UBI, Jugadores terminados: 6/6
[2024-11-26 13:49:15] [info] Iniciando actualización de estados de eventos. Fecha actual: 2024-11-26 13:49:15
[2024-11-26 13:49:15] [info] Eventos retrocedidos a Pendiente: 0
[2024-11-26 13:49:15] [info] Eventos retrocedidos desde Finalizado: 0
[2024-11-26 13:49:15] [info] Eventos finalizados actualizados: 0
[2024-11-26 13:49:15] [info] Jugadores actualizados a terminado: 0
[2024-11-26 13:49:15] [info] Eventos iniciados: 0
[2024-11-26 13:49:15] [info] Evento ID: 11, Nombre: Todos Santos, Jugadores terminados: 10/10
[2024-11-26 13:49:15] [info] Evento ID: 13, Nombre: Halloween, Jugadores terminados: 7/7
[2024-11-26 13:49:15] [info] Evento ID: 15, Nombre: Instituto ABC, Jugadores terminados: 3/3
[2024-11-26 13:49:15] [info] Evento ID: 16, Nombre: Sistemas UBI, Jugadores terminados: 6/6
[2024-11-26 13:49:46] [info] Iniciando actualización de estados de eventos. Fecha actual: 2024-11-26 13:49:46
[2024-11-26 13:49:46] [info] Eventos retrocedidos a Pendiente: 0
[2024-11-26 13:49:46] [info] Eventos retrocedidos desde Finalizado: 0
[2024-11-26 13:49:46] [info] Eventos finalizados actualizados: 0
[2024-11-26 13:49:46] [info] Jugadores actualizados a terminado: 0
[2024-11-26 13:49:46] [info] Eventos iniciados: 0
[2024-11-26 13:49:46] [info] Evento ID: 11, Nombre: Todos Santos, Jugadores terminados: 10/10
[2024-11-26 13:49:46] [info] Evento ID: 13, Nombre: Halloween, Jugadores terminados: 7/7
[2024-11-26 13:49:46] [info] Evento ID: 15, Nombre: Instituto ABC, Jugadores terminados: 3/3
[2024-11-26 13:49:46] [info] Evento ID: 16, Nombre: Sistemas UBI, Jugadores terminados: 6/6
[2024-11-26 13:50:17] [info] Iniciando actualización de estados de eventos. Fecha actual: 2024-11-26 13:50:17
[2024-11-26 13:50:17] [info] Eventos retrocedidos a Pendiente: 0
[2024-11-26 13:50:17] [info] Eventos retrocedidos desde Finalizado: 0
[2024-11-26 13:50:17] [info] Eventos finalizados actualizados: 0
[2024-11-26 13:50:17] [info] Jugadores actualizados a terminado: 0
[2024-11-26 13:50:17] [info] Eventos iniciados: 0
[2024-11-26 13:50:17] [info] Evento ID: 11, Nombre: Todos Santos, Jugadores terminados: 10/10
[2024-11-26 13:50:17] [info] Evento ID: 13, Nombre: Halloween, Jugadores terminados: 7/7
[2024-11-26 13:50:17] [info] Evento ID: 15, Nombre: Instituto ABC, Jugadores terminados: 3/3
[2024-11-26 13:50:17] [info] Evento ID: 16, Nombre: Sistemas UBI, Jugadores terminados: 6/6
[2024-11-26 13:50:48] [info] Iniciando actualización de estados de eventos. Fecha actual: 2024-11-26 13:50:48
[2024-11-26 13:50:48] [info] Eventos retrocedidos a Pendiente: 0
[2024-11-26 13:50:48] [info] Eventos retrocedidos desde Finalizado: 0
[2024-11-26 13:50:48] [info] Eventos finalizados actualizados: 0
[2024-11-26 13:50:48] [info] Jugadores actualizados a terminado: 0
[2024-11-26 13:50:48] [info] Eventos iniciados: 0
[2024-11-26 13:50:48] [info] Evento ID: 11, Nombre: Todos Santos, Jugadores terminados: 10/10
[2024-11-26 13:50:48] [info] Evento ID: 13, Nombre: Halloween, Jugadores terminados: 7/7
[2024-11-26 13:50:48] [info] Evento ID: 15, Nombre: Instituto ABC, Jugadores terminados: 3/3
[2024-11-26 13:50:48] [info] Evento ID: 16, Nombre: Sistemas UBI, Jugadores terminados: 6/6
[2024-11-26 13:51:19] [info] Iniciando actualización de estados de eventos. Fecha actual: 2024-11-26 13:51:19
[2024-11-26 13:51:19] [info] Eventos retrocedidos a Pendiente: 0
[2024-11-26 13:51:19] [info] Eventos retrocedidos desde Finalizado: 0
[2024-11-26 13:51:19] [info] Eventos finalizados actualizados: 0
[2024-11-26 13:51:19] [info] Jugadores actualizados a terminado: 0
[2024-11-26 13:51:19] [info] Eventos iniciados: 0
[2024-11-26 13:51:19] [info] Evento ID: 11, Nombre: Todos Santos, Jugadores terminados: 10/10
[2024-11-26 13:51:19] [info] Evento ID: 13, Nombre: Halloween, Jugadores terminados: 7/7
[2024-11-26 13:51:19] [info] Evento ID: 15, Nombre: Instituto ABC, Jugadores terminados: 3/3
[2024-11-26 13:51:19] [info] Evento ID: 16, Nombre: Sistemas UBI, Jugadores terminados: 6/6
[2024-11-26 13:51:50] [info] Iniciando actualización de estados de eventos. Fecha actual: 2024-11-26 13:51:50
[2024-11-26 13:51:50] [info] Eventos retrocedidos a Pendiente: 0
[2024-11-26 13:51:50] [info] Eventos retrocedidos desde Finalizado: 0
[2024-11-26 13:51:50] [info] Eventos finalizados actualizados: 0
[2024-11-26 13:51:50] [info] Jugadores actualizados a terminado: 0
[2024-11-26 13:51:50] [info] Eventos iniciados: 0
[2024-11-26 13:51:50] [info] Evento ID: 11, Nombre: Todos Santos, Jugadores terminados: 10/10
[2024-11-26 13:51:50] [info] Evento ID: 13, Nombre: Halloween, Jugadores terminados: 7/7
[2024-11-26 13:51:50] [info] Evento ID: 15, Nombre: Instituto ABC, Jugadores terminados: 3/3
[2024-11-26 13:51:50] [info] Evento ID: 16, Nombre: Sistemas UBI, Jugadores terminados: 6/6
[2024-11-26 13:52:21] [info] Iniciando actualización de estados de eventos. Fecha actual: 2024-11-26 13:52:21
[2024-11-26 13:52:21] [info] Eventos retrocedidos a Pendiente: 0
[2024-11-26 13:52:21] [info] Eventos retrocedidos desde Finalizado: 0
[2024-11-26 13:52:21] [info] Eventos finalizados actualizados: 0
[2024-11-26 13:52:21] [info] Jugadores actualizados a terminado: 0
[2024-11-26 13:52:21] [info] Eventos iniciados: 0
[2024-11-26 13:52:21] [info] Evento ID: 11, Nombre: Todos Santos, Jugadores terminados: 10/10
[2024-11-26 13:52:21] [info] Evento ID: 13, Nombre: Halloween, Jugadores terminados: 7/7
[2024-11-26 13:52:21] [info] Evento ID: 15, Nombre: Instituto ABC, Jugadores terminados: 3/3
[2024-11-26 13:52:21] [info] Evento ID: 16, Nombre: Sistemas UBI, Jugadores terminados: 6/6
[2024-11-26 13:53:02] [info] Administrador con ID 1 ha iniciado sesión exitosamente
[2024-11-26 13:53:02] [info] Iniciando actualización de estados de eventos. Fecha actual: 2024-11-26 13:53:02
[2024-11-26 13:53:02] [info] Eventos retrocedidos a Pendiente: 0
[2024-11-26 13:53:02] [info] Eventos retrocedidos desde Finalizado: 0
[2024-11-26 13:53:02] [info] Eventos finalizados actualizados: 0
[2024-11-26 13:53:02] [info] Jugadores actualizados a terminado: 0
[2024-11-26 13:53:02] [info] Eventos iniciados: 0
[2024-11-26 13:53:02] [info] Evento ID: 11, Nombre: Todos Santos, Jugadores terminados: 10/10
[2024-11-26 13:53:02] [info] Evento ID: 13, Nombre: Halloween, Jugadores terminados: 7/7
[2024-11-26 13:53:02] [info] Evento ID: 15, Nombre: Instituto ABC, Jugadores terminados: 3/3
[2024-11-26 13:53:02] [info] Evento ID: 16, Nombre: Sistemas UBI, Jugadores terminados: 6/6
[2024-11-26 13:53:33] [info] Iniciando actualización de estados de eventos. Fecha actual: 2024-11-26 13:53:33
[2024-11-26 13:53:33] [info] Eventos retrocedidos a Pendiente: 0
[2024-11-26 13:53:33] [info] Eventos retrocedidos desde Finalizado: 0
[2024-11-26 13:53:33] [info] Eventos finalizados actualizados: 0
[2024-11-26 13:53:33] [info] Jugadores actualizados a terminado: 0
[2024-11-26 13:53:33] [info] Eventos iniciados: 0
[2024-11-26 13:53:33] [info] Evento ID: 11, Nombre: Todos Santos, Jugadores terminados: 10/10
[2024-11-26 13:53:33] [info] Evento ID: 13, Nombre: Halloween, Jugadores terminados: 7/7
[2024-11-26 13:53:33] [info] Evento ID: 15, Nombre: Instituto ABC, Jugadores terminados: 3/3
[2024-11-26 13:53:33] [info] Evento ID: 16, Nombre: Sistemas UBI, Jugadores terminados: 6/6
[2024-11-26 13:54:03] [info] Iniciando actualización de estados de eventos. Fecha actual: 2024-11-26 13:54:03
[2024-11-26 13:54:03] [info] Eventos retrocedidos a Pendiente: 0
[2024-11-26 13:54:03] [info] Eventos retrocedidos desde Finalizado: 0
[2024-11-26 13:54:03] [info] Eventos finalizados actualizados: 0
[2024-11-26 13:54:03] [info] Jugadores actualizados a terminado: 0
[2024-11-26 13:54:03] [info] Eventos iniciados: 0
[2024-11-26 13:54:03] [info] Evento ID: 11, Nombre: Todos Santos, Jugadores terminados: 10/10
[2024-11-26 13:54:03] [info] Evento ID: 13, Nombre: Halloween, Jugadores terminados: 7/7
[2024-11-26 13:54:03] [info] Evento ID: 15, Nombre: Instituto ABC, Jugadores terminados: 3/3
[2024-11-26 13:54:03] [info] Evento ID: 16, Nombre: Sistemas UBI, Jugadores terminados: 6/6
[2024-11-26 13:54:33] [info] Iniciando actualización de estados de eventos. Fecha actual: 2024-11-26 13:54:33
[2024-11-26 13:54:33] [info] Eventos retrocedidos a Pendiente: 0
[2024-11-26 13:54:33] [info] Eventos retrocedidos desde Finalizado: 0
[2024-11-26 13:54:33] [info] Eventos finalizados actualizados: 0
[2024-11-26 13:54:33] [info] Jugadores actualizados a terminado: 0
[2024-11-26 13:54:33] [info] Eventos iniciados: 0
[2024-11-26 13:54:33] [info] Evento ID: 11, Nombre: Todos Santos, Jugadores terminados: 10/10
[2024-11-26 13:54:33] [info] Evento ID: 13, Nombre: Halloween, Jugadores terminados: 7/7
[2024-11-26 13:54:33] [info] Evento ID: 15, Nombre: Instituto ABC, Jugadores terminados: 3/3
[2024-11-26 13:54:33] [info] Evento ID: 16, Nombre: Sistemas UBI, Jugadores terminados: 6/6
[2024-11-26 14:24:35] [info] Iniciando actualización de estados de eventos. Fecha actual: 2024-11-26 14:24:35
[2024-11-26 14:24:35] [info] Eventos retrocedidos a Pendiente: 0
[2024-11-26 14:24:35] [info] Eventos retrocedidos desde Finalizado: 0
[2024-11-26 14:24:35] [info] Eventos finalizados actualizados: 0
[2024-11-26 14:24:35] [info] Jugadores actualizados a terminado: 0
[2024-11-26 14:24:35] [info] Eventos iniciados: 0
[2024-11-26 14:24:35] [info] Evento ID: 11, Nombre: Todos Santos, Jugadores terminados: 10/10
[2024-11-26 14:24:35] [info] Evento ID: 13, Nombre: Halloween, Jugadores terminados: 7/7
[2024-11-26 14:24:35] [info] Evento ID: 15, Nombre: Instituto ABC, Jugadores terminados: 3/3
[2024-11-26 14:24:35] [info] Evento ID: 16, Nombre: Sistemas UBI, Jugadores terminados: 6/6
[2024-11-26 14:24:36] [info] Iniciando actualización de estados de eventos. Fecha actual: 2024-11-26 14:24:36
[2024-11-26 14:24:36] [info] Eventos retrocedidos a Pendiente: 0
[2024-11-26 14:24:36] [info] Eventos retrocedidos desde Finalizado: 0
[2024-11-26 14:24:36] [info] Eventos finalizados actualizados: 0
[2024-11-26 14:24:36] [info] Jugadores actualizados a terminado: 0
[2024-11-26 14:24:36] [info] Eventos iniciados: 0
[2024-11-26 14:24:36] [info] Evento ID: 11, Nombre: Todos Santos, Jugadores terminados: 10/10
[2024-11-26 14:24:36] [info] Evento ID: 13, Nombre: Halloween, Jugadores terminados: 7/7
[2024-11-26 14:24:36] [info] Evento ID: 15, Nombre: Instituto ABC, Jugadores terminados: 3/3
[2024-11-26 14:24:36] [info] Evento ID: 16, Nombre: Sistemas UBI, Jugadores terminados: 6/6
[2024-11-26 14:27:48] [info] Iniciando actualización de estados de eventos. Fecha actual: 2024-11-26 14:27:48
[2024-11-26 14:27:48] [info] Eventos retrocedidos a Pendiente: 0
[2024-11-26 14:27:48] [info] Eventos retrocedidos desde Finalizado: 0
[2024-11-26 14:27:48] [info] Eventos finalizados actualizados: 0
[2024-11-26 14:27:48] [info] Jugadores actualizados a terminado: 0
[2024-11-26 14:27:48] [info] Eventos iniciados: 0
[2024-11-26 14:27:48] [info] Evento ID: 11, Nombre: Todos Santos, Jugadores terminados: 10/10
[2024-11-26 14:27:48] [info] Evento ID: 13, Nombre: Halloween, Jugadores terminados: 7/7
[2024-11-26 14:27:48] [info] Evento ID: 15, Nombre: Instituto ABC, Jugadores terminados: 3/3
[2024-11-26 14:27:48] [info] Evento ID: 16, Nombre: Sistemas UBI, Jugadores terminados: 6/6
[2024-11-26 14:27:48] [info] Iniciando actualización de estados de eventos. Fecha actual: 2024-11-26 14:27:48
[2024-11-26 14:27:48] [info] Eventos retrocedidos a Pendiente: 0
[2024-11-26 14:27:48] [info] Eventos retrocedidos desde Finalizado: 0
[2024-11-26 14:27:48] [info] Eventos finalizados actualizados: 0
[2024-11-26 14:27:48] [info] Jugadores actualizados a terminado: 0
[2024-11-26 14:27:48] [info] Eventos iniciados: 0
[2024-11-26 14:27:48] [info] Evento ID: 11, Nombre: Todos Santos, Jugadores terminados: 10/10
[2024-11-26 14:27:48] [info] Evento ID: 13, Nombre: Halloween, Jugadores terminados: 7/7
[2024-11-26 14:27:48] [info] Evento ID: 15, Nombre: Instituto ABC, Jugadores terminados: 3/3
[2024-11-26 14:27:48] [info] Evento ID: 16, Nombre: Sistemas UBI, Jugadores terminados: 6/6
[2024-11-26 18:51:17] [info] Iniciando actualización de estados de eventos. Fecha actual: 2024-11-26 18:51:17
[2024-11-26 18:51:17] [info] Eventos retrocedidos a Pendiente: 0
[2024-11-26 18:51:17] [info] Eventos retrocedidos desde Finalizado: 0
[2024-11-26 18:51:17] [info] Eventos finalizados actualizados: 0
[2024-11-26 18:51:17] [info] Jugadores actualizados a terminado: 0
[2024-11-26 18:51:17] [info] Eventos iniciados: 1
[2024-11-26 18:51:17] [info] Evento ID: 11, Nombre: Todos Santos, Jugadores terminados: 10/10
[2024-11-26 18:51:17] [info] Evento ID: 13, Nombre: Halloween, Jugadores terminados: 7/7
[2024-11-26 18:51:17] [info] Evento ID: 15, Nombre: Instituto ABC, Jugadores terminados: 3/3
[2024-11-26 18:51:17] [info] Evento ID: 16, Nombre: Sistemas UBI, Jugadores terminados: 6/6
