[2024-10-15 09:49:12] [info] Usuario con ID 2 ha iniciado sesión exitosamente
[2024-10-15 09:49:12] [info] Iniciando actualización de estados de eventos. Fecha actual: 2024-10-15 09:49:12
[2024-10-15 09:49:12] [info] Eventos actualizados de 'en espera' a 'activos': 0
[2024-10-15 09:49:12] [info] Eventos actualizados de 'activos' a 'finalizados': 0
[2024-10-15 09:49:12] [info] Resumen de actualización:
[2024-10-15 09:49:12] [info] Total de eventos actualizados: 0
[2024-10-15 09:49:12] [info] Evento ID: 1, Nombre: Microsoft, Inicio: 2024-10-09 00:00:00, Fin: 2024-10-09 23:32:00, Estado: 3
[2024-10-15 09:49:12] [info] Evento ID: 2, Nombre: Perdiendo la Cabeza, Inicio: 2024-10-09 13:11:00, Fin: 2024-10-09 14:08:00, Estado: 3
[2024-10-15 09:49:12] [info] Evento ID: 3, Nombre: Col. Don Bosco, Inicio: 2024-10-09 13:12:00, Fin: 2024-10-09 13:15:00, Estado: 3
[2024-10-15 09:49:12] [info] Evento ID: 4, Nombre: El Diario, Inicio: 2024-10-10 10:01:00, Fin: 2024-10-24 20:00:00, Estado: 2
[2024-10-15 09:49:22] [info] Iniciando actualización de estados de eventos. Fecha actual: 2024-10-15 09:49:22
[2024-10-15 09:49:22] [info] Eventos actualizados de 'en espera' a 'activos': 0
[2024-10-15 09:49:22] [info] Eventos actualizados de 'activos' a 'finalizados': 0
[2024-10-15 09:49:22] [info] Resumen de actualización:
[2024-10-15 09:49:22] [info] Total de eventos actualizados: 0
[2024-10-15 09:49:22] [info] Evento ID: 1, Nombre: Microsoft, Inicio: 2024-10-09 00:00:00, Fin: 2024-10-09 23:32:00, Estado: 3
[2024-10-15 09:49:22] [info] Evento ID: 2, Nombre: Perdiendo la Cabeza, Inicio: 2024-10-09 13:11:00, Fin: 2024-10-09 14:08:00, Estado: 3
[2024-10-15 09:49:22] [info] Evento ID: 3, Nombre: Col. Don Bosco, Inicio: 2024-10-09 13:12:00, Fin: 2024-10-09 13:15:00, Estado: 3
[2024-10-15 09:49:22] [info] Evento ID: 4, Nombre: El Diario, Inicio: 2024-10-10 10:01:00, Fin: 2024-10-24 20:00:00, Estado: 2
[2024-10-15 09:50:23] [info] Iniciando actualización de estados de eventos. Fecha actual: 2024-10-15 09:50:23
[2024-10-15 09:50:23] [info] Eventos actualizados de 'en espera' a 'activos': 0
[2024-10-15 09:50:23] [info] Eventos actualizados de 'activos' a 'finalizados': 0
[2024-10-15 09:50:23] [info] Resumen de actualización:
[2024-10-15 09:50:23] [info] Total de eventos actualizados: 0
[2024-10-15 09:50:23] [info] Evento ID: 1, Nombre: Microsoft, Inicio: 2024-10-09 00:00:00, Fin: 2024-10-09 23:32:00, Estado: 3
[2024-10-15 09:50:23] [info] Evento ID: 2, Nombre: Perdiendo la Cabeza, Inicio: 2024-10-09 13:11:00, Fin: 2024-10-09 14:08:00, Estado: 3
[2024-10-15 09:50:23] [info] Evento ID: 3, Nombre: Col. Don Bosco, Inicio: 2024-10-09 13:12:00, Fin: 2024-10-09 13:15:00, Estado: 3
[2024-10-15 09:50:23] [info] Evento ID: 4, Nombre: El Diario, Inicio: 2024-10-10 10:01:00, Fin: 2024-10-24 20:00:00, Estado: 2
[2024-10-15 10:13:34] [info] Iniciando actualización de estados de eventos. Fecha actual: 2024-10-15 10:13:34
[2024-10-15 10:13:34] [info] Eventos actualizados de 'en espera' a 'activos': 0
[2024-10-15 10:13:34] [info] Eventos actualizados de 'activos' a 'finalizados': 0
[2024-10-15 10:13:34] [info] Resumen de actualización:
[2024-10-15 10:13:34] [info] Total de eventos actualizados: 0
[2024-10-15 10:13:34] [info] Evento ID: 1, Nombre: Microsoft, Inicio: 2024-10-09 00:00:00, Fin: 2024-10-09 23:32:00, Estado: 3
[2024-10-15 10:13:34] [info] Evento ID: 2, Nombre: Perdiendo la Cabeza, Inicio: 2024-10-09 13:11:00, Fin: 2024-10-09 14:08:00, Estado: 3
[2024-10-15 10:13:34] [info] Evento ID: 3, Nombre: Col. Don Bosco, Inicio: 2024-10-09 13:12:00, Fin: 2024-10-09 13:15:00, Estado: 3
[2024-10-15 10:13:34] [info] Evento ID: 4, Nombre: El Diario, Inicio: 2024-10-10 10:01:00, Fin: 2024-10-24 20:00:00, Estado: 2
[2024-10-15 10:13:44] [info] Iniciando actualización de estados de eventos. Fecha actual: 2024-10-15 10:13:44
[2024-10-15 10:13:44] [info] Eventos actualizados de 'en espera' a 'activos': 0
[2024-10-15 10:13:44] [info] Eventos actualizados de 'activos' a 'finalizados': 0
[2024-10-15 10:13:44] [info] Resumen de actualización:
[2024-10-15 10:13:44] [info] Total de eventos actualizados: 0
[2024-10-15 10:13:44] [info] Evento ID: 1, Nombre: Microsoft, Inicio: 2024-10-09 00:00:00, Fin: 2024-10-09 23:32:00, Estado: 3
[2024-10-15 10:13:44] [info] Evento ID: 2, Nombre: Perdiendo la Cabeza, Inicio: 2024-10-09 13:11:00, Fin: 2024-10-09 14:08:00, Estado: 3
[2024-10-15 10:13:44] [info] Evento ID: 3, Nombre: Col. Don Bosco, Inicio: 2024-10-09 13:12:00, Fin: 2024-10-09 13:15:00, Estado: 3
[2024-10-15 10:13:44] [info] Evento ID: 4, Nombre: El Diario, Inicio: 2024-10-10 10:01:00, Fin: 2024-10-24 20:00:00, Estado: 2
[2024-10-15 10:13:46] [info] Iniciando actualización de estados de eventos. Fecha actual: 2024-10-15 10:13:46
[2024-10-15 10:13:46] [info] Eventos actualizados de 'en espera' a 'activos': 0
[2024-10-15 10:13:46] [info] Eventos actualizados de 'activos' a 'finalizados': 0
[2024-10-15 10:13:46] [info] Resumen de actualización:
[2024-10-15 10:13:46] [info] Total de eventos actualizados: 0
[2024-10-15 10:13:46] [info] Evento ID: 1, Nombre: Microsoft, Inicio: 2024-10-09 00:00:00, Fin: 2024-10-09 23:32:00, Estado: 3
[2024-10-15 10:13:46] [info] Evento ID: 2, Nombre: Perdiendo la Cabeza, Inicio: 2024-10-09 13:11:00, Fin: 2024-10-09 14:08:00, Estado: 3
[2024-10-15 10:13:46] [info] Evento ID: 3, Nombre: Col. Don Bosco, Inicio: 2024-10-09 13:12:00, Fin: 2024-10-09 13:15:00, Estado: 3
[2024-10-15 10:13:46] [info] Evento ID: 4, Nombre: El Diario, Inicio: 2024-10-10 10:01:00, Fin: 2024-10-24 20:00:00, Estado: 2
[2024-10-15 11:54:37] [warning] Intento de inicio de sesión fallido para el usuario con CI: 7654321
[2024-10-15 11:54:47] [warning] Intento de inicio de sesión fallido para el usuario con CI: 7654321
[2024-10-15 11:54:55] [info] Usuario con ID 2 ha iniciado sesión exitosamente
[2024-10-15 11:54:55] [info] Iniciando actualización de estados de eventos. Fecha actual: 2024-10-15 11:54:55
[2024-10-15 11:54:55] [info] Eventos actualizados de 'en espera' a 'activos': 0
[2024-10-15 11:54:55] [info] Eventos actualizados de 'activos' a 'finalizados': 0
[2024-10-15 11:54:55] [info] Resumen de actualización:
[2024-10-15 11:54:55] [info] Total de eventos actualizados: 0
[2024-10-15 11:54:55] [info] Evento ID: 1, Nombre: Microsoft, Inicio: 2024-10-09 00:00:00, Fin: 2024-10-09 23:32:00, Estado: 3
[2024-10-15 11:54:55] [info] Evento ID: 2, Nombre: Perdiendo la Cabeza, Inicio: 2024-10-09 13:11:00, Fin: 2024-10-09 14:08:00, Estado: 3
[2024-10-15 11:54:55] [info] Evento ID: 3, Nombre: Col. Don Bosco, Inicio: 2024-10-09 13:12:00, Fin: 2024-10-09 13:15:00, Estado: 3
[2024-10-15 11:54:55] [info] Evento ID: 4, Nombre: El Diario, Inicio: 2024-10-10 10:01:00, Fin: 2024-10-24 20:00:00, Estado: 2
[2024-10-15 12:16:01] [info] Iniciando actualización de estados de eventos. Fecha actual: 2024-10-15 12:16:01
[2024-10-15 12:16:01] [info] Eventos actualizados de 'en espera' a 'activos': 0
[2024-10-15 12:16:01] [info] Eventos actualizados de 'activos' a 'finalizados': 0
[2024-10-15 12:16:01] [info] Resumen de actualización:
[2024-10-15 12:16:01] [info] Total de eventos actualizados: 0
[2024-10-15 12:16:01] [info] Evento ID: 1, Nombre: Microsoft, Inicio: 2024-10-09 00:00:00, Fin: 2024-10-09 23:32:00, Estado: 3
[2024-10-15 12:16:01] [info] Evento ID: 2, Nombre: Perdiendo la Cabeza, Inicio: 2024-10-09 13:11:00, Fin: 2024-10-09 14:08:00, Estado: 3
[2024-10-15 12:16:01] [info] Evento ID: 3, Nombre: Col. Don Bosco, Inicio: 2024-10-09 13:12:00, Fin: 2024-10-09 13:15:00, Estado: 3
[2024-10-15 12:16:01] [info] Evento ID: 4, Nombre: El Diario, Inicio: 2024-10-10 10:01:00, Fin: 2024-10-24 20:00:00, Estado: 2
[2024-10-15 12:16:20] [info] Usuario con ID 2 ha iniciado sesión exitosamente
[2024-10-15 12:16:20] [info] Iniciando actualización de estados de eventos. Fecha actual: 2024-10-15 12:16:20
[2024-10-15 12:16:20] [info] Eventos actualizados de 'en espera' a 'activos': 0
[2024-10-15 12:16:20] [info] Eventos actualizados de 'activos' a 'finalizados': 0
[2024-10-15 12:16:20] [info] Resumen de actualización:
[2024-10-15 12:16:20] [info] Total de eventos actualizados: 0
[2024-10-15 12:16:20] [info] Evento ID: 1, Nombre: Microsoft, Inicio: 2024-10-09 00:00:00, Fin: 2024-10-09 23:32:00, Estado: 3
[2024-10-15 12:16:20] [info] Evento ID: 2, Nombre: Perdiendo la Cabeza, Inicio: 2024-10-09 13:11:00, Fin: 2024-10-09 14:08:00, Estado: 3
[2024-10-15 12:16:20] [info] Evento ID: 3, Nombre: Col. Don Bosco, Inicio: 2024-10-09 13:12:00, Fin: 2024-10-09 13:15:00, Estado: 3
[2024-10-15 12:16:20] [info] Evento ID: 4, Nombre: El Diario, Inicio: 2024-10-10 10:01:00, Fin: 2024-10-24 20:00:00, Estado: 2
[2024-10-15 12:17:07] [info] Iniciando actualización de estados de eventos. Fecha actual: 2024-10-15 12:17:07
[2024-10-15 12:17:07] [info] Eventos actualizados de 'en espera' a 'activos': 0
[2024-10-15 12:17:07] [info] Eventos actualizados de 'activos' a 'finalizados': 0
[2024-10-15 12:17:07] [info] Resumen de actualización:
[2024-10-15 12:17:07] [info] Total de eventos actualizados: 0
[2024-10-15 12:17:07] [info] Evento ID: 1, Nombre: Microsoft, Inicio: 2024-10-09 00:00:00, Fin: 2024-10-09 23:32:00, Estado: 3
[2024-10-15 12:17:07] [info] Evento ID: 2, Nombre: Perdiendo la Cabeza, Inicio: 2024-10-09 13:11:00, Fin: 2024-10-09 14:08:00, Estado: 3
[2024-10-15 12:17:07] [info] Evento ID: 3, Nombre: Col. Don Bosco, Inicio: 2024-10-09 13:12:00, Fin: 2024-10-09 13:15:00, Estado: 3
[2024-10-15 12:17:07] [info] Evento ID: 4, Nombre: El Diario, Inicio: 2024-10-10 10:01:00, Fin: 2024-10-24 20:00:00, Estado: 2
[2024-10-15 12:17:09] [info] Iniciando actualización de estados de eventos. Fecha actual: 2024-10-15 12:17:09
[2024-10-15 12:17:09] [info] Eventos actualizados de 'en espera' a 'activos': 0
[2024-10-15 12:17:09] [info] Eventos actualizados de 'activos' a 'finalizados': 0
[2024-10-15 12:17:09] [info] Resumen de actualización:
[2024-10-15 12:17:09] [info] Total de eventos actualizados: 0
[2024-10-15 12:17:09] [info] Evento ID: 1, Nombre: Microsoft, Inicio: 2024-10-09 00:00:00, Fin: 2024-10-09 23:32:00, Estado: 3
[2024-10-15 12:17:09] [info] Evento ID: 2, Nombre: Perdiendo la Cabeza, Inicio: 2024-10-09 13:11:00, Fin: 2024-10-09 14:08:00, Estado: 3
[2024-10-15 12:17:09] [info] Evento ID: 3, Nombre: Col. Don Bosco, Inicio: 2024-10-09 13:12:00, Fin: 2024-10-09 13:15:00, Estado: 3
[2024-10-15 12:17:09] [info] Evento ID: 4, Nombre: El Diario, Inicio: 2024-10-10 10:01:00, Fin: 2024-10-24 20:00:00, Estado: 2
[2024-10-15 12:25:36] [info] Iniciando actualización de estados de eventos. Fecha actual: 2024-10-15 12:25:36
[2024-10-15 12:25:36] [info] Eventos actualizados de 'en espera' a 'activos': 0
[2024-10-15 12:25:36] [info] Eventos actualizados de 'activos' a 'finalizados': 0
[2024-10-15 12:25:36] [info] Resumen de actualización:
[2024-10-15 12:25:36] [info] Total de eventos actualizados: 0
[2024-10-15 12:25:36] [info] Evento ID: 1, Nombre: Microsoft, Inicio: 2024-10-09 00:00:00, Fin: 2024-10-09 23:32:00, Estado: 3
[2024-10-15 12:25:36] [info] Evento ID: 2, Nombre: Perdiendo la Cabeza, Inicio: 2024-10-09 13:11:00, Fin: 2024-10-09 14:08:00, Estado: 3
[2024-10-15 12:25:36] [info] Evento ID: 3, Nombre: Col. Don Bosco, Inicio: 2024-10-09 13:12:00, Fin: 2024-10-09 13:15:00, Estado: 3
[2024-10-15 12:25:36] [info] Evento ID: 4, Nombre: El Diario, Inicio: 2024-10-10 10:01:00, Fin: 2024-10-24 20:00:00, Estado: 2
