[2024-11-09 08:03:53] [info] Administrador con ID 1 ha iniciado sesión exitosamente
[2024-11-09 08:03:54] [info] Iniciando actualización de estados de eventos. Fecha actual: 2024-11-09 08:03:54
[2024-11-09 08:03:54] [info] Eventos finalizados actualizados: 0
[2024-11-09 08:03:54] [info] Jugadores actualizados a terminado: 0
[2024-11-09 08:03:54] [info] Eventos iniciados: 0
[2024-11-09 08:03:54] [info] Evento ID: 1, Nombre: Microsoft Corp, Jugadores terminados: 0/0
[2024-11-09 08:03:54] [info] Evento ID: 11, Nombre: Todos Santos, Jugadores terminados: 6/6
[2024-11-09 08:03:54] [info] Evento ID: 13, Nombre: Halloween, Jugadores terminados: 6/6
[2024-11-09 08:03:54] [info] Evento ID: 15, Nombre: Instituto ABC, Jugadores terminados: 3/3
[2024-11-09 08:03:56] [info] Iniciando actualización de estados de eventos. Fecha actual: 2024-11-09 08:03:56
[2024-11-09 08:03:56] [info] Eventos finalizados actualizados: 0
[2024-11-09 08:03:56] [info] Jugadores actualizados a terminado: 0
[2024-11-09 08:03:56] [info] Eventos iniciados: 0
[2024-11-09 08:03:56] [info] Evento ID: 1, Nombre: Microsoft Corp, Jugadores terminados: 0/0
[2024-11-09 08:03:56] [info] Evento ID: 11, Nombre: Todos Santos, Jugadores terminados: 6/6
[2024-11-09 08:03:56] [info] Evento ID: 13, Nombre: Halloween, Jugadores terminados: 6/6
[2024-11-09 08:03:56] [info] Evento ID: 15, Nombre: Instituto ABC, Jugadores terminados: 3/3
[2024-11-09 08:03:56] [info] Iniciando actualización de estados de eventos. Fecha actual: 2024-11-09 08:03:56
[2024-11-09 08:03:56] [info] Eventos finalizados actualizados: 0
[2024-11-09 08:03:56] [info] Jugadores actualizados a terminado: 0
[2024-11-09 08:03:56] [info] Eventos iniciados: 0
[2024-11-09 08:03:56] [info] Evento ID: 1, Nombre: Microsoft Corp, Jugadores terminados: 0/0
[2024-11-09 08:03:56] [info] Evento ID: 11, Nombre: Todos Santos, Jugadores terminados: 6/6
[2024-11-09 08:03:56] [info] Evento ID: 13, Nombre: Halloween, Jugadores terminados: 6/6
[2024-11-09 08:03:56] [info] Evento ID: 15, Nombre: Instituto ABC, Jugadores terminados: 3/3
[2024-11-09 08:04:13] [info] Iniciando actualización de estados de eventos. Fecha actual: 2024-11-09 08:04:13
[2024-11-09 08:04:13] [info] Eventos finalizados actualizados: 0
[2024-11-09 08:04:13] [info] Jugadores actualizados a terminado: 0
[2024-11-09 08:04:13] [info] Eventos iniciados: 0
[2024-11-09 08:04:13] [info] Evento ID: 1, Nombre: Microsoft Corp, Jugadores terminados: 0/0
[2024-11-09 08:04:13] [info] Evento ID: 11, Nombre: Todos Santos, Jugadores terminados: 6/6
[2024-11-09 08:04:13] [info] Evento ID: 13, Nombre: Halloween, Jugadores terminados: 6/6
[2024-11-09 08:04:13] [info] Evento ID: 15, Nombre: Instituto ABC, Jugadores terminados: 3/3
[2024-11-09 08:22:30] [info] Administrador con ID 1 ha iniciado sesión exitosamente
[2024-11-09 08:22:30] [info] Iniciando actualización de estados de eventos. Fecha actual: 2024-11-09 08:22:30
[2024-11-09 08:22:30] [info] Eventos finalizados actualizados: 0
[2024-11-09 08:22:30] [info] Jugadores actualizados a terminado: 0
[2024-11-09 08:22:30] [info] Eventos iniciados: 0
[2024-11-09 08:22:30] [info] Evento ID: 1, Nombre: Microsoft Corp, Jugadores terminados: 0/0
[2024-11-09 08:22:30] [info] Evento ID: 11, Nombre: Todos Santos, Jugadores terminados: 6/6
[2024-11-09 08:22:30] [info] Evento ID: 13, Nombre: Halloween, Jugadores terminados: 6/6
[2024-11-09 08:22:30] [info] Evento ID: 15, Nombre: Instituto ABC, Jugadores terminados: 3/3
[2024-11-09 08:23:00] [info] Iniciando actualización de estados de eventos. Fecha actual: 2024-11-09 08:23:00
[2024-11-09 08:23:00] [info] Eventos finalizados actualizados: 0
[2024-11-09 08:23:00] [info] Jugadores actualizados a terminado: 0
[2024-11-09 08:23:00] [info] Eventos iniciados: 0
[2024-11-09 08:23:00] [info] Evento ID: 1, Nombre: Microsoft Corp, Jugadores terminados: 0/0
[2024-11-09 08:23:00] [info] Evento ID: 11, Nombre: Todos Santos, Jugadores terminados: 6/6
[2024-11-09 08:23:00] [info] Evento ID: 13, Nombre: Halloween, Jugadores terminados: 6/6
[2024-11-09 08:23:00] [info] Evento ID: 15, Nombre: Instituto ABC, Jugadores terminados: 3/3
[2024-11-09 08:23:30] [info] Iniciando actualización de estados de eventos. Fecha actual: 2024-11-09 08:23:30
[2024-11-09 08:23:30] [info] Eventos finalizados actualizados: 0
[2024-11-09 08:23:30] [info] Jugadores actualizados a terminado: 0
[2024-11-09 08:23:30] [info] Eventos iniciados: 0
[2024-11-09 08:23:30] [info] Evento ID: 1, Nombre: Microsoft Corp, Jugadores terminados: 0/0
[2024-11-09 08:23:30] [info] Evento ID: 11, Nombre: Todos Santos, Jugadores terminados: 6/6
[2024-11-09 08:23:30] [info] Evento ID: 13, Nombre: Halloween, Jugadores terminados: 6/6
[2024-11-09 08:23:30] [info] Evento ID: 15, Nombre: Instituto ABC, Jugadores terminados: 3/3
[2024-11-09 08:24:00] [info] Iniciando actualización de estados de eventos. Fecha actual: 2024-11-09 08:24:00
[2024-11-09 08:24:00] [info] Eventos finalizados actualizados: 0
[2024-11-09 08:24:00] [info] Jugadores actualizados a terminado: 0
[2024-11-09 08:24:00] [info] Eventos iniciados: 0
[2024-11-09 08:24:00] [info] Evento ID: 1, Nombre: Microsoft Corp, Jugadores terminados: 0/0
[2024-11-09 08:24:00] [info] Evento ID: 11, Nombre: Todos Santos, Jugadores terminados: 6/6
[2024-11-09 08:24:00] [info] Evento ID: 13, Nombre: Halloween, Jugadores terminados: 6/6
[2024-11-09 08:24:00] [info] Evento ID: 15, Nombre: Instituto ABC, Jugadores terminados: 3/3
[2024-11-09 08:24:30] [info] Iniciando actualización de estados de eventos. Fecha actual: 2024-11-09 08:24:30
[2024-11-09 08:24:30] [info] Eventos finalizados actualizados: 0
[2024-11-09 08:24:30] [info] Jugadores actualizados a terminado: 0
[2024-11-09 08:24:30] [info] Eventos iniciados: 0
[2024-11-09 08:24:30] [info] Evento ID: 1, Nombre: Microsoft Corp, Jugadores terminados: 0/0
[2024-11-09 08:24:30] [info] Evento ID: 11, Nombre: Todos Santos, Jugadores terminados: 6/6
[2024-11-09 08:24:30] [info] Evento ID: 13, Nombre: Halloween, Jugadores terminados: 6/6
[2024-11-09 08:24:30] [info] Evento ID: 15, Nombre: Instituto ABC, Jugadores terminados: 3/3
[2024-11-09 08:25:00] [info] Iniciando actualización de estados de eventos. Fecha actual: 2024-11-09 08:25:00
[2024-11-09 08:25:00] [info] Eventos finalizados actualizados: 0
[2024-11-09 08:25:00] [info] Jugadores actualizados a terminado: 0
[2024-11-09 08:25:00] [info] Eventos iniciados: 0
[2024-11-09 08:25:00] [info] Evento ID: 1, Nombre: Microsoft Corp, Jugadores terminados: 0/0
[2024-11-09 08:25:00] [info] Evento ID: 11, Nombre: Todos Santos, Jugadores terminados: 6/6
[2024-11-09 08:25:00] [info] Evento ID: 13, Nombre: Halloween, Jugadores terminados: 6/6
[2024-11-09 08:25:00] [info] Evento ID: 15, Nombre: Instituto ABC, Jugadores terminados: 3/3
[2024-11-09 08:25:24] [info] Iniciando actualización de estados de eventos. Fecha actual: 2024-11-09 08:25:24
[2024-11-09 08:25:24] [info] Eventos finalizados actualizados: 0
[2024-11-09 08:25:24] [info] Jugadores actualizados a terminado: 0
[2024-11-09 08:25:24] [info] Eventos iniciados: 0
[2024-11-09 08:25:24] [info] Evento ID: 1, Nombre: Microsoft Corp, Jugadores terminados: 0/0
[2024-11-09 08:25:24] [info] Evento ID: 11, Nombre: Todos Santos, Jugadores terminados: 6/6
[2024-11-09 08:25:24] [info] Evento ID: 13, Nombre: Halloween, Jugadores terminados: 6/6
[2024-11-09 08:25:24] [info] Evento ID: 15, Nombre: Instituto ABC, Jugadores terminados: 3/3
[2024-11-09 08:25:26] [info] Iniciando actualización de estados de eventos. Fecha actual: 2024-11-09 08:25:26
[2024-11-09 08:25:26] [info] Eventos finalizados actualizados: 0
[2024-11-09 08:25:26] [info] Jugadores actualizados a terminado: 0
[2024-11-09 08:25:26] [info] Eventos iniciados: 0
[2024-11-09 08:25:26] [info] Evento ID: 1, Nombre: Microsoft Corp, Jugadores terminados: 0/0
[2024-11-09 08:25:26] [info] Evento ID: 11, Nombre: Todos Santos, Jugadores terminados: 6/6
[2024-11-09 08:25:26] [info] Evento ID: 13, Nombre: Halloween, Jugadores terminados: 6/6
[2024-11-09 08:25:26] [info] Evento ID: 15, Nombre: Instituto ABC, Jugadores terminados: 3/3
[2024-11-09 08:25:56] [info] Iniciando actualización de estados de eventos. Fecha actual: 2024-11-09 08:25:56
[2024-11-09 08:25:56] [info] Eventos finalizados actualizados: 0
[2024-11-09 08:25:56] [info] Jugadores actualizados a terminado: 0
[2024-11-09 08:25:56] [info] Eventos iniciados: 0
[2024-11-09 08:25:56] [info] Evento ID: 1, Nombre: Microsoft Corp, Jugadores terminados: 0/0
[2024-11-09 08:25:56] [info] Evento ID: 11, Nombre: Todos Santos, Jugadores terminados: 6/6
[2024-11-09 08:25:56] [info] Evento ID: 13, Nombre: Halloween, Jugadores terminados: 6/6
[2024-11-09 08:25:56] [info] Evento ID: 15, Nombre: Instituto ABC, Jugadores terminados: 3/3
[2024-11-09 08:25:57] [info] Iniciando actualización de estados de eventos. Fecha actual: 2024-11-09 08:25:57
[2024-11-09 08:25:57] [info] Eventos finalizados actualizados: 0
[2024-11-09 08:25:57] [info] Jugadores actualizados a terminado: 0
[2024-11-09 08:25:57] [info] Eventos iniciados: 0
[2024-11-09 08:25:57] [info] Evento ID: 1, Nombre: Microsoft Corp, Jugadores terminados: 0/0
[2024-11-09 08:25:57] [info] Evento ID: 11, Nombre: Todos Santos, Jugadores terminados: 6/6
[2024-11-09 08:25:57] [info] Evento ID: 13, Nombre: Halloween, Jugadores terminados: 6/6
[2024-11-09 08:25:57] [info] Evento ID: 15, Nombre: Instituto ABC, Jugadores terminados: 3/3
[2024-11-09 08:26:19] [info] Iniciando actualización de estados de eventos. Fecha actual: 2024-11-09 08:26:19
[2024-11-09 08:26:19] [info] Eventos finalizados actualizados: 0
[2024-11-09 08:26:19] [info] Jugadores actualizados a terminado: 0
[2024-11-09 08:26:19] [info] Eventos iniciados: 0
[2024-11-09 08:26:19] [info] Evento ID: 1, Nombre: Microsoft Corp, Jugadores terminados: 0/0
[2024-11-09 08:26:19] [info] Evento ID: 11, Nombre: Todos Santos, Jugadores terminados: 6/6
[2024-11-09 08:26:19] [info] Evento ID: 13, Nombre: Halloween, Jugadores terminados: 6/6
[2024-11-09 08:26:19] [info] Evento ID: 15, Nombre: Instituto ABC, Jugadores terminados: 3/3
[2024-11-09 08:26:23] [info] Iniciando actualización de estados de eventos. Fecha actual: 2024-11-09 08:26:23
[2024-11-09 08:26:23] [info] Eventos finalizados actualizados: 0
[2024-11-09 08:26:23] [info] Jugadores actualizados a terminado: 0
[2024-11-09 08:26:23] [info] Eventos iniciados: 0
[2024-11-09 08:26:23] [info] Evento ID: 1, Nombre: Microsoft Corp, Jugadores terminados: 0/0
[2024-11-09 08:26:23] [info] Evento ID: 11, Nombre: Todos Santos, Jugadores terminados: 6/6
[2024-11-09 08:26:23] [info] Evento ID: 13, Nombre: Halloween, Jugadores terminados: 6/6
[2024-11-09 08:26:23] [info] Evento ID: 15, Nombre: Instituto ABC, Jugadores terminados: 3/3
[2024-11-09 08:26:26] [info] Iniciando actualización de estados de eventos. Fecha actual: 2024-11-09 08:26:26
[2024-11-09 08:26:26] [info] Eventos finalizados actualizados: 0
[2024-11-09 08:26:26] [info] Jugadores actualizados a terminado: 0
[2024-11-09 08:26:26] [info] Eventos iniciados: 0
[2024-11-09 08:26:26] [info] Evento ID: 1, Nombre: Microsoft Corp, Jugadores terminados: 0/0
[2024-11-09 08:26:26] [info] Evento ID: 11, Nombre: Todos Santos, Jugadores terminados: 6/6
[2024-11-09 08:26:26] [info] Evento ID: 13, Nombre: Halloween, Jugadores terminados: 6/6
[2024-11-09 08:26:26] [info] Evento ID: 15, Nombre: Instituto ABC, Jugadores terminados: 3/3
[2024-11-09 08:26:31] [info] Iniciando actualización de estados de eventos. Fecha actual: 2024-11-09 08:26:31
[2024-11-09 08:26:31] [info] Eventos finalizados actualizados: 0
[2024-11-09 08:26:31] [info] Jugadores actualizados a terminado: 0
[2024-11-09 08:26:31] [info] Eventos iniciados: 0
[2024-11-09 08:26:31] [info] Evento ID: 1, Nombre: Microsoft Corp, Jugadores terminados: 0/0
[2024-11-09 08:26:31] [info] Evento ID: 11, Nombre: Todos Santos, Jugadores terminados: 6/6
[2024-11-09 08:26:31] [info] Evento ID: 13, Nombre: Halloween, Jugadores terminados: 6/6
[2024-11-09 08:26:31] [info] Evento ID: 15, Nombre: Instituto ABC, Jugadores terminados: 3/3
[2024-11-09 08:28:02] [info] Iniciando actualización de estados de eventos. Fecha actual: 2024-11-09 08:28:02
[2024-11-09 08:28:02] [info] Eventos finalizados actualizados: 0
[2024-11-09 08:28:02] [info] Jugadores actualizados a terminado: 0
[2024-11-09 08:28:02] [info] Eventos iniciados: 1
[2024-11-09 08:28:02] [info] Evento ID: 1, Nombre: Microsoft Corp, Jugadores terminados: 0/0
[2024-11-09 08:28:02] [info] Evento ID: 11, Nombre: Todos Santos, Jugadores terminados: 6/6
[2024-11-09 08:28:02] [info] Evento ID: 13, Nombre: Halloween, Jugadores terminados: 6/6
[2024-11-09 08:28:02] [info] Evento ID: 15, Nombre: Instituto ABC, Jugadores terminados: 3/3
[2024-11-09 08:28:32] [info] Iniciando actualización de estados de eventos. Fecha actual: 2024-11-09 08:28:32
[2024-11-09 08:28:32] [info] Eventos finalizados actualizados: 0
[2024-11-09 08:28:32] [info] Jugadores actualizados a terminado: 0
[2024-11-09 08:28:32] [info] Eventos iniciados: 0
[2024-11-09 08:28:32] [info] Evento ID: 1, Nombre: Microsoft Corp, Jugadores terminados: 0/0
[2024-11-09 08:28:32] [info] Evento ID: 11, Nombre: Todos Santos, Jugadores terminados: 6/6
[2024-11-09 08:28:32] [info] Evento ID: 13, Nombre: Halloween, Jugadores terminados: 6/6
[2024-11-09 08:28:32] [info] Evento ID: 15, Nombre: Instituto ABC, Jugadores terminados: 3/3
[2024-11-09 08:29:02] [info] Iniciando actualización de estados de eventos. Fecha actual: 2024-11-09 08:29:02
[2024-11-09 08:29:02] [info] Eventos finalizados actualizados: 0
[2024-11-09 08:29:02] [info] Jugadores actualizados a terminado: 0
[2024-11-09 08:29:02] [info] Eventos iniciados: 0
[2024-11-09 08:29:02] [info] Evento ID: 1, Nombre: Microsoft Corp, Jugadores terminados: 0/0
[2024-11-09 08:29:02] [info] Evento ID: 11, Nombre: Todos Santos, Jugadores terminados: 6/6
[2024-11-09 08:29:02] [info] Evento ID: 13, Nombre: Halloween, Jugadores terminados: 6/6
[2024-11-09 08:29:02] [info] Evento ID: 15, Nombre: Instituto ABC, Jugadores terminados: 3/3
[2024-11-09 08:29:32] [info] Iniciando actualización de estados de eventos. Fecha actual: 2024-11-09 08:29:32
[2024-11-09 08:29:32] [info] Eventos finalizados actualizados: 0
[2024-11-09 08:29:32] [info] Jugadores actualizados a terminado: 0
[2024-11-09 08:29:32] [info] Eventos iniciados: 0
[2024-11-09 08:29:32] [info] Evento ID: 1, Nombre: Microsoft Corp, Jugadores terminados: 0/0
[2024-11-09 08:29:32] [info] Evento ID: 11, Nombre: Todos Santos, Jugadores terminados: 6/6
[2024-11-09 08:29:32] [info] Evento ID: 13, Nombre: Halloween, Jugadores terminados: 6/6
[2024-11-09 08:29:32] [info] Evento ID: 15, Nombre: Instituto ABC, Jugadores terminados: 3/3
[2024-11-09 08:30:02] [info] Iniciando actualización de estados de eventos. Fecha actual: 2024-11-09 08:30:02
[2024-11-09 08:30:02] [info] Eventos finalizados actualizados: 0
[2024-11-09 08:30:02] [info] Jugadores actualizados a terminado: 0
[2024-11-09 08:30:02] [info] Eventos iniciados: 0
[2024-11-09 08:30:02] [info] Evento ID: 1, Nombre: Microsoft Corp, Jugadores terminados: 0/0
[2024-11-09 08:30:02] [info] Evento ID: 11, Nombre: Todos Santos, Jugadores terminados: 6/6
[2024-11-09 08:30:02] [info] Evento ID: 13, Nombre: Halloween, Jugadores terminados: 6/6
[2024-11-09 08:30:02] [info] Evento ID: 15, Nombre: Instituto ABC, Jugadores terminados: 3/3
[2024-11-09 08:30:19] [info] Iniciando actualización de estados de eventos. Fecha actual: 2024-11-09 08:30:19
[2024-11-09 08:30:19] [info] Eventos finalizados actualizados: 0
[2024-11-09 08:30:19] [info] Jugadores actualizados a terminado: 0
[2024-11-09 08:30:19] [info] Eventos iniciados: 0
[2024-11-09 08:30:19] [info] Evento ID: 1, Nombre: Microsoft Corp, Jugadores terminados: 0/0
[2024-11-09 08:30:19] [info] Evento ID: 11, Nombre: Todos Santos, Jugadores terminados: 6/6
[2024-11-09 08:30:19] [info] Evento ID: 13, Nombre: Halloween, Jugadores terminados: 6/6
[2024-11-09 08:30:19] [info] Evento ID: 15, Nombre: Instituto ABC, Jugadores terminados: 3/3
[2024-11-09 08:30:49] [info] Iniciando actualización de estados de eventos. Fecha actual: 2024-11-09 08:30:49
[2024-11-09 08:30:49] [info] Eventos finalizados actualizados: 0
[2024-11-09 08:30:49] [info] Jugadores actualizados a terminado: 0
[2024-11-09 08:30:49] [info] Eventos iniciados: 0
[2024-11-09 08:30:49] [info] Evento ID: 1, Nombre: Microsoft Corp, Jugadores terminados: 0/0
[2024-11-09 08:30:49] [info] Evento ID: 11, Nombre: Todos Santos, Jugadores terminados: 6/6
[2024-11-09 08:30:49] [info] Evento ID: 13, Nombre: Halloween, Jugadores terminados: 6/6
[2024-11-09 08:30:49] [info] Evento ID: 15, Nombre: Instituto ABC, Jugadores terminados: 3/3
[2024-11-09 08:30:52] [info] Iniciando actualización de estados de eventos. Fecha actual: 2024-11-09 08:30:52
[2024-11-09 08:30:52] [info] Eventos finalizados actualizados: 0
[2024-11-09 08:30:52] [info] Jugadores actualizados a terminado: 0
[2024-11-09 08:30:52] [info] Eventos iniciados: 0
[2024-11-09 08:30:52] [info] Evento ID: 1, Nombre: Microsoft Corp, Jugadores terminados: 0/0
[2024-11-09 08:30:52] [info] Evento ID: 11, Nombre: Todos Santos, Jugadores terminados: 6/6
[2024-11-09 08:30:52] [info] Evento ID: 13, Nombre: Halloween, Jugadores terminados: 6/6
[2024-11-09 08:30:52] [info] Evento ID: 15, Nombre: Instituto ABC, Jugadores terminados: 3/3
[2024-11-09 08:30:58] [info] Iniciando actualización de estados de eventos. Fecha actual: 2024-11-09 08:30:58
[2024-11-09 08:30:58] [info] Eventos finalizados actualizados: 0
[2024-11-09 08:30:58] [info] Jugadores actualizados a terminado: 0
[2024-11-09 08:30:58] [info] Eventos iniciados: 0
[2024-11-09 08:30:58] [info] Evento ID: 1, Nombre: Microsoft Corp, Jugadores terminados: 0/0
[2024-11-09 08:30:58] [info] Evento ID: 11, Nombre: Todos Santos, Jugadores terminados: 6/6
[2024-11-09 08:30:58] [info] Evento ID: 13, Nombre: Halloween, Jugadores terminados: 6/6
[2024-11-09 08:30:58] [info] Evento ID: 15, Nombre: Instituto ABC, Jugadores terminados: 3/3
[2024-11-09 08:31:28] [info] Iniciando actualización de estados de eventos. Fecha actual: 2024-11-09 08:31:28
[2024-11-09 08:31:28] [info] Eventos finalizados actualizados: 0
[2024-11-09 08:31:28] [info] Jugadores actualizados a terminado: 0
[2024-11-09 08:31:28] [info] Eventos iniciados: 0
[2024-11-09 08:31:28] [info] Evento ID: 1, Nombre: Microsoft Corp, Jugadores terminados: 0/0
[2024-11-09 08:31:28] [info] Evento ID: 11, Nombre: Todos Santos, Jugadores terminados: 6/6
[2024-11-09 08:31:28] [info] Evento ID: 13, Nombre: Halloween, Jugadores terminados: 6/6
[2024-11-09 08:31:28] [info] Evento ID: 15, Nombre: Instituto ABC, Jugadores terminados: 3/3
[2024-11-09 08:31:58] [info] Iniciando actualización de estados de eventos. Fecha actual: 2024-11-09 08:31:58
[2024-11-09 08:31:58] [info] Eventos finalizados actualizados: 0
[2024-11-09 08:31:58] [info] Jugadores actualizados a terminado: 0
[2024-11-09 08:31:58] [info] Eventos iniciados: 0
[2024-11-09 08:31:58] [info] Evento ID: 1, Nombre: Microsoft Corp, Jugadores terminados: 0/0
[2024-11-09 08:31:58] [info] Evento ID: 11, Nombre: Todos Santos, Jugadores terminados: 6/6
[2024-11-09 08:31:58] [info] Evento ID: 13, Nombre: Halloween, Jugadores terminados: 6/6
[2024-11-09 08:31:58] [info] Evento ID: 15, Nombre: Instituto ABC, Jugadores terminados: 3/3
[2024-11-09 08:32:19] [info] Iniciando actualización de estados de eventos. Fecha actual: 2024-11-09 08:32:19
[2024-11-09 08:32:19] [info] Eventos finalizados actualizados: 0
[2024-11-09 08:32:19] [info] Jugadores actualizados a terminado: 0
[2024-11-09 08:32:19] [info] Eventos iniciados: 0
[2024-11-09 08:32:19] [info] Evento ID: 1, Nombre: Microsoft Corp, Jugadores terminados: 0/0
[2024-11-09 08:32:19] [info] Evento ID: 11, Nombre: Todos Santos, Jugadores terminados: 6/6
[2024-11-09 08:32:19] [info] Evento ID: 13, Nombre: Halloween, Jugadores terminados: 6/6
[2024-11-09 08:32:19] [info] Evento ID: 15, Nombre: Instituto ABC, Jugadores terminados: 3/3
[2024-11-09 08:32:21] [info] Iniciando actualización de estados de eventos. Fecha actual: 2024-11-09 08:32:21
[2024-11-09 08:32:21] [info] Eventos finalizados actualizados: 0
[2024-11-09 08:32:21] [info] Jugadores actualizados a terminado: 0
[2024-11-09 08:32:21] [info] Eventos iniciados: 0
[2024-11-09 08:32:21] [info] Evento ID: 1, Nombre: Microsoft Corp, Jugadores terminados: 0/0
[2024-11-09 08:32:21] [info] Evento ID: 11, Nombre: Todos Santos, Jugadores terminados: 6/6
[2024-11-09 08:32:21] [info] Evento ID: 13, Nombre: Halloween, Jugadores terminados: 6/6
[2024-11-09 08:32:21] [info] Evento ID: 15, Nombre: Instituto ABC, Jugadores terminados: 3/3
[2024-11-09 08:32:51] [info] Iniciando actualización de estados de eventos. Fecha actual: 2024-11-09 08:32:51
[2024-11-09 08:32:51] [info] Eventos finalizados actualizados: 0
[2024-11-09 08:32:51] [info] Jugadores actualizados a terminado: 0
[2024-11-09 08:32:51] [info] Eventos iniciados: 0
[2024-11-09 08:32:51] [info] Evento ID: 1, Nombre: Microsoft Corp, Jugadores terminados: 0/0
[2024-11-09 08:32:51] [info] Evento ID: 11, Nombre: Todos Santos, Jugadores terminados: 6/6
[2024-11-09 08:32:51] [info] Evento ID: 13, Nombre: Halloween, Jugadores terminados: 6/6
[2024-11-09 08:32:51] [info] Evento ID: 15, Nombre: Instituto ABC, Jugadores terminados: 3/3
[2024-11-09 08:33:21] [info] Iniciando actualización de estados de eventos. Fecha actual: 2024-11-09 08:33:21
[2024-11-09 08:33:21] [info] Eventos finalizados actualizados: 0
[2024-11-09 08:33:21] [info] Jugadores actualizados a terminado: 0
[2024-11-09 08:33:21] [info] Eventos iniciados: 0
[2024-11-09 08:33:21] [info] Evento ID: 1, Nombre: Microsoft Corp, Jugadores terminados: 0/0
[2024-11-09 08:33:21] [info] Evento ID: 11, Nombre: Todos Santos, Jugadores terminados: 6/6
[2024-11-09 08:33:21] [info] Evento ID: 13, Nombre: Halloween, Jugadores terminados: 6/6
[2024-11-09 08:33:21] [info] Evento ID: 15, Nombre: Instituto ABC, Jugadores terminados: 3/3
[2024-11-09 08:33:52] [info] Iniciando actualización de estados de eventos. Fecha actual: 2024-11-09 08:33:52
[2024-11-09 08:33:52] [info] Eventos finalizados actualizados: 0
[2024-11-09 08:33:52] [info] Jugadores actualizados a terminado: 0
[2024-11-09 08:33:52] [info] Eventos iniciados: 0
[2024-11-09 08:33:52] [info] Evento ID: 1, Nombre: Microsoft Corp, Jugadores terminados: 0/0
[2024-11-09 08:33:52] [info] Evento ID: 11, Nombre: Todos Santos, Jugadores terminados: 6/6
[2024-11-09 08:33:52] [info] Evento ID: 13, Nombre: Halloween, Jugadores terminados: 6/6
[2024-11-09 08:33:52] [info] Evento ID: 15, Nombre: Instituto ABC, Jugadores terminados: 3/3
[2024-11-09 08:34:22] [info] Iniciando actualización de estados de eventos. Fecha actual: 2024-11-09 08:34:22
[2024-11-09 08:34:22] [info] Eventos finalizados actualizados: 0
[2024-11-09 08:34:22] [info] Jugadores actualizados a terminado: 0
[2024-11-09 08:34:22] [info] Eventos iniciados: 0
[2024-11-09 08:34:22] [info] Evento ID: 1, Nombre: Microsoft Corp, Jugadores terminados: 0/0
[2024-11-09 08:34:22] [info] Evento ID: 11, Nombre: Todos Santos, Jugadores terminados: 6/6
[2024-11-09 08:34:22] [info] Evento ID: 13, Nombre: Halloween, Jugadores terminados: 6/6
[2024-11-09 08:34:22] [info] Evento ID: 15, Nombre: Instituto ABC, Jugadores terminados: 3/3
[2024-11-09 08:34:52] [info] Iniciando actualización de estados de eventos. Fecha actual: 2024-11-09 08:34:52
[2024-11-09 08:34:52] [info] Eventos finalizados actualizados: 0
[2024-11-09 08:34:52] [info] Jugadores actualizados a terminado: 0
[2024-11-09 08:34:52] [info] Eventos iniciados: 0
[2024-11-09 08:34:52] [info] Evento ID: 1, Nombre: Microsoft Corp, Jugadores terminados: 0/0
[2024-11-09 08:34:52] [info] Evento ID: 11, Nombre: Todos Santos, Jugadores terminados: 6/6
[2024-11-09 08:34:52] [info] Evento ID: 13, Nombre: Halloween, Jugadores terminados: 6/6
[2024-11-09 08:34:52] [info] Evento ID: 15, Nombre: Instituto ABC, Jugadores terminados: 3/3
[2024-11-09 08:35:22] [info] Iniciando actualización de estados de eventos. Fecha actual: 2024-11-09 08:35:22
[2024-11-09 08:35:22] [info] Eventos finalizados actualizados: 0
[2024-11-09 08:35:22] [info] Jugadores actualizados a terminado: 0
[2024-11-09 08:35:22] [info] Eventos iniciados: 0
[2024-11-09 08:35:22] [info] Evento ID: 1, Nombre: Microsoft Corp, Jugadores terminados: 0/0
[2024-11-09 08:35:22] [info] Evento ID: 11, Nombre: Todos Santos, Jugadores terminados: 6/6
[2024-11-09 08:35:22] [info] Evento ID: 13, Nombre: Halloween, Jugadores terminados: 6/6
[2024-11-09 08:35:22] [info] Evento ID: 15, Nombre: Instituto ABC, Jugadores terminados: 3/3
[2024-11-09 08:35:53] [info] Iniciando actualización de estados de eventos. Fecha actual: 2024-11-09 08:35:53
[2024-11-09 08:35:53] [info] Eventos finalizados actualizados: 0
[2024-11-09 08:35:53] [info] Jugadores actualizados a terminado: 0
[2024-11-09 08:35:53] [info] Eventos iniciados: 0
[2024-11-09 08:35:53] [info] Evento ID: 1, Nombre: Microsoft Corp, Jugadores terminados: 0/0
[2024-11-09 08:35:53] [info] Evento ID: 11, Nombre: Todos Santos, Jugadores terminados: 6/6
[2024-11-09 08:35:53] [info] Evento ID: 13, Nombre: Halloween, Jugadores terminados: 6/6
[2024-11-09 08:35:53] [info] Evento ID: 15, Nombre: Instituto ABC, Jugadores terminados: 3/3
[2024-11-09 08:36:23] [info] Iniciando actualización de estados de eventos. Fecha actual: 2024-11-09 08:36:23
[2024-11-09 08:36:23] [info] Eventos finalizados actualizados: 0
[2024-11-09 08:36:23] [info] Jugadores actualizados a terminado: 0
[2024-11-09 08:36:23] [info] Eventos iniciados: 0
[2024-11-09 08:36:23] [info] Evento ID: 1, Nombre: Microsoft Corp, Jugadores terminados: 0/0
[2024-11-09 08:36:23] [info] Evento ID: 11, Nombre: Todos Santos, Jugadores terminados: 6/6
[2024-11-09 08:36:23] [info] Evento ID: 13, Nombre: Halloween, Jugadores terminados: 6/6
[2024-11-09 08:36:23] [info] Evento ID: 15, Nombre: Instituto ABC, Jugadores terminados: 3/3
[2024-11-09 08:36:38] [info] Iniciando actualización de estados de eventos. Fecha actual: 2024-11-09 08:36:38
[2024-11-09 08:36:38] [info] Eventos finalizados actualizados: 0
[2024-11-09 08:36:38] [info] Jugadores actualizados a terminado: 0
[2024-11-09 08:36:38] [info] Eventos iniciados: 0
[2024-11-09 08:36:38] [info] Evento ID: 1, Nombre: Microsoft Corp, Jugadores terminados: 0/0
[2024-11-09 08:36:38] [info] Evento ID: 11, Nombre: Todos Santos, Jugadores terminados: 6/6
[2024-11-09 08:36:38] [info] Evento ID: 13, Nombre: Halloween, Jugadores terminados: 6/6
[2024-11-09 08:36:38] [info] Evento ID: 15, Nombre: Instituto ABC, Jugadores terminados: 3/3
[2024-11-09 08:36:57] [info] Iniciando actualización de estados de eventos. Fecha actual: 2024-11-09 08:36:57
[2024-11-09 08:36:57] [info] Eventos finalizados actualizados: 0
[2024-11-09 08:36:57] [info] Jugadores actualizados a terminado: 0
[2024-11-09 08:36:57] [info] Eventos iniciados: 0
[2024-11-09 08:36:57] [info] Evento ID: 1, Nombre: Microsoft Corp, Jugadores terminados: 0/0
[2024-11-09 08:36:57] [info] Evento ID: 11, Nombre: Todos Santos, Jugadores terminados: 6/6
[2024-11-09 08:36:57] [info] Evento ID: 13, Nombre: Halloween, Jugadores terminados: 6/6
[2024-11-09 08:36:57] [info] Evento ID: 15, Nombre: Instituto ABC, Jugadores terminados: 3/3
[2024-11-09 08:37:02] [info] Iniciando actualización de estados de eventos. Fecha actual: 2024-11-09 08:37:02
[2024-11-09 08:37:02] [info] Eventos finalizados actualizados: 0
[2024-11-09 08:37:02] [info] Jugadores actualizados a terminado: 0
[2024-11-09 08:37:02] [info] Eventos iniciados: 0
[2024-11-09 08:37:02] [info] Evento ID: 1, Nombre: Microsoft Corp, Jugadores terminados: 0/0
[2024-11-09 08:37:02] [info] Evento ID: 11, Nombre: Todos Santos, Jugadores terminados: 6/6
[2024-11-09 08:37:02] [info] Evento ID: 13, Nombre: Halloween, Jugadores terminados: 6/6
[2024-11-09 08:37:02] [info] Evento ID: 15, Nombre: Instituto ABC, Jugadores terminados: 3/3
[2024-11-09 08:37:04] [info] Iniciando actualización de estados de eventos. Fecha actual: 2024-11-09 08:37:04
[2024-11-09 08:37:04] [info] Eventos finalizados actualizados: 0
[2024-11-09 08:37:04] [info] Jugadores actualizados a terminado: 0
[2024-11-09 08:37:04] [info] Eventos iniciados: 0
[2024-11-09 08:37:04] [info] Evento ID: 1, Nombre: Microsoft Corp, Jugadores terminados: 0/0
[2024-11-09 08:37:04] [info] Evento ID: 11, Nombre: Todos Santos, Jugadores terminados: 6/6
[2024-11-09 08:37:04] [info] Evento ID: 13, Nombre: Halloween, Jugadores terminados: 6/6
[2024-11-09 08:37:04] [info] Evento ID: 15, Nombre: Instituto ABC, Jugadores terminados: 3/3
[2024-11-09 08:37:34] [info] Iniciando actualización de estados de eventos. Fecha actual: 2024-11-09 08:37:34
[2024-11-09 08:37:34] [info] Eventos finalizados actualizados: 0
[2024-11-09 08:37:34] [info] Jugadores actualizados a terminado: 0
[2024-11-09 08:37:34] [info] Eventos iniciados: 0
[2024-11-09 08:37:34] [info] Evento ID: 1, Nombre: Microsoft Corp, Jugadores terminados: 0/0
[2024-11-09 08:37:34] [info] Evento ID: 11, Nombre: Todos Santos, Jugadores terminados: 6/6
[2024-11-09 08:37:34] [info] Evento ID: 13, Nombre: Halloween, Jugadores terminados: 6/6
[2024-11-09 08:37:34] [info] Evento ID: 15, Nombre: Instituto ABC, Jugadores terminados: 3/3
[2024-11-09 08:38:04] [info] Iniciando actualización de estados de eventos. Fecha actual: 2024-11-09 08:38:04
[2024-11-09 08:38:04] [info] Eventos finalizados actualizados: 0
[2024-11-09 08:38:04] [info] Jugadores actualizados a terminado: 0
[2024-11-09 08:38:04] [info] Eventos iniciados: 0
[2024-11-09 08:38:04] [info] Evento ID: 1, Nombre: Microsoft Corp, Jugadores terminados: 0/0
[2024-11-09 08:38:04] [info] Evento ID: 11, Nombre: Todos Santos, Jugadores terminados: 6/6
[2024-11-09 08:38:04] [info] Evento ID: 13, Nombre: Halloween, Jugadores terminados: 6/6
[2024-11-09 08:38:04] [info] Evento ID: 15, Nombre: Instituto ABC, Jugadores terminados: 3/3
[2024-11-09 08:38:34] [info] Iniciando actualización de estados de eventos. Fecha actual: 2024-11-09 08:38:34
[2024-11-09 08:38:34] [info] Eventos finalizados actualizados: 0
[2024-11-09 08:38:34] [info] Jugadores actualizados a terminado: 0
[2024-11-09 08:38:34] [info] Eventos iniciados: 0
[2024-11-09 08:38:34] [info] Evento ID: 1, Nombre: Microsoft Corp, Jugadores terminados: 0/0
[2024-11-09 08:38:34] [info] Evento ID: 11, Nombre: Todos Santos, Jugadores terminados: 6/6
[2024-11-09 08:38:34] [info] Evento ID: 13, Nombre: Halloween, Jugadores terminados: 6/6
[2024-11-09 08:38:34] [info] Evento ID: 15, Nombre: Instituto ABC, Jugadores terminados: 3/3
[2024-11-09 08:38:40] [info] Iniciando actualización de estados de eventos. Fecha actual: 2024-11-09 08:38:40
[2024-11-09 08:38:40] [info] Eventos finalizados actualizados: 0
[2024-11-09 08:38:40] [info] Jugadores actualizados a terminado: 0
[2024-11-09 08:38:40] [info] Eventos iniciados: 0
[2024-11-09 08:38:40] [info] Evento ID: 1, Nombre: Microsoft Corp, Jugadores terminados: 0/0
[2024-11-09 08:38:40] [info] Evento ID: 11, Nombre: Todos Santos, Jugadores terminados: 6/6
[2024-11-09 08:38:40] [info] Evento ID: 13, Nombre: Halloween, Jugadores terminados: 6/6
[2024-11-09 08:38:40] [info] Evento ID: 15, Nombre: Instituto ABC, Jugadores terminados: 3/3
[2024-11-09 08:39:10] [info] Iniciando actualización de estados de eventos. Fecha actual: 2024-11-09 08:39:10
[2024-11-09 08:39:10] [info] Eventos finalizados actualizados: 0
[2024-11-09 08:39:10] [info] Jugadores actualizados a terminado: 0
[2024-11-09 08:39:10] [info] Eventos iniciados: 0
[2024-11-09 08:39:10] [info] Evento ID: 1, Nombre: Microsoft Corp, Jugadores terminados: 0/0
[2024-11-09 08:39:10] [info] Evento ID: 11, Nombre: Todos Santos, Jugadores terminados: 6/6
[2024-11-09 08:39:10] [info] Evento ID: 13, Nombre: Halloween, Jugadores terminados: 6/6
[2024-11-09 08:39:10] [info] Evento ID: 15, Nombre: Instituto ABC, Jugadores terminados: 3/3
[2024-11-09 08:39:40] [info] Iniciando actualización de estados de eventos. Fecha actual: 2024-11-09 08:39:40
[2024-11-09 08:39:40] [info] Eventos finalizados actualizados: 0
[2024-11-09 08:39:40] [info] Jugadores actualizados a terminado: 0
[2024-11-09 08:39:40] [info] Eventos iniciados: 0
[2024-11-09 08:39:40] [info] Evento ID: 1, Nombre: Microsoft Corp, Jugadores terminados: 0/0
[2024-11-09 08:39:40] [info] Evento ID: 11, Nombre: Todos Santos, Jugadores terminados: 6/6
[2024-11-09 08:39:40] [info] Evento ID: 13, Nombre: Halloween, Jugadores terminados: 6/6
[2024-11-09 08:39:40] [info] Evento ID: 15, Nombre: Instituto ABC, Jugadores terminados: 3/3
[2024-11-09 08:40:10] [info] Iniciando actualización de estados de eventos. Fecha actual: 2024-11-09 08:40:10
[2024-11-09 08:40:10] [info] Eventos finalizados actualizados: 0
[2024-11-09 08:40:10] [info] Jugadores actualizados a terminado: 0
[2024-11-09 08:40:10] [info] Eventos iniciados: 0
[2024-11-09 08:40:10] [info] Evento ID: 1, Nombre: Microsoft Corp, Jugadores terminados: 0/0
[2024-11-09 08:40:10] [info] Evento ID: 11, Nombre: Todos Santos, Jugadores terminados: 6/6
[2024-11-09 08:40:10] [info] Evento ID: 13, Nombre: Halloween, Jugadores terminados: 6/6
[2024-11-09 08:40:10] [info] Evento ID: 15, Nombre: Instituto ABC, Jugadores terminados: 3/3
[2024-11-09 08:40:40] [info] Iniciando actualización de estados de eventos. Fecha actual: 2024-11-09 08:40:40
[2024-11-09 08:40:40] [info] Eventos finalizados actualizados: 0
[2024-11-09 08:40:40] [info] Jugadores actualizados a terminado: 0
[2024-11-09 08:40:40] [info] Eventos iniciados: 0
[2024-11-09 08:40:40] [info] Evento ID: 1, Nombre: Microsoft Corp, Jugadores terminados: 0/0
[2024-11-09 08:40:40] [info] Evento ID: 11, Nombre: Todos Santos, Jugadores terminados: 6/6
[2024-11-09 08:40:40] [info] Evento ID: 13, Nombre: Halloween, Jugadores terminados: 6/6
[2024-11-09 08:40:40] [info] Evento ID: 15, Nombre: Instituto ABC, Jugadores terminados: 3/3
[2024-11-09 08:41:10] [info] Iniciando actualización de estados de eventos. Fecha actual: 2024-11-09 08:41:10
[2024-11-09 08:41:10] [info] Eventos finalizados actualizados: 0
[2024-11-09 08:41:10] [info] Jugadores actualizados a terminado: 0
[2024-11-09 08:41:10] [info] Eventos iniciados: 0
[2024-11-09 08:41:10] [info] Evento ID: 1, Nombre: Microsoft Corp, Jugadores terminados: 0/0
[2024-11-09 08:41:10] [info] Evento ID: 11, Nombre: Todos Santos, Jugadores terminados: 6/6
[2024-11-09 08:41:10] [info] Evento ID: 13, Nombre: Halloween, Jugadores terminados: 6/6
[2024-11-09 08:41:10] [info] Evento ID: 15, Nombre: Instituto ABC, Jugadores terminados: 3/3
[2024-11-09 08:41:40] [info] Iniciando actualización de estados de eventos. Fecha actual: 2024-11-09 08:41:40
[2024-11-09 08:41:40] [info] Eventos finalizados actualizados: 0
[2024-11-09 08:41:40] [info] Jugadores actualizados a terminado: 0
[2024-11-09 08:41:40] [info] Eventos iniciados: 0
[2024-11-09 08:41:40] [info] Evento ID: 1, Nombre: Microsoft Corp, Jugadores terminados: 0/0
[2024-11-09 08:41:40] [info] Evento ID: 11, Nombre: Todos Santos, Jugadores terminados: 6/6
[2024-11-09 08:41:40] [info] Evento ID: 13, Nombre: Halloween, Jugadores terminados: 6/6
[2024-11-09 08:41:40] [info] Evento ID: 15, Nombre: Instituto ABC, Jugadores terminados: 3/3
[2024-11-09 08:42:10] [info] Iniciando actualización de estados de eventos. Fecha actual: 2024-11-09 08:42:10
[2024-11-09 08:42:10] [info] Eventos finalizados actualizados: 0
[2024-11-09 08:42:10] [info] Jugadores actualizados a terminado: 0
[2024-11-09 08:42:10] [info] Eventos iniciados: 0
[2024-11-09 08:42:10] [info] Evento ID: 1, Nombre: Microsoft Corp, Jugadores terminados: 0/0
[2024-11-09 08:42:10] [info] Evento ID: 11, Nombre: Todos Santos, Jugadores terminados: 6/6
[2024-11-09 08:42:10] [info] Evento ID: 13, Nombre: Halloween, Jugadores terminados: 6/6
[2024-11-09 08:42:10] [info] Evento ID: 15, Nombre: Instituto ABC, Jugadores terminados: 3/3
[2024-11-09 08:42:40] [info] Iniciando actualización de estados de eventos. Fecha actual: 2024-11-09 08:42:40
[2024-11-09 08:42:40] [info] Eventos finalizados actualizados: 0
[2024-11-09 08:42:40] [info] Jugadores actualizados a terminado: 0
[2024-11-09 08:42:40] [info] Eventos iniciados: 0
[2024-11-09 08:42:40] [info] Evento ID: 1, Nombre: Microsoft Corp, Jugadores terminados: 0/0
[2024-11-09 08:42:40] [info] Evento ID: 11, Nombre: Todos Santos, Jugadores terminados: 6/6
[2024-11-09 08:42:40] [info] Evento ID: 13, Nombre: Halloween, Jugadores terminados: 6/6
[2024-11-09 08:42:40] [info] Evento ID: 15, Nombre: Instituto ABC, Jugadores terminados: 3/3
[2024-11-09 08:43:10] [info] Iniciando actualización de estados de eventos. Fecha actual: 2024-11-09 08:43:10
[2024-11-09 08:43:10] [info] Eventos finalizados actualizados: 0
[2024-11-09 08:43:10] [info] Jugadores actualizados a terminado: 0
[2024-11-09 08:43:10] [info] Eventos iniciados: 0
[2024-11-09 08:43:10] [info] Evento ID: 1, Nombre: Microsoft Corp, Jugadores terminados: 0/0
[2024-11-09 08:43:10] [info] Evento ID: 11, Nombre: Todos Santos, Jugadores terminados: 6/6
[2024-11-09 08:43:10] [info] Evento ID: 13, Nombre: Halloween, Jugadores terminados: 6/6
[2024-11-09 08:43:10] [info] Evento ID: 15, Nombre: Instituto ABC, Jugadores terminados: 3/3
[2024-11-09 08:43:40] [info] Iniciando actualización de estados de eventos. Fecha actual: 2024-11-09 08:43:40
[2024-11-09 08:43:40] [info] Eventos finalizados actualizados: 0
[2024-11-09 08:43:40] [info] Jugadores actualizados a terminado: 0
[2024-11-09 08:43:40] [info] Eventos iniciados: 0
[2024-11-09 08:43:40] [info] Evento ID: 1, Nombre: Microsoft Corp, Jugadores terminados: 0/0
[2024-11-09 08:43:40] [info] Evento ID: 11, Nombre: Todos Santos, Jugadores terminados: 6/6
[2024-11-09 08:43:40] [info] Evento ID: 13, Nombre: Halloween, Jugadores terminados: 6/6
[2024-11-09 08:43:40] [info] Evento ID: 15, Nombre: Instituto ABC, Jugadores terminados: 3/3
[2024-11-09 08:44:41] [info] Iniciando actualización de estados de eventos. Fecha actual: 2024-11-09 08:44:41
[2024-11-09 08:44:41] [info] Eventos finalizados actualizados: 0
[2024-11-09 08:44:41] [info] Jugadores actualizados a terminado: 0
[2024-11-09 08:44:41] [info] Eventos iniciados: 0
[2024-11-09 08:44:41] [info] Evento ID: 1, Nombre: Microsoft Corp, Jugadores terminados: 0/0
[2024-11-09 08:44:41] [info] Evento ID: 11, Nombre: Todos Santos, Jugadores terminados: 6/6
[2024-11-09 08:44:41] [info] Evento ID: 13, Nombre: Halloween, Jugadores terminados: 6/6
[2024-11-09 08:44:41] [info] Evento ID: 15, Nombre: Instituto ABC, Jugadores terminados: 3/3
[2024-11-09 08:45:42] [info] Iniciando actualización de estados de eventos. Fecha actual: 2024-11-09 08:45:42
[2024-11-09 08:45:42] [info] Eventos finalizados actualizados: 0
[2024-11-09 08:45:42] [info] Jugadores actualizados a terminado: 0
[2024-11-09 08:45:42] [info] Eventos iniciados: 0
[2024-11-09 08:45:42] [info] Evento ID: 1, Nombre: Microsoft Corp, Jugadores terminados: 0/0
[2024-11-09 08:45:42] [info] Evento ID: 11, Nombre: Todos Santos, Jugadores terminados: 6/6
[2024-11-09 08:45:42] [info] Evento ID: 13, Nombre: Halloween, Jugadores terminados: 6/6
[2024-11-09 08:45:42] [info] Evento ID: 15, Nombre: Instituto ABC, Jugadores terminados: 3/3
[2024-11-09 08:46:16] [info] Iniciando actualización de estados de eventos. Fecha actual: 2024-11-09 08:46:16
[2024-11-09 08:46:16] [info] Eventos finalizados actualizados: 0
[2024-11-09 08:46:16] [info] Jugadores actualizados a terminado: 0
[2024-11-09 08:46:16] [info] Eventos iniciados: 0
[2024-11-09 08:46:16] [info] Evento ID: 1, Nombre: Microsoft Corp, Jugadores terminados: 0/0
[2024-11-09 08:46:16] [info] Evento ID: 11, Nombre: Todos Santos, Jugadores terminados: 6/6
[2024-11-09 08:46:16] [info] Evento ID: 13, Nombre: Halloween, Jugadores terminados: 6/6
[2024-11-09 08:46:16] [info] Evento ID: 15, Nombre: Instituto ABC, Jugadores terminados: 3/3
[2024-11-09 08:46:17] [info] Iniciando actualización de estados de eventos. Fecha actual: 2024-11-09 08:46:17
[2024-11-09 08:46:17] [info] Eventos finalizados actualizados: 0
[2024-11-09 08:46:17] [info] Jugadores actualizados a terminado: 0
[2024-11-09 08:46:17] [info] Eventos iniciados: 0
[2024-11-09 08:46:17] [info] Evento ID: 1, Nombre: Microsoft Corp, Jugadores terminados: 0/0
[2024-11-09 08:46:17] [info] Evento ID: 11, Nombre: Todos Santos, Jugadores terminados: 6/6
[2024-11-09 08:46:17] [info] Evento ID: 13, Nombre: Halloween, Jugadores terminados: 6/6
[2024-11-09 08:46:17] [info] Evento ID: 15, Nombre: Instituto ABC, Jugadores terminados: 3/3
[2024-11-09 08:46:47] [info] Iniciando actualización de estados de eventos. Fecha actual: 2024-11-09 08:46:47
[2024-11-09 08:46:47] [info] Eventos finalizados actualizados: 0
[2024-11-09 08:46:47] [info] Jugadores actualizados a terminado: 0
[2024-11-09 08:46:47] [info] Eventos iniciados: 0
[2024-11-09 08:46:47] [info] Evento ID: 1, Nombre: Microsoft Corp, Jugadores terminados: 0/0
[2024-11-09 08:46:47] [info] Evento ID: 11, Nombre: Todos Santos, Jugadores terminados: 6/6
[2024-11-09 08:46:47] [info] Evento ID: 13, Nombre: Halloween, Jugadores terminados: 6/6
[2024-11-09 08:46:47] [info] Evento ID: 15, Nombre: Instituto ABC, Jugadores terminados: 3/3
[2024-11-09 08:47:14] [info] Iniciando actualización de estados de eventos. Fecha actual: 2024-11-09 08:47:14
[2024-11-09 08:47:14] [info] Eventos finalizados actualizados: 0
[2024-11-09 08:47:14] [info] Jugadores actualizados a terminado: 0
[2024-11-09 08:47:14] [info] Eventos iniciados: 0
[2024-11-09 08:47:14] [info] Evento ID: 1, Nombre: Microsoft Corp, Jugadores terminados: 0/0
[2024-11-09 08:47:14] [info] Evento ID: 11, Nombre: Todos Santos, Jugadores terminados: 6/6
[2024-11-09 08:47:14] [info] Evento ID: 13, Nombre: Halloween, Jugadores terminados: 6/6
[2024-11-09 08:47:14] [info] Evento ID: 15, Nombre: Instituto ABC, Jugadores terminados: 3/3
[2024-11-09 08:47:44] [info] Iniciando actualización de estados de eventos. Fecha actual: 2024-11-09 08:47:44
[2024-11-09 08:47:44] [info] Eventos finalizados actualizados: 0
[2024-11-09 08:47:44] [info] Jugadores actualizados a terminado: 0
[2024-11-09 08:47:44] [info] Eventos iniciados: 0
[2024-11-09 08:47:44] [info] Evento ID: 1, Nombre: Microsoft Corp, Jugadores terminados: 0/0
[2024-11-09 08:47:44] [info] Evento ID: 11, Nombre: Todos Santos, Jugadores terminados: 6/6
[2024-11-09 08:47:44] [info] Evento ID: 13, Nombre: Halloween, Jugadores terminados: 6/6
[2024-11-09 08:47:44] [info] Evento ID: 15, Nombre: Instituto ABC, Jugadores terminados: 3/3
[2024-11-09 08:48:14] [info] Iniciando actualización de estados de eventos. Fecha actual: 2024-11-09 08:48:14
[2024-11-09 08:48:14] [info] Eventos finalizados actualizados: 0
[2024-11-09 08:48:14] [info] Jugadores actualizados a terminado: 0
[2024-11-09 08:48:14] [info] Eventos iniciados: 0
[2024-11-09 08:48:14] [info] Evento ID: 1, Nombre: Microsoft Corp, Jugadores terminados: 0/0
[2024-11-09 08:48:14] [info] Evento ID: 11, Nombre: Todos Santos, Jugadores terminados: 6/6
[2024-11-09 08:48:14] [info] Evento ID: 13, Nombre: Halloween, Jugadores terminados: 6/6
[2024-11-09 08:48:14] [info] Evento ID: 15, Nombre: Instituto ABC, Jugadores terminados: 3/3
[2024-11-09 08:48:44] [info] Iniciando actualización de estados de eventos. Fecha actual: 2024-11-09 08:48:44
[2024-11-09 08:48:44] [info] Eventos finalizados actualizados: 0
[2024-11-09 08:48:44] [info] Jugadores actualizados a terminado: 0
[2024-11-09 08:48:44] [info] Eventos iniciados: 0
[2024-11-09 08:48:44] [info] Evento ID: 1, Nombre: Microsoft Corp, Jugadores terminados: 0/0
[2024-11-09 08:48:44] [info] Evento ID: 11, Nombre: Todos Santos, Jugadores terminados: 6/6
[2024-11-09 08:48:44] [info] Evento ID: 13, Nombre: Halloween, Jugadores terminados: 6/6
[2024-11-09 08:48:44] [info] Evento ID: 15, Nombre: Instituto ABC, Jugadores terminados: 3/3
[2024-11-09 08:55:03] [info] Iniciando actualización de estados de eventos. Fecha actual: 2024-11-09 08:55:03
[2024-11-09 08:55:03] [info] Eventos finalizados actualizados: 0
[2024-11-09 08:55:03] [info] Jugadores actualizados a terminado: 0
[2024-11-09 08:55:03] [info] Eventos iniciados: 0
[2024-11-09 08:55:03] [info] Evento ID: 1, Nombre: Microsoft Corp, Jugadores terminados: 0/0
[2024-11-09 08:55:03] [info] Evento ID: 11, Nombre: Todos Santos, Jugadores terminados: 6/6
[2024-11-09 08:55:03] [info] Evento ID: 13, Nombre: Halloween, Jugadores terminados: 6/6
[2024-11-09 08:55:03] [info] Evento ID: 15, Nombre: Instituto ABC, Jugadores terminados: 3/3
[2024-11-09 08:56:32] [info] Administrador con ID 1 ha iniciado sesión exitosamente
[2024-11-09 08:56:32] [info] Iniciando actualización de estados de eventos. Fecha actual: 2024-11-09 08:56:32
[2024-11-09 08:56:32] [info] Eventos finalizados actualizados: 0
[2024-11-09 08:56:32] [info] Jugadores actualizados a terminado: 0
[2024-11-09 08:56:32] [info] Eventos iniciados: 0
[2024-11-09 08:56:32] [info] Evento ID: 1, Nombre: Microsoft Corp, Jugadores terminados: 0/0
[2024-11-09 08:56:32] [info] Evento ID: 11, Nombre: Todos Santos, Jugadores terminados: 6/6
[2024-11-09 08:56:32] [info] Evento ID: 13, Nombre: Halloween, Jugadores terminados: 6/6
[2024-11-09 08:56:32] [info] Evento ID: 15, Nombre: Instituto ABC, Jugadores terminados: 3/3
[2024-11-09 08:56:59] [info] Administrador con ID 1 ha iniciado sesión exitosamente
[2024-11-09 08:56:59] [info] Iniciando actualización de estados de eventos. Fecha actual: 2024-11-09 08:56:59
[2024-11-09 08:56:59] [info] Eventos finalizados actualizados: 0
[2024-11-09 08:56:59] [info] Jugadores actualizados a terminado: 0
[2024-11-09 08:56:59] [info] Eventos iniciados: 0
[2024-11-09 08:56:59] [info] Evento ID: 1, Nombre: Microsoft Corp, Jugadores terminados: 0/0
[2024-11-09 08:56:59] [info] Evento ID: 11, Nombre: Todos Santos, Jugadores terminados: 6/6
[2024-11-09 08:56:59] [info] Evento ID: 13, Nombre: Halloween, Jugadores terminados: 6/6
[2024-11-09 08:56:59] [info] Evento ID: 15, Nombre: Instituto ABC, Jugadores terminados: 3/3
[2024-11-09 08:57:02] [info] Iniciando actualización de estados de eventos. Fecha actual: 2024-11-09 08:57:02
[2024-11-09 08:57:02] [info] Eventos finalizados actualizados: 0
[2024-11-09 08:57:02] [info] Jugadores actualizados a terminado: 0
[2024-11-09 08:57:02] [info] Eventos iniciados: 0
[2024-11-09 08:57:02] [info] Evento ID: 1, Nombre: Microsoft Corp, Jugadores terminados: 0/0
[2024-11-09 08:57:02] [info] Evento ID: 11, Nombre: Todos Santos, Jugadores terminados: 6/6
[2024-11-09 08:57:02] [info] Evento ID: 13, Nombre: Halloween, Jugadores terminados: 6/6
[2024-11-09 08:57:02] [info] Evento ID: 15, Nombre: Instituto ABC, Jugadores terminados: 3/3
[2024-11-09 08:57:02] [info] Iniciando actualización de estados de eventos. Fecha actual: 2024-11-09 08:57:02
[2024-11-09 08:57:02] [info] Eventos finalizados actualizados: 0
[2024-11-09 08:57:02] [info] Jugadores actualizados a terminado: 0
[2024-11-09 08:57:02] [info] Eventos iniciados: 0
[2024-11-09 08:57:02] [info] Evento ID: 1, Nombre: Microsoft Corp, Jugadores terminados: 0/0
[2024-11-09 08:57:02] [info] Evento ID: 11, Nombre: Todos Santos, Jugadores terminados: 6/6
[2024-11-09 08:57:02] [info] Evento ID: 13, Nombre: Halloween, Jugadores terminados: 6/6
[2024-11-09 08:57:02] [info] Evento ID: 15, Nombre: Instituto ABC, Jugadores terminados: 3/3
[2024-11-09 08:57:33] [info] Iniciando actualización de estados de eventos. Fecha actual: 2024-11-09 08:57:33
[2024-11-09 08:57:33] [info] Eventos finalizados actualizados: 0
[2024-11-09 08:57:33] [info] Jugadores actualizados a terminado: 0
[2024-11-09 08:57:33] [info] Eventos iniciados: 0
[2024-11-09 08:57:33] [info] Evento ID: 1, Nombre: Microsoft Corp, Jugadores terminados: 0/0
[2024-11-09 08:57:33] [info] Evento ID: 11, Nombre: Todos Santos, Jugadores terminados: 6/6
[2024-11-09 08:57:33] [info] Evento ID: 13, Nombre: Halloween, Jugadores terminados: 6/6
[2024-11-09 08:57:33] [info] Evento ID: 15, Nombre: Instituto ABC, Jugadores terminados: 3/3
[2024-11-09 08:58:03] [info] Iniciando actualización de estados de eventos. Fecha actual: 2024-11-09 08:58:03
[2024-11-09 08:58:03] [info] Eventos finalizados actualizados: 0
[2024-11-09 08:58:03] [info] Jugadores actualizados a terminado: 0
[2024-11-09 08:58:03] [info] Eventos iniciados: 0
[2024-11-09 08:58:03] [info] Evento ID: 1, Nombre: Microsoft Corp, Jugadores terminados: 0/0
[2024-11-09 08:58:03] [info] Evento ID: 11, Nombre: Todos Santos, Jugadores terminados: 6/6
[2024-11-09 08:58:03] [info] Evento ID: 13, Nombre: Halloween, Jugadores terminados: 6/6
[2024-11-09 08:58:03] [info] Evento ID: 15, Nombre: Instituto ABC, Jugadores terminados: 3/3
[2024-11-09 08:58:33] [info] Iniciando actualización de estados de eventos. Fecha actual: 2024-11-09 08:58:33
[2024-11-09 08:58:33] [info] Eventos finalizados actualizados: 0
[2024-11-09 08:58:33] [info] Jugadores actualizados a terminado: 0
[2024-11-09 08:58:33] [info] Eventos iniciados: 0
[2024-11-09 08:58:33] [info] Evento ID: 1, Nombre: Microsoft Corp, Jugadores terminados: 0/0
[2024-11-09 08:58:33] [info] Evento ID: 11, Nombre: Todos Santos, Jugadores terminados: 6/6
[2024-11-09 08:58:33] [info] Evento ID: 13, Nombre: Halloween, Jugadores terminados: 6/6
[2024-11-09 08:58:33] [info] Evento ID: 15, Nombre: Instituto ABC, Jugadores terminados: 3/3
[2024-11-09 08:59:03] [info] Iniciando actualización de estados de eventos. Fecha actual: 2024-11-09 08:59:03
[2024-11-09 08:59:03] [info] Eventos finalizados actualizados: 0
[2024-11-09 08:59:03] [info] Jugadores actualizados a terminado: 0
[2024-11-09 08:59:03] [info] Eventos iniciados: 0
[2024-11-09 08:59:03] [info] Evento ID: 1, Nombre: Microsoft Corp, Jugadores terminados: 0/0
[2024-11-09 08:59:03] [info] Evento ID: 11, Nombre: Todos Santos, Jugadores terminados: 6/6
[2024-11-09 08:59:03] [info] Evento ID: 13, Nombre: Halloween, Jugadores terminados: 6/6
[2024-11-09 08:59:03] [info] Evento ID: 15, Nombre: Instituto ABC, Jugadores terminados: 3/3
[2024-11-09 08:59:33] [info] Iniciando actualización de estados de eventos. Fecha actual: 2024-11-09 08:59:33
[2024-11-09 08:59:33] [info] Eventos finalizados actualizados: 0
[2024-11-09 08:59:33] [info] Jugadores actualizados a terminado: 0
[2024-11-09 08:59:33] [info] Eventos iniciados: 0
[2024-11-09 08:59:33] [info] Evento ID: 1, Nombre: Microsoft Corp, Jugadores terminados: 0/0
[2024-11-09 08:59:33] [info] Evento ID: 11, Nombre: Todos Santos, Jugadores terminados: 6/6
[2024-11-09 08:59:33] [info] Evento ID: 13, Nombre: Halloween, Jugadores terminados: 6/6
[2024-11-09 08:59:33] [info] Evento ID: 15, Nombre: Instituto ABC, Jugadores terminados: 3/3
[2024-11-09 08:59:53] [info] Iniciando actualización de estados de eventos. Fecha actual: 2024-11-09 08:59:53
[2024-11-09 08:59:53] [info] Eventos finalizados actualizados: 0
[2024-11-09 08:59:53] [info] Jugadores actualizados a terminado: 0
[2024-11-09 08:59:53] [info] Eventos iniciados: 0
[2024-11-09 08:59:53] [info] Evento ID: 1, Nombre: Microsoft Corp, Jugadores terminados: 0/0
[2024-11-09 08:59:53] [info] Evento ID: 11, Nombre: Todos Santos, Jugadores terminados: 6/6
[2024-11-09 08:59:53] [info] Evento ID: 13, Nombre: Halloween, Jugadores terminados: 6/6
[2024-11-09 08:59:53] [info] Evento ID: 15, Nombre: Instituto ABC, Jugadores terminados: 3/3
[2024-11-09 08:59:55] [info] Iniciando actualización de estados de eventos. Fecha actual: 2024-11-09 08:59:55
[2024-11-09 08:59:55] [info] Eventos finalizados actualizados: 0
[2024-11-09 08:59:55] [info] Jugadores actualizados a terminado: 0
[2024-11-09 08:59:55] [info] Eventos iniciados: 0
[2024-11-09 08:59:55] [info] Evento ID: 1, Nombre: Microsoft Corp, Jugadores terminados: 0/0
[2024-11-09 08:59:55] [info] Evento ID: 11, Nombre: Todos Santos, Jugadores terminados: 6/6
[2024-11-09 08:59:55] [info] Evento ID: 13, Nombre: Halloween, Jugadores terminados: 6/6
[2024-11-09 08:59:55] [info] Evento ID: 15, Nombre: Instituto ABC, Jugadores terminados: 3/3
[2024-11-09 09:00:25] [info] Iniciando actualización de estados de eventos. Fecha actual: 2024-11-09 09:00:25
[2024-11-09 09:00:25] [info] Eventos finalizados actualizados: 0
[2024-11-09 09:00:25] [info] Jugadores actualizados a terminado: 0
[2024-11-09 09:00:25] [info] Eventos iniciados: 0
[2024-11-09 09:00:25] [info] Evento ID: 1, Nombre: Microsoft Corp, Jugadores terminados: 0/0
[2024-11-09 09:00:25] [info] Evento ID: 11, Nombre: Todos Santos, Jugadores terminados: 6/6
[2024-11-09 09:00:25] [info] Evento ID: 13, Nombre: Halloween, Jugadores terminados: 6/6
[2024-11-09 09:00:25] [info] Evento ID: 15, Nombre: Instituto ABC, Jugadores terminados: 3/3
[2024-11-09 09:00:55] [info] Iniciando actualización de estados de eventos. Fecha actual: 2024-11-09 09:00:55
[2024-11-09 09:00:55] [info] Eventos finalizados actualizados: 0
[2024-11-09 09:00:55] [info] Jugadores actualizados a terminado: 0
[2024-11-09 09:00:55] [info] Eventos iniciados: 0
[2024-11-09 09:00:55] [info] Evento ID: 1, Nombre: Microsoft Corp, Jugadores terminados: 0/0
[2024-11-09 09:00:55] [info] Evento ID: 11, Nombre: Todos Santos, Jugadores terminados: 6/6
[2024-11-09 09:00:55] [info] Evento ID: 13, Nombre: Halloween, Jugadores terminados: 6/6
[2024-11-09 09:00:55] [info] Evento ID: 15, Nombre: Instituto ABC, Jugadores terminados: 3/3
[2024-11-09 09:01:14] [info] Iniciando actualización de estados de eventos. Fecha actual: 2024-11-09 09:01:14
[2024-11-09 09:01:14] [info] Eventos finalizados actualizados: 0
[2024-11-09 09:01:14] [info] Jugadores actualizados a terminado: 0
[2024-11-09 09:01:14] [info] Eventos iniciados: 0
[2024-11-09 09:01:14] [info] Evento ID: 1, Nombre: Microsoft Corp, Jugadores terminados: 0/0
[2024-11-09 09:01:14] [info] Evento ID: 11, Nombre: Todos Santos, Jugadores terminados: 6/6
[2024-11-09 09:01:14] [info] Evento ID: 13, Nombre: Halloween, Jugadores terminados: 6/6
[2024-11-09 09:01:14] [info] Evento ID: 15, Nombre: Instituto ABC, Jugadores terminados: 3/3
[2024-11-09 09:01:25] [info] Iniciando actualización de estados de eventos. Fecha actual: 2024-11-09 09:01:25
[2024-11-09 09:01:25] [info] Eventos finalizados actualizados: 0
[2024-11-09 09:01:25] [info] Jugadores actualizados a terminado: 0
[2024-11-09 09:01:25] [info] Eventos iniciados: 0
[2024-11-09 09:01:25] [info] Evento ID: 1, Nombre: Microsoft Corp, Jugadores terminados: 0/0
[2024-11-09 09:01:25] [info] Evento ID: 11, Nombre: Todos Santos, Jugadores terminados: 6/6
[2024-11-09 09:01:25] [info] Evento ID: 13, Nombre: Halloween, Jugadores terminados: 6/6
[2024-11-09 09:01:25] [info] Evento ID: 15, Nombre: Instituto ABC, Jugadores terminados: 3/3
[2024-11-09 09:01:55] [info] Iniciando actualización de estados de eventos. Fecha actual: 2024-11-09 09:01:55
[2024-11-09 09:01:55] [info] Eventos finalizados actualizados: 0
[2024-11-09 09:01:55] [info] Jugadores actualizados a terminado: 0
[2024-11-09 09:01:55] [info] Eventos iniciados: 0
[2024-11-09 09:01:55] [info] Evento ID: 1, Nombre: Microsoft Corp, Jugadores terminados: 0/0
[2024-11-09 09:01:55] [info] Evento ID: 11, Nombre: Todos Santos, Jugadores terminados: 6/6
[2024-11-09 09:01:55] [info] Evento ID: 13, Nombre: Halloween, Jugadores terminados: 6/6
[2024-11-09 09:01:55] [info] Evento ID: 15, Nombre: Instituto ABC, Jugadores terminados: 3/3
[2024-11-09 09:02:25] [info] Iniciando actualización de estados de eventos. Fecha actual: 2024-11-09 09:02:25
[2024-11-09 09:02:25] [info] Eventos finalizados actualizados: 0
[2024-11-09 09:02:25] [info] Jugadores actualizados a terminado: 0
[2024-11-09 09:02:25] [info] Eventos iniciados: 0
[2024-11-09 09:02:25] [info] Evento ID: 1, Nombre: Microsoft Corp, Jugadores terminados: 0/0
[2024-11-09 09:02:25] [info] Evento ID: 11, Nombre: Todos Santos, Jugadores terminados: 6/6
[2024-11-09 09:02:25] [info] Evento ID: 13, Nombre: Halloween, Jugadores terminados: 6/6
[2024-11-09 09:02:25] [info] Evento ID: 15, Nombre: Instituto ABC, Jugadores terminados: 3/3
[2024-11-09 09:02:55] [info] Iniciando actualización de estados de eventos. Fecha actual: 2024-11-09 09:02:55
[2024-11-09 09:02:55] [info] Eventos finalizados actualizados: 0
[2024-11-09 09:02:55] [info] Jugadores actualizados a terminado: 0
[2024-11-09 09:02:55] [info] Eventos iniciados: 0
[2024-11-09 09:02:55] [info] Evento ID: 1, Nombre: Microsoft Corp, Jugadores terminados: 0/0
[2024-11-09 09:02:55] [info] Evento ID: 11, Nombre: Todos Santos, Jugadores terminados: 6/6
[2024-11-09 09:02:55] [info] Evento ID: 13, Nombre: Halloween, Jugadores terminados: 6/6
[2024-11-09 09:02:55] [info] Evento ID: 15, Nombre: Instituto ABC, Jugadores terminados: 3/3
[2024-11-09 09:03:52] [info] Iniciando actualización de estados de eventos. Fecha actual: 2024-11-09 09:03:52
[2024-11-09 09:03:52] [info] Eventos finalizados actualizados: 0
[2024-11-09 09:03:52] [info] Jugadores actualizados a terminado: 0
[2024-11-09 09:03:52] [info] Eventos iniciados: 0
[2024-11-09 09:03:52] [info] Evento ID: 1, Nombre: Microsoft Corp, Jugadores terminados: 0/0
[2024-11-09 09:03:52] [info] Evento ID: 11, Nombre: Todos Santos, Jugadores terminados: 6/6
[2024-11-09 09:03:52] [info] Evento ID: 13, Nombre: Halloween, Jugadores terminados: 6/6
[2024-11-09 09:03:52] [info] Evento ID: 15, Nombre: Instituto ABC, Jugadores terminados: 3/3
[2024-11-09 09:04:52] [info] Iniciando actualización de estados de eventos. Fecha actual: 2024-11-09 09:04:52
[2024-11-09 09:04:52] [info] Eventos finalizados actualizados: 0
[2024-11-09 09:04:52] [info] Jugadores actualizados a terminado: 0
[2024-11-09 09:04:52] [info] Eventos iniciados: 0
[2024-11-09 09:04:52] [info] Evento ID: 1, Nombre: Microsoft Corp, Jugadores terminados: 0/0
[2024-11-09 09:04:52] [info] Evento ID: 11, Nombre: Todos Santos, Jugadores terminados: 6/6
[2024-11-09 09:04:52] [info] Evento ID: 13, Nombre: Halloween, Jugadores terminados: 6/6
[2024-11-09 09:04:52] [info] Evento ID: 15, Nombre: Instituto ABC, Jugadores terminados: 3/3
[2024-11-09 09:05:14] [info] Iniciando actualización de estados de eventos. Fecha actual: 2024-11-09 09:05:14
[2024-11-09 09:05:14] [info] Eventos finalizados actualizados: 0
[2024-11-09 09:05:14] [info] Jugadores actualizados a terminado: 0
[2024-11-09 09:05:14] [info] Eventos iniciados: 0
[2024-11-09 09:05:14] [info] Evento ID: 1, Nombre: Microsoft Corp, Jugadores terminados: 0/0
[2024-11-09 09:05:14] [info] Evento ID: 11, Nombre: Todos Santos, Jugadores terminados: 6/6
[2024-11-09 09:05:14] [info] Evento ID: 13, Nombre: Halloween, Jugadores terminados: 6/6
[2024-11-09 09:05:14] [info] Evento ID: 15, Nombre: Instituto ABC, Jugadores terminados: 3/3
[2024-11-09 09:07:34] [info] Iniciando actualización de estados de eventos. Fecha actual: 2024-11-09 09:07:34
[2024-11-09 09:07:34] [info] Eventos finalizados actualizados: 0
[2024-11-09 09:07:34] [info] Jugadores actualizados a terminado: 0
[2024-11-09 09:07:34] [info] Eventos iniciados: 0
[2024-11-09 09:07:34] [info] Evento ID: 1, Nombre: Microsoft Corp, Jugadores terminados: 0/0
[2024-11-09 09:07:34] [info] Evento ID: 11, Nombre: Todos Santos, Jugadores terminados: 6/6
[2024-11-09 09:07:34] [info] Evento ID: 13, Nombre: Halloween, Jugadores terminados: 6/6
[2024-11-09 09:07:34] [info] Evento ID: 15, Nombre: Instituto ABC, Jugadores terminados: 3/3
[2024-11-09 09:07:35] [info] Iniciando actualización de estados de eventos. Fecha actual: 2024-11-09 09:07:35
[2024-11-09 09:07:35] [info] Eventos finalizados actualizados: 0
[2024-11-09 09:07:35] [info] Jugadores actualizados a terminado: 0
[2024-11-09 09:07:35] [info] Eventos iniciados: 0
[2024-11-09 09:07:35] [info] Evento ID: 1, Nombre: Microsoft Corp, Jugadores terminados: 0/0
[2024-11-09 09:07:35] [info] Evento ID: 11, Nombre: Todos Santos, Jugadores terminados: 6/6
[2024-11-09 09:07:35] [info] Evento ID: 13, Nombre: Halloween, Jugadores terminados: 6/6
[2024-11-09 09:07:35] [info] Evento ID: 15, Nombre: Instituto ABC, Jugadores terminados: 3/3
[2024-11-09 09:07:36] [info] Iniciando actualización de estados de eventos. Fecha actual: 2024-11-09 09:07:36
[2024-11-09 09:07:36] [info] Eventos finalizados actualizados: 0
[2024-11-09 09:07:36] [info] Jugadores actualizados a terminado: 0
[2024-11-09 09:07:36] [info] Eventos iniciados: 0
[2024-11-09 09:07:36] [info] Evento ID: 1, Nombre: Microsoft Corp, Jugadores terminados: 0/0
[2024-11-09 09:07:36] [info] Evento ID: 11, Nombre: Todos Santos, Jugadores terminados: 6/6
[2024-11-09 09:07:36] [info] Evento ID: 13, Nombre: Halloween, Jugadores terminados: 6/6
[2024-11-09 09:07:36] [info] Evento ID: 15, Nombre: Instituto ABC, Jugadores terminados: 3/3
[2024-11-09 09:08:06] [info] Iniciando actualización de estados de eventos. Fecha actual: 2024-11-09 09:08:06
[2024-11-09 09:08:06] [info] Eventos finalizados actualizados: 0
[2024-11-09 09:08:06] [info] Jugadores actualizados a terminado: 0
[2024-11-09 09:08:06] [info] Eventos iniciados: 0
[2024-11-09 09:08:06] [info] Evento ID: 1, Nombre: Microsoft Corp, Jugadores terminados: 0/0
[2024-11-09 09:08:06] [info] Evento ID: 11, Nombre: Todos Santos, Jugadores terminados: 6/6
[2024-11-09 09:08:06] [info] Evento ID: 13, Nombre: Halloween, Jugadores terminados: 6/6
[2024-11-09 09:08:06] [info] Evento ID: 15, Nombre: Instituto ABC, Jugadores terminados: 3/3
[2024-11-09 09:08:37] [info] Iniciando actualización de estados de eventos. Fecha actual: 2024-11-09 09:08:37
[2024-11-09 09:08:37] [info] Eventos finalizados actualizados: 0
[2024-11-09 09:08:37] [info] Jugadores actualizados a terminado: 0
[2024-11-09 09:08:37] [info] Eventos iniciados: 0
[2024-11-09 09:08:37] [info] Evento ID: 1, Nombre: Microsoft Corp, Jugadores terminados: 0/0
[2024-11-09 09:08:37] [info] Evento ID: 11, Nombre: Todos Santos, Jugadores terminados: 6/6
[2024-11-09 09:08:37] [info] Evento ID: 13, Nombre: Halloween, Jugadores terminados: 6/6
[2024-11-09 09:08:37] [info] Evento ID: 15, Nombre: Instituto ABC, Jugadores terminados: 3/3
[2024-11-09 09:09:07] [info] Iniciando actualización de estados de eventos. Fecha actual: 2024-11-09 09:09:07
[2024-11-09 09:09:07] [info] Eventos finalizados actualizados: 0
[2024-11-09 09:09:07] [info] Jugadores actualizados a terminado: 0
[2024-11-09 09:09:07] [info] Eventos iniciados: 0
[2024-11-09 09:09:07] [info] Evento ID: 1, Nombre: Microsoft Corp, Jugadores terminados: 0/0
[2024-11-09 09:09:07] [info] Evento ID: 11, Nombre: Todos Santos, Jugadores terminados: 6/6
[2024-11-09 09:09:07] [info] Evento ID: 13, Nombre: Halloween, Jugadores terminados: 6/6
[2024-11-09 09:09:07] [info] Evento ID: 15, Nombre: Instituto ABC, Jugadores terminados: 3/3
[2024-11-09 09:09:37] [info] Iniciando actualización de estados de eventos. Fecha actual: 2024-11-09 09:09:37
[2024-11-09 09:09:37] [info] Eventos finalizados actualizados: 0
[2024-11-09 09:09:37] [info] Jugadores actualizados a terminado: 0
[2024-11-09 09:09:37] [info] Eventos iniciados: 0
[2024-11-09 09:09:37] [info] Evento ID: 1, Nombre: Microsoft Corp, Jugadores terminados: 0/0
[2024-11-09 09:09:37] [info] Evento ID: 11, Nombre: Todos Santos, Jugadores terminados: 6/6
[2024-11-09 09:09:37] [info] Evento ID: 13, Nombre: Halloween, Jugadores terminados: 6/6
[2024-11-09 09:09:37] [info] Evento ID: 15, Nombre: Instituto ABC, Jugadores terminados: 3/3
[2024-11-09 09:10:07] [info] Iniciando actualización de estados de eventos. Fecha actual: 2024-11-09 09:10:07
[2024-11-09 09:10:07] [info] Eventos finalizados actualizados: 0
[2024-11-09 09:10:07] [info] Jugadores actualizados a terminado: 0
[2024-11-09 09:10:07] [info] Eventos iniciados: 0
[2024-11-09 09:10:07] [info] Evento ID: 1, Nombre: Microsoft Corp, Jugadores terminados: 0/0
[2024-11-09 09:10:07] [info] Evento ID: 11, Nombre: Todos Santos, Jugadores terminados: 6/6
[2024-11-09 09:10:07] [info] Evento ID: 13, Nombre: Halloween, Jugadores terminados: 6/6
[2024-11-09 09:10:07] [info] Evento ID: 15, Nombre: Instituto ABC, Jugadores terminados: 3/3
[2024-11-09 09:10:38] [info] Iniciando actualización de estados de eventos. Fecha actual: 2024-11-09 09:10:38
[2024-11-09 09:10:38] [info] Eventos finalizados actualizados: 0
[2024-11-09 09:10:38] [info] Jugadores actualizados a terminado: 0
[2024-11-09 09:10:38] [info] Eventos iniciados: 0
[2024-11-09 09:10:38] [info] Evento ID: 1, Nombre: Microsoft Corp, Jugadores terminados: 0/0
[2024-11-09 09:10:38] [info] Evento ID: 11, Nombre: Todos Santos, Jugadores terminados: 6/6
[2024-11-09 09:10:38] [info] Evento ID: 13, Nombre: Halloween, Jugadores terminados: 6/6
[2024-11-09 09:10:38] [info] Evento ID: 15, Nombre: Instituto ABC, Jugadores terminados: 3/3
[2024-11-09 09:11:09] [info] Iniciando actualización de estados de eventos. Fecha actual: 2024-11-09 09:11:09
[2024-11-09 09:11:09] [info] Eventos finalizados actualizados: 0
[2024-11-09 09:11:09] [info] Jugadores actualizados a terminado: 0
[2024-11-09 09:11:09] [info] Eventos iniciados: 0
[2024-11-09 09:11:09] [info] Evento ID: 1, Nombre: Microsoft Corp, Jugadores terminados: 0/0
[2024-11-09 09:11:09] [info] Evento ID: 11, Nombre: Todos Santos, Jugadores terminados: 6/6
[2024-11-09 09:11:09] [info] Evento ID: 13, Nombre: Halloween, Jugadores terminados: 6/6
[2024-11-09 09:11:09] [info] Evento ID: 15, Nombre: Instituto ABC, Jugadores terminados: 3/3
[2024-11-09 09:11:40] [info] Iniciando actualización de estados de eventos. Fecha actual: 2024-11-09 09:11:40
[2024-11-09 09:11:40] [info] Eventos finalizados actualizados: 0
[2024-11-09 09:11:40] [info] Jugadores actualizados a terminado: 0
[2024-11-09 09:11:40] [info] Eventos iniciados: 0
[2024-11-09 09:11:40] [info] Evento ID: 1, Nombre: Microsoft Corp, Jugadores terminados: 0/0
[2024-11-09 09:11:40] [info] Evento ID: 11, Nombre: Todos Santos, Jugadores terminados: 6/6
[2024-11-09 09:11:40] [info] Evento ID: 13, Nombre: Halloween, Jugadores terminados: 6/6
[2024-11-09 09:11:40] [info] Evento ID: 15, Nombre: Instituto ABC, Jugadores terminados: 3/3
[2024-11-09 09:12:11] [info] Iniciando actualización de estados de eventos. Fecha actual: 2024-11-09 09:12:11
[2024-11-09 09:12:11] [info] Eventos finalizados actualizados: 0
[2024-11-09 09:12:11] [info] Jugadores actualizados a terminado: 0
[2024-11-09 09:12:11] [info] Eventos iniciados: 0
[2024-11-09 09:12:11] [info] Evento ID: 1, Nombre: Microsoft Corp, Jugadores terminados: 0/0
[2024-11-09 09:12:11] [info] Evento ID: 11, Nombre: Todos Santos, Jugadores terminados: 6/6
[2024-11-09 09:12:11] [info] Evento ID: 13, Nombre: Halloween, Jugadores terminados: 6/6
[2024-11-09 09:12:11] [info] Evento ID: 15, Nombre: Instituto ABC, Jugadores terminados: 3/3
[2024-11-09 09:12:42] [info] Iniciando actualización de estados de eventos. Fecha actual: 2024-11-09 09:12:42
[2024-11-09 09:12:42] [info] Eventos finalizados actualizados: 0
[2024-11-09 09:12:42] [info] Jugadores actualizados a terminado: 0
[2024-11-09 09:12:42] [info] Eventos iniciados: 0
[2024-11-09 09:12:42] [info] Evento ID: 1, Nombre: Microsoft Corp, Jugadores terminados: 0/0
[2024-11-09 09:12:42] [info] Evento ID: 11, Nombre: Todos Santos, Jugadores terminados: 6/6
[2024-11-09 09:12:42] [info] Evento ID: 13, Nombre: Halloween, Jugadores terminados: 6/6
[2024-11-09 09:12:42] [info] Evento ID: 15, Nombre: Instituto ABC, Jugadores terminados: 3/3
[2024-11-09 09:13:13] [info] Iniciando actualización de estados de eventos. Fecha actual: 2024-11-09 09:13:13
[2024-11-09 09:13:13] [info] Eventos finalizados actualizados: 0
[2024-11-09 09:13:13] [info] Jugadores actualizados a terminado: 0
[2024-11-09 09:13:13] [info] Eventos iniciados: 0
[2024-11-09 09:13:13] [info] Evento ID: 1, Nombre: Microsoft Corp, Jugadores terminados: 0/0
[2024-11-09 09:13:13] [info] Evento ID: 11, Nombre: Todos Santos, Jugadores terminados: 6/6
[2024-11-09 09:13:13] [info] Evento ID: 13, Nombre: Halloween, Jugadores terminados: 6/6
[2024-11-09 09:13:13] [info] Evento ID: 15, Nombre: Instituto ABC, Jugadores terminados: 3/3
[2024-11-09 09:13:44] [info] Iniciando actualización de estados de eventos. Fecha actual: 2024-11-09 09:13:44
[2024-11-09 09:13:44] [info] Eventos finalizados actualizados: 0
[2024-11-09 09:13:44] [info] Jugadores actualizados a terminado: 0
[2024-11-09 09:13:44] [info] Eventos iniciados: 0
[2024-11-09 09:13:44] [info] Evento ID: 1, Nombre: Microsoft Corp, Jugadores terminados: 0/0
[2024-11-09 09:13:44] [info] Evento ID: 11, Nombre: Todos Santos, Jugadores terminados: 6/6
[2024-11-09 09:13:44] [info] Evento ID: 13, Nombre: Halloween, Jugadores terminados: 6/6
[2024-11-09 09:13:44] [info] Evento ID: 15, Nombre: Instituto ABC, Jugadores terminados: 3/3
[2024-11-09 09:14:15] [info] Iniciando actualización de estados de eventos. Fecha actual: 2024-11-09 09:14:15
[2024-11-09 09:14:15] [info] Eventos finalizados actualizados: 0
[2024-11-09 09:14:15] [info] Jugadores actualizados a terminado: 0
[2024-11-09 09:14:15] [info] Eventos iniciados: 0
[2024-11-09 09:14:15] [info] Evento ID: 1, Nombre: Microsoft Corp, Jugadores terminados: 0/0
[2024-11-09 09:14:15] [info] Evento ID: 11, Nombre: Todos Santos, Jugadores terminados: 6/6
[2024-11-09 09:14:15] [info] Evento ID: 13, Nombre: Halloween, Jugadores terminados: 6/6
[2024-11-09 09:14:15] [info] Evento ID: 15, Nombre: Instituto ABC, Jugadores terminados: 3/3
[2024-11-09 09:14:46] [info] Iniciando actualización de estados de eventos. Fecha actual: 2024-11-09 09:14:46
[2024-11-09 09:14:46] [info] Eventos finalizados actualizados: 0
[2024-11-09 09:14:46] [info] Jugadores actualizados a terminado: 0
[2024-11-09 09:14:46] [info] Eventos iniciados: 0
[2024-11-09 09:14:46] [info] Evento ID: 1, Nombre: Microsoft Corp, Jugadores terminados: 0/0
[2024-11-09 09:14:46] [info] Evento ID: 11, Nombre: Todos Santos, Jugadores terminados: 6/6
[2024-11-09 09:14:46] [info] Evento ID: 13, Nombre: Halloween, Jugadores terminados: 6/6
[2024-11-09 09:14:46] [info] Evento ID: 15, Nombre: Instituto ABC, Jugadores terminados: 3/3
[2024-11-09 09:15:17] [info] Iniciando actualización de estados de eventos. Fecha actual: 2024-11-09 09:15:17
[2024-11-09 09:15:17] [info] Eventos finalizados actualizados: 0
[2024-11-09 09:15:17] [info] Jugadores actualizados a terminado: 0
[2024-11-09 09:15:17] [info] Eventos iniciados: 0
[2024-11-09 09:15:17] [info] Evento ID: 1, Nombre: Microsoft Corp, Jugadores terminados: 0/0
[2024-11-09 09:15:17] [info] Evento ID: 11, Nombre: Todos Santos, Jugadores terminados: 6/6
[2024-11-09 09:15:17] [info] Evento ID: 13, Nombre: Halloween, Jugadores terminados: 6/6
[2024-11-09 09:15:17] [info] Evento ID: 15, Nombre: Instituto ABC, Jugadores terminados: 3/3
[2024-11-09 09:15:48] [info] Iniciando actualización de estados de eventos. Fecha actual: 2024-11-09 09:15:48
[2024-11-09 09:15:48] [info] Eventos finalizados actualizados: 0
[2024-11-09 09:15:48] [info] Jugadores actualizados a terminado: 0
[2024-11-09 09:15:48] [info] Eventos iniciados: 0
[2024-11-09 09:15:48] [info] Evento ID: 1, Nombre: Microsoft Corp, Jugadores terminados: 0/0
[2024-11-09 09:15:48] [info] Evento ID: 11, Nombre: Todos Santos, Jugadores terminados: 6/6
[2024-11-09 09:15:48] [info] Evento ID: 13, Nombre: Halloween, Jugadores terminados: 6/6
[2024-11-09 09:15:48] [info] Evento ID: 15, Nombre: Instituto ABC, Jugadores terminados: 3/3
[2024-11-09 09:16:19] [info] Iniciando actualización de estados de eventos. Fecha actual: 2024-11-09 09:16:19
[2024-11-09 09:16:19] [info] Eventos finalizados actualizados: 0
[2024-11-09 09:16:19] [info] Jugadores actualizados a terminado: 0
[2024-11-09 09:16:19] [info] Eventos iniciados: 0
[2024-11-09 09:16:19] [info] Evento ID: 1, Nombre: Microsoft Corp, Jugadores terminados: 0/0
[2024-11-09 09:16:19] [info] Evento ID: 11, Nombre: Todos Santos, Jugadores terminados: 6/6
[2024-11-09 09:16:19] [info] Evento ID: 13, Nombre: Halloween, Jugadores terminados: 6/6
[2024-11-09 09:16:19] [info] Evento ID: 15, Nombre: Instituto ABC, Jugadores terminados: 3/3
[2024-11-09 09:16:50] [info] Iniciando actualización de estados de eventos. Fecha actual: 2024-11-09 09:16:50
[2024-11-09 09:16:50] [info] Eventos finalizados actualizados: 0
[2024-11-09 09:16:50] [info] Jugadores actualizados a terminado: 0
[2024-11-09 09:16:50] [info] Eventos iniciados: 0
[2024-11-09 09:16:50] [info] Evento ID: 1, Nombre: Microsoft Corp, Jugadores terminados: 0/0
[2024-11-09 09:16:50] [info] Evento ID: 11, Nombre: Todos Santos, Jugadores terminados: 6/6
[2024-11-09 09:16:50] [info] Evento ID: 13, Nombre: Halloween, Jugadores terminados: 6/6
[2024-11-09 09:16:50] [info] Evento ID: 15, Nombre: Instituto ABC, Jugadores terminados: 3/3
[2024-11-09 09:17:21] [info] Iniciando actualización de estados de eventos. Fecha actual: 2024-11-09 09:17:21
[2024-11-09 09:17:21] [info] Eventos finalizados actualizados: 0
[2024-11-09 09:17:21] [info] Jugadores actualizados a terminado: 0
[2024-11-09 09:17:21] [info] Eventos iniciados: 0
[2024-11-09 09:17:21] [info] Evento ID: 1, Nombre: Microsoft Corp, Jugadores terminados: 0/0
[2024-11-09 09:17:21] [info] Evento ID: 11, Nombre: Todos Santos, Jugadores terminados: 6/6
[2024-11-09 09:17:21] [info] Evento ID: 13, Nombre: Halloween, Jugadores terminados: 6/6
[2024-11-09 09:17:21] [info] Evento ID: 15, Nombre: Instituto ABC, Jugadores terminados: 3/3
[2024-11-09 09:17:52] [info] Iniciando actualización de estados de eventos. Fecha actual: 2024-11-09 09:17:52
[2024-11-09 09:17:52] [info] Eventos finalizados actualizados: 0
[2024-11-09 09:17:52] [info] Jugadores actualizados a terminado: 0
[2024-11-09 09:17:52] [info] Eventos iniciados: 0
[2024-11-09 09:17:52] [info] Evento ID: 1, Nombre: Microsoft Corp, Jugadores terminados: 0/0
[2024-11-09 09:17:52] [info] Evento ID: 11, Nombre: Todos Santos, Jugadores terminados: 6/6
[2024-11-09 09:17:52] [info] Evento ID: 13, Nombre: Halloween, Jugadores terminados: 6/6
[2024-11-09 09:17:52] [info] Evento ID: 15, Nombre: Instituto ABC, Jugadores terminados: 3/3
[2024-11-09 09:18:23] [info] Iniciando actualización de estados de eventos. Fecha actual: 2024-11-09 09:18:23
[2024-11-09 09:18:23] [info] Eventos finalizados actualizados: 0
[2024-11-09 09:18:23] [info] Jugadores actualizados a terminado: 0
[2024-11-09 09:18:23] [info] Eventos iniciados: 0
[2024-11-09 09:18:23] [info] Evento ID: 1, Nombre: Microsoft Corp, Jugadores terminados: 0/0
[2024-11-09 09:18:23] [info] Evento ID: 11, Nombre: Todos Santos, Jugadores terminados: 6/6
[2024-11-09 09:18:23] [info] Evento ID: 13, Nombre: Halloween, Jugadores terminados: 6/6
[2024-11-09 09:18:23] [info] Evento ID: 15, Nombre: Instituto ABC, Jugadores terminados: 3/3
[2024-11-09 09:18:54] [info] Iniciando actualización de estados de eventos. Fecha actual: 2024-11-09 09:18:54
[2024-11-09 09:18:54] [info] Eventos finalizados actualizados: 0
[2024-11-09 09:18:54] [info] Jugadores actualizados a terminado: 0
[2024-11-09 09:18:54] [info] Eventos iniciados: 0
[2024-11-09 09:18:54] [info] Evento ID: 1, Nombre: Microsoft Corp, Jugadores terminados: 0/0
[2024-11-09 09:18:54] [info] Evento ID: 11, Nombre: Todos Santos, Jugadores terminados: 6/6
[2024-11-09 09:18:54] [info] Evento ID: 13, Nombre: Halloween, Jugadores terminados: 6/6
[2024-11-09 09:18:54] [info] Evento ID: 15, Nombre: Instituto ABC, Jugadores terminados: 3/3
[2024-11-09 09:19:25] [info] Iniciando actualización de estados de eventos. Fecha actual: 2024-11-09 09:19:25
[2024-11-09 09:19:25] [info] Eventos finalizados actualizados: 0
[2024-11-09 09:19:25] [info] Jugadores actualizados a terminado: 0
[2024-11-09 09:19:25] [info] Eventos iniciados: 0
[2024-11-09 09:19:25] [info] Evento ID: 1, Nombre: Microsoft Corp, Jugadores terminados: 0/0
[2024-11-09 09:19:25] [info] Evento ID: 11, Nombre: Todos Santos, Jugadores terminados: 6/6
[2024-11-09 09:19:25] [info] Evento ID: 13, Nombre: Halloween, Jugadores terminados: 6/6
[2024-11-09 09:19:25] [info] Evento ID: 15, Nombre: Instituto ABC, Jugadores terminados: 3/3
[2024-11-09 09:19:56] [info] Iniciando actualización de estados de eventos. Fecha actual: 2024-11-09 09:19:56
[2024-11-09 09:19:56] [info] Eventos finalizados actualizados: 0
[2024-11-09 09:19:56] [info] Jugadores actualizados a terminado: 0
[2024-11-09 09:19:56] [info] Eventos iniciados: 0
[2024-11-09 09:19:56] [info] Evento ID: 1, Nombre: Microsoft Corp, Jugadores terminados: 0/0
[2024-11-09 09:19:56] [info] Evento ID: 11, Nombre: Todos Santos, Jugadores terminados: 6/6
[2024-11-09 09:19:56] [info] Evento ID: 13, Nombre: Halloween, Jugadores terminados: 6/6
[2024-11-09 09:19:56] [info] Evento ID: 15, Nombre: Instituto ABC, Jugadores terminados: 3/3
[2024-11-09 09:20:27] [info] Iniciando actualización de estados de eventos. Fecha actual: 2024-11-09 09:20:27
[2024-11-09 09:20:27] [info] Eventos finalizados actualizados: 0
[2024-11-09 09:20:27] [info] Jugadores actualizados a terminado: 0
[2024-11-09 09:20:27] [info] Eventos iniciados: 0
[2024-11-09 09:20:27] [info] Evento ID: 1, Nombre: Microsoft Corp, Jugadores terminados: 0/0
[2024-11-09 09:20:27] [info] Evento ID: 11, Nombre: Todos Santos, Jugadores terminados: 6/6
[2024-11-09 09:20:27] [info] Evento ID: 13, Nombre: Halloween, Jugadores terminados: 6/6
[2024-11-09 09:20:27] [info] Evento ID: 15, Nombre: Instituto ABC, Jugadores terminados: 3/3
[2024-11-09 09:20:58] [info] Iniciando actualización de estados de eventos. Fecha actual: 2024-11-09 09:20:58
[2024-11-09 09:20:58] [info] Eventos finalizados actualizados: 0
[2024-11-09 09:20:58] [info] Jugadores actualizados a terminado: 0
[2024-11-09 09:20:58] [info] Eventos iniciados: 0
[2024-11-09 09:20:58] [info] Evento ID: 1, Nombre: Microsoft Corp, Jugadores terminados: 0/0
[2024-11-09 09:20:58] [info] Evento ID: 11, Nombre: Todos Santos, Jugadores terminados: 6/6
[2024-11-09 09:20:58] [info] Evento ID: 13, Nombre: Halloween, Jugadores terminados: 6/6
[2024-11-09 09:20:58] [info] Evento ID: 15, Nombre: Instituto ABC, Jugadores terminados: 3/3
[2024-11-09 09:21:29] [info] Iniciando actualización de estados de eventos. Fecha actual: 2024-11-09 09:21:29
[2024-11-09 09:21:29] [info] Eventos finalizados actualizados: 0
[2024-11-09 09:21:29] [info] Jugadores actualizados a terminado: 0
[2024-11-09 09:21:29] [info] Eventos iniciados: 0
[2024-11-09 09:21:29] [info] Evento ID: 1, Nombre: Microsoft Corp, Jugadores terminados: 0/0
[2024-11-09 09:21:29] [info] Evento ID: 11, Nombre: Todos Santos, Jugadores terminados: 6/6
[2024-11-09 09:21:29] [info] Evento ID: 13, Nombre: Halloween, Jugadores terminados: 6/6
[2024-11-09 09:21:29] [info] Evento ID: 15, Nombre: Instituto ABC, Jugadores terminados: 3/3
[2024-11-09 09:31:10] [info] Iniciando actualización de estados de eventos. Fecha actual: 2024-11-09 09:31:10
[2024-11-09 09:31:10] [info] Eventos finalizados actualizados: 0
[2024-11-09 09:31:10] [info] Jugadores actualizados a terminado: 0
[2024-11-09 09:31:10] [info] Eventos iniciados: 0
[2024-11-09 09:31:10] [info] Evento ID: 1, Nombre: Microsoft Corp, Jugadores terminados: 0/0
[2024-11-09 09:31:10] [info] Evento ID: 11, Nombre: Todos Santos, Jugadores terminados: 6/6
[2024-11-09 09:31:10] [info] Evento ID: 13, Nombre: Halloween, Jugadores terminados: 6/6
[2024-11-09 09:31:10] [info] Evento ID: 15, Nombre: Instituto ABC, Jugadores terminados: 3/3
[2024-11-09 09:31:41] [info] Iniciando actualización de estados de eventos. Fecha actual: 2024-11-09 09:31:41
[2024-11-09 09:31:41] [info] Eventos finalizados actualizados: 0
[2024-11-09 09:31:41] [info] Jugadores actualizados a terminado: 0
[2024-11-09 09:31:41] [info] Eventos iniciados: 0
[2024-11-09 09:31:41] [info] Evento ID: 1, Nombre: Microsoft Corp, Jugadores terminados: 0/0
[2024-11-09 09:31:41] [info] Evento ID: 11, Nombre: Todos Santos, Jugadores terminados: 6/6
[2024-11-09 09:31:41] [info] Evento ID: 13, Nombre: Halloween, Jugadores terminados: 6/6
[2024-11-09 09:31:41] [info] Evento ID: 15, Nombre: Instituto ABC, Jugadores terminados: 3/3
[2024-11-09 09:32:12] [info] Iniciando actualización de estados de eventos. Fecha actual: 2024-11-09 09:32:12
[2024-11-09 09:32:12] [info] Eventos finalizados actualizados: 0
[2024-11-09 09:32:12] [info] Jugadores actualizados a terminado: 0
[2024-11-09 09:32:12] [info] Eventos iniciados: 0
[2024-11-09 09:32:12] [info] Evento ID: 1, Nombre: Microsoft Corp, Jugadores terminados: 0/0
[2024-11-09 09:32:12] [info] Evento ID: 11, Nombre: Todos Santos, Jugadores terminados: 6/6
[2024-11-09 09:32:12] [info] Evento ID: 13, Nombre: Halloween, Jugadores terminados: 6/6
[2024-11-09 09:32:12] [info] Evento ID: 15, Nombre: Instituto ABC, Jugadores terminados: 3/3
[2024-11-09 09:32:43] [info] Iniciando actualización de estados de eventos. Fecha actual: 2024-11-09 09:32:43
[2024-11-09 09:32:43] [info] Eventos finalizados actualizados: 0
[2024-11-09 09:32:43] [info] Jugadores actualizados a terminado: 0
[2024-11-09 09:32:43] [info] Eventos iniciados: 0
[2024-11-09 09:32:43] [info] Evento ID: 1, Nombre: Microsoft Corp, Jugadores terminados: 0/0
[2024-11-09 09:32:43] [info] Evento ID: 11, Nombre: Todos Santos, Jugadores terminados: 6/6
[2024-11-09 09:32:43] [info] Evento ID: 13, Nombre: Halloween, Jugadores terminados: 6/6
[2024-11-09 09:32:43] [info] Evento ID: 15, Nombre: Instituto ABC, Jugadores terminados: 3/3
[2024-11-09 09:33:14] [info] Iniciando actualización de estados de eventos. Fecha actual: 2024-11-09 09:33:14
[2024-11-09 09:33:14] [info] Eventos finalizados actualizados: 0
[2024-11-09 09:33:14] [info] Jugadores actualizados a terminado: 0
[2024-11-09 09:33:14] [info] Eventos iniciados: 0
[2024-11-09 09:33:14] [info] Evento ID: 1, Nombre: Microsoft Corp, Jugadores terminados: 0/0
[2024-11-09 09:33:14] [info] Evento ID: 11, Nombre: Todos Santos, Jugadores terminados: 6/6
[2024-11-09 09:33:14] [info] Evento ID: 13, Nombre: Halloween, Jugadores terminados: 6/6
[2024-11-09 09:33:14] [info] Evento ID: 15, Nombre: Instituto ABC, Jugadores terminados: 3/3
[2024-11-09 09:33:45] [info] Iniciando actualización de estados de eventos. Fecha actual: 2024-11-09 09:33:45
[2024-11-09 09:33:45] [info] Eventos finalizados actualizados: 0
[2024-11-09 09:33:45] [info] Jugadores actualizados a terminado: 0
[2024-11-09 09:33:45] [info] Eventos iniciados: 0
[2024-11-09 09:33:45] [info] Evento ID: 1, Nombre: Microsoft Corp, Jugadores terminados: 0/0
[2024-11-09 09:33:45] [info] Evento ID: 11, Nombre: Todos Santos, Jugadores terminados: 6/6
[2024-11-09 09:33:45] [info] Evento ID: 13, Nombre: Halloween, Jugadores terminados: 6/6
[2024-11-09 09:33:45] [info] Evento ID: 15, Nombre: Instituto ABC, Jugadores terminados: 3/3
[2024-11-09 09:34:16] [info] Iniciando actualización de estados de eventos. Fecha actual: 2024-11-09 09:34:16
[2024-11-09 09:34:16] [info] Eventos finalizados actualizados: 0
[2024-11-09 09:34:16] [info] Jugadores actualizados a terminado: 0
[2024-11-09 09:34:16] [info] Eventos iniciados: 0
[2024-11-09 09:34:16] [info] Evento ID: 1, Nombre: Microsoft Corp, Jugadores terminados: 0/0
[2024-11-09 09:34:16] [info] Evento ID: 11, Nombre: Todos Santos, Jugadores terminados: 6/6
[2024-11-09 09:34:16] [info] Evento ID: 13, Nombre: Halloween, Jugadores terminados: 6/6
[2024-11-09 09:34:16] [info] Evento ID: 15, Nombre: Instituto ABC, Jugadores terminados: 3/3
[2024-11-09 09:34:47] [info] Iniciando actualización de estados de eventos. Fecha actual: 2024-11-09 09:34:47
[2024-11-09 09:34:47] [info] Eventos finalizados actualizados: 0
[2024-11-09 09:34:47] [info] Jugadores actualizados a terminado: 0
[2024-11-09 09:34:47] [info] Eventos iniciados: 0
[2024-11-09 09:34:47] [info] Evento ID: 1, Nombre: Microsoft Corp, Jugadores terminados: 0/0
[2024-11-09 09:34:47] [info] Evento ID: 11, Nombre: Todos Santos, Jugadores terminados: 6/6
[2024-11-09 09:34:47] [info] Evento ID: 13, Nombre: Halloween, Jugadores terminados: 6/6
[2024-11-09 09:34:47] [info] Evento ID: 15, Nombre: Instituto ABC, Jugadores terminados: 3/3
[2024-11-09 09:35:18] [info] Iniciando actualización de estados de eventos. Fecha actual: 2024-11-09 09:35:18
[2024-11-09 09:35:18] [info] Eventos finalizados actualizados: 0
[2024-11-09 09:35:18] [info] Jugadores actualizados a terminado: 0
[2024-11-09 09:35:18] [info] Eventos iniciados: 0
[2024-11-09 09:35:18] [info] Evento ID: 1, Nombre: Microsoft Corp, Jugadores terminados: 0/0
[2024-11-09 09:35:18] [info] Evento ID: 11, Nombre: Todos Santos, Jugadores terminados: 6/6
[2024-11-09 09:35:18] [info] Evento ID: 13, Nombre: Halloween, Jugadores terminados: 6/6
[2024-11-09 09:35:18] [info] Evento ID: 15, Nombre: Instituto ABC, Jugadores terminados: 3/3
[2024-11-09 09:35:49] [info] Iniciando actualización de estados de eventos. Fecha actual: 2024-11-09 09:35:49
[2024-11-09 09:35:49] [info] Eventos finalizados actualizados: 0
[2024-11-09 09:35:49] [info] Jugadores actualizados a terminado: 0
[2024-11-09 09:35:49] [info] Eventos iniciados: 0
[2024-11-09 09:35:49] [info] Evento ID: 1, Nombre: Microsoft Corp, Jugadores terminados: 0/0
[2024-11-09 09:35:49] [info] Evento ID: 11, Nombre: Todos Santos, Jugadores terminados: 6/6
[2024-11-09 09:35:49] [info] Evento ID: 13, Nombre: Halloween, Jugadores terminados: 6/6
[2024-11-09 09:35:49] [info] Evento ID: 15, Nombre: Instituto ABC, Jugadores terminados: 3/3
[2024-11-09 09:36:20] [info] Iniciando actualización de estados de eventos. Fecha actual: 2024-11-09 09:36:20
[2024-11-09 09:36:20] [info] Eventos finalizados actualizados: 0
[2024-11-09 09:36:20] [info] Jugadores actualizados a terminado: 0
[2024-11-09 09:36:20] [info] Eventos iniciados: 0
[2024-11-09 09:36:20] [info] Evento ID: 1, Nombre: Microsoft Corp, Jugadores terminados: 0/0
[2024-11-09 09:36:20] [info] Evento ID: 11, Nombre: Todos Santos, Jugadores terminados: 6/6
[2024-11-09 09:36:20] [info] Evento ID: 13, Nombre: Halloween, Jugadores terminados: 6/6
[2024-11-09 09:36:20] [info] Evento ID: 15, Nombre: Instituto ABC, Jugadores terminados: 3/3
[2024-11-09 09:36:51] [info] Iniciando actualización de estados de eventos. Fecha actual: 2024-11-09 09:36:51
[2024-11-09 09:36:51] [info] Eventos finalizados actualizados: 0
[2024-11-09 09:36:51] [info] Jugadores actualizados a terminado: 0
[2024-11-09 09:36:51] [info] Eventos iniciados: 0
[2024-11-09 09:36:51] [info] Evento ID: 1, Nombre: Microsoft Corp, Jugadores terminados: 0/0
[2024-11-09 09:36:51] [info] Evento ID: 11, Nombre: Todos Santos, Jugadores terminados: 6/6
[2024-11-09 09:36:51] [info] Evento ID: 13, Nombre: Halloween, Jugadores terminados: 6/6
[2024-11-09 09:36:51] [info] Evento ID: 15, Nombre: Instituto ABC, Jugadores terminados: 3/3
[2024-11-09 09:37:22] [info] Iniciando actualización de estados de eventos. Fecha actual: 2024-11-09 09:37:22
[2024-11-09 09:37:22] [info] Eventos finalizados actualizados: 0
[2024-11-09 09:37:22] [info] Jugadores actualizados a terminado: 0
[2024-11-09 09:37:22] [info] Eventos iniciados: 0
[2024-11-09 09:37:22] [info] Evento ID: 1, Nombre: Microsoft Corp, Jugadores terminados: 0/0
[2024-11-09 09:37:22] [info] Evento ID: 11, Nombre: Todos Santos, Jugadores terminados: 6/6
[2024-11-09 09:37:22] [info] Evento ID: 13, Nombre: Halloween, Jugadores terminados: 6/6
[2024-11-09 09:37:22] [info] Evento ID: 15, Nombre: Instituto ABC, Jugadores terminados: 3/3
[2024-11-09 09:37:53] [info] Iniciando actualización de estados de eventos. Fecha actual: 2024-11-09 09:37:53
[2024-11-09 09:37:53] [info] Eventos finalizados actualizados: 0
[2024-11-09 09:37:53] [info] Jugadores actualizados a terminado: 0
[2024-11-09 09:37:53] [info] Eventos iniciados: 0
[2024-11-09 09:37:53] [info] Evento ID: 1, Nombre: Microsoft Corp, Jugadores terminados: 0/0
[2024-11-09 09:37:53] [info] Evento ID: 11, Nombre: Todos Santos, Jugadores terminados: 6/6
[2024-11-09 09:37:53] [info] Evento ID: 13, Nombre: Halloween, Jugadores terminados: 6/6
[2024-11-09 09:37:53] [info] Evento ID: 15, Nombre: Instituto ABC, Jugadores terminados: 3/3
[2024-11-09 09:38:24] [info] Iniciando actualización de estados de eventos. Fecha actual: 2024-11-09 09:38:24
[2024-11-09 09:38:24] [info] Eventos finalizados actualizados: 0
[2024-11-09 09:38:24] [info] Jugadores actualizados a terminado: 0
[2024-11-09 09:38:24] [info] Eventos iniciados: 0
[2024-11-09 09:38:24] [info] Evento ID: 1, Nombre: Microsoft Corp, Jugadores terminados: 0/0
[2024-11-09 09:38:24] [info] Evento ID: 11, Nombre: Todos Santos, Jugadores terminados: 6/6
[2024-11-09 09:38:24] [info] Evento ID: 13, Nombre: Halloween, Jugadores terminados: 6/6
[2024-11-09 09:38:24] [info] Evento ID: 15, Nombre: Instituto ABC, Jugadores terminados: 3/3
[2024-11-09 09:38:55] [info] Iniciando actualización de estados de eventos. Fecha actual: 2024-11-09 09:38:55
[2024-11-09 09:38:55] [info] Eventos finalizados actualizados: 0
[2024-11-09 09:38:55] [info] Jugadores actualizados a terminado: 0
[2024-11-09 09:38:55] [info] Eventos iniciados: 0
[2024-11-09 09:38:55] [info] Evento ID: 1, Nombre: Microsoft Corp, Jugadores terminados: 0/0
[2024-11-09 09:38:55] [info] Evento ID: 11, Nombre: Todos Santos, Jugadores terminados: 6/6
[2024-11-09 09:38:55] [info] Evento ID: 13, Nombre: Halloween, Jugadores terminados: 6/6
[2024-11-09 09:38:55] [info] Evento ID: 15, Nombre: Instituto ABC, Jugadores terminados: 3/3
[2024-11-09 09:39:26] [info] Iniciando actualización de estados de eventos. Fecha actual: 2024-11-09 09:39:26
[2024-11-09 09:39:26] [info] Eventos finalizados actualizados: 0
[2024-11-09 09:39:26] [info] Jugadores actualizados a terminado: 0
[2024-11-09 09:39:26] [info] Eventos iniciados: 0
[2024-11-09 09:39:26] [info] Evento ID: 1, Nombre: Microsoft Corp, Jugadores terminados: 0/0
[2024-11-09 09:39:26] [info] Evento ID: 11, Nombre: Todos Santos, Jugadores terminados: 6/6
[2024-11-09 09:39:26] [info] Evento ID: 13, Nombre: Halloween, Jugadores terminados: 6/6
[2024-11-09 09:39:26] [info] Evento ID: 15, Nombre: Instituto ABC, Jugadores terminados: 3/3
[2024-11-09 09:39:57] [info] Iniciando actualización de estados de eventos. Fecha actual: 2024-11-09 09:39:57
[2024-11-09 09:39:57] [info] Eventos finalizados actualizados: 0
[2024-11-09 09:39:57] [info] Jugadores actualizados a terminado: 0
[2024-11-09 09:39:57] [info] Eventos iniciados: 0
[2024-11-09 09:39:57] [info] Evento ID: 1, Nombre: Microsoft Corp, Jugadores terminados: 0/0
[2024-11-09 09:39:57] [info] Evento ID: 11, Nombre: Todos Santos, Jugadores terminados: 6/6
[2024-11-09 09:39:57] [info] Evento ID: 13, Nombre: Halloween, Jugadores terminados: 6/6
[2024-11-09 09:39:57] [info] Evento ID: 15, Nombre: Instituto ABC, Jugadores terminados: 3/3
[2024-11-09 09:40:28] [info] Iniciando actualización de estados de eventos. Fecha actual: 2024-11-09 09:40:28
[2024-11-09 09:40:28] [info] Eventos finalizados actualizados: 0
[2024-11-09 09:40:28] [info] Jugadores actualizados a terminado: 0
[2024-11-09 09:40:28] [info] Eventos iniciados: 0
[2024-11-09 09:40:28] [info] Evento ID: 1, Nombre: Microsoft Corp, Jugadores terminados: 0/0
[2024-11-09 09:40:28] [info] Evento ID: 11, Nombre: Todos Santos, Jugadores terminados: 6/6
[2024-11-09 09:40:28] [info] Evento ID: 13, Nombre: Halloween, Jugadores terminados: 6/6
[2024-11-09 09:40:28] [info] Evento ID: 15, Nombre: Instituto ABC, Jugadores terminados: 3/3
[2024-11-09 09:40:59] [info] Iniciando actualización de estados de eventos. Fecha actual: 2024-11-09 09:40:59
[2024-11-09 09:40:59] [info] Eventos finalizados actualizados: 0
[2024-11-09 09:40:59] [info] Jugadores actualizados a terminado: 0
[2024-11-09 09:40:59] [info] Eventos iniciados: 0
[2024-11-09 09:40:59] [info] Evento ID: 1, Nombre: Microsoft Corp, Jugadores terminados: 0/0
[2024-11-09 09:40:59] [info] Evento ID: 11, Nombre: Todos Santos, Jugadores terminados: 6/6
[2024-11-09 09:40:59] [info] Evento ID: 13, Nombre: Halloween, Jugadores terminados: 6/6
[2024-11-09 09:40:59] [info] Evento ID: 15, Nombre: Instituto ABC, Jugadores terminados: 3/3
[2024-11-09 09:41:30] [info] Iniciando actualización de estados de eventos. Fecha actual: 2024-11-09 09:41:30
[2024-11-09 09:41:30] [info] Eventos finalizados actualizados: 0
[2024-11-09 09:41:30] [info] Jugadores actualizados a terminado: 0
[2024-11-09 09:41:30] [info] Eventos iniciados: 0
[2024-11-09 09:41:30] [info] Evento ID: 1, Nombre: Microsoft Corp, Jugadores terminados: 0/0
[2024-11-09 09:41:30] [info] Evento ID: 11, Nombre: Todos Santos, Jugadores terminados: 6/6
[2024-11-09 09:41:30] [info] Evento ID: 13, Nombre: Halloween, Jugadores terminados: 6/6
[2024-11-09 09:41:30] [info] Evento ID: 15, Nombre: Instituto ABC, Jugadores terminados: 3/3
[2024-11-09 10:21:33] [info] Iniciando actualización de estados de eventos. Fecha actual: 2024-11-09 10:21:33
[2024-11-09 10:21:33] [info] Eventos finalizados actualizados: 0
[2024-11-09 10:21:33] [info] Jugadores actualizados a terminado: 0
[2024-11-09 10:21:33] [info] Eventos iniciados: 0
[2024-11-09 10:21:33] [info] Evento ID: 1, Nombre: Microsoft Corp, Jugadores terminados: 0/0
[2024-11-09 10:21:33] [info] Evento ID: 11, Nombre: Todos Santos, Jugadores terminados: 6/6
[2024-11-09 10:21:33] [info] Evento ID: 13, Nombre: Halloween, Jugadores terminados: 6/6
[2024-11-09 10:21:33] [info] Evento ID: 15, Nombre: Instituto ABC, Jugadores terminados: 3/3
