[2024-11-19 18:16:42] [info] Administrador con ID 1 ha iniciado sesión exitosamente
[2024-11-19 18:16:42] [info] Iniciando actualización de estados de eventos. Fecha actual: 2024-11-19 18:16:42
[2024-11-19 18:16:42] [info] Eventos retrocedidos a Pendiente: 0
[2024-11-19 18:16:42] [info] Eventos retrocedidos desde Finalizado: 0
[2024-11-19 18:16:42] [info] Eventos finalizados actualizados: 0
[2024-11-19 18:16:42] [info] Jugadores actualizados a terminado: 0
[2024-11-19 18:16:42] [info] Eventos iniciados: 0
[2024-11-19 18:16:42] [info] Evento ID: 13, Nombre: Halloween, Jugadores terminados: 7/7
[2024-11-19 18:16:42] [info] Evento ID: 15, Nombre: Instituto ABC, Jugadores terminados: 3/3
[2024-11-19 18:16:52] [info] Iniciando actualización de estados de eventos. Fecha actual: 2024-11-19 18:16:52
[2024-11-19 18:16:52] [info] Eventos retrocedidos a Pendiente: 0
[2024-11-19 18:16:52] [info] Eventos retrocedidos desde Finalizado: 0
[2024-11-19 18:16:52] [info] Eventos finalizados actualizados: 0
[2024-11-19 18:16:52] [info] Jugadores actualizados a terminado: 0
[2024-11-19 18:16:52] [info] Eventos iniciados: 0
[2024-11-19 18:16:52] [info] Evento ID: 13, Nombre: Halloween, Jugadores terminados: 7/7
[2024-11-19 18:16:52] [info] Evento ID: 15, Nombre: Instituto ABC, Jugadores terminados: 3/3
[2024-11-19 18:17:00] [info] Iniciando actualización de estados de eventos. Fecha actual: 2024-11-19 18:17:00
[2024-11-19 18:17:00] [info] Eventos retrocedidos a Pendiente: 0
[2024-11-19 18:17:00] [info] Eventos retrocedidos desde Finalizado: 0
[2024-11-19 18:17:00] [info] Eventos finalizados actualizados: 0
[2024-11-19 18:17:00] [info] Jugadores actualizados a terminado: 0
[2024-11-19 18:17:00] [info] Eventos iniciados: 0
[2024-11-19 18:17:00] [info] Evento ID: 13, Nombre: Halloween, Jugadores terminados: 7/7
[2024-11-19 18:17:00] [info] Evento ID: 15, Nombre: Instituto ABC, Jugadores terminados: 3/3
[2024-11-19 18:17:31] [info] Iniciando actualización de estados de eventos. Fecha actual: 2024-11-19 18:17:31
[2024-11-19 18:17:31] [info] Eventos retrocedidos a Pendiente: 0
[2024-11-19 18:17:31] [info] Eventos retrocedidos desde Finalizado: 0
[2024-11-19 18:17:31] [info] Eventos finalizados actualizados: 0
[2024-11-19 18:17:31] [info] Jugadores actualizados a terminado: 0
[2024-11-19 18:17:31] [info] Eventos iniciados: 0
[2024-11-19 18:17:31] [info] Evento ID: 13, Nombre: Halloween, Jugadores terminados: 7/7
[2024-11-19 18:17:31] [info] Evento ID: 15, Nombre: Instituto ABC, Jugadores terminados: 3/3
[2024-11-19 18:18:01] [info] Iniciando actualización de estados de eventos. Fecha actual: 2024-11-19 18:18:01
[2024-11-19 18:18:01] [info] Eventos retrocedidos a Pendiente: 0
[2024-11-19 18:18:01] [info] Eventos retrocedidos desde Finalizado: 0
[2024-11-19 18:18:01] [info] Eventos finalizados actualizados: 0
[2024-11-19 18:18:01] [info] Jugadores actualizados a terminado: 0
[2024-11-19 18:18:01] [info] Eventos iniciados: 0
[2024-11-19 18:18:01] [info] Evento ID: 13, Nombre: Halloween, Jugadores terminados: 7/7
[2024-11-19 18:18:01] [info] Evento ID: 15, Nombre: Instituto ABC, Jugadores terminados: 3/3
[2024-11-19 18:18:31] [info] Iniciando actualización de estados de eventos. Fecha actual: 2024-11-19 18:18:31
[2024-11-19 18:18:31] [info] Eventos retrocedidos a Pendiente: 0
[2024-11-19 18:18:31] [info] Eventos retrocedidos desde Finalizado: 0
[2024-11-19 18:18:31] [info] Eventos finalizados actualizados: 0
[2024-11-19 18:18:31] [info] Jugadores actualizados a terminado: 0
[2024-11-19 18:18:31] [info] Eventos iniciados: 0
[2024-11-19 18:18:31] [info] Evento ID: 13, Nombre: Halloween, Jugadores terminados: 7/7
[2024-11-19 18:18:31] [info] Evento ID: 15, Nombre: Instituto ABC, Jugadores terminados: 3/3
[2024-11-19 18:19:01] [info] Iniciando actualización de estados de eventos. Fecha actual: 2024-11-19 18:19:01
[2024-11-19 18:19:01] [info] Eventos retrocedidos a Pendiente: 0
[2024-11-19 18:19:01] [info] Eventos retrocedidos desde Finalizado: 0
[2024-11-19 18:19:01] [info] Eventos finalizados actualizados: 0
[2024-11-19 18:19:01] [info] Jugadores actualizados a terminado: 0
[2024-11-19 18:19:01] [info] Eventos iniciados: 0
[2024-11-19 18:19:01] [info] Evento ID: 13, Nombre: Halloween, Jugadores terminados: 7/7
[2024-11-19 18:19:01] [info] Evento ID: 15, Nombre: Instituto ABC, Jugadores terminados: 3/3
[2024-11-19 18:19:31] [info] Iniciando actualización de estados de eventos. Fecha actual: 2024-11-19 18:19:31
[2024-11-19 18:19:31] [info] Eventos retrocedidos a Pendiente: 0
[2024-11-19 18:19:31] [info] Eventos retrocedidos desde Finalizado: 0
[2024-11-19 18:19:31] [info] Eventos finalizados actualizados: 0
[2024-11-19 18:19:31] [info] Jugadores actualizados a terminado: 0
[2024-11-19 18:19:31] [info] Eventos iniciados: 0
[2024-11-19 18:19:31] [info] Evento ID: 13, Nombre: Halloween, Jugadores terminados: 7/7
[2024-11-19 18:19:31] [info] Evento ID: 15, Nombre: Instituto ABC, Jugadores terminados: 3/3
[2024-11-19 18:20:32] [info] Iniciando actualización de estados de eventos. Fecha actual: 2024-11-19 18:20:32
[2024-11-19 18:20:32] [info] Eventos retrocedidos a Pendiente: 0
[2024-11-19 18:20:32] [info] Eventos retrocedidos desde Finalizado: 0
[2024-11-19 18:20:32] [info] Eventos finalizados actualizados: 0
[2024-11-19 18:20:32] [info] Jugadores actualizados a terminado: 0
[2024-11-19 18:20:32] [info] Eventos iniciados: 0
[2024-11-19 18:20:32] [info] Evento ID: 13, Nombre: Halloween, Jugadores terminados: 7/7
[2024-11-19 18:20:32] [info] Evento ID: 15, Nombre: Instituto ABC, Jugadores terminados: 3/3
[2024-11-19 18:21:32] [info] Iniciando actualización de estados de eventos. Fecha actual: 2024-11-19 18:21:32
[2024-11-19 18:21:32] [info] Eventos retrocedidos a Pendiente: 0
[2024-11-19 18:21:32] [info] Eventos retrocedidos desde Finalizado: 0
[2024-11-19 18:21:32] [info] Eventos finalizados actualizados: 0
[2024-11-19 18:21:32] [info] Jugadores actualizados a terminado: 0
[2024-11-19 18:21:32] [info] Eventos iniciados: 0
[2024-11-19 18:21:32] [info] Evento ID: 13, Nombre: Halloween, Jugadores terminados: 7/7
[2024-11-19 18:21:32] [info] Evento ID: 15, Nombre: Instituto ABC, Jugadores terminados: 3/3
[2024-11-19 18:22:32] [info] Iniciando actualización de estados de eventos. Fecha actual: 2024-11-19 18:22:32
[2024-11-19 18:22:32] [info] Eventos retrocedidos a Pendiente: 0
[2024-11-19 18:22:32] [info] Eventos retrocedidos desde Finalizado: 0
[2024-11-19 18:22:32] [info] Eventos finalizados actualizados: 0
[2024-11-19 18:22:32] [info] Jugadores actualizados a terminado: 0
[2024-11-19 18:22:32] [info] Eventos iniciados: 0
[2024-11-19 18:22:32] [info] Evento ID: 13, Nombre: Halloween, Jugadores terminados: 7/7
[2024-11-19 18:22:32] [info] Evento ID: 15, Nombre: Instituto ABC, Jugadores terminados: 3/3
[2024-11-19 18:23:32] [info] Iniciando actualización de estados de eventos. Fecha actual: 2024-11-19 18:23:32
[2024-11-19 18:23:32] [info] Eventos retrocedidos a Pendiente: 0
[2024-11-19 18:23:32] [info] Eventos retrocedidos desde Finalizado: 0
[2024-11-19 18:23:32] [info] Eventos finalizados actualizados: 0
[2024-11-19 18:23:32] [info] Jugadores actualizados a terminado: 0
[2024-11-19 18:23:32] [info] Eventos iniciados: 0
[2024-11-19 18:23:32] [info] Evento ID: 13, Nombre: Halloween, Jugadores terminados: 7/7
[2024-11-19 18:23:32] [info] Evento ID: 15, Nombre: Instituto ABC, Jugadores terminados: 3/3
[2024-11-19 18:24:32] [info] Iniciando actualización de estados de eventos. Fecha actual: 2024-11-19 18:24:32
[2024-11-19 18:24:32] [info] Eventos retrocedidos a Pendiente: 0
[2024-11-19 18:24:32] [info] Eventos retrocedidos desde Finalizado: 0
[2024-11-19 18:24:32] [info] Eventos finalizados actualizados: 0
[2024-11-19 18:24:32] [info] Jugadores actualizados a terminado: 0
[2024-11-19 18:24:32] [info] Eventos iniciados: 0
[2024-11-19 18:24:32] [info] Evento ID: 13, Nombre: Halloween, Jugadores terminados: 7/7
[2024-11-19 18:24:32] [info] Evento ID: 15, Nombre: Instituto ABC, Jugadores terminados: 3/3
[2024-11-19 18:25:32] [info] Iniciando actualización de estados de eventos. Fecha actual: 2024-11-19 18:25:32
[2024-11-19 18:25:32] [info] Eventos retrocedidos a Pendiente: 0
[2024-11-19 18:25:32] [info] Eventos retrocedidos desde Finalizado: 0
[2024-11-19 18:25:32] [info] Eventos finalizados actualizados: 0
[2024-11-19 18:25:32] [info] Jugadores actualizados a terminado: 0
[2024-11-19 18:25:32] [info] Eventos iniciados: 0
[2024-11-19 18:25:32] [info] Evento ID: 13, Nombre: Halloween, Jugadores terminados: 7/7
[2024-11-19 18:25:32] [info] Evento ID: 15, Nombre: Instituto ABC, Jugadores terminados: 3/3
[2024-11-19 18:26:01] [info] Iniciando actualización de estados de eventos. Fecha actual: 2024-11-19 18:26:01
[2024-11-19 18:26:01] [info] Eventos retrocedidos a Pendiente: 0
[2024-11-19 18:26:01] [info] Eventos retrocedidos desde Finalizado: 0
[2024-11-19 18:26:01] [info] Eventos finalizados actualizados: 0
[2024-11-19 18:26:01] [info] Jugadores actualizados a terminado: 0
[2024-11-19 18:26:01] [info] Eventos iniciados: 0
[2024-11-19 18:26:01] [info] Evento ID: 13, Nombre: Halloween, Jugadores terminados: 7/7
[2024-11-19 18:26:01] [info] Evento ID: 15, Nombre: Instituto ABC, Jugadores terminados: 3/3
[2024-11-19 18:26:01] [info] Iniciando actualización de estados de eventos. Fecha actual: 2024-11-19 18:26:01
[2024-11-19 18:26:01] [info] Eventos retrocedidos a Pendiente: 0
[2024-11-19 18:26:01] [info] Eventos retrocedidos desde Finalizado: 0
[2024-11-19 18:26:01] [info] Eventos finalizados actualizados: 0
[2024-11-19 18:26:01] [info] Jugadores actualizados a terminado: 0
[2024-11-19 18:26:01] [info] Eventos iniciados: 0
[2024-11-19 18:26:01] [info] Evento ID: 13, Nombre: Halloween, Jugadores terminados: 7/7
[2024-11-19 18:26:01] [info] Evento ID: 15, Nombre: Instituto ABC, Jugadores terminados: 3/3
[2024-11-19 18:26:27] [info] Iniciando actualización de estados de eventos. Fecha actual: 2024-11-19 18:26:27
[2024-11-19 18:26:27] [info] Eventos retrocedidos a Pendiente: 0
[2024-11-19 18:26:27] [info] Eventos retrocedidos desde Finalizado: 0
[2024-11-19 18:26:27] [info] Eventos finalizados actualizados: 0
[2024-11-19 18:26:27] [info] Jugadores actualizados a terminado: 0
[2024-11-19 18:26:27] [info] Eventos iniciados: 0
[2024-11-19 18:26:27] [info] Evento ID: 13, Nombre: Halloween, Jugadores terminados: 7/7
[2024-11-19 18:26:27] [info] Evento ID: 15, Nombre: Instituto ABC, Jugadores terminados: 3/3
[2024-11-19 18:26:28] [info] Iniciando actualización de estados de eventos. Fecha actual: 2024-11-19 18:26:28
[2024-11-19 18:26:28] [info] Eventos retrocedidos a Pendiente: 0
[2024-11-19 18:26:28] [info] Eventos retrocedidos desde Finalizado: 0
[2024-11-19 18:26:28] [info] Eventos finalizados actualizados: 0
[2024-11-19 18:26:28] [info] Jugadores actualizados a terminado: 0
[2024-11-19 18:26:28] [info] Eventos iniciados: 0
[2024-11-19 18:26:28] [info] Evento ID: 13, Nombre: Halloween, Jugadores terminados: 7/7
[2024-11-19 18:26:28] [info] Evento ID: 15, Nombre: Instituto ABC, Jugadores terminados: 3/3
[2024-11-19 18:26:39] [info] Iniciando actualización de estados de eventos. Fecha actual: 2024-11-19 18:26:39
[2024-11-19 18:26:39] [info] Eventos retrocedidos a Pendiente: 0
[2024-11-19 18:26:39] [info] Eventos retrocedidos desde Finalizado: 0
[2024-11-19 18:26:39] [info] Eventos finalizados actualizados: 0
[2024-11-19 18:26:39] [info] Jugadores actualizados a terminado: 0
[2024-11-19 18:26:39] [info] Eventos iniciados: 0
[2024-11-19 18:26:39] [info] Evento ID: 13, Nombre: Halloween, Jugadores terminados: 7/7
[2024-11-19 18:26:39] [info] Evento ID: 15, Nombre: Instituto ABC, Jugadores terminados: 3/3
[2024-11-19 18:26:58] [info] Iniciando actualización de estados de eventos. Fecha actual: 2024-11-19 18:26:58
[2024-11-19 18:26:58] [info] Eventos retrocedidos a Pendiente: 0
[2024-11-19 18:26:58] [info] Eventos retrocedidos desde Finalizado: 0
[2024-11-19 18:26:58] [info] Eventos finalizados actualizados: 0
[2024-11-19 18:26:58] [info] Jugadores actualizados a terminado: 0
[2024-11-19 18:26:58] [info] Eventos iniciados: 0
[2024-11-19 18:26:58] [info] Evento ID: 13, Nombre: Halloween, Jugadores terminados: 7/7
[2024-11-19 18:26:58] [info] Evento ID: 15, Nombre: Instituto ABC, Jugadores terminados: 3/3
[2024-11-19 18:27:26] [info] Iniciando actualización de estados de eventos. Fecha actual: 2024-11-19 18:27:26
[2024-11-19 18:27:26] [info] Eventos retrocedidos a Pendiente: 0
[2024-11-19 18:27:26] [info] Eventos retrocedidos desde Finalizado: 0
[2024-11-19 18:27:26] [info] Eventos finalizados actualizados: 0
[2024-11-19 18:27:26] [info] Jugadores actualizados a terminado: 0
[2024-11-19 18:27:26] [info] Eventos iniciados: 0
[2024-11-19 18:27:26] [info] Evento ID: 13, Nombre: Halloween, Jugadores terminados: 7/7
[2024-11-19 18:27:26] [info] Evento ID: 15, Nombre: Instituto ABC, Jugadores terminados: 3/3
[2024-11-19 18:27:56] [info] Iniciando actualización de estados de eventos. Fecha actual: 2024-11-19 18:27:56
[2024-11-19 18:27:56] [info] Eventos retrocedidos a Pendiente: 0
[2024-11-19 18:27:56] [info] Eventos retrocedidos desde Finalizado: 0
[2024-11-19 18:27:56] [info] Eventos finalizados actualizados: 0
[2024-11-19 18:27:56] [info] Jugadores actualizados a terminado: 0
[2024-11-19 18:27:56] [info] Eventos iniciados: 0
[2024-11-19 18:27:56] [info] Evento ID: 13, Nombre: Halloween, Jugadores terminados: 7/7
[2024-11-19 18:27:56] [info] Evento ID: 15, Nombre: Instituto ABC, Jugadores terminados: 3/3
[2024-11-19 18:28:12] [info] Iniciando actualización de estados de eventos. Fecha actual: 2024-11-19 18:28:12
[2024-11-19 18:28:12] [info] Eventos retrocedidos a Pendiente: 0
[2024-11-19 18:28:12] [info] Eventos retrocedidos desde Finalizado: 0
[2024-11-19 18:28:12] [info] Eventos finalizados actualizados: 0
[2024-11-19 18:28:13] [info] Jugadores actualizados a terminado: 0
[2024-11-19 18:28:13] [info] Eventos iniciados: 0
[2024-11-19 18:28:13] [info] Evento ID: 13, Nombre: Halloween, Jugadores terminados: 7/7
[2024-11-19 18:28:13] [info] Evento ID: 15, Nombre: Instituto ABC, Jugadores terminados: 3/3
[2024-11-19 18:28:14] [info] Iniciando actualización de estados de eventos. Fecha actual: 2024-11-19 18:28:14
[2024-11-19 18:28:14] [info] Eventos retrocedidos a Pendiente: 0
[2024-11-19 18:28:14] [info] Eventos retrocedidos desde Finalizado: 0
[2024-11-19 18:28:14] [info] Eventos finalizados actualizados: 0
[2024-11-19 18:28:14] [info] Jugadores actualizados a terminado: 0
[2024-11-19 18:28:14] [info] Eventos iniciados: 0
[2024-11-19 18:28:14] [info] Evento ID: 13, Nombre: Halloween, Jugadores terminados: 7/7
[2024-11-19 18:28:14] [info] Evento ID: 15, Nombre: Instituto ABC, Jugadores terminados: 3/3
[2024-11-19 18:28:44] [info] Iniciando actualización de estados de eventos. Fecha actual: 2024-11-19 18:28:44
[2024-11-19 18:28:44] [info] Eventos retrocedidos a Pendiente: 0
[2024-11-19 18:28:44] [info] Eventos retrocedidos desde Finalizado: 0
[2024-11-19 18:28:44] [info] Eventos finalizados actualizados: 0
[2024-11-19 18:28:44] [info] Jugadores actualizados a terminado: 0
[2024-11-19 18:28:44] [info] Eventos iniciados: 0
[2024-11-19 18:28:44] [info] Evento ID: 13, Nombre: Halloween, Jugadores terminados: 7/7
[2024-11-19 18:28:44] [info] Evento ID: 15, Nombre: Instituto ABC, Jugadores terminados: 3/3
[2024-11-19 18:28:49] [info] Iniciando actualización de estados de eventos. Fecha actual: 2024-11-19 18:28:49
[2024-11-19 18:28:49] [info] Eventos retrocedidos a Pendiente: 0
[2024-11-19 18:28:49] [info] Eventos retrocedidos desde Finalizado: 0
[2024-11-19 18:28:49] [info] Eventos finalizados actualizados: 0
[2024-11-19 18:28:49] [info] Jugadores actualizados a terminado: 0
[2024-11-19 18:28:49] [info] Eventos iniciados: 0
[2024-11-19 18:28:49] [info] Evento ID: 13, Nombre: Halloween, Jugadores terminados: 7/7
[2024-11-19 18:28:49] [info] Evento ID: 15, Nombre: Instituto ABC, Jugadores terminados: 3/3
[2024-11-19 18:29:19] [info] Iniciando actualización de estados de eventos. Fecha actual: 2024-11-19 18:29:19
[2024-11-19 18:29:19] [info] Eventos retrocedidos a Pendiente: 0
[2024-11-19 18:29:19] [info] Eventos retrocedidos desde Finalizado: 0
[2024-11-19 18:29:19] [info] Eventos finalizados actualizados: 0
[2024-11-19 18:29:19] [info] Jugadores actualizados a terminado: 0
[2024-11-19 18:29:19] [info] Eventos iniciados: 0
[2024-11-19 18:29:19] [info] Evento ID: 13, Nombre: Halloween, Jugadores terminados: 7/7
[2024-11-19 18:29:19] [info] Evento ID: 15, Nombre: Instituto ABC, Jugadores terminados: 3/3
[2024-11-19 18:29:42] [info] Iniciando actualización de estados de eventos. Fecha actual: 2024-11-19 18:29:42
[2024-11-19 18:29:42] [info] Eventos retrocedidos a Pendiente: 0
[2024-11-19 18:29:42] [info] Eventos retrocedidos desde Finalizado: 0
[2024-11-19 18:29:42] [info] Eventos finalizados actualizados: 0
[2024-11-19 18:29:42] [info] Jugadores actualizados a terminado: 0
[2024-11-19 18:29:42] [info] Eventos iniciados: 0
[2024-11-19 18:29:42] [info] Evento ID: 13, Nombre: Halloween, Jugadores terminados: 7/7
[2024-11-19 18:29:42] [info] Evento ID: 15, Nombre: Instituto ABC, Jugadores terminados: 3/3
[2024-11-19 18:30:12] [info] Iniciando actualización de estados de eventos. Fecha actual: 2024-11-19 18:30:12
[2024-11-19 18:30:12] [info] Eventos retrocedidos a Pendiente: 0
[2024-11-19 18:30:12] [info] Eventos retrocedidos desde Finalizado: 0
[2024-11-19 18:30:12] [info] Eventos finalizados actualizados: 0
[2024-11-19 18:30:12] [info] Jugadores actualizados a terminado: 0
[2024-11-19 18:30:12] [info] Eventos iniciados: 0
[2024-11-19 18:30:12] [info] Evento ID: 13, Nombre: Halloween, Jugadores terminados: 7/7
[2024-11-19 18:30:12] [info] Evento ID: 15, Nombre: Instituto ABC, Jugadores terminados: 3/3
[2024-11-19 18:30:39] [info] Iniciando actualización de estados de eventos. Fecha actual: 2024-11-19 18:30:39
[2024-11-19 18:30:39] [info] Eventos retrocedidos a Pendiente: 0
[2024-11-19 18:30:39] [info] Eventos retrocedidos desde Finalizado: 0
[2024-11-19 18:30:39] [info] Eventos finalizados actualizados: 0
[2024-11-19 18:30:39] [info] Jugadores actualizados a terminado: 0
[2024-11-19 18:30:39] [info] Eventos iniciados: 0
[2024-11-19 18:30:39] [info] Evento ID: 13, Nombre: Halloween, Jugadores terminados: 7/7
[2024-11-19 18:30:39] [info] Evento ID: 15, Nombre: Instituto ABC, Jugadores terminados: 3/3
[2024-11-19 18:30:42] [info] Iniciando actualización de estados de eventos. Fecha actual: 2024-11-19 18:30:42
[2024-11-19 18:30:42] [info] Eventos retrocedidos a Pendiente: 0
[2024-11-19 18:30:42] [info] Eventos retrocedidos desde Finalizado: 0
[2024-11-19 18:30:42] [info] Eventos finalizados actualizados: 0
[2024-11-19 18:30:42] [info] Jugadores actualizados a terminado: 0
[2024-11-19 18:30:42] [info] Eventos iniciados: 0
[2024-11-19 18:30:42] [info] Evento ID: 13, Nombre: Halloween, Jugadores terminados: 7/7
[2024-11-19 18:30:42] [info] Evento ID: 15, Nombre: Instituto ABC, Jugadores terminados: 3/3
[2024-11-19 18:32:05] [info] Iniciando actualización de estados de eventos. Fecha actual: 2024-11-19 18:32:05
[2024-11-19 18:32:05] [info] Eventos retrocedidos a Pendiente: 0
[2024-11-19 18:32:05] [info] Eventos retrocedidos desde Finalizado: 0
[2024-11-19 18:32:05] [info] Eventos finalizados actualizados: 0
[2024-11-19 18:32:05] [info] Jugadores actualizados a terminado: 0
[2024-11-19 18:32:05] [info] Eventos iniciados: 0
[2024-11-19 18:32:05] [info] Evento ID: 13, Nombre: Halloween, Jugadores terminados: 7/7
[2024-11-19 18:32:05] [info] Evento ID: 15, Nombre: Instituto ABC, Jugadores terminados: 3/3
[2024-11-19 18:32:06] [info] Iniciando actualización de estados de eventos. Fecha actual: 2024-11-19 18:32:06
[2024-11-19 18:32:06] [info] Eventos retrocedidos a Pendiente: 0
[2024-11-19 18:32:06] [info] Eventos retrocedidos desde Finalizado: 0
[2024-11-19 18:32:06] [info] Eventos finalizados actualizados: 0
[2024-11-19 18:32:06] [info] Jugadores actualizados a terminado: 0
[2024-11-19 18:32:06] [info] Eventos iniciados: 0
[2024-11-19 18:32:06] [info] Evento ID: 13, Nombre: Halloween, Jugadores terminados: 7/7
[2024-11-19 18:32:06] [info] Evento ID: 15, Nombre: Instituto ABC, Jugadores terminados: 3/3
[2024-11-19 18:33:20] [info] Iniciando actualización de estados de eventos. Fecha actual: 2024-11-19 18:33:20
[2024-11-19 18:33:20] [info] Eventos retrocedidos a Pendiente: 0
[2024-11-19 18:33:20] [info] Eventos retrocedidos desde Finalizado: 0
[2024-11-19 18:33:20] [info] Eventos finalizados actualizados: 0
[2024-11-19 18:33:20] [info] Jugadores actualizados a terminado: 0
[2024-11-19 18:33:20] [info] Eventos iniciados: 0
[2024-11-19 18:33:20] [info] Evento ID: 13, Nombre: Halloween, Jugadores terminados: 7/7
[2024-11-19 18:33:20] [info] Evento ID: 15, Nombre: Instituto ABC, Jugadores terminados: 3/3
[2024-11-19 18:36:02] [info] Iniciando actualización de estados de eventos. Fecha actual: 2024-11-19 18:36:02
[2024-11-19 18:36:02] [info] Eventos retrocedidos a Pendiente: 0
[2024-11-19 18:36:02] [info] Eventos retrocedidos desde Finalizado: 0
[2024-11-19 18:36:02] [info] Eventos finalizados actualizados: 0
[2024-11-19 18:36:02] [info] Jugadores actualizados a terminado: 0
[2024-11-19 18:36:02] [info] Eventos iniciados: 0
[2024-11-19 18:36:02] [info] Evento ID: 13, Nombre: Halloween, Jugadores terminados: 7/7
[2024-11-19 18:36:02] [info] Evento ID: 15, Nombre: Instituto ABC, Jugadores terminados: 3/3
[2024-11-19 18:42:15] [info] Iniciando actualización de estados de eventos. Fecha actual: 2024-11-19 18:42:15
[2024-11-19 18:42:15] [info] Eventos retrocedidos a Pendiente: 0
[2024-11-19 18:42:15] [info] Eventos retrocedidos desde Finalizado: 0
[2024-11-19 18:42:15] [info] Eventos finalizados actualizados: 0
[2024-11-19 18:42:15] [info] Jugadores actualizados a terminado: 0
[2024-11-19 18:42:15] [info] Eventos iniciados: 0
[2024-11-19 18:42:15] [info] Evento ID: 13, Nombre: Halloween, Jugadores terminados: 7/7
[2024-11-19 18:42:15] [info] Evento ID: 15, Nombre: Instituto ABC, Jugadores terminados: 3/3
[2024-11-19 18:42:45] [info] Iniciando actualización de estados de eventos. Fecha actual: 2024-11-19 18:42:45
[2024-11-19 18:42:45] [info] Eventos retrocedidos a Pendiente: 0
[2024-11-19 18:42:45] [info] Eventos retrocedidos desde Finalizado: 0
[2024-11-19 18:42:45] [info] Eventos finalizados actualizados: 0
[2024-11-19 18:42:45] [info] Jugadores actualizados a terminado: 0
[2024-11-19 18:42:45] [info] Eventos iniciados: 0
[2024-11-19 18:42:45] [info] Evento ID: 13, Nombre: Halloween, Jugadores terminados: 7/7
[2024-11-19 18:42:45] [info] Evento ID: 15, Nombre: Instituto ABC, Jugadores terminados: 3/3
[2024-11-19 18:43:17] [info] Iniciando actualización de estados de eventos. Fecha actual: 2024-11-19 18:43:17
[2024-11-19 18:43:17] [info] Eventos retrocedidos a Pendiente: 0
[2024-11-19 18:43:17] [info] Eventos retrocedidos desde Finalizado: 0
[2024-11-19 18:43:17] [info] Eventos finalizados actualizados: 0
[2024-11-19 18:43:17] [info] Jugadores actualizados a terminado: 0
[2024-11-19 18:43:17] [info] Eventos iniciados: 0
[2024-11-19 18:43:17] [info] Evento ID: 13, Nombre: Halloween, Jugadores terminados: 7/7
[2024-11-19 18:43:17] [info] Evento ID: 15, Nombre: Instituto ABC, Jugadores terminados: 3/3
[2024-11-19 18:43:18] [info] Iniciando actualización de estados de eventos. Fecha actual: 2024-11-19 18:43:18
[2024-11-19 18:43:18] [info] Eventos retrocedidos a Pendiente: 0
[2024-11-19 18:43:18] [info] Eventos retrocedidos desde Finalizado: 0
[2024-11-19 18:43:18] [info] Eventos finalizados actualizados: 0
[2024-11-19 18:43:18] [info] Jugadores actualizados a terminado: 0
[2024-11-19 18:43:18] [info] Eventos iniciados: 0
[2024-11-19 18:43:18] [info] Evento ID: 13, Nombre: Halloween, Jugadores terminados: 7/7
[2024-11-19 18:43:18] [info] Evento ID: 15, Nombre: Instituto ABC, Jugadores terminados: 3/3
[2024-11-19 18:43:21] [info] Iniciando actualización de estados de eventos. Fecha actual: 2024-11-19 18:43:21
[2024-11-19 18:43:21] [info] Eventos retrocedidos a Pendiente: 0
[2024-11-19 18:43:21] [info] Eventos retrocedidos desde Finalizado: 0
[2024-11-19 18:43:21] [info] Eventos finalizados actualizados: 0
[2024-11-19 18:43:21] [info] Jugadores actualizados a terminado: 0
[2024-11-19 18:43:21] [info] Eventos iniciados: 0
[2024-11-19 18:43:21] [info] Evento ID: 13, Nombre: Halloween, Jugadores terminados: 7/7
[2024-11-19 18:43:21] [info] Evento ID: 15, Nombre: Instituto ABC, Jugadores terminados: 3/3
[2024-11-19 18:43:26] [info] Iniciando actualización de estados de eventos. Fecha actual: 2024-11-19 18:43:26
[2024-11-19 18:43:26] [info] Eventos retrocedidos a Pendiente: 0
[2024-11-19 18:43:26] [info] Eventos retrocedidos desde Finalizado: 0
[2024-11-19 18:43:26] [info] Eventos finalizados actualizados: 0
[2024-11-19 18:43:26] [info] Jugadores actualizados a terminado: 0
[2024-11-19 18:43:26] [info] Eventos iniciados: 0
[2024-11-19 18:43:26] [info] Evento ID: 13, Nombre: Halloween, Jugadores terminados: 7/7
[2024-11-19 18:43:26] [info] Evento ID: 15, Nombre: Instituto ABC, Jugadores terminados: 3/3
[2024-11-19 18:43:45] [info] Iniciando actualización de estados de eventos. Fecha actual: 2024-11-19 18:43:45
[2024-11-19 18:43:45] [info] Eventos retrocedidos a Pendiente: 0
[2024-11-19 18:43:45] [info] Eventos retrocedidos desde Finalizado: 0
[2024-11-19 18:43:45] [info] Eventos finalizados actualizados: 0
[2024-11-19 18:43:45] [info] Jugadores actualizados a terminado: 0
[2024-11-19 18:43:45] [info] Eventos iniciados: 0
[2024-11-19 18:43:45] [info] Evento ID: 13, Nombre: Halloween, Jugadores terminados: 7/7
[2024-11-19 18:43:45] [info] Evento ID: 15, Nombre: Instituto ABC, Jugadores terminados: 3/3
[2024-11-19 18:43:56] [info] Iniciando actualización de estados de eventos. Fecha actual: 2024-11-19 18:43:56
[2024-11-19 18:43:56] [info] Eventos retrocedidos a Pendiente: 0
[2024-11-19 18:43:56] [info] Eventos retrocedidos desde Finalizado: 0
[2024-11-19 18:43:56] [info] Eventos finalizados actualizados: 0
[2024-11-19 18:43:56] [info] Jugadores actualizados a terminado: 0
[2024-11-19 18:43:56] [info] Eventos iniciados: 0
[2024-11-19 18:43:56] [info] Evento ID: 13, Nombre: Halloween, Jugadores terminados: 7/7
[2024-11-19 18:43:56] [info] Evento ID: 15, Nombre: Instituto ABC, Jugadores terminados: 3/3
[2024-11-19 18:44:12] [info] Iniciando actualización de estados de eventos. Fecha actual: 2024-11-19 18:44:12
[2024-11-19 18:44:12] [info] Eventos retrocedidos a Pendiente: 0
[2024-11-19 18:44:12] [info] Eventos retrocedidos desde Finalizado: 0
[2024-11-19 18:44:12] [info] Eventos finalizados actualizados: 0
[2024-11-19 18:44:12] [info] Jugadores actualizados a terminado: 0
[2024-11-19 18:44:12] [info] Eventos iniciados: 0
[2024-11-19 18:44:12] [info] Evento ID: 13, Nombre: Halloween, Jugadores terminados: 7/7
[2024-11-19 18:44:12] [info] Evento ID: 15, Nombre: Instituto ABC, Jugadores terminados: 3/3
[2024-11-19 18:44:13] [info] Iniciando actualización de estados de eventos. Fecha actual: 2024-11-19 18:44:13
[2024-11-19 18:44:13] [info] Eventos retrocedidos a Pendiente: 1
[2024-11-19 18:44:13] [info] Eventos retrocedidos desde Finalizado: 0
[2024-11-19 18:44:13] [info] Eventos finalizados actualizados: 0
[2024-11-19 18:44:13] [info] Jugadores actualizados a terminado: 0
[2024-11-19 18:44:13] [info] Eventos iniciados: 0
[2024-11-19 18:44:13] [info] Evento ID: 13, Nombre: Halloween, Jugadores terminados: 7/7
[2024-11-19 18:44:13] [info] Evento ID: 15, Nombre: Instituto ABC, Jugadores terminados: 3/3
[2024-11-19 18:44:43] [info] Iniciando actualización de estados de eventos. Fecha actual: 2024-11-19 18:44:43
[2024-11-19 18:44:43] [info] Eventos retrocedidos a Pendiente: 0
[2024-11-19 18:44:43] [info] Eventos retrocedidos desde Finalizado: 0
[2024-11-19 18:44:43] [info] Eventos finalizados actualizados: 0
[2024-11-19 18:44:43] [info] Jugadores actualizados a terminado: 0
[2024-11-19 18:44:43] [info] Eventos iniciados: 0
[2024-11-19 18:44:43] [info] Evento ID: 13, Nombre: Halloween, Jugadores terminados: 7/7
[2024-11-19 18:44:43] [info] Evento ID: 15, Nombre: Instituto ABC, Jugadores terminados: 3/3
[2024-11-19 18:45:14] [info] Iniciando actualización de estados de eventos. Fecha actual: 2024-11-19 18:45:14
[2024-11-19 18:45:14] [info] Eventos retrocedidos a Pendiente: 0
[2024-11-19 18:45:14] [info] Eventos retrocedidos desde Finalizado: 0
[2024-11-19 18:45:14] [info] Eventos finalizados actualizados: 0
[2024-11-19 18:45:14] [info] Jugadores actualizados a terminado: 0
[2024-11-19 18:45:14] [info] Eventos iniciados: 0
[2024-11-19 18:45:14] [info] Evento ID: 13, Nombre: Halloween, Jugadores terminados: 7/7
[2024-11-19 18:45:14] [info] Evento ID: 15, Nombre: Instituto ABC, Jugadores terminados: 3/3
[2024-11-19 18:45:44] [info] Iniciando actualización de estados de eventos. Fecha actual: 2024-11-19 18:45:44
[2024-11-19 18:45:44] [info] Eventos retrocedidos a Pendiente: 0
[2024-11-19 18:45:44] [info] Eventos retrocedidos desde Finalizado: 0
[2024-11-19 18:45:44] [info] Eventos finalizados actualizados: 0
[2024-11-19 18:45:44] [info] Jugadores actualizados a terminado: 0
[2024-11-19 18:45:44] [info] Eventos iniciados: 0
[2024-11-19 18:45:44] [info] Evento ID: 13, Nombre: Halloween, Jugadores terminados: 7/7
[2024-11-19 18:45:44] [info] Evento ID: 15, Nombre: Instituto ABC, Jugadores terminados: 3/3
[2024-11-19 18:46:14] [info] Iniciando actualización de estados de eventos. Fecha actual: 2024-11-19 18:46:14
[2024-11-19 18:46:14] [info] Eventos retrocedidos a Pendiente: 0
[2024-11-19 18:46:14] [info] Eventos retrocedidos desde Finalizado: 0
[2024-11-19 18:46:14] [info] Eventos finalizados actualizados: 0
[2024-11-19 18:46:14] [info] Jugadores actualizados a terminado: 0
[2024-11-19 18:46:14] [info] Eventos iniciados: 0
[2024-11-19 18:46:14] [info] Evento ID: 13, Nombre: Halloween, Jugadores terminados: 7/7
[2024-11-19 18:46:14] [info] Evento ID: 15, Nombre: Instituto ABC, Jugadores terminados: 3/3
[2024-11-19 18:46:44] [info] Iniciando actualización de estados de eventos. Fecha actual: 2024-11-19 18:46:44
[2024-11-19 18:46:44] [info] Eventos retrocedidos a Pendiente: 0
[2024-11-19 18:46:44] [info] Eventos retrocedidos desde Finalizado: 0
[2024-11-19 18:46:44] [info] Eventos finalizados actualizados: 0
[2024-11-19 18:46:44] [info] Jugadores actualizados a terminado: 0
[2024-11-19 18:46:44] [info] Eventos iniciados: 0
[2024-11-19 18:46:44] [info] Evento ID: 13, Nombre: Halloween, Jugadores terminados: 7/7
[2024-11-19 18:46:44] [info] Evento ID: 15, Nombre: Instituto ABC, Jugadores terminados: 3/3
[2024-11-19 18:47:14] [info] Iniciando actualización de estados de eventos. Fecha actual: 2024-11-19 18:47:14
[2024-11-19 18:47:14] [info] Eventos retrocedidos a Pendiente: 0
[2024-11-19 18:47:14] [info] Eventos retrocedidos desde Finalizado: 0
[2024-11-19 18:47:14] [info] Eventos finalizados actualizados: 0
[2024-11-19 18:47:14] [info] Jugadores actualizados a terminado: 0
[2024-11-19 18:47:14] [info] Eventos iniciados: 0
[2024-11-19 18:47:14] [info] Evento ID: 13, Nombre: Halloween, Jugadores terminados: 7/7
[2024-11-19 18:47:14] [info] Evento ID: 15, Nombre: Instituto ABC, Jugadores terminados: 3/3
[2024-11-19 18:48:15] [info] Iniciando actualización de estados de eventos. Fecha actual: 2024-11-19 18:48:15
[2024-11-19 18:48:15] [info] Eventos retrocedidos a Pendiente: 0
[2024-11-19 18:48:15] [info] Eventos retrocedidos desde Finalizado: 0
[2024-11-19 18:48:15] [info] Eventos finalizados actualizados: 0
[2024-11-19 18:48:15] [info] Jugadores actualizados a terminado: 0
[2024-11-19 18:48:15] [info] Eventos iniciados: 0
[2024-11-19 18:48:15] [info] Evento ID: 13, Nombre: Halloween, Jugadores terminados: 7/7
[2024-11-19 18:48:15] [info] Evento ID: 15, Nombre: Instituto ABC, Jugadores terminados: 3/3
[2024-11-19 18:49:16] [info] Iniciando actualización de estados de eventos. Fecha actual: 2024-11-19 18:49:16
[2024-11-19 18:49:16] [info] Eventos retrocedidos a Pendiente: 0
[2024-11-19 18:49:16] [info] Eventos retrocedidos desde Finalizado: 0
[2024-11-19 18:49:16] [info] Eventos finalizados actualizados: 0
[2024-11-19 18:49:16] [info] Jugadores actualizados a terminado: 0
[2024-11-19 18:49:16] [info] Eventos iniciados: 0
[2024-11-19 18:49:16] [info] Evento ID: 13, Nombre: Halloween, Jugadores terminados: 7/7
[2024-11-19 18:49:16] [info] Evento ID: 15, Nombre: Instituto ABC, Jugadores terminados: 3/3
[2024-11-19 18:50:17] [info] Iniciando actualización de estados de eventos. Fecha actual: 2024-11-19 18:50:17
[2024-11-19 18:50:17] [info] Eventos retrocedidos a Pendiente: 0
[2024-11-19 18:50:17] [info] Eventos retrocedidos desde Finalizado: 0
[2024-11-19 18:50:17] [info] Eventos finalizados actualizados: 0
[2024-11-19 18:50:17] [info] Jugadores actualizados a terminado: 0
[2024-11-19 18:50:17] [info] Eventos iniciados: 0
[2024-11-19 18:50:17] [info] Evento ID: 13, Nombre: Halloween, Jugadores terminados: 7/7
[2024-11-19 18:50:17] [info] Evento ID: 15, Nombre: Instituto ABC, Jugadores terminados: 3/3
[2024-11-19 18:50:59] [info] Iniciando actualización de estados de eventos. Fecha actual: 2024-11-19 18:50:59
[2024-11-19 18:50:59] [info] Eventos retrocedidos a Pendiente: 0
[2024-11-19 18:50:59] [info] Eventos retrocedidos desde Finalizado: 0
[2024-11-19 18:50:59] [info] Eventos finalizados actualizados: 0
[2024-11-19 18:50:59] [info] Jugadores actualizados a terminado: 0
[2024-11-19 18:50:59] [info] Eventos iniciados: 0
[2024-11-19 18:50:59] [info] Evento ID: 13, Nombre: Halloween, Jugadores terminados: 7/7
[2024-11-19 18:50:59] [info] Evento ID: 15, Nombre: Instituto ABC, Jugadores terminados: 3/3
[2024-11-19 18:51:00] [info] Iniciando actualización de estados de eventos. Fecha actual: 2024-11-19 18:51:00
[2024-11-19 18:51:00] [info] Eventos retrocedidos a Pendiente: 0
[2024-11-19 18:51:00] [info] Eventos retrocedidos desde Finalizado: 0
[2024-11-19 18:51:00] [info] Eventos finalizados actualizados: 0
[2024-11-19 18:51:00] [info] Jugadores actualizados a terminado: 0
[2024-11-19 18:51:00] [info] Eventos iniciados: 1
[2024-11-19 18:51:00] [info] Evento ID: 13, Nombre: Halloween, Jugadores terminados: 7/7
[2024-11-19 18:51:00] [info] Evento ID: 15, Nombre: Instituto ABC, Jugadores terminados: 3/3
[2024-11-19 18:51:03] [info] Iniciando actualización de estados de eventos. Fecha actual: 2024-11-19 18:51:03
[2024-11-19 18:51:03] [info] Eventos retrocedidos a Pendiente: 0
[2024-11-19 18:51:03] [info] Eventos retrocedidos desde Finalizado: 0
[2024-11-19 18:51:03] [info] Eventos finalizados actualizados: 0
[2024-11-19 18:51:03] [info] Jugadores actualizados a terminado: 0
[2024-11-19 18:51:03] [info] Eventos iniciados: 0
[2024-11-19 18:51:03] [info] Evento ID: 13, Nombre: Halloween, Jugadores terminados: 7/7
[2024-11-19 18:51:03] [info] Evento ID: 15, Nombre: Instituto ABC, Jugadores terminados: 3/3
[2024-11-19 18:51:11] [info] Iniciando actualización de estados de eventos. Fecha actual: 2024-11-19 18:51:11
[2024-11-19 18:51:11] [info] Eventos retrocedidos a Pendiente: 0
[2024-11-19 18:51:11] [info] Eventos retrocedidos desde Finalizado: 0
[2024-11-19 18:51:11] [info] Eventos finalizados actualizados: 0
[2024-11-19 18:51:11] [info] Jugadores actualizados a terminado: 0
[2024-11-19 18:51:11] [info] Eventos iniciados: 0
[2024-11-19 18:51:11] [info] Evento ID: 13, Nombre: Halloween, Jugadores terminados: 7/7
[2024-11-19 18:51:11] [info] Evento ID: 15, Nombre: Instituto ABC, Jugadores terminados: 3/3
[2024-11-19 18:51:13] [info] Iniciando actualización de estados de eventos. Fecha actual: 2024-11-19 18:51:13
[2024-11-19 18:51:13] [info] Eventos retrocedidos a Pendiente: 0
[2024-11-19 18:51:13] [info] Eventos retrocedidos desde Finalizado: 0
[2024-11-19 18:51:13] [info] Eventos finalizados actualizados: 0
[2024-11-19 18:51:13] [info] Jugadores actualizados a terminado: 0
[2024-11-19 18:51:13] [info] Eventos iniciados: 0
[2024-11-19 18:51:13] [info] Evento ID: 13, Nombre: Halloween, Jugadores terminados: 7/7
[2024-11-19 18:51:13] [info] Evento ID: 15, Nombre: Instituto ABC, Jugadores terminados: 3/3
[2024-11-19 18:51:43] [info] Iniciando actualización de estados de eventos. Fecha actual: 2024-11-19 18:51:43
[2024-11-19 18:51:43] [info] Eventos retrocedidos a Pendiente: 0
[2024-11-19 18:51:43] [info] Eventos retrocedidos desde Finalizado: 0
[2024-11-19 18:51:43] [info] Eventos finalizados actualizados: 0
[2024-11-19 18:51:43] [info] Jugadores actualizados a terminado: 0
[2024-11-19 18:51:43] [info] Eventos iniciados: 0
[2024-11-19 18:51:43] [info] Evento ID: 13, Nombre: Halloween, Jugadores terminados: 7/7
[2024-11-19 18:51:43] [info] Evento ID: 15, Nombre: Instituto ABC, Jugadores terminados: 3/3
[2024-11-19 18:52:14] [info] Iniciando actualización de estados de eventos. Fecha actual: 2024-11-19 18:52:14
[2024-11-19 18:52:14] [info] Eventos retrocedidos a Pendiente: 0
[2024-11-19 18:52:14] [info] Eventos retrocedidos desde Finalizado: 0
[2024-11-19 18:52:14] [info] Eventos finalizados actualizados: 0
[2024-11-19 18:52:14] [info] Jugadores actualizados a terminado: 0
[2024-11-19 18:52:14] [info] Eventos iniciados: 0
[2024-11-19 18:52:14] [info] Evento ID: 13, Nombre: Halloween, Jugadores terminados: 7/7
[2024-11-19 18:52:14] [info] Evento ID: 15, Nombre: Instituto ABC, Jugadores terminados: 3/3
[2024-11-19 18:52:45] [info] Iniciando actualización de estados de eventos. Fecha actual: 2024-11-19 18:52:45
[2024-11-19 18:52:45] [info] Eventos retrocedidos a Pendiente: 0
[2024-11-19 18:52:45] [info] Eventos retrocedidos desde Finalizado: 0
[2024-11-19 18:52:45] [info] Eventos finalizados actualizados: 0
[2024-11-19 18:52:45] [info] Jugadores actualizados a terminado: 0
[2024-11-19 18:52:45] [info] Eventos iniciados: 0
[2024-11-19 18:52:45] [info] Evento ID: 13, Nombre: Halloween, Jugadores terminados: 7/7
[2024-11-19 18:52:45] [info] Evento ID: 15, Nombre: Instituto ABC, Jugadores terminados: 3/3
[2024-11-19 18:53:09] [info] Iniciando actualización de estados de eventos. Fecha actual: 2024-11-19 18:53:09
[2024-11-19 18:53:09] [info] Eventos retrocedidos a Pendiente: 0
[2024-11-19 18:53:09] [info] Eventos retrocedidos desde Finalizado: 0
[2024-11-19 18:53:09] [info] Eventos finalizados actualizados: 0
[2024-11-19 18:53:09] [info] Jugadores actualizados a terminado: 0
[2024-11-19 18:53:09] [info] Eventos iniciados: 0
[2024-11-19 18:53:09] [info] Evento ID: 13, Nombre: Halloween, Jugadores terminados: 7/7
[2024-11-19 18:53:09] [info] Evento ID: 15, Nombre: Instituto ABC, Jugadores terminados: 3/3
[2024-11-19 18:53:11] [info] Iniciando actualización de estados de eventos. Fecha actual: 2024-11-19 18:53:11
[2024-11-19 18:53:11] [info] Eventos retrocedidos a Pendiente: 0
[2024-11-19 18:53:11] [info] Eventos retrocedidos desde Finalizado: 0
[2024-11-19 18:53:11] [info] Eventos finalizados actualizados: 0
[2024-11-19 18:53:11] [info] Jugadores actualizados a terminado: 0
[2024-11-19 18:53:11] [info] Eventos iniciados: 0
[2024-11-19 18:53:11] [info] Evento ID: 13, Nombre: Halloween, Jugadores terminados: 7/7
[2024-11-19 18:53:11] [info] Evento ID: 15, Nombre: Instituto ABC, Jugadores terminados: 3/3
[2024-11-19 18:53:22] [info] Iniciando actualización de estados de eventos. Fecha actual: 2024-11-19 18:53:22
[2024-11-19 18:53:22] [info] Eventos retrocedidos a Pendiente: 0
[2024-11-19 18:53:22] [info] Eventos retrocedidos desde Finalizado: 0
[2024-11-19 18:53:22] [info] Eventos finalizados actualizados: 0
[2024-11-19 18:53:22] [info] Jugadores actualizados a terminado: 0
[2024-11-19 18:53:22] [info] Eventos iniciados: 0
[2024-11-19 18:53:22] [info] Evento ID: 13, Nombre: Halloween, Jugadores terminados: 7/7
[2024-11-19 18:53:22] [info] Evento ID: 15, Nombre: Instituto ABC, Jugadores terminados: 3/3
[2024-11-19 18:53:23] [info] Iniciando actualización de estados de eventos. Fecha actual: 2024-11-19 18:53:23
[2024-11-19 18:53:23] [info] Eventos retrocedidos a Pendiente: 0
[2024-11-19 18:53:23] [info] Eventos retrocedidos desde Finalizado: 0
[2024-11-19 18:53:23] [info] Eventos finalizados actualizados: 0
[2024-11-19 18:53:23] [info] Jugadores actualizados a terminado: 0
[2024-11-19 18:53:23] [info] Eventos iniciados: 0
[2024-11-19 18:53:23] [info] Evento ID: 13, Nombre: Halloween, Jugadores terminados: 7/7
[2024-11-19 18:53:23] [info] Evento ID: 15, Nombre: Instituto ABC, Jugadores terminados: 3/3
[2024-11-19 18:53:54] [info] Iniciando actualización de estados de eventos. Fecha actual: 2024-11-19 18:53:54
[2024-11-19 18:53:54] [info] Eventos retrocedidos a Pendiente: 0
[2024-11-19 18:53:54] [info] Eventos retrocedidos desde Finalizado: 0
[2024-11-19 18:53:54] [info] Eventos finalizados actualizados: 0
[2024-11-19 18:53:54] [info] Jugadores actualizados a terminado: 0
[2024-11-19 18:53:54] [info] Eventos iniciados: 0
[2024-11-19 18:53:54] [info] Evento ID: 13, Nombre: Halloween, Jugadores terminados: 7/7
[2024-11-19 18:53:54] [info] Evento ID: 15, Nombre: Instituto ABC, Jugadores terminados: 3/3
[2024-11-19 18:54:25] [info] Iniciando actualización de estados de eventos. Fecha actual: 2024-11-19 18:54:25
[2024-11-19 18:54:25] [info] Eventos retrocedidos a Pendiente: 0
[2024-11-19 18:54:25] [info] Eventos retrocedidos desde Finalizado: 0
[2024-11-19 18:54:25] [info] Eventos finalizados actualizados: 0
[2024-11-19 18:54:25] [info] Jugadores actualizados a terminado: 0
[2024-11-19 18:54:25] [info] Eventos iniciados: 0
[2024-11-19 18:54:25] [info] Evento ID: 13, Nombre: Halloween, Jugadores terminados: 7/7
[2024-11-19 18:54:25] [info] Evento ID: 15, Nombre: Instituto ABC, Jugadores terminados: 3/3
[2024-11-19 18:54:56] [info] Iniciando actualización de estados de eventos. Fecha actual: 2024-11-19 18:54:56
[2024-11-19 18:54:56] [info] Eventos retrocedidos a Pendiente: 0
[2024-11-19 18:54:56] [info] Eventos retrocedidos desde Finalizado: 0
[2024-11-19 18:54:56] [info] Eventos finalizados actualizados: 0
[2024-11-19 18:54:56] [info] Jugadores actualizados a terminado: 0
[2024-11-19 18:54:56] [info] Eventos iniciados: 0
[2024-11-19 18:54:56] [info] Evento ID: 13, Nombre: Halloween, Jugadores terminados: 7/7
[2024-11-19 18:54:56] [info] Evento ID: 15, Nombre: Instituto ABC, Jugadores terminados: 3/3
[2024-11-19 18:55:27] [info] Iniciando actualización de estados de eventos. Fecha actual: 2024-11-19 18:55:27
[2024-11-19 18:55:27] [info] Eventos retrocedidos a Pendiente: 0
[2024-11-19 18:55:27] [info] Eventos retrocedidos desde Finalizado: 0
[2024-11-19 18:55:27] [info] Eventos finalizados actualizados: 0
[2024-11-19 18:55:27] [info] Jugadores actualizados a terminado: 0
[2024-11-19 18:55:27] [info] Eventos iniciados: 0
[2024-11-19 18:55:27] [info] Evento ID: 13, Nombre: Halloween, Jugadores terminados: 7/7
[2024-11-19 18:55:27] [info] Evento ID: 15, Nombre: Instituto ABC, Jugadores terminados: 3/3
[2024-11-19 18:55:58] [info] Iniciando actualización de estados de eventos. Fecha actual: 2024-11-19 18:55:58
[2024-11-19 18:55:58] [info] Eventos retrocedidos a Pendiente: 0
[2024-11-19 18:55:58] [info] Eventos retrocedidos desde Finalizado: 0
[2024-11-19 18:55:58] [info] Eventos finalizados actualizados: 0
[2024-11-19 18:55:58] [info] Jugadores actualizados a terminado: 0
[2024-11-19 18:55:58] [info] Eventos iniciados: 0
[2024-11-19 18:55:58] [info] Evento ID: 13, Nombre: Halloween, Jugadores terminados: 7/7
[2024-11-19 18:55:58] [info] Evento ID: 15, Nombre: Instituto ABC, Jugadores terminados: 3/3
[2024-11-19 18:56:29] [info] Iniciando actualización de estados de eventos. Fecha actual: 2024-11-19 18:56:29
[2024-11-19 18:56:29] [info] Eventos retrocedidos a Pendiente: 0
[2024-11-19 18:56:29] [info] Eventos retrocedidos desde Finalizado: 0
[2024-11-19 18:56:29] [info] Eventos finalizados actualizados: 0
[2024-11-19 18:56:29] [info] Jugadores actualizados a terminado: 0
[2024-11-19 18:56:29] [info] Eventos iniciados: 0
[2024-11-19 18:56:29] [info] Evento ID: 13, Nombre: Halloween, Jugadores terminados: 7/7
[2024-11-19 18:56:29] [info] Evento ID: 15, Nombre: Instituto ABC, Jugadores terminados: 3/3
[2024-11-19 18:57:00] [info] Iniciando actualización de estados de eventos. Fecha actual: 2024-11-19 18:57:00
[2024-11-19 18:57:00] [info] Eventos retrocedidos a Pendiente: 0
[2024-11-19 18:57:00] [info] Eventos retrocedidos desde Finalizado: 0
[2024-11-19 18:57:00] [info] Eventos finalizados actualizados: 0
[2024-11-19 18:57:00] [info] Jugadores actualizados a terminado: 0
[2024-11-19 18:57:00] [info] Eventos iniciados: 0
[2024-11-19 18:57:00] [info] Evento ID: 13, Nombre: Halloween, Jugadores terminados: 7/7
[2024-11-19 18:57:00] [info] Evento ID: 15, Nombre: Instituto ABC, Jugadores terminados: 3/3
[2024-11-19 18:57:31] [info] Iniciando actualización de estados de eventos. Fecha actual: 2024-11-19 18:57:31
[2024-11-19 18:57:31] [info] Eventos retrocedidos a Pendiente: 0
[2024-11-19 18:57:31] [info] Eventos retrocedidos desde Finalizado: 0
[2024-11-19 18:57:31] [info] Eventos finalizados actualizados: 0
[2024-11-19 18:57:31] [info] Jugadores actualizados a terminado: 0
[2024-11-19 18:57:31] [info] Eventos iniciados: 0
[2024-11-19 18:57:31] [info] Evento ID: 13, Nombre: Halloween, Jugadores terminados: 7/7
[2024-11-19 18:57:31] [info] Evento ID: 15, Nombre: Instituto ABC, Jugadores terminados: 3/3
[2024-11-19 18:58:02] [info] Iniciando actualización de estados de eventos. Fecha actual: 2024-11-19 18:58:02
[2024-11-19 18:58:02] [info] Eventos retrocedidos a Pendiente: 0
[2024-11-19 18:58:02] [info] Eventos retrocedidos desde Finalizado: 0
[2024-11-19 18:58:02] [info] Eventos finalizados actualizados: 0
[2024-11-19 18:58:02] [info] Jugadores actualizados a terminado: 0
[2024-11-19 18:58:02] [info] Eventos iniciados: 0
[2024-11-19 18:58:02] [info] Evento ID: 13, Nombre: Halloween, Jugadores terminados: 7/7
[2024-11-19 18:58:02] [info] Evento ID: 15, Nombre: Instituto ABC, Jugadores terminados: 3/3
[2024-11-19 18:58:33] [info] Iniciando actualización de estados de eventos. Fecha actual: 2024-11-19 18:58:33
[2024-11-19 18:58:33] [info] Eventos retrocedidos a Pendiente: 0
[2024-11-19 18:58:33] [info] Eventos retrocedidos desde Finalizado: 0
[2024-11-19 18:58:33] [info] Eventos finalizados actualizados: 0
[2024-11-19 18:58:33] [info] Jugadores actualizados a terminado: 0
[2024-11-19 18:58:33] [info] Eventos iniciados: 0
[2024-11-19 18:58:33] [info] Evento ID: 13, Nombre: Halloween, Jugadores terminados: 7/7
[2024-11-19 18:58:33] [info] Evento ID: 15, Nombre: Instituto ABC, Jugadores terminados: 3/3
[2024-11-19 18:59:05] [info] Iniciando actualización de estados de eventos. Fecha actual: 2024-11-19 18:59:05
[2024-11-19 18:59:05] [info] Eventos retrocedidos a Pendiente: 0
[2024-11-19 18:59:05] [info] Eventos retrocedidos desde Finalizado: 0
[2024-11-19 18:59:05] [info] Eventos finalizados actualizados: 0
[2024-11-19 18:59:05] [info] Jugadores actualizados a terminado: 0
[2024-11-19 18:59:05] [info] Eventos iniciados: 0
[2024-11-19 18:59:05] [info] Evento ID: 13, Nombre: Halloween, Jugadores terminados: 7/7
[2024-11-19 18:59:05] [info] Evento ID: 15, Nombre: Instituto ABC, Jugadores terminados: 3/3
[2024-11-19 18:59:36] [info] Iniciando actualización de estados de eventos. Fecha actual: 2024-11-19 18:59:36
[2024-11-19 18:59:36] [info] Eventos retrocedidos a Pendiente: 0
[2024-11-19 18:59:36] [info] Eventos retrocedidos desde Finalizado: 0
[2024-11-19 18:59:36] [info] Eventos finalizados actualizados: 0
[2024-11-19 18:59:36] [info] Jugadores actualizados a terminado: 0
[2024-11-19 18:59:36] [info] Eventos iniciados: 0
[2024-11-19 18:59:36] [info] Evento ID: 13, Nombre: Halloween, Jugadores terminados: 7/7
[2024-11-19 18:59:36] [info] Evento ID: 15, Nombre: Instituto ABC, Jugadores terminados: 3/3
[2024-11-19 19:00:07] [info] Iniciando actualización de estados de eventos. Fecha actual: 2024-11-19 19:00:07
[2024-11-19 19:00:07] [info] Eventos retrocedidos a Pendiente: 0
[2024-11-19 19:00:07] [info] Eventos retrocedidos desde Finalizado: 0
[2024-11-19 19:00:07] [info] Eventos finalizados actualizados: 0
[2024-11-19 19:00:07] [info] Jugadores actualizados a terminado: 0
[2024-11-19 19:00:07] [info] Eventos iniciados: 0
[2024-11-19 19:00:07] [info] Evento ID: 13, Nombre: Halloween, Jugadores terminados: 7/7
[2024-11-19 19:00:07] [info] Evento ID: 15, Nombre: Instituto ABC, Jugadores terminados: 3/3
[2024-11-19 19:00:38] [info] Iniciando actualización de estados de eventos. Fecha actual: 2024-11-19 19:00:38
[2024-11-19 19:00:38] [info] Eventos retrocedidos a Pendiente: 0
[2024-11-19 19:00:38] [info] Eventos retrocedidos desde Finalizado: 0
[2024-11-19 19:00:38] [info] Eventos finalizados actualizados: 0
[2024-11-19 19:00:38] [info] Jugadores actualizados a terminado: 0
[2024-11-19 19:00:38] [info] Eventos iniciados: 0
[2024-11-19 19:00:38] [info] Evento ID: 13, Nombre: Halloween, Jugadores terminados: 7/7
[2024-11-19 19:00:38] [info] Evento ID: 15, Nombre: Instituto ABC, Jugadores terminados: 3/3
[2024-11-19 19:01:09] [info] Iniciando actualización de estados de eventos. Fecha actual: 2024-11-19 19:01:09
[2024-11-19 19:01:09] [info] Eventos retrocedidos a Pendiente: 0
[2024-11-19 19:01:09] [info] Eventos retrocedidos desde Finalizado: 0
[2024-11-19 19:01:09] [info] Eventos finalizados actualizados: 0
[2024-11-19 19:01:09] [info] Jugadores actualizados a terminado: 0
[2024-11-19 19:01:09] [info] Eventos iniciados: 0
[2024-11-19 19:01:09] [info] Evento ID: 13, Nombre: Halloween, Jugadores terminados: 7/7
[2024-11-19 19:01:09] [info] Evento ID: 15, Nombre: Instituto ABC, Jugadores terminados: 3/3
[2024-11-19 19:01:39] [info] Iniciando actualización de estados de eventos. Fecha actual: 2024-11-19 19:01:39
[2024-11-19 19:01:39] [info] Eventos retrocedidos a Pendiente: 0
[2024-11-19 19:01:39] [info] Eventos retrocedidos desde Finalizado: 0
[2024-11-19 19:01:39] [info] Eventos finalizados actualizados: 0
[2024-11-19 19:01:39] [info] Jugadores actualizados a terminado: 0
[2024-11-19 19:01:39] [info] Eventos iniciados: 0
[2024-11-19 19:01:39] [info] Evento ID: 13, Nombre: Halloween, Jugadores terminados: 7/7
[2024-11-19 19:01:39] [info] Evento ID: 15, Nombre: Instituto ABC, Jugadores terminados: 3/3
[2024-11-19 19:02:16] [info] Administrador con ID 1 ha iniciado sesión exitosamente
[2024-11-19 19:02:16] [info] Iniciando actualización de estados de eventos. Fecha actual: 2024-11-19 19:02:16
[2024-11-19 19:02:16] [info] Eventos retrocedidos a Pendiente: 0
[2024-11-19 19:02:16] [info] Eventos retrocedidos desde Finalizado: 0
[2024-11-19 19:02:16] [info] Eventos finalizados actualizados: 0
[2024-11-19 19:02:16] [info] Jugadores actualizados a terminado: 0
[2024-11-19 19:02:16] [info] Eventos iniciados: 0
[2024-11-19 19:02:16] [info] Evento ID: 13, Nombre: Halloween, Jugadores terminados: 7/7
[2024-11-19 19:02:16] [info] Evento ID: 15, Nombre: Instituto ABC, Jugadores terminados: 3/3
[2024-11-19 19:02:17] [info] Iniciando actualización de estados de eventos. Fecha actual: 2024-11-19 19:02:17
[2024-11-19 19:02:17] [info] Eventos retrocedidos a Pendiente: 0
[2024-11-19 19:02:17] [info] Eventos retrocedidos desde Finalizado: 0
[2024-11-19 19:02:17] [info] Eventos finalizados actualizados: 0
[2024-11-19 19:02:17] [info] Jugadores actualizados a terminado: 0
[2024-11-19 19:02:17] [info] Eventos iniciados: 0
[2024-11-19 19:02:17] [info] Evento ID: 13, Nombre: Halloween, Jugadores terminados: 7/7
[2024-11-19 19:02:17] [info] Evento ID: 15, Nombre: Instituto ABC, Jugadores terminados: 3/3
[2024-11-19 19:02:19] [info] Iniciando actualización de estados de eventos. Fecha actual: 2024-11-19 19:02:19
[2024-11-19 19:02:19] [info] Eventos retrocedidos a Pendiente: 0
[2024-11-19 19:02:19] [info] Eventos retrocedidos desde Finalizado: 0
[2024-11-19 19:02:19] [info] Eventos finalizados actualizados: 0
[2024-11-19 19:02:19] [info] Jugadores actualizados a terminado: 0
[2024-11-19 19:02:19] [info] Eventos iniciados: 0
[2024-11-19 19:02:19] [info] Evento ID: 13, Nombre: Halloween, Jugadores terminados: 7/7
[2024-11-19 19:02:19] [info] Evento ID: 15, Nombre: Instituto ABC, Jugadores terminados: 3/3
[2024-11-19 19:02:49] [info] Iniciando actualización de estados de eventos. Fecha actual: 2024-11-19 19:02:49
[2024-11-19 19:02:49] [info] Eventos retrocedidos a Pendiente: 0
[2024-11-19 19:02:49] [info] Eventos retrocedidos desde Finalizado: 0
[2024-11-19 19:02:49] [info] Eventos finalizados actualizados: 0
[2024-11-19 19:02:49] [info] Jugadores actualizados a terminado: 0
[2024-11-19 19:02:49] [info] Eventos iniciados: 0
[2024-11-19 19:02:49] [info] Evento ID: 13, Nombre: Halloween, Jugadores terminados: 7/7
[2024-11-19 19:02:49] [info] Evento ID: 15, Nombre: Instituto ABC, Jugadores terminados: 3/3
[2024-11-19 19:03:19] [info] Iniciando actualización de estados de eventos. Fecha actual: 2024-11-19 19:03:19
[2024-11-19 19:03:19] [info] Eventos retrocedidos a Pendiente: 0
[2024-11-19 19:03:19] [info] Eventos retrocedidos desde Finalizado: 0
[2024-11-19 19:03:19] [info] Eventos finalizados actualizados: 0
[2024-11-19 19:03:19] [info] Jugadores actualizados a terminado: 0
[2024-11-19 19:03:19] [info] Eventos iniciados: 0
[2024-11-19 19:03:19] [info] Evento ID: 13, Nombre: Halloween, Jugadores terminados: 7/7
[2024-11-19 19:03:19] [info] Evento ID: 15, Nombre: Instituto ABC, Jugadores terminados: 3/3
[2024-11-19 19:03:49] [info] Iniciando actualización de estados de eventos. Fecha actual: 2024-11-19 19:03:49
[2024-11-19 19:03:49] [info] Eventos retrocedidos a Pendiente: 0
[2024-11-19 19:03:49] [info] Eventos retrocedidos desde Finalizado: 0
[2024-11-19 19:03:49] [info] Eventos finalizados actualizados: 0
[2024-11-19 19:03:49] [info] Jugadores actualizados a terminado: 0
[2024-11-19 19:03:49] [info] Eventos iniciados: 0
[2024-11-19 19:03:49] [info] Evento ID: 13, Nombre: Halloween, Jugadores terminados: 7/7
[2024-11-19 19:03:49] [info] Evento ID: 15, Nombre: Instituto ABC, Jugadores terminados: 3/3
[2024-11-19 19:04:19] [info] Iniciando actualización de estados de eventos. Fecha actual: 2024-11-19 19:04:19
[2024-11-19 19:04:19] [info] Eventos retrocedidos a Pendiente: 0
[2024-11-19 19:04:19] [info] Eventos retrocedidos desde Finalizado: 0
[2024-11-19 19:04:19] [info] Eventos finalizados actualizados: 0
[2024-11-19 19:04:19] [info] Jugadores actualizados a terminado: 0
[2024-11-19 19:04:19] [info] Eventos iniciados: 0
[2024-11-19 19:04:19] [info] Evento ID: 13, Nombre: Halloween, Jugadores terminados: 7/7
[2024-11-19 19:04:19] [info] Evento ID: 15, Nombre: Instituto ABC, Jugadores terminados: 3/3
[2024-11-19 19:04:49] [info] Iniciando actualización de estados de eventos. Fecha actual: 2024-11-19 19:04:49
[2024-11-19 19:04:49] [info] Eventos retrocedidos a Pendiente: 0
[2024-11-19 19:04:49] [info] Eventos retrocedidos desde Finalizado: 0
[2024-11-19 19:04:49] [info] Eventos finalizados actualizados: 0
[2024-11-19 19:04:49] [info] Jugadores actualizados a terminado: 0
[2024-11-19 19:04:49] [info] Eventos iniciados: 0
[2024-11-19 19:04:49] [info] Evento ID: 13, Nombre: Halloween, Jugadores terminados: 7/7
[2024-11-19 19:04:49] [info] Evento ID: 15, Nombre: Instituto ABC, Jugadores terminados: 3/3
[2024-11-19 19:05:32] [info] Iniciando actualización de estados de eventos. Fecha actual: 2024-11-19 19:05:32
[2024-11-19 19:05:32] [info] Eventos retrocedidos a Pendiente: 0
[2024-11-19 19:05:32] [info] Eventos retrocedidos desde Finalizado: 0
[2024-11-19 19:05:32] [info] Eventos finalizados actualizados: 0
[2024-11-19 19:05:32] [info] Jugadores actualizados a terminado: 0
[2024-11-19 19:05:32] [info] Eventos iniciados: 0
[2024-11-19 19:05:32] [info] Evento ID: 13, Nombre: Halloween, Jugadores terminados: 7/7
[2024-11-19 19:05:32] [info] Evento ID: 15, Nombre: Instituto ABC, Jugadores terminados: 3/3
[2024-11-19 19:06:32] [info] Iniciando actualización de estados de eventos. Fecha actual: 2024-11-19 19:06:32
[2024-11-19 19:06:32] [info] Eventos retrocedidos a Pendiente: 0
[2024-11-19 19:06:32] [info] Eventos retrocedidos desde Finalizado: 0
[2024-11-19 19:06:32] [info] Eventos finalizados actualizados: 0
[2024-11-19 19:06:32] [info] Jugadores actualizados a terminado: 0
[2024-11-19 19:06:32] [info] Eventos iniciados: 0
[2024-11-19 19:06:32] [info] Evento ID: 13, Nombre: Halloween, Jugadores terminados: 7/7
[2024-11-19 19:06:32] [info] Evento ID: 15, Nombre: Instituto ABC, Jugadores terminados: 3/3
[2024-11-19 19:07:32] [info] Iniciando actualización de estados de eventos. Fecha actual: 2024-11-19 19:07:32
[2024-11-19 19:07:32] [info] Eventos retrocedidos a Pendiente: 0
[2024-11-19 19:07:32] [info] Eventos retrocedidos desde Finalizado: 0
[2024-11-19 19:07:32] [info] Eventos finalizados actualizados: 0
[2024-11-19 19:07:32] [info] Jugadores actualizados a terminado: 0
[2024-11-19 19:07:32] [info] Eventos iniciados: 0
[2024-11-19 19:07:32] [info] Evento ID: 13, Nombre: Halloween, Jugadores terminados: 7/7
[2024-11-19 19:07:32] [info] Evento ID: 15, Nombre: Instituto ABC, Jugadores terminados: 3/3
[2024-11-19 19:08:32] [info] Iniciando actualización de estados de eventos. Fecha actual: 2024-11-19 19:08:32
[2024-11-19 19:08:32] [info] Eventos retrocedidos a Pendiente: 0
[2024-11-19 19:08:32] [info] Eventos retrocedidos desde Finalizado: 0
[2024-11-19 19:08:32] [info] Eventos finalizados actualizados: 0
[2024-11-19 19:08:32] [info] Jugadores actualizados a terminado: 0
[2024-11-19 19:08:32] [info] Eventos iniciados: 0
[2024-11-19 19:08:32] [info] Evento ID: 13, Nombre: Halloween, Jugadores terminados: 7/7
[2024-11-19 19:08:32] [info] Evento ID: 15, Nombre: Instituto ABC, Jugadores terminados: 3/3
[2024-11-19 19:09:32] [info] Iniciando actualización de estados de eventos. Fecha actual: 2024-11-19 19:09:32
[2024-11-19 19:09:32] [info] Eventos retrocedidos a Pendiente: 0
[2024-11-19 19:09:32] [info] Eventos retrocedidos desde Finalizado: 0
[2024-11-19 19:09:32] [info] Eventos finalizados actualizados: 0
[2024-11-19 19:09:32] [info] Jugadores actualizados a terminado: 0
[2024-11-19 19:09:32] [info] Eventos iniciados: 0
[2024-11-19 19:09:32] [info] Evento ID: 13, Nombre: Halloween, Jugadores terminados: 7/7
[2024-11-19 19:09:32] [info] Evento ID: 15, Nombre: Instituto ABC, Jugadores terminados: 3/3
[2024-11-19 19:10:32] [info] Iniciando actualización de estados de eventos. Fecha actual: 2024-11-19 19:10:32
[2024-11-19 19:10:32] [info] Eventos retrocedidos a Pendiente: 0
[2024-11-19 19:10:32] [info] Eventos retrocedidos desde Finalizado: 0
[2024-11-19 19:10:32] [info] Eventos finalizados actualizados: 0
[2024-11-19 19:10:32] [info] Jugadores actualizados a terminado: 0
[2024-11-19 19:10:32] [info] Eventos iniciados: 0
[2024-11-19 19:10:32] [info] Evento ID: 13, Nombre: Halloween, Jugadores terminados: 7/7
[2024-11-19 19:10:32] [info] Evento ID: 15, Nombre: Instituto ABC, Jugadores terminados: 3/3
[2024-11-19 19:11:32] [info] Iniciando actualización de estados de eventos. Fecha actual: 2024-11-19 19:11:32
[2024-11-19 19:11:32] [info] Eventos retrocedidos a Pendiente: 0
[2024-11-19 19:11:32] [info] Eventos retrocedidos desde Finalizado: 0
[2024-11-19 19:11:32] [info] Eventos finalizados actualizados: 0
[2024-11-19 19:11:32] [info] Jugadores actualizados a terminado: 0
[2024-11-19 19:11:32] [info] Eventos iniciados: 0
[2024-11-19 19:11:32] [info] Evento ID: 13, Nombre: Halloween, Jugadores terminados: 7/7
[2024-11-19 19:11:32] [info] Evento ID: 15, Nombre: Instituto ABC, Jugadores terminados: 3/3
[2024-11-19 19:12:32] [info] Iniciando actualización de estados de eventos. Fecha actual: 2024-11-19 19:12:32
[2024-11-19 19:12:32] [info] Eventos retrocedidos a Pendiente: 0
[2024-11-19 19:12:32] [info] Eventos retrocedidos desde Finalizado: 0
[2024-11-19 19:12:32] [info] Eventos finalizados actualizados: 0
[2024-11-19 19:12:32] [info] Jugadores actualizados a terminado: 0
[2024-11-19 19:12:32] [info] Eventos iniciados: 0
[2024-11-19 19:12:32] [info] Evento ID: 13, Nombre: Halloween, Jugadores terminados: 7/7
[2024-11-19 19:12:32] [info] Evento ID: 15, Nombre: Instituto ABC, Jugadores terminados: 3/3
[2024-11-19 19:13:32] [info] Iniciando actualización de estados de eventos. Fecha actual: 2024-11-19 19:13:32
[2024-11-19 19:13:32] [info] Eventos retrocedidos a Pendiente: 0
[2024-11-19 19:13:32] [info] Eventos retrocedidos desde Finalizado: 0
[2024-11-19 19:13:32] [info] Eventos finalizados actualizados: 0
[2024-11-19 19:13:32] [info] Jugadores actualizados a terminado: 0
[2024-11-19 19:13:32] [info] Eventos iniciados: 0
[2024-11-19 19:13:32] [info] Evento ID: 13, Nombre: Halloween, Jugadores terminados: 7/7
[2024-11-19 19:13:32] [info] Evento ID: 15, Nombre: Instituto ABC, Jugadores terminados: 3/3
[2024-11-19 19:13:38] [info] Iniciando actualización de estados de eventos. Fecha actual: 2024-11-19 19:13:38
[2024-11-19 19:13:38] [info] Eventos retrocedidos a Pendiente: 0
[2024-11-19 19:13:38] [info] Eventos retrocedidos desde Finalizado: 0
[2024-11-19 19:13:38] [info] Eventos finalizados actualizados: 0
[2024-11-19 19:13:38] [info] Jugadores actualizados a terminado: 0
[2024-11-19 19:13:38] [info] Eventos iniciados: 0
[2024-11-19 19:13:38] [info] Evento ID: 13, Nombre: Halloween, Jugadores terminados: 7/7
[2024-11-19 19:13:38] [info] Evento ID: 15, Nombre: Instituto ABC, Jugadores terminados: 3/3
[2024-11-19 19:13:41] [info] Iniciando actualización de estados de eventos. Fecha actual: 2024-11-19 19:13:41
[2024-11-19 19:13:41] [info] Eventos retrocedidos a Pendiente: 0
[2024-11-19 19:13:41] [info] Eventos retrocedidos desde Finalizado: 0
[2024-11-19 19:13:41] [info] Eventos finalizados actualizados: 0
[2024-11-19 19:13:41] [info] Jugadores actualizados a terminado: 0
[2024-11-19 19:13:41] [info] Eventos iniciados: 0
[2024-11-19 19:13:41] [info] Evento ID: 13, Nombre: Halloween, Jugadores terminados: 7/7
[2024-11-19 19:13:41] [info] Evento ID: 15, Nombre: Instituto ABC, Jugadores terminados: 3/3
[2024-11-19 19:13:42] [info] Iniciando actualización de estados de eventos. Fecha actual: 2024-11-19 19:13:42
[2024-11-19 19:13:42] [info] Eventos retrocedidos a Pendiente: 0
[2024-11-19 19:13:42] [info] Eventos retrocedidos desde Finalizado: 0
[2024-11-19 19:13:42] [info] Eventos finalizados actualizados: 0
[2024-11-19 19:13:42] [info] Jugadores actualizados a terminado: 0
[2024-11-19 19:13:42] [info] Eventos iniciados: 0
[2024-11-19 19:13:42] [info] Evento ID: 13, Nombre: Halloween, Jugadores terminados: 7/7
[2024-11-19 19:13:42] [info] Evento ID: 15, Nombre: Instituto ABC, Jugadores terminados: 3/3
[2024-11-19 19:14:12] [info] Iniciando actualización de estados de eventos. Fecha actual: 2024-11-19 19:14:12
[2024-11-19 19:14:12] [info] Eventos retrocedidos a Pendiente: 0
[2024-11-19 19:14:12] [info] Eventos retrocedidos desde Finalizado: 0
[2024-11-19 19:14:12] [info] Eventos finalizados actualizados: 0
[2024-11-19 19:14:12] [info] Jugadores actualizados a terminado: 0
[2024-11-19 19:14:12] [info] Eventos iniciados: 0
[2024-11-19 19:14:12] [info] Evento ID: 13, Nombre: Halloween, Jugadores terminados: 7/7
[2024-11-19 19:14:12] [info] Evento ID: 15, Nombre: Instituto ABC, Jugadores terminados: 3/3
[2024-11-19 19:14:42] [info] Iniciando actualización de estados de eventos. Fecha actual: 2024-11-19 19:14:42
[2024-11-19 19:14:42] [info] Eventos retrocedidos a Pendiente: 0
[2024-11-19 19:14:42] [info] Eventos retrocedidos desde Finalizado: 0
[2024-11-19 19:14:42] [info] Eventos finalizados actualizados: 0
[2024-11-19 19:14:42] [info] Jugadores actualizados a terminado: 0
[2024-11-19 19:14:42] [info] Eventos iniciados: 0
[2024-11-19 19:14:42] [info] Evento ID: 13, Nombre: Halloween, Jugadores terminados: 7/7
[2024-11-19 19:14:42] [info] Evento ID: 15, Nombre: Instituto ABC, Jugadores terminados: 3/3
[2024-11-19 19:14:47] [info] Iniciando actualización de estados de eventos. Fecha actual: 2024-11-19 19:14:47
[2024-11-19 19:14:47] [info] Eventos retrocedidos a Pendiente: 0
[2024-11-19 19:14:47] [info] Eventos retrocedidos desde Finalizado: 0
[2024-11-19 19:14:47] [info] Eventos finalizados actualizados: 0
[2024-11-19 19:14:47] [info] Jugadores actualizados a terminado: 0
[2024-11-19 19:14:47] [info] Eventos iniciados: 0
[2024-11-19 19:14:47] [info] Evento ID: 13, Nombre: Halloween, Jugadores terminados: 7/7
[2024-11-19 19:14:47] [info] Evento ID: 15, Nombre: Instituto ABC, Jugadores terminados: 3/3
[2024-11-19 19:14:49] [info] Iniciando actualización de estados de eventos. Fecha actual: 2024-11-19 19:14:49
[2024-11-19 19:14:49] [info] Eventos retrocedidos a Pendiente: 0
[2024-11-19 19:14:49] [info] Eventos retrocedidos desde Finalizado: 0
[2024-11-19 19:14:49] [info] Eventos finalizados actualizados: 0
[2024-11-19 19:14:49] [info] Jugadores actualizados a terminado: 0
[2024-11-19 19:14:49] [info] Eventos iniciados: 0
[2024-11-19 19:14:49] [info] Evento ID: 13, Nombre: Halloween, Jugadores terminados: 7/7
[2024-11-19 19:14:49] [info] Evento ID: 15, Nombre: Instituto ABC, Jugadores terminados: 3/3
[2024-11-19 19:15:19] [info] Iniciando actualización de estados de eventos. Fecha actual: 2024-11-19 19:15:19
[2024-11-19 19:15:19] [info] Eventos retrocedidos a Pendiente: 0
[2024-11-19 19:15:19] [info] Eventos retrocedidos desde Finalizado: 0
[2024-11-19 19:15:19] [info] Eventos finalizados actualizados: 0
[2024-11-19 19:15:19] [info] Jugadores actualizados a terminado: 0
[2024-11-19 19:15:19] [info] Eventos iniciados: 0
[2024-11-19 19:15:19] [info] Evento ID: 13, Nombre: Halloween, Jugadores terminados: 7/7
[2024-11-19 19:15:19] [info] Evento ID: 15, Nombre: Instituto ABC, Jugadores terminados: 3/3
[2024-11-19 19:15:50] [info] Iniciando actualización de estados de eventos. Fecha actual: 2024-11-19 19:15:50
[2024-11-19 19:15:50] [info] Eventos retrocedidos a Pendiente: 0
[2024-11-19 19:15:50] [info] Eventos retrocedidos desde Finalizado: 0
[2024-11-19 19:15:50] [info] Eventos finalizados actualizados: 0
[2024-11-19 19:15:50] [info] Jugadores actualizados a terminado: 0
[2024-11-19 19:15:50] [info] Eventos iniciados: 0
[2024-11-19 19:15:50] [info] Evento ID: 13, Nombre: Halloween, Jugadores terminados: 7/7
[2024-11-19 19:15:50] [info] Evento ID: 15, Nombre: Instituto ABC, Jugadores terminados: 3/3
[2024-11-19 19:16:21] [info] Iniciando actualización de estados de eventos. Fecha actual: 2024-11-19 19:16:21
[2024-11-19 19:16:21] [info] Eventos retrocedidos a Pendiente: 0
[2024-11-19 19:16:21] [info] Eventos retrocedidos desde Finalizado: 0
[2024-11-19 19:16:21] [info] Eventos finalizados actualizados: 0
[2024-11-19 19:16:21] [info] Jugadores actualizados a terminado: 0
[2024-11-19 19:16:21] [info] Eventos iniciados: 0
[2024-11-19 19:16:21] [info] Evento ID: 13, Nombre: Halloween, Jugadores terminados: 7/7
[2024-11-19 19:16:21] [info] Evento ID: 15, Nombre: Instituto ABC, Jugadores terminados: 3/3
[2024-11-19 19:16:35] [info] Iniciando actualización de estados de eventos. Fecha actual: 2024-11-19 19:16:35
[2024-11-19 19:16:35] [info] Eventos retrocedidos a Pendiente: 0
[2024-11-19 19:16:35] [info] Eventos retrocedidos desde Finalizado: 0
[2024-11-19 19:16:35] [info] Eventos finalizados actualizados: 0
[2024-11-19 19:16:35] [info] Jugadores actualizados a terminado: 0
[2024-11-19 19:16:35] [info] Eventos iniciados: 0
[2024-11-19 19:16:35] [info] Evento ID: 13, Nombre: Halloween, Jugadores terminados: 7/7
[2024-11-19 19:16:35] [info] Evento ID: 15, Nombre: Instituto ABC, Jugadores terminados: 3/3
[2024-11-19 19:16:42] [info] Iniciando actualización de estados de eventos. Fecha actual: 2024-11-19 19:16:42
[2024-11-19 19:16:42] [info] Eventos retrocedidos a Pendiente: 0
[2024-11-19 19:16:42] [info] Eventos retrocedidos desde Finalizado: 0
[2024-11-19 19:16:42] [info] Eventos finalizados actualizados: 0
[2024-11-19 19:16:42] [info] Jugadores actualizados a terminado: 0
[2024-11-19 19:16:42] [info] Eventos iniciados: 0
[2024-11-19 19:16:42] [info] Evento ID: 13, Nombre: Halloween, Jugadores terminados: 7/7
[2024-11-19 19:16:42] [info] Evento ID: 15, Nombre: Instituto ABC, Jugadores terminados: 3/3
[2024-11-19 19:16:59] [info] Iniciando actualización de estados de eventos. Fecha actual: 2024-11-19 19:16:59
[2024-11-19 19:16:59] [info] Eventos retrocedidos a Pendiente: 0
[2024-11-19 19:16:59] [info] Eventos retrocedidos desde Finalizado: 0
[2024-11-19 19:16:59] [info] Eventos finalizados actualizados: 0
[2024-11-19 19:16:59] [info] Jugadores actualizados a terminado: 0
[2024-11-19 19:16:59] [info] Eventos iniciados: 0
[2024-11-19 19:16:59] [info] Evento ID: 13, Nombre: Halloween, Jugadores terminados: 7/7
[2024-11-19 19:16:59] [info] Evento ID: 15, Nombre: Instituto ABC, Jugadores terminados: 3/3
[2024-11-19 19:17:00] [info] Iniciando actualización de estados de eventos. Fecha actual: 2024-11-19 19:17:00
[2024-11-19 19:17:00] [info] Eventos retrocedidos a Pendiente: 0
[2024-11-19 19:17:00] [info] Eventos retrocedidos desde Finalizado: 0
[2024-11-19 19:17:00] [info] Eventos finalizados actualizados: 0
[2024-11-19 19:17:00] [info] Jugadores actualizados a terminado: 0
[2024-11-19 19:17:00] [info] Eventos iniciados: 0
[2024-11-19 19:17:00] [info] Evento ID: 13, Nombre: Halloween, Jugadores terminados: 7/7
[2024-11-19 19:17:00] [info] Evento ID: 15, Nombre: Instituto ABC, Jugadores terminados: 3/3
[2024-11-19 19:17:31] [info] Iniciando actualización de estados de eventos. Fecha actual: 2024-11-19 19:17:31
[2024-11-19 19:17:31] [info] Eventos retrocedidos a Pendiente: 0
[2024-11-19 19:17:31] [info] Eventos retrocedidos desde Finalizado: 0
[2024-11-19 19:17:31] [info] Eventos finalizados actualizados: 0
[2024-11-19 19:17:31] [info] Jugadores actualizados a terminado: 0
[2024-11-19 19:17:31] [info] Eventos iniciados: 0
[2024-11-19 19:17:31] [info] Evento ID: 13, Nombre: Halloween, Jugadores terminados: 7/7
[2024-11-19 19:17:31] [info] Evento ID: 15, Nombre: Instituto ABC, Jugadores terminados: 3/3
[2024-11-19 19:18:02] [info] Iniciando actualización de estados de eventos. Fecha actual: 2024-11-19 19:18:02
[2024-11-19 19:18:02] [info] Eventos retrocedidos a Pendiente: 0
[2024-11-19 19:18:02] [info] Eventos retrocedidos desde Finalizado: 0
[2024-11-19 19:18:02] [info] Eventos finalizados actualizados: 0
[2024-11-19 19:18:02] [info] Jugadores actualizados a terminado: 0
[2024-11-19 19:18:02] [info] Eventos iniciados: 0
[2024-11-19 19:18:02] [info] Evento ID: 13, Nombre: Halloween, Jugadores terminados: 7/7
[2024-11-19 19:18:02] [info] Evento ID: 15, Nombre: Instituto ABC, Jugadores terminados: 3/3
[2024-11-19 19:18:33] [info] Iniciando actualización de estados de eventos. Fecha actual: 2024-11-19 19:18:33
[2024-11-19 19:18:33] [info] Eventos retrocedidos a Pendiente: 0
[2024-11-19 19:18:33] [info] Eventos retrocedidos desde Finalizado: 0
[2024-11-19 19:18:33] [info] Eventos finalizados actualizados: 0
[2024-11-19 19:18:33] [info] Jugadores actualizados a terminado: 0
[2024-11-19 19:18:33] [info] Eventos iniciados: 0
[2024-11-19 19:18:33] [info] Evento ID: 13, Nombre: Halloween, Jugadores terminados: 7/7
[2024-11-19 19:18:33] [info] Evento ID: 15, Nombre: Instituto ABC, Jugadores terminados: 3/3
[2024-11-19 19:19:04] [info] Iniciando actualización de estados de eventos. Fecha actual: 2024-11-19 19:19:04
[2024-11-19 19:19:04] [info] Eventos retrocedidos a Pendiente: 0
[2024-11-19 19:19:04] [info] Eventos retrocedidos desde Finalizado: 0
[2024-11-19 19:19:04] [info] Eventos finalizados actualizados: 0
[2024-11-19 19:19:04] [info] Jugadores actualizados a terminado: 0
[2024-11-19 19:19:04] [info] Eventos iniciados: 0
[2024-11-19 19:19:04] [info] Evento ID: 13, Nombre: Halloween, Jugadores terminados: 7/7
[2024-11-19 19:19:04] [info] Evento ID: 15, Nombre: Instituto ABC, Jugadores terminados: 3/3
[2024-11-19 19:19:08] [info] Iniciando actualización de estados de eventos. Fecha actual: 2024-11-19 19:19:08
[2024-11-19 19:19:08] [info] Eventos retrocedidos a Pendiente: 0
[2024-11-19 19:19:08] [info] Eventos retrocedidos desde Finalizado: 0
[2024-11-19 19:19:08] [info] Eventos finalizados actualizados: 0
[2024-11-19 19:19:08] [info] Jugadores actualizados a terminado: 0
[2024-11-19 19:19:08] [info] Eventos iniciados: 0
[2024-11-19 19:19:08] [info] Evento ID: 13, Nombre: Halloween, Jugadores terminados: 7/7
[2024-11-19 19:19:08] [info] Evento ID: 15, Nombre: Instituto ABC, Jugadores terminados: 3/3
[2024-11-19 19:19:09] [info] Iniciando actualización de estados de eventos. Fecha actual: 2024-11-19 19:19:09
[2024-11-19 19:19:09] [info] Eventos retrocedidos a Pendiente: 0
[2024-11-19 19:19:09] [info] Eventos retrocedidos desde Finalizado: 0
[2024-11-19 19:19:09] [info] Eventos finalizados actualizados: 0
[2024-11-19 19:19:09] [info] Jugadores actualizados a terminado: 0
[2024-11-19 19:19:09] [info] Eventos iniciados: 0
[2024-11-19 19:19:09] [info] Evento ID: 13, Nombre: Halloween, Jugadores terminados: 7/7
[2024-11-19 19:19:09] [info] Evento ID: 15, Nombre: Instituto ABC, Jugadores terminados: 3/3
[2024-11-19 19:19:11] [info] Iniciando actualización de estados de eventos. Fecha actual: 2024-11-19 19:19:11
[2024-11-19 19:19:11] [info] Eventos retrocedidos a Pendiente: 0
[2024-11-19 19:19:11] [info] Eventos retrocedidos desde Finalizado: 0
[2024-11-19 19:19:11] [info] Eventos finalizados actualizados: 0
[2024-11-19 19:19:11] [info] Jugadores actualizados a terminado: 0
[2024-11-19 19:19:11] [info] Eventos iniciados: 0
[2024-11-19 19:19:11] [info] Evento ID: 13, Nombre: Halloween, Jugadores terminados: 7/7
[2024-11-19 19:19:11] [info] Evento ID: 15, Nombre: Instituto ABC, Jugadores terminados: 3/3
[2024-11-19 19:19:42] [info] Iniciando actualización de estados de eventos. Fecha actual: 2024-11-19 19:19:42
[2024-11-19 19:19:42] [info] Eventos retrocedidos a Pendiente: 0
[2024-11-19 19:19:42] [info] Eventos retrocedidos desde Finalizado: 0
[2024-11-19 19:19:42] [info] Eventos finalizados actualizados: 0
[2024-11-19 19:19:42] [info] Jugadores actualizados a terminado: 0
[2024-11-19 19:19:42] [info] Eventos iniciados: 0
[2024-11-19 19:19:42] [info] Evento ID: 13, Nombre: Halloween, Jugadores terminados: 7/7
[2024-11-19 19:19:42] [info] Evento ID: 15, Nombre: Instituto ABC, Jugadores terminados: 3/3
[2024-11-19 19:20:13] [info] Iniciando actualización de estados de eventos. Fecha actual: 2024-11-19 19:20:13
[2024-11-19 19:20:13] [info] Eventos retrocedidos a Pendiente: 0
[2024-11-19 19:20:13] [info] Eventos retrocedidos desde Finalizado: 0
[2024-11-19 19:20:13] [info] Eventos finalizados actualizados: 0
[2024-11-19 19:20:13] [info] Jugadores actualizados a terminado: 0
[2024-11-19 19:20:13] [info] Eventos iniciados: 0
[2024-11-19 19:20:13] [info] Evento ID: 13, Nombre: Halloween, Jugadores terminados: 7/7
[2024-11-19 19:20:13] [info] Evento ID: 15, Nombre: Instituto ABC, Jugadores terminados: 3/3
[2024-11-19 19:20:39] [info] Iniciando actualización de estados de eventos. Fecha actual: 2024-11-19 19:20:39
[2024-11-19 19:20:39] [info] Eventos retrocedidos a Pendiente: 0
[2024-11-19 19:20:39] [info] Eventos retrocedidos desde Finalizado: 0
[2024-11-19 19:20:39] [info] Eventos finalizados actualizados: 0
[2024-11-19 19:20:39] [info] Jugadores actualizados a terminado: 0
[2024-11-19 19:20:39] [info] Eventos iniciados: 0
[2024-11-19 19:20:39] [info] Evento ID: 13, Nombre: Halloween, Jugadores terminados: 7/7
[2024-11-19 19:20:39] [info] Evento ID: 15, Nombre: Instituto ABC, Jugadores terminados: 3/3
[2024-11-19 19:20:52] [info] Iniciando actualización de estados de eventos. Fecha actual: 2024-11-19 19:20:52
[2024-11-19 19:20:52] [info] Eventos retrocedidos a Pendiente: 0
[2024-11-19 19:20:52] [info] Eventos retrocedidos desde Finalizado: 0
[2024-11-19 19:20:52] [info] Eventos finalizados actualizados: 0
[2024-11-19 19:20:52] [info] Jugadores actualizados a terminado: 0
[2024-11-19 19:20:52] [info] Eventos iniciados: 0
[2024-11-19 19:20:52] [info] Evento ID: 13, Nombre: Halloween, Jugadores terminados: 7/7
[2024-11-19 19:20:52] [info] Evento ID: 15, Nombre: Instituto ABC, Jugadores terminados: 3/3
[2024-11-19 19:21:03] [info] Iniciando actualización de estados de eventos. Fecha actual: 2024-11-19 19:21:03
[2024-11-19 19:21:03] [info] Eventos retrocedidos a Pendiente: 0
[2024-11-19 19:21:03] [info] Eventos retrocedidos desde Finalizado: 0
[2024-11-19 19:21:03] [info] Eventos finalizados actualizados: 0
[2024-11-19 19:21:03] [info] Jugadores actualizados a terminado: 0
[2024-11-19 19:21:03] [info] Eventos iniciados: 0
[2024-11-19 19:21:03] [info] Evento ID: 13, Nombre: Halloween, Jugadores terminados: 7/7
[2024-11-19 19:21:03] [info] Evento ID: 15, Nombre: Instituto ABC, Jugadores terminados: 3/3
