[2025-02-17 20:00:01] [info] Administrador con ID 1 ha iniciado sesi贸n exitosamente
[2025-02-17 20:00:01] [info] Iniciando actualizaci贸n de estados de eventos. Fecha actual: 2025-02-17 20:00:01
[2025-02-17 20:00:01] [info] Eventos retrocedidos a Pendiente: 0
[2025-02-17 20:00:01] [info] Eventos retrocedidos desde Finalizado: 0
[2025-02-17 20:00:01] [info] Eventos finalizados actualizados: 0
[2025-02-17 20:00:01] [info] Jugadores actualizados a terminado: 0
[2025-02-17 20:00:01] [info] Eventos iniciados: 0
[2025-02-17 20:00:01] [info] Evento ID: 1, Nombre: Navidad, Jugadores terminados: 10/10
[2025-02-17 20:00:04] [info] Iniciando actualizaci贸n de estados de eventos. Fecha actual: 2025-02-17 20:00:04
[2025-02-17 20:00:04] [info] Eventos retrocedidos a Pendiente: 0
[2025-02-17 20:00:04] [info] Eventos retrocedidos desde Finalizado: 0
[2025-02-17 20:00:04] [info] Eventos finalizados actualizados: 0
[2025-02-17 20:00:04] [info] Jugadores actualizados a terminado: 0
[2025-02-17 20:00:04] [info] Eventos iniciados: 0
[2025-02-17 20:00:04] [info] Evento ID: 1, Nombre: Navidad, Jugadores terminados: 10/10
[2025-02-17 20:00:05] [info] Iniciando actualizaci贸n de estados de eventos. Fecha actual: 2025-02-17 20:00:05
[2025-02-17 20:00:05] [info] Eventos retrocedidos a Pendiente: 0
[2025-02-17 20:00:05] [info] Eventos retrocedidos desde Finalizado: 0
[2025-02-17 20:00:05] [info] Eventos finalizados actualizados: 0
[2025-02-17 20:00:05] [info] Jugadores actualizados a terminado: 0
[2025-02-17 20:00:05] [info] Eventos iniciados: 0
[2025-02-17 20:00:05] [info] Evento ID: 1, Nombre: Navidad, Jugadores terminados: 10/10
