[2025-01-14 12:38:54] [info] Administrador con ID 1 ha iniciado sesión exitosamente
[2025-01-14 12:38:54] [info] Iniciando actualización de estados de eventos. Fecha actual: 2025-01-14 12:38:54
[2025-01-14 12:38:54] [info] Eventos retrocedidos a Pendiente: 0
[2025-01-14 12:38:54] [info] Eventos retrocedidos desde Finalizado: 0
[2025-01-14 12:38:54] [info] Eventos finalizados actualizados: 0
[2025-01-14 12:38:54] [info] Jugadores actualizados a terminado: 0
[2025-01-14 12:38:54] [info] Eventos iniciados: 0
[2025-01-14 12:38:54] [info] Evento ID: 11, Nombre: Todos Santos, Jugadores terminados: 10/10
[2025-01-14 12:38:54] [info] Evento ID: 13, Nombre: Halloween, Jugadores terminados: 7/7
[2025-01-14 12:38:54] [info] Evento ID: 15, Nombre: Instituto ABC, Jugadores terminados: 3/3
[2025-01-14 12:38:54] [info] Evento ID: 16, Nombre: Sistemas UBI, Jugadores terminados: 18/18
[2025-01-14 12:38:54] [info] Evento ID: 24, Nombre: Microsoft, Jugadores terminados: 30/30
[2025-01-14 12:38:54] [info] Evento ID: 40, Nombre: New Year, Jugadores terminados: 5/5
[2025-01-14 12:38:55] [info] Iniciando actualización de estados de eventos. Fecha actual: 2025-01-14 12:38:55
[2025-01-14 12:38:55] [info] Eventos retrocedidos a Pendiente: 0
[2025-01-14 12:38:55] [info] Eventos retrocedidos desde Finalizado: 0
[2025-01-14 12:38:55] [info] Eventos finalizados actualizados: 0
[2025-01-14 12:38:55] [info] Jugadores actualizados a terminado: 0
[2025-01-14 12:38:55] [info] Eventos iniciados: 0
[2025-01-14 12:38:55] [info] Evento ID: 11, Nombre: Todos Santos, Jugadores terminados: 10/10
[2025-01-14 12:38:55] [info] Evento ID: 13, Nombre: Halloween, Jugadores terminados: 7/7
[2025-01-14 12:38:55] [info] Evento ID: 15, Nombre: Instituto ABC, Jugadores terminados: 3/3
[2025-01-14 12:38:55] [info] Evento ID: 16, Nombre: Sistemas UBI, Jugadores terminados: 18/18
[2025-01-14 12:38:55] [info] Evento ID: 24, Nombre: Microsoft, Jugadores terminados: 30/30
[2025-01-14 12:38:55] [info] Evento ID: 40, Nombre: New Year, Jugadores terminados: 5/5
[2025-01-14 12:38:58] [info] Iniciando actualización de estados de eventos. Fecha actual: 2025-01-14 12:38:58
[2025-01-14 12:38:58] [info] Eventos retrocedidos a Pendiente: 0
[2025-01-14 12:38:58] [info] Eventos retrocedidos desde Finalizado: 0
[2025-01-14 12:38:58] [info] Eventos finalizados actualizados: 0
[2025-01-14 12:38:58] [info] Jugadores actualizados a terminado: 0
[2025-01-14 12:38:58] [info] Eventos iniciados: 0
[2025-01-14 12:38:58] [info] Evento ID: 11, Nombre: Todos Santos, Jugadores terminados: 10/10
[2025-01-14 12:38:58] [info] Evento ID: 13, Nombre: Halloween, Jugadores terminados: 7/7
[2025-01-14 12:38:58] [info] Evento ID: 15, Nombre: Instituto ABC, Jugadores terminados: 3/3
[2025-01-14 12:38:58] [info] Evento ID: 16, Nombre: Sistemas UBI, Jugadores terminados: 18/18
[2025-01-14 12:38:58] [info] Evento ID: 24, Nombre: Microsoft, Jugadores terminados: 30/30
[2025-01-14 12:38:58] [info] Evento ID: 40, Nombre: New Year, Jugadores terminados: 5/5
[2025-01-14 12:39:28] [info] Iniciando actualización de estados de eventos. Fecha actual: 2025-01-14 12:39:28
[2025-01-14 12:39:28] [info] Eventos retrocedidos a Pendiente: 0
[2025-01-14 12:39:28] [info] Eventos retrocedidos desde Finalizado: 0
[2025-01-14 12:39:28] [info] Eventos finalizados actualizados: 0
[2025-01-14 12:39:28] [info] Jugadores actualizados a terminado: 0
[2025-01-14 12:39:28] [info] Eventos iniciados: 0
[2025-01-14 12:39:28] [info] Evento ID: 11, Nombre: Todos Santos, Jugadores terminados: 10/10
[2025-01-14 12:39:28] [info] Evento ID: 13, Nombre: Halloween, Jugadores terminados: 7/7
[2025-01-14 12:39:28] [info] Evento ID: 15, Nombre: Instituto ABC, Jugadores terminados: 3/3
[2025-01-14 12:39:28] [info] Evento ID: 16, Nombre: Sistemas UBI, Jugadores terminados: 18/18
[2025-01-14 12:39:28] [info] Evento ID: 24, Nombre: Microsoft, Jugadores terminados: 30/30
[2025-01-14 12:39:28] [info] Evento ID: 40, Nombre: New Year, Jugadores terminados: 5/5
[2025-01-14 12:39:36] [info] Iniciando actualización de estados de eventos. Fecha actual: 2025-01-14 12:39:36
[2025-01-14 12:39:36] [info] Eventos retrocedidos a Pendiente: 0
[2025-01-14 12:39:36] [info] Eventos retrocedidos desde Finalizado: 0
[2025-01-14 12:39:36] [info] Eventos finalizados actualizados: 0
[2025-01-14 12:39:36] [info] Jugadores actualizados a terminado: 0
[2025-01-14 12:39:36] [info] Eventos iniciados: 0
[2025-01-14 12:39:36] [info] Evento ID: 11, Nombre: Todos Santos, Jugadores terminados: 10/10
[2025-01-14 12:39:36] [info] Evento ID: 13, Nombre: Halloween, Jugadores terminados: 7/7
[2025-01-14 12:39:36] [info] Evento ID: 15, Nombre: Instituto ABC, Jugadores terminados: 3/3
[2025-01-14 12:39:36] [info] Evento ID: 16, Nombre: Sistemas UBI, Jugadores terminados: 18/18
[2025-01-14 12:39:36] [info] Evento ID: 24, Nombre: Microsoft, Jugadores terminados: 30/30
[2025-01-14 12:39:36] [info] Evento ID: 40, Nombre: New Year, Jugadores terminados: 5/5
[2025-01-14 12:39:56] [info] Iniciando actualización de estados de eventos. Fecha actual: 2025-01-14 12:39:56
[2025-01-14 12:39:56] [info] Eventos retrocedidos a Pendiente: 0
[2025-01-14 12:39:56] [info] Eventos retrocedidos desde Finalizado: 0
[2025-01-14 12:39:56] [info] Eventos finalizados actualizados: 0
[2025-01-14 12:39:56] [info] Jugadores actualizados a terminado: 0
[2025-01-14 12:39:56] [info] Eventos iniciados: 0
[2025-01-14 12:39:56] [info] Evento ID: 11, Nombre: Todos Santos, Jugadores terminados: 10/10
[2025-01-14 12:39:56] [info] Evento ID: 13, Nombre: Halloween, Jugadores terminados: 7/7
[2025-01-14 12:39:56] [info] Evento ID: 15, Nombre: Instituto ABC, Jugadores terminados: 3/3
[2025-01-14 12:39:56] [info] Evento ID: 16, Nombre: Sistemas UBI, Jugadores terminados: 18/18
[2025-01-14 12:39:56] [info] Evento ID: 24, Nombre: Microsoft, Jugadores terminados: 30/30
[2025-01-14 12:39:56] [info] Evento ID: 40, Nombre: New Year, Jugadores terminados: 5/5
[2025-01-14 12:39:57] [info] Iniciando actualización de estados de eventos. Fecha actual: 2025-01-14 12:39:57
[2025-01-14 12:39:57] [info] Eventos retrocedidos a Pendiente: 0
[2025-01-14 12:39:57] [info] Eventos retrocedidos desde Finalizado: 1
[2025-01-14 12:39:57] [info] Eventos finalizados actualizados: 0
[2025-01-14 12:39:57] [info] Jugadores actualizados a terminado: 0
[2025-01-14 12:39:57] [info] Eventos iniciados: 0
[2025-01-14 12:39:57] [info] Evento ID: 11, Nombre: Todos Santos, Jugadores terminados: 10/10
[2025-01-14 12:39:57] [info] Evento ID: 13, Nombre: Halloween, Jugadores terminados: 7/7
[2025-01-14 12:39:57] [info] Evento ID: 15, Nombre: Instituto ABC, Jugadores terminados: 3/3
[2025-01-14 12:39:57] [info] Evento ID: 24, Nombre: Microsoft, Jugadores terminados: 30/30
[2025-01-14 12:39:57] [info] Evento ID: 40, Nombre: New Year, Jugadores terminados: 5/5
[2025-01-14 12:40:00] [info] Iniciando actualización de estados de eventos. Fecha actual: 2025-01-14 12:40:00
[2025-01-14 12:40:00] [info] Eventos retrocedidos a Pendiente: 0
[2025-01-14 12:40:00] [info] Eventos retrocedidos desde Finalizado: 0
[2025-01-14 12:40:00] [info] Eventos finalizados actualizados: 0
[2025-01-14 12:40:00] [info] Jugadores actualizados a terminado: 0
[2025-01-14 12:40:00] [info] Eventos iniciados: 1
[2025-01-14 12:40:00] [info] Evento ID: 11, Nombre: Todos Santos, Jugadores terminados: 10/10
[2025-01-14 12:40:00] [info] Evento ID: 13, Nombre: Halloween, Jugadores terminados: 7/7
[2025-01-14 12:40:00] [info] Evento ID: 15, Nombre: Instituto ABC, Jugadores terminados: 3/3
[2025-01-14 12:40:00] [info] Evento ID: 24, Nombre: Microsoft, Jugadores terminados: 30/30
[2025-01-14 12:40:00] [info] Evento ID: 40, Nombre: New Year, Jugadores terminados: 5/5
[2025-01-14 12:40:08] [info] Iniciando actualización de estados de eventos. Fecha actual: 2025-01-14 12:40:08
[2025-01-14 12:40:08] [info] Eventos retrocedidos a Pendiente: 0
[2025-01-14 12:40:08] [info] Eventos retrocedidos desde Finalizado: 0
[2025-01-14 12:40:08] [info] Eventos finalizados actualizados: 0
[2025-01-14 12:40:08] [info] Jugadores actualizados a terminado: 0
[2025-01-14 12:40:08] [info] Eventos iniciados: 0
[2025-01-14 12:40:08] [info] Evento ID: 11, Nombre: Todos Santos, Jugadores terminados: 10/10
[2025-01-14 12:40:08] [info] Evento ID: 13, Nombre: Halloween, Jugadores terminados: 7/7
[2025-01-14 12:40:08] [info] Evento ID: 15, Nombre: Instituto ABC, Jugadores terminados: 3/3
[2025-01-14 12:40:08] [info] Evento ID: 24, Nombre: Microsoft, Jugadores terminados: 30/30
[2025-01-14 12:40:08] [info] Evento ID: 40, Nombre: New Year, Jugadores terminados: 5/5
[2025-01-14 12:40:11] [info] Iniciando actualización de estados de eventos. Fecha actual: 2025-01-14 12:40:11
[2025-01-14 12:40:11] [info] Eventos retrocedidos a Pendiente: 0
[2025-01-14 12:40:11] [info] Eventos retrocedidos desde Finalizado: 0
[2025-01-14 12:40:11] [info] Eventos finalizados actualizados: 0
[2025-01-14 12:40:11] [info] Jugadores actualizados a terminado: 0
[2025-01-14 12:40:11] [info] Eventos iniciados: 0
[2025-01-14 12:40:11] [info] Evento ID: 11, Nombre: Todos Santos, Jugadores terminados: 10/10
[2025-01-14 12:40:11] [info] Evento ID: 13, Nombre: Halloween, Jugadores terminados: 7/7
[2025-01-14 12:40:11] [info] Evento ID: 15, Nombre: Instituto ABC, Jugadores terminados: 3/3
[2025-01-14 12:40:11] [info] Evento ID: 24, Nombre: Microsoft, Jugadores terminados: 30/30
[2025-01-14 12:40:11] [info] Evento ID: 40, Nombre: New Year, Jugadores terminados: 5/5
[2025-01-14 12:40:13] [info] Iniciando actualización de estados de eventos. Fecha actual: 2025-01-14 12:40:13
[2025-01-14 12:40:13] [info] Eventos retrocedidos a Pendiente: 0
[2025-01-14 12:40:13] [info] Eventos retrocedidos desde Finalizado: 0
[2025-01-14 12:40:13] [info] Eventos finalizados actualizados: 0
[2025-01-14 12:40:13] [info] Jugadores actualizados a terminado: 0
[2025-01-14 12:40:13] [info] Eventos iniciados: 0
[2025-01-14 12:40:13] [info] Evento ID: 11, Nombre: Todos Santos, Jugadores terminados: 10/10
[2025-01-14 12:40:13] [info] Evento ID: 13, Nombre: Halloween, Jugadores terminados: 7/7
[2025-01-14 12:40:13] [info] Evento ID: 15, Nombre: Instituto ABC, Jugadores terminados: 3/3
[2025-01-14 12:40:13] [info] Evento ID: 24, Nombre: Microsoft, Jugadores terminados: 30/30
[2025-01-14 12:40:13] [info] Evento ID: 40, Nombre: New Year, Jugadores terminados: 5/5
[2025-01-14 12:40:18] [info] Iniciando actualización de estados de eventos. Fecha actual: 2025-01-14 12:40:18
[2025-01-14 12:40:18] [info] Eventos retrocedidos a Pendiente: 0
[2025-01-14 12:40:18] [info] Eventos retrocedidos desde Finalizado: 0
[2025-01-14 12:40:18] [info] Eventos finalizados actualizados: 0
[2025-01-14 12:40:18] [info] Jugadores actualizados a terminado: 0
[2025-01-14 12:40:18] [info] Eventos iniciados: 0
[2025-01-14 12:40:18] [info] Evento ID: 11, Nombre: Todos Santos, Jugadores terminados: 10/10
[2025-01-14 12:40:18] [info] Evento ID: 13, Nombre: Halloween, Jugadores terminados: 7/7
[2025-01-14 12:40:18] [info] Evento ID: 15, Nombre: Instituto ABC, Jugadores terminados: 3/3
[2025-01-14 12:40:18] [info] Evento ID: 16, Nombre: Sistemas UBI, Jugadores terminados: 18/18
[2025-01-14 12:40:18] [info] Evento ID: 24, Nombre: Microsoft, Jugadores terminados: 30/30
[2025-01-14 12:40:18] [info] Evento ID: 40, Nombre: New Year, Jugadores terminados: 5/5
[2025-01-14 12:40:18] [info] Iniciando actualización de estados de eventos. Fecha actual: 2025-01-14 12:40:18
[2025-01-14 12:40:18] [info] Eventos retrocedidos a Pendiente: 0
[2025-01-14 12:40:18] [info] Eventos retrocedidos desde Finalizado: 0
[2025-01-14 12:40:18] [info] Eventos finalizados actualizados: 0
[2025-01-14 12:40:18] [info] Jugadores actualizados a terminado: 0
[2025-01-14 12:40:18] [info] Eventos iniciados: 0
[2025-01-14 12:40:18] [info] Evento ID: 11, Nombre: Todos Santos, Jugadores terminados: 10/10
[2025-01-14 12:40:18] [info] Evento ID: 13, Nombre: Halloween, Jugadores terminados: 7/7
[2025-01-14 12:40:18] [info] Evento ID: 15, Nombre: Instituto ABC, Jugadores terminados: 3/3
[2025-01-14 12:40:18] [info] Evento ID: 16, Nombre: Sistemas UBI, Jugadores terminados: 18/18
[2025-01-14 12:40:18] [info] Evento ID: 24, Nombre: Microsoft, Jugadores terminados: 30/30
[2025-01-14 12:40:18] [info] Evento ID: 40, Nombre: New Year, Jugadores terminados: 5/5
[2025-01-14 12:40:49] [info] Iniciando actualización de estados de eventos. Fecha actual: 2025-01-14 12:40:49
[2025-01-14 12:40:49] [info] Eventos retrocedidos a Pendiente: 0
[2025-01-14 12:40:49] [info] Eventos retrocedidos desde Finalizado: 0
[2025-01-14 12:40:49] [info] Eventos finalizados actualizados: 0
[2025-01-14 12:40:49] [info] Jugadores actualizados a terminado: 0
[2025-01-14 12:40:49] [info] Eventos iniciados: 0
[2025-01-14 12:40:49] [info] Evento ID: 11, Nombre: Todos Santos, Jugadores terminados: 10/10
[2025-01-14 12:40:49] [info] Evento ID: 13, Nombre: Halloween, Jugadores terminados: 7/7
[2025-01-14 12:40:49] [info] Evento ID: 15, Nombre: Instituto ABC, Jugadores terminados: 3/3
[2025-01-14 12:40:49] [info] Evento ID: 16, Nombre: Sistemas UBI, Jugadores terminados: 18/18
[2025-01-14 12:40:49] [info] Evento ID: 24, Nombre: Microsoft, Jugadores terminados: 30/30
[2025-01-14 12:40:49] [info] Evento ID: 40, Nombre: New Year, Jugadores terminados: 5/5
[2025-01-14 12:41:19] [info] Iniciando actualización de estados de eventos. Fecha actual: 2025-01-14 12:41:19
[2025-01-14 12:41:19] [info] Eventos retrocedidos a Pendiente: 0
[2025-01-14 12:41:19] [info] Eventos retrocedidos desde Finalizado: 0
[2025-01-14 12:41:19] [info] Eventos finalizados actualizados: 0
[2025-01-14 12:41:19] [info] Jugadores actualizados a terminado: 0
[2025-01-14 12:41:19] [info] Eventos iniciados: 0
[2025-01-14 12:41:19] [info] Evento ID: 11, Nombre: Todos Santos, Jugadores terminados: 10/10
[2025-01-14 12:41:19] [info] Evento ID: 13, Nombre: Halloween, Jugadores terminados: 7/7
[2025-01-14 12:41:19] [info] Evento ID: 15, Nombre: Instituto ABC, Jugadores terminados: 3/3
[2025-01-14 12:41:19] [info] Evento ID: 16, Nombre: Sistemas UBI, Jugadores terminados: 18/18
[2025-01-14 12:41:19] [info] Evento ID: 24, Nombre: Microsoft, Jugadores terminados: 30/30
[2025-01-14 12:41:19] [info] Evento ID: 40, Nombre: New Year, Jugadores terminados: 5/5
[2025-01-14 12:41:49] [info] Iniciando actualización de estados de eventos. Fecha actual: 2025-01-14 12:41:49
[2025-01-14 12:41:49] [info] Eventos retrocedidos a Pendiente: 0
[2025-01-14 12:41:49] [info] Eventos retrocedidos desde Finalizado: 0
[2025-01-14 12:41:49] [info] Eventos finalizados actualizados: 0
[2025-01-14 12:41:49] [info] Jugadores actualizados a terminado: 0
[2025-01-14 12:41:49] [info] Eventos iniciados: 0
[2025-01-14 12:41:49] [info] Evento ID: 11, Nombre: Todos Santos, Jugadores terminados: 10/10
[2025-01-14 12:41:49] [info] Evento ID: 13, Nombre: Halloween, Jugadores terminados: 7/7
[2025-01-14 12:41:49] [info] Evento ID: 15, Nombre: Instituto ABC, Jugadores terminados: 3/3
[2025-01-14 12:41:49] [info] Evento ID: 16, Nombre: Sistemas UBI, Jugadores terminados: 18/18
[2025-01-14 12:41:49] [info] Evento ID: 24, Nombre: Microsoft, Jugadores terminados: 30/30
[2025-01-14 12:41:49] [info] Evento ID: 40, Nombre: New Year, Jugadores terminados: 5/5
[2025-01-14 12:42:19] [info] Iniciando actualización de estados de eventos. Fecha actual: 2025-01-14 12:42:19
[2025-01-14 12:42:19] [info] Eventos retrocedidos a Pendiente: 0
[2025-01-14 12:42:19] [info] Eventos retrocedidos desde Finalizado: 0
[2025-01-14 12:42:19] [info] Eventos finalizados actualizados: 0
[2025-01-14 12:42:19] [info] Jugadores actualizados a terminado: 0
[2025-01-14 12:42:19] [info] Eventos iniciados: 0
[2025-01-14 12:42:19] [info] Evento ID: 11, Nombre: Todos Santos, Jugadores terminados: 10/10
[2025-01-14 12:42:19] [info] Evento ID: 13, Nombre: Halloween, Jugadores terminados: 7/7
[2025-01-14 12:42:19] [info] Evento ID: 15, Nombre: Instituto ABC, Jugadores terminados: 3/3
[2025-01-14 12:42:19] [info] Evento ID: 16, Nombre: Sistemas UBI, Jugadores terminados: 18/18
[2025-01-14 12:42:19] [info] Evento ID: 24, Nombre: Microsoft, Jugadores terminados: 30/30
[2025-01-14 12:42:19] [info] Evento ID: 40, Nombre: New Year, Jugadores terminados: 5/5
[2025-01-14 12:42:49] [info] Iniciando actualización de estados de eventos. Fecha actual: 2025-01-14 12:42:49
[2025-01-14 12:42:49] [info] Eventos retrocedidos a Pendiente: 0
[2025-01-14 12:42:49] [info] Eventos retrocedidos desde Finalizado: 0
[2025-01-14 12:42:49] [info] Eventos finalizados actualizados: 0
[2025-01-14 12:42:49] [info] Jugadores actualizados a terminado: 0
[2025-01-14 12:42:49] [info] Eventos iniciados: 0
[2025-01-14 12:42:49] [info] Evento ID: 11, Nombre: Todos Santos, Jugadores terminados: 10/10
[2025-01-14 12:42:49] [info] Evento ID: 13, Nombre: Halloween, Jugadores terminados: 7/7
[2025-01-14 12:42:49] [info] Evento ID: 15, Nombre: Instituto ABC, Jugadores terminados: 3/3
[2025-01-14 12:42:49] [info] Evento ID: 16, Nombre: Sistemas UBI, Jugadores terminados: 18/18
[2025-01-14 12:42:49] [info] Evento ID: 24, Nombre: Microsoft, Jugadores terminados: 30/30
[2025-01-14 12:42:49] [info] Evento ID: 40, Nombre: New Year, Jugadores terminados: 5/5
[2025-01-14 12:43:48] [info] Iniciando actualización de estados de eventos. Fecha actual: 2025-01-14 12:43:48
[2025-01-14 12:43:48] [info] Eventos retrocedidos a Pendiente: 0
[2025-01-14 12:43:48] [info] Eventos retrocedidos desde Finalizado: 0
[2025-01-14 12:43:48] [info] Eventos finalizados actualizados: 0
[2025-01-14 12:43:48] [info] Jugadores actualizados a terminado: 0
[2025-01-14 12:43:48] [info] Eventos iniciados: 0
[2025-01-14 12:43:48] [info] Evento ID: 11, Nombre: Todos Santos, Jugadores terminados: 10/10
[2025-01-14 12:43:48] [info] Evento ID: 13, Nombre: Halloween, Jugadores terminados: 7/7
[2025-01-14 12:43:48] [info] Evento ID: 15, Nombre: Instituto ABC, Jugadores terminados: 3/3
[2025-01-14 12:43:48] [info] Evento ID: 16, Nombre: Sistemas UBI, Jugadores terminados: 18/18
[2025-01-14 12:43:48] [info] Evento ID: 24, Nombre: Microsoft, Jugadores terminados: 30/30
[2025-01-14 12:43:48] [info] Evento ID: 40, Nombre: New Year, Jugadores terminados: 5/5
[2025-01-14 12:44:48] [info] Iniciando actualización de estados de eventos. Fecha actual: 2025-01-14 12:44:48
[2025-01-14 12:44:48] [info] Eventos retrocedidos a Pendiente: 0
[2025-01-14 12:44:48] [info] Eventos retrocedidos desde Finalizado: 0
[2025-01-14 12:44:48] [info] Eventos finalizados actualizados: 0
[2025-01-14 12:44:48] [info] Jugadores actualizados a terminado: 0
[2025-01-14 12:44:48] [info] Eventos iniciados: 0
[2025-01-14 12:44:48] [info] Evento ID: 11, Nombre: Todos Santos, Jugadores terminados: 10/10
[2025-01-14 12:44:48] [info] Evento ID: 13, Nombre: Halloween, Jugadores terminados: 7/7
[2025-01-14 12:44:48] [info] Evento ID: 15, Nombre: Instituto ABC, Jugadores terminados: 3/3
[2025-01-14 12:44:48] [info] Evento ID: 16, Nombre: Sistemas UBI, Jugadores terminados: 18/18
[2025-01-14 12:44:48] [info] Evento ID: 24, Nombre: Microsoft, Jugadores terminados: 30/30
[2025-01-14 12:44:48] [info] Evento ID: 40, Nombre: New Year, Jugadores terminados: 5/5
[2025-01-14 12:45:40] [info] Iniciando actualización de estados de eventos. Fecha actual: 2025-01-14 12:45:40
[2025-01-14 12:45:40] [info] Eventos retrocedidos a Pendiente: 0
[2025-01-14 12:45:40] [info] Eventos retrocedidos desde Finalizado: 0
[2025-01-14 12:45:40] [info] Eventos finalizados actualizados: 0
[2025-01-14 12:45:40] [info] Jugadores actualizados a terminado: 0
[2025-01-14 12:45:40] [info] Eventos iniciados: 0
[2025-01-14 12:45:40] [info] Evento ID: 11, Nombre: Todos Santos, Jugadores terminados: 10/10
[2025-01-14 12:45:40] [info] Evento ID: 13, Nombre: Halloween, Jugadores terminados: 7/7
[2025-01-14 12:45:40] [info] Evento ID: 15, Nombre: Instituto ABC, Jugadores terminados: 3/3
[2025-01-14 12:45:40] [info] Evento ID: 16, Nombre: Sistemas UBI, Jugadores terminados: 18/18
[2025-01-14 12:45:40] [info] Evento ID: 24, Nombre: Microsoft, Jugadores terminados: 30/30
[2025-01-14 12:45:40] [info] Evento ID: 40, Nombre: New Year, Jugadores terminados: 5/5
[2025-01-14 12:45:42] [info] Iniciando actualización de estados de eventos. Fecha actual: 2025-01-14 12:45:42
[2025-01-14 12:45:42] [info] Eventos retrocedidos a Pendiente: 0
[2025-01-14 12:45:42] [info] Eventos retrocedidos desde Finalizado: 0
[2025-01-14 12:45:42] [info] Eventos finalizados actualizados: 0
[2025-01-14 12:45:42] [info] Jugadores actualizados a terminado: 0
[2025-01-14 12:45:42] [info] Eventos iniciados: 0
[2025-01-14 12:45:42] [info] Evento ID: 11, Nombre: Todos Santos, Jugadores terminados: 10/10
[2025-01-14 12:45:42] [info] Evento ID: 13, Nombre: Halloween, Jugadores terminados: 7/7
[2025-01-14 12:45:42] [info] Evento ID: 15, Nombre: Instituto ABC, Jugadores terminados: 3/3
[2025-01-14 12:45:42] [info] Evento ID: 16, Nombre: Sistemas UBI, Jugadores terminados: 18/18
[2025-01-14 12:45:42] [info] Evento ID: 24, Nombre: Microsoft, Jugadores terminados: 30/30
[2025-01-14 12:45:42] [info] Evento ID: 40, Nombre: New Year, Jugadores terminados: 5/5
[2025-01-14 12:45:49] [info] Iniciando actualización de estados de eventos. Fecha actual: 2025-01-14 12:45:49
[2025-01-14 12:45:49] [info] Eventos retrocedidos a Pendiente: 0
[2025-01-14 12:45:49] [info] Eventos retrocedidos desde Finalizado: 0
[2025-01-14 12:45:49] [info] Eventos finalizados actualizados: 0
[2025-01-14 12:45:49] [info] Jugadores actualizados a terminado: 0
[2025-01-14 12:45:49] [info] Eventos iniciados: 0
[2025-01-14 12:45:49] [info] Evento ID: 11, Nombre: Todos Santos, Jugadores terminados: 10/10
[2025-01-14 12:45:49] [info] Evento ID: 13, Nombre: Halloween, Jugadores terminados: 7/7
[2025-01-14 12:45:49] [info] Evento ID: 15, Nombre: Instituto ABC, Jugadores terminados: 3/3
[2025-01-14 12:45:49] [info] Evento ID: 16, Nombre: Sistemas UBI, Jugadores terminados: 18/18
[2025-01-14 12:45:49] [info] Evento ID: 24, Nombre: Microsoft, Jugadores terminados: 30/30
[2025-01-14 12:45:49] [info] Evento ID: 40, Nombre: New Year, Jugadores terminados: 5/5
[2025-01-14 12:46:05] [info] Iniciando actualización de estados de eventos. Fecha actual: 2025-01-14 12:46:05
[2025-01-14 12:46:05] [info] Eventos retrocedidos a Pendiente: 0
[2025-01-14 12:46:05] [info] Eventos retrocedidos desde Finalizado: 0
[2025-01-14 12:46:05] [info] Eventos finalizados actualizados: 0
[2025-01-14 12:46:05] [info] Jugadores actualizados a terminado: 0
[2025-01-14 12:46:05] [info] Eventos iniciados: 0
[2025-01-14 12:46:05] [info] Evento ID: 11, Nombre: Todos Santos, Jugadores terminados: 10/10
[2025-01-14 12:46:05] [info] Evento ID: 13, Nombre: Halloween, Jugadores terminados: 7/7
[2025-01-14 12:46:05] [info] Evento ID: 15, Nombre: Instituto ABC, Jugadores terminados: 3/3
[2025-01-14 12:46:05] [info] Evento ID: 16, Nombre: Sistemas UBI, Jugadores terminados: 18/18
[2025-01-14 12:46:05] [info] Evento ID: 24, Nombre: Microsoft, Jugadores terminados: 30/30
[2025-01-14 12:46:05] [info] Evento ID: 40, Nombre: New Year, Jugadores terminados: 5/5
[2025-01-14 12:46:18] [info] Iniciando actualización de estados de eventos. Fecha actual: 2025-01-14 12:46:18
[2025-01-14 12:46:18] [info] Eventos retrocedidos a Pendiente: 0
[2025-01-14 12:46:18] [info] Eventos retrocedidos desde Finalizado: 0
[2025-01-14 12:46:18] [info] Eventos finalizados actualizados: 0
[2025-01-14 12:46:18] [info] Jugadores actualizados a terminado: 0
[2025-01-14 12:46:18] [info] Eventos iniciados: 0
[2025-01-14 12:46:18] [info] Evento ID: 11, Nombre: Todos Santos, Jugadores terminados: 10/10
[2025-01-14 12:46:18] [info] Evento ID: 13, Nombre: Halloween, Jugadores terminados: 7/7
[2025-01-14 12:46:18] [info] Evento ID: 15, Nombre: Instituto ABC, Jugadores terminados: 3/3
[2025-01-14 12:46:18] [info] Evento ID: 16, Nombre: Sistemas UBI, Jugadores terminados: 18/18
[2025-01-14 12:46:18] [info] Evento ID: 24, Nombre: Microsoft, Jugadores terminados: 30/30
[2025-01-14 12:46:18] [info] Evento ID: 40, Nombre: New Year, Jugadores terminados: 5/5
[2025-01-14 12:46:40] [info] Iniciando actualización de estados de eventos. Fecha actual: 2025-01-14 12:46:40
[2025-01-14 12:46:40] [info] Eventos retrocedidos a Pendiente: 0
[2025-01-14 12:46:40] [info] Eventos retrocedidos desde Finalizado: 0
[2025-01-14 12:46:40] [info] Eventos finalizados actualizados: 0
[2025-01-14 12:46:40] [info] Jugadores actualizados a terminado: 0
[2025-01-14 12:46:40] [info] Eventos iniciados: 0
[2025-01-14 12:46:40] [info] Evento ID: 11, Nombre: Todos Santos, Jugadores terminados: 10/10
[2025-01-14 12:46:40] [info] Evento ID: 13, Nombre: Halloween, Jugadores terminados: 7/7
[2025-01-14 12:46:40] [info] Evento ID: 15, Nombre: Instituto ABC, Jugadores terminados: 3/3
[2025-01-14 12:46:40] [info] Evento ID: 16, Nombre: Sistemas UBI, Jugadores terminados: 18/18
[2025-01-14 12:46:40] [info] Evento ID: 24, Nombre: Microsoft, Jugadores terminados: 30/30
[2025-01-14 12:46:40] [info] Evento ID: 40, Nombre: New Year, Jugadores terminados: 5/5
[2025-01-14 12:46:40] [info] Iniciando actualización de estados de eventos. Fecha actual: 2025-01-14 12:46:40
[2025-01-14 12:46:40] [info] Eventos retrocedidos a Pendiente: 0
[2025-01-14 12:46:40] [info] Eventos retrocedidos desde Finalizado: 1
[2025-01-14 12:46:40] [info] Eventos finalizados actualizados: 0
[2025-01-14 12:46:40] [info] Jugadores actualizados a terminado: 0
[2025-01-14 12:46:40] [info] Eventos iniciados: 0
[2025-01-14 12:46:40] [info] Evento ID: 11, Nombre: Todos Santos, Jugadores terminados: 10/10
[2025-01-14 12:46:40] [info] Evento ID: 13, Nombre: Halloween, Jugadores terminados: 7/7
[2025-01-14 12:46:40] [info] Evento ID: 15, Nombre: Instituto ABC, Jugadores terminados: 3/3
[2025-01-14 12:46:40] [info] Evento ID: 16, Nombre: Sistemas UBI, Jugadores terminados: 18/18
[2025-01-14 12:46:40] [info] Evento ID: 24, Nombre: Microsoft, Jugadores terminados: 30/30
[2025-01-14 12:46:43] [info] Iniciando actualización de estados de eventos. Fecha actual: 2025-01-14 12:46:43
[2025-01-14 12:46:43] [info] Eventos retrocedidos a Pendiente: 0
[2025-01-14 12:46:43] [info] Eventos retrocedidos desde Finalizado: 0
[2025-01-14 12:46:43] [info] Eventos finalizados actualizados: 0
[2025-01-14 12:46:43] [info] Jugadores actualizados a terminado: 0
[2025-01-14 12:46:43] [info] Eventos iniciados: 0
[2025-01-14 12:46:43] [info] Evento ID: 11, Nombre: Todos Santos, Jugadores terminados: 10/10
[2025-01-14 12:46:43] [info] Evento ID: 13, Nombre: Halloween, Jugadores terminados: 7/7
[2025-01-14 12:46:43] [info] Evento ID: 15, Nombre: Instituto ABC, Jugadores terminados: 3/3
[2025-01-14 12:46:43] [info] Evento ID: 16, Nombre: Sistemas UBI, Jugadores terminados: 18/18
[2025-01-14 12:46:43] [info] Evento ID: 24, Nombre: Microsoft, Jugadores terminados: 30/30
[2025-01-14 12:48:55] [info] Iniciando actualización de estados de eventos. Fecha actual: 2025-01-14 12:48:55
[2025-01-14 12:48:55] [info] Eventos retrocedidos a Pendiente: 0
[2025-01-14 12:48:55] [info] Eventos retrocedidos desde Finalizado: 0
[2025-01-14 12:48:55] [info] Eventos finalizados actualizados: 0
[2025-01-14 12:48:55] [info] Jugadores actualizados a terminado: 0
[2025-01-14 12:48:55] [info] Eventos iniciados: 1
[2025-01-14 12:48:55] [info] Evento ID: 11, Nombre: Todos Santos, Jugadores terminados: 10/10
[2025-01-14 12:48:55] [info] Evento ID: 13, Nombre: Halloween, Jugadores terminados: 7/7
[2025-01-14 12:48:55] [info] Evento ID: 15, Nombre: Instituto ABC, Jugadores terminados: 3/3
[2025-01-14 12:48:55] [info] Evento ID: 16, Nombre: Sistemas UBI, Jugadores terminados: 18/18
[2025-01-14 12:48:55] [info] Evento ID: 24, Nombre: Microsoft, Jugadores terminados: 30/30
[2025-01-14 12:49:25] [info] Iniciando actualización de estados de eventos. Fecha actual: 2025-01-14 12:49:25
[2025-01-14 12:49:25] [info] Eventos retrocedidos a Pendiente: 0
[2025-01-14 12:49:25] [info] Eventos retrocedidos desde Finalizado: 0
[2025-01-14 12:49:25] [info] Eventos finalizados actualizados: 0
[2025-01-14 12:49:25] [info] Jugadores actualizados a terminado: 0
[2025-01-14 12:49:25] [info] Eventos iniciados: 0
[2025-01-14 12:49:25] [info] Evento ID: 11, Nombre: Todos Santos, Jugadores terminados: 10/10
[2025-01-14 12:49:25] [info] Evento ID: 13, Nombre: Halloween, Jugadores terminados: 7/7
[2025-01-14 12:49:25] [info] Evento ID: 15, Nombre: Instituto ABC, Jugadores terminados: 3/3
[2025-01-14 12:49:25] [info] Evento ID: 16, Nombre: Sistemas UBI, Jugadores terminados: 18/18
[2025-01-14 12:49:25] [info] Evento ID: 24, Nombre: Microsoft, Jugadores terminados: 30/30
[2025-01-14 12:49:55] [info] Iniciando actualización de estados de eventos. Fecha actual: 2025-01-14 12:49:55
[2025-01-14 12:49:55] [info] Eventos retrocedidos a Pendiente: 0
[2025-01-14 12:49:55] [info] Eventos retrocedidos desde Finalizado: 0
[2025-01-14 12:49:55] [info] Eventos finalizados actualizados: 0
[2025-01-14 12:49:55] [info] Jugadores actualizados a terminado: 0
[2025-01-14 12:49:55] [info] Eventos iniciados: 0
[2025-01-14 12:49:55] [info] Evento ID: 11, Nombre: Todos Santos, Jugadores terminados: 10/10
[2025-01-14 12:49:55] [info] Evento ID: 13, Nombre: Halloween, Jugadores terminados: 7/7
[2025-01-14 12:49:55] [info] Evento ID: 15, Nombre: Instituto ABC, Jugadores terminados: 3/3
[2025-01-14 12:49:55] [info] Evento ID: 16, Nombre: Sistemas UBI, Jugadores terminados: 18/18
[2025-01-14 12:49:55] [info] Evento ID: 24, Nombre: Microsoft, Jugadores terminados: 30/30
[2025-01-14 12:50:25] [info] Iniciando actualización de estados de eventos. Fecha actual: 2025-01-14 12:50:25
[2025-01-14 12:50:25] [info] Eventos retrocedidos a Pendiente: 0
[2025-01-14 12:50:25] [info] Eventos retrocedidos desde Finalizado: 0
[2025-01-14 12:50:25] [info] Eventos finalizados actualizados: 0
[2025-01-14 12:50:25] [info] Jugadores actualizados a terminado: 0
[2025-01-14 12:50:25] [info] Eventos iniciados: 0
[2025-01-14 12:50:25] [info] Evento ID: 11, Nombre: Todos Santos, Jugadores terminados: 10/10
[2025-01-14 12:50:25] [info] Evento ID: 13, Nombre: Halloween, Jugadores terminados: 7/7
[2025-01-14 12:50:25] [info] Evento ID: 15, Nombre: Instituto ABC, Jugadores terminados: 3/3
[2025-01-14 12:50:25] [info] Evento ID: 16, Nombre: Sistemas UBI, Jugadores terminados: 18/18
[2025-01-14 12:50:25] [info] Evento ID: 24, Nombre: Microsoft, Jugadores terminados: 30/30
[2025-01-14 12:50:55] [info] Iniciando actualización de estados de eventos. Fecha actual: 2025-01-14 12:50:55
[2025-01-14 12:50:55] [info] Eventos retrocedidos a Pendiente: 0
[2025-01-14 12:50:55] [info] Eventos retrocedidos desde Finalizado: 0
[2025-01-14 12:50:55] [info] Eventos finalizados actualizados: 0
[2025-01-14 12:50:55] [info] Jugadores actualizados a terminado: 0
[2025-01-14 12:50:55] [info] Eventos iniciados: 0
[2025-01-14 12:50:55] [info] Evento ID: 11, Nombre: Todos Santos, Jugadores terminados: 10/10
[2025-01-14 12:50:55] [info] Evento ID: 13, Nombre: Halloween, Jugadores terminados: 7/7
[2025-01-14 12:50:55] [info] Evento ID: 15, Nombre: Instituto ABC, Jugadores terminados: 3/3
[2025-01-14 12:50:55] [info] Evento ID: 16, Nombre: Sistemas UBI, Jugadores terminados: 18/18
[2025-01-14 12:50:55] [info] Evento ID: 24, Nombre: Microsoft, Jugadores terminados: 30/30
[2025-01-14 12:51:25] [info] Iniciando actualización de estados de eventos. Fecha actual: 2025-01-14 12:51:25
[2025-01-14 12:51:25] [info] Eventos retrocedidos a Pendiente: 0
[2025-01-14 12:51:25] [info] Eventos retrocedidos desde Finalizado: 0
[2025-01-14 12:51:25] [info] Eventos finalizados actualizados: 0
[2025-01-14 12:51:25] [info] Jugadores actualizados a terminado: 0
[2025-01-14 12:51:25] [info] Eventos iniciados: 0
[2025-01-14 12:51:25] [info] Evento ID: 11, Nombre: Todos Santos, Jugadores terminados: 10/10
[2025-01-14 12:51:25] [info] Evento ID: 13, Nombre: Halloween, Jugadores terminados: 7/7
[2025-01-14 12:51:25] [info] Evento ID: 15, Nombre: Instituto ABC, Jugadores terminados: 3/3
[2025-01-14 12:51:25] [info] Evento ID: 16, Nombre: Sistemas UBI, Jugadores terminados: 18/18
[2025-01-14 12:51:25] [info] Evento ID: 24, Nombre: Microsoft, Jugadores terminados: 30/30
[2025-01-14 12:52:26] [info] Iniciando actualización de estados de eventos. Fecha actual: 2025-01-14 12:52:26
[2025-01-14 12:52:26] [info] Eventos retrocedidos a Pendiente: 0
[2025-01-14 12:52:26] [info] Eventos retrocedidos desde Finalizado: 0
[2025-01-14 12:52:26] [info] Eventos finalizados actualizados: 0
[2025-01-14 12:52:26] [info] Jugadores actualizados a terminado: 0
[2025-01-14 12:52:26] [info] Eventos iniciados: 0
[2025-01-14 12:52:26] [info] Evento ID: 11, Nombre: Todos Santos, Jugadores terminados: 10/10
[2025-01-14 12:52:26] [info] Evento ID: 13, Nombre: Halloween, Jugadores terminados: 7/7
[2025-01-14 12:52:26] [info] Evento ID: 15, Nombre: Instituto ABC, Jugadores terminados: 3/3
[2025-01-14 12:52:26] [info] Evento ID: 16, Nombre: Sistemas UBI, Jugadores terminados: 18/18
[2025-01-14 12:52:26] [info] Evento ID: 24, Nombre: Microsoft, Jugadores terminados: 30/30
[2025-01-14 12:53:27] [info] Iniciando actualización de estados de eventos. Fecha actual: 2025-01-14 12:53:27
[2025-01-14 12:53:27] [info] Eventos retrocedidos a Pendiente: 0
[2025-01-14 12:53:27] [info] Eventos retrocedidos desde Finalizado: 0
[2025-01-14 12:53:27] [info] Eventos finalizados actualizados: 0
[2025-01-14 12:53:27] [info] Jugadores actualizados a terminado: 0
[2025-01-14 12:53:27] [info] Eventos iniciados: 0
[2025-01-14 12:53:27] [info] Evento ID: 11, Nombre: Todos Santos, Jugadores terminados: 10/10
[2025-01-14 12:53:27] [info] Evento ID: 13, Nombre: Halloween, Jugadores terminados: 7/7
[2025-01-14 12:53:27] [info] Evento ID: 15, Nombre: Instituto ABC, Jugadores terminados: 3/3
[2025-01-14 12:53:27] [info] Evento ID: 16, Nombre: Sistemas UBI, Jugadores terminados: 18/18
[2025-01-14 12:53:27] [info] Evento ID: 24, Nombre: Microsoft, Jugadores terminados: 30/30
[2025-01-14 12:54:28] [info] Iniciando actualización de estados de eventos. Fecha actual: 2025-01-14 12:54:28
[2025-01-14 12:54:28] [info] Eventos retrocedidos a Pendiente: 0
[2025-01-14 12:54:28] [info] Eventos retrocedidos desde Finalizado: 0
[2025-01-14 12:54:28] [info] Eventos finalizados actualizados: 0
[2025-01-14 12:54:28] [info] Jugadores actualizados a terminado: 0
[2025-01-14 12:54:28] [info] Eventos iniciados: 0
[2025-01-14 12:54:28] [info] Evento ID: 11, Nombre: Todos Santos, Jugadores terminados: 10/10
[2025-01-14 12:54:28] [info] Evento ID: 13, Nombre: Halloween, Jugadores terminados: 7/7
[2025-01-14 12:54:28] [info] Evento ID: 15, Nombre: Instituto ABC, Jugadores terminados: 3/3
[2025-01-14 12:54:28] [info] Evento ID: 16, Nombre: Sistemas UBI, Jugadores terminados: 18/18
[2025-01-14 12:54:28] [info] Evento ID: 24, Nombre: Microsoft, Jugadores terminados: 30/30
[2025-01-14 12:55:29] [info] Iniciando actualización de estados de eventos. Fecha actual: 2025-01-14 12:55:29
[2025-01-14 12:55:29] [info] Eventos retrocedidos a Pendiente: 0
[2025-01-14 12:55:29] [info] Eventos retrocedidos desde Finalizado: 0
[2025-01-14 12:55:29] [info] Eventos finalizados actualizados: 0
[2025-01-14 12:55:29] [info] Jugadores actualizados a terminado: 0
[2025-01-14 12:55:29] [info] Eventos iniciados: 0
[2025-01-14 12:55:29] [info] Evento ID: 11, Nombre: Todos Santos, Jugadores terminados: 10/10
[2025-01-14 12:55:29] [info] Evento ID: 13, Nombre: Halloween, Jugadores terminados: 7/7
[2025-01-14 12:55:29] [info] Evento ID: 15, Nombre: Instituto ABC, Jugadores terminados: 3/3
[2025-01-14 12:55:29] [info] Evento ID: 16, Nombre: Sistemas UBI, Jugadores terminados: 18/18
[2025-01-14 12:55:29] [info] Evento ID: 24, Nombre: Microsoft, Jugadores terminados: 30/30
[2025-01-14 12:56:30] [info] Iniciando actualización de estados de eventos. Fecha actual: 2025-01-14 12:56:30
[2025-01-14 12:56:30] [info] Eventos retrocedidos a Pendiente: 0
[2025-01-14 12:56:30] [info] Eventos retrocedidos desde Finalizado: 0
[2025-01-14 12:56:30] [info] Eventos finalizados actualizados: 0
[2025-01-14 12:56:30] [info] Jugadores actualizados a terminado: 0
[2025-01-14 12:56:30] [info] Eventos iniciados: 0
[2025-01-14 12:56:30] [info] Evento ID: 11, Nombre: Todos Santos, Jugadores terminados: 10/10
[2025-01-14 12:56:30] [info] Evento ID: 13, Nombre: Halloween, Jugadores terminados: 7/7
[2025-01-14 12:56:30] [info] Evento ID: 15, Nombre: Instituto ABC, Jugadores terminados: 3/3
[2025-01-14 12:56:30] [info] Evento ID: 16, Nombre: Sistemas UBI, Jugadores terminados: 18/18
[2025-01-14 12:56:30] [info] Evento ID: 24, Nombre: Microsoft, Jugadores terminados: 30/30
[2025-01-14 12:57:31] [info] Iniciando actualización de estados de eventos. Fecha actual: 2025-01-14 12:57:31
[2025-01-14 12:57:31] [info] Eventos retrocedidos a Pendiente: 0
[2025-01-14 12:57:31] [info] Eventos retrocedidos desde Finalizado: 0
[2025-01-14 12:57:31] [info] Eventos finalizados actualizados: 0
[2025-01-14 12:57:31] [info] Jugadores actualizados a terminado: 0
[2025-01-14 12:57:31] [info] Eventos iniciados: 0
[2025-01-14 12:57:31] [info] Evento ID: 11, Nombre: Todos Santos, Jugadores terminados: 10/10
[2025-01-14 12:57:31] [info] Evento ID: 13, Nombre: Halloween, Jugadores terminados: 7/7
[2025-01-14 12:57:31] [info] Evento ID: 15, Nombre: Instituto ABC, Jugadores terminados: 3/3
[2025-01-14 12:57:31] [info] Evento ID: 16, Nombre: Sistemas UBI, Jugadores terminados: 18/18
[2025-01-14 12:57:31] [info] Evento ID: 24, Nombre: Microsoft, Jugadores terminados: 30/30
[2025-01-14 12:58:32] [info] Iniciando actualización de estados de eventos. Fecha actual: 2025-01-14 12:58:32
[2025-01-14 12:58:32] [info] Eventos retrocedidos a Pendiente: 0
[2025-01-14 12:58:32] [info] Eventos retrocedidos desde Finalizado: 0
[2025-01-14 12:58:32] [info] Eventos finalizados actualizados: 0
[2025-01-14 12:58:32] [info] Jugadores actualizados a terminado: 0
[2025-01-14 12:58:32] [info] Eventos iniciados: 0
[2025-01-14 12:58:32] [info] Evento ID: 11, Nombre: Todos Santos, Jugadores terminados: 10/10
[2025-01-14 12:58:32] [info] Evento ID: 13, Nombre: Halloween, Jugadores terminados: 7/7
[2025-01-14 12:58:32] [info] Evento ID: 15, Nombre: Instituto ABC, Jugadores terminados: 3/3
[2025-01-14 12:58:32] [info] Evento ID: 16, Nombre: Sistemas UBI, Jugadores terminados: 18/18
[2025-01-14 12:58:32] [info] Evento ID: 24, Nombre: Microsoft, Jugadores terminados: 30/30
[2025-01-14 12:59:33] [info] Iniciando actualización de estados de eventos. Fecha actual: 2025-01-14 12:59:33
[2025-01-14 12:59:33] [info] Eventos retrocedidos a Pendiente: 0
[2025-01-14 12:59:33] [info] Eventos retrocedidos desde Finalizado: 0
[2025-01-14 12:59:33] [info] Eventos finalizados actualizados: 0
[2025-01-14 12:59:33] [info] Jugadores actualizados a terminado: 0
[2025-01-14 12:59:33] [info] Eventos iniciados: 0
[2025-01-14 12:59:33] [info] Evento ID: 11, Nombre: Todos Santos, Jugadores terminados: 10/10
[2025-01-14 12:59:33] [info] Evento ID: 13, Nombre: Halloween, Jugadores terminados: 7/7
[2025-01-14 12:59:33] [info] Evento ID: 15, Nombre: Instituto ABC, Jugadores terminados: 3/3
[2025-01-14 12:59:33] [info] Evento ID: 16, Nombre: Sistemas UBI, Jugadores terminados: 18/18
[2025-01-14 12:59:33] [info] Evento ID: 24, Nombre: Microsoft, Jugadores terminados: 30/30
[2025-01-14 13:00:34] [info] Iniciando actualización de estados de eventos. Fecha actual: 2025-01-14 13:00:34
[2025-01-14 13:00:34] [info] Eventos retrocedidos a Pendiente: 0
[2025-01-14 13:00:34] [info] Eventos retrocedidos desde Finalizado: 0
[2025-01-14 13:00:34] [info] Eventos finalizados actualizados: 0
[2025-01-14 13:00:34] [info] Jugadores actualizados a terminado: 0
[2025-01-14 13:00:34] [info] Eventos iniciados: 0
[2025-01-14 13:00:34] [info] Evento ID: 11, Nombre: Todos Santos, Jugadores terminados: 10/10
[2025-01-14 13:00:34] [info] Evento ID: 13, Nombre: Halloween, Jugadores terminados: 7/7
[2025-01-14 13:00:34] [info] Evento ID: 15, Nombre: Instituto ABC, Jugadores terminados: 3/3
[2025-01-14 13:00:34] [info] Evento ID: 16, Nombre: Sistemas UBI, Jugadores terminados: 18/18
[2025-01-14 13:00:34] [info] Evento ID: 24, Nombre: Microsoft, Jugadores terminados: 30/30
[2025-01-14 13:01:35] [info] Iniciando actualización de estados de eventos. Fecha actual: 2025-01-14 13:01:35
[2025-01-14 13:01:35] [info] Eventos retrocedidos a Pendiente: 0
[2025-01-14 13:01:35] [info] Eventos retrocedidos desde Finalizado: 0
[2025-01-14 13:01:35] [info] Eventos finalizados actualizados: 0
[2025-01-14 13:01:35] [info] Jugadores actualizados a terminado: 0
[2025-01-14 13:01:35] [info] Eventos iniciados: 0
[2025-01-14 13:01:35] [info] Evento ID: 11, Nombre: Todos Santos, Jugadores terminados: 10/10
[2025-01-14 13:01:35] [info] Evento ID: 13, Nombre: Halloween, Jugadores terminados: 7/7
[2025-01-14 13:01:35] [info] Evento ID: 15, Nombre: Instituto ABC, Jugadores terminados: 3/3
[2025-01-14 13:01:35] [info] Evento ID: 16, Nombre: Sistemas UBI, Jugadores terminados: 18/18
[2025-01-14 13:01:35] [info] Evento ID: 24, Nombre: Microsoft, Jugadores terminados: 30/30
[2025-01-14 13:02:36] [info] Iniciando actualización de estados de eventos. Fecha actual: 2025-01-14 13:02:36
[2025-01-14 13:02:36] [info] Eventos retrocedidos a Pendiente: 0
[2025-01-14 13:02:36] [info] Eventos retrocedidos desde Finalizado: 0
[2025-01-14 13:02:36] [info] Eventos finalizados actualizados: 0
[2025-01-14 13:02:36] [info] Jugadores actualizados a terminado: 0
[2025-01-14 13:02:36] [info] Eventos iniciados: 0
[2025-01-14 13:02:36] [info] Evento ID: 11, Nombre: Todos Santos, Jugadores terminados: 10/10
[2025-01-14 13:02:36] [info] Evento ID: 13, Nombre: Halloween, Jugadores terminados: 7/7
[2025-01-14 13:02:36] [info] Evento ID: 15, Nombre: Instituto ABC, Jugadores terminados: 3/3
[2025-01-14 13:02:36] [info] Evento ID: 16, Nombre: Sistemas UBI, Jugadores terminados: 18/18
[2025-01-14 13:02:36] [info] Evento ID: 24, Nombre: Microsoft, Jugadores terminados: 30/30
[2025-01-14 13:03:37] [info] Iniciando actualización de estados de eventos. Fecha actual: 2025-01-14 13:03:37
[2025-01-14 13:03:37] [info] Eventos retrocedidos a Pendiente: 0
[2025-01-14 13:03:37] [info] Eventos retrocedidos desde Finalizado: 0
[2025-01-14 13:03:37] [info] Eventos finalizados actualizados: 0
[2025-01-14 13:03:37] [info] Jugadores actualizados a terminado: 0
[2025-01-14 13:03:37] [info] Eventos iniciados: 0
[2025-01-14 13:03:37] [info] Evento ID: 11, Nombre: Todos Santos, Jugadores terminados: 10/10
[2025-01-14 13:03:37] [info] Evento ID: 13, Nombre: Halloween, Jugadores terminados: 7/7
[2025-01-14 13:03:37] [info] Evento ID: 15, Nombre: Instituto ABC, Jugadores terminados: 3/3
[2025-01-14 13:03:37] [info] Evento ID: 16, Nombre: Sistemas UBI, Jugadores terminados: 18/18
[2025-01-14 13:03:37] [info] Evento ID: 24, Nombre: Microsoft, Jugadores terminados: 30/30
[2025-01-14 13:04:38] [info] Iniciando actualización de estados de eventos. Fecha actual: 2025-01-14 13:04:38
[2025-01-14 13:04:38] [info] Eventos retrocedidos a Pendiente: 0
[2025-01-14 13:04:38] [info] Eventos retrocedidos desde Finalizado: 0
[2025-01-14 13:04:38] [info] Eventos finalizados actualizados: 0
[2025-01-14 13:04:38] [info] Jugadores actualizados a terminado: 0
[2025-01-14 13:04:38] [info] Eventos iniciados: 0
[2025-01-14 13:04:38] [info] Evento ID: 11, Nombre: Todos Santos, Jugadores terminados: 10/10
[2025-01-14 13:04:38] [info] Evento ID: 13, Nombre: Halloween, Jugadores terminados: 7/7
[2025-01-14 13:04:38] [info] Evento ID: 15, Nombre: Instituto ABC, Jugadores terminados: 3/3
[2025-01-14 13:04:38] [info] Evento ID: 16, Nombre: Sistemas UBI, Jugadores terminados: 18/18
[2025-01-14 13:04:38] [info] Evento ID: 24, Nombre: Microsoft, Jugadores terminados: 30/30
[2025-01-14 13:05:39] [info] Iniciando actualización de estados de eventos. Fecha actual: 2025-01-14 13:05:39
[2025-01-14 13:05:39] [info] Eventos retrocedidos a Pendiente: 0
[2025-01-14 13:05:39] [info] Eventos retrocedidos desde Finalizado: 0
[2025-01-14 13:05:39] [info] Eventos finalizados actualizados: 0
[2025-01-14 13:05:39] [info] Jugadores actualizados a terminado: 0
[2025-01-14 13:05:39] [info] Eventos iniciados: 0
[2025-01-14 13:05:39] [info] Evento ID: 11, Nombre: Todos Santos, Jugadores terminados: 10/10
[2025-01-14 13:05:39] [info] Evento ID: 13, Nombre: Halloween, Jugadores terminados: 7/7
[2025-01-14 13:05:39] [info] Evento ID: 15, Nombre: Instituto ABC, Jugadores terminados: 3/3
[2025-01-14 13:05:39] [info] Evento ID: 16, Nombre: Sistemas UBI, Jugadores terminados: 18/18
[2025-01-14 13:05:39] [info] Evento ID: 24, Nombre: Microsoft, Jugadores terminados: 30/30
[2025-01-14 13:06:40] [info] Iniciando actualización de estados de eventos. Fecha actual: 2025-01-14 13:06:40
[2025-01-14 13:06:40] [info] Eventos retrocedidos a Pendiente: 0
[2025-01-14 13:06:40] [info] Eventos retrocedidos desde Finalizado: 0
[2025-01-14 13:06:40] [info] Eventos finalizados actualizados: 0
[2025-01-14 13:06:40] [info] Jugadores actualizados a terminado: 0
[2025-01-14 13:06:40] [info] Eventos iniciados: 0
[2025-01-14 13:06:40] [info] Evento ID: 11, Nombre: Todos Santos, Jugadores terminados: 10/10
[2025-01-14 13:06:40] [info] Evento ID: 13, Nombre: Halloween, Jugadores terminados: 7/7
[2025-01-14 13:06:40] [info] Evento ID: 15, Nombre: Instituto ABC, Jugadores terminados: 3/3
[2025-01-14 13:06:40] [info] Evento ID: 16, Nombre: Sistemas UBI, Jugadores terminados: 18/18
[2025-01-14 13:06:40] [info] Evento ID: 24, Nombre: Microsoft, Jugadores terminados: 30/30
[2025-01-14 13:07:41] [info] Iniciando actualización de estados de eventos. Fecha actual: 2025-01-14 13:07:41
[2025-01-14 13:07:41] [info] Eventos retrocedidos a Pendiente: 0
[2025-01-14 13:07:41] [info] Eventos retrocedidos desde Finalizado: 0
[2025-01-14 13:07:41] [info] Eventos finalizados actualizados: 0
[2025-01-14 13:07:41] [info] Jugadores actualizados a terminado: 0
[2025-01-14 13:07:41] [info] Eventos iniciados: 0
[2025-01-14 13:07:41] [info] Evento ID: 11, Nombre: Todos Santos, Jugadores terminados: 10/10
[2025-01-14 13:07:41] [info] Evento ID: 13, Nombre: Halloween, Jugadores terminados: 7/7
[2025-01-14 13:07:41] [info] Evento ID: 15, Nombre: Instituto ABC, Jugadores terminados: 3/3
[2025-01-14 13:07:41] [info] Evento ID: 16, Nombre: Sistemas UBI, Jugadores terminados: 18/18
[2025-01-14 13:07:41] [info] Evento ID: 24, Nombre: Microsoft, Jugadores terminados: 30/30
[2025-01-14 13:08:42] [info] Iniciando actualización de estados de eventos. Fecha actual: 2025-01-14 13:08:42
[2025-01-14 13:08:42] [info] Eventos retrocedidos a Pendiente: 0
[2025-01-14 13:08:42] [info] Eventos retrocedidos desde Finalizado: 0
[2025-01-14 13:08:42] [info] Eventos finalizados actualizados: 0
[2025-01-14 13:08:42] [info] Jugadores actualizados a terminado: 0
[2025-01-14 13:08:42] [info] Eventos iniciados: 0
[2025-01-14 13:08:42] [info] Evento ID: 11, Nombre: Todos Santos, Jugadores terminados: 10/10
[2025-01-14 13:08:42] [info] Evento ID: 13, Nombre: Halloween, Jugadores terminados: 7/7
[2025-01-14 13:08:42] [info] Evento ID: 15, Nombre: Instituto ABC, Jugadores terminados: 3/3
[2025-01-14 13:08:42] [info] Evento ID: 16, Nombre: Sistemas UBI, Jugadores terminados: 18/18
[2025-01-14 13:08:42] [info] Evento ID: 24, Nombre: Microsoft, Jugadores terminados: 30/30
[2025-01-14 13:09:43] [info] Iniciando actualización de estados de eventos. Fecha actual: 2025-01-14 13:09:43
[2025-01-14 13:09:43] [info] Eventos retrocedidos a Pendiente: 0
[2025-01-14 13:09:43] [info] Eventos retrocedidos desde Finalizado: 0
[2025-01-14 13:09:43] [info] Eventos finalizados actualizados: 0
[2025-01-14 13:09:43] [info] Jugadores actualizados a terminado: 0
[2025-01-14 13:09:43] [info] Eventos iniciados: 0
[2025-01-14 13:09:43] [info] Evento ID: 11, Nombre: Todos Santos, Jugadores terminados: 10/10
[2025-01-14 13:09:43] [info] Evento ID: 13, Nombre: Halloween, Jugadores terminados: 7/7
[2025-01-14 13:09:43] [info] Evento ID: 15, Nombre: Instituto ABC, Jugadores terminados: 3/3
[2025-01-14 13:09:43] [info] Evento ID: 16, Nombre: Sistemas UBI, Jugadores terminados: 18/18
[2025-01-14 13:09:43] [info] Evento ID: 24, Nombre: Microsoft, Jugadores terminados: 30/30
[2025-01-14 13:10:44] [info] Iniciando actualización de estados de eventos. Fecha actual: 2025-01-14 13:10:44
[2025-01-14 13:10:44] [info] Eventos retrocedidos a Pendiente: 0
[2025-01-14 13:10:44] [info] Eventos retrocedidos desde Finalizado: 0
[2025-01-14 13:10:44] [info] Eventos finalizados actualizados: 0
[2025-01-14 13:10:44] [info] Jugadores actualizados a terminado: 0
[2025-01-14 13:10:44] [info] Eventos iniciados: 0
[2025-01-14 13:10:44] [info] Evento ID: 11, Nombre: Todos Santos, Jugadores terminados: 10/10
[2025-01-14 13:10:44] [info] Evento ID: 13, Nombre: Halloween, Jugadores terminados: 7/7
[2025-01-14 13:10:44] [info] Evento ID: 15, Nombre: Instituto ABC, Jugadores terminados: 3/3
[2025-01-14 13:10:44] [info] Evento ID: 16, Nombre: Sistemas UBI, Jugadores terminados: 18/18
[2025-01-14 13:10:44] [info] Evento ID: 24, Nombre: Microsoft, Jugadores terminados: 30/30
[2025-01-14 13:11:45] [info] Iniciando actualización de estados de eventos. Fecha actual: 2025-01-14 13:11:45
[2025-01-14 13:11:45] [info] Eventos retrocedidos a Pendiente: 0
[2025-01-14 13:11:45] [info] Eventos retrocedidos desde Finalizado: 0
[2025-01-14 13:11:45] [info] Eventos finalizados actualizados: 0
[2025-01-14 13:11:45] [info] Jugadores actualizados a terminado: 0
[2025-01-14 13:11:45] [info] Eventos iniciados: 0
[2025-01-14 13:11:45] [info] Evento ID: 11, Nombre: Todos Santos, Jugadores terminados: 10/10
[2025-01-14 13:11:45] [info] Evento ID: 13, Nombre: Halloween, Jugadores terminados: 7/7
[2025-01-14 13:11:45] [info] Evento ID: 15, Nombre: Instituto ABC, Jugadores terminados: 3/3
[2025-01-14 13:11:45] [info] Evento ID: 16, Nombre: Sistemas UBI, Jugadores terminados: 18/18
[2025-01-14 13:11:45] [info] Evento ID: 24, Nombre: Microsoft, Jugadores terminados: 30/30
[2025-01-14 13:12:46] [info] Iniciando actualización de estados de eventos. Fecha actual: 2025-01-14 13:12:46
[2025-01-14 13:12:46] [info] Eventos retrocedidos a Pendiente: 0
[2025-01-14 13:12:46] [info] Eventos retrocedidos desde Finalizado: 0
[2025-01-14 13:12:46] [info] Eventos finalizados actualizados: 0
[2025-01-14 13:12:46] [info] Jugadores actualizados a terminado: 0
[2025-01-14 13:12:46] [info] Eventos iniciados: 0
[2025-01-14 13:12:46] [info] Evento ID: 11, Nombre: Todos Santos, Jugadores terminados: 10/10
[2025-01-14 13:12:46] [info] Evento ID: 13, Nombre: Halloween, Jugadores terminados: 7/7
[2025-01-14 13:12:46] [info] Evento ID: 15, Nombre: Instituto ABC, Jugadores terminados: 3/3
[2025-01-14 13:12:46] [info] Evento ID: 16, Nombre: Sistemas UBI, Jugadores terminados: 18/18
[2025-01-14 13:12:46] [info] Evento ID: 24, Nombre: Microsoft, Jugadores terminados: 30/30
[2025-01-14 13:13:47] [info] Iniciando actualización de estados de eventos. Fecha actual: 2025-01-14 13:13:47
[2025-01-14 13:13:47] [info] Eventos retrocedidos a Pendiente: 0
[2025-01-14 13:13:47] [info] Eventos retrocedidos desde Finalizado: 0
[2025-01-14 13:13:47] [info] Eventos finalizados actualizados: 0
[2025-01-14 13:13:47] [info] Jugadores actualizados a terminado: 0
[2025-01-14 13:13:47] [info] Eventos iniciados: 0
[2025-01-14 13:13:47] [info] Evento ID: 11, Nombre: Todos Santos, Jugadores terminados: 10/10
[2025-01-14 13:13:47] [info] Evento ID: 13, Nombre: Halloween, Jugadores terminados: 7/7
[2025-01-14 13:13:47] [info] Evento ID: 15, Nombre: Instituto ABC, Jugadores terminados: 3/3
[2025-01-14 13:13:47] [info] Evento ID: 16, Nombre: Sistemas UBI, Jugadores terminados: 18/18
[2025-01-14 13:13:47] [info] Evento ID: 24, Nombre: Microsoft, Jugadores terminados: 30/30
[2025-01-14 13:14:48] [info] Iniciando actualización de estados de eventos. Fecha actual: 2025-01-14 13:14:48
[2025-01-14 13:14:48] [info] Eventos retrocedidos a Pendiente: 0
[2025-01-14 13:14:48] [info] Eventos retrocedidos desde Finalizado: 0
[2025-01-14 13:14:48] [info] Eventos finalizados actualizados: 0
[2025-01-14 13:14:48] [info] Jugadores actualizados a terminado: 0
[2025-01-14 13:14:48] [info] Eventos iniciados: 0
[2025-01-14 13:14:48] [info] Evento ID: 11, Nombre: Todos Santos, Jugadores terminados: 10/10
[2025-01-14 13:14:48] [info] Evento ID: 13, Nombre: Halloween, Jugadores terminados: 7/7
[2025-01-14 13:14:48] [info] Evento ID: 15, Nombre: Instituto ABC, Jugadores terminados: 3/3
[2025-01-14 13:14:48] [info] Evento ID: 16, Nombre: Sistemas UBI, Jugadores terminados: 18/18
[2025-01-14 13:14:48] [info] Evento ID: 24, Nombre: Microsoft, Jugadores terminados: 30/30
[2025-01-14 13:15:48] [info] Iniciando actualización de estados de eventos. Fecha actual: 2025-01-14 13:15:48
[2025-01-14 13:15:48] [info] Eventos retrocedidos a Pendiente: 0
[2025-01-14 13:15:48] [info] Eventos retrocedidos desde Finalizado: 0
[2025-01-14 13:15:48] [info] Eventos finalizados actualizados: 0
[2025-01-14 13:15:48] [info] Jugadores actualizados a terminado: 0
[2025-01-14 13:15:48] [info] Eventos iniciados: 0
[2025-01-14 13:15:48] [info] Evento ID: 11, Nombre: Todos Santos, Jugadores terminados: 10/10
[2025-01-14 13:15:48] [info] Evento ID: 13, Nombre: Halloween, Jugadores terminados: 7/7
[2025-01-14 13:15:48] [info] Evento ID: 15, Nombre: Instituto ABC, Jugadores terminados: 3/3
[2025-01-14 13:15:48] [info] Evento ID: 16, Nombre: Sistemas UBI, Jugadores terminados: 18/18
[2025-01-14 13:15:48] [info] Evento ID: 24, Nombre: Microsoft, Jugadores terminados: 30/30
[2025-01-14 13:16:48] [info] Iniciando actualización de estados de eventos. Fecha actual: 2025-01-14 13:16:48
[2025-01-14 13:16:48] [info] Eventos retrocedidos a Pendiente: 0
[2025-01-14 13:16:48] [info] Eventos retrocedidos desde Finalizado: 0
[2025-01-14 13:16:48] [info] Eventos finalizados actualizados: 0
[2025-01-14 13:16:48] [info] Jugadores actualizados a terminado: 0
[2025-01-14 13:16:48] [info] Eventos iniciados: 0
[2025-01-14 13:16:48] [info] Evento ID: 11, Nombre: Todos Santos, Jugadores terminados: 10/10
[2025-01-14 13:16:48] [info] Evento ID: 13, Nombre: Halloween, Jugadores terminados: 7/7
[2025-01-14 13:16:48] [info] Evento ID: 15, Nombre: Instituto ABC, Jugadores terminados: 3/3
[2025-01-14 13:16:48] [info] Evento ID: 16, Nombre: Sistemas UBI, Jugadores terminados: 18/18
[2025-01-14 13:16:48] [info] Evento ID: 24, Nombre: Microsoft, Jugadores terminados: 30/30
[2025-01-14 13:17:05] [info] Iniciando actualización de estados de eventos. Fecha actual: 2025-01-14 13:17:05
[2025-01-14 13:17:05] [info] Eventos retrocedidos a Pendiente: 0
[2025-01-14 13:17:05] [info] Eventos retrocedidos desde Finalizado: 0
[2025-01-14 13:17:05] [info] Eventos finalizados actualizados: 0
[2025-01-14 13:17:05] [info] Jugadores actualizados a terminado: 0
[2025-01-14 13:17:05] [info] Eventos iniciados: 0
[2025-01-14 13:17:05] [info] Evento ID: 11, Nombre: Todos Santos, Jugadores terminados: 10/10
[2025-01-14 13:17:05] [info] Evento ID: 13, Nombre: Halloween, Jugadores terminados: 7/7
[2025-01-14 13:17:05] [info] Evento ID: 15, Nombre: Instituto ABC, Jugadores terminados: 3/3
[2025-01-14 13:17:05] [info] Evento ID: 16, Nombre: Sistemas UBI, Jugadores terminados: 18/18
[2025-01-14 13:17:05] [info] Evento ID: 24, Nombre: Microsoft, Jugadores terminados: 30/30
