[2024-11-20 21:05:11] [info] Administrador con ID 1 ha iniciado sesión exitosamente
[2024-11-20 21:05:11] [info] Iniciando actualización de estados de eventos. Fecha actual: 2024-11-20 21:05:11
[2024-11-20 21:05:11] [info] Eventos retrocedidos a Pendiente: 0
[2024-11-20 21:05:11] [info] Eventos retrocedidos desde Finalizado: 0
[2024-11-20 21:05:11] [info] Eventos finalizados actualizados: 0
[2024-11-20 21:05:11] [info] Jugadores actualizados a terminado: 0
[2024-11-20 21:05:11] [info] Eventos iniciados: 0
[2024-11-20 21:05:11] [info] Evento ID: 13, Nombre: Halloween, Jugadores terminados: 7/7
[2024-11-20 21:05:11] [info] Evento ID: 15, Nombre: Instituto ABC, Jugadores terminados: 3/3
[2024-11-20 21:05:14] [info] Iniciando actualización de estados de eventos. Fecha actual: 2024-11-20 21:05:14
[2024-11-20 21:05:14] [info] Eventos retrocedidos a Pendiente: 0
[2024-11-20 21:05:14] [info] Eventos retrocedidos desde Finalizado: 0
[2024-11-20 21:05:14] [info] Eventos finalizados actualizados: 0
[2024-11-20 21:05:14] [info] Jugadores actualizados a terminado: 0
[2024-11-20 21:05:14] [info] Eventos iniciados: 0
[2024-11-20 21:05:14] [info] Evento ID: 13, Nombre: Halloween, Jugadores terminados: 7/7
[2024-11-20 21:05:14] [info] Evento ID: 15, Nombre: Instituto ABC, Jugadores terminados: 3/3
[2024-11-20 21:05:17] [info] Iniciando actualización de estados de eventos. Fecha actual: 2024-11-20 21:05:17
[2024-11-20 21:05:17] [info] Eventos retrocedidos a Pendiente: 0
[2024-11-20 21:05:17] [info] Eventos retrocedidos desde Finalizado: 0
[2024-11-20 21:05:17] [info] Eventos finalizados actualizados: 0
[2024-11-20 21:05:17] [info] Jugadores actualizados a terminado: 0
[2024-11-20 21:05:17] [info] Eventos iniciados: 0
[2024-11-20 21:05:17] [info] Evento ID: 13, Nombre: Halloween, Jugadores terminados: 7/7
[2024-11-20 21:05:17] [info] Evento ID: 15, Nombre: Instituto ABC, Jugadores terminados: 3/3
[2024-11-20 21:05:22] [info] Iniciando actualización de estados de eventos. Fecha actual: 2024-11-20 21:05:22
[2024-11-20 21:05:22] [info] Eventos retrocedidos a Pendiente: 0
[2024-11-20 21:05:22] [info] Eventos retrocedidos desde Finalizado: 0
[2024-11-20 21:05:22] [info] Eventos finalizados actualizados: 0
[2024-11-20 21:05:22] [info] Jugadores actualizados a terminado: 0
[2024-11-20 21:05:22] [info] Eventos iniciados: 0
[2024-11-20 21:05:22] [info] Evento ID: 13, Nombre: Halloween, Jugadores terminados: 7/7
[2024-11-20 21:05:22] [info] Evento ID: 15, Nombre: Instituto ABC, Jugadores terminados: 3/3
[2024-11-20 21:07:02] [info] Iniciando actualización de estados de eventos. Fecha actual: 2024-11-20 21:07:02
[2024-11-20 21:07:02] [info] Eventos retrocedidos a Pendiente: 0
[2024-11-20 21:07:02] [info] Eventos retrocedidos desde Finalizado: 0
[2024-11-20 21:07:02] [info] Eventos finalizados actualizados: 0
[2024-11-20 21:07:02] [info] Jugadores actualizados a terminado: 0
[2024-11-20 21:07:02] [info] Eventos iniciados: 0
[2024-11-20 21:07:02] [info] Evento ID: 13, Nombre: Halloween, Jugadores terminados: 7/7
[2024-11-20 21:07:02] [info] Evento ID: 15, Nombre: Instituto ABC, Jugadores terminados: 3/3
[2024-11-20 21:07:12] [info] Iniciando actualización de estados de eventos. Fecha actual: 2024-11-20 21:07:12
[2024-11-20 21:07:12] [info] Eventos retrocedidos a Pendiente: 0
[2024-11-20 21:07:12] [info] Eventos retrocedidos desde Finalizado: 0
[2024-11-20 21:07:12] [info] Eventos finalizados actualizados: 0
[2024-11-20 21:07:12] [info] Jugadores actualizados a terminado: 0
[2024-11-20 21:07:12] [info] Eventos iniciados: 0
[2024-11-20 21:07:12] [info] Evento ID: 13, Nombre: Halloween, Jugadores terminados: 7/7
[2024-11-20 21:07:12] [info] Evento ID: 15, Nombre: Instituto ABC, Jugadores terminados: 3/3
[2024-11-20 21:07:42] [info] Iniciando actualización de estados de eventos. Fecha actual: 2024-11-20 21:07:42
[2024-11-20 21:07:42] [info] Eventos retrocedidos a Pendiente: 0
[2024-11-20 21:07:42] [info] Eventos retrocedidos desde Finalizado: 0
[2024-11-20 21:07:42] [info] Eventos finalizados actualizados: 0
[2024-11-20 21:07:42] [info] Jugadores actualizados a terminado: 0
[2024-11-20 21:07:42] [info] Eventos iniciados: 0
[2024-11-20 21:07:42] [info] Evento ID: 13, Nombre: Halloween, Jugadores terminados: 7/7
[2024-11-20 21:07:42] [info] Evento ID: 15, Nombre: Instituto ABC, Jugadores terminados: 3/3
[2024-11-20 21:07:43] [info] Iniciando actualización de estados de eventos. Fecha actual: 2024-11-20 21:07:43
[2024-11-20 21:07:43] [info] Eventos retrocedidos a Pendiente: 0
[2024-11-20 21:07:43] [info] Eventos retrocedidos desde Finalizado: 0
[2024-11-20 21:07:43] [info] Eventos finalizados actualizados: 0
[2024-11-20 21:07:43] [info] Jugadores actualizados a terminado: 0
[2024-11-20 21:07:43] [info] Eventos iniciados: 0
[2024-11-20 21:07:43] [info] Evento ID: 13, Nombre: Halloween, Jugadores terminados: 7/7
[2024-11-20 21:07:43] [info] Evento ID: 15, Nombre: Instituto ABC, Jugadores terminados: 3/3
[2024-11-20 21:07:50] [info] Iniciando actualización de estados de eventos. Fecha actual: 2024-11-20 21:07:50
[2024-11-20 21:07:50] [info] Eventos retrocedidos a Pendiente: 0
[2024-11-20 21:07:50] [info] Eventos retrocedidos desde Finalizado: 0
[2024-11-20 21:07:50] [info] Eventos finalizados actualizados: 0
[2024-11-20 21:07:50] [info] Jugadores actualizados a terminado: 0
[2024-11-20 21:07:50] [info] Eventos iniciados: 0
[2024-11-20 21:07:50] [info] Evento ID: 13, Nombre: Halloween, Jugadores terminados: 7/7
[2024-11-20 21:07:50] [info] Evento ID: 15, Nombre: Instituto ABC, Jugadores terminados: 3/3
[2024-11-20 21:07:58] [info] Iniciando actualización de estados de eventos. Fecha actual: 2024-11-20 21:07:58
[2024-11-20 21:07:58] [info] Eventos retrocedidos a Pendiente: 0
[2024-11-20 21:07:58] [info] Eventos retrocedidos desde Finalizado: 0
[2024-11-20 21:07:58] [info] Eventos finalizados actualizados: 0
[2024-11-20 21:07:58] [info] Jugadores actualizados a terminado: 0
[2024-11-20 21:07:58] [info] Eventos iniciados: 0
[2024-11-20 21:07:58] [info] Evento ID: 13, Nombre: Halloween, Jugadores terminados: 7/7
[2024-11-20 21:07:58] [info] Evento ID: 15, Nombre: Instituto ABC, Jugadores terminados: 3/3
[2024-11-20 21:08:51] [info] Iniciando actualización de estados de eventos. Fecha actual: 2024-11-20 21:08:51
[2024-11-20 21:08:51] [info] Eventos retrocedidos a Pendiente: 0
[2024-11-20 21:08:51] [info] Eventos retrocedidos desde Finalizado: 0
[2024-11-20 21:08:51] [info] Eventos finalizados actualizados: 0
[2024-11-20 21:08:51] [info] Jugadores actualizados a terminado: 0
[2024-11-20 21:08:51] [info] Eventos iniciados: 0
[2024-11-20 21:08:51] [info] Evento ID: 13, Nombre: Halloween, Jugadores terminados: 7/7
[2024-11-20 21:08:51] [info] Evento ID: 15, Nombre: Instituto ABC, Jugadores terminados: 3/3
[2024-11-20 21:09:22] [info] Iniciando actualización de estados de eventos. Fecha actual: 2024-11-20 21:09:22
[2024-11-20 21:09:22] [info] Eventos retrocedidos a Pendiente: 0
[2024-11-20 21:09:22] [info] Eventos retrocedidos desde Finalizado: 0
[2024-11-20 21:09:22] [info] Eventos finalizados actualizados: 0
[2024-11-20 21:09:22] [info] Jugadores actualizados a terminado: 0
[2024-11-20 21:09:22] [info] Eventos iniciados: 0
[2024-11-20 21:09:22] [info] Evento ID: 13, Nombre: Halloween, Jugadores terminados: 7/7
[2024-11-20 21:09:22] [info] Evento ID: 15, Nombre: Instituto ABC, Jugadores terminados: 3/3
[2024-11-20 21:09:52] [info] Iniciando actualización de estados de eventos. Fecha actual: 2024-11-20 21:09:52
[2024-11-20 21:09:52] [info] Eventos retrocedidos a Pendiente: 0
[2024-11-20 21:09:52] [info] Eventos retrocedidos desde Finalizado: 0
[2024-11-20 21:09:52] [info] Eventos finalizados actualizados: 0
[2024-11-20 21:09:52] [info] Jugadores actualizados a terminado: 0
[2024-11-20 21:09:52] [info] Eventos iniciados: 0
[2024-11-20 21:09:52] [info] Evento ID: 13, Nombre: Halloween, Jugadores terminados: 7/7
[2024-11-20 21:09:52] [info] Evento ID: 15, Nombre: Instituto ABC, Jugadores terminados: 3/3
[2024-11-20 21:10:22] [info] Iniciando actualización de estados de eventos. Fecha actual: 2024-11-20 21:10:22
[2024-11-20 21:10:22] [info] Eventos retrocedidos a Pendiente: 0
[2024-11-20 21:10:22] [info] Eventos retrocedidos desde Finalizado: 0
[2024-11-20 21:10:22] [info] Eventos finalizados actualizados: 0
[2024-11-20 21:10:22] [info] Jugadores actualizados a terminado: 0
[2024-11-20 21:10:22] [info] Eventos iniciados: 0
[2024-11-20 21:10:22] [info] Evento ID: 13, Nombre: Halloween, Jugadores terminados: 7/7
[2024-11-20 21:10:22] [info] Evento ID: 15, Nombre: Instituto ABC, Jugadores terminados: 3/3
[2024-11-20 21:10:52] [info] Iniciando actualización de estados de eventos. Fecha actual: 2024-11-20 21:10:52
[2024-11-20 21:10:52] [info] Eventos retrocedidos a Pendiente: 0
[2024-11-20 21:10:52] [info] Eventos retrocedidos desde Finalizado: 0
[2024-11-20 21:10:52] [info] Eventos finalizados actualizados: 0
[2024-11-20 21:10:52] [info] Jugadores actualizados a terminado: 0
[2024-11-20 21:10:52] [info] Eventos iniciados: 0
[2024-11-20 21:10:52] [info] Evento ID: 13, Nombre: Halloween, Jugadores terminados: 7/7
[2024-11-20 21:10:52] [info] Evento ID: 15, Nombre: Instituto ABC, Jugadores terminados: 3/3
[2024-11-20 21:11:22] [info] Iniciando actualización de estados de eventos. Fecha actual: 2024-11-20 21:11:22
[2024-11-20 21:11:22] [info] Eventos retrocedidos a Pendiente: 0
[2024-11-20 21:11:22] [info] Eventos retrocedidos desde Finalizado: 0
[2024-11-20 21:11:22] [info] Eventos finalizados actualizados: 0
[2024-11-20 21:11:22] [info] Jugadores actualizados a terminado: 0
[2024-11-20 21:11:22] [info] Eventos iniciados: 0
[2024-11-20 21:11:22] [info] Evento ID: 13, Nombre: Halloween, Jugadores terminados: 7/7
[2024-11-20 21:11:22] [info] Evento ID: 15, Nombre: Instituto ABC, Jugadores terminados: 3/3
[2024-11-20 21:11:52] [info] Iniciando actualización de estados de eventos. Fecha actual: 2024-11-20 21:11:52
[2024-11-20 21:11:52] [info] Eventos retrocedidos a Pendiente: 0
[2024-11-20 21:11:52] [info] Eventos retrocedidos desde Finalizado: 0
[2024-11-20 21:11:52] [info] Eventos finalizados actualizados: 0
[2024-11-20 21:11:52] [info] Jugadores actualizados a terminado: 0
[2024-11-20 21:11:52] [info] Eventos iniciados: 0
[2024-11-20 21:11:52] [info] Evento ID: 13, Nombre: Halloween, Jugadores terminados: 7/7
[2024-11-20 21:11:52] [info] Evento ID: 15, Nombre: Instituto ABC, Jugadores terminados: 3/3
[2024-11-20 21:12:22] [info] Iniciando actualización de estados de eventos. Fecha actual: 2024-11-20 21:12:22
[2024-11-20 21:12:22] [info] Eventos retrocedidos a Pendiente: 0
[2024-11-20 21:12:22] [info] Eventos retrocedidos desde Finalizado: 0
[2024-11-20 21:12:22] [info] Eventos finalizados actualizados: 0
[2024-11-20 21:12:22] [info] Jugadores actualizados a terminado: 0
[2024-11-20 21:12:22] [info] Eventos iniciados: 0
[2024-11-20 21:12:22] [info] Evento ID: 13, Nombre: Halloween, Jugadores terminados: 7/7
[2024-11-20 21:12:22] [info] Evento ID: 15, Nombre: Instituto ABC, Jugadores terminados: 3/3
[2024-11-20 21:13:09] [info] Iniciando actualización de estados de eventos. Fecha actual: 2024-11-20 21:13:09
[2024-11-20 21:13:09] [info] Eventos retrocedidos a Pendiente: 0
[2024-11-20 21:13:09] [info] Eventos retrocedidos desde Finalizado: 0
[2024-11-20 21:13:09] [info] Eventos finalizados actualizados: 0
[2024-11-20 21:13:09] [info] Jugadores actualizados a terminado: 0
[2024-11-20 21:13:09] [info] Eventos iniciados: 0
[2024-11-20 21:13:09] [info] Evento ID: 13, Nombre: Halloween, Jugadores terminados: 7/7
[2024-11-20 21:13:09] [info] Evento ID: 15, Nombre: Instituto ABC, Jugadores terminados: 3/3
[2024-11-20 21:14:09] [info] Iniciando actualización de estados de eventos. Fecha actual: 2024-11-20 21:14:09
[2024-11-20 21:14:09] [info] Eventos retrocedidos a Pendiente: 0
[2024-11-20 21:14:09] [info] Eventos retrocedidos desde Finalizado: 0
[2024-11-20 21:14:09] [info] Eventos finalizados actualizados: 0
[2024-11-20 21:14:09] [info] Jugadores actualizados a terminado: 0
[2024-11-20 21:14:09] [info] Eventos iniciados: 0
[2024-11-20 21:14:09] [info] Evento ID: 13, Nombre: Halloween, Jugadores terminados: 7/7
[2024-11-20 21:14:09] [info] Evento ID: 15, Nombre: Instituto ABC, Jugadores terminados: 3/3
[2024-11-20 21:15:09] [info] Iniciando actualización de estados de eventos. Fecha actual: 2024-11-20 21:15:09
[2024-11-20 21:15:09] [info] Eventos retrocedidos a Pendiente: 0
[2024-11-20 21:15:09] [info] Eventos retrocedidos desde Finalizado: 0
[2024-11-20 21:15:09] [info] Eventos finalizados actualizados: 0
[2024-11-20 21:15:09] [info] Jugadores actualizados a terminado: 0
[2024-11-20 21:15:09] [info] Eventos iniciados: 0
[2024-11-20 21:15:09] [info] Evento ID: 13, Nombre: Halloween, Jugadores terminados: 7/7
[2024-11-20 21:15:09] [info] Evento ID: 15, Nombre: Instituto ABC, Jugadores terminados: 3/3
[2024-11-20 21:16:09] [info] Iniciando actualización de estados de eventos. Fecha actual: 2024-11-20 21:16:09
[2024-11-20 21:16:09] [info] Eventos retrocedidos a Pendiente: 0
[2024-11-20 21:16:09] [info] Eventos retrocedidos desde Finalizado: 0
[2024-11-20 21:16:09] [info] Eventos finalizados actualizados: 0
[2024-11-20 21:16:09] [info] Jugadores actualizados a terminado: 0
[2024-11-20 21:16:09] [info] Eventos iniciados: 0
[2024-11-20 21:16:09] [info] Evento ID: 13, Nombre: Halloween, Jugadores terminados: 7/7
[2024-11-20 21:16:09] [info] Evento ID: 15, Nombre: Instituto ABC, Jugadores terminados: 3/3
