[2024-10-28 11:13:20] [info] Administrador con ID 2 ha iniciado sesión exitosamente
[2024-10-28 11:13:20] [info] Iniciando actualización de estados de eventos. Fecha actual: 2024-10-28 11:13:20
[2024-10-28 11:13:20] [info] Eventos actualizados de 'en espera' a 'activos': 0
[2024-10-28 11:13:20] [info] Eventos actualizados de 'activos' a 'finalizados': 0
[2024-10-28 11:13:20] [info] Resumen de actualización:
[2024-10-28 11:13:20] [info] Total de eventos actualizados: 0
[2024-10-28 11:13:20] [info] Evento ID: 1, Nombre: Microsoft, Inicio: 2024-10-09 00:00:00, Fin: 2024-10-09 23:32:00, Estado: 3
[2024-10-28 11:13:20] [info] Evento ID: 2, Nombre: Perdiendo la Cabeza, Inicio: 2024-10-09 13:11:00, Fin: 2024-10-09 14:08:00, Estado: 3
[2024-10-28 11:13:20] [info] Evento ID: 3, Nombre: Col. Don Bosco, Inicio: 2024-10-09 13:12:00, Fin: 2024-10-09 13:15:00, Estado: 3
[2024-10-28 11:13:20] [info] Evento ID: 4, Nombre: El Diario, Inicio: 2024-10-10 10:01:00, Fin: 2024-10-24 20:00:00, Estado: 3
[2024-10-28 11:13:20] [info] Evento ID: 5, Nombre: judith, Inicio: 2024-10-24 18:52:00, Fin: 2024-10-24 19:00:00, Estado: 3
[2024-10-28 11:13:20] [info] Evento ID: 6, Nombre: New, Inicio: 2024-10-24 22:50:00, Fin: 2024-10-31 22:47:00, Estado: 2
[2024-10-28 11:37:04] [info] Administrador con ID 1 ha iniciado sesión exitosamente
[2024-10-28 11:37:04] [info] Iniciando actualización de estados de eventos. Fecha actual: 2024-10-28 11:37:04
[2024-10-28 11:37:04] [info] Eventos actualizados de 'en espera' a 'activos': 0
[2024-10-28 11:37:04] [info] Eventos actualizados de 'activos' a 'finalizados': 0
[2024-10-28 11:37:04] [info] Resumen de actualización:
[2024-10-28 11:37:04] [info] Total de eventos actualizados: 0
[2024-10-28 11:37:04] [info] Evento ID: 1, Nombre: Microsoft, Inicio: 2024-10-09 00:00:00, Fin: 2024-10-09 23:32:00, Estado: 3
[2024-10-28 11:37:04] [info] Evento ID: 2, Nombre: Perdiendo la Cabeza, Inicio: 2024-10-09 13:11:00, Fin: 2024-10-09 14:08:00, Estado: 3
[2024-10-28 11:37:04] [info] Evento ID: 3, Nombre: Col. Don Bosco, Inicio: 2024-10-09 13:12:00, Fin: 2024-10-09 13:15:00, Estado: 3
[2024-10-28 11:37:04] [info] Evento ID: 4, Nombre: El Diario, Inicio: 2024-10-10 10:01:00, Fin: 2024-10-24 20:00:00, Estado: 3
[2024-10-28 11:37:04] [info] Evento ID: 5, Nombre: judith, Inicio: 2024-10-24 18:52:00, Fin: 2024-10-24 19:00:00, Estado: 3
[2024-10-28 11:37:04] [info] Evento ID: 6, Nombre: New, Inicio: 2024-10-24 22:50:00, Fin: 2024-10-31 22:47:00, Estado: 2
[2024-10-28 11:42:48] [info] Administrador con ID 1 ha iniciado sesión exitosamente
[2024-10-28 11:42:48] [info] Iniciando actualización de estados de eventos. Fecha actual: 2024-10-28 11:42:48
[2024-10-28 11:42:48] [info] Eventos actualizados de 'en espera' a 'activos': 0
[2024-10-28 11:42:48] [info] Eventos actualizados de 'activos' a 'finalizados': 0
[2024-10-28 11:42:48] [info] Resumen de actualización:
[2024-10-28 11:42:48] [info] Total de eventos actualizados: 0
[2024-10-28 11:42:48] [info] Evento ID: 1, Nombre: Microsoft, Inicio: 2024-10-09 00:00:00, Fin: 2024-10-09 23:32:00, Estado: 3
[2024-10-28 11:42:48] [info] Evento ID: 2, Nombre: Perdiendo la Cabeza, Inicio: 2024-10-09 13:11:00, Fin: 2024-10-09 14:08:00, Estado: 3
[2024-10-28 11:42:48] [info] Evento ID: 3, Nombre: Col. Don Bosco, Inicio: 2024-10-09 13:12:00, Fin: 2024-10-09 13:15:00, Estado: 3
[2024-10-28 11:42:48] [info] Evento ID: 4, Nombre: El Diario, Inicio: 2024-10-10 10:01:00, Fin: 2024-10-24 20:00:00, Estado: 3
[2024-10-28 11:42:48] [info] Evento ID: 5, Nombre: Other, Inicio: 2024-10-25 20:45:00, Fin: 2024-10-31 20:44:00, Estado: 2
