[2025-02-24 10:44:36] [info] Administrador con ID 1 ha iniciado sesión exitosamente
[2025-02-24 10:44:36] [info] Iniciando actualización de estados de eventos. Fecha actual: 2025-02-24 10:44:36
[2025-02-24 10:44:36] [info] Eventos retrocedidos a Pendiente: 0
[2025-02-24 10:44:36] [info] Eventos retrocedidos desde Finalizado: 0
[2025-02-24 10:44:36] [info] Eventos finalizados actualizados: 0
[2025-02-24 10:44:36] [info] Jugadores actualizados a terminado: 0
[2025-02-24 10:44:36] [info] Eventos iniciados: 0
[2025-02-24 10:44:36] [info] Evento ID: 1, Nombre: Navidad, Jugadores terminados: 10/10
[2025-02-24 10:44:39] [info] Iniciando actualización de estados de eventos. Fecha actual: 2025-02-24 10:44:39
[2025-02-24 10:44:39] [info] Eventos retrocedidos a Pendiente: 0
[2025-02-24 10:44:39] [info] Eventos retrocedidos desde Finalizado: 0
[2025-02-24 10:44:39] [info] Eventos finalizados actualizados: 0
[2025-02-24 10:44:39] [info] Jugadores actualizados a terminado: 0
[2025-02-24 10:44:39] [info] Eventos iniciados: 0
[2025-02-24 10:44:39] [info] Evento ID: 1, Nombre: Navidad, Jugadores terminados: 10/10
[2025-02-24 10:44:40] [info] Iniciando actualización de estados de eventos. Fecha actual: 2025-02-24 10:44:40
[2025-02-24 10:44:40] [info] Eventos retrocedidos a Pendiente: 0
[2025-02-24 10:44:40] [info] Eventos retrocedidos desde Finalizado: 0
[2025-02-24 10:44:40] [info] Eventos finalizados actualizados: 0
[2025-02-24 10:44:40] [info] Jugadores actualizados a terminado: 0
[2025-02-24 10:44:40] [info] Eventos iniciados: 0
[2025-02-24 10:44:40] [info] Evento ID: 1, Nombre: Navidad, Jugadores terminados: 10/10
[2025-02-24 10:45:11] [info] Iniciando actualización de estados de eventos. Fecha actual: 2025-02-24 10:45:11
[2025-02-24 10:45:11] [info] Eventos retrocedidos a Pendiente: 0
[2025-02-24 10:45:11] [info] Eventos retrocedidos desde Finalizado: 0
[2025-02-24 10:45:11] [info] Eventos finalizados actualizados: 0
[2025-02-24 10:45:11] [info] Jugadores actualizados a terminado: 0
[2025-02-24 10:45:11] [info] Eventos iniciados: 0
[2025-02-24 10:45:11] [info] Evento ID: 1, Nombre: Navidad, Jugadores terminados: 10/10
[2025-02-24 10:45:41] [info] Iniciando actualización de estados de eventos. Fecha actual: 2025-02-24 10:45:41
[2025-02-24 10:45:41] [info] Eventos retrocedidos a Pendiente: 0
[2025-02-24 10:45:41] [info] Eventos retrocedidos desde Finalizado: 0
[2025-02-24 10:45:41] [info] Eventos finalizados actualizados: 0
[2025-02-24 10:45:41] [info] Jugadores actualizados a terminado: 0
[2025-02-24 10:45:41] [info] Eventos iniciados: 0
[2025-02-24 10:45:41] [info] Evento ID: 1, Nombre: Navidad, Jugadores terminados: 10/10
[2025-02-24 10:46:11] [info] Iniciando actualización de estados de eventos. Fecha actual: 2025-02-24 10:46:11
[2025-02-24 10:46:11] [info] Eventos retrocedidos a Pendiente: 0
[2025-02-24 10:46:11] [info] Eventos retrocedidos desde Finalizado: 0
[2025-02-24 10:46:11] [info] Eventos finalizados actualizados: 0
[2025-02-24 10:46:11] [info] Jugadores actualizados a terminado: 0
[2025-02-24 10:46:11] [info] Eventos iniciados: 0
[2025-02-24 10:46:11] [info] Evento ID: 1, Nombre: Navidad, Jugadores terminados: 10/10
[2025-02-24 10:46:41] [info] Iniciando actualización de estados de eventos. Fecha actual: 2025-02-24 10:46:41
[2025-02-24 10:46:41] [info] Eventos retrocedidos a Pendiente: 0
[2025-02-24 10:46:41] [info] Eventos retrocedidos desde Finalizado: 0
[2025-02-24 10:46:41] [info] Eventos finalizados actualizados: 0
[2025-02-24 10:46:41] [info] Jugadores actualizados a terminado: 0
[2025-02-24 10:46:41] [info] Eventos iniciados: 0
[2025-02-24 10:46:41] [info] Evento ID: 1, Nombre: Navidad, Jugadores terminados: 10/10
[2025-02-24 10:47:11] [info] Iniciando actualización de estados de eventos. Fecha actual: 2025-02-24 10:47:11
[2025-02-24 10:47:11] [info] Eventos retrocedidos a Pendiente: 0
[2025-02-24 10:47:11] [info] Eventos retrocedidos desde Finalizado: 0
[2025-02-24 10:47:11] [info] Eventos finalizados actualizados: 0
[2025-02-24 10:47:11] [info] Jugadores actualizados a terminado: 0
[2025-02-24 10:47:11] [info] Eventos iniciados: 0
[2025-02-24 10:47:11] [info] Evento ID: 1, Nombre: Navidad, Jugadores terminados: 10/10
[2025-02-24 10:47:41] [info] Iniciando actualización de estados de eventos. Fecha actual: 2025-02-24 10:47:41
[2025-02-24 10:47:41] [info] Eventos retrocedidos a Pendiente: 0
[2025-02-24 10:47:41] [info] Eventos retrocedidos desde Finalizado: 0
[2025-02-24 10:47:41] [info] Eventos finalizados actualizados: 0
[2025-02-24 10:47:41] [info] Jugadores actualizados a terminado: 0
[2025-02-24 10:47:41] [info] Eventos iniciados: 0
[2025-02-24 10:47:41] [info] Evento ID: 1, Nombre: Navidad, Jugadores terminados: 10/10
[2025-02-24 10:48:11] [info] Iniciando actualización de estados de eventos. Fecha actual: 2025-02-24 10:48:11
[2025-02-24 10:48:11] [info] Eventos retrocedidos a Pendiente: 0
[2025-02-24 10:48:11] [info] Eventos retrocedidos desde Finalizado: 0
[2025-02-24 10:48:11] [info] Eventos finalizados actualizados: 0
[2025-02-24 10:48:11] [info] Jugadores actualizados a terminado: 0
[2025-02-24 10:48:11] [info] Eventos iniciados: 0
[2025-02-24 10:48:11] [info] Evento ID: 1, Nombre: Navidad, Jugadores terminados: 10/10
[2025-02-24 10:48:41] [info] Iniciando actualización de estados de eventos. Fecha actual: 2025-02-24 10:48:41
[2025-02-24 10:48:41] [info] Eventos retrocedidos a Pendiente: 0
[2025-02-24 10:48:41] [info] Eventos retrocedidos desde Finalizado: 0
[2025-02-24 10:48:41] [info] Eventos finalizados actualizados: 0
[2025-02-24 10:48:41] [info] Jugadores actualizados a terminado: 0
[2025-02-24 10:48:41] [info] Eventos iniciados: 0
[2025-02-24 10:48:41] [info] Evento ID: 1, Nombre: Navidad, Jugadores terminados: 10/10
[2025-02-24 10:49:11] [info] Iniciando actualización de estados de eventos. Fecha actual: 2025-02-24 10:49:11
[2025-02-24 10:49:11] [info] Eventos retrocedidos a Pendiente: 0
[2025-02-24 10:49:11] [info] Eventos retrocedidos desde Finalizado: 0
[2025-02-24 10:49:11] [info] Eventos finalizados actualizados: 0
[2025-02-24 10:49:11] [info] Jugadores actualizados a terminado: 0
[2025-02-24 10:49:11] [info] Eventos iniciados: 0
[2025-02-24 10:49:11] [info] Evento ID: 1, Nombre: Navidad, Jugadores terminados: 10/10
[2025-02-24 10:49:41] [info] Iniciando actualización de estados de eventos. Fecha actual: 2025-02-24 10:49:41
[2025-02-24 10:49:41] [info] Eventos retrocedidos a Pendiente: 0
[2025-02-24 10:49:41] [info] Eventos retrocedidos desde Finalizado: 0
[2025-02-24 10:49:41] [info] Eventos finalizados actualizados: 0
[2025-02-24 10:49:41] [info] Jugadores actualizados a terminado: 0
[2025-02-24 10:49:41] [info] Eventos iniciados: 0
[2025-02-24 10:49:41] [info] Evento ID: 1, Nombre: Navidad, Jugadores terminados: 10/10
[2025-02-24 10:50:11] [info] Iniciando actualización de estados de eventos. Fecha actual: 2025-02-24 10:50:11
[2025-02-24 10:50:11] [info] Eventos retrocedidos a Pendiente: 0
[2025-02-24 10:50:11] [info] Eventos retrocedidos desde Finalizado: 0
[2025-02-24 10:50:11] [info] Eventos finalizados actualizados: 0
[2025-02-24 10:50:11] [info] Jugadores actualizados a terminado: 0
[2025-02-24 10:50:11] [info] Eventos iniciados: 0
[2025-02-24 10:50:11] [info] Evento ID: 1, Nombre: Navidad, Jugadores terminados: 10/10
[2025-02-24 10:50:41] [info] Iniciando actualización de estados de eventos. Fecha actual: 2025-02-24 10:50:41
[2025-02-24 10:50:41] [info] Eventos retrocedidos a Pendiente: 0
[2025-02-24 10:50:41] [info] Eventos retrocedidos desde Finalizado: 0
[2025-02-24 10:50:41] [info] Eventos finalizados actualizados: 0
[2025-02-24 10:50:41] [info] Jugadores actualizados a terminado: 0
[2025-02-24 10:50:41] [info] Eventos iniciados: 0
[2025-02-24 10:50:41] [info] Evento ID: 1, Nombre: Navidad, Jugadores terminados: 10/10
[2025-02-24 10:51:11] [info] Iniciando actualización de estados de eventos. Fecha actual: 2025-02-24 10:51:11
[2025-02-24 10:51:11] [info] Eventos retrocedidos a Pendiente: 0
[2025-02-24 10:51:11] [info] Eventos retrocedidos desde Finalizado: 0
[2025-02-24 10:51:11] [info] Eventos finalizados actualizados: 0
[2025-02-24 10:51:11] [info] Jugadores actualizados a terminado: 0
[2025-02-24 10:51:11] [info] Eventos iniciados: 0
[2025-02-24 10:51:11] [info] Evento ID: 1, Nombre: Navidad, Jugadores terminados: 10/10
[2025-02-24 10:51:41] [info] Iniciando actualización de estados de eventos. Fecha actual: 2025-02-24 10:51:41
[2025-02-24 10:51:41] [info] Eventos retrocedidos a Pendiente: 0
[2025-02-24 10:51:41] [info] Eventos retrocedidos desde Finalizado: 0
[2025-02-24 10:51:41] [info] Eventos finalizados actualizados: 0
[2025-02-24 10:51:41] [info] Jugadores actualizados a terminado: 0
[2025-02-24 10:51:41] [info] Eventos iniciados: 0
[2025-02-24 10:51:41] [info] Evento ID: 1, Nombre: Navidad, Jugadores terminados: 10/10
[2025-02-24 10:52:11] [info] Iniciando actualización de estados de eventos. Fecha actual: 2025-02-24 10:52:11
[2025-02-24 10:52:11] [info] Eventos retrocedidos a Pendiente: 0
[2025-02-24 10:52:11] [info] Eventos retrocedidos desde Finalizado: 0
[2025-02-24 10:52:11] [info] Eventos finalizados actualizados: 0
[2025-02-24 10:52:11] [info] Jugadores actualizados a terminado: 0
[2025-02-24 10:52:11] [info] Eventos iniciados: 0
[2025-02-24 10:52:11] [info] Evento ID: 1, Nombre: Navidad, Jugadores terminados: 10/10
[2025-02-24 10:52:41] [info] Iniciando actualización de estados de eventos. Fecha actual: 2025-02-24 10:52:41
[2025-02-24 10:52:41] [info] Eventos retrocedidos a Pendiente: 0
[2025-02-24 10:52:41] [info] Eventos retrocedidos desde Finalizado: 0
[2025-02-24 10:52:41] [info] Eventos finalizados actualizados: 0
[2025-02-24 10:52:41] [info] Jugadores actualizados a terminado: 0
[2025-02-24 10:52:41] [info] Eventos iniciados: 0
[2025-02-24 10:52:41] [info] Evento ID: 1, Nombre: Navidad, Jugadores terminados: 10/10
[2025-02-24 10:53:11] [info] Iniciando actualización de estados de eventos. Fecha actual: 2025-02-24 10:53:11
[2025-02-24 10:53:11] [info] Eventos retrocedidos a Pendiente: 0
[2025-02-24 10:53:11] [info] Eventos retrocedidos desde Finalizado: 0
[2025-02-24 10:53:11] [info] Eventos finalizados actualizados: 0
[2025-02-24 10:53:11] [info] Jugadores actualizados a terminado: 0
[2025-02-24 10:53:11] [info] Eventos iniciados: 0
[2025-02-24 10:53:11] [info] Evento ID: 1, Nombre: Navidad, Jugadores terminados: 10/10
[2025-02-24 10:53:41] [info] Iniciando actualización de estados de eventos. Fecha actual: 2025-02-24 10:53:41
[2025-02-24 10:53:41] [info] Eventos retrocedidos a Pendiente: 0
[2025-02-24 10:53:41] [info] Eventos retrocedidos desde Finalizado: 0
[2025-02-24 10:53:41] [info] Eventos finalizados actualizados: 0
[2025-02-24 10:53:41] [info] Jugadores actualizados a terminado: 0
[2025-02-24 10:53:41] [info] Eventos iniciados: 0
[2025-02-24 10:53:41] [info] Evento ID: 1, Nombre: Navidad, Jugadores terminados: 10/10
[2025-02-24 10:54:11] [info] Iniciando actualización de estados de eventos. Fecha actual: 2025-02-24 10:54:11
[2025-02-24 10:54:11] [info] Eventos retrocedidos a Pendiente: 0
[2025-02-24 10:54:11] [info] Eventos retrocedidos desde Finalizado: 0
[2025-02-24 10:54:11] [info] Eventos finalizados actualizados: 0
[2025-02-24 10:54:11] [info] Jugadores actualizados a terminado: 0
[2025-02-24 10:54:11] [info] Eventos iniciados: 0
[2025-02-24 10:54:11] [info] Evento ID: 1, Nombre: Navidad, Jugadores terminados: 10/10
[2025-02-24 10:54:41] [info] Iniciando actualización de estados de eventos. Fecha actual: 2025-02-24 10:54:41
[2025-02-24 10:54:41] [info] Eventos retrocedidos a Pendiente: 0
[2025-02-24 10:54:41] [info] Eventos retrocedidos desde Finalizado: 0
[2025-02-24 10:54:41] [info] Eventos finalizados actualizados: 0
[2025-02-24 10:54:41] [info] Jugadores actualizados a terminado: 0
[2025-02-24 10:54:41] [info] Eventos iniciados: 0
[2025-02-24 10:54:41] [info] Evento ID: 1, Nombre: Navidad, Jugadores terminados: 10/10
[2025-02-24 10:55:11] [info] Iniciando actualización de estados de eventos. Fecha actual: 2025-02-24 10:55:11
[2025-02-24 10:55:11] [info] Eventos retrocedidos a Pendiente: 0
[2025-02-24 10:55:11] [info] Eventos retrocedidos desde Finalizado: 0
[2025-02-24 10:55:11] [info] Eventos finalizados actualizados: 0
[2025-02-24 10:55:11] [info] Jugadores actualizados a terminado: 0
[2025-02-24 10:55:11] [info] Eventos iniciados: 0
[2025-02-24 10:55:11] [info] Evento ID: 1, Nombre: Navidad, Jugadores terminados: 10/10
[2025-02-24 10:55:41] [info] Iniciando actualización de estados de eventos. Fecha actual: 2025-02-24 10:55:41
[2025-02-24 10:55:41] [info] Eventos retrocedidos a Pendiente: 0
[2025-02-24 10:55:41] [info] Eventos retrocedidos desde Finalizado: 0
[2025-02-24 10:55:41] [info] Eventos finalizados actualizados: 0
[2025-02-24 10:55:41] [info] Jugadores actualizados a terminado: 0
[2025-02-24 10:55:41] [info] Eventos iniciados: 0
[2025-02-24 10:55:41] [info] Evento ID: 1, Nombre: Navidad, Jugadores terminados: 10/10
[2025-02-24 10:56:11] [info] Iniciando actualización de estados de eventos. Fecha actual: 2025-02-24 10:56:11
[2025-02-24 10:56:11] [info] Eventos retrocedidos a Pendiente: 0
[2025-02-24 10:56:11] [info] Eventos retrocedidos desde Finalizado: 0
[2025-02-24 10:56:11] [info] Eventos finalizados actualizados: 0
[2025-02-24 10:56:11] [info] Jugadores actualizados a terminado: 0
[2025-02-24 10:56:11] [info] Eventos iniciados: 0
[2025-02-24 10:56:11] [info] Evento ID: 1, Nombre: Navidad, Jugadores terminados: 10/10
[2025-02-24 10:56:41] [info] Iniciando actualización de estados de eventos. Fecha actual: 2025-02-24 10:56:41
[2025-02-24 10:56:41] [info] Eventos retrocedidos a Pendiente: 0
[2025-02-24 10:56:41] [info] Eventos retrocedidos desde Finalizado: 0
[2025-02-24 10:56:41] [info] Eventos finalizados actualizados: 0
[2025-02-24 10:56:41] [info] Jugadores actualizados a terminado: 0
[2025-02-24 10:56:41] [info] Eventos iniciados: 0
[2025-02-24 10:56:41] [info] Evento ID: 1, Nombre: Navidad, Jugadores terminados: 10/10
[2025-02-24 10:57:11] [info] Iniciando actualización de estados de eventos. Fecha actual: 2025-02-24 10:57:11
[2025-02-24 10:57:11] [info] Eventos retrocedidos a Pendiente: 0
[2025-02-24 10:57:11] [info] Eventos retrocedidos desde Finalizado: 0
[2025-02-24 10:57:11] [info] Eventos finalizados actualizados: 0
[2025-02-24 10:57:11] [info] Jugadores actualizados a terminado: 0
[2025-02-24 10:57:11] [info] Eventos iniciados: 0
[2025-02-24 10:57:11] [info] Evento ID: 1, Nombre: Navidad, Jugadores terminados: 10/10
[2025-02-24 10:57:41] [info] Iniciando actualización de estados de eventos. Fecha actual: 2025-02-24 10:57:41
[2025-02-24 10:57:41] [info] Eventos retrocedidos a Pendiente: 0
[2025-02-24 10:57:41] [info] Eventos retrocedidos desde Finalizado: 0
[2025-02-24 10:57:41] [info] Eventos finalizados actualizados: 0
[2025-02-24 10:57:41] [info] Jugadores actualizados a terminado: 0
[2025-02-24 10:57:41] [info] Eventos iniciados: 0
[2025-02-24 10:57:41] [info] Evento ID: 1, Nombre: Navidad, Jugadores terminados: 10/10
[2025-02-24 10:58:11] [info] Iniciando actualización de estados de eventos. Fecha actual: 2025-02-24 10:58:11
[2025-02-24 10:58:11] [info] Eventos retrocedidos a Pendiente: 0
[2025-02-24 10:58:11] [info] Eventos retrocedidos desde Finalizado: 0
[2025-02-24 10:58:11] [info] Eventos finalizados actualizados: 0
[2025-02-24 10:58:11] [info] Jugadores actualizados a terminado: 0
[2025-02-24 10:58:11] [info] Eventos iniciados: 0
[2025-02-24 10:58:11] [info] Evento ID: 1, Nombre: Navidad, Jugadores terminados: 10/10
[2025-02-24 10:58:41] [info] Iniciando actualización de estados de eventos. Fecha actual: 2025-02-24 10:58:41
[2025-02-24 10:58:41] [info] Eventos retrocedidos a Pendiente: 0
[2025-02-24 10:58:41] [info] Eventos retrocedidos desde Finalizado: 0
[2025-02-24 10:58:41] [info] Eventos finalizados actualizados: 0
[2025-02-24 10:58:41] [info] Jugadores actualizados a terminado: 0
[2025-02-24 10:58:41] [info] Eventos iniciados: 0
[2025-02-24 10:58:41] [info] Evento ID: 1, Nombre: Navidad, Jugadores terminados: 10/10
[2025-02-24 10:59:11] [info] Iniciando actualización de estados de eventos. Fecha actual: 2025-02-24 10:59:11
[2025-02-24 10:59:11] [info] Eventos retrocedidos a Pendiente: 0
[2025-02-24 10:59:11] [info] Eventos retrocedidos desde Finalizado: 0
[2025-02-24 10:59:11] [info] Eventos finalizados actualizados: 0
[2025-02-24 10:59:11] [info] Jugadores actualizados a terminado: 0
[2025-02-24 10:59:11] [info] Eventos iniciados: 0
[2025-02-24 10:59:11] [info] Evento ID: 1, Nombre: Navidad, Jugadores terminados: 10/10
[2025-02-24 10:59:41] [info] Iniciando actualización de estados de eventos. Fecha actual: 2025-02-24 10:59:41
[2025-02-24 10:59:41] [info] Eventos retrocedidos a Pendiente: 0
[2025-02-24 10:59:41] [info] Eventos retrocedidos desde Finalizado: 0
[2025-02-24 10:59:41] [info] Eventos finalizados actualizados: 0
[2025-02-24 10:59:41] [info] Jugadores actualizados a terminado: 0
[2025-02-24 10:59:41] [info] Eventos iniciados: 0
[2025-02-24 10:59:41] [info] Evento ID: 1, Nombre: Navidad, Jugadores terminados: 10/10
[2025-02-24 11:00:11] [info] Iniciando actualización de estados de eventos. Fecha actual: 2025-02-24 11:00:11
[2025-02-24 11:00:11] [info] Eventos retrocedidos a Pendiente: 0
[2025-02-24 11:00:11] [info] Eventos retrocedidos desde Finalizado: 0
[2025-02-24 11:00:11] [info] Eventos finalizados actualizados: 0
[2025-02-24 11:00:11] [info] Jugadores actualizados a terminado: 0
[2025-02-24 11:00:11] [info] Eventos iniciados: 0
[2025-02-24 11:00:11] [info] Evento ID: 1, Nombre: Navidad, Jugadores terminados: 10/10
[2025-02-24 11:00:41] [info] Iniciando actualización de estados de eventos. Fecha actual: 2025-02-24 11:00:41
[2025-02-24 11:00:41] [info] Eventos retrocedidos a Pendiente: 0
[2025-02-24 11:00:41] [info] Eventos retrocedidos desde Finalizado: 0
[2025-02-24 11:00:41] [info] Eventos finalizados actualizados: 0
[2025-02-24 11:00:41] [info] Jugadores actualizados a terminado: 0
[2025-02-24 11:00:41] [info] Eventos iniciados: 0
[2025-02-24 11:00:41] [info] Evento ID: 1, Nombre: Navidad, Jugadores terminados: 10/10
[2025-02-24 11:01:11] [info] Iniciando actualización de estados de eventos. Fecha actual: 2025-02-24 11:01:11
[2025-02-24 11:01:11] [info] Eventos retrocedidos a Pendiente: 0
[2025-02-24 11:01:11] [info] Eventos retrocedidos desde Finalizado: 0
[2025-02-24 11:01:11] [info] Eventos finalizados actualizados: 0
[2025-02-24 11:01:11] [info] Jugadores actualizados a terminado: 0
[2025-02-24 11:01:11] [info] Eventos iniciados: 0
[2025-02-24 11:01:11] [info] Evento ID: 1, Nombre: Navidad, Jugadores terminados: 10/10
[2025-02-24 11:01:41] [info] Iniciando actualización de estados de eventos. Fecha actual: 2025-02-24 11:01:41
[2025-02-24 11:01:41] [info] Eventos retrocedidos a Pendiente: 0
[2025-02-24 11:01:41] [info] Eventos retrocedidos desde Finalizado: 0
[2025-02-24 11:01:41] [info] Eventos finalizados actualizados: 0
[2025-02-24 11:01:41] [info] Jugadores actualizados a terminado: 0
[2025-02-24 11:01:41] [info] Eventos iniciados: 0
[2025-02-24 11:01:41] [info] Evento ID: 1, Nombre: Navidad, Jugadores terminados: 10/10
[2025-02-24 11:02:11] [info] Iniciando actualización de estados de eventos. Fecha actual: 2025-02-24 11:02:11
[2025-02-24 11:02:11] [info] Eventos retrocedidos a Pendiente: 0
[2025-02-24 11:02:11] [info] Eventos retrocedidos desde Finalizado: 0
[2025-02-24 11:02:11] [info] Eventos finalizados actualizados: 0
[2025-02-24 11:02:11] [info] Jugadores actualizados a terminado: 0
[2025-02-24 11:02:11] [info] Eventos iniciados: 0
[2025-02-24 11:02:11] [info] Evento ID: 1, Nombre: Navidad, Jugadores terminados: 10/10
[2025-02-24 11:02:41] [info] Iniciando actualización de estados de eventos. Fecha actual: 2025-02-24 11:02:41
[2025-02-24 11:02:41] [info] Eventos retrocedidos a Pendiente: 0
[2025-02-24 11:02:41] [info] Eventos retrocedidos desde Finalizado: 0
[2025-02-24 11:02:41] [info] Eventos finalizados actualizados: 0
[2025-02-24 11:02:41] [info] Jugadores actualizados a terminado: 0
[2025-02-24 11:02:41] [info] Eventos iniciados: 0
[2025-02-24 11:02:41] [info] Evento ID: 1, Nombre: Navidad, Jugadores terminados: 10/10
[2025-02-24 11:03:11] [info] Iniciando actualización de estados de eventos. Fecha actual: 2025-02-24 11:03:11
[2025-02-24 11:03:11] [info] Eventos retrocedidos a Pendiente: 0
[2025-02-24 11:03:11] [info] Eventos retrocedidos desde Finalizado: 0
[2025-02-24 11:03:11] [info] Eventos finalizados actualizados: 0
[2025-02-24 11:03:11] [info] Jugadores actualizados a terminado: 0
[2025-02-24 11:03:11] [info] Eventos iniciados: 0
[2025-02-24 11:03:11] [info] Evento ID: 1, Nombre: Navidad, Jugadores terminados: 10/10
[2025-02-24 11:03:41] [info] Iniciando actualización de estados de eventos. Fecha actual: 2025-02-24 11:03:41
[2025-02-24 11:03:41] [info] Eventos retrocedidos a Pendiente: 0
[2025-02-24 11:03:41] [info] Eventos retrocedidos desde Finalizado: 0
[2025-02-24 11:03:41] [info] Eventos finalizados actualizados: 0
[2025-02-24 11:03:41] [info] Jugadores actualizados a terminado: 0
[2025-02-24 11:03:41] [info] Eventos iniciados: 0
[2025-02-24 11:03:41] [info] Evento ID: 1, Nombre: Navidad, Jugadores terminados: 10/10
[2025-02-24 11:04:11] [info] Iniciando actualización de estados de eventos. Fecha actual: 2025-02-24 11:04:11
[2025-02-24 11:04:11] [info] Eventos retrocedidos a Pendiente: 0
[2025-02-24 11:04:11] [info] Eventos retrocedidos desde Finalizado: 0
[2025-02-24 11:04:11] [info] Eventos finalizados actualizados: 0
[2025-02-24 11:04:11] [info] Jugadores actualizados a terminado: 0
[2025-02-24 11:04:11] [info] Eventos iniciados: 0
[2025-02-24 11:04:11] [info] Evento ID: 1, Nombre: Navidad, Jugadores terminados: 10/10
[2025-02-24 11:04:41] [info] Iniciando actualización de estados de eventos. Fecha actual: 2025-02-24 11:04:41
[2025-02-24 11:04:41] [info] Eventos retrocedidos a Pendiente: 0
[2025-02-24 11:04:41] [info] Eventos retrocedidos desde Finalizado: 0
[2025-02-24 11:04:41] [info] Eventos finalizados actualizados: 0
[2025-02-24 11:04:41] [info] Jugadores actualizados a terminado: 0
[2025-02-24 11:04:41] [info] Eventos iniciados: 0
[2025-02-24 11:04:41] [info] Evento ID: 1, Nombre: Navidad, Jugadores terminados: 10/10
[2025-02-24 11:05:11] [info] Iniciando actualización de estados de eventos. Fecha actual: 2025-02-24 11:05:11
[2025-02-24 11:05:11] [info] Eventos retrocedidos a Pendiente: 0
[2025-02-24 11:05:11] [info] Eventos retrocedidos desde Finalizado: 0
[2025-02-24 11:05:11] [info] Eventos finalizados actualizados: 0
[2025-02-24 11:05:11] [info] Jugadores actualizados a terminado: 0
[2025-02-24 11:05:11] [info] Eventos iniciados: 0
[2025-02-24 11:05:11] [info] Evento ID: 1, Nombre: Navidad, Jugadores terminados: 10/10
[2025-02-24 11:05:41] [info] Iniciando actualización de estados de eventos. Fecha actual: 2025-02-24 11:05:41
[2025-02-24 11:05:41] [info] Eventos retrocedidos a Pendiente: 0
[2025-02-24 11:05:41] [info] Eventos retrocedidos desde Finalizado: 0
[2025-02-24 11:05:41] [info] Eventos finalizados actualizados: 0
[2025-02-24 11:05:41] [info] Jugadores actualizados a terminado: 0
[2025-02-24 11:05:41] [info] Eventos iniciados: 0
[2025-02-24 11:05:41] [info] Evento ID: 1, Nombre: Navidad, Jugadores terminados: 10/10
[2025-02-24 11:06:11] [info] Iniciando actualización de estados de eventos. Fecha actual: 2025-02-24 11:06:11
[2025-02-24 11:06:11] [info] Eventos retrocedidos a Pendiente: 0
[2025-02-24 11:06:11] [info] Eventos retrocedidos desde Finalizado: 0
[2025-02-24 11:06:11] [info] Eventos finalizados actualizados: 0
[2025-02-24 11:06:11] [info] Jugadores actualizados a terminado: 0
[2025-02-24 11:06:11] [info] Eventos iniciados: 0
[2025-02-24 11:06:11] [info] Evento ID: 1, Nombre: Navidad, Jugadores terminados: 10/10
[2025-02-24 11:06:41] [info] Iniciando actualización de estados de eventos. Fecha actual: 2025-02-24 11:06:41
[2025-02-24 11:06:41] [info] Eventos retrocedidos a Pendiente: 0
[2025-02-24 11:06:41] [info] Eventos retrocedidos desde Finalizado: 0
[2025-02-24 11:06:41] [info] Eventos finalizados actualizados: 0
[2025-02-24 11:06:41] [info] Jugadores actualizados a terminado: 0
[2025-02-24 11:06:41] [info] Eventos iniciados: 0
[2025-02-24 11:06:41] [info] Evento ID: 1, Nombre: Navidad, Jugadores terminados: 10/10
[2025-02-24 11:07:11] [info] Iniciando actualización de estados de eventos. Fecha actual: 2025-02-24 11:07:11
[2025-02-24 11:07:11] [info] Eventos retrocedidos a Pendiente: 0
[2025-02-24 11:07:11] [info] Eventos retrocedidos desde Finalizado: 0
[2025-02-24 11:07:11] [info] Eventos finalizados actualizados: 0
[2025-02-24 11:07:11] [info] Jugadores actualizados a terminado: 0
[2025-02-24 11:07:11] [info] Eventos iniciados: 0
[2025-02-24 11:07:11] [info] Evento ID: 1, Nombre: Navidad, Jugadores terminados: 10/10
